#
# A fatal error has been detected by the Java Runtime Environment:
#
#  SIGSEGV (0xb) at pc=0x00007ff8967799a8, pid=7844, tid=0x00007ff820f55700
#
# JRE version: Java(TM) SE Runtime Environment (8.0_171-b11) (build 1.8.0_171-b11)
# Java VM: Java HotSpot(TM) 64-Bit Server VM (25.171-b11 mixed mode linux-amd64 compressed oops)
# Problematic frame:
# V  [libjvm.so+0x6d79a8]  jni_invoke_nonstatic(JNIEnv_*, JavaValue*, _jobject*, JNICallType, _jmethodID*, JNI_ArgumentPusher*, Thread*)+0x38
#
# Failed to write core dump. Core dumps have been disabled. To enable core dumping, try "ulimit -c unlimited" before starting Java again
#
# If you would like to submit a bug report, please visit:
#   http://bugreport.java.com/bugreport/crash.jsp
#

---------------  T H R E A D  ---------------

Current thread (0x00007ff8903ef800):  JavaThread "JavaFX Application Thread" [_thread_in_vm, id=7869, stack(0x00007ff820e55000,0x00007ff820f56000)]

siginfo: si_signo: 11 (SIGSEGV), si_code: 128 (SI_KERNEL), si_addr: 0x0000000000000000

Registers:
RAX=0x00007ff820f54460, RBX=0x00007ff820f54370, RCX=0x0000000000000001, RDX=0x666176616a4c2928
RSP=0x00007ff820f541c0, RBP=0x00007ff820f54340, RSI=0x00007ff820f543d0, RDI=0x00007ff8903ef9f8
R8 =0x00007ff890354e88, R9 =0x00007ff820f54370, R10=0x00007ff814000d60, R11=0x00007ff8813b7c20
R12=0x00007ff8903ef800, R13=0x00007ff890354e88, R14=0x0000000000000001, R15=0x00007ff8903ef9f8
RIP=0x00007ff8967799a8, EFLAGS=0x0000000000010206, CSGSFS=0x002b000000000033, ERR=0x0000000000000000
  TRAPNO=0x000000000000000d

Top of Stack: (sp=0x00007ff820f541c0)
0x00007ff820f541c0:   00007ff820f548c0 00007ff820f544e0
0x00007ff820f541d0:   00007ff820f54220 00007ff820f542a0
0x00007ff820f541e0:   00007ff820f54370 00007ff820f543d0
0x00007ff820f541f0:   00007ff8903ef9f8 00007ff8967994b0
0x00007ff820f54200:   00007ff84808da70 00007ff84808da80
0x00007ff820f54210:   00007ff84808de58 00000000000003d8
0x00007ff820f54220:   0000000000000000 00000000d9d80b48
0x00007ff820f54230:   00007ff80000006f 00007ff80000000a
0x00007ff820f54240:   00000000d7f725d8 0000000000000000
0x00007ff820f54250:   0000000000000000 0000000000000000
0x00007ff820f54260:   00007ff85bce7c30 0000000100000100
0x00007ff820f54270:   0000000000000000 00007ff820f54228
0x00007ff820f54280:   00007ff820f54269 0000000800000005
0x00007ff820f54290:   00007ff820f54200 00007ff8903f0260
0x00007ff820f542a0:   00007ff89700d7b0 00007ff897b5a7a0
0x00007ff820f542b0:   00000000903f01e0 00007ff8903ef800
0x00007ff820f542c0:   0000000000000000 00007ff896779d7b
0x00007ff820f542d0:   00007ff85bcf1d78 00007ff8903ef800
0x00007ff820f542e0:   00007ff85bcf1d78 00007ff8903ef800
0x00007ff820f542f0:   00007ff820f54480 00007ff85bcf1d78
0x00007ff820f54300:   00007ff85bcf1d78 00007ff85bcf1d78
0x00007ff820f54310:   00007ff84808da70 00007ff820f54370
0x00007ff820f54320:   00007ff8903ef800 00007ff820f543b0
0x00007ff820f54330:   00007ff890354e88 00007ff8903ef9f8
0x00007ff820f54340:   00007ff820f54430 00007ff89677e14f
0x00007ff820f54350:   00007ff8903ef800 00007ff8583a1614
0x00007ff820f54360:   00007ff820f54448 666176616a4c2928
0x00007ff820f54370:   00007ff89700e430 00007ff897b5a7a0
0x00007ff820f54380:   0000000000000000 00007ff800000063
0x00007ff820f54390:   0000000000000000 0000003000000018
0x00007ff820f543a0:   00007ff820f54520 00007ff820f54460
0x00007ff820f543b0:   00007ff8903ef800 0000000000000000 

Instructions: (pc=0x00007ff8967799a8)
0x00007ff896779988:   00 00 48 85 d2 48 89 bd b0 fe ff ff 48 89 b5 a8
0x00007ff896779998:   fe ff ff 4c 89 8d a0 fe ff ff 0f 84 78 09 00 00
0x00007ff8967799a8:   4c 8b 22 4d 85 e4 0f 84 6c 09 00 00 48 8b 45 10
0x00007ff8967799b8:   48 8b 98 38 01 00 00 48 83 7b 18 f7 0f 87 16 07 

Register to memory mapping:

RAX=0x00007ff820f54460 is pointing into the stack for thread: 0x00007ff8903ef800
RBX=0x00007ff820f54370 is pointing into the stack for thread: 0x00007ff8903ef800
RCX=0x0000000000000001 is an unknown value
RDX=0x666176616a4c2928 is an unknown value
RSP=0x00007ff820f541c0 is pointing into the stack for thread: 0x00007ff8903ef800
RBP=0x00007ff820f54340 is pointing into the stack for thread: 0x00007ff8903ef800
RSI=0x00007ff820f543d0 is pointing into the stack for thread: 0x00007ff8903ef800
RDI=0x00007ff8903ef9f8 is an unknown value
R8 =0x00007ff890354e88 is an unknown value
R9 =0x00007ff820f54370 is pointing into the stack for thread: 0x00007ff8903ef800
R10=0x00007ff814000d60 is an unknown value
R11=0x00007ff8813b7c20 is at entry_point+32 in (nmethod*)0x00007ff8813b7a90
R12=0x00007ff8903ef800 is a thread
R13=0x00007ff890354e88 is an unknown value
R14=0x0000000000000001 is an unknown value
R15=0x00007ff8903ef9f8 is an unknown value


Stack: [0x00007ff820e55000,0x00007ff820f56000],  sp=0x00007ff820f541c0,  free space=1020k
Native frames: (J=compiled Java code, j=interpreted, Vv=VM code, C=native code)
V  [libjvm.so+0x6d79a8]  jni_invoke_nonstatic(JNIEnv_*, JavaValue*, _jobject*, JNICallType, _jmethodID*, JNI_ArgumentPusher*, Thread*)+0x38
V  [libjvm.so+0x6dc14f]  jni_CallVoidMethodV+0x10f
C  [libglass.so+0x18641]  JNIEnv_::CallVoidMethod(_jobject*, _jmethodID*, ...)+0x81
C  [libglass.so+0x14f0f]  WindowContextBase::process_key(_GdkEventKey*)+0x20f
C  [libglass.so+0x19f60]  WindowContextBase::im_filter_keypress(_GdkEventKey*)+0x1c0
C  [libglass.so+0x1a91c]  process_events(_GdkEvent*, void*)+0x22c
C  [libgdk-x11-2.0.so.0+0x5b02c]

Java frames: (J=compiled Java code, j=interpreted, Vv=VM code)
j  com.sun.glass.ui.gtk.GtkApplication._runLoop(Ljava/lang/Runnable;Z)V+0
j  com.sun.glass.ui.gtk.GtkApplication.lambda$null$48(Ljava/lang/Runnable;Z)V+7
j  com.sun.glass.ui.gtk.GtkApplication$$Lambda$41.run()V+12
j  java.lang.Thread.run()V+11
v  ~StubRoutines::call_stub

---------------  P R O C E S S  ---------------

Java Threads: ( => current thread )
  0x00007ff8142b2800 JavaThread "Prism Font Disposer" daemon [_thread_blocked, id=7871, stack(0x00007ff820139000,0x00007ff82023a000)]
  0x00007ff8903f3000 JavaThread "JavaFX-Launcher" [_thread_blocked, id=7870, stack(0x00007ff820d54000,0x00007ff820e55000)]
=>0x00007ff8903ef800 JavaThread "JavaFX Application Thread" [_thread_in_vm, id=7869, stack(0x00007ff820e55000,0x00007ff820f56000)]
  0x00007ff8903ec800 JavaThread "Thread-1" daemon [_thread_blocked, id=7868, stack(0x00007ff820f56000,0x00007ff821057000)]
  0x00007ff89033d800 JavaThread "QuantumRenderer-0" daemon [_thread_blocked, id=7867, stack(0x00007ff858e11000,0x00007ff858f12000)]
  0x00007ff890213000 JavaThread "Service Thread" daemon [_thread_blocked, id=7865, stack(0x00007ff859013000,0x00007ff859114000)]
  0x00007ff890210000 JavaThread "C1 CompilerThread3" daemon [_thread_blocked, id=7864, stack(0x00007ff859115000,0x00007ff859215000)]
  0x00007ff89020d800 JavaThread "C2 CompilerThread2" daemon [_thread_in_native, id=7863, stack(0x00007ff859216000,0x00007ff859316000)]
  0x00007ff89020c000 JavaThread "C2 CompilerThread1" daemon [_thread_blocked, id=7862, stack(0x00007ff859317000,0x00007ff859417000)]
  0x00007ff890209000 JavaThread "C2 CompilerThread0" daemon [_thread_blocked, id=7861, stack(0x00007ff859418000,0x00007ff859518000)]
  0x00007ff890207800 JavaThread "Signal Dispatcher" daemon [_thread_blocked, id=7860, stack(0x00007ff859518000,0x00007ff859619000)]
  0x00007ff8901d4800 JavaThread "Finalizer" daemon [_thread_blocked, id=7859, stack(0x00007ff859fe8000,0x00007ff85a0e9000)]
  0x00007ff8901d0000 JavaThread "Reference Handler" daemon [_thread_blocked, id=7858, stack(0x00007ff85a0e9000,0x00007ff85a1ea000)]
  0x00007ff89000b000 JavaThread "main" [_thread_blocked, id=7846, stack(0x00007ff897bd6000,0x00007ff897cd6000)]

Other Threads:
  0x00007ff8901c8800 VMThread [stack: 0x00007ff85a1eb000,0x00007ff85a2eb000] [id=7857]
  0x00007ff890218000 WatcherThread [stack: 0x00007ff858f13000,0x00007ff859013000] [id=7866]

VM state:not at safepoint (normal execution)

VM Mutex/Monitor currently owned by a thread: None

Heap:
 PSYoungGen      total 36352K, used 9136K [0x00000000d7f00000, 0x00000000da780000, 0x0000000100000000)
  eden space 31232K, 12% used [0x00000000d7f00000,0x00000000d82f0228,0x00000000d9d80000)
  from space 5120K, 99% used [0x00000000d9d80000,0x00000000da27be60,0x00000000da280000)
  to   space 5120K, 0% used [0x00000000da280000,0x00000000da280000,0x00000000da780000)
 ParOldGen       total 83456K, used 198K [0x0000000087c00000, 0x000000008cd80000, 0x00000000d7f00000)
  object space 83456K, 0% used [0x0000000087c00000,0x0000000087c31848,0x000000008cd80000)
 Metaspace       used 15064K, capacity 15902K, committed 16128K, reserved 1062912K
  class space    used 2247K, capacity 2450K, committed 2560K, reserved 1048576K

Card table byte_map: [0x00007ff8944e0000,0x00007ff8948a3000] byte_map_base: 0x00007ff8940a2000

Marking Bits: (ParMarkBitMap*) 0x00007ff897072280
 Begin Bits: [0x00007ff8603e0000, 0x00007ff8621f0000)
 End Bits:   [0x00007ff8621f0000, 0x00007ff864000000)

Polling page: 0x00007ff897ced000

CodeCache: size=245760Kb used=4896Kb max_used=4902Kb free=240863Kb
 bounds [0x00007ff881000000, 0x00007ff8814d0000, 0x00007ff890000000]
 total_blobs=2244 nmethods=1617 adapters=540
 compilation: enabled

Compilation events (10 events):
Event: 5.319 Thread 0x00007ff890210000 1615       3       javafx.beans.property.DoubleProperty::<init> (5 bytes)
Event: 5.319 Thread 0x00007ff890210000 nmethod 1615 0x00007ff8814c8d50 code [0x00007ff8814c8ee0, 0x00007ff8814c91b0]
Event: 5.319 Thread 0x00007ff890210000 1613       1       javafx.scene.text.Text$TextAttribute::access$500 (5 bytes)
Event: 5.319 Thread 0x00007ff890210000 nmethod 1613 0x00007ff8814caf90 code [0x00007ff8814cb0e0, 0x00007ff8814cb1d0]
Event: 5.319 Thread 0x00007ff890209000 nmethod 1598 0x00007ff8814cb250 code [0x00007ff8814cb400, 0x00007ff8814cb918]
Event: 5.319 Thread 0x00007ff890210000 1616       3       javafx.scene.Node::invalidateLocalToSceneTransform (15 bytes)
Event: 5.320 Thread 0x00007ff890210000 nmethod 1616 0x00007ff8814c84d0 code [0x00007ff8814c8660, 0x00007ff8814c8b88]
Event: 5.321 Thread 0x00007ff890210000 1617       3       com.sun.javafx.iio.common.RoughScaler::putSourceScanline (261 bytes)
Event: 5.322 Thread 0x00007ff890210000 nmethod 1617 0x00007ff8814c9d10 code [0x00007ff8814c9f60, 0x00007ff8814ca998]
Event: 5.322 Thread 0x00007ff89020d800 1618 %     4       com.sun.javafx.iio.common.RoughScaler::putSourceScanline @ 116 (261 bytes)

GC Heap History (2 events):
Event: 4.677 GC heap before
{Heap before GC invocations=1 (full 0):
 PSYoungGen      total 36352K, used 31232K [0x00000000d7f00000, 0x00000000da780000, 0x0000000100000000)
  eden space 31232K, 100% used [0x00000000d7f00000,0x00000000d9d80000,0x00000000d9d80000)
  from space 5120K, 0% used [0x00000000da280000,0x00000000da280000,0x00000000da780000)
  to   space 5120K, 0% used [0x00000000d9d80000,0x00000000d9d80000,0x00000000da280000)
 ParOldGen       total 83456K, used 0K [0x0000000087c00000, 0x000000008cd80000, 0x00000000d7f00000)
  object space 83456K, 0% used [0x0000000087c00000,0x0000000087c00000,0x000000008cd80000)
 Metaspace       used 14502K, capacity 15186K, committed 15488K, reserved 1062912K
  class space    used 2145K, capacity 2314K, committed 2432K, reserved 1048576K
Event: 4.689 GC heap after
Heap after GC invocations=1 (full 0):
 PSYoungGen      total 36352K, used 5103K [0x00000000d7f00000, 0x00000000da780000, 0x0000000100000000)
  eden space 31232K, 0% used [0x00000000d7f00000,0x00000000d7f00000,0x00000000d9d80000)
  from space 5120K, 99% used [0x00000000d9d80000,0x00000000da27be60,0x00000000da280000)
  to   space 5120K, 0% used [0x00000000da280000,0x00000000da280000,0x00000000da780000)
 ParOldGen       total 83456K, used 198K [0x0000000087c00000, 0x000000008cd80000, 0x00000000d7f00000)
  object space 83456K, 0% used [0x0000000087c00000,0x0000000087c31848,0x000000008cd80000)
 Metaspace       used 14502K, capacity 15186K, committed 15488K, reserved 1062912K
  class space    used 2145K, capacity 2314K, committed 2432K, reserved 1048576K
}

Deoptimization events (10 events):
Event: 0.715 Thread 0x00007ff8903ef800 Uncommon trap: reason=class_check action=maybe_recompile pc=0x00007ff88111a9a0 method=java.lang.String.equals(Ljava/lang/Object;)Z @ 8
Event: 0.715 Thread 0x00007ff8903ef800 Uncommon trap: reason=class_check action=maybe_recompile pc=0x00007ff88111a9a0 method=java.lang.String.equals(Ljava/lang/Object;)Z @ 8
Event: 0.715 Thread 0x00007ff8903ef800 Uncommon trap: reason=class_check action=maybe_recompile pc=0x00007ff88111a9a0 method=java.lang.String.equals(Ljava/lang/Object;)Z @ 8
Event: 0.716 Thread 0x00007ff8903ef800 Uncommon trap: reason=class_check action=maybe_recompile pc=0x00007ff88111a9a0 method=java.lang.String.equals(Ljava/lang/Object;)Z @ 8
Event: 0.763 Thread 0x00007ff8903ef800 Uncommon trap: reason=unstable_if action=reinterpret pc=0x00007ff88130abcc method=java.lang.CharacterDataLatin1.toUpperCase(I)I @ 12
Event: 0.816 Thread 0x00007ff8903ef800 Uncommon trap: reason=unstable_if action=reinterpret pc=0x00007ff8812a0aa8 method=sun.net.www.ParseUtil.encodePath(Ljava/lang/String;Z)Ljava/lang/String; @ 109
Event: 0.829 Thread 0x00007ff8903ef800 Uncommon trap: reason=unstable_if action=reinterpret pc=0x00007ff881337e0c method=sun.misc.URLClassPath$JarLoader.ensureOpen()V @ 4
Event: 0.948 Thread 0x00007ff8903ef800 Uncommon trap: reason=unstable_if action=reinterpret pc=0x00007ff8812b05a4 method=jdk.internal.org.objectweb.asm.Type.getArgumentsAndReturnSizes(Ljava/lang/String;)I @ 47
Event: 2.690 Thread 0x00007ff89033d800 Uncommon trap: reason=unstable_if action=reinterpret pc=0x00007ff8813d5114 method=java.lang.StrictMath.floorOrCeil(DDDD)D @ 115
Event: 5.222 Thread 0x00007ff8903ef800 Uncommon trap: reason=unstable_if action=reinterpret pc=0x00007ff881473234 method=com.sun.javafx.image.impl.ByteBgra$ToByteBgraPreConv.doConvert([BII[BIIII)V @ 80

Classes redefined (0 events):
No events

Internal exceptions (10 events):
Event: 0.157 Thread 0x00007ff89000b000 Exception <a 'java/lang/NoSuchFieldError': method resolution failed> (0x00000000d8127e40) thrown at [/HUDSON/workspace/8-2-build-linux-amd64/jdk8u171/10807/hotspot/src/share/vm/prims/methodHandles.cpp, line 1167]
Event: 0.159 Thread 0x00007ff89000b000 Exception <a 'java/lang/NoSuchFieldError': method resolution failed> (0x00000000d81351c0) thrown at [/HUDSON/workspace/8-2-build-linux-amd64/jdk8u171/10807/hotspot/src/share/vm/prims/methodHandles.cpp, line 1167]
Event: 0.181 Thread 0x00007ff89000b000 Exception <a 'java/security/PrivilegedActionException'> (0x00000000d81be900) thrown at [/HUDSON/workspace/8-2-build-linux-amd64/jdk8u171/10807/hotspot/src/share/vm/prims/jvm.cpp, line 1435]
Event: 0.182 Thread 0x00007ff89000b000 Exception <a 'java/security/PrivilegedActionException'> (0x00000000d81beb10) thrown at [/HUDSON/workspace/8-2-build-linux-amd64/jdk8u171/10807/hotspot/src/share/vm/prims/jvm.cpp, line 1435]
Event: 0.182 Thread 0x00007ff89000b000 Exception <a 'java/security/PrivilegedActionException'> (0x00000000d81c0f78) thrown at [/HUDSON/workspace/8-2-build-linux-amd64/jdk8u171/10807/hotspot/src/share/vm/prims/jvm.cpp, line 1435]
Event: 0.182 Thread 0x00007ff89000b000 Exception <a 'java/security/PrivilegedActionException'> (0x00000000d81c1188) thrown at [/HUDSON/workspace/8-2-build-linux-amd64/jdk8u171/10807/hotspot/src/share/vm/prims/jvm.cpp, line 1435]
Event: 0.182 Thread 0x00007ff89000b000 Exception <a 'java/lang/NullPointerException'> (0x00000000d81c1760) thrown at [/HUDSON/workspace/8-2-build-linux-amd64/jdk8u171/10807/hotspot/src/share/vm/interpreter/linkResolver.cpp, line 1185]
Event: 0.489 Thread 0x00007ff8903ef800 Exception <a 'java/lang/NullPointerException'> (0x00000000d8a6bd88) thrown at [/HUDSON/workspace/8-2-build-linux-amd64/jdk8u171/10807/hotspot/src/share/vm/interpreter/linkResolver.cpp, line 1185]
Event: 0.489 Thread 0x00007ff8903ef800 Exception <a 'java/lang/NullPointerException'> (0x00000000d8a6bd88) thrown at [/HUDSON/workspace/8-2-build-linux-amd64/jdk8u171/10807/hotspot/src/share/vm/prims/jvm.cpp, line 1439]
Event: 0.829 Thread 0x00007ff8903ef800 Implicit null exception at 0x00007ff8813365d4 to 0x00007ff881337de5

Events (10 events):
Event: 5.288 loading class javafx/scene/control/MenuButton
Event: 5.288 loading class javafx/scene/control/MenuButton done
Event: 5.293 loading class javafx/collections/FXCollections$UnmodifiableObservableSet$1
Event: 5.293 loading class javafx/collections/FXCollections$UnmodifiableObservableSet$1 done
Event: 5.300 loading class javafx/scene/layout/BorderStrokeStyle
Event: 5.300 loading class javafx/scene/layout/BorderStrokeStyle done
Event: 5.301 loading class com/sun/javafx/scene/layout/region/Margins
Event: 5.301 loading class com/sun/javafx/scene/layout/region/Margins done
Event: 5.301 loading class javafx/scene/layout/BorderStroke
Event: 5.301 loading class javafx/scene/layout/BorderStroke done


Dynamic libraries:
00400000-00401000 r-xp 00000000 103:02 9307016                           /usr/lib/jvm/java-8-oracle/jre/bin/java
00600000-00601000 rw-p 00000000 103:02 9307016                           /usr/lib/jvm/java-8-oracle/jre/bin/java
02059000-0207a000 rw-p 00000000 00:00 0                                  [heap]
87c00000-8cd80000 rw-p 00000000 00:00 0 
8cd80000-d7f00000 ---p 00000000 00:00 0 
d7f00000-da780000 rw-p 00000000 00:00 0 
da780000-100000000 ---p 00000000 00:00 0 
100000000-100280000 rw-p 00000000 00:00 0 
100280000-140000000 ---p 00000000 00:00 0 
7ff80c000000-7ff80c021000 rw-p 00000000 00:00 0 
7ff80c021000-7ff810000000 ---p 00000000 00:00 0 
7ff813a5e000-7ff813a5f000 rw-s 00000000 00:19 758                        /i915 (deleted)
7ff813a5f000-7ff813a60000 rw-s 00000000 00:19 541                        /i915 (deleted)
7ff813a60000-7ff813a70000 rw-s 00000000 00:19 1881                       /i915 (deleted)
7ff813a70000-7ff813c30000 rw-s 105992000 00:06 331                       /dev/dri/card0
7ff813c30000-7ff813df0000 rw-s 00000000 00:19 1841                       /i915 (deleted)
7ff813df0000-7ff813e00000 rw-s 00000000 00:19 1845                       /i915 (deleted)
7ff813e00000-7ff813f40000 rw-p 00000000 00:00 0 
7ff813f40000-7ff814000000 ---p 00000000 00:00 0 
7ff814000000-7ff814604000 rw-p 00000000 00:00 0 
7ff814604000-7ff818000000 ---p 00000000 00:00 0 
7ff818000000-7ff818021000 rw-p 00000000 00:00 0 
7ff818021000-7ff81c000000 ---p 00000000 00:00 0 
7ff81c000000-7ff81c021000 rw-p 00000000 00:00 0 
7ff81c021000-7ff820000000 ---p 00000000 00:00 0 
7ff820000000-7ff820005000 rw-s 00000000 00:19 1880                       /i915 (deleted)
7ff820005000-7ff820009000 rw-s 00000000 00:19 1844                       /i915 (deleted)
7ff820009000-7ff820019000 rw-s 00000000 00:19 1840                       /i915 (deleted)
7ff820019000-7ff820079000 rw-s 00000000 00:05 364970024                  /SYSV00000000 (deleted)
7ff820079000-7ff82008c000 r--s 00345000 103:02 9307102                   /usr/lib/jvm/java-8-oracle/jre/lib/resources.jar
7ff82008c000-7ff820139000 r--p 00000000 103:02 10224347                  /usr/share/fonts/truetype/dejavu/DejaVuSans-Bold.ttf
7ff820139000-7ff82013c000 ---p 00000000 00:00 0 
7ff82013c000-7ff82023a000 rw-p 00000000 00:00 0 
7ff82023a000-7ff8202f3000 r--p 00000000 103:02 10224348                  /usr/share/fonts/truetype/dejavu/DejaVuSans.ttf
7ff8202f3000-7ff820348000 r--p 00000000 103:02 9307053                   /usr/lib/jvm/java-8-oracle/jre/lib/fonts/LucidaBrightRegular.ttf
7ff820348000-7ff82034c000 r-xp 00000000 103:02 9441082                   /usr/lib/jvm/java-8-oracle/jre/lib/amd64/libjavafx_font_pango.so
7ff82034c000-7ff82054b000 ---p 00004000 103:02 9441082                   /usr/lib/jvm/java-8-oracle/jre/lib/amd64/libjavafx_font_pango.so
7ff82054b000-7ff82054c000 rw-p 00003000 103:02 9441082                   /usr/lib/jvm/java-8-oracle/jre/lib/amd64/libjavafx_font_pango.so
7ff82054c000-7ff82074c000 rw-p 00000000 00:00 0 
7ff82074c000-7ff820751000 r-xp 00000000 103:02 9441085                   /usr/lib/jvm/java-8-oracle/jre/lib/amd64/libjavafx_font_freetype.so
7ff820751000-7ff820950000 ---p 00005000 103:02 9441085                   /usr/lib/jvm/java-8-oracle/jre/lib/amd64/libjavafx_font_freetype.so
7ff820950000-7ff820951000 rw-p 00004000 103:02 9441085                   /usr/lib/jvm/java-8-oracle/jre/lib/amd64/libjavafx_font_freetype.so
7ff820951000-7ff820b51000 rw-p 00000000 00:00 0 
7ff820b51000-7ff820b54000 r-xp 00000000 103:02 9441133                   /usr/lib/jvm/java-8-oracle/jre/lib/amd64/libjavafx_font.so
7ff820b54000-7ff820d53000 ---p 00003000 103:02 9441133                   /usr/lib/jvm/java-8-oracle/jre/lib/amd64/libjavafx_font.so
7ff820d53000-7ff820d54000 rw-p 00002000 103:02 9441133                   /usr/lib/jvm/java-8-oracle/jre/lib/amd64/libjavafx_font.so
7ff820d54000-7ff820d57000 ---p 00000000 00:00 0 
7ff820d57000-7ff820e55000 rw-p 00000000 00:00 0 
7ff820e55000-7ff820e58000 ---p 00000000 00:00 0 
7ff820e58000-7ff820f56000 rw-p 00000000 00:00 0 
7ff820f56000-7ff820f59000 ---p 00000000 00:00 0 
7ff820f59000-7ff821057000 rw-p 00000000 00:00 0 
7ff821057000-7ff82105e000 r-xp 00000000 103:02 9183700                   /usr/lib/x86_64-linux-gnu/libogg.so.0.8.2
7ff82105e000-7ff82125e000 ---p 00007000 103:02 9183700                   /usr/lib/x86_64-linux-gnu/libogg.so.0.8.2
7ff82125e000-7ff82125f000 r--p 00007000 103:02 9183700                   /usr/lib/x86_64-linux-gnu/libogg.so.0.8.2
7ff82125f000-7ff821260000 rw-p 00008000 103:02 9183700                   /usr/lib/x86_64-linux-gnu/libogg.so.0.8.2
7ff821260000-7ff82128a000 r-xp 00000000 103:02 9184008                   /usr/lib/x86_64-linux-gnu/libvorbis.so.0.4.8
7ff82128a000-7ff821489000 ---p 0002a000 103:02 9184008                   /usr/lib/x86_64-linux-gnu/libvorbis.so.0.4.8
7ff821489000-7ff82148a000 r--p 00029000 103:02 9184008                   /usr/lib/x86_64-linux-gnu/libvorbis.so.0.4.8
7ff82148a000-7ff82148b000 rw-p 0002a000 103:02 9184008                   /usr/lib/x86_64-linux-gnu/libvorbis.so.0.4.8
7ff82148b000-7ff821494000 r-xp 00000000 103:02 9183599                   /usr/lib/x86_64-linux-gnu/libltdl.so.7.3.1
7ff821494000-7ff821693000 ---p 00009000 103:02 9183599                   /usr/lib/x86_64-linux-gnu/libltdl.so.7.3.1
7ff821693000-7ff821694000 r--p 00008000 103:02 9183599                   /usr/lib/x86_64-linux-gnu/libltdl.so.7.3.1
7ff821694000-7ff821695000 rw-p 00009000 103:02 9183599                   /usr/lib/x86_64-linux-gnu/libltdl.so.7.3.1
7ff821695000-7ff8216aa000 r-xp 00000000 103:02 9183933                   /usr/lib/x86_64-linux-gnu/libtdb.so.1.3.15
7ff8216aa000-7ff8218a9000 ---p 00015000 103:02 9183933                   /usr/lib/x86_64-linux-gnu/libtdb.so.1.3.15
7ff8218a9000-7ff8218aa000 r--p 00014000 103:02 9183933                   /usr/lib/x86_64-linux-gnu/libtdb.so.1.3.15
7ff8218aa000-7ff8218ab000 rw-p 00015000 103:02 9183933                   /usr/lib/x86_64-linux-gnu/libtdb.so.1.3.15
7ff8218ab000-7ff8218b2000 r-xp 00000000 103:02 9184012                   /usr/lib/x86_64-linux-gnu/libvorbisfile.so.3.3.7
7ff8218b2000-7ff821ab1000 ---p 00007000 103:02 9184012                   /usr/lib/x86_64-linux-gnu/libvorbisfile.so.3.3.7
7ff821ab1000-7ff821ab2000 r--p 00006000 103:02 9184012                   /usr/lib/x86_64-linux-gnu/libvorbisfile.so.3.3.7
7ff821ab2000-7ff821ab3000 rw-p 00007000 103:02 9184012                   /usr/lib/x86_64-linux-gnu/libvorbisfile.so.3.3.7
7ff821ab3000-7ff821ac3000 r-xp 00000000 103:02 9183056                   /usr/lib/x86_64-linux-gnu/libcanberra.so.0.2.5
7ff821ac3000-7ff821cc3000 ---p 00010000 103:02 9183056                   /usr/lib/x86_64-linux-gnu/libcanberra.so.0.2.5
7ff821cc3000-7ff821cc4000 r--p 00010000 103:02 9183056                   /usr/lib/x86_64-linux-gnu/libcanberra.so.0.2.5
7ff821cc4000-7ff821cc5000 rw-p 00011000 103:02 9183056                   /usr/lib/x86_64-linux-gnu/libcanberra.so.0.2.5
7ff821cc5000-7ff821cc9000 r-xp 00000000 103:02 9186592                   /usr/lib/x86_64-linux-gnu/libcanberra-gtk.so.0.1.9
7ff821cc9000-7ff821ec8000 ---p 00004000 103:02 9186592                   /usr/lib/x86_64-linux-gnu/libcanberra-gtk.so.0.1.9
7ff821ec8000-7ff821ec9000 r--p 00003000 103:02 9186592                   /usr/lib/x86_64-linux-gnu/libcanberra-gtk.so.0.1.9
7ff821ec9000-7ff821eca000 rw-p 00004000 103:02 9186592                   /usr/lib/x86_64-linux-gnu/libcanberra-gtk.so.0.1.9
7ff821eca000-7ff821ecf000 r-xp 00000000 103:02 9441781                   /usr/lib/x86_64-linux-gnu/gtk-2.0/modules/libcanberra-gtk-module.so
7ff821ecf000-7ff8220cf000 ---p 00005000 103:02 9441781                   /usr/lib/x86_64-linux-gnu/gtk-2.0/modules/libcanberra-gtk-module.so
7ff8220cf000-7ff8220d0000 r--p 00005000 103:02 9441781                   /usr/lib/x86_64-linux-gnu/gtk-2.0/modules/libcanberra-gtk-module.so
7ff8220d0000-7ff8220d1000 rw-p 00006000 103:02 9441781                   /usr/lib/x86_64-linux-gnu/gtk-2.0/modules/libcanberra-gtk-module.so
7ff8220d1000-7ff82210b000 r-xp 00000000 103:02 9440673                   /usr/lib/x86_64-linux-gnu/gtk-2.0/2.10.0/engines/libmurrine.so
7ff82210b000-7ff82230b000 ---p 0003a000 103:02 9440673                   /usr/lib/x86_64-linux-gnu/gtk-2.0/2.10.0/engines/libmurrine.so
7ff82230b000-7ff82230c000 r--p 0003a000 103:02 9440673                   /usr/lib/x86_64-linux-gnu/gtk-2.0/2.10.0/engines/libmurrine.so
7ff82230c000-7ff82230d000 rw-p 0003b000 103:02 9440673                   /usr/lib/x86_64-linux-gnu/gtk-2.0/2.10.0/engines/libmurrine.so
7ff82230d000-7ff822336000 r-xp 00000000 103:02 9441107                   /usr/lib/jvm/java-8-oracle/jre/lib/amd64/libglass.so
7ff822336000-7ff822535000 ---p 00029000 103:02 9441107                   /usr/lib/jvm/java-8-oracle/jre/lib/amd64/libglass.so
7ff822535000-7ff822538000 rw-p 00028000 103:02 9441107                   /usr/lib/jvm/java-8-oracle/jre/lib/amd64/libglass.so
7ff822538000-7ff822540000 r-xp 00000000 103:02 9183739                   /usr/lib/x86_64-linux-gnu/libpciaccess.so.0.11.1
7ff822540000-7ff82273f000 ---p 00008000 103:02 9183739                   /usr/lib/x86_64-linux-gnu/libpciaccess.so.0.11.1
7ff82273f000-7ff822740000 r--p 00007000 103:02 9183739                   /usr/lib/x86_64-linux-gnu/libpciaccess.so.0.11.1
7ff822740000-7ff822741000 rw-p 00008000 103:02 9183739                   /usr/lib/x86_64-linux-gnu/libpciaccess.so.0.11.1
7ff822741000-7ff82274c000 r-xp 00000000 103:02 9183173                   /usr/lib/x86_64-linux-gnu/libdrm_radeon.so.1.0.1
7ff82274c000-7ff82294b000 ---p 0000b000 103:02 9183173                   /usr/lib/x86_64-linux-gnu/libdrm_radeon.so.1.0.1
7ff82294b000-7ff82294c000 r--p 0000a000 103:02 9183173                   /usr/lib/x86_64-linux-gnu/libdrm_radeon.so.1.0.1
7ff82294c000-7ff82294d000 rw-p 0000b000 103:02 9183173                   /usr/lib/x86_64-linux-gnu/libdrm_radeon.so.1.0.1
7ff82294d000-7ff822954000 r-xp 00000000 103:02 9183171                   /usr/lib/x86_64-linux-gnu/libdrm_nouveau.so.2.0.0
7ff822954000-7ff822b53000 ---p 00007000 103:02 9183171                   /usr/lib/x86_64-linux-gnu/libdrm_nouveau.so.2.0.0
7ff822b53000-7ff822b54000 r--p 00006000 103:02 9183171                   /usr/lib/x86_64-linux-gnu/libdrm_nouveau.so.2.0.0
7ff822b54000-7ff822b55000 rw-p 00007000 103:02 9183171                   /usr/lib/x86_64-linux-gnu/libdrm_nouveau.so.2.0.0
7ff822b55000-7ff822b77000 r-xp 00000000 103:02 9183169                   /usr/lib/x86_64-linux-gnu/libdrm_intel.so.1.0.0
7ff822b77000-7ff822d76000 ---p 00022000 103:02 9183169                   /usr/lib/x86_64-linux-gnu/libdrm_intel.so.1.0.0
7ff822d76000-7ff822d77000 r--p 00021000 103:02 9183169                   /usr/lib/x86_64-linux-gnu/libdrm_intel.so.1.0.0
7ff822d77000-7ff822d78000 rw-p 00022000 103:02 9183169                   /usr/lib/x86_64-linux-gnu/libdrm_intel.so.1.0.0
7ff822d78000-7ff8235f6000 r-xp 00000000 103:02 9439576                   /usr/lib/x86_64-linux-gnu/dri/i965_dri.so
7ff8235f6000-7ff8237f5000 ---p 0087e000 103:02 9439576                   /usr/lib/x86_64-linux-gnu/dri/i965_dri.so
7ff8237f5000-7ff823845000 r--p 0087d000 103:02 9439576                   /usr/lib/x86_64-linux-gnu/dri/i965_dri.so
7ff823845000-7ff823850000 rw-p 008cd000 103:02 9439576                   /usr/lib/x86_64-linux-gnu/dri/i965_dri.so
7ff823850000-7ff8238f5000 rw-p 00000000 00:00 0 
7ff8238f5000-7ff823905000 r-xp 00000000 103:02 9183165                   /usr/lib/x86_64-linux-gnu/libdrm.so.2.4.0
7ff823905000-7ff823b04000 ---p 00010000 103:02 9183165                   /usr/lib/x86_64-linux-gnu/libdrm.so.2.4.0
7ff823b04000-7ff823b05000 r--p 0000f000 103:02 9183165                   /usr/lib/x86_64-linux-gnu/libdrm.so.2.4.0
7ff823b05000-7ff823b06000 rw-p 00010000 103:02 9183165                   /usr/lib/x86_64-linux-gnu/libdrm.so.2.4.0
7ff823b06000-7ff823b0a000 r-xp 00000000 103:02 9184067                   /usr/lib/x86_64-linux-gnu/libxcb-dri2.so.0.0.0
7ff823b0a000-7ff823d09000 ---p 00004000 103:02 9184067                   /usr/lib/x86_64-linux-gnu/libxcb-dri2.so.0.0.0
7ff823d09000-7ff823d0a000 r--p 00003000 103:02 9184067                   /usr/lib/x86_64-linux-gnu/libxcb-dri2.so.0.0.0
7ff823d0a000-7ff823d0b000 rw-p 00004000 103:02 9184067                   /usr/lib/x86_64-linux-gnu/libxcb-dri2.so.0.0.0
7ff823d0b000-7ff823d23000 r-xp 00000000 103:02 9184071                   /usr/lib/x86_64-linux-gnu/libxcb-glx.so.0.0.0
7ff823d23000-7ff823f23000 ---p 00018000 103:02 9184071                   /usr/lib/x86_64-linux-gnu/libxcb-glx.so.0.0.0
7ff823f23000-7ff823f25000 r--p 00018000 103:02 9184071                   /usr/lib/x86_64-linux-gnu/libxcb-glx.so.0.0.0
7ff823f25000-7ff823f26000 rw-p 0001a000 103:02 9184071                   /usr/lib/x86_64-linux-gnu/libxcb-glx.so.0.0.0
7ff823f26000-7ff823f27000 r-xp 00000000 103:02 9182893                   /usr/lib/x86_64-linux-gnu/libX11-xcb.so.1.0.0
7ff823f27000-7ff824126000 ---p 00001000 103:02 9182893                   /usr/lib/x86_64-linux-gnu/libX11-xcb.so.1.0.0
7ff824126000-7ff824127000 r--p 00000000 103:02 9182893                   /usr/lib/x86_64-linux-gnu/libX11-xcb.so.1.0.0
7ff824127000-7ff824128000 rw-p 00001000 103:02 9182893                   /usr/lib/x86_64-linux-gnu/libX11-xcb.so.1.0.0
7ff824128000-7ff824154000 r-xp 00000000 103:02 9183333                   /usr/lib/x86_64-linux-gnu/libglapi.so.0.0.0
7ff824154000-7ff824353000 ---p 0002c000 103:02 9183333                   /usr/lib/x86_64-linux-gnu/libglapi.so.0.0.0
7ff824353000-7ff824357000 r--p 0002b000 103:02 9183333                   /usr/lib/x86_64-linux-gnu/libglapi.so.0.0.0
7ff824357000-7ff824358000 rw-p 0002f000 103:02 9183333                   /usr/lib/x86_64-linux-gnu/libglapi.so.0.0.0
7ff824358000-7ff824359000 rw-p 00000000 00:00 0 
7ff824359000-7ff82435a000 r-xp 00000000 103:02 9184119                   /usr/lib/x86_64-linux-gnu/libxshmfence.so.1.0.0
7ff82435a000-7ff824559000 ---p 00001000 103:02 9184119                   /usr/lib/x86_64-linux-gnu/libxshmfence.so.1.0.0
7ff824559000-7ff82455a000 r--p 00000000 103:02 9184119                   /usr/lib/x86_64-linux-gnu/libxshmfence.so.1.0.0
7ff82455a000-7ff82455b000 rw-p 00001000 103:02 9184119                   /usr/lib/x86_64-linux-gnu/libxshmfence.so.1.0.0
7ff82455b000-7ff824560000 r-xp 00000000 103:02 9184093                   /usr/lib/x86_64-linux-gnu/libxcb-sync.so.1.0.0
7ff824560000-7ff824760000 ---p 00005000 103:02 9184093                   /usr/lib/x86_64-linux-gnu/libxcb-sync.so.1.0.0
7ff824760000-7ff824761000 r--p 00005000 103:02 9184093                   /usr/lib/x86_64-linux-gnu/libxcb-sync.so.1.0.0
7ff824761000-7ff824762000 rw-p 00006000 103:02 9184093                   /usr/lib/x86_64-linux-gnu/libxcb-sync.so.1.0.0
7ff824762000-7ff824764000 r-xp 00000000 103:02 9184079                   /usr/lib/x86_64-linux-gnu/libxcb-present.so.0.0.0
7ff824764000-7ff824963000 ---p 00002000 103:02 9184079                   /usr/lib/x86_64-linux-gnu/libxcb-present.so.0.0.0
7ff824963000-7ff824964000 r--p 00001000 103:02 9184079                   /usr/lib/x86_64-linux-gnu/libxcb-present.so.0.0.0
7ff824964000-7ff824965000 rw-p 00002000 103:02 9184079                   /usr/lib/x86_64-linux-gnu/libxcb-present.so.0.0.0
7ff824965000-7ff824968000 r-xp 00000000 103:02 9184069                   /usr/lib/x86_64-linux-gnu/libxcb-dri3.so.0.0.0
7ff824968000-7ff824b67000 ---p 00003000 103:02 9184069                   /usr/lib/x86_64-linux-gnu/libxcb-dri3.so.0.0.0
7ff824b67000-7ff824b68000 r--p 00002000 103:02 9184069                   /usr/lib/x86_64-linux-gnu/libxcb-dri3.so.0.0.0
7ff824b68000-7ff824b69000 rw-p 00003000 103:02 9184069                   /usr/lib/x86_64-linux-gnu/libxcb-dri3.so.0.0.0
7ff824b69000-7ff824bd9000 r-xp 00000000 103:02 9182859                   /usr/lib/x86_64-linux-gnu/libGLX_mesa.so.0.0.0
7ff824bd9000-7ff824dd8000 ---p 00070000 103:02 9182859                   /usr/lib/x86_64-linux-gnu/libGLX_mesa.so.0.0.0
7ff824dd8000-7ff824ddb000 r--p 0006f000 103:02 9182859                   /usr/lib/x86_64-linux-gnu/libGLX_mesa.so.0.0.0
7ff824ddb000-7ff824ddc000 rw-p 00072000 103:02 9182859                   /usr/lib/x86_64-linux-gnu/libGLX_mesa.so.0.0.0
7ff824ddc000-7ff824ddd000 rw-p 00000000 00:00 0 
7ff824ddd000-7ff824df0000 r-xp 00000000 103:02 266836                    /lib/x86_64-linux-gnu/libbsd.so.0.8.7
7ff824df0000-7ff824fef000 ---p 00013000 103:02 266836                    /lib/x86_64-linux-gnu/libbsd.so.0.8.7
7ff824fef000-7ff824ff0000 r--p 00012000 103:02 266836                    /lib/x86_64-linux-gnu/libbsd.so.0.8.7
7ff824ff0000-7ff824ff1000 rw-p 00013000 103:02 266836                    /lib/x86_64-linux-gnu/libbsd.so.0.8.7
7ff824ff1000-7ff824ff2000 rw-p 00000000 00:00 0 
7ff824ff2000-7ff824ff8000 r-xp 00000000 103:02 262150                    /lib/x86_64-linux-gnu/libuuid.so.1.3.0
7ff824ff8000-7ff8251f7000 ---p 00006000 103:02 262150                    /lib/x86_64-linux-gnu/libuuid.so.1.3.0
7ff8251f7000-7ff8251f8000 r--p 00005000 103:02 262150                    /lib/x86_64-linux-gnu/libuuid.so.1.3.0
7ff8251f8000-7ff8251f9000 rw-p 00006000 103:02 262150                    /lib/x86_64-linux-gnu/libuuid.so.1.3.0
7ff8251f9000-7ff8251ff000 r-xp 00000000 103:02 9183127                   /usr/lib/x86_64-linux-gnu/libdatrie.so.1.3.3
7ff8251ff000-7ff8253fe000 ---p 00006000 103:02 9183127                   /usr/lib/x86_64-linux-gnu/libdatrie.so.1.3.3
7ff8253fe000-7ff8253ff000 r--p 00005000 103:02 9183127                   /usr/lib/x86_64-linux-gnu/libdatrie.so.1.3.3
7ff8253ff000-7ff825400000 rw-p 00006000 103:02 9183127                   /usr/lib/x86_64-linux-gnu/libdatrie.so.1.3.3
7ff825400000-7ff825405000 r-xp 00000000 103:02 9182910                   /usr/lib/x86_64-linux-gnu/libXdmcp.so.6.0.0
7ff825405000-7ff825604000 ---p 00005000 103:02 9182910                   /usr/lib/x86_64-linux-gnu/libXdmcp.so.6.0.0
7ff825604000-7ff825605000 r--p 00004000 103:02 9182910                   /usr/lib/x86_64-linux-gnu/libXdmcp.so.6.0.0
7ff825605000-7ff825606000 rw-p 00005000 103:02 9182910                   /usr/lib/x86_64-linux-gnu/libXdmcp.so.6.0.0
7ff825606000-7ff825608000 r-xp 00000000 103:02 9182899                   /usr/lib/x86_64-linux-gnu/libXau.so.6.0.0
7ff825608000-7ff825808000 ---p 00002000 103:02 9182899                   /usr/lib/x86_64-linux-gnu/libXau.so.6.0.0
7ff825808000-7ff825809000 r--p 00002000 103:02 9182899                   /usr/lib/x86_64-linux-gnu/libXau.so.6.0.0
7ff825809000-7ff82580a000 rw-p 00003000 103:02 9182899                   /usr/lib/x86_64-linux-gnu/libXau.so.6.0.0
7ff82580a000-7ff825835000 r-xp 00000000 103:02 9183384                   /usr/lib/x86_64-linux-gnu/libgraphite2.so.3.0.1
7ff825835000-7ff825a34000 ---p 0002b000 103:02 9183384                   /usr/lib/x86_64-linux-gnu/libgraphite2.so.3.0.1
7ff825a34000-7ff825a36000 r--p 0002a000 103:02 9183384                   /usr/lib/x86_64-linux-gnu/libgraphite2.so.3.0.1
7ff825a36000-7ff825a37000 rw-p 0002c000 103:02 9183384                   /usr/lib/x86_64-linux-gnu/libgraphite2.so.3.0.1
7ff825a37000-7ff825a7e000 r-xp 00000000 103:02 262167                    /lib/x86_64-linux-gnu/libblkid.so.1.1.0
7ff825a7e000-7ff825c7e000 ---p 00047000 103:02 262167                    /lib/x86_64-linux-gnu/libblkid.so.1.1.0
7ff825c7e000-7ff825c82000 r--p 00047000 103:02 262167                    /lib/x86_64-linux-gnu/libblkid.so.1.1.0
7ff825c82000-7ff825c83000 rw-p 0004b000 103:02 262167                    /lib/x86_64-linux-gnu/libblkid.so.1.1.0
7ff825c83000-7ff825c84000 rw-p 00000000 00:00 0 
7ff825c84000-7ff825cf2000 r-xp 00000000 103:02 9182861                   /usr/lib/x86_64-linux-gnu/libGLdispatch.so.0.0.0
7ff825cf2000-7ff825ef1000 ---p 0006e000 103:02 9182861                   /usr/lib/x86_64-linux-gnu/libGLdispatch.so.0.0.0
7ff825ef1000-7ff825f19000 r--p 0006d000 103:02 9182861                   /usr/lib/x86_64-linux-gnu/libGLdispatch.so.0.0.0
7ff825f19000-7ff825f1a000 rw-p 00095000 103:02 9182861                   /usr/lib/x86_64-linux-gnu/libGLdispatch.so.0.0.0
7ff825f1a000-7ff825f3a000 rw-p 00000000 00:00 0 
7ff825f3a000-7ff825f4a000 r-xp 00000000 103:02 9182856                   /usr/lib/x86_64-linux-gnu/libGLX.so.0.0.0
7ff825f4a000-7ff826149000 ---p 00010000 103:02 9182856                   /usr/lib/x86_64-linux-gnu/libGLX.so.0.0.0
7ff826149000-7ff82614a000 r--p 0000f000 103:02 9182856                   /usr/lib/x86_64-linux-gnu/libGLX.so.0.0.0
7ff82614a000-7ff82614b000 rw-p 00010000 103:02 9182856                   /usr/lib/x86_64-linux-gnu/libGLX.so.0.0.0
7ff82614b000-7ff82616b000 rw-p 00000000 00:00 0 
7ff82616b000-7ff8261db000 r-xp 00000000 103:02 266962                    /lib/x86_64-linux-gnu/libpcre.so.3.13.3
7ff8261db000-7ff8263db000 ---p 00070000 103:02 266962                    /lib/x86_64-linux-gnu/libpcre.so.3.13.3
7ff8263db000-7ff8263dc000 r--p 00070000 103:02 266962                    /lib/x86_64-linux-gnu/libpcre.so.3.13.3
7ff8263dc000-7ff8263dd000 rw-p 00071000 103:02 266962                    /lib/x86_64-linux-gnu/libpcre.so.3.13.3
7ff8263dd000-7ff8263e4000 r-xp 00000000 103:02 9183241                   /usr/lib/x86_64-linux-gnu/libffi.so.6.0.4
7ff8263e4000-7ff8265e3000 ---p 00007000 103:02 9183241                   /usr/lib/x86_64-linux-gnu/libffi.so.6.0.4
7ff8265e3000-7ff8265e4000 r--p 00006000 103:02 9183241                   /usr/lib/x86_64-linux-gnu/libffi.so.6.0.4
7ff8265e4000-7ff8265e5000 rw-p 00007000 103:02 9183241                   /usr/lib/x86_64-linux-gnu/libffi.so.6.0.4
7ff8265e5000-7ff826614000 r-xp 00000000 103:02 266870                    /lib/x86_64-linux-gnu/libexpat.so.1.6.7
7ff826614000-7ff826814000 ---p 0002f000 103:02 266870                    /lib/x86_64-linux-gnu/libexpat.so.1.6.7
7ff826814000-7ff826816000 r--p 0002f000 103:02 266870                    /lib/x86_64-linux-gnu/libexpat.so.1.6.7
7ff826816000-7ff826817000 rw-p 00031000 103:02 266870                    /lib/x86_64-linux-gnu/libexpat.so.1.6.7
7ff826817000-7ff82681f000 r-xp 00000000 103:02 9183941                   /usr/lib/x86_64-linux-gnu/libthai.so.0.3.0
7ff82681f000-7ff826a1e000 ---p 00008000 103:02 9183941                   /usr/lib/x86_64-linux-gnu/libthai.so.0.3.0
7ff826a1e000-7ff826a1f000 r--p 00007000 103:02 9183941                   /usr/lib/x86_64-linux-gnu/libthai.so.0.3.0
7ff826a1f000-7ff826a20000 rw-p 00008000 103:02 9183941                   /usr/lib/x86_64-linux-gnu/libthai.so.0.3.0
7ff826a20000-7ff826a2c000 r-xp 00000000 103:02 9184085                   /usr/lib/x86_64-linux-gnu/libxcb-render.so.0.0.0
7ff826a2c000-7ff826c2b000 ---p 0000c000 103:02 9184085                   /usr/lib/x86_64-linux-gnu/libxcb-render.so.0.0.0
7ff826c2b000-7ff826c2c000 r--p 0000b000 103:02 9184085                   /usr/lib/x86_64-linux-gnu/libxcb-render.so.0.0.0
7ff826c2c000-7ff826c2d000 rw-p 0000c000 103:02 9184085                   /usr/lib/x86_64-linux-gnu/libxcb-render.so.0.0.0
7ff826c2d000-7ff826c53000 r-xp 00000000 103:02 9184103                   /usr/lib/x86_64-linux-gnu/libxcb.so.1.1.0
7ff826c53000-7ff826e53000 ---p 00026000 103:02 9184103                   /usr/lib/x86_64-linux-gnu/libxcb.so.1.1.0
7ff826e53000-7ff826e54000 r--p 00026000 103:02 9184103                   /usr/lib/x86_64-linux-gnu/libxcb.so.1.1.0
7ff826e54000-7ff826e55000 rw-p 00027000 103:02 9184103                   /usr/lib/x86_64-linux-gnu/libxcb.so.1.1.0
7ff826e55000-7ff826e57000 r-xp 00000000 103:02 9184091                   /usr/lib/x86_64-linux-gnu/libxcb-shm.so.0.0.0
7ff826e57000-7ff827056000 ---p 00002000 103:02 9184091                   /usr/lib/x86_64-linux-gnu/libxcb-shm.so.0.0.0
7ff827056000-7ff827057000 r--p 00001000 103:02 9184091                   /usr/lib/x86_64-linux-gnu/libxcb-shm.so.0.0.0
7ff827057000-7ff827058000 rw-p 00002000 103:02 9184091                   /usr/lib/x86_64-linux-gnu/libxcb-shm.so.0.0.0
7ff827058000-7ff827089000 r-xp 00000000 103:02 9183763                   /usr/lib/x86_64-linux-gnu/libpng16.so.16.34.0
7ff827089000-7ff827288000 ---p 00031000 103:02 9183763                   /usr/lib/x86_64-linux-gnu/libpng16.so.16.34.0
7ff827288000-7ff827289000 r--p 00030000 103:02 9183763                   /usr/lib/x86_64-linux-gnu/libpng16.so.16.34.0
7ff827289000-7ff82728a000 rw-p 00031000 103:02 9183763                   /usr/lib/x86_64-linux-gnu/libpng16.so.16.34.0
7ff82728a000-7ff827327000 r-xp 00000000 103:02 9183757                   /usr/lib/x86_64-linux-gnu/libpixman-1.so.0.34.0
7ff827327000-7ff827526000 ---p 0009d000 103:02 9183757                   /usr/lib/x86_64-linux-gnu/libpixman-1.so.0.34.0
7ff827526000-7ff82752e000 r--p 0009c000 103:02 9183757                   /usr/lib/x86_64-linux-gnu/libpixman-1.so.0.34.0
7ff82752e000-7ff82752f000 rw-p 000a4000 103:02 9183757                   /usr/lib/x86_64-linux-gnu/libpixman-1.so.0.34.0
7ff82752f000-7ff8275cb000 r-xp 00000000 103:02 9183467                   /usr/lib/x86_64-linux-gnu/libharfbuzz.so.0.10702.0
7ff8275cb000-7ff8277cb000 ---p 0009c000 103:02 9183467                   /usr/lib/x86_64-linux-gnu/libharfbuzz.so.0.10702.0
7ff8277cb000-7ff8277cc000 r--p 0009c000 103:02 9183467                   /usr/lib/x86_64-linux-gnu/libharfbuzz.so.0.10702.0
7ff8277cc000-7ff8277cd000 rw-p 0009d000 103:02 9183467                   /usr/lib/x86_64-linux-gnu/libharfbuzz.so.0.10702.0
7ff8277cd000-7ff82781e000 r-xp 00000000 103:02 262229                    /lib/x86_64-linux-gnu/libmount.so.1.1.0
7ff82781e000-7ff827a1d000 ---p 00051000 103:02 262229                    /lib/x86_64-linux-gnu/libmount.so.1.1.0
7ff827a1d000-7ff827a1f000 r--p 00050000 103:02 262229                    /lib/x86_64-linux-gnu/libmount.so.1.1.0
7ff827a1f000-7ff827a20000 rw-p 00052000 103:02 262229                    /lib/x86_64-linux-gnu/libmount.so.1.1.0
7ff827a20000-7ff827a21000 rw-p 00000000 00:00 0 
7ff827a21000-7ff827a38000 r-xp 00000000 103:02 266979                    /lib/x86_64-linux-gnu/libresolv-2.27.so
7ff827a38000-7ff827c38000 ---p 00017000 103:02 266979                    /lib/x86_64-linux-gnu/libresolv-2.27.so
7ff827c38000-7ff827c39000 r--p 00017000 103:02 266979                    /lib/x86_64-linux-gnu/libresolv-2.27.so
7ff827c39000-7ff827c3a000 rw-p 00018000 103:02 266979                    /lib/x86_64-linux-gnu/libresolv-2.27.so
7ff827c3a000-7ff827c3c000 rw-p 00000000 00:00 0 
7ff827c3c000-7ff827c61000 r-xp 00000000 103:02 266985                    /lib/x86_64-linux-gnu/libselinux.so.1
7ff827c61000-7ff827e60000 ---p 00025000 103:02 266985                    /lib/x86_64-linux-gnu/libselinux.so.1
7ff827e60000-7ff827e61000 r--p 00024000 103:02 266985                    /lib/x86_64-linux-gnu/libselinux.so.1
7ff827e61000-7ff827e62000 rw-p 00025000 103:02 266985                    /lib/x86_64-linux-gnu/libselinux.so.1
7ff827e62000-7ff827e64000 rw-p 00000000 00:00 0 
7ff827e64000-7ff827e80000 r-xp 00000000 103:02 267012                    /lib/x86_64-linux-gnu/libz.so.1.2.11
7ff827e80000-7ff82807f000 ---p 0001c000 103:02 267012                    /lib/x86_64-linux-gnu/libz.so.1.2.11
7ff82807f000-7ff828080000 r--p 0001b000 103:02 267012                    /lib/x86_64-linux-gnu/libz.so.1.2.11
7ff828080000-7ff828081000 rw-p 0001c000 103:02 267012                    /lib/x86_64-linux-gnu/libz.so.1.2.11
7ff828081000-7ff828092000 r-xp 00000000 103:02 9182912                   /usr/lib/x86_64-linux-gnu/libXext.so.6.4.0
7ff828092000-7ff828291000 ---p 00011000 103:02 9182912                   /usr/lib/x86_64-linux-gnu/libXext.so.6.4.0
7ff828291000-7ff828292000 r--p 00010000 103:02 9182912                   /usr/lib/x86_64-linux-gnu/libXext.so.6.4.0
7ff828292000-7ff828293000 rw-p 00011000 103:02 9182912                   /usr/lib/x86_64-linux-gnu/libXext.so.6.4.0
7ff828293000-7ff828295000 r-xp 00000000 103:02 9182908                   /usr/lib/x86_64-linux-gnu/libXdamage.so.1.1.0
7ff828295000-7ff828494000 ---p 00002000 103:02 9182908                   /usr/lib/x86_64-linux-gnu/libXdamage.so.1.1.0
7ff828494000-7ff828495000 r--p 00001000 103:02 9182908                   /usr/lib/x86_64-linux-gnu/libXdamage.so.1.1.0
7ff828495000-7ff828496000 rw-p 00002000 103:02 9182908                   /usr/lib/x86_64-linux-gnu/libXdamage.so.1.1.0
7ff828496000-7ff828498000 r-xp 00000000 103:02 9182904                   /usr/lib/x86_64-linux-gnu/libXcomposite.so.1.0.0
7ff828498000-7ff828697000 ---p 00002000 103:02 9182904                   /usr/lib/x86_64-linux-gnu/libXcomposite.so.1.0.0
7ff828697000-7ff828698000 r--p 00001000 103:02 9182904                   /usr/lib/x86_64-linux-gnu/libXcomposite.so.1.0.0
7ff828698000-7ff828699000 rw-p 00002000 103:02 9182904                   /usr/lib/x86_64-linux-gnu/libXcomposite.so.1.0.0
7ff828699000-7ff8286a2000 r-xp 00000000 103:02 9182906                   /usr/lib/x86_64-linux-gnu/libXcursor.so.1.0.2
7ff8286a2000-7ff8288a1000 ---p 00009000 103:02 9182906                   /usr/lib/x86_64-linux-gnu/libXcursor.so.1.0.2
7ff8288a1000-7ff8288a2000 r--p 00008000 103:02 9182906                   /usr/lib/x86_64-linux-gnu/libXcursor.so.1.0.2
7ff8288a2000-7ff8288a3000 rw-p 00009000 103:02 9182906                   /usr/lib/x86_64-linux-gnu/libXcursor.so.1.0.2
7ff8288a3000-7ff8288ad000 r-xp 00000000 103:02 9182930                   /usr/lib/x86_64-linux-gnu/libXrandr.so.2.2.0
7ff8288ad000-7ff828aac000 ---p 0000a000 103:02 9182930                   /usr/lib/x86_64-linux-gnu/libXrandr.so.2.2.0
7ff828aac000-7ff828aad000 r--p 00009000 103:02 9182930                   /usr/lib/x86_64-linux-gnu/libXrandr.so.2.2.0
7ff828aad000-7ff828aae000 rw-p 0000a000 103:02 9182930                   /usr/lib/x86_64-linux-gnu/libXrandr.so.2.2.0
7ff828aae000-7ff828abd000 r-xp 00000000 103:02 9182920                   /usr/lib/x86_64-linux-gnu/libXi.so.6.1.0
7ff828abd000-7ff828cbc000 ---p 0000f000 103:02 9182920                   /usr/lib/x86_64-linux-gnu/libXi.so.6.1.0
7ff828cbc000-7ff828cbd000 r--p 0000e000 103:02 9182920                   /usr/lib/x86_64-linux-gnu/libXi.so.6.1.0
7ff828cbd000-7ff828cbe000 rw-p 0000f000 103:02 9182920                   /usr/lib/x86_64-linux-gnu/libXi.so.6.1.0
7ff828cbe000-7ff828cc0000 r-xp 00000000 103:02 9182922                   /usr/lib/x86_64-linux-gnu/libXinerama.so.1.0.0
7ff828cc0000-7ff828ebf000 ---p 00002000 103:02 9182922                   /usr/lib/x86_64-linux-gnu/libXinerama.so.1.0.0
7ff828ebf000-7ff828ec0000 r--p 00001000 103:02 9182922                   /usr/lib/x86_64-linux-gnu/libXinerama.so.1.0.0
7ff828ec0000-7ff828ec1000 rw-p 00002000 103:02 9182922                   /usr/lib/x86_64-linux-gnu/libXinerama.so.1.0.0
7ff828ec1000-7ff828eca000 r-xp 00000000 103:02 9182932                   /usr/lib/x86_64-linux-gnu/libXrender.so.1.3.0
7ff828eca000-7ff8290c9000 ---p 00009000 103:02 9182932                   /usr/lib/x86_64-linux-gnu/libXrender.so.1.3.0
7ff8290c9000-7ff8290ca000 r--p 00008000 103:02 9182932                   /usr/lib/x86_64-linux-gnu/libXrender.so.1.3.0
7ff8290ca000-7ff8290cb000 rw-p 00009000 103:02 9182932                   /usr/lib/x86_64-linux-gnu/libXrender.so.1.3.0
7ff8290cb000-7ff8290d0000 r-xp 00000000 103:02 9182914                   /usr/lib/x86_64-linux-gnu/libXfixes.so.3.1.0
7ff8290d0000-7ff8292cf000 ---p 00005000 103:02 9182914                   /usr/lib/x86_64-linux-gnu/libXfixes.so.3.1.0
7ff8292cf000-7ff8292d0000 r--p 00004000 103:02 9182914                   /usr/lib/x86_64-linux-gnu/libXfixes.so.3.1.0
7ff8292d0000-7ff8292d1000 rw-p 00005000 103:02 9182914                   /usr/lib/x86_64-linux-gnu/libXfixes.so.3.1.0
7ff8292d1000-7ff8292e8000 r-xp 00000000 103:02 266877                    /lib/x86_64-linux-gnu/libgcc_s.so.1
7ff8292e8000-7ff8294e7000 ---p 00017000 103:02 266877                    /lib/x86_64-linux-gnu/libgcc_s.so.1
7ff8294e7000-7ff8294e8000 r--p 00016000 103:02 266877                    /lib/x86_64-linux-gnu/libgcc_s.so.1
7ff8294e8000-7ff8294e9000 rw-p 00017000 103:02 266877                    /lib/x86_64-linux-gnu/libgcc_s.so.1
7ff8294e9000-7ff829667000 r-xp 00000000 103:02 9183920                   /usr/lib/x86_64-linux-gnu/libstdc++.so.6.0.25
7ff829667000-7ff829867000 ---p 0017e000 103:02 9183920                   /usr/lib/x86_64-linux-gnu/libstdc++.so.6.0.25
7ff829867000-7ff829871000 r--p 0017e000 103:02 9183920                   /usr/lib/x86_64-linux-gnu/libstdc++.so.6.0.25
7ff829871000-7ff829873000 rw-p 00188000 103:02 9183920                   /usr/lib/x86_64-linux-gnu/libstdc++.so.6.0.25
7ff829873000-7ff829877000 rw-p 00000000 00:00 0 
7ff829877000-7ff8298e8000 r-xp 00000000 103:02 9182850                   /usr/lib/x86_64-linux-gnu/libGL.so.1.0.0
7ff8298e8000-7ff829ae7000 ---p 00071000 103:02 9182850                   /usr/lib/x86_64-linux-gnu/libGL.so.1.0.0
7ff829ae7000-7ff829b01000 r--p 00070000 103:02 9182850                   /usr/lib/x86_64-linux-gnu/libGL.so.1.0.0
7ff829b01000-7ff829b02000 rw-p 0008a000 103:02 9182850                   /usr/lib/x86_64-linux-gnu/libGL.so.1.0.0
7ff829b02000-7ff829b03000 rw-p 00000000 00:00 0 
7ff829b03000-7ff829b08000 r-xp 00000000 103:02 9182948                   /usr/lib/x86_64-linux-gnu/libXxf86vm.so.1.0.0
7ff829b08000-7ff829d07000 ---p 00005000 103:02 9182948                   /usr/lib/x86_64-linux-gnu/libXxf86vm.so.1.0.0
7ff829d07000-7ff829d08000 r--p 00004000 103:02 9182948                   /usr/lib/x86_64-linux-gnu/libXxf86vm.so.1.0.0
7ff829d08000-7ff829d09000 rw-p 00005000 103:02 9182948                   /usr/lib/x86_64-linux-gnu/libXxf86vm.so.1.0.0
7ff829d09000-7ff829e3d000 r-xp 00000000 103:02 9182895                   /usr/lib/x86_64-linux-gnu/libX11.so.6.3.0
7ff829e3d000-7ff82a03d000 ---p 00134000 103:02 9182895                   /usr/lib/x86_64-linux-gnu/libX11.so.6.3.0
7ff82a03d000-7ff82a03e000 r--p 00134000 103:02 9182895                   /usr/lib/x86_64-linux-gnu/libX11.so.6.3.0
7ff82a03e000-7ff82a042000 rw-p 00135000 103:02 9182895                   /usr/lib/x86_64-linux-gnu/libX11.so.6.3.0
7ff82a042000-7ff82a047000 r-xp 00000000 103:02 9182938                   /usr/lib/x86_64-linux-gnu/libXtst.so.6.1.0
7ff82a047000-7ff82a246000 ---p 00005000 103:02 9182938                   /usr/lib/x86_64-linux-gnu/libXtst.so.6.1.0
7ff82a246000-7ff82a247000 r--p 00004000 103:02 9182938                   /usr/lib/x86_64-linux-gnu/libXtst.so.6.1.0
7ff82a247000-7ff82a248000 rw-p 00005000 103:02 9182938                   /usr/lib/x86_64-linux-gnu/libXtst.so.6.1.0
7ff82a248000-7ff82a35b000 r-xp 00000000 103:02 9183335                   /usr/lib/x86_64-linux-gnu/libglib-2.0.so.0.5600.1
7ff82a35b000-7ff82a55b000 ---p 00113000 103:02 9183335                   /usr/lib/x86_64-linux-gnu/libglib-2.0.so.0.5600.1
7ff82a55b000-7ff82a55c000 r--p 00113000 103:02 9183335                   /usr/lib/x86_64-linux-gnu/libglib-2.0.so.0.5600.1
7ff82a55c000-7ff82a55d000 rw-p 00114000 103:02 9183335                   /usr/lib/x86_64-linux-gnu/libglib-2.0.so.0.5600.1
7ff82a55d000-7ff82a55e000 rw-p 00000000 00:00 0 
7ff82a55e000-7ff82a55f000 r-xp 00000000 103:02 9183438                   /usr/lib/x86_64-linux-gnu/libgthread-2.0.so.0.5600.1
7ff82a55f000-7ff82a75e000 ---p 00001000 103:02 9183438                   /usr/lib/x86_64-linux-gnu/libgthread-2.0.so.0.5600.1
7ff82a75e000-7ff82a75f000 r--p 00000000 103:02 9183438                   /usr/lib/x86_64-linux-gnu/libgthread-2.0.so.0.5600.1
7ff82a75f000-7ff82a760000 rw-p 00001000 103:02 9183438                   /usr/lib/x86_64-linux-gnu/libgthread-2.0.so.0.5600.1
7ff82a760000-7ff82a763000 r-xp 00000000 103:02 9183339                   /usr/lib/x86_64-linux-gnu/libgmodule-2.0.so.0.5600.1
7ff82a763000-7ff82a962000 ---p 00003000 103:02 9183339                   /usr/lib/x86_64-linux-gnu/libgmodule-2.0.so.0.5600.1
7ff82a962000-7ff82a963000 r--p 00002000 103:02 9183339                   /usr/lib/x86_64-linux-gnu/libgmodule-2.0.so.0.5600.1
7ff82a963000-7ff82a964000 rw-p 00003000 103:02 9183339                   /usr/lib/x86_64-linux-gnu/libgmodule-2.0.so.0.5600.1
7ff82a964000-7ff82a9b6000 r-xp 00000000 103:02 9183363                   /usr/lib/x86_64-linux-gnu/libgobject-2.0.so.0.5600.1
7ff82a9b6000-7ff82abb6000 ---p 00052000 103:02 9183363                   /usr/lib/x86_64-linux-gnu/libgobject-2.0.so.0.5600.1
7ff82abb6000-7ff82abb7000 r--p 00052000 103:02 9183363                   /usr/lib/x86_64-linux-gnu/libgobject-2.0.so.0.5600.1
7ff82abb7000-7ff82abb8000 rw-p 00053000 103:02 9183363                   /usr/lib/x86_64-linux-gnu/libgobject-2.0.so.0.5600.1
7ff82abb8000-7ff82abf6000 r-xp 00000000 103:02 9183255                   /usr/lib/x86_64-linux-gnu/libfontconfig.so.1.10.1
7ff82abf6000-7ff82adf6000 ---p 0003e000 103:02 9183255                   /usr/lib/x86_64-linux-gnu/libfontconfig.so.1.10.1
7ff82adf6000-7ff82adf8000 r--p 0003e000 103:02 9183255                   /usr/lib/x86_64-linux-gnu/libfontconfig.so.1.10.1
7ff82adf8000-7ff82adfd000 rw-p 00040000 103:02 9183255                   /usr/lib/x86_64-linux-gnu/libfontconfig.so.1.10.1
7ff82adfd000-7ff82aeaa000 r-xp 00000000 103:02 9183273                   /usr/lib/x86_64-linux-gnu/libfreetype.so.6.15.0
7ff82aeaa000-7ff82b0a9000 ---p 000ad000 103:02 9183273                   /usr/lib/x86_64-linux-gnu/libfreetype.so.6.15.0
7ff82b0a9000-7ff82b0b0000 r--p 000ac000 103:02 9183273                   /usr/lib/x86_64-linux-gnu/libfreetype.so.6.15.0
7ff82b0b0000-7ff82b0b1000 rw-p 000b3000 103:02 9183273                   /usr/lib/x86_64-linux-gnu/libfreetype.so.6.15.0
7ff82b0b1000-7ff82b0fb000 r-xp 00000000 103:02 9183725                   /usr/lib/x86_64-linux-gnu/libpango-1.0.so.0.4000.14
7ff82b0fb000-7ff82b2fa000 ---p 0004a000 103:02 9183725                   /usr/lib/x86_64-linux-gnu/libpango-1.0.so.0.4000.14
7ff82b2fa000-7ff82b2fd000 r--p 00049000 103:02 9183725                   /usr/lib/x86_64-linux-gnu/libpango-1.0.so.0.4000.14
7ff82b2fd000-7ff82b2fe000 rw-p 0004c000 103:02 9183725                   /usr/lib/x86_64-linux-gnu/libpango-1.0.so.0.4000.14
7ff82b2fe000-7ff82b416000 r-xp 00000000 103:02 9183050                   /usr/lib/x86_64-linux-gnu/libcairo.so.2.11510.0
7ff82b416000-7ff82b615000 ---p 00118000 103:02 9183050                   /usr/lib/x86_64-linux-gnu/libcairo.so.2.11510.0
7ff82b615000-7ff82b618000 r--p 00117000 103:02 9183050                   /usr/lib/x86_64-linux-gnu/libcairo.so.2.11510.0
7ff82b618000-7ff82b61a000 rw-p 0011a000 103:02 9183050                   /usr/lib/x86_64-linux-gnu/libcairo.so.2.11510.0
7ff82b61a000-7ff82b61b000 rw-p 00000000 00:00 0 
7ff82b61b000-7ff82b627000 r-xp 00000000 103:02 9183727                   /usr/lib/x86_64-linux-gnu/libpangocairo-1.0.so.0.4000.14
7ff82b627000-7ff82b826000 ---p 0000c000 103:02 9183727                   /usr/lib/x86_64-linux-gnu/libpangocairo-1.0.so.0.4000.14
7ff82b826000-7ff82b827000 r--p 0000b000 103:02 9183727                   /usr/lib/x86_64-linux-gnu/libpangocairo-1.0.so.0.4000.14
7ff82b827000-7ff82b828000 rw-p 0000c000 103:02 9183727                   /usr/lib/x86_64-linux-gnu/libpangocairo-1.0.so.0.4000.14
7ff82b828000-7ff82b84a000 r-xp 00000000 103:02 9183311                   /usr/lib/x86_64-linux-gnu/libgdk_pixbuf-2.0.so.0.3611.0
7ff82b84a000-7ff82ba4a000 ---p 00022000 103:02 9183311                   /usr/lib/x86_64-linux-gnu/libgdk_pixbuf-2.0.so.0.3611.0
7ff82ba4a000-7ff82ba4b000 r--p 00022000 103:02 9183311                   /usr/lib/x86_64-linux-gnu/libgdk_pixbuf-2.0.so.0.3611.0
7ff82ba4b000-7ff82ba4c000 rw-p 00023000 103:02 9183311                   /usr/lib/x86_64-linux-gnu/libgdk_pixbuf-2.0.so.0.3611.0
7ff82ba4c000-7ff82ba60000 r-xp 00000000 103:02 9183729                   /usr/lib/x86_64-linux-gnu/libpangoft2-1.0.so.0.4000.14
7ff82ba60000-7ff82bc60000 ---p 00014000 103:02 9183729                   /usr/lib/x86_64-linux-gnu/libpangoft2-1.0.so.0.4000.14
7ff82bc60000-7ff82bc61000 r--p 00014000 103:02 9183729                   /usr/lib/x86_64-linux-gnu/libpangoft2-1.0.so.0.4000.14
7ff82bc61000-7ff82bc62000 rw-p 00015000 103:02 9183729                   /usr/lib/x86_64-linux-gnu/libpangoft2-1.0.so.0.4000.14
7ff82bc62000-7ff82bdf6000 r-xp 00000000 103:02 9183329                   /usr/lib/x86_64-linux-gnu/libgio-2.0.so.0.5600.1
7ff82bdf6000-7ff82bff6000 ---p 00194000 103:02 9183329                   /usr/lib/x86_64-linux-gnu/libgio-2.0.so.0.5600.1
7ff82bff6000-7ff82bffd000 r--p 00194000 103:02 9183329                   /usr/lib/x86_64-linux-gnu/libgio-2.0.so.0.5600.1
7ff82bffd000-7ff82bffe000 rw-p 0019b000 103:02 9183329                   /usr/lib/x86_64-linux-gnu/libgio-2.0.so.0.5600.1
7ff82bffe000-7ff82c000000 rw-p 00000000 00:00 0 
7ff82c000000-7ff82c021000 rw-p 00000000 00:00 0 
7ff82c021000-7ff830000000 ---p 00000000 00:00 0 
7ff830000000-7ff831e48000 rw-p 00000000 00:00 0 
7ff831e48000-7ff834000000 ---p 00000000 00:00 0 
7ff834000000-7ff83432a000 rw-p 00000000 00:00 0 
7ff83432a000-7ff838000000 ---p 00000000 00:00 0 
7ff838000000-7ff838021000 rw-p 00000000 00:00 0 
7ff838021000-7ff83c000000 ---p 00000000 00:00 0 
7ff83c000000-7ff83c19e000 rw-p 00000000 00:00 0 
7ff83c19e000-7ff840000000 ---p 00000000 00:00 0 
7ff840000000-7ff8401bc000 rw-p 00000000 00:00 0 
7ff8401bc000-7ff844000000 ---p 00000000 00:00 0 
7ff844000000-7ff844021000 rw-p 00000000 00:00 0 
7ff844021000-7ff848000000 ---p 00000000 00:00 0 
7ff848000000-7ff84829b000 rw-p 00000000 00:00 0 
7ff84829b000-7ff84c000000 ---p 00000000 00:00 0 
7ff84c000000-7ff84c021000 rw-p 00000000 00:00 0 
7ff84c021000-7ff850000000 ---p 00000000 00:00 0 
7ff850000000-7ff850021000 rw-p 00000000 00:00 0 
7ff850021000-7ff854000000 ---p 00000000 00:00 0 
7ff854000000-7ff854021000 rw-p 00000000 00:00 0 
7ff854021000-7ff858000000 ---p 00000000 00:00 0 
7ff858000000-7ff858005000 rw-s 00000000 00:19 1843                       /i915 (deleted)
7ff858005000-7ff858011000 rw-s 00000000 00:19 1792                       /i915 (deleted)
7ff858011000-7ff858024000 r--p 00000000 103:02 9307059                   /usr/lib/jvm/java-8-oracle/jre/lib/fonts/LucidaBrightDemiBold.ttf
7ff858024000-7ff858072000 r--p 00000000 103:02 9307054                   /usr/lib/jvm/java-8-oracle/jre/lib/fonts/LucidaSansDemiBold.ttf
7ff858072000-7ff8580ac000 r--p 00000000 103:02 9307058                   /usr/lib/jvm/java-8-oracle/jre/lib/fonts/LucidaTypewriterBold.ttf
7ff8580ac000-7ff8580e8000 r--p 00000000 103:02 9307057                   /usr/lib/jvm/java-8-oracle/jre/lib/fonts/LucidaTypewriterRegular.ttf
7ff8580e8000-7ff85810a000 r-xp 00000000 103:02 9182985                   /usr/lib/x86_64-linux-gnu/libatk-1.0.so.0.22810.1
7ff85810a000-7ff85830a000 ---p 00022000 103:02 9182985                   /usr/lib/x86_64-linux-gnu/libatk-1.0.so.0.22810.1
7ff85830a000-7ff85830d000 r--p 00022000 103:02 9182985                   /usr/lib/x86_64-linux-gnu/libatk-1.0.so.0.22810.1
7ff85830d000-7ff85830e000 rw-p 00025000 103:02 9182985                   /usr/lib/x86_64-linux-gnu/libatk-1.0.so.0.22810.1
7ff85830e000-7ff8583be000 r-xp 00000000 103:02 9183309                   /usr/lib/x86_64-linux-gnu/libgdk-x11-2.0.so.0.2400.32
7ff8583be000-7ff8585bd000 ---p 000b0000 103:02 9183309                   /usr/lib/x86_64-linux-gnu/libgdk-x11-2.0.so.0.2400.32
7ff8585bd000-7ff8585c1000 r--p 000af000 103:02 9183309                   /usr/lib/x86_64-linux-gnu/libgdk-x11-2.0.so.0.2400.32
7ff8585c1000-7ff8585c3000 rw-p 000b3000 103:02 9183309                   /usr/lib/x86_64-linux-gnu/libgdk-x11-2.0.so.0.2400.32
7ff8585c3000-7ff8589f8000 r-xp 00000000 103:02 9183442                   /usr/lib/x86_64-linux-gnu/libgtk-x11-2.0.so.0.2400.32
7ff8589f8000-7ff858bf7000 ---p 00435000 103:02 9183442                   /usr/lib/x86_64-linux-gnu/libgtk-x11-2.0.so.0.2400.32
7ff858bf7000-7ff858bfe000 r--p 00434000 103:02 9183442                   /usr/lib/x86_64-linux-gnu/libgtk-x11-2.0.so.0.2400.32
7ff858bfe000-7ff858c02000 rw-p 0043b000 103:02 9183442                   /usr/lib/x86_64-linux-gnu/libgtk-x11-2.0.so.0.2400.32
7ff858c02000-7ff858c05000 rw-p 00000000 00:00 0 
7ff858c05000-7ff858c11000 r-xp 00000000 103:02 9441136                   /usr/lib/jvm/java-8-oracle/jre/lib/amd64/libprism_es2.so
7ff858c11000-7ff858e10000 ---p 0000c000 103:02 9441136                   /usr/lib/jvm/java-8-oracle/jre/lib/amd64/libprism_es2.so
7ff858e10000-7ff858e11000 rw-p 0000b000 103:02 9441136                   /usr/lib/jvm/java-8-oracle/jre/lib/amd64/libprism_es2.so
7ff858e11000-7ff858e14000 ---p 00000000 00:00 0 
7ff858e14000-7ff858f12000 rw-p 00000000 00:00 0 
7ff858f12000-7ff858f13000 ---p 00000000 00:00 0 
7ff858f13000-7ff859013000 rw-p 00000000 00:00 0 
7ff859013000-7ff859016000 ---p 00000000 00:00 0 
7ff859016000-7ff859114000 rw-p 00000000 00:00 0 
7ff859114000-7ff859115000 ---p 00000000 00:00 0 
7ff859115000-7ff859118000 ---p 00000000 00:00 0 
7ff859118000-7ff859215000 rw-p 00000000 00:00 0 
7ff859215000-7ff859216000 ---p 00000000 00:00 0 
7ff859216000-7ff859219000 ---p 00000000 00:00 0 
7ff859219000-7ff859316000 rw-p 00000000 00:00 0 
7ff859316000-7ff859317000 ---p 00000000 00:00 0 
7ff859317000-7ff85931a000 ---p 00000000 00:00 0 
7ff85931a000-7ff859417000 rw-p 00000000 00:00 0 
7ff859417000-7ff859418000 ---p 00000000 00:00 0 
7ff859418000-7ff85941b000 ---p 00000000 00:00 0 
7ff85941b000-7ff859518000 rw-p 00000000 00:00 0 
7ff859518000-7ff85951b000 ---p 00000000 00:00 0 
7ff85951b000-7ff859619000 rw-p 00000000 00:00 0 
7ff859619000-7ff859fe8000 r--p 00000000 103:02 9181819                   /usr/lib/locale/locale-archive
7ff859fe8000-7ff859feb000 ---p 00000000 00:00 0 
7ff859feb000-7ff85a0e9000 rw-p 00000000 00:00 0 
7ff85a0e9000-7ff85a0ec000 ---p 00000000 00:00 0 
7ff85a0ec000-7ff85a1ea000 rw-p 00000000 00:00 0 
7ff85a1ea000-7ff85a1eb000 ---p 00000000 00:00 0 
7ff85a1eb000-7ff85c000000 rw-p 00000000 00:00 0 
7ff85c000000-7ff85c021000 rw-p 00000000 00:00 0 
7ff85c021000-7ff860000000 ---p 00000000 00:00 0 
7ff860000000-7ff860013000 r--p 00000000 103:02 9307056                   /usr/lib/jvm/java-8-oracle/jre/lib/fonts/LucidaBrightDemiItalic.ttf
7ff860013000-7ff8600be000 r--p 00000000 103:02 9307052                   /usr/lib/jvm/java-8-oracle/jre/lib/fonts/LucidaSansRegular.ttf
7ff8600be000-7ff8600d2000 r--p 00000000 103:02 9307051                   /usr/lib/jvm/java-8-oracle/jre/lib/fonts/LucidaBrightItalic.ttf
7ff8600d2000-7ff8600dd000 r--s 00000000 103:02 15335732                  /var/cache/fontconfig/945677eb7aeaf62f1d50efc3fb3ec7d8-le64.cache-7
7ff8600dd000-7ff864000000 rw-p 00000000 00:00 0 
7ff864000000-7ff864021000 rw-p 00000000 00:00 0 
7ff864021000-7ff868000000 ---p 00000000 00:00 0 
7ff868000000-7ff868021000 rw-p 00000000 00:00 0 
7ff868021000-7ff86c000000 ---p 00000000 00:00 0 
7ff86c000000-7ff86c021000 rw-p 00000000 00:00 0 
7ff86c021000-7ff870000000 ---p 00000000 00:00 0 
7ff870000000-7ff870021000 rw-p 00000000 00:00 0 
7ff870021000-7ff874000000 ---p 00000000 00:00 0 
7ff874000000-7ff874021000 rw-p 00000000 00:00 0 
7ff874021000-7ff878000000 ---p 00000000 00:00 0 
7ff878000000-7ff878021000 rw-p 00000000 00:00 0 
7ff878021000-7ff87c000000 ---p 00000000 00:00 0 
7ff87c000000-7ff87c021000 rw-p 00000000 00:00 0 
7ff87c021000-7ff880000000 ---p 00000000 00:00 0 
7ff880001000-7ff880006000 r--s 00084000 103:02 9307039                   /usr/lib/jvm/java-8-oracle/jre/lib/jfr.jar
7ff880006000-7ff88000b000 r--s 00000000 103:02 15335703                  /var/cache/fontconfig/2300eef321c393bfd76478a5c0e95b23-le64.cache-7
7ff88000b000-7ff88000c000 r--s 00000000 103:02 15335696                  /var/cache/fontconfig/0d8c3b2ac0904cb8a57a757ad11a4a08-le64.cache-7
7ff88000c000-7ff880010000 r--s 00000000 103:02 15341872                  /var/cache/fontconfig/de156ccd2eddbdc19d37a45b8b2aac9c-le64.cache-7
7ff880010000-7ff880025000 r--s 00000000 103:02 15335692                  /var/cache/fontconfig/04aabc0a78ac019cf9454389977116d2-le64.cache-7
7ff880025000-7ff880026000 r--s 00000000 103:02 15335700                  /var/cache/fontconfig/1ac9eb803944fde146138c791f5cc56a-le64.cache-7
7ff880026000-7ff880027000 r--s 00000000 103:02 15335751                  /var/cache/fontconfig/dc05db6664285cc2f12bf69c139ae4c3-le64.cache-7
7ff880027000-7ff880029000 r--s 00000000 103:02 15335697                  /var/cache/fontconfig/14a5e22175779b556eaa434240950366-le64.cache-7
7ff880029000-7ff88002a000 r--s 00000000 103:02 15335724                  /var/cache/fontconfig/660208299946a285a940457d1287da33-le64.cache-7
7ff88002a000-7ff88002c000 r--s 00000000 103:02 15335715                  /var/cache/fontconfig/4f3e3037c9980c83b53a9351efadef62-le64.cache-7
7ff88002c000-7ff88002e000 r--s 00000000 103:02 15335729                  /var/cache/fontconfig/767a8244fc0220cfb567a839d0392e0b-le64.cache-7
7ff88002e000-7ff88002f000 r--s 00000000 103:02 15335710                  /var/cache/fontconfig/4794a0821666d79190d59a36cb4f44b5-le64.cache-7
7ff88002f000-7ff880031000 r--s 00000000 103:02 15335694                  /var/cache/fontconfig/0bd3dc0958fa2205aaaa8ebb13e2872b-le64.cache-7
7ff880031000-7ff880036000 r--s 00000000 103:02 15335752                  /var/cache/fontconfig/def309198bfa603429122923fa2bb2d4-le64.cache-7
7ff880036000-7ff880037000 r--s 00000000 103:02 15335740                  /var/cache/fontconfig/b872e6e592da6075ffa4ab0a1fcc0c75-le64.cache-7
7ff880037000-7ff880038000 r--s 00000000 103:02 15335757                  /var/cache/fontconfig/f6d4eedfaab2589bde49f7a3ff831d22-le64.cache-7
7ff880038000-7ff880039000 r--s 00000000 103:02 15335722                  /var/cache/fontconfig/589f83ef4c36d296ce6e1c846f468f08-le64.cache-7
7ff880039000-7ff88003a000 r--s 00000000 103:02 15335742                  /var/cache/fontconfig/bab58bb527bb656aaa9f116d68a48d89-le64.cache-7
7ff88003a000-7ff88003b000 r--s 00000000 103:02 15335701                  /var/cache/fontconfig/2171a34dccabdb6bcbbc728186263178-le64.cache-7
7ff88003b000-7ff88003c000 r--s 00000000 103:02 15335743                  /var/cache/fontconfig/c5c45a61289222e0d30b1a26ef4effbe-le64.cache-7
7ff88003c000-7ff88003d000 r--s 00000000 103:02 15335738                  /var/cache/fontconfig/aec30016f93e1b46d1a973dce0d74068-le64.cache-7
7ff88003d000-7ff88003e000 r--s 00000000 103:02 15335708                  /var/cache/fontconfig/3f589640d34b7dc9042c8d453f7c8b9c-le64.cache-7
7ff88003e000-7ff88003f000 r--s 00000000 103:02 15335698                  /var/cache/fontconfig/16c2fda60d1b4b719f4b3d06fd951d25-le64.cache-7
7ff88003f000-7ff880044000 r--s 00000000 103:02 15335735                  /var/cache/fontconfig/9d2451b1fd30e5bffe8383fd27c35478-le64.cache-7
7ff880044000-7ff88004a000 r--s 00000000 103:02 15335704                  /var/cache/fontconfig/3047814df9a2f067bd2d96a2b9c36e5a-le64.cache-7
7ff88004a000-7ff880050000 r--s 00000000 103:02 15335739                  /var/cache/fontconfig/b47c4e1ecd0709278f4910c18777a504-le64.cache-7
7ff880050000-7ff8800e5000 r--s 0110b000 103:02 9439507                   /usr/lib/jvm/java-8-oracle/jre/lib/ext/jfxrt.jar
7ff8800e5000-7ff8803e8000 rw-p 00000000 00:00 0 
7ff8803e8000-7ff8805c2000 r--s 03d68000 103:02 9307075                   /usr/lib/jvm/java-8-oracle/jre/lib/rt.jar
7ff8805c2000-7ff8809fa000 rw-p 00000000 00:00 0 
7ff8809fa000-7ff8809fb000 ---p 00000000 00:00 0 
7ff8809fb000-7ff880afb000 rw-p 00000000 00:00 0 
7ff880afb000-7ff880afc000 ---p 00000000 00:00 0 
7ff880afc000-7ff880bfc000 rw-p 00000000 00:00 0 
7ff880bfc000-7ff880bfd000 ---p 00000000 00:00 0 
7ff880bfd000-7ff880cfd000 rw-p 00000000 00:00 0 
7ff880cfd000-7ff880cfe000 ---p 00000000 00:00 0 
7ff880cfe000-7ff880dfe000 rw-p 00000000 00:00 0 
7ff880dfe000-7ff880dff000 ---p 00000000 00:00 0 
7ff880dff000-7ff880eff000 rw-p 00000000 00:00 0 
7ff880eff000-7ff880f00000 ---p 00000000 00:00 0 
7ff880f00000-7ff881000000 rw-p 00000000 00:00 0 
7ff881000000-7ff8814d0000 rwxp 00000000 00:00 0 
7ff8814d0000-7ff890000000 ---p 00000000 00:00 0 
7ff890000000-7ff890586000 rw-p 00000000 00:00 0 
7ff890586000-7ff894000000 ---p 00000000 00:00 0 
7ff894000000-7ff894001000 r--s 00000000 103:02 15335737                  /var/cache/fontconfig/a48eab177a16e4f3713381162db2f3e9-le64.cache-7
7ff894001000-7ff894002000 r--s 00000000 103:02 15335718                  /var/cache/fontconfig/564b2e68ac9bc4e36a6f7f6d6125ec1c-le64.cache-7
7ff894002000-7ff894003000 r--s 00000000 103:02 15335719                  /var/cache/fontconfig/56cf4f4769d0f4abc89a4895d7bd3ae1-le64.cache-7
7ff894003000-7ff894004000 r--s 00000000 103:02 15335741                  /var/cache/fontconfig/b9d506c9ac06c20b433354fa67a72993-le64.cache-7
7ff894004000-7ff894017000 r--s 00000000 103:02 15335748                  /var/cache/fontconfig/d52a8644073d54c13679302ca1180695-le64.cache-7
7ff894017000-7ff894018000 r--s 00000000 103:02 15335706                  /var/cache/fontconfig/370e5b74bf5dafc30834de68e24a87a4-le64.cache-7
7ff894018000-7ff894019000 r--s 00000000 103:02 15335717                  /var/cache/fontconfig/6b2c5944714ca7831b25bed9e85cb5c8-le64.cache-7
7ff894019000-7ff89401a000 r--s 00000000 103:02 15335747                  /var/cache/fontconfig/d5178ab6d91b49bf20a416737dcea9e8-le64.cache-7
7ff89401a000-7ff89401b000 r--s 00000000 103:02 15335756                  /var/cache/fontconfig/551ecf3b0e8b0bca0f25c0944f561853-le64.cache-7
7ff89401b000-7ff89401e000 r--s 00000000 103:02 15335725                  /var/cache/fontconfig/f259c2cffa685e28062317905db73c4a-le64.cache-7
7ff89401e000-7ff894020000 r--s 00000000 103:02 15337524                  /var/cache/fontconfig/550f3886151c940c12a5ed35f6a00586-le64.cache-7
7ff894020000-7ff894023000 r--s 00000000 103:02 15337525                  /var/cache/fontconfig/674d1711f2d1d2a09646eb0bdcadee49-le64.cache-7
7ff894023000-7ff894024000 r--s 00000000 103:02 15335709                  /var/cache/fontconfig/3f7329c5293ffd510edef78f73874cfd-le64.cache-7
7ff894024000-7ff894030000 r--s 00000000 103:02 15340041                  /var/cache/fontconfig/d589a48862398ed80a3d6066f4f56f4c-le64.cache-7
7ff894030000-7ff894031000 r--s 00000000 103:02 15335695                  /var/cache/fontconfig/0c9eb80ebd1c36541ebe2852d3bb0c49-le64.cache-7
7ff894031000-7ff894032000 r--s 00000000 103:02 15335702                  /var/cache/fontconfig/22368d551a680bfe5a62c02760edf4ea-le64.cache-7
7ff894032000-7ff894033000 r--s 00000000 103:02 15335714                  /var/cache/fontconfig/4d9c95eba1cb85bbcf2878543262124a-le64.cache-7
7ff894033000-7ff894034000 r--s 00000000 103:02 15335731                  /var/cache/fontconfig/85e0a52ce643a7ba2ae53e5d6949cead-le64.cache-7
7ff894034000-7ff894035000 r--s 00000000 103:02 15335711                  /var/cache/fontconfig/49f0de54bdd920fe4f0dfd4cbac43e6b-le64.cache-7
7ff894035000-7ff894036000 r--s 00000000 103:02 15335758                  /var/cache/fontconfig/f6e6e0a5c3d2f6ae0c0c2e0ecd42a997-le64.cache-7
7ff894036000-7ff894037000 r--s 00000000 103:02 15335712                  /var/cache/fontconfig/4b2eda6bb976bda485cb2176619421d5-le64.cache-7
7ff894037000-7ff894045000 r--s 00000000 103:02 15335734                  /var/cache/fontconfig/9b89f8e3dae116d678bbf48e5f21f69b-le64.cache-7
7ff894045000-7ff894053000 r--s 00000000 103:02 15336063                  /var/cache/fontconfig/e13b20fdb08344e0e664864cc2ede53d-le64.cache-7
7ff894053000-7ff894058000 rw-s 00000000 00:19 1789                       /i915 (deleted)
7ff894058000-7ff89405c000 rw-s 00000000 00:19 1779                       /i915 (deleted)
7ff89405c000-7ff89405d000 ---p 00000000 00:00 0 
7ff89405d000-7ff89415d000 rw-p 00000000 00:00 0 
7ff89415d000-7ff89415e000 ---p 00000000 00:00 0 
7ff89415e000-7ff894287000 rw-p 00000000 00:00 0 
7ff894287000-7ff8944e0000 ---p 00000000 00:00 0 
7ff8944e0000-7ff894509000 rw-p 00000000 00:00 0 
7ff894509000-7ff894761000 ---p 00000000 00:00 0 
7ff894761000-7ff894776000 rw-p 00000000 00:00 0 
7ff894776000-7ff8948a2000 ---p 00000000 00:00 0 
7ff8948a2000-7ff8948b7000 rw-p 00000000 00:00 0 
7ff8948b7000-7ff894c63000 ---p 00000000 00:00 0 
7ff894c63000-7ff894c7e000 r-xp 00000000 103:02 9441128                   /usr/lib/jvm/java-8-oracle/jre/lib/amd64/libzip.so
7ff894c7e000-7ff894e7e000 ---p 0001b000 103:02 9441128                   /usr/lib/jvm/java-8-oracle/jre/lib/amd64/libzip.so
7ff894e7e000-7ff894e7f000 rw-p 0001b000 103:02 9441128                   /usr/lib/jvm/java-8-oracle/jre/lib/amd64/libzip.so
7ff894e7f000-7ff894e8a000 r-xp 00000000 103:02 266930                    /lib/x86_64-linux-gnu/libnss_files-2.27.so
7ff894e8a000-7ff895089000 ---p 0000b000 103:02 266930                    /lib/x86_64-linux-gnu/libnss_files-2.27.so
7ff895089000-7ff89508a000 r--p 0000a000 103:02 266930                    /lib/x86_64-linux-gnu/libnss_files-2.27.so
7ff89508a000-7ff89508b000 rw-p 0000b000 103:02 266930                    /lib/x86_64-linux-gnu/libnss_files-2.27.so
7ff89508b000-7ff895091000 rw-p 00000000 00:00 0 
7ff895091000-7ff8950a8000 r-xp 00000000 103:02 266924                    /lib/x86_64-linux-gnu/libnsl-2.27.so
7ff8950a8000-7ff8952a7000 ---p 00017000 103:02 266924                    /lib/x86_64-linux-gnu/libnsl-2.27.so
7ff8952a7000-7ff8952a8000 r--p 00016000 103:02 266924                    /lib/x86_64-linux-gnu/libnsl-2.27.so
7ff8952a8000-7ff8952a9000 rw-p 00017000 103:02 266924                    /lib/x86_64-linux-gnu/libnsl-2.27.so
7ff8952a9000-7ff8952ab000 rw-p 00000000 00:00 0 
7ff8952ab000-7ff8952b6000 r-xp 00000000 103:02 266941                    /lib/x86_64-linux-gnu/libnss_nis-2.27.so
7ff8952b6000-7ff8954b5000 ---p 0000b000 103:02 266941                    /lib/x86_64-linux-gnu/libnss_nis-2.27.so
7ff8954b5000-7ff8954b6000 r--p 0000a000 103:02 266941                    /lib/x86_64-linux-gnu/libnss_nis-2.27.so
7ff8954b6000-7ff8954b7000 rw-p 0000b000 103:02 266941                    /lib/x86_64-linux-gnu/libnss_nis-2.27.so
7ff8954b7000-7ff8954bf000 r-xp 00000000 103:02 266926                    /lib/x86_64-linux-gnu/libnss_compat-2.27.so
7ff8954bf000-7ff8956bf000 ---p 00008000 103:02 266926                    /lib/x86_64-linux-gnu/libnss_compat-2.27.so
7ff8956bf000-7ff8956c0000 r--p 00008000 103:02 266926                    /lib/x86_64-linux-gnu/libnss_compat-2.27.so
7ff8956c0000-7ff8956c1000 rw-p 00009000 103:02 266926                    /lib/x86_64-linux-gnu/libnss_compat-2.27.so
7ff8956c1000-7ff8956ec000 r-xp 00000000 103:02 9441122                   /usr/lib/jvm/java-8-oracle/jre/lib/amd64/libjava.so
7ff8956ec000-7ff8958eb000 ---p 0002b000 103:02 9441122                   /usr/lib/jvm/java-8-oracle/jre/lib/amd64/libjava.so
7ff8958eb000-7ff8958ed000 rw-p 0002a000 103:02 9441122                   /usr/lib/jvm/java-8-oracle/jre/lib/amd64/libjava.so
7ff8958ed000-7ff8958fa000 r-xp 00000000 103:02 9441127                   /usr/lib/jvm/java-8-oracle/jre/lib/amd64/libverify.so
7ff8958fa000-7ff895afa000 ---p 0000d000 103:02 9441127                   /usr/lib/jvm/java-8-oracle/jre/lib/amd64/libverify.so
7ff895afa000-7ff895afc000 rw-p 0000d000 103:02 9441127                   /usr/lib/jvm/java-8-oracle/jre/lib/amd64/libverify.so
7ff895afc000-7ff895b03000 r-xp 00000000 103:02 266981                    /lib/x86_64-linux-gnu/librt-2.27.so
7ff895b03000-7ff895d02000 ---p 00007000 103:02 266981                    /lib/x86_64-linux-gnu/librt-2.27.so
7ff895d02000-7ff895d03000 r--p 00006000 103:02 266981                    /lib/x86_64-linux-gnu/librt-2.27.so
7ff895d03000-7ff895d04000 rw-p 00007000 103:02 266981                    /lib/x86_64-linux-gnu/librt-2.27.so
7ff895d04000-7ff895ea1000 r-xp 00000000 103:02 266903                    /lib/x86_64-linux-gnu/libm-2.27.so
7ff895ea1000-7ff8960a0000 ---p 0019d000 103:02 266903                    /lib/x86_64-linux-gnu/libm-2.27.so
7ff8960a0000-7ff8960a1000 r--p 0019c000 103:02 266903                    /lib/x86_64-linux-gnu/libm-2.27.so
7ff8960a1000-7ff8960a2000 rw-p 0019d000 103:02 266903                    /lib/x86_64-linux-gnu/libm-2.27.so
7ff8960a2000-7ff896d7b000 r-xp 00000000 103:02 9441104                   /usr/lib/jvm/java-8-oracle/jre/lib/amd64/server/libjvm.so
7ff896d7b000-7ff896f7a000 ---p 00cd9000 103:02 9441104                   /usr/lib/jvm/java-8-oracle/jre/lib/amd64/server/libjvm.so
7ff896f7a000-7ff897054000 rw-p 00cd8000 103:02 9441104                   /usr/lib/jvm/java-8-oracle/jre/lib/amd64/server/libjvm.so
7ff897054000-7ff89709f000 rw-p 00000000 00:00 0 
7ff89709f000-7ff897286000 r-xp 00000000 103:02 266840                    /lib/x86_64-linux-gnu/libc-2.27.so
7ff897286000-7ff897486000 ---p 001e7000 103:02 266840                    /lib/x86_64-linux-gnu/libc-2.27.so
7ff897486000-7ff89748a000 r--p 001e7000 103:02 266840                    /lib/x86_64-linux-gnu/libc-2.27.so
7ff89748a000-7ff89748c000 rw-p 001eb000 103:02 266840                    /lib/x86_64-linux-gnu/libc-2.27.so
7ff89748c000-7ff897490000 rw-p 00000000 00:00 0 
7ff897490000-7ff897493000 r-xp 00000000 103:02 266863                    /lib/x86_64-linux-gnu/libdl-2.27.so
7ff897493000-7ff897692000 ---p 00003000 103:02 266863                    /lib/x86_64-linux-gnu/libdl-2.27.so
7ff897692000-7ff897693000 r--p 00002000 103:02 266863                    /lib/x86_64-linux-gnu/libdl-2.27.so
7ff897693000-7ff897694000 rw-p 00003000 103:02 266863                    /lib/x86_64-linux-gnu/libdl-2.27.so
7ff897694000-7ff8976aa000 r-xp 00000000 103:02 9441099                   /usr/lib/jvm/java-8-oracle/jre/lib/amd64/jli/libjli.so
7ff8976aa000-7ff8978a9000 ---p 00016000 103:02 9441099                   /usr/lib/jvm/java-8-oracle/jre/lib/amd64/jli/libjli.so
7ff8978a9000-7ff8978aa000 rw-p 00015000 103:02 9441099                   /usr/lib/jvm/java-8-oracle/jre/lib/amd64/jli/libjli.so
7ff8978aa000-7ff8978c4000 r-xp 00000000 103:02 266973                    /lib/x86_64-linux-gnu/libpthread-2.27.so
7ff8978c4000-7ff897ac3000 ---p 0001a000 103:02 266973                    /lib/x86_64-linux-gnu/libpthread-2.27.so
7ff897ac3000-7ff897ac4000 r--p 00019000 103:02 266973                    /lib/x86_64-linux-gnu/libpthread-2.27.so
7ff897ac4000-7ff897ac5000 rw-p 0001a000 103:02 266973                    /lib/x86_64-linux-gnu/libpthread-2.27.so
7ff897ac5000-7ff897ac9000 rw-p 00000000 00:00 0 
7ff897ac9000-7ff897af0000 r-xp 00000000 103:02 266812                    /lib/x86_64-linux-gnu/ld-2.27.so
7ff897af0000-7ff897af2000 r--s 00000000 103:02 15335726                  /var/cache/fontconfig/6afa1bb216ce958c1589e297e8008489-le64.cache-7
7ff897af2000-7ff897af6000 rw-s 00000000 00:19 1776                       /i915 (deleted)
7ff897af6000-7ff897afb000 rw-s 00000000 00:19 1774                       /i915 (deleted)
7ff897afb000-7ff897b00000 rw-s 00000000 00:19 1773                       /i915 (deleted)
7ff897b00000-7ff897b01000 rw-s 00000000 00:19 1784                       /i915 (deleted)
7ff897b01000-7ff897b05000 rw-s 00000000 00:19 1765                       /i915 (deleted)
7ff897b05000-7ff897bd5000 rw-p 00000000 00:00 0 
7ff897bd5000-7ff897bd6000 ---p 00000000 00:00 0 
7ff897bd6000-7ff897bd9000 ---p 00000000 00:00 0 
7ff897bd9000-7ff897cd8000 rw-p 00000000 00:00 0 
7ff897cd8000-7ff897cd9000 rwxp 00000000 00:00 0 
7ff897cd9000-7ff897cdd000 rw-s 00000000 00:19 1763                       /i915 (deleted)
7ff897cdd000-7ff897ce2000 rw-s 00000000 00:19 1762                       /i915 (deleted)
7ff897ce2000-7ff897ce4000 r--s 0000b000 103:02 14288050                  /home/austin/OneDrive/Documents/Netbeans Projects/TarkovTrader/dist/run1397847681/TarkovTrader.jar
7ff897ce4000-7ff897cec000 rw-s 00000000 103:02 13238339                  /tmp/hsperfdata_austin/7844
7ff897cec000-7ff897ced000 rw-p 00000000 00:00 0 
7ff897ced000-7ff897cee000 r--p 00000000 00:00 0 
7ff897cee000-7ff897cf0000 rw-p 00000000 00:00 0 
7ff897cf0000-7ff897cf1000 r--p 00027000 103:02 266812                    /lib/x86_64-linux-gnu/ld-2.27.so
7ff897cf1000-7ff897cf2000 rw-p 00028000 103:02 266812                    /lib/x86_64-linux-gnu/ld-2.27.so
7ff897cf2000-7ff897cf3000 rw-p 00000000 00:00 0 
7ffd40229000-7ffd4024a000 rw-p 00000000 00:00 0                          [stack]
7ffd402c7000-7ffd402ca000 r--p 00000000 00:00 0                          [vvar]
7ffd402ca000-7ffd402cc000 r-xp 00000000 00:00 0                          [vdso]
ffffffffff600000-ffffffffff601000 r-xp 00000000 00:00 0                  [vsyscall]

VM Arguments:
jvm_args: -Dfile.encoding=UTF-8 
java_command: /home/austin/OneDrive/Documents/Netbeans Projects/TarkovTrader/dist/run1397847681/TarkovTrader.jar
java_class_path (initial): /home/austin/OneDrive/Documents/Netbeans Projects/TarkovTrader/dist/run1397847681/TarkovTrader.jar
Launcher Type: SUN_STANDARD

Environment Variables:
JAVA_HOME=/usr/lib/jvm/java-8-oracle
PATH=/usr/local/sbin:/usr/local/bin:/usr/sbin:/usr/bin:/sbin:/bin:/usr/games:/usr/local/games:/snap/bin:/usr/lib/jvm/java-8-oracle/bin:/usr/lib/jvm/java-8-oracle/db/bin:/usr/lib/jvm/java-8-oracle/jre/bin
USERNAME=austin
LD_LIBRARY_PATH=/usr/lib/jvm/java-8-oracle/jre/lib/amd64:/usr/lib/jvm/java-8-oracle/jre/lib/i386:
SHELL=/bin/bash
DISPLAY=:0

Signal Handlers:
SIGSEGV: [libjvm.so+0xad0890], sa_mask[0]=11111111011111111101111111111110, sa_flags=SA_RESTART|SA_SIGINFO
SIGBUS: [libjvm.so+0xad0890], sa_mask[0]=11111111011111111101111111111110, sa_flags=SA_RESTART|SA_SIGINFO
SIGFPE: [libjvm.so+0x928640], sa_mask[0]=11111111011111111101111111111110, sa_flags=SA_RESTART|SA_SIGINFO
SIGPIPE: SIG_IGN, sa_mask[0]=00000000000010000000000000000000, sa_flags=SA_RESTART
SIGXFSZ: [libjvm.so+0x928640], sa_mask[0]=11111111011111111101111111111110, sa_flags=SA_RESTART|SA_SIGINFO
SIGILL: [libjvm.so+0x928640], sa_mask[0]=11111111011111111101111111111110, sa_flags=SA_RESTART|SA_SIGINFO
SIGUSR1: SIG_DFL, sa_mask[0]=00000000000000000000000000000000, sa_flags=none
SIGUSR2: [libjvm.so+0x929ea0], sa_mask[0]=00100000000000000000000000000000, sa_flags=SA_RESTART|SA_SIGINFO
SIGHUP: [libjvm.so+0x92b2a0], sa_mask[0]=11111111011111111101111111111110, sa_flags=SA_RESTART|SA_SIGINFO
SIGINT: SIG_IGN, sa_mask[0]=00000000000000000000000000000000, sa_flags=none
SIGTERM: [libjvm.so+0x92b2a0], sa_mask[0]=11111111011111111101111111111110, sa_flags=SA_RESTART|SA_SIGINFO
SIGQUIT: [libjvm.so+0x92b2a0], sa_mask[0]=11111111011111111101111111111110, sa_flags=SA_RESTART|SA_SIGINFO


---------------  S Y S T E M  ---------------

OS:DISTRIB_ID=Ubuntu
DISTRIB_RELEASE=18.04
DISTRIB_CODENAME=bionic
DISTRIB_DESCRIPTION="Ubuntu 18.04 LTS"

uname:Linux 4.15.0-23-generic #25-Ubuntu SMP Wed May 23 18:02:16 UTC 2018 x86_64
libc:glibc 2.27 NPTL 2.27 
rlimit: STACK 8192k, CORE 0k, NPROC 30365, NOFILE 1048576, AS infinity
load average:1.13 1.65 1.64

/proc/meminfo:
MemTotal:        7877392 kB
MemFree:         1209652 kB
MemAvailable:    3791232 kB
Buffers:          128216 kB
Cached:          2023620 kB
SwapCached:            0 kB
Active:          3828828 kB
Inactive:        2516992 kB
Active(anon):    3126308 kB
Inactive(anon):   461536 kB
Active(file):     702520 kB
Inactive(file):  2055456 kB
Unevictable:          56 kB
Mlocked:              56 kB
SwapTotal:       2097148 kB
SwapFree:        2097148 kB
Dirty:               664 kB
Writeback:             0 kB
AnonPages:       4193936 kB
Mapped:           674212 kB
Shmem:            462648 kB
Slab:             170400 kB
SReclaimable:     104100 kB
SUnreclaim:        66300 kB
KernelStack:       14784 kB
PageTables:        49940 kB
NFS_Unstable:          0 kB
Bounce:                0 kB
WritebackTmp:          0 kB
CommitLimit:     6035844 kB
Committed_AS:   10164032 kB
VmallocTotal:   34359738367 kB
VmallocUsed:           0 kB
VmallocChunk:          0 kB
HardwareCorrupted:     0 kB
AnonHugePages:         0 kB
ShmemHugePages:        0 kB
ShmemPmdMapped:        0 kB
CmaTotal:              0 kB
CmaFree:               0 kB
HugePages_Total:       0
HugePages_Free:        0
HugePages_Rsvd:        0
HugePages_Surp:        0
Hugepagesize:       2048 kB
DirectMap4k:      203632 kB
DirectMap2M:     5795840 kB
DirectMap1G:     2097152 kB


CPU:total 8 (initial active 8) (4 cores per cpu, 2 threads per core) family 6 model 142 stepping 10, cmov, cx8, fxsr, mmx, sse, sse2, sse3, ssse3, sse4.1, sse4.2, popcnt, avx, avx2, aes, clmul, erms, 3dnowpref, lzcnt, ht, tsc, tscinvbit, bmi1, bmi2, adx

/proc/cpuinfo:
processor	: 0
vendor_id	: GenuineIntel
cpu family	: 6
model		: 142
model name	: Intel(R) Core(TM) i7-8550U CPU @ 1.80GHz
stepping	: 10
microcode	: 0x84
cpu MHz		: 2256.414
cache size	: 8192 KB
physical id	: 0
siblings	: 8
core id		: 0
cpu cores	: 4
apicid		: 0
initial apicid	: 0
fpu		: yes
fpu_exception	: yes
cpuid level	: 22
wp		: yes
flags		: fpu vme de pse tsc msr pae mce cx8 apic sep mtrr pge mca cmov pat pse36 clflush dts acpi mmx fxsr sse sse2 ss ht tm pbe syscall nx pdpe1gb rdtscp lm constant_tsc art arch_perfmon pebs bts rep_good nopl xtopology nonstop_tsc cpuid aperfmperf tsc_known_freq pni pclmulqdq dtes64 monitor ds_cpl vmx est tm2 ssse3 sdbg fma cx16 xtpr pdcm pcid sse4_1 sse4_2 x2apic movbe popcnt tsc_deadline_timer aes xsave avx f16c rdrand lahf_lm abm 3dnowprefetch cpuid_fault epb invpcid_single pti ibrs ibpb stibp tpr_shadow vnmi flexpriority ept vpid fsgsbase tsc_adjust bmi1 avx2 smep bmi2 erms invpcid mpx rdseed adx smap clflushopt intel_pt xsaveopt xsavec xgetbv1 xsaves dtherm ida arat pln pts hwp hwp_notify hwp_act_window hwp_epp
bugs		: cpu_meltdown spectre_v1 spectre_v2 spec_store_bypass
bogomips	: 3984.00
clflush size	: 64
cache_alignment	: 64
address sizes	: 39 bits physical, 48 bits virtual
power management:

processor	: 1
vendor_id	: GenuineIntel
cpu family	: 6
model		: 142
model name	: Intel(R) Core(TM) i7-8550U CPU @ 1.80GHz
stepping	: 10
microcode	: 0x84
cpu MHz		: 2209.171
cache size	: 8192 KB
physical id	: 0
siblings	: 8
core id		: 1
cpu cores	: 4
apicid		: 2
initial apicid	: 2
fpu		: yes
fpu_exception	: yes
cpuid level	: 22
wp		: yes
flags		: fpu vme de pse tsc msr pae mce cx8 apic sep mtrr pge mca cmov pat pse36 clflush dts acpi mmx fxsr sse sse2 ss ht tm pbe syscall nx pdpe1gb rdtscp lm constant_tsc art arch_perfmon pebs bts rep_good nopl xtopology nonstop_tsc cpuid aperfmperf tsc_known_freq pni pclmulqdq dtes64 monitor ds_cpl vmx est tm2 ssse3 sdbg fma cx16 xtpr pdcm pcid sse4_1 sse4_2 x2apic movbe popcnt tsc_deadline_timer aes xsave avx f16c rdrand lahf_lm abm 3dnowprefetch cpuid_fault epb invpcid_single pti ibrs ibpb stibp tpr_shadow vnmi flexpriority ept vpid fsgsbase tsc_adjust bmi1 avx2 smep bmi2 erms invpcid mpx rdseed adx smap clflushopt intel_pt xsaveopt xsavec xgetbv1 xsaves dtherm ida arat pln pts hwp hwp_notify hwp_act_window hwp_epp
bugs		: cpu_meltdown spectre_v1 spectre_v2 spec_store_bypass
bogomips	: 3984.00
clflush size	: 64
cache_alignment	: 64
address sizes	: 39 bits physical, 48 bits virtual
power management:

processor	: 2
vendor_id	: GenuineIntel
cpu family	: 6
model		: 142
model name	: Intel(R) Core(TM) i7-8550U CPU @ 1.80GHz
stepping	: 10
microcode	: 0x84
cpu MHz		: 2261.330
cache size	: 8192 KB
physical id	: 0
siblings	: 8
core id		: 2
cpu cores	: 4
apicid		: 4
initial apicid	: 4
fpu		: yes
fpu_exception	: yes
cpuid level	: 22
wp		: yes
flags		: fpu vme de pse tsc msr pae mce cx8 apic sep mtrr pge mca cmov pat pse36 clflush dts acpi mmx fxsr sse sse2 ss ht tm pbe syscall nx pdpe1gb rdtscp lm constant_tsc art arch_perfmon pebs bts rep_good nopl xtopology nonstop_tsc cpuid aperfmperf tsc_known_freq pni pclmulqdq dtes64 monitor ds_cpl vmx est tm2 ssse3 sdbg fma cx16 xtpr pdcm pcid sse4_1 sse4_2 x2apic movbe popcnt tsc_deadline_timer aes xsave avx f16c rdrand lahf_lm abm 3dnowprefetch cpuid_fault epb invpcid_single pti ibrs ibpb stibp tpr_shadow vnmi flexpriority ept vpid fsgsbase tsc_adjust bmi1 avx2 smep bmi2 erms invpcid mpx rdseed adx smap clflushopt intel_pt xsaveopt xsavec xgetbv1 xsaves dtherm ida arat pln pts hwp hwp_notify hwp_act_window hwp_epp
bugs		: cpu_meltdown spectre_v1 spectre_v2 spec_store_bypass
bogomips	: 3984.00
clflush size	: 64
cache_alignment	: 64
address sizes	: 39 bits physical, 48 bits virtual
power management:

processor	: 3
vendor_id	: GenuineIntel
cpu family	: 6
model		: 142
model name	: Intel(R) Core(TM) i7-8550U CPU @ 1.80GHz
stepping	: 10
microcode	: 0x84
cpu MHz		: 2166.147
cache size	: 8192 KB
physical id	: 0
siblings	: 8
core id		: 3
cpu cores	: 4
apicid		: 6
initial apicid	: 6
fpu		: yes
fpu_exception	: yes
cpuid level	: 22
wp		: yes
flags		: fpu vme de pse tsc msr pae mce cx8 apic sep mtrr pge mca cmov pat pse36 clflush dts acpi mmx fxsr sse sse2 ss ht tm pbe syscall nx pdpe1gb rdtscp lm constant_tsc art arch_perfmon pebs bts rep_good nopl xtopology nonstop_tsc cpuid aperfmperf tsc_known_freq pni pclmulqdq dtes64 monitor ds_cpl vmx est tm2 ssse3 sdbg fma cx16 xtpr pdcm pcid sse4_1 sse4_2 x2apic movbe popcnt tsc_deadline_timer aes xsave avx f16c rdrand lahf_lm abm 3dnowprefetch cpuid_fault epb invpcid_single pti ibrs ibpb stibp tpr_shadow vnmi flexpriority ept vpid fsgsbase tsc_adjust bmi1 avx2 smep bmi2 erms invpcid mpx rdseed adx smap clflushopt intel_pt xsaveopt xsavec xgetbv1 xsaves dtherm ida arat pln pts hwp hwp_notify hwp_act_window hwp_epp
bugs		: cpu_meltdown spectre_v1 spectre_v2 spec_store_bypass
bogomips	: 3984.00
clflush size	: 64
cache_alignment	: 64
address sizes	: 39 bits physical, 48 bits virtual
power management:

processor	: 4
vendor_id	: GenuineIntel
cpu family	: 6
model		: 142
model name	: Intel(R) Core(TM) i7-8550U CPU @ 1.80GHz
stepping	: 10
microcode	: 0x84
cpu MHz		: 2192.668
cache size	: 8192 KB
physical id	: 0
siblings	: 8
core id		: 0
cpu cores	: 4
apicid		: 1
initial apicid	: 1
fpu		: yes
fpu_exception	: yes
cpuid level	: 22
wp		: yes
flags		: fpu vme de pse tsc msr pae mce cx8 apic sep mtrr pge mca cmov pat pse36 clflush dts acpi mmx fxsr sse sse2 ss ht tm pbe syscall nx pdpe1gb rdtscp lm constant_tsc art arch_perfmon pebs bts rep_good nopl xtopology nonstop_tsc cpuid aperfmperf tsc_known_freq pni pclmulqdq dtes64 monitor ds_cpl vmx est tm2 ssse3 sdbg fma cx16 xtpr pdcm pcid sse4_1 sse4_2 x2apic movbe popcnt tsc_deadline_timer aes xsave avx f16c rdrand lahf_lm abm 3dnowprefetch cpuid_fault epb invpcid_single pti ibrs ibpb stibp tpr_shadow vnmi flexpriority ept vpid fsgsbase tsc_adjust bmi1 avx2 smep bmi2 erms invpcid mpx rdseed adx smap clflushopt intel_pt xsaveopt xsavec xgetbv1 xsaves dtherm ida arat pln pts hwp hwp_notify hwp_act_window hwp_epp
bugs		: cpu_meltdown spectre_v1 spectre_v2 spec_store_bypass
bogomips	: 3984.00
clflush size	: 64
cache_alignment	: 64
address sizes	: 39 bits physical, 48 bits virtual
power management:

processor	: 5
vendor_id	: GenuineIntel
cpu family	: 6
model		: 142
model name	: Intel(R) Core(TM) i7-8550U CPU @ 1.80GHz
stepping	: 10
microcode	: 0x84
cpu MHz		: 2144.411
cache size	: 8192 KB
physical id	: 0
siblings	: 8
core id		: 1
cpu cores	: 4
apicid		: 3
initial apicid	: 3
fpu		: yes
fpu_exception	: yes
cpuid level	: 22
wp		: yes
flags		: fpu vme de pse tsc msr pae mce cx8 apic sep mtrr pge mca cmov pat pse36 clflush dts acpi mmx fxsr sse sse2 ss ht tm pbe syscall nx pdpe1gb rdtscp lm constant_tsc art arch_perfmon pebs bts rep_good nopl xtopology nonstop_tsc cpuid aperfmperf tsc_known_freq pni pclmulqdq dtes64 monitor ds_cpl vmx est tm2 ssse3 sdbg fma cx16 xtpr pdcm pcid sse4_1 sse4_2 x2apic movbe popcnt tsc_deadline_timer aes xsave avx f16c rdrand lahf_lm abm 3dnowprefetch cpuid_fault epb invpcid_single pti ibrs ibpb stibp tpr_shadow vnmi flexpriority ept vpid fsgsbase tsc_adjust bmi1 avx2 smep bmi2 erms invpcid mpx rdseed adx smap clflushopt intel_pt xsaveopt xsavec xgetbv1 xsaves dtherm ida arat pln pts hwp hwp_notify hwp_act_window hwp_epp
bugs		: cpu_meltdown spectre_v1 spectre_v2 spec_store_bypass
bogomips	: 3984.00
clflush size	: 64
cache_alignment	: 64
address sizes	: 39 bits physical, 48 bits virtual
power management:

processor	: 6
vendor_id	: GenuineIntel
cpu family	: 6
model		: 142
model name	: Intel(R) Core(TM) i7-8550U CPU @ 1.80GHz
stepping	: 10
microcode	: 0x84
cpu MHz		: 2237.831
cache size	: 8192 KB
physical id	: 0
siblings	: 8
core id		: 2
cpu cores	: 4
apicid		: 5
initial apicid	: 5
fpu		: yes
fpu_exception	: yes
cpuid level	: 22
wp		: yes
flags		: fpu vme de pse tsc msr pae mce cx8 apic sep mtrr pge mca cmov pat pse36 clflush dts acpi mmx fxsr sse sse2 ss ht tm pbe syscall nx pdpe1gb rdtscp lm constant_tsc art arch_perfmon pebs bts rep_good nopl xtopology nonstop_tsc cpuid aperfmperf tsc_known_freq pni pclmulqdq dtes64 monitor ds_cpl vmx est tm2 ssse3 sdbg fma cx16 xtpr pdcm pcid sse4_1 sse4_2 x2apic movbe popcnt tsc_deadline_timer aes xsave avx f16c rdrand lahf_lm abm 3dnowprefetch cpuid_fault epb invpcid_single pti ibrs ibpb stibp tpr_shadow vnmi flexpriority ept vpid fsgsbase tsc_adjust bmi1 avx2 smep bmi2 erms invpcid mpx rdseed adx smap clflushopt intel_pt xsaveopt xsavec xgetbv1 xsaves dtherm ida arat pln pts hwp hwp_notify hwp_act_window hwp_epp
bugs		: cpu_meltdown spectre_v1 spectre_v2 spec_store_bypass
bogomips	: 3984.00
clflush size	: 64
cache_alignment	: 64
address sizes	: 39 bits physical, 48 bits virtual
power management:

processor	: 7
vendor_id	: GenuineIntel
cpu family	: 6
model		: 142
model name	: Intel(R) Core(TM) i7-8550U CPU @ 1.80GHz
stepping	: 10
microcode	: 0x84
cpu MHz		: 2201.430
cache size	: 8192 KB
physical id	: 0
siblings	: 8
core id		: 3
cpu cores	: 4
apicid		: 7
initial apicid	: 7
fpu		: yes
fpu_exception	: yes
cpuid level	: 22
wp		: yes
flags		: fpu vme de pse tsc msr pae mce cx8 apic sep mtrr pge mca cmov pat pse36 clflush dts acpi mmx fxsr sse sse2 ss ht tm pbe syscall nx pdpe1gb rdtscp lm constant_tsc art arch_perfmon pebs bts rep_good nopl xtopology nonstop_tsc cpuid aperfmperf tsc_known_freq pni pclmulqdq dtes64 monitor ds_cpl vmx est tm2 ssse3 sdbg fma cx16 xtpr pdcm pcid sse4_1 sse4_2 x2apic movbe popcnt tsc_deadline_timer aes xsave avx f16c rdrand lahf_lm abm 3dnowprefetch cpuid_fault epb invpcid_single pti ibrs ibpb stibp tpr_shadow vnmi flexpriority ept vpid fsgsbase tsc_adjust bmi1 avx2 smep bmi2 erms invpcid mpx rdseed adx smap clflushopt intel_pt xsaveopt xsavec xgetbv1 xsaves dtherm ida arat pln pts hwp hwp_notify hwp_act_window hwp_epp
bugs		: cpu_meltdown spectre_v1 spectre_v2 spec_store_bypass
bogomips	: 3984.00
clflush size	: 64
cache_alignment	: 64
address sizes	: 39 bits physical, 48 bits virtual
power management:



Memory: 4k page, physical 7877392k(1207196k free), swap 2097148k(2097148k free)

vm_info: Java HotSpot(TM) 64-Bit Server VM (25.171-b11) for linux-amd64 JRE (1.8.0_171-b11), built on Mar 28 2018 17:07:08 by "java_re" with gcc 4.3.0 20080428 (Red Hat 4.3.0-8)

time: Sun Jul  8 16:22:32 2018
elapsed time: 5 seconds (0d 0h 0m 5s)

