#
# A fatal error has been detected by the Java Runtime Environment:
#
#  SIGSEGV (0xb) at pc=0x00007fb7def6f9a8, pid=8189, tid=0x00007fb7b01f8700
#
# JRE version: Java(TM) SE Runtime Environment (8.0_171-b11) (build 1.8.0_171-b11)
# Java VM: Java HotSpot(TM) 64-Bit Server VM (25.171-b11 mixed mode linux-amd64 compressed oops)
# Problematic frame:
# V  [libjvm.so+0x6d79a8]  jni_invoke_nonstatic(JNIEnv_*, JavaValue*, _jobject*, JNICallType, _jmethodID*, JNI_ArgumentPusher*, Thread*)+0x38
#
# Failed to write core dump. Core dumps have been disabled. To enable core dumping, try "ulimit -c unlimited" before starting Java again
#
# If you would like to submit a bug report, please visit:
#   http://bugreport.java.com/bugreport/crash.jsp
#

---------------  T H R E A D  ---------------

Current thread (0x00007fb7d83f8000):  JavaThread "JavaFX Application Thread" [_thread_in_vm, id=8214, stack(0x00007fb7b00f8000,0x00007fb7b01f9000)]

siginfo: si_signo: 11 (SIGSEGV), si_code: 1 (SEGV_MAPERR), si_addr: 0x0000000000000066

Registers:
RAX=0x00007fb7b01f73e0, RBX=0x00007fb7b01f72f0, RCX=0x0000000000000001, RDX=0x0000000000000066
RSP=0x00007fb7b01f7140, RBP=0x00007fb7b01f72c0, RSI=0x00007fb7b01f7350, RDI=0x00007fb7d83f81f8
R8 =0x00007fb7d835d6e8, R9 =0x00007fb7b01f72f0, R10=0x00007fb75c000e00, R11=0x00007fb7c93eeee0
R12=0x00007fb7d83f8000, R13=0x00007fb7d835d6e8, R14=0x0000000000000001, R15=0x00007fb7d83f81f8
RIP=0x00007fb7def6f9a8, EFLAGS=0x0000000000010206, CSGSFS=0x002b000000000033, ERR=0x0000000000000004
  TRAPNO=0x000000000000000e

Top of Stack: (sp=0x00007fb7b01f7140)
0x00007fb7b01f7140:   00007fb7b01f7840 00007fb7b01f7460
0x00007fb7b01f7150:   00007fb7b01f71a0 00007fb7b01f7220
0x00007fb7b01f7160:   00007fb7b01f72f0 00007fb7b01f7350
0x00007fb7b01f7170:   00007fb7d83f81f8 00007fb7def8f4b0
0x00007fb7b01f7180:   00007fb77c0124a0 00007fb77c0124b0
0x00007fb7b01f7190:   00007fb77c012888 00000000000003d8
0x00007fb7b01f71a0:   0000000000000000 00000000d9d88778
0x00007fb7b01f71b0:   00007fb70000006f 00007fb70000000a
0x00007fb7b01f71c0:   00000000d81bb5b0 0000000000000000
0x00007fb7b01f71d0:   0000000000000000 0000000000000000
0x00007fb7b01f71e0:   00007fb7c8934c30 0000000100000100
0x00007fb7b01f71f0:   0000000000000000 00007fb7b01f71a8
0x00007fb7b01f7200:   00007fb7b01f71e9 0000000800000005
0x00007fb7b01f7210:   00007fb7b01f7200 00007fb7d83f8990
0x00007fb7b01f7220:   00007fb7df8037b0 00007fb7e03507a0
0x00007fb7b01f7230:   00000000d83f8910 00007fb7d83f8000
0x00007fb7b01f7240:   0000000000000000 00007fb7def6fd7b
0x00007fb7b01f7250:   00007fb7c893ed78 00007fb7d83f8000
0x00007fb7b01f7260:   00007fb7c893ed78 00007fb7d83f8000
0x00007fb7b01f7270:   00007fb7b01f7400 00007fb7c893ed78
0x00007fb7b01f7280:   00007fb7c893ed78 00007fb7c893ed78
0x00007fb7b01f7290:   00007fb77c0124a0 00007fb7b01f72f0
0x00007fb7b01f72a0:   00007fb7d83f8000 00007fb7b01f7330
0x00007fb7b01f72b0:   00007fb7d835d6e8 00007fb7d83f81f8
0x00007fb7b01f72c0:   00007fb7b01f73b0 00007fb7def7414f
0x00007fb7b01f72d0:   00007fb7d83f8000 00007fb7b8ba1614
0x00007fb7b01f72e0:   00007fb7b01f73c8 0000000000000066
0x00007fb7b01f72f0:   00007fb7df804430 00007fb7e03507a0
0x00007fb7b01f7300:   0000000000000000 00007fb700000063
0x00007fb7b01f7310:   0000000000000000 0000003000000018
0x00007fb7b01f7320:   00007fb7b01f74a0 00007fb7b01f73e0
0x00007fb7b01f7330:   00007fb7d83f8000 0000000000000000 

Instructions: (pc=0x00007fb7def6f9a8)
0x00007fb7def6f988:   00 00 48 85 d2 48 89 bd b0 fe ff ff 48 89 b5 a8
0x00007fb7def6f998:   fe ff ff 4c 89 8d a0 fe ff ff 0f 84 78 09 00 00
0x00007fb7def6f9a8:   4c 8b 22 4d 85 e4 0f 84 6c 09 00 00 48 8b 45 10
0x00007fb7def6f9b8:   48 8b 98 38 01 00 00 48 83 7b 18 f7 0f 87 16 07 

Register to memory mapping:

RAX=0x00007fb7b01f73e0 is pointing into the stack for thread: 0x00007fb7d83f8000
RBX=0x00007fb7b01f72f0 is pointing into the stack for thread: 0x00007fb7d83f8000
RCX=0x0000000000000001 is an unknown value
RDX=0x0000000000000066 is an unknown value
RSP=0x00007fb7b01f7140 is pointing into the stack for thread: 0x00007fb7d83f8000
RBP=0x00007fb7b01f72c0 is pointing into the stack for thread: 0x00007fb7d83f8000
RSI=0x00007fb7b01f7350 is pointing into the stack for thread: 0x00007fb7d83f8000
RDI=0x00007fb7d83f81f8 is an unknown value
R8 =0x00007fb7d835d6e8 is an unknown value
R9 =0x00007fb7b01f72f0 is pointing into the stack for thread: 0x00007fb7d83f8000
R10=0x00007fb75c000e00 is an unknown value
R11=0x00007fb7c93eeee0 is at entry_point+32 in (nmethod*)0x00007fb7c93eed50
R12=0x00007fb7d83f8000 is a thread
R13=0x00007fb7d835d6e8 is an unknown value
R14=0x0000000000000001 is an unknown value
R15=0x00007fb7d83f81f8 is an unknown value


Stack: [0x00007fb7b00f8000,0x00007fb7b01f9000],  sp=0x00007fb7b01f7140,  free space=1020k
Native frames: (J=compiled Java code, j=interpreted, Vv=VM code, C=native code)
V  [libjvm.so+0x6d79a8]  jni_invoke_nonstatic(JNIEnv_*, JavaValue*, _jobject*, JNICallType, _jmethodID*, JNI_ArgumentPusher*, Thread*)+0x38
V  [libjvm.so+0x6dc14f]  jni_CallVoidMethodV+0x10f
C  [libglass.so+0x18641]  JNIEnv_::CallVoidMethod(_jobject*, _jmethodID*, ...)+0x81
C  [libglass.so+0x14f0f]  WindowContextBase::process_key(_GdkEventKey*)+0x20f
C  [libglass.so+0x19f60]  WindowContextBase::im_filter_keypress(_GdkEventKey*)+0x1c0
C  [libglass.so+0x1a91c]  process_events(_GdkEvent*, void*)+0x22c
C  [libgdk-x11-2.0.so.0+0x5b02c]

Java frames: (J=compiled Java code, j=interpreted, Vv=VM code)
j  com.sun.glass.ui.gtk.GtkApplication._runLoop(Ljava/lang/Runnable;Z)V+0
j  com.sun.glass.ui.gtk.GtkApplication.lambda$null$48(Ljava/lang/Runnable;Z)V+7
j  com.sun.glass.ui.gtk.GtkApplication$$Lambda$41.run()V+12
j  java.lang.Thread.run()V+11
v  ~StubRoutines::call_stub

---------------  P R O C E S S  ---------------

Java Threads: ( => current thread )
  0x00007fb75c26d000 JavaThread "Prism Font Disposer" daemon [_thread_blocked, id=8219, stack(0x00007fb7a047d000,0x00007fb7a057e000)]
  0x00007fb754011000 JavaThread "Thread-4" [_thread_in_native, id=8218, stack(0x00007fb7a1037000,0x00007fb7a1138000)]
  0x00007fb75c0bb000 JavaThread "Thread-3" [_thread_in_native, id=8217, stack(0x00007fb7a134f000,0x00007fb7a1450000)]
  0x00007fb7d8400000 JavaThread "JavaFX-Launcher" [_thread_blocked, id=8216, stack(0x00007fb7a1450000,0x00007fb7a1551000)]
=>0x00007fb7d83f8000 JavaThread "JavaFX Application Thread" [_thread_in_vm, id=8214, stack(0x00007fb7b00f8000,0x00007fb7b01f9000)]
  0x00007fb7d83f5000 JavaThread "Thread-1" daemon [_thread_blocked, id=8213, stack(0x00007fb7b800f000,0x00007fb7b8110000)]
  0x00007fb7d8346000 JavaThread "QuantumRenderer-0" daemon [_thread_blocked, id=8212, stack(0x00007fb7b9611000,0x00007fb7b9712000)]
  0x00007fb7d8223000 JavaThread "Service Thread" daemon [_thread_blocked, id=8210, stack(0x00007fb7b9813000,0x00007fb7b9914000)]
  0x00007fb7d8210000 JavaThread "C1 CompilerThread3" daemon [_thread_blocked, id=8209, stack(0x00007fb7b9915000,0x00007fb7b9a15000)]
  0x00007fb7d820d800 JavaThread "C2 CompilerThread2" daemon [_thread_blocked, id=8208, stack(0x00007fb7b9a16000,0x00007fb7b9b16000)]
  0x00007fb7d820c000 JavaThread "C2 CompilerThread1" daemon [_thread_in_native, id=8207, stack(0x00007fb7b9b17000,0x00007fb7b9c17000)]
  0x00007fb7d8209000 JavaThread "C2 CompilerThread0" daemon [_thread_in_native, id=8206, stack(0x00007fb7b9c18000,0x00007fb7b9d18000)]
  0x00007fb7d8207800 JavaThread "Signal Dispatcher" daemon [_thread_blocked, id=8205, stack(0x00007fb7b9d18000,0x00007fb7b9e19000)]
  0x00007fb7d81d5000 JavaThread "Finalizer" daemon [_thread_blocked, id=8204, stack(0x00007fb7ba7e8000,0x00007fb7ba8e9000)]
  0x00007fb7d81d0800 JavaThread "Reference Handler" daemon [_thread_blocked, id=8203, stack(0x00007fb7ba8e9000,0x00007fb7ba9ea000)]
  0x00007fb7d800b800 JavaThread "main" [_thread_blocked, id=8193, stack(0x00007fb7e03cc000,0x00007fb7e04cc000)]

Other Threads:
  0x00007fb7d81c8800 VMThread [stack: 0x00007fb7ba9eb000,0x00007fb7baaeb000] [id=8202]
  0x00007fb7d8228000 WatcherThread [stack: 0x00007fb7b9713000,0x00007fb7b9813000] [id=8211]

VM state:not at safepoint (normal execution)

VM Mutex/Monitor currently owned by a thread: None

Heap:
 PSYoungGen      total 36352K, used 15985K [0x00000000d7f00000, 0x00000000da780000, 0x0000000100000000)
  eden space 31232K, 35% used [0x00000000d7f00000,0x00000000d89d6bc8,0x00000000d9d80000)
  from space 5120K, 95% used [0x00000000d9d80000,0x00000000da245940,0x00000000da280000)
  to   space 5120K, 0% used [0x00000000da280000,0x00000000da280000,0x00000000da780000)
 ParOldGen       total 83456K, used 16K [0x0000000087c00000, 0x000000008cd80000, 0x00000000d7f00000)
  object space 83456K, 0% used [0x0000000087c00000,0x0000000087c04000,0x000000008cd80000)
 Metaspace       used 15928K, capacity 16798K, committed 16896K, reserved 1062912K
  class space    used 2344K, capacity 2534K, committed 2560K, reserved 1048576K

Card table byte_map: [0x00007fb7dccd6000,0x00007fb7dd099000] byte_map_base: 0x00007fb7dc898000

Marking Bits: (ParMarkBitMap*) 0x00007fb7df868280
 Begin Bits: [0x00007fb7c03e0000, 0x00007fb7c21f0000)
 End Bits:   [0x00007fb7c21f0000, 0x00007fb7c4000000)

Polling page: 0x00007fb7e04e3000

CodeCache: size=245760Kb used=4974Kb max_used=4974Kb free=240785Kb
 bounds [0x00007fb7c9000000, 0x00007fb7c94e0000, 0x00007fb7d8000000]
 total_blobs=2258 nmethods=1628 adapters=543
 compilation: enabled

Compilation events (10 events):
Event: 3.967 Thread 0x00007fb7d8210000 nmethod 1626 0x00007fb7c94dc810 code [0x00007fb7c94dc980, 0x00007fb7c94dcb48]
Event: 3.967 Thread 0x00007fb7d8210000 1628       3       javafx.scene.Node::isManaged (19 bytes)
Event: 3.967 Thread 0x00007fb7d8210000 nmethod 1628 0x00007fb7c94dcbd0 code [0x00007fb7c94dcd60, 0x00007fb7c94dd128]
Event: 3.967 Thread 0x00007fb7d8210000 1625       3       javafx.geometry.Bounds::getHeight (5 bytes)
Event: 3.967 Thread 0x00007fb7d8210000 nmethod 1625 0x00007fb7c94dd250 code [0x00007fb7c94dd3a0, 0x00007fb7c94dd4f0]
Event: 3.967 Thread 0x00007fb7d8210000 1627       3       javafx.geometry.Bounds::getMinY (5 bytes)
Event: 3.967 Thread 0x00007fb7d8210000 nmethod 1627 0x00007fb7c94dd590 code [0x00007fb7c94dd6e0, 0x00007fb7c94dd830]
Event: 3.967 Thread 0x00007fb7d8210000 1629       3       com.sun.javafx.iio.common.RoughScaler::putSourceScanline (261 bytes)
Event: 3.968 Thread 0x00007fb7d8210000 nmethod 1629 0x00007fb7c94dd8d0 code [0x00007fb7c94ddb20, 0x00007fb7c94de558]
Event: 3.968 Thread 0x00007fb7d8209000 1630 %     4       com.sun.javafx.iio.common.RoughScaler::putSourceScanline @ 116 (261 bytes)

GC Heap History (2 events):
Event: 0.624 GC heap before
{Heap before GC invocations=1 (full 0):
 PSYoungGen      total 36352K, used 31232K [0x00000000d7f00000, 0x00000000da780000, 0x0000000100000000)
  eden space 31232K, 100% used [0x00000000d7f00000,0x00000000d9d80000,0x00000000d9d80000)
  from space 5120K, 0% used [0x00000000da280000,0x00000000da280000,0x00000000da780000)
  to   space 5120K, 0% used [0x00000000d9d80000,0x00000000d9d80000,0x00000000da280000)
 ParOldGen       total 83456K, used 0K [0x0000000087c00000, 0x000000008cd80000, 0x00000000d7f00000)
  object space 83456K, 0% used [0x0000000087c00000,0x0000000087c00000,0x000000008cd80000)
 Metaspace       used 14540K, capacity 15198K, committed 15488K, reserved 1062912K
  class space    used 2160K, capacity 2340K, committed 2432K, reserved 1048576K
Event: 0.628 GC heap after
Heap after GC invocations=1 (full 0):
 PSYoungGen      total 36352K, used 4886K [0x00000000d7f00000, 0x00000000da780000, 0x0000000100000000)
  eden space 31232K, 0% used [0x00000000d7f00000,0x00000000d7f00000,0x00000000d9d80000)
  from space 5120K, 95% used [0x00000000d9d80000,0x00000000da245940,0x00000000da280000)
  to   space 5120K, 0% used [0x00000000da280000,0x00000000da280000,0x00000000da780000)
 ParOldGen       total 83456K, used 16K [0x0000000087c00000, 0x000000008cd80000, 0x00000000d7f00000)
  object space 83456K, 0% used [0x0000000087c00000,0x0000000087c04000,0x000000008cd80000)
 Metaspace       used 14540K, capacity 15198K, committed 15488K, reserved 1062912K
  class space    used 2160K, capacity 2340K, committed 2432K, reserved 1048576K
}

Deoptimization events (10 events):
Event: 0.463 Thread 0x00007fb7d83f8000 Uncommon trap: reason=class_check action=maybe_recompile pc=0x00007fb7c911d120 method=java.lang.String.equals(Ljava/lang/Object;)Z @ 8
Event: 0.463 Thread 0x00007fb7d83f8000 Uncommon trap: reason=class_check action=maybe_recompile pc=0x00007fb7c911d120 method=java.lang.String.equals(Ljava/lang/Object;)Z @ 8
Event: 0.464 Thread 0x00007fb7d83f8000 Uncommon trap: reason=class_check action=maybe_recompile pc=0x00007fb7c911d120 method=java.lang.String.equals(Ljava/lang/Object;)Z @ 8
Event: 0.464 Thread 0x00007fb7d83f8000 Uncommon trap: reason=unstable_if action=reinterpret pc=0x00007fb7c92c9a44 method=sun.misc.URLClassPath.getLoader(I)Lsun/misc/URLClassPath$Loader; @ 36
Event: 0.545 Thread 0x00007fb7d83f8000 Uncommon trap: reason=unstable_if action=reinterpret pc=0x00007fb7c92b9088 method=sun.net.www.ParseUtil.encodePath(Ljava/lang/String;Z)Ljava/lang/String; @ 109
Event: 0.643 Thread 0x00007fb7d83f8000 Uncommon trap: reason=unstable_if action=reinterpret pc=0x00007fb7c936fc64 method=jdk.internal.org.objectweb.asm.Type.getArgumentsAndReturnSizes(Ljava/lang/String;)I @ 47
Event: 2.571 Thread 0x00007fb7d8346000 Uncommon trap: reason=unstable_if action=reinterpret pc=0x00007fb7c93edc14 method=java.lang.StrictMath.floorOrCeil(DDDD)D @ 115
Event: 2.789 Thread 0x00007fb7d83f8000 Uncommon trap: reason=unstable_if action=reinterpret pc=0x00007fb7c92510a0 method=java.lang.CharacterData.of(I)Ljava/lang/CharacterData; @ 4
Event: 3.784 Thread 0x00007fb7d83f8000 Uncommon trap: reason=unstable_if action=reinterpret pc=0x00007fb7c91d198c method=java.lang.String.indexOf([CII[CIII)I @ 3
Event: 3.874 Thread 0x00007fb7d83f8000 Uncommon trap: reason=unstable_if action=reinterpret pc=0x00007fb7c9479794 method=tarkov.trader.client.LoginPrompt.awaitingAuthentication()Z @ 3

Classes redefined (0 events):
No events

Internal exceptions (10 events):
Event: 0.087 Thread 0x00007fb7d800b800 Exception <a 'java/lang/NoSuchFieldError': method resolution failed> (0x00000000d8138ef8) thrown at [/HUDSON/workspace/8-2-build-linux-amd64/jdk8u171/10807/hotspot/src/share/vm/prims/methodHandles.cpp, line 1167]
Event: 0.098 Thread 0x00007fb7d800b800 Exception <a 'java/security/PrivilegedActionException'> (0x00000000d81c2590) thrown at [/HUDSON/workspace/8-2-build-linux-amd64/jdk8u171/10807/hotspot/src/share/vm/prims/jvm.cpp, line 1435]
Event: 0.098 Thread 0x00007fb7d800b800 Exception <a 'java/security/PrivilegedActionException'> (0x00000000d81c27a0) thrown at [/HUDSON/workspace/8-2-build-linux-amd64/jdk8u171/10807/hotspot/src/share/vm/prims/jvm.cpp, line 1435]
Event: 0.098 Thread 0x00007fb7d800b800 Exception <a 'java/security/PrivilegedActionException'> (0x00000000d81c4c08) thrown at [/HUDSON/workspace/8-2-build-linux-amd64/jdk8u171/10807/hotspot/src/share/vm/prims/jvm.cpp, line 1435]
Event: 0.098 Thread 0x00007fb7d800b800 Exception <a 'java/security/PrivilegedActionException'> (0x00000000d81c4e18) thrown at [/HUDSON/workspace/8-2-build-linux-amd64/jdk8u171/10807/hotspot/src/share/vm/prims/jvm.cpp, line 1435]
Event: 0.098 Thread 0x00007fb7d800b800 Exception <a 'java/lang/NullPointerException'> (0x00000000d81c53f0) thrown at [/HUDSON/workspace/8-2-build-linux-amd64/jdk8u171/10807/hotspot/src/share/vm/interpreter/linkResolver.cpp, line 1185]
Event: 0.292 Thread 0x00007fb7d83f8000 Exception <a 'java/lang/NullPointerException'> (0x00000000d8ca7a08) thrown at [/HUDSON/workspace/8-2-build-linux-amd64/jdk8u171/10807/hotspot/src/share/vm/interpreter/linkResolver.cpp, line 1185]
Event: 0.292 Thread 0x00007fb7d83f8000 Exception <a 'java/lang/NullPointerException'> (0x00000000d8ca7a08) thrown at [/HUDSON/workspace/8-2-build-linux-amd64/jdk8u171/10807/hotspot/src/share/vm/prims/jvm.cpp, line 1439]
Event: 3.809 Thread 0x00007fb7d83f8000 Exception <a 'java/lang/NoSuchMethodError': <clinit>> (0x00000000d8200140) thrown at [/HUDSON/workspace/8-2-build-linux-amd64/jdk8u171/10807/hotspot/src/share/vm/prims/jni.cpp, line 1613]
Event: 3.811 Thread 0x00007fb7d83f8000 Exception <a 'java/lang/NoSuchMethodError': <clinit>> (0x00000000d8204f08) thrown at [/HUDSON/workspace/8-2-build-linux-amd64/jdk8u171/10807/hotspot/src/share/vm/prims/jni.cpp, line 1613]

Events (10 events):
Event: 3.945 loading class javafx/scene/control/MenuButton
Event: 3.945 loading class javafx/scene/control/MenuButton done
Event: 3.948 loading class javafx/collections/FXCollections$UnmodifiableObservableSet$1
Event: 3.948 loading class javafx/collections/FXCollections$UnmodifiableObservableSet$1 done
Event: 3.953 loading class javafx/scene/layout/BorderStrokeStyle
Event: 3.953 loading class javafx/scene/layout/BorderStrokeStyle done
Event: 3.953 loading class com/sun/javafx/scene/layout/region/Margins
Event: 3.953 loading class com/sun/javafx/scene/layout/region/Margins done
Event: 3.954 loading class javafx/scene/layout/BorderStroke
Event: 3.954 loading class javafx/scene/layout/BorderStroke done


Dynamic libraries:
00400000-00401000 r-xp 00000000 103:02 9307016                           /usr/lib/jvm/java-8-oracle/jre/bin/java
00600000-00601000 rw-p 00000000 103:02 9307016                           /usr/lib/jvm/java-8-oracle/jre/bin/java
00b96000-00bb7000 rw-p 00000000 00:00 0                                  [heap]
87c00000-8cd80000 rw-p 00000000 00:00 0 
8cd80000-d7f00000 ---p 00000000 00:00 0 
d7f00000-da780000 rw-p 00000000 00:00 0 
da780000-100000000 ---p 00000000 00:00 0 
100000000-100280000 rw-p 00000000 00:00 0 
100280000-140000000 ---p 00000000 00:00 0 
7fb748000000-7fb748021000 rw-p 00000000 00:00 0 
7fb748021000-7fb74c000000 ---p 00000000 00:00 0 
7fb750000000-7fb750021000 rw-p 00000000 00:00 0 
7fb750021000-7fb754000000 ---p 00000000 00:00 0 
7fb754000000-7fb754021000 rw-p 00000000 00:00 0 
7fb754021000-7fb758000000 ---p 00000000 00:00 0 
7fb758a49000-7fb758a7f000 r-xp 00000000 103:02 9441129                   /usr/lib/jvm/java-8-oracle/jre/lib/amd64/libjavafx_iio.so
7fb758a7f000-7fb758c7e000 ---p 00036000 103:02 9441129                   /usr/lib/jvm/java-8-oracle/jre/lib/amd64/libjavafx_iio.so
7fb758c7e000-7fb758c7f000 rw-p 00035000 103:02 9441129                   /usr/lib/jvm/java-8-oracle/jre/lib/amd64/libjavafx_iio.so
7fb758c7f000-7fb758e3f000 rw-s 105727000 00:06 331                       /dev/dri/card0
7fb758e3f000-7fb758fff000 rw-s 00000000 00:19 1552                       /i915 (deleted)
7fb758fff000-7fb75c000000 rw-p 00000000 00:00 0 
7fb75c000000-7fb75c60f000 rw-p 00000000 00:00 0 
7fb75c60f000-7fb760000000 ---p 00000000 00:00 0 
7fb760000000-7fb760021000 rw-p 00000000 00:00 0 
7fb760021000-7fb764000000 ---p 00000000 00:00 0 
7fb764000000-7fb765e42000 rw-p 00000000 00:00 0 
7fb765e42000-7fb768000000 ---p 00000000 00:00 0 
7fb768000000-7fb768021000 rw-p 00000000 00:00 0 
7fb768021000-7fb76c000000 ---p 00000000 00:00 0 
7fb76c000000-7fb76c021000 rw-p 00000000 00:00 0 
7fb76c021000-7fb770000000 ---p 00000000 00:00 0 
7fb770000000-7fb770021000 rw-p 00000000 00:00 0 
7fb770021000-7fb774000000 ---p 00000000 00:00 0 
7fb774000000-7fb7740ca000 rw-p 00000000 00:00 0 
7fb7740ca000-7fb778000000 ---p 00000000 00:00 0 
7fb778000000-7fb7782c5000 rw-p 00000000 00:00 0 
7fb7782c5000-7fb77c000000 ---p 00000000 00:00 0 
7fb77c000000-7fb77c1eb000 rw-p 00000000 00:00 0 
7fb77c1eb000-7fb780000000 ---p 00000000 00:00 0 
7fb780000000-7fb780327000 rw-p 00000000 00:00 0 
7fb780327000-7fb784000000 ---p 00000000 00:00 0 
7fb784000000-7fb784021000 rw-p 00000000 00:00 0 
7fb784021000-7fb788000000 ---p 00000000 00:00 0 
7fb788000000-7fb788021000 rw-p 00000000 00:00 0 
7fb788021000-7fb78c000000 ---p 00000000 00:00 0 
7fb78c000000-7fb78c021000 rw-p 00000000 00:00 0 
7fb78c021000-7fb790000000 ---p 00000000 00:00 0 
7fb790000000-7fb790021000 rw-p 00000000 00:00 0 
7fb790021000-7fb794000000 ---p 00000000 00:00 0 
7fb794000000-7fb794021000 rw-p 00000000 00:00 0 
7fb794021000-7fb798000000 ---p 00000000 00:00 0 
7fb798000000-7fb798021000 rw-p 00000000 00:00 0 
7fb798021000-7fb79c000000 ---p 00000000 00:00 0 
7fb79c000000-7fb79c021000 rw-p 00000000 00:00 0 
7fb79c021000-7fb7a0000000 ---p 00000000 00:00 0 
7fb7a0164000-7fb7a01c4000 rw-s 00000000 00:05 623018006                  /SYSV00000000 (deleted)
7fb7a01c4000-7fb7a03c4000 rw-p 00000000 00:00 0 
7fb7a03c4000-7fb7a047d000 r--p 00000000 103:02 10224348                  /usr/share/fonts/truetype/dejavu/DejaVuSans.ttf
7fb7a047d000-7fb7a0480000 ---p 00000000 00:00 0 
7fb7a0480000-7fb7a057e000 rw-p 00000000 00:00 0 
7fb7a057e000-7fb7a062b000 r--p 00000000 103:02 10224347                  /usr/share/fonts/truetype/dejavu/DejaVuSans-Bold.ttf
7fb7a062b000-7fb7a062f000 r-xp 00000000 103:02 9441082                   /usr/lib/jvm/java-8-oracle/jre/lib/amd64/libjavafx_font_pango.so
7fb7a062f000-7fb7a082e000 ---p 00004000 103:02 9441082                   /usr/lib/jvm/java-8-oracle/jre/lib/amd64/libjavafx_font_pango.so
7fb7a082e000-7fb7a082f000 rw-p 00003000 103:02 9441082                   /usr/lib/jvm/java-8-oracle/jre/lib/amd64/libjavafx_font_pango.so
7fb7a082f000-7fb7a0a2f000 rw-p 00000000 00:00 0 
7fb7a0a2f000-7fb7a0a34000 r-xp 00000000 103:02 9441085                   /usr/lib/jvm/java-8-oracle/jre/lib/amd64/libjavafx_font_freetype.so
7fb7a0a34000-7fb7a0c33000 ---p 00005000 103:02 9441085                   /usr/lib/jvm/java-8-oracle/jre/lib/amd64/libjavafx_font_freetype.so
7fb7a0c33000-7fb7a0c34000 rw-p 00004000 103:02 9441085                   /usr/lib/jvm/java-8-oracle/jre/lib/amd64/libjavafx_font_freetype.so
7fb7a0c34000-7fb7a0e34000 rw-p 00000000 00:00 0 
7fb7a0e34000-7fb7a0e37000 r-xp 00000000 103:02 9441133                   /usr/lib/jvm/java-8-oracle/jre/lib/amd64/libjavafx_font.so
7fb7a0e37000-7fb7a1036000 ---p 00003000 103:02 9441133                   /usr/lib/jvm/java-8-oracle/jre/lib/amd64/libjavafx_font.so
7fb7a1036000-7fb7a1037000 rw-p 00002000 103:02 9441133                   /usr/lib/jvm/java-8-oracle/jre/lib/amd64/libjavafx_font.so
7fb7a1037000-7fb7a103a000 ---p 00000000 00:00 0 
7fb7a103a000-7fb7a1138000 rw-p 00000000 00:00 0 
7fb7a1138000-7fb7a114e000 r-xp 00000000 103:02 9441132                   /usr/lib/jvm/java-8-oracle/jre/lib/amd64/libnet.so
7fb7a114e000-7fb7a134e000 ---p 00016000 103:02 9441132                   /usr/lib/jvm/java-8-oracle/jre/lib/amd64/libnet.so
7fb7a134e000-7fb7a134f000 rw-p 00016000 103:02 9441132                   /usr/lib/jvm/java-8-oracle/jre/lib/amd64/libnet.so
7fb7a134f000-7fb7a1352000 ---p 00000000 00:00 0 
7fb7a1352000-7fb7a1450000 rw-p 00000000 00:00 0 
7fb7a1450000-7fb7a1453000 ---p 00000000 00:00 0 
7fb7a1453000-7fb7a1551000 rw-p 00000000 00:00 0 
7fb7a1551000-7fb7a1558000 r-xp 00000000 103:02 9183700                   /usr/lib/x86_64-linux-gnu/libogg.so.0.8.2
7fb7a1558000-7fb7a1758000 ---p 00007000 103:02 9183700                   /usr/lib/x86_64-linux-gnu/libogg.so.0.8.2
7fb7a1758000-7fb7a1759000 r--p 00007000 103:02 9183700                   /usr/lib/x86_64-linux-gnu/libogg.so.0.8.2
7fb7a1759000-7fb7a175a000 rw-p 00008000 103:02 9183700                   /usr/lib/x86_64-linux-gnu/libogg.so.0.8.2
7fb7a175a000-7fb7a1784000 r-xp 00000000 103:02 9184008                   /usr/lib/x86_64-linux-gnu/libvorbis.so.0.4.8
7fb7a1784000-7fb7a1983000 ---p 0002a000 103:02 9184008                   /usr/lib/x86_64-linux-gnu/libvorbis.so.0.4.8
7fb7a1983000-7fb7a1984000 r--p 00029000 103:02 9184008                   /usr/lib/x86_64-linux-gnu/libvorbis.so.0.4.8
7fb7a1984000-7fb7a1985000 rw-p 0002a000 103:02 9184008                   /usr/lib/x86_64-linux-gnu/libvorbis.so.0.4.8
7fb7a1985000-7fb7a198e000 r-xp 00000000 103:02 9183599                   /usr/lib/x86_64-linux-gnu/libltdl.so.7.3.1
7fb7a198e000-7fb7a1b8d000 ---p 00009000 103:02 9183599                   /usr/lib/x86_64-linux-gnu/libltdl.so.7.3.1
7fb7a1b8d000-7fb7a1b8e000 r--p 00008000 103:02 9183599                   /usr/lib/x86_64-linux-gnu/libltdl.so.7.3.1
7fb7a1b8e000-7fb7a1b8f000 rw-p 00009000 103:02 9183599                   /usr/lib/x86_64-linux-gnu/libltdl.so.7.3.1
7fb7a1b8f000-7fb7a1ba4000 r-xp 00000000 103:02 9183933                   /usr/lib/x86_64-linux-gnu/libtdb.so.1.3.15
7fb7a1ba4000-7fb7a1da3000 ---p 00015000 103:02 9183933                   /usr/lib/x86_64-linux-gnu/libtdb.so.1.3.15
7fb7a1da3000-7fb7a1da4000 r--p 00014000 103:02 9183933                   /usr/lib/x86_64-linux-gnu/libtdb.so.1.3.15
7fb7a1da4000-7fb7a1da5000 rw-p 00015000 103:02 9183933                   /usr/lib/x86_64-linux-gnu/libtdb.so.1.3.15
7fb7a1da5000-7fb7a1dac000 r-xp 00000000 103:02 9184012                   /usr/lib/x86_64-linux-gnu/libvorbisfile.so.3.3.7
7fb7a1dac000-7fb7a1fab000 ---p 00007000 103:02 9184012                   /usr/lib/x86_64-linux-gnu/libvorbisfile.so.3.3.7
7fb7a1fab000-7fb7a1fac000 r--p 00006000 103:02 9184012                   /usr/lib/x86_64-linux-gnu/libvorbisfile.so.3.3.7
7fb7a1fac000-7fb7a1fad000 rw-p 00007000 103:02 9184012                   /usr/lib/x86_64-linux-gnu/libvorbisfile.so.3.3.7
7fb7a1fad000-7fb7a1fbd000 r-xp 00000000 103:02 9183056                   /usr/lib/x86_64-linux-gnu/libcanberra.so.0.2.5
7fb7a1fbd000-7fb7a21bd000 ---p 00010000 103:02 9183056                   /usr/lib/x86_64-linux-gnu/libcanberra.so.0.2.5
7fb7a21bd000-7fb7a21be000 r--p 00010000 103:02 9183056                   /usr/lib/x86_64-linux-gnu/libcanberra.so.0.2.5
7fb7a21be000-7fb7a21bf000 rw-p 00011000 103:02 9183056                   /usr/lib/x86_64-linux-gnu/libcanberra.so.0.2.5
7fb7a21bf000-7fb7a21c3000 r-xp 00000000 103:02 9186592                   /usr/lib/x86_64-linux-gnu/libcanberra-gtk.so.0.1.9
7fb7a21c3000-7fb7a23c2000 ---p 00004000 103:02 9186592                   /usr/lib/x86_64-linux-gnu/libcanberra-gtk.so.0.1.9
7fb7a23c2000-7fb7a23c3000 r--p 00003000 103:02 9186592                   /usr/lib/x86_64-linux-gnu/libcanberra-gtk.so.0.1.9
7fb7a23c3000-7fb7a23c4000 rw-p 00004000 103:02 9186592                   /usr/lib/x86_64-linux-gnu/libcanberra-gtk.so.0.1.9
7fb7a23c4000-7fb7a23c9000 r-xp 00000000 103:02 9441781                   /usr/lib/x86_64-linux-gnu/gtk-2.0/modules/libcanberra-gtk-module.so
7fb7a23c9000-7fb7a25c9000 ---p 00005000 103:02 9441781                   /usr/lib/x86_64-linux-gnu/gtk-2.0/modules/libcanberra-gtk-module.so
7fb7a25c9000-7fb7a25ca000 r--p 00005000 103:02 9441781                   /usr/lib/x86_64-linux-gnu/gtk-2.0/modules/libcanberra-gtk-module.so
7fb7a25ca000-7fb7a25cb000 rw-p 00006000 103:02 9441781                   /usr/lib/x86_64-linux-gnu/gtk-2.0/modules/libcanberra-gtk-module.so
7fb7a25cb000-7fb7a2605000 r-xp 00000000 103:02 9440673                   /usr/lib/x86_64-linux-gnu/gtk-2.0/2.10.0/engines/libmurrine.so
7fb7a2605000-7fb7a2805000 ---p 0003a000 103:02 9440673                   /usr/lib/x86_64-linux-gnu/gtk-2.0/2.10.0/engines/libmurrine.so
7fb7a2805000-7fb7a2806000 r--p 0003a000 103:02 9440673                   /usr/lib/x86_64-linux-gnu/gtk-2.0/2.10.0/engines/libmurrine.so
7fb7a2806000-7fb7a2807000 rw-p 0003b000 103:02 9440673                   /usr/lib/x86_64-linux-gnu/gtk-2.0/2.10.0/engines/libmurrine.so
7fb7a2807000-7fb7a2830000 r-xp 00000000 103:02 9441107                   /usr/lib/jvm/java-8-oracle/jre/lib/amd64/libglass.so
7fb7a2830000-7fb7a2a2f000 ---p 00029000 103:02 9441107                   /usr/lib/jvm/java-8-oracle/jre/lib/amd64/libglass.so
7fb7a2a2f000-7fb7a2a32000 rw-p 00028000 103:02 9441107                   /usr/lib/jvm/java-8-oracle/jre/lib/amd64/libglass.so
7fb7a2a32000-7fb7a2a3a000 r-xp 00000000 103:02 9183739                   /usr/lib/x86_64-linux-gnu/libpciaccess.so.0.11.1
7fb7a2a3a000-7fb7a2c39000 ---p 00008000 103:02 9183739                   /usr/lib/x86_64-linux-gnu/libpciaccess.so.0.11.1
7fb7a2c39000-7fb7a2c3a000 r--p 00007000 103:02 9183739                   /usr/lib/x86_64-linux-gnu/libpciaccess.so.0.11.1
7fb7a2c3a000-7fb7a2c3b000 rw-p 00008000 103:02 9183739                   /usr/lib/x86_64-linux-gnu/libpciaccess.so.0.11.1
7fb7a2c3b000-7fb7a2c46000 r-xp 00000000 103:02 9183173                   /usr/lib/x86_64-linux-gnu/libdrm_radeon.so.1.0.1
7fb7a2c46000-7fb7a2e45000 ---p 0000b000 103:02 9183173                   /usr/lib/x86_64-linux-gnu/libdrm_radeon.so.1.0.1
7fb7a2e45000-7fb7a2e46000 r--p 0000a000 103:02 9183173                   /usr/lib/x86_64-linux-gnu/libdrm_radeon.so.1.0.1
7fb7a2e46000-7fb7a2e47000 rw-p 0000b000 103:02 9183173                   /usr/lib/x86_64-linux-gnu/libdrm_radeon.so.1.0.1
7fb7a2e47000-7fb7a2e4e000 r-xp 00000000 103:02 9183171                   /usr/lib/x86_64-linux-gnu/libdrm_nouveau.so.2.0.0
7fb7a2e4e000-7fb7a304d000 ---p 00007000 103:02 9183171                   /usr/lib/x86_64-linux-gnu/libdrm_nouveau.so.2.0.0
7fb7a304d000-7fb7a304e000 r--p 00006000 103:02 9183171                   /usr/lib/x86_64-linux-gnu/libdrm_nouveau.so.2.0.0
7fb7a304e000-7fb7a304f000 rw-p 00007000 103:02 9183171                   /usr/lib/x86_64-linux-gnu/libdrm_nouveau.so.2.0.0
7fb7a304f000-7fb7a3071000 r-xp 00000000 103:02 9183169                   /usr/lib/x86_64-linux-gnu/libdrm_intel.so.1.0.0
7fb7a3071000-7fb7a3270000 ---p 00022000 103:02 9183169                   /usr/lib/x86_64-linux-gnu/libdrm_intel.so.1.0.0
7fb7a3270000-7fb7a3271000 r--p 00021000 103:02 9183169                   /usr/lib/x86_64-linux-gnu/libdrm_intel.so.1.0.0
7fb7a3271000-7fb7a3272000 rw-p 00022000 103:02 9183169                   /usr/lib/x86_64-linux-gnu/libdrm_intel.so.1.0.0
7fb7a3272000-7fb7a3af0000 r-xp 00000000 103:02 9439576                   /usr/lib/x86_64-linux-gnu/dri/i965_dri.so
7fb7a3af0000-7fb7a3cef000 ---p 0087e000 103:02 9439576                   /usr/lib/x86_64-linux-gnu/dri/i965_dri.so
7fb7a3cef000-7fb7a3d3f000 r--p 0087d000 103:02 9439576                   /usr/lib/x86_64-linux-gnu/dri/i965_dri.so
7fb7a3d3f000-7fb7a3d4a000 rw-p 008cd000 103:02 9439576                   /usr/lib/x86_64-linux-gnu/dri/i965_dri.so
7fb7a3d4a000-7fb7a3def000 rw-p 00000000 00:00 0 
7fb7a3def000-7fb7a3dff000 r-xp 00000000 103:02 9183165                   /usr/lib/x86_64-linux-gnu/libdrm.so.2.4.0
7fb7a3dff000-7fb7a3ffe000 ---p 00010000 103:02 9183165                   /usr/lib/x86_64-linux-gnu/libdrm.so.2.4.0
7fb7a3ffe000-7fb7a3fff000 r--p 0000f000 103:02 9183165                   /usr/lib/x86_64-linux-gnu/libdrm.so.2.4.0
7fb7a3fff000-7fb7a4000000 rw-p 00010000 103:02 9183165                   /usr/lib/x86_64-linux-gnu/libdrm.so.2.4.0
7fb7a4000000-7fb7a4021000 rw-p 00000000 00:00 0 
7fb7a4021000-7fb7a8000000 ---p 00000000 00:00 0 
7fb7a803d000-7fb7a8042000 r--s 0009d000 103:02 9307103                   /usr/lib/jvm/java-8-oracle/jre/lib/jsse.jar
7fb7a8042000-7fb7a8097000 r--p 00000000 103:02 9307053                   /usr/lib/jvm/java-8-oracle/jre/lib/fonts/LucidaBrightRegular.ttf
7fb7a8097000-7fb7a80e5000 r--p 00000000 103:02 9307054                   /usr/lib/jvm/java-8-oracle/jre/lib/fonts/LucidaSansDemiBold.ttf
7fb7a80e5000-7fb7a80e9000 r-xp 00000000 103:02 9184067                   /usr/lib/x86_64-linux-gnu/libxcb-dri2.so.0.0.0
7fb7a80e9000-7fb7a82e8000 ---p 00004000 103:02 9184067                   /usr/lib/x86_64-linux-gnu/libxcb-dri2.so.0.0.0
7fb7a82e8000-7fb7a82e9000 r--p 00003000 103:02 9184067                   /usr/lib/x86_64-linux-gnu/libxcb-dri2.so.0.0.0
7fb7a82e9000-7fb7a82ea000 rw-p 00004000 103:02 9184067                   /usr/lib/x86_64-linux-gnu/libxcb-dri2.so.0.0.0
7fb7a82ea000-7fb7a8302000 r-xp 00000000 103:02 9184071                   /usr/lib/x86_64-linux-gnu/libxcb-glx.so.0.0.0
7fb7a8302000-7fb7a8502000 ---p 00018000 103:02 9184071                   /usr/lib/x86_64-linux-gnu/libxcb-glx.so.0.0.0
7fb7a8502000-7fb7a8504000 r--p 00018000 103:02 9184071                   /usr/lib/x86_64-linux-gnu/libxcb-glx.so.0.0.0
7fb7a8504000-7fb7a8505000 rw-p 0001a000 103:02 9184071                   /usr/lib/x86_64-linux-gnu/libxcb-glx.so.0.0.0
7fb7a8505000-7fb7a8506000 r-xp 00000000 103:02 9182893                   /usr/lib/x86_64-linux-gnu/libX11-xcb.so.1.0.0
7fb7a8506000-7fb7a8705000 ---p 00001000 103:02 9182893                   /usr/lib/x86_64-linux-gnu/libX11-xcb.so.1.0.0
7fb7a8705000-7fb7a8706000 r--p 00000000 103:02 9182893                   /usr/lib/x86_64-linux-gnu/libX11-xcb.so.1.0.0
7fb7a8706000-7fb7a8707000 rw-p 00001000 103:02 9182893                   /usr/lib/x86_64-linux-gnu/libX11-xcb.so.1.0.0
7fb7a8707000-7fb7a8733000 r-xp 00000000 103:02 9183333                   /usr/lib/x86_64-linux-gnu/libglapi.so.0.0.0
7fb7a8733000-7fb7a8932000 ---p 0002c000 103:02 9183333                   /usr/lib/x86_64-linux-gnu/libglapi.so.0.0.0
7fb7a8932000-7fb7a8936000 r--p 0002b000 103:02 9183333                   /usr/lib/x86_64-linux-gnu/libglapi.so.0.0.0
7fb7a8936000-7fb7a8937000 rw-p 0002f000 103:02 9183333                   /usr/lib/x86_64-linux-gnu/libglapi.so.0.0.0
7fb7a8937000-7fb7a8938000 rw-p 00000000 00:00 0 
7fb7a8938000-7fb7a8939000 r-xp 00000000 103:02 9184119                   /usr/lib/x86_64-linux-gnu/libxshmfence.so.1.0.0
7fb7a8939000-7fb7a8b38000 ---p 00001000 103:02 9184119                   /usr/lib/x86_64-linux-gnu/libxshmfence.so.1.0.0
7fb7a8b38000-7fb7a8b39000 r--p 00000000 103:02 9184119                   /usr/lib/x86_64-linux-gnu/libxshmfence.so.1.0.0
7fb7a8b39000-7fb7a8b3a000 rw-p 00001000 103:02 9184119                   /usr/lib/x86_64-linux-gnu/libxshmfence.so.1.0.0
7fb7a8b3a000-7fb7a8b3f000 r-xp 00000000 103:02 9184093                   /usr/lib/x86_64-linux-gnu/libxcb-sync.so.1.0.0
7fb7a8b3f000-7fb7a8d3f000 ---p 00005000 103:02 9184093                   /usr/lib/x86_64-linux-gnu/libxcb-sync.so.1.0.0
7fb7a8d3f000-7fb7a8d40000 r--p 00005000 103:02 9184093                   /usr/lib/x86_64-linux-gnu/libxcb-sync.so.1.0.0
7fb7a8d40000-7fb7a8d41000 rw-p 00006000 103:02 9184093                   /usr/lib/x86_64-linux-gnu/libxcb-sync.so.1.0.0
7fb7a8d41000-7fb7a8d43000 r-xp 00000000 103:02 9184079                   /usr/lib/x86_64-linux-gnu/libxcb-present.so.0.0.0
7fb7a8d43000-7fb7a8f42000 ---p 00002000 103:02 9184079                   /usr/lib/x86_64-linux-gnu/libxcb-present.so.0.0.0
7fb7a8f42000-7fb7a8f43000 r--p 00001000 103:02 9184079                   /usr/lib/x86_64-linux-gnu/libxcb-present.so.0.0.0
7fb7a8f43000-7fb7a8f44000 rw-p 00002000 103:02 9184079                   /usr/lib/x86_64-linux-gnu/libxcb-present.so.0.0.0
7fb7a8f44000-7fb7a8f47000 r-xp 00000000 103:02 9184069                   /usr/lib/x86_64-linux-gnu/libxcb-dri3.so.0.0.0
7fb7a8f47000-7fb7a9146000 ---p 00003000 103:02 9184069                   /usr/lib/x86_64-linux-gnu/libxcb-dri3.so.0.0.0
7fb7a9146000-7fb7a9147000 r--p 00002000 103:02 9184069                   /usr/lib/x86_64-linux-gnu/libxcb-dri3.so.0.0.0
7fb7a9147000-7fb7a9148000 rw-p 00003000 103:02 9184069                   /usr/lib/x86_64-linux-gnu/libxcb-dri3.so.0.0.0
7fb7a9148000-7fb7a91b8000 r-xp 00000000 103:02 9182859                   /usr/lib/x86_64-linux-gnu/libGLX_mesa.so.0.0.0
7fb7a91b8000-7fb7a93b7000 ---p 00070000 103:02 9182859                   /usr/lib/x86_64-linux-gnu/libGLX_mesa.so.0.0.0
7fb7a93b7000-7fb7a93ba000 r--p 0006f000 103:02 9182859                   /usr/lib/x86_64-linux-gnu/libGLX_mesa.so.0.0.0
7fb7a93ba000-7fb7a93bb000 rw-p 00072000 103:02 9182859                   /usr/lib/x86_64-linux-gnu/libGLX_mesa.so.0.0.0
7fb7a93bb000-7fb7a93bc000 rw-p 00000000 00:00 0 
7fb7a93bc000-7fb7a93cf000 r-xp 00000000 103:02 266836                    /lib/x86_64-linux-gnu/libbsd.so.0.8.7
7fb7a93cf000-7fb7a95ce000 ---p 00013000 103:02 266836                    /lib/x86_64-linux-gnu/libbsd.so.0.8.7
7fb7a95ce000-7fb7a95cf000 r--p 00012000 103:02 266836                    /lib/x86_64-linux-gnu/libbsd.so.0.8.7
7fb7a95cf000-7fb7a95d0000 rw-p 00013000 103:02 266836                    /lib/x86_64-linux-gnu/libbsd.so.0.8.7
7fb7a95d0000-7fb7a95d1000 rw-p 00000000 00:00 0 
7fb7a95d1000-7fb7a95d7000 r-xp 00000000 103:02 262150                    /lib/x86_64-linux-gnu/libuuid.so.1.3.0
7fb7a95d7000-7fb7a97d6000 ---p 00006000 103:02 262150                    /lib/x86_64-linux-gnu/libuuid.so.1.3.0
7fb7a97d6000-7fb7a97d7000 r--p 00005000 103:02 262150                    /lib/x86_64-linux-gnu/libuuid.so.1.3.0
7fb7a97d7000-7fb7a97d8000 rw-p 00006000 103:02 262150                    /lib/x86_64-linux-gnu/libuuid.so.1.3.0
7fb7a97d8000-7fb7a97de000 r-xp 00000000 103:02 9183127                   /usr/lib/x86_64-linux-gnu/libdatrie.so.1.3.3
7fb7a97de000-7fb7a99dd000 ---p 00006000 103:02 9183127                   /usr/lib/x86_64-linux-gnu/libdatrie.so.1.3.3
7fb7a99dd000-7fb7a99de000 r--p 00005000 103:02 9183127                   /usr/lib/x86_64-linux-gnu/libdatrie.so.1.3.3
7fb7a99de000-7fb7a99df000 rw-p 00006000 103:02 9183127                   /usr/lib/x86_64-linux-gnu/libdatrie.so.1.3.3
7fb7a99df000-7fb7a99e4000 r-xp 00000000 103:02 9182910                   /usr/lib/x86_64-linux-gnu/libXdmcp.so.6.0.0
7fb7a99e4000-7fb7a9be3000 ---p 00005000 103:02 9182910                   /usr/lib/x86_64-linux-gnu/libXdmcp.so.6.0.0
7fb7a9be3000-7fb7a9be4000 r--p 00004000 103:02 9182910                   /usr/lib/x86_64-linux-gnu/libXdmcp.so.6.0.0
7fb7a9be4000-7fb7a9be5000 rw-p 00005000 103:02 9182910                   /usr/lib/x86_64-linux-gnu/libXdmcp.so.6.0.0
7fb7a9be5000-7fb7a9be7000 r-xp 00000000 103:02 9182899                   /usr/lib/x86_64-linux-gnu/libXau.so.6.0.0
7fb7a9be7000-7fb7a9de7000 ---p 00002000 103:02 9182899                   /usr/lib/x86_64-linux-gnu/libXau.so.6.0.0
7fb7a9de7000-7fb7a9de8000 r--p 00002000 103:02 9182899                   /usr/lib/x86_64-linux-gnu/libXau.so.6.0.0
7fb7a9de8000-7fb7a9de9000 rw-p 00003000 103:02 9182899                   /usr/lib/x86_64-linux-gnu/libXau.so.6.0.0
7fb7a9de9000-7fb7a9e14000 r-xp 00000000 103:02 9183384                   /usr/lib/x86_64-linux-gnu/libgraphite2.so.3.0.1
7fb7a9e14000-7fb7aa013000 ---p 0002b000 103:02 9183384                   /usr/lib/x86_64-linux-gnu/libgraphite2.so.3.0.1
7fb7aa013000-7fb7aa015000 r--p 0002a000 103:02 9183384                   /usr/lib/x86_64-linux-gnu/libgraphite2.so.3.0.1
7fb7aa015000-7fb7aa016000 rw-p 0002c000 103:02 9183384                   /usr/lib/x86_64-linux-gnu/libgraphite2.so.3.0.1
7fb7aa016000-7fb7aa05d000 r-xp 00000000 103:02 262167                    /lib/x86_64-linux-gnu/libblkid.so.1.1.0
7fb7aa05d000-7fb7aa25d000 ---p 00047000 103:02 262167                    /lib/x86_64-linux-gnu/libblkid.so.1.1.0
7fb7aa25d000-7fb7aa261000 r--p 00047000 103:02 262167                    /lib/x86_64-linux-gnu/libblkid.so.1.1.0
7fb7aa261000-7fb7aa262000 rw-p 0004b000 103:02 262167                    /lib/x86_64-linux-gnu/libblkid.so.1.1.0
7fb7aa262000-7fb7aa263000 rw-p 00000000 00:00 0 
7fb7aa263000-7fb7aa2d1000 r-xp 00000000 103:02 9182861                   /usr/lib/x86_64-linux-gnu/libGLdispatch.so.0.0.0
7fb7aa2d1000-7fb7aa4d0000 ---p 0006e000 103:02 9182861                   /usr/lib/x86_64-linux-gnu/libGLdispatch.so.0.0.0
7fb7aa4d0000-7fb7aa4f8000 r--p 0006d000 103:02 9182861                   /usr/lib/x86_64-linux-gnu/libGLdispatch.so.0.0.0
7fb7aa4f8000-7fb7aa4f9000 rw-p 00095000 103:02 9182861                   /usr/lib/x86_64-linux-gnu/libGLdispatch.so.0.0.0
7fb7aa4f9000-7fb7aa519000 rw-p 00000000 00:00 0 
7fb7aa519000-7fb7aa529000 r-xp 00000000 103:02 9182856                   /usr/lib/x86_64-linux-gnu/libGLX.so.0.0.0
7fb7aa529000-7fb7aa728000 ---p 00010000 103:02 9182856                   /usr/lib/x86_64-linux-gnu/libGLX.so.0.0.0
7fb7aa728000-7fb7aa729000 r--p 0000f000 103:02 9182856                   /usr/lib/x86_64-linux-gnu/libGLX.so.0.0.0
7fb7aa729000-7fb7aa72a000 rw-p 00010000 103:02 9182856                   /usr/lib/x86_64-linux-gnu/libGLX.so.0.0.0
7fb7aa72a000-7fb7aa74a000 rw-p 00000000 00:00 0 
7fb7aa74a000-7fb7aa7ba000 r-xp 00000000 103:02 266962                    /lib/x86_64-linux-gnu/libpcre.so.3.13.3
7fb7aa7ba000-7fb7aa9ba000 ---p 00070000 103:02 266962                    /lib/x86_64-linux-gnu/libpcre.so.3.13.3
7fb7aa9ba000-7fb7aa9bb000 r--p 00070000 103:02 266962                    /lib/x86_64-linux-gnu/libpcre.so.3.13.3
7fb7aa9bb000-7fb7aa9bc000 rw-p 00071000 103:02 266962                    /lib/x86_64-linux-gnu/libpcre.so.3.13.3
7fb7aa9bc000-7fb7aa9c3000 r-xp 00000000 103:02 9183241                   /usr/lib/x86_64-linux-gnu/libffi.so.6.0.4
7fb7aa9c3000-7fb7aabc2000 ---p 00007000 103:02 9183241                   /usr/lib/x86_64-linux-gnu/libffi.so.6.0.4
7fb7aabc2000-7fb7aabc3000 r--p 00006000 103:02 9183241                   /usr/lib/x86_64-linux-gnu/libffi.so.6.0.4
7fb7aabc3000-7fb7aabc4000 rw-p 00007000 103:02 9183241                   /usr/lib/x86_64-linux-gnu/libffi.so.6.0.4
7fb7aabc4000-7fb7aabf3000 r-xp 00000000 103:02 266870                    /lib/x86_64-linux-gnu/libexpat.so.1.6.7
7fb7aabf3000-7fb7aadf3000 ---p 0002f000 103:02 266870                    /lib/x86_64-linux-gnu/libexpat.so.1.6.7
7fb7aadf3000-7fb7aadf5000 r--p 0002f000 103:02 266870                    /lib/x86_64-linux-gnu/libexpat.so.1.6.7
7fb7aadf5000-7fb7aadf6000 rw-p 00031000 103:02 266870                    /lib/x86_64-linux-gnu/libexpat.so.1.6.7
7fb7aadf6000-7fb7aadfe000 r-xp 00000000 103:02 9183941                   /usr/lib/x86_64-linux-gnu/libthai.so.0.3.0
7fb7aadfe000-7fb7aaffd000 ---p 00008000 103:02 9183941                   /usr/lib/x86_64-linux-gnu/libthai.so.0.3.0
7fb7aaffd000-7fb7aaffe000 r--p 00007000 103:02 9183941                   /usr/lib/x86_64-linux-gnu/libthai.so.0.3.0
7fb7aaffe000-7fb7aafff000 rw-p 00008000 103:02 9183941                   /usr/lib/x86_64-linux-gnu/libthai.so.0.3.0
7fb7aafff000-7fb7ab00b000 r-xp 00000000 103:02 9184085                   /usr/lib/x86_64-linux-gnu/libxcb-render.so.0.0.0
7fb7ab00b000-7fb7ab20a000 ---p 0000c000 103:02 9184085                   /usr/lib/x86_64-linux-gnu/libxcb-render.so.0.0.0
7fb7ab20a000-7fb7ab20b000 r--p 0000b000 103:02 9184085                   /usr/lib/x86_64-linux-gnu/libxcb-render.so.0.0.0
7fb7ab20b000-7fb7ab20c000 rw-p 0000c000 103:02 9184085                   /usr/lib/x86_64-linux-gnu/libxcb-render.so.0.0.0
7fb7ab20c000-7fb7ab232000 r-xp 00000000 103:02 9184103                   /usr/lib/x86_64-linux-gnu/libxcb.so.1.1.0
7fb7ab232000-7fb7ab432000 ---p 00026000 103:02 9184103                   /usr/lib/x86_64-linux-gnu/libxcb.so.1.1.0
7fb7ab432000-7fb7ab433000 r--p 00026000 103:02 9184103                   /usr/lib/x86_64-linux-gnu/libxcb.so.1.1.0
7fb7ab433000-7fb7ab434000 rw-p 00027000 103:02 9184103                   /usr/lib/x86_64-linux-gnu/libxcb.so.1.1.0
7fb7ab434000-7fb7ab436000 r-xp 00000000 103:02 9184091                   /usr/lib/x86_64-linux-gnu/libxcb-shm.so.0.0.0
7fb7ab436000-7fb7ab635000 ---p 00002000 103:02 9184091                   /usr/lib/x86_64-linux-gnu/libxcb-shm.so.0.0.0
7fb7ab635000-7fb7ab636000 r--p 00001000 103:02 9184091                   /usr/lib/x86_64-linux-gnu/libxcb-shm.so.0.0.0
7fb7ab636000-7fb7ab637000 rw-p 00002000 103:02 9184091                   /usr/lib/x86_64-linux-gnu/libxcb-shm.so.0.0.0
7fb7ab637000-7fb7ab668000 r-xp 00000000 103:02 9175830                   /usr/lib/x86_64-linux-gnu/libpng16.so.16.34.0
7fb7ab668000-7fb7ab867000 ---p 00031000 103:02 9175830                   /usr/lib/x86_64-linux-gnu/libpng16.so.16.34.0
7fb7ab867000-7fb7ab868000 r--p 00030000 103:02 9175830                   /usr/lib/x86_64-linux-gnu/libpng16.so.16.34.0
7fb7ab868000-7fb7ab869000 rw-p 00031000 103:02 9175830                   /usr/lib/x86_64-linux-gnu/libpng16.so.16.34.0
7fb7ab869000-7fb7ab906000 r-xp 00000000 103:02 9183757                   /usr/lib/x86_64-linux-gnu/libpixman-1.so.0.34.0
7fb7ab906000-7fb7abb05000 ---p 0009d000 103:02 9183757                   /usr/lib/x86_64-linux-gnu/libpixman-1.so.0.34.0
7fb7abb05000-7fb7abb0d000 r--p 0009c000 103:02 9183757                   /usr/lib/x86_64-linux-gnu/libpixman-1.so.0.34.0
7fb7abb0d000-7fb7abb0e000 rw-p 000a4000 103:02 9183757                   /usr/lib/x86_64-linux-gnu/libpixman-1.so.0.34.0
7fb7abb0e000-7fb7abbaa000 r-xp 00000000 103:02 9183467                   /usr/lib/x86_64-linux-gnu/libharfbuzz.so.0.10702.0
7fb7abbaa000-7fb7abdaa000 ---p 0009c000 103:02 9183467                   /usr/lib/x86_64-linux-gnu/libharfbuzz.so.0.10702.0
7fb7abdaa000-7fb7abdab000 r--p 0009c000 103:02 9183467                   /usr/lib/x86_64-linux-gnu/libharfbuzz.so.0.10702.0
7fb7abdab000-7fb7abdac000 rw-p 0009d000 103:02 9183467                   /usr/lib/x86_64-linux-gnu/libharfbuzz.so.0.10702.0
7fb7abdac000-7fb7abdfd000 r-xp 00000000 103:02 262229                    /lib/x86_64-linux-gnu/libmount.so.1.1.0
7fb7abdfd000-7fb7abffc000 ---p 00051000 103:02 262229                    /lib/x86_64-linux-gnu/libmount.so.1.1.0
7fb7abffc000-7fb7abffe000 r--p 00050000 103:02 262229                    /lib/x86_64-linux-gnu/libmount.so.1.1.0
7fb7abffe000-7fb7abfff000 rw-p 00052000 103:02 262229                    /lib/x86_64-linux-gnu/libmount.so.1.1.0
7fb7abfff000-7fb7ac000000 rw-p 00000000 00:00 0 
7fb7ac000000-7fb7ac021000 rw-p 00000000 00:00 0 
7fb7ac021000-7fb7b0000000 ---p 00000000 00:00 0 
7fb7b0001000-7fb7b0011000 rw-s 00000000 00:19 1612                       /i915 (deleted)
7fb7b0011000-7fb7b0016000 rw-s 00000000 00:19 1611                       /i915 (deleted)
7fb7b0016000-7fb7b0026000 rw-s 00000000 00:19 1558                       /i915 (deleted)
7fb7b0026000-7fb7b002a000 rw-s 00000000 00:19 1557                       /i915 (deleted)
7fb7b002a000-7fb7b003a000 rw-s 00000000 00:19 1551                       /i915 (deleted)
7fb7b003a000-7fb7b004d000 r--s 00345000 103:02 9307102                   /usr/lib/jvm/java-8-oracle/jre/lib/resources.jar
7fb7b004d000-7fb7b00f8000 r--p 00000000 103:02 9307052                   /usr/lib/jvm/java-8-oracle/jre/lib/fonts/LucidaSansRegular.ttf
7fb7b00f8000-7fb7b00fb000 ---p 00000000 00:00 0 
7fb7b00fb000-7fb7b01f9000 rw-p 00000000 00:00 0 
7fb7b01f9000-7fb7b0210000 r-xp 00000000 103:02 266979                    /lib/x86_64-linux-gnu/libresolv-2.27.so
7fb7b0210000-7fb7b0410000 ---p 00017000 103:02 266979                    /lib/x86_64-linux-gnu/libresolv-2.27.so
7fb7b0410000-7fb7b0411000 r--p 00017000 103:02 266979                    /lib/x86_64-linux-gnu/libresolv-2.27.so
7fb7b0411000-7fb7b0412000 rw-p 00018000 103:02 266979                    /lib/x86_64-linux-gnu/libresolv-2.27.so
7fb7b0412000-7fb7b0414000 rw-p 00000000 00:00 0 
7fb7b0414000-7fb7b0439000 r-xp 00000000 103:02 266985                    /lib/x86_64-linux-gnu/libselinux.so.1
7fb7b0439000-7fb7b0638000 ---p 00025000 103:02 266985                    /lib/x86_64-linux-gnu/libselinux.so.1
7fb7b0638000-7fb7b0639000 r--p 00024000 103:02 266985                    /lib/x86_64-linux-gnu/libselinux.so.1
7fb7b0639000-7fb7b063a000 rw-p 00025000 103:02 266985                    /lib/x86_64-linux-gnu/libselinux.so.1
7fb7b063a000-7fb7b063c000 rw-p 00000000 00:00 0 
7fb7b063c000-7fb7b0658000 r-xp 00000000 103:02 267012                    /lib/x86_64-linux-gnu/libz.so.1.2.11
7fb7b0658000-7fb7b0857000 ---p 0001c000 103:02 267012                    /lib/x86_64-linux-gnu/libz.so.1.2.11
7fb7b0857000-7fb7b0858000 r--p 0001b000 103:02 267012                    /lib/x86_64-linux-gnu/libz.so.1.2.11
7fb7b0858000-7fb7b0859000 rw-p 0001c000 103:02 267012                    /lib/x86_64-linux-gnu/libz.so.1.2.11
7fb7b0859000-7fb7b086a000 r-xp 00000000 103:02 9182912                   /usr/lib/x86_64-linux-gnu/libXext.so.6.4.0
7fb7b086a000-7fb7b0a69000 ---p 00011000 103:02 9182912                   /usr/lib/x86_64-linux-gnu/libXext.so.6.4.0
7fb7b0a69000-7fb7b0a6a000 r--p 00010000 103:02 9182912                   /usr/lib/x86_64-linux-gnu/libXext.so.6.4.0
7fb7b0a6a000-7fb7b0a6b000 rw-p 00011000 103:02 9182912                   /usr/lib/x86_64-linux-gnu/libXext.so.6.4.0
7fb7b0a6b000-7fb7b0a6d000 r-xp 00000000 103:02 9182908                   /usr/lib/x86_64-linux-gnu/libXdamage.so.1.1.0
7fb7b0a6d000-7fb7b0c6c000 ---p 00002000 103:02 9182908                   /usr/lib/x86_64-linux-gnu/libXdamage.so.1.1.0
7fb7b0c6c000-7fb7b0c6d000 r--p 00001000 103:02 9182908                   /usr/lib/x86_64-linux-gnu/libXdamage.so.1.1.0
7fb7b0c6d000-7fb7b0c6e000 rw-p 00002000 103:02 9182908                   /usr/lib/x86_64-linux-gnu/libXdamage.so.1.1.0
7fb7b0c6e000-7fb7b0c70000 r-xp 00000000 103:02 9182904                   /usr/lib/x86_64-linux-gnu/libXcomposite.so.1.0.0
7fb7b0c70000-7fb7b0e6f000 ---p 00002000 103:02 9182904                   /usr/lib/x86_64-linux-gnu/libXcomposite.so.1.0.0
7fb7b0e6f000-7fb7b0e70000 r--p 00001000 103:02 9182904                   /usr/lib/x86_64-linux-gnu/libXcomposite.so.1.0.0
7fb7b0e70000-7fb7b0e71000 rw-p 00002000 103:02 9182904                   /usr/lib/x86_64-linux-gnu/libXcomposite.so.1.0.0
7fb7b0e71000-7fb7b0e7a000 r-xp 00000000 103:02 9182906                   /usr/lib/x86_64-linux-gnu/libXcursor.so.1.0.2
7fb7b0e7a000-7fb7b1079000 ---p 00009000 103:02 9182906                   /usr/lib/x86_64-linux-gnu/libXcursor.so.1.0.2
7fb7b1079000-7fb7b107a000 r--p 00008000 103:02 9182906                   /usr/lib/x86_64-linux-gnu/libXcursor.so.1.0.2
7fb7b107a000-7fb7b107b000 rw-p 00009000 103:02 9182906                   /usr/lib/x86_64-linux-gnu/libXcursor.so.1.0.2
7fb7b107b000-7fb7b1085000 r-xp 00000000 103:02 9182930                   /usr/lib/x86_64-linux-gnu/libXrandr.so.2.2.0
7fb7b1085000-7fb7b1284000 ---p 0000a000 103:02 9182930                   /usr/lib/x86_64-linux-gnu/libXrandr.so.2.2.0
7fb7b1284000-7fb7b1285000 r--p 00009000 103:02 9182930                   /usr/lib/x86_64-linux-gnu/libXrandr.so.2.2.0
7fb7b1285000-7fb7b1286000 rw-p 0000a000 103:02 9182930                   /usr/lib/x86_64-linux-gnu/libXrandr.so.2.2.0
7fb7b1286000-7fb7b1295000 r-xp 00000000 103:02 9182920                   /usr/lib/x86_64-linux-gnu/libXi.so.6.1.0
7fb7b1295000-7fb7b1494000 ---p 0000f000 103:02 9182920                   /usr/lib/x86_64-linux-gnu/libXi.so.6.1.0
7fb7b1494000-7fb7b1495000 r--p 0000e000 103:02 9182920                   /usr/lib/x86_64-linux-gnu/libXi.so.6.1.0
7fb7b1495000-7fb7b1496000 rw-p 0000f000 103:02 9182920                   /usr/lib/x86_64-linux-gnu/libXi.so.6.1.0
7fb7b1496000-7fb7b1498000 r-xp 00000000 103:02 9182922                   /usr/lib/x86_64-linux-gnu/libXinerama.so.1.0.0
7fb7b1498000-7fb7b1697000 ---p 00002000 103:02 9182922                   /usr/lib/x86_64-linux-gnu/libXinerama.so.1.0.0
7fb7b1697000-7fb7b1698000 r--p 00001000 103:02 9182922                   /usr/lib/x86_64-linux-gnu/libXinerama.so.1.0.0
7fb7b1698000-7fb7b1699000 rw-p 00002000 103:02 9182922                   /usr/lib/x86_64-linux-gnu/libXinerama.so.1.0.0
7fb7b1699000-7fb7b16a2000 r-xp 00000000 103:02 9182932                   /usr/lib/x86_64-linux-gnu/libXrender.so.1.3.0
7fb7b16a2000-7fb7b18a1000 ---p 00009000 103:02 9182932                   /usr/lib/x86_64-linux-gnu/libXrender.so.1.3.0
7fb7b18a1000-7fb7b18a2000 r--p 00008000 103:02 9182932                   /usr/lib/x86_64-linux-gnu/libXrender.so.1.3.0
7fb7b18a2000-7fb7b18a3000 rw-p 00009000 103:02 9182932                   /usr/lib/x86_64-linux-gnu/libXrender.so.1.3.0
7fb7b18a3000-7fb7b18a8000 r-xp 00000000 103:02 9182914                   /usr/lib/x86_64-linux-gnu/libXfixes.so.3.1.0
7fb7b18a8000-7fb7b1aa7000 ---p 00005000 103:02 9182914                   /usr/lib/x86_64-linux-gnu/libXfixes.so.3.1.0
7fb7b1aa7000-7fb7b1aa8000 r--p 00004000 103:02 9182914                   /usr/lib/x86_64-linux-gnu/libXfixes.so.3.1.0
7fb7b1aa8000-7fb7b1aa9000 rw-p 00005000 103:02 9182914                   /usr/lib/x86_64-linux-gnu/libXfixes.so.3.1.0
7fb7b1aa9000-7fb7b1ac0000 r-xp 00000000 103:02 266877                    /lib/x86_64-linux-gnu/libgcc_s.so.1
7fb7b1ac0000-7fb7b1cbf000 ---p 00017000 103:02 266877                    /lib/x86_64-linux-gnu/libgcc_s.so.1
7fb7b1cbf000-7fb7b1cc0000 r--p 00016000 103:02 266877                    /lib/x86_64-linux-gnu/libgcc_s.so.1
7fb7b1cc0000-7fb7b1cc1000 rw-p 00017000 103:02 266877                    /lib/x86_64-linux-gnu/libgcc_s.so.1
7fb7b1cc1000-7fb7b1e3f000 r-xp 00000000 103:02 9183920                   /usr/lib/x86_64-linux-gnu/libstdc++.so.6.0.25
7fb7b1e3f000-7fb7b203f000 ---p 0017e000 103:02 9183920                   /usr/lib/x86_64-linux-gnu/libstdc++.so.6.0.25
7fb7b203f000-7fb7b2049000 r--p 0017e000 103:02 9183920                   /usr/lib/x86_64-linux-gnu/libstdc++.so.6.0.25
7fb7b2049000-7fb7b204b000 rw-p 00188000 103:02 9183920                   /usr/lib/x86_64-linux-gnu/libstdc++.so.6.0.25
7fb7b204b000-7fb7b204f000 rw-p 00000000 00:00 0 
7fb7b204f000-7fb7b20c0000 r-xp 00000000 103:02 9182850                   /usr/lib/x86_64-linux-gnu/libGL.so.1.0.0
7fb7b20c0000-7fb7b22bf000 ---p 00071000 103:02 9182850                   /usr/lib/x86_64-linux-gnu/libGL.so.1.0.0
7fb7b22bf000-7fb7b22d9000 r--p 00070000 103:02 9182850                   /usr/lib/x86_64-linux-gnu/libGL.so.1.0.0
7fb7b22d9000-7fb7b22da000 rw-p 0008a000 103:02 9182850                   /usr/lib/x86_64-linux-gnu/libGL.so.1.0.0
7fb7b22da000-7fb7b22db000 rw-p 00000000 00:00 0 
7fb7b22db000-7fb7b22e0000 r-xp 00000000 103:02 9182948                   /usr/lib/x86_64-linux-gnu/libXxf86vm.so.1.0.0
7fb7b22e0000-7fb7b24df000 ---p 00005000 103:02 9182948                   /usr/lib/x86_64-linux-gnu/libXxf86vm.so.1.0.0
7fb7b24df000-7fb7b24e0000 r--p 00004000 103:02 9182948                   /usr/lib/x86_64-linux-gnu/libXxf86vm.so.1.0.0
7fb7b24e0000-7fb7b24e1000 rw-p 00005000 103:02 9182948                   /usr/lib/x86_64-linux-gnu/libXxf86vm.so.1.0.0
7fb7b24e1000-7fb7b2615000 r-xp 00000000 103:02 9182895                   /usr/lib/x86_64-linux-gnu/libX11.so.6.3.0
7fb7b2615000-7fb7b2815000 ---p 00134000 103:02 9182895                   /usr/lib/x86_64-linux-gnu/libX11.so.6.3.0
7fb7b2815000-7fb7b2816000 r--p 00134000 103:02 9182895                   /usr/lib/x86_64-linux-gnu/libX11.so.6.3.0
7fb7b2816000-7fb7b281a000 rw-p 00135000 103:02 9182895                   /usr/lib/x86_64-linux-gnu/libX11.so.6.3.0
7fb7b281a000-7fb7b281f000 r-xp 00000000 103:02 9182938                   /usr/lib/x86_64-linux-gnu/libXtst.so.6.1.0
7fb7b281f000-7fb7b2a1e000 ---p 00005000 103:02 9182938                   /usr/lib/x86_64-linux-gnu/libXtst.so.6.1.0
7fb7b2a1e000-7fb7b2a1f000 r--p 00004000 103:02 9182938                   /usr/lib/x86_64-linux-gnu/libXtst.so.6.1.0
7fb7b2a1f000-7fb7b2a20000 rw-p 00005000 103:02 9182938                   /usr/lib/x86_64-linux-gnu/libXtst.so.6.1.0
7fb7b2a20000-7fb7b2b33000 r-xp 00000000 103:02 9183335                   /usr/lib/x86_64-linux-gnu/libglib-2.0.so.0.5600.1
7fb7b2b33000-7fb7b2d33000 ---p 00113000 103:02 9183335                   /usr/lib/x86_64-linux-gnu/libglib-2.0.so.0.5600.1
7fb7b2d33000-7fb7b2d34000 r--p 00113000 103:02 9183335                   /usr/lib/x86_64-linux-gnu/libglib-2.0.so.0.5600.1
7fb7b2d34000-7fb7b2d35000 rw-p 00114000 103:02 9183335                   /usr/lib/x86_64-linux-gnu/libglib-2.0.so.0.5600.1
7fb7b2d35000-7fb7b2d36000 rw-p 00000000 00:00 0 
7fb7b2d36000-7fb7b2d37000 r-xp 00000000 103:02 9183438                   /usr/lib/x86_64-linux-gnu/libgthread-2.0.so.0.5600.1
7fb7b2d37000-7fb7b2f36000 ---p 00001000 103:02 9183438                   /usr/lib/x86_64-linux-gnu/libgthread-2.0.so.0.5600.1
7fb7b2f36000-7fb7b2f37000 r--p 00000000 103:02 9183438                   /usr/lib/x86_64-linux-gnu/libgthread-2.0.so.0.5600.1
7fb7b2f37000-7fb7b2f38000 rw-p 00001000 103:02 9183438                   /usr/lib/x86_64-linux-gnu/libgthread-2.0.so.0.5600.1
7fb7b2f38000-7fb7b2f3b000 r-xp 00000000 103:02 9183339                   /usr/lib/x86_64-linux-gnu/libgmodule-2.0.so.0.5600.1
7fb7b2f3b000-7fb7b313a000 ---p 00003000 103:02 9183339                   /usr/lib/x86_64-linux-gnu/libgmodule-2.0.so.0.5600.1
7fb7b313a000-7fb7b313b000 r--p 00002000 103:02 9183339                   /usr/lib/x86_64-linux-gnu/libgmodule-2.0.so.0.5600.1
7fb7b313b000-7fb7b313c000 rw-p 00003000 103:02 9183339                   /usr/lib/x86_64-linux-gnu/libgmodule-2.0.so.0.5600.1
7fb7b313c000-7fb7b318e000 r-xp 00000000 103:02 9183363                   /usr/lib/x86_64-linux-gnu/libgobject-2.0.so.0.5600.1
7fb7b318e000-7fb7b338e000 ---p 00052000 103:02 9183363                   /usr/lib/x86_64-linux-gnu/libgobject-2.0.so.0.5600.1
7fb7b338e000-7fb7b338f000 r--p 00052000 103:02 9183363                   /usr/lib/x86_64-linux-gnu/libgobject-2.0.so.0.5600.1
7fb7b338f000-7fb7b3390000 rw-p 00053000 103:02 9183363                   /usr/lib/x86_64-linux-gnu/libgobject-2.0.so.0.5600.1
7fb7b3390000-7fb7b33ce000 r-xp 00000000 103:02 9183255                   /usr/lib/x86_64-linux-gnu/libfontconfig.so.1.10.1
7fb7b33ce000-7fb7b35ce000 ---p 0003e000 103:02 9183255                   /usr/lib/x86_64-linux-gnu/libfontconfig.so.1.10.1
7fb7b35ce000-7fb7b35d0000 r--p 0003e000 103:02 9183255                   /usr/lib/x86_64-linux-gnu/libfontconfig.so.1.10.1
7fb7b35d0000-7fb7b35d5000 rw-p 00040000 103:02 9183255                   /usr/lib/x86_64-linux-gnu/libfontconfig.so.1.10.1
7fb7b35d5000-7fb7b3682000 r-xp 00000000 103:02 9183273                   /usr/lib/x86_64-linux-gnu/libfreetype.so.6.15.0
7fb7b3682000-7fb7b3881000 ---p 000ad000 103:02 9183273                   /usr/lib/x86_64-linux-gnu/libfreetype.so.6.15.0
7fb7b3881000-7fb7b3888000 r--p 000ac000 103:02 9183273                   /usr/lib/x86_64-linux-gnu/libfreetype.so.6.15.0
7fb7b3888000-7fb7b3889000 rw-p 000b3000 103:02 9183273                   /usr/lib/x86_64-linux-gnu/libfreetype.so.6.15.0
7fb7b3889000-7fb7b38d3000 r-xp 00000000 103:02 9183725                   /usr/lib/x86_64-linux-gnu/libpango-1.0.so.0.4000.14
7fb7b38d3000-7fb7b3ad2000 ---p 0004a000 103:02 9183725                   /usr/lib/x86_64-linux-gnu/libpango-1.0.so.0.4000.14
7fb7b3ad2000-7fb7b3ad5000 r--p 00049000 103:02 9183725                   /usr/lib/x86_64-linux-gnu/libpango-1.0.so.0.4000.14
7fb7b3ad5000-7fb7b3ad6000 rw-p 0004c000 103:02 9183725                   /usr/lib/x86_64-linux-gnu/libpango-1.0.so.0.4000.14
7fb7b3ad6000-7fb7b3bee000 r-xp 00000000 103:02 9183050                   /usr/lib/x86_64-linux-gnu/libcairo.so.2.11510.0
7fb7b3bee000-7fb7b3ded000 ---p 00118000 103:02 9183050                   /usr/lib/x86_64-linux-gnu/libcairo.so.2.11510.0
7fb7b3ded000-7fb7b3df0000 r--p 00117000 103:02 9183050                   /usr/lib/x86_64-linux-gnu/libcairo.so.2.11510.0
7fb7b3df0000-7fb7b3df2000 rw-p 0011a000 103:02 9183050                   /usr/lib/x86_64-linux-gnu/libcairo.so.2.11510.0
7fb7b3df2000-7fb7b3df3000 rw-p 00000000 00:00 0 
7fb7b3df3000-7fb7b3dff000 r-xp 00000000 103:02 9183727                   /usr/lib/x86_64-linux-gnu/libpangocairo-1.0.so.0.4000.14
7fb7b3dff000-7fb7b3ffe000 ---p 0000c000 103:02 9183727                   /usr/lib/x86_64-linux-gnu/libpangocairo-1.0.so.0.4000.14
7fb7b3ffe000-7fb7b3fff000 r--p 0000b000 103:02 9183727                   /usr/lib/x86_64-linux-gnu/libpangocairo-1.0.so.0.4000.14
7fb7b3fff000-7fb7b4000000 rw-p 0000c000 103:02 9183727                   /usr/lib/x86_64-linux-gnu/libpangocairo-1.0.so.0.4000.14
7fb7b4000000-7fb7b4021000 rw-p 00000000 00:00 0 
7fb7b4021000-7fb7b8000000 ---p 00000000 00:00 0 
7fb7b8003000-7fb7b800f000 rw-s 00000000 00:19 1492                       /i915 (deleted)
7fb7b800f000-7fb7b8012000 ---p 00000000 00:00 0 
7fb7b8012000-7fb7b8110000 rw-p 00000000 00:00 0 
7fb7b8110000-7fb7b8132000 r-xp 00000000 103:02 9183311                   /usr/lib/x86_64-linux-gnu/libgdk_pixbuf-2.0.so.0.3611.0
7fb7b8132000-7fb7b8332000 ---p 00022000 103:02 9183311                   /usr/lib/x86_64-linux-gnu/libgdk_pixbuf-2.0.so.0.3611.0
7fb7b8332000-7fb7b8333000 r--p 00022000 103:02 9183311                   /usr/lib/x86_64-linux-gnu/libgdk_pixbuf-2.0.so.0.3611.0
7fb7b8333000-7fb7b8334000 rw-p 00023000 103:02 9183311                   /usr/lib/x86_64-linux-gnu/libgdk_pixbuf-2.0.so.0.3611.0
7fb7b8334000-7fb7b8348000 r-xp 00000000 103:02 9183729                   /usr/lib/x86_64-linux-gnu/libpangoft2-1.0.so.0.4000.14
7fb7b8348000-7fb7b8548000 ---p 00014000 103:02 9183729                   /usr/lib/x86_64-linux-gnu/libpangoft2-1.0.so.0.4000.14
7fb7b8548000-7fb7b8549000 r--p 00014000 103:02 9183729                   /usr/lib/x86_64-linux-gnu/libpangoft2-1.0.so.0.4000.14
7fb7b8549000-7fb7b854a000 rw-p 00015000 103:02 9183729                   /usr/lib/x86_64-linux-gnu/libpangoft2-1.0.so.0.4000.14
7fb7b854a000-7fb7b86de000 r-xp 00000000 103:02 9183329                   /usr/lib/x86_64-linux-gnu/libgio-2.0.so.0.5600.1
7fb7b86de000-7fb7b88de000 ---p 00194000 103:02 9183329                   /usr/lib/x86_64-linux-gnu/libgio-2.0.so.0.5600.1
7fb7b88de000-7fb7b88e5000 r--p 00194000 103:02 9183329                   /usr/lib/x86_64-linux-gnu/libgio-2.0.so.0.5600.1
7fb7b88e5000-7fb7b88e6000 rw-p 0019b000 103:02 9183329                   /usr/lib/x86_64-linux-gnu/libgio-2.0.so.0.5600.1
7fb7b88e6000-7fb7b88e8000 rw-p 00000000 00:00 0 
7fb7b88e8000-7fb7b890a000 r-xp 00000000 103:02 9182985                   /usr/lib/x86_64-linux-gnu/libatk-1.0.so.0.22810.1
7fb7b890a000-7fb7b8b0a000 ---p 00022000 103:02 9182985                   /usr/lib/x86_64-linux-gnu/libatk-1.0.so.0.22810.1
7fb7b8b0a000-7fb7b8b0d000 r--p 00022000 103:02 9182985                   /usr/lib/x86_64-linux-gnu/libatk-1.0.so.0.22810.1
7fb7b8b0d000-7fb7b8b0e000 rw-p 00025000 103:02 9182985                   /usr/lib/x86_64-linux-gnu/libatk-1.0.so.0.22810.1
7fb7b8b0e000-7fb7b8bbe000 r-xp 00000000 103:02 9183309                   /usr/lib/x86_64-linux-gnu/libgdk-x11-2.0.so.0.2400.32
7fb7b8bbe000-7fb7b8dbd000 ---p 000b0000 103:02 9183309                   /usr/lib/x86_64-linux-gnu/libgdk-x11-2.0.so.0.2400.32
7fb7b8dbd000-7fb7b8dc1000 r--p 000af000 103:02 9183309                   /usr/lib/x86_64-linux-gnu/libgdk-x11-2.0.so.0.2400.32
7fb7b8dc1000-7fb7b8dc3000 rw-p 000b3000 103:02 9183309                   /usr/lib/x86_64-linux-gnu/libgdk-x11-2.0.so.0.2400.32
7fb7b8dc3000-7fb7b91f8000 r-xp 00000000 103:02 9183442                   /usr/lib/x86_64-linux-gnu/libgtk-x11-2.0.so.0.2400.32
7fb7b91f8000-7fb7b93f7000 ---p 00435000 103:02 9183442                   /usr/lib/x86_64-linux-gnu/libgtk-x11-2.0.so.0.2400.32
7fb7b93f7000-7fb7b93fe000 r--p 00434000 103:02 9183442                   /usr/lib/x86_64-linux-gnu/libgtk-x11-2.0.so.0.2400.32
7fb7b93fe000-7fb7b9402000 rw-p 0043b000 103:02 9183442                   /usr/lib/x86_64-linux-gnu/libgtk-x11-2.0.so.0.2400.32
7fb7b9402000-7fb7b9405000 rw-p 00000000 00:00 0 
7fb7b9405000-7fb7b9411000 r-xp 00000000 103:02 9441136                   /usr/lib/jvm/java-8-oracle/jre/lib/amd64/libprism_es2.so
7fb7b9411000-7fb7b9610000 ---p 0000c000 103:02 9441136                   /usr/lib/jvm/java-8-oracle/jre/lib/amd64/libprism_es2.so
7fb7b9610000-7fb7b9611000 rw-p 0000b000 103:02 9441136                   /usr/lib/jvm/java-8-oracle/jre/lib/amd64/libprism_es2.so
7fb7b9611000-7fb7b9614000 ---p 00000000 00:00 0 
7fb7b9614000-7fb7b9712000 rw-p 00000000 00:00 0 
7fb7b9712000-7fb7b9713000 ---p 00000000 00:00 0 
7fb7b9713000-7fb7b9813000 rw-p 00000000 00:00 0 
7fb7b9813000-7fb7b9816000 ---p 00000000 00:00 0 
7fb7b9816000-7fb7b9914000 rw-p 00000000 00:00 0 
7fb7b9914000-7fb7b9915000 ---p 00000000 00:00 0 
7fb7b9915000-7fb7b9918000 ---p 00000000 00:00 0 
7fb7b9918000-7fb7b9a15000 rw-p 00000000 00:00 0 
7fb7b9a15000-7fb7b9a16000 ---p 00000000 00:00 0 
7fb7b9a16000-7fb7b9a19000 ---p 00000000 00:00 0 
7fb7b9a19000-7fb7b9b16000 rw-p 00000000 00:00 0 
7fb7b9b16000-7fb7b9b17000 ---p 00000000 00:00 0 
7fb7b9b17000-7fb7b9b1a000 ---p 00000000 00:00 0 
7fb7b9b1a000-7fb7b9c17000 rw-p 00000000 00:00 0 
7fb7b9c17000-7fb7b9c18000 ---p 00000000 00:00 0 
7fb7b9c18000-7fb7b9c1b000 ---p 00000000 00:00 0 
7fb7b9c1b000-7fb7b9d18000 rw-p 00000000 00:00 0 
7fb7b9d18000-7fb7b9d1b000 ---p 00000000 00:00 0 
7fb7b9d1b000-7fb7b9e19000 rw-p 00000000 00:00 0 
7fb7b9e19000-7fb7ba7e8000 r--p 00000000 103:02 9181819                   /usr/lib/locale/locale-archive
7fb7ba7e8000-7fb7ba7eb000 ---p 00000000 00:00 0 
7fb7ba7eb000-7fb7ba8e9000 rw-p 00000000 00:00 0 
7fb7ba8e9000-7fb7ba8ec000 ---p 00000000 00:00 0 
7fb7ba8ec000-7fb7ba9ea000 rw-p 00000000 00:00 0 
7fb7ba9ea000-7fb7ba9eb000 ---p 00000000 00:00 0 
7fb7ba9eb000-7fb7bc000000 rw-p 00000000 00:00 0 
7fb7bc000000-7fb7bc021000 rw-p 00000000 00:00 0 
7fb7bc021000-7fb7c0000000 ---p 00000000 00:00 0 
7fb7c0001000-7fb7c0006000 rw-s 00000000 00:19 1556                       /i915 (deleted)
7fb7c0006000-7fb7c0019000 r--p 00000000 103:02 9307059                   /usr/lib/jvm/java-8-oracle/jre/lib/fonts/LucidaBrightDemiBold.ttf
7fb7c0019000-7fb7c002c000 r--p 00000000 103:02 9307056                   /usr/lib/jvm/java-8-oracle/jre/lib/fonts/LucidaBrightDemiItalic.ttf
7fb7c002c000-7fb7c0066000 r--p 00000000 103:02 9307058                   /usr/lib/jvm/java-8-oracle/jre/lib/fonts/LucidaTypewriterBold.ttf
7fb7c0066000-7fb7c00a2000 r--p 00000000 103:02 9307057                   /usr/lib/jvm/java-8-oracle/jre/lib/fonts/LucidaTypewriterRegular.ttf
7fb7c00a2000-7fb7c00b6000 r--p 00000000 103:02 9307051                   /usr/lib/jvm/java-8-oracle/jre/lib/fonts/LucidaBrightItalic.ttf
7fb7c00b6000-7fb7c00c8000 r--s 00117000 103:02 14419637                  /home/austin/OneDrive/Documents/Netbeans Projects/TarkovTraderGit/TarkovTraderClient/dist/run33932704/lib/controlsfx-8.40.14.jar
7fb7c00c8000-7fb7c00cd000 r--s 00084000 103:02 9307039                   /usr/lib/jvm/java-8-oracle/jre/lib/jfr.jar
7fb7c00cd000-7fb7c00d8000 r--s 00000000 103:02 15335732                  /var/cache/fontconfig/945677eb7aeaf62f1d50efc3fb3ec7d8-le64.cache-7
7fb7c00d8000-7fb7c00dd000 r--s 00000000 103:02 15335703                  /var/cache/fontconfig/2300eef321c393bfd76478a5c0e95b23-le64.cache-7
7fb7c00dd000-7fb7c4000000 rw-p 00000000 00:00 0 
7fb7c4000000-7fb7c4021000 rw-p 00000000 00:00 0 
7fb7c4021000-7fb7c8000000 ---p 00000000 00:00 0 
7fb7c8001000-7fb7c8002000 r--s 00000000 103:02 15335696                  /var/cache/fontconfig/0d8c3b2ac0904cb8a57a757ad11a4a08-le64.cache-7
7fb7c8002000-7fb7c8006000 r--s 00000000 103:02 15341872                  /var/cache/fontconfig/de156ccd2eddbdc19d37a45b8b2aac9c-le64.cache-7
7fb7c8006000-7fb7c801b000 r--s 00000000 103:02 15335692                  /var/cache/fontconfig/04aabc0a78ac019cf9454389977116d2-le64.cache-7
7fb7c801b000-7fb7c801c000 r--s 00000000 103:02 15335700                  /var/cache/fontconfig/1ac9eb803944fde146138c791f5cc56a-le64.cache-7
7fb7c801c000-7fb7c801d000 r--s 00000000 103:02 15335751                  /var/cache/fontconfig/dc05db6664285cc2f12bf69c139ae4c3-le64.cache-7
7fb7c801d000-7fb7c801f000 r--s 00000000 103:02 15335697                  /var/cache/fontconfig/14a5e22175779b556eaa434240950366-le64.cache-7
7fb7c801f000-7fb7c8020000 r--s 00000000 103:02 15335724                  /var/cache/fontconfig/660208299946a285a940457d1287da33-le64.cache-7
7fb7c8020000-7fb7c8022000 r--s 00000000 103:02 15335715                  /var/cache/fontconfig/4f3e3037c9980c83b53a9351efadef62-le64.cache-7
7fb7c8022000-7fb7c8024000 r--s 00000000 103:02 15335729                  /var/cache/fontconfig/767a8244fc0220cfb567a839d0392e0b-le64.cache-7
7fb7c8024000-7fb7c8025000 r--s 00000000 103:02 15335710                  /var/cache/fontconfig/4794a0821666d79190d59a36cb4f44b5-le64.cache-7
7fb7c8025000-7fb7c8027000 r--s 00000000 103:02 15335694                  /var/cache/fontconfig/0bd3dc0958fa2205aaaa8ebb13e2872b-le64.cache-7
7fb7c8027000-7fb7c802c000 r--s 00000000 103:02 15335752                  /var/cache/fontconfig/def309198bfa603429122923fa2bb2d4-le64.cache-7
7fb7c802c000-7fb7c802d000 r--s 00000000 103:02 15335740                  /var/cache/fontconfig/b872e6e592da6075ffa4ab0a1fcc0c75-le64.cache-7
7fb7c802d000-7fb7c802e000 r--s 00000000 103:02 15335757                  /var/cache/fontconfig/f6d4eedfaab2589bde49f7a3ff831d22-le64.cache-7
7fb7c802e000-7fb7c802f000 r--s 00000000 103:02 15335722                  /var/cache/fontconfig/589f83ef4c36d296ce6e1c846f468f08-le64.cache-7
7fb7c802f000-7fb7c8030000 r--s 00000000 103:02 15335742                  /var/cache/fontconfig/bab58bb527bb656aaa9f116d68a48d89-le64.cache-7
7fb7c8030000-7fb7c8031000 r--s 00000000 103:02 15335701                  /var/cache/fontconfig/2171a34dccabdb6bcbbc728186263178-le64.cache-7
7fb7c8031000-7fb7c8032000 r--s 00000000 103:02 15335743                  /var/cache/fontconfig/c5c45a61289222e0d30b1a26ef4effbe-le64.cache-7
7fb7c8032000-7fb7c8033000 r--s 00000000 103:02 15335738                  /var/cache/fontconfig/aec30016f93e1b46d1a973dce0d74068-le64.cache-7
7fb7c8033000-7fb7c8034000 r--s 00000000 103:02 15335708                  /var/cache/fontconfig/3f589640d34b7dc9042c8d453f7c8b9c-le64.cache-7
7fb7c8034000-7fb7c8035000 r--s 00000000 103:02 15335698                  /var/cache/fontconfig/16c2fda60d1b4b719f4b3d06fd951d25-le64.cache-7
7fb7c8035000-7fb7c8036000 r--s 00000000 103:02 15335737                  /var/cache/fontconfig/a48eab177a16e4f3713381162db2f3e9-le64.cache-7
7fb7c8036000-7fb7c8037000 r--s 00000000 103:02 15335718                  /var/cache/fontconfig/564b2e68ac9bc4e36a6f7f6d6125ec1c-le64.cache-7
7fb7c8037000-7fb7c803c000 r--s 00000000 103:02 15335735                  /var/cache/fontconfig/9d2451b1fd30e5bffe8383fd27c35478-le64.cache-7
7fb7c803c000-7fb7c8042000 r--s 00000000 103:02 15335704                  /var/cache/fontconfig/3047814df9a2f067bd2d96a2b9c36e5a-le64.cache-7
7fb7c8042000-7fb7c8043000 r--s 00000000 103:02 15335719                  /var/cache/fontconfig/56cf4f4769d0f4abc89a4895d7bd3ae1-le64.cache-7
7fb7c8043000-7fb7c8044000 r--s 00000000 103:02 15335741                  /var/cache/fontconfig/b9d506c9ac06c20b433354fa67a72993-le64.cache-7
7fb7c8044000-7fb7c804a000 r--s 00000000 103:02 15335739                  /var/cache/fontconfig/b47c4e1ecd0709278f4910c18777a504-le64.cache-7
7fb7c804a000-7fb7c805d000 r--s 00000000 103:02 15335748                  /var/cache/fontconfig/d52a8644073d54c13679302ca1180695-le64.cache-7
7fb7c805d000-7fb7c805e000 r--s 00000000 103:02 15335706                  /var/cache/fontconfig/370e5b74bf5dafc30834de68e24a87a4-le64.cache-7
7fb7c805e000-7fb7c805f000 r--s 00000000 103:02 15335717                  /var/cache/fontconfig/6b2c5944714ca7831b25bed9e85cb5c8-le64.cache-7
7fb7c805f000-7fb7c8062000 r--s 00000000 103:02 15335725                  /var/cache/fontconfig/f259c2cffa685e28062317905db73c4a-le64.cache-7
7fb7c8062000-7fb7c8264000 rw-p 00000000 00:00 0 
7fb7c8264000-7fb7c843e000 r--s 03d68000 103:02 9307075                   /usr/lib/jvm/java-8-oracle/jre/lib/rt.jar
7fb7c843e000-7fb7c9000000 rw-p 00000000 00:00 0 
7fb7c9000000-7fb7c94e0000 rwxp 00000000 00:00 0 
7fb7c94e0000-7fb7d8000000 ---p 00000000 00:00 0 
7fb7d8000000-7fb7d85b2000 rw-p 00000000 00:00 0 
7fb7d85b2000-7fb7dc000000 ---p 00000000 00:00 0 
7fb7dc000000-7fb7dc001000 r--s 00000000 103:02 15335747                  /var/cache/fontconfig/d5178ab6d91b49bf20a416737dcea9e8-le64.cache-7
7fb7dc001000-7fb7dc002000 r--s 00000000 103:02 15335756                  /var/cache/fontconfig/551ecf3b0e8b0bca0f25c0944f561853-le64.cache-7
7fb7dc002000-7fb7dc004000 r--s 00000000 103:02 15337524                  /var/cache/fontconfig/550f3886151c940c12a5ed35f6a00586-le64.cache-7
7fb7dc004000-7fb7dc007000 r--s 00000000 103:02 15337525                  /var/cache/fontconfig/674d1711f2d1d2a09646eb0bdcadee49-le64.cache-7
7fb7dc007000-7fb7dc008000 r--s 00000000 103:02 15335709                  /var/cache/fontconfig/3f7329c5293ffd510edef78f73874cfd-le64.cache-7
7fb7dc008000-7fb7dc014000 r--s 00000000 103:02 15340041                  /var/cache/fontconfig/d589a48862398ed80a3d6066f4f56f4c-le64.cache-7
7fb7dc014000-7fb7dc015000 r--s 00000000 103:02 15335695                  /var/cache/fontconfig/0c9eb80ebd1c36541ebe2852d3bb0c49-le64.cache-7
7fb7dc015000-7fb7dc016000 r--s 00000000 103:02 15335702                  /var/cache/fontconfig/22368d551a680bfe5a62c02760edf4ea-le64.cache-7
7fb7dc016000-7fb7dc017000 r--s 00000000 103:02 15335714                  /var/cache/fontconfig/4d9c95eba1cb85bbcf2878543262124a-le64.cache-7
7fb7dc017000-7fb7dc018000 r--s 00000000 103:02 15335731                  /var/cache/fontconfig/85e0a52ce643a7ba2ae53e5d6949cead-le64.cache-7
7fb7dc018000-7fb7dc019000 r--s 00000000 103:02 15335711                  /var/cache/fontconfig/49f0de54bdd920fe4f0dfd4cbac43e6b-le64.cache-7
7fb7dc019000-7fb7dc01a000 r--s 00000000 103:02 15335758                  /var/cache/fontconfig/f6e6e0a5c3d2f6ae0c0c2e0ecd42a997-le64.cache-7
7fb7dc01a000-7fb7dc01b000 r--s 00000000 103:02 15335712                  /var/cache/fontconfig/4b2eda6bb976bda485cb2176619421d5-le64.cache-7
7fb7dc01b000-7fb7dc029000 r--s 00000000 103:02 15335734                  /var/cache/fontconfig/9b89f8e3dae116d678bbf48e5f21f69b-le64.cache-7
7fb7dc029000-7fb7dc037000 r--s 00000000 103:02 15336063                  /var/cache/fontconfig/e13b20fdb08344e0e664864cc2ede53d-le64.cache-7
7fb7dc037000-7fb7dc03c000 rw-s 00000000 00:19 1491                       /i915 (deleted)
7fb7dc03c000-7fb7dc040000 rw-s 00000000 00:19 1470                       /i915 (deleted)
7fb7dc040000-7fb7dc0d5000 r--s 0110b000 103:02 9439507                   /usr/lib/jvm/java-8-oracle/jre/lib/ext/jfxrt.jar
7fb7dc0d5000-7fb7dc24c000 rw-p 00000000 00:00 0 
7fb7dc24c000-7fb7dc24d000 ---p 00000000 00:00 0 
7fb7dc24d000-7fb7dc34d000 rw-p 00000000 00:00 0 
7fb7dc34d000-7fb7dc34e000 ---p 00000000 00:00 0 
7fb7dc34e000-7fb7dc44e000 rw-p 00000000 00:00 0 
7fb7dc44e000-7fb7dc44f000 ---p 00000000 00:00 0 
7fb7dc44f000-7fb7dc54f000 rw-p 00000000 00:00 0 
7fb7dc54f000-7fb7dc550000 ---p 00000000 00:00 0 
7fb7dc550000-7fb7dc650000 rw-p 00000000 00:00 0 
7fb7dc650000-7fb7dc651000 ---p 00000000 00:00 0 
7fb7dc651000-7fb7dc751000 rw-p 00000000 00:00 0 
7fb7dc751000-7fb7dc752000 ---p 00000000 00:00 0 
7fb7dc752000-7fb7dc852000 rw-p 00000000 00:00 0 
7fb7dc852000-7fb7dc853000 ---p 00000000 00:00 0 
7fb7dc853000-7fb7dc953000 rw-p 00000000 00:00 0 
7fb7dc953000-7fb7dc954000 ---p 00000000 00:00 0 
7fb7dc954000-7fb7dca7d000 rw-p 00000000 00:00 0 
7fb7dca7d000-7fb7dccd6000 ---p 00000000 00:00 0 
7fb7dccd6000-7fb7dccff000 rw-p 00000000 00:00 0 
7fb7dccff000-7fb7dcf57000 ---p 00000000 00:00 0 
7fb7dcf57000-7fb7dcf6c000 rw-p 00000000 00:00 0 
7fb7dcf6c000-7fb7dd098000 ---p 00000000 00:00 0 
7fb7dd098000-7fb7dd0ad000 rw-p 00000000 00:00 0 
7fb7dd0ad000-7fb7dd459000 ---p 00000000 00:00 0 
7fb7dd459000-7fb7dd474000 r-xp 00000000 103:02 9441128                   /usr/lib/jvm/java-8-oracle/jre/lib/amd64/libzip.so
7fb7dd474000-7fb7dd674000 ---p 0001b000 103:02 9441128                   /usr/lib/jvm/java-8-oracle/jre/lib/amd64/libzip.so
7fb7dd674000-7fb7dd675000 rw-p 0001b000 103:02 9441128                   /usr/lib/jvm/java-8-oracle/jre/lib/amd64/libzip.so
7fb7dd675000-7fb7dd680000 r-xp 00000000 103:02 266930                    /lib/x86_64-linux-gnu/libnss_files-2.27.so
7fb7dd680000-7fb7dd87f000 ---p 0000b000 103:02 266930                    /lib/x86_64-linux-gnu/libnss_files-2.27.so
7fb7dd87f000-7fb7dd880000 r--p 0000a000 103:02 266930                    /lib/x86_64-linux-gnu/libnss_files-2.27.so
7fb7dd880000-7fb7dd881000 rw-p 0000b000 103:02 266930                    /lib/x86_64-linux-gnu/libnss_files-2.27.so
7fb7dd881000-7fb7dd887000 rw-p 00000000 00:00 0 
7fb7dd887000-7fb7dd89e000 r-xp 00000000 103:02 266924                    /lib/x86_64-linux-gnu/libnsl-2.27.so
7fb7dd89e000-7fb7dda9d000 ---p 00017000 103:02 266924                    /lib/x86_64-linux-gnu/libnsl-2.27.so
7fb7dda9d000-7fb7dda9e000 r--p 00016000 103:02 266924                    /lib/x86_64-linux-gnu/libnsl-2.27.so
7fb7dda9e000-7fb7dda9f000 rw-p 00017000 103:02 266924                    /lib/x86_64-linux-gnu/libnsl-2.27.so
7fb7dda9f000-7fb7ddaa1000 rw-p 00000000 00:00 0 
7fb7ddaa1000-7fb7ddaac000 r-xp 00000000 103:02 266941                    /lib/x86_64-linux-gnu/libnss_nis-2.27.so
7fb7ddaac000-7fb7ddcab000 ---p 0000b000 103:02 266941                    /lib/x86_64-linux-gnu/libnss_nis-2.27.so
7fb7ddcab000-7fb7ddcac000 r--p 0000a000 103:02 266941                    /lib/x86_64-linux-gnu/libnss_nis-2.27.so
7fb7ddcac000-7fb7ddcad000 rw-p 0000b000 103:02 266941                    /lib/x86_64-linux-gnu/libnss_nis-2.27.so
7fb7ddcad000-7fb7ddcb5000 r-xp 00000000 103:02 266926                    /lib/x86_64-linux-gnu/libnss_compat-2.27.so
7fb7ddcb5000-7fb7ddeb5000 ---p 00008000 103:02 266926                    /lib/x86_64-linux-gnu/libnss_compat-2.27.so
7fb7ddeb5000-7fb7ddeb6000 r--p 00008000 103:02 266926                    /lib/x86_64-linux-gnu/libnss_compat-2.27.so
7fb7ddeb6000-7fb7ddeb7000 rw-p 00009000 103:02 266926                    /lib/x86_64-linux-gnu/libnss_compat-2.27.so
7fb7ddeb7000-7fb7ddee2000 r-xp 00000000 103:02 9441122                   /usr/lib/jvm/java-8-oracle/jre/lib/amd64/libjava.so
7fb7ddee2000-7fb7de0e1000 ---p 0002b000 103:02 9441122                   /usr/lib/jvm/java-8-oracle/jre/lib/amd64/libjava.so
7fb7de0e1000-7fb7de0e3000 rw-p 0002a000 103:02 9441122                   /usr/lib/jvm/java-8-oracle/jre/lib/amd64/libjava.so
7fb7de0e3000-7fb7de0f0000 r-xp 00000000 103:02 9441127                   /usr/lib/jvm/java-8-oracle/jre/lib/amd64/libverify.so
7fb7de0f0000-7fb7de2f0000 ---p 0000d000 103:02 9441127                   /usr/lib/jvm/java-8-oracle/jre/lib/amd64/libverify.so
7fb7de2f0000-7fb7de2f2000 rw-p 0000d000 103:02 9441127                   /usr/lib/jvm/java-8-oracle/jre/lib/amd64/libverify.so
7fb7de2f2000-7fb7de2f9000 r-xp 00000000 103:02 266981                    /lib/x86_64-linux-gnu/librt-2.27.so
7fb7de2f9000-7fb7de4f8000 ---p 00007000 103:02 266981                    /lib/x86_64-linux-gnu/librt-2.27.so
7fb7de4f8000-7fb7de4f9000 r--p 00006000 103:02 266981                    /lib/x86_64-linux-gnu/librt-2.27.so
7fb7de4f9000-7fb7de4fa000 rw-p 00007000 103:02 266981                    /lib/x86_64-linux-gnu/librt-2.27.so
7fb7de4fa000-7fb7de697000 r-xp 00000000 103:02 266903                    /lib/x86_64-linux-gnu/libm-2.27.so
7fb7de697000-7fb7de896000 ---p 0019d000 103:02 266903                    /lib/x86_64-linux-gnu/libm-2.27.so
7fb7de896000-7fb7de897000 r--p 0019c000 103:02 266903                    /lib/x86_64-linux-gnu/libm-2.27.so
7fb7de897000-7fb7de898000 rw-p 0019d000 103:02 266903                    /lib/x86_64-linux-gnu/libm-2.27.so
7fb7de898000-7fb7df571000 r-xp 00000000 103:02 9441104                   /usr/lib/jvm/java-8-oracle/jre/lib/amd64/server/libjvm.so
7fb7df571000-7fb7df770000 ---p 00cd9000 103:02 9441104                   /usr/lib/jvm/java-8-oracle/jre/lib/amd64/server/libjvm.so
7fb7df770000-7fb7df84a000 rw-p 00cd8000 103:02 9441104                   /usr/lib/jvm/java-8-oracle/jre/lib/amd64/server/libjvm.so
7fb7df84a000-7fb7df895000 rw-p 00000000 00:00 0 
7fb7df895000-7fb7dfa7c000 r-xp 00000000 103:02 266840                    /lib/x86_64-linux-gnu/libc-2.27.so
7fb7dfa7c000-7fb7dfc7c000 ---p 001e7000 103:02 266840                    /lib/x86_64-linux-gnu/libc-2.27.so
7fb7dfc7c000-7fb7dfc80000 r--p 001e7000 103:02 266840                    /lib/x86_64-linux-gnu/libc-2.27.so
7fb7dfc80000-7fb7dfc82000 rw-p 001eb000 103:02 266840                    /lib/x86_64-linux-gnu/libc-2.27.so
7fb7dfc82000-7fb7dfc86000 rw-p 00000000 00:00 0 
7fb7dfc86000-7fb7dfc89000 r-xp 00000000 103:02 266863                    /lib/x86_64-linux-gnu/libdl-2.27.so
7fb7dfc89000-7fb7dfe88000 ---p 00003000 103:02 266863                    /lib/x86_64-linux-gnu/libdl-2.27.so
7fb7dfe88000-7fb7dfe89000 r--p 00002000 103:02 266863                    /lib/x86_64-linux-gnu/libdl-2.27.so
7fb7dfe89000-7fb7dfe8a000 rw-p 00003000 103:02 266863                    /lib/x86_64-linux-gnu/libdl-2.27.so
7fb7dfe8a000-7fb7dfea0000 r-xp 00000000 103:02 9441099                   /usr/lib/jvm/java-8-oracle/jre/lib/amd64/jli/libjli.so
7fb7dfea0000-7fb7e009f000 ---p 00016000 103:02 9441099                   /usr/lib/jvm/java-8-oracle/jre/lib/amd64/jli/libjli.so
7fb7e009f000-7fb7e00a0000 rw-p 00015000 103:02 9441099                   /usr/lib/jvm/java-8-oracle/jre/lib/amd64/jli/libjli.so
7fb7e00a0000-7fb7e00ba000 r-xp 00000000 103:02 266973                    /lib/x86_64-linux-gnu/libpthread-2.27.so
7fb7e00ba000-7fb7e02b9000 ---p 0001a000 103:02 266973                    /lib/x86_64-linux-gnu/libpthread-2.27.so
7fb7e02b9000-7fb7e02ba000 r--p 00019000 103:02 266973                    /lib/x86_64-linux-gnu/libpthread-2.27.so
7fb7e02ba000-7fb7e02bb000 rw-p 0001a000 103:02 266973                    /lib/x86_64-linux-gnu/libpthread-2.27.so
7fb7e02bb000-7fb7e02bf000 rw-p 00000000 00:00 0 
7fb7e02bf000-7fb7e02e6000 r-xp 00000000 103:02 266812                    /lib/x86_64-linux-gnu/ld-2.27.so
7fb7e02e6000-7fb7e02e8000 r--s 00000000 103:02 15335726                  /var/cache/fontconfig/6afa1bb216ce958c1589e297e8008489-le64.cache-7
7fb7e02e8000-7fb7e02ec000 rw-s 00000000 00:19 1468                       /i915 (deleted)
7fb7e02ec000-7fb7e02f1000 rw-s 00000000 00:19 1466                       /i915 (deleted)
7fb7e02f1000-7fb7e02f6000 rw-s 00000000 00:19 1464                       /i915 (deleted)
7fb7e02f6000-7fb7e02f7000 rw-s 00000000 00:19 1474                       /i915 (deleted)
7fb7e02f7000-7fb7e02fb000 rw-s 00000000 00:19 1454                       /i915 (deleted)
7fb7e02fb000-7fb7e03cb000 rw-p 00000000 00:00 0 
7fb7e03cb000-7fb7e03cc000 ---p 00000000 00:00 0 
7fb7e03cc000-7fb7e03cf000 ---p 00000000 00:00 0 
7fb7e03cf000-7fb7e04ce000 rw-p 00000000 00:00 0 
7fb7e04ce000-7fb7e04cf000 rwxp 00000000 00:00 0 
7fb7e04cf000-7fb7e04d3000 rw-s 00000000 00:19 1449                       /i915 (deleted)
7fb7e04d3000-7fb7e04d8000 rw-s 00000000 00:19 1448                       /i915 (deleted)
7fb7e04d8000-7fb7e04da000 r--s 000b2000 103:02 14287373                  /home/austin/OneDrive/Documents/Netbeans Projects/TarkovTraderGit/TarkovTraderClient/dist/run33932704/TarkovTrader.jar
7fb7e04da000-7fb7e04e2000 rw-s 00000000 103:02 13238365                  /tmp/hsperfdata_austin/8189
7fb7e04e2000-7fb7e04e3000 rw-p 00000000 00:00 0 
7fb7e04e3000-7fb7e04e4000 r--p 00000000 00:00 0 
7fb7e04e4000-7fb7e04e6000 rw-p 00000000 00:00 0 
7fb7e04e6000-7fb7e04e7000 r--p 00027000 103:02 266812                    /lib/x86_64-linux-gnu/ld-2.27.so
7fb7e04e7000-7fb7e04e8000 rw-p 00028000 103:02 266812                    /lib/x86_64-linux-gnu/ld-2.27.so
7fb7e04e8000-7fb7e04e9000 rw-p 00000000 00:00 0 
7ffc4302c000-7ffc4304d000 rw-p 00000000 00:00 0                          [stack]
7ffc4307e000-7ffc43081000 r--p 00000000 00:00 0                          [vvar]
7ffc43081000-7ffc43083000 r-xp 00000000 00:00 0                          [vdso]
ffffffffff600000-ffffffffff601000 r-xp 00000000 00:00 0                  [vsyscall]

VM Arguments:
jvm_args: -Dfile.encoding=UTF-8 
java_command: /home/austin/OneDrive/Documents/Netbeans Projects/TarkovTraderGit/TarkovTraderClient/dist/run33932704/TarkovTrader.jar
java_class_path (initial): /home/austin/OneDrive/Documents/Netbeans Projects/TarkovTraderGit/TarkovTraderClient/dist/run33932704/TarkovTrader.jar
Launcher Type: SUN_STANDARD

Environment Variables:
JAVA_HOME=/usr/lib/jvm/java-8-oracle
PATH=/usr/local/sbin:/usr/local/bin:/usr/sbin:/usr/bin:/sbin:/bin:/usr/games:/usr/local/games:/snap/bin:/usr/lib/jvm/java-8-oracle/bin:/usr/lib/jvm/java-8-oracle/db/bin:/usr/lib/jvm/java-8-oracle/jre/bin
USERNAME=austin
LD_LIBRARY_PATH=/usr/lib/jvm/java-8-oracle/jre/lib/amd64:/usr/lib/jvm/java-8-oracle/jre/lib/i386:
SHELL=/bin/bash
DISPLAY=:0

Signal Handlers:
SIGSEGV: [libjvm.so+0xad0890], sa_mask[0]=11111111011111111101111111111110, sa_flags=SA_RESTART|SA_SIGINFO
SIGBUS: [libjvm.so+0xad0890], sa_mask[0]=11111111011111111101111111111110, sa_flags=SA_RESTART|SA_SIGINFO
SIGFPE: [libjvm.so+0x928640], sa_mask[0]=11111111011111111101111111111110, sa_flags=SA_RESTART|SA_SIGINFO
SIGPIPE: SIG_IGN, sa_mask[0]=00000000000010000000000000000000, sa_flags=SA_RESTART
SIGXFSZ: [libjvm.so+0x928640], sa_mask[0]=11111111011111111101111111111110, sa_flags=SA_RESTART|SA_SIGINFO
SIGILL: [libjvm.so+0x928640], sa_mask[0]=11111111011111111101111111111110, sa_flags=SA_RESTART|SA_SIGINFO
SIGUSR1: SIG_DFL, sa_mask[0]=00000000000000000000000000000000, sa_flags=none
SIGUSR2: [libjvm.so+0x929ea0], sa_mask[0]=00100000000000000000000000000000, sa_flags=SA_RESTART|SA_SIGINFO
SIGHUP: [libjvm.so+0x92b2a0], sa_mask[0]=11111111011111111101111111111110, sa_flags=SA_RESTART|SA_SIGINFO
SIGINT: SIG_IGN, sa_mask[0]=00000000000000000000000000000000, sa_flags=none
SIGTERM: [libjvm.so+0x92b2a0], sa_mask[0]=11111111011111111101111111111110, sa_flags=SA_RESTART|SA_SIGINFO
SIGQUIT: [libjvm.so+0x92b2a0], sa_mask[0]=11111111011111111101111111111110, sa_flags=SA_RESTART|SA_SIGINFO


---------------  S Y S T E M  ---------------

OS:DISTRIB_ID=Ubuntu
DISTRIB_RELEASE=18.04
DISTRIB_CODENAME=bionic
DISTRIB_DESCRIPTION="Ubuntu 18.04 LTS"

uname:Linux 4.15.0-23-generic #25-Ubuntu SMP Wed May 23 18:02:16 UTC 2018 x86_64
libc:glibc 2.27 NPTL 2.27 
rlimit: STACK 8192k, CORE 0k, NPROC 30365, NOFILE 1048576, AS infinity
load average:0.57 0.57 0.67

/proc/meminfo:
MemTotal:        7877392 kB
MemFree:         2030972 kB
MemAvailable:    4193432 kB
Buffers:          172368 kB
Cached:          1883976 kB
SwapCached:            0 kB
Active:          3571724 kB
Inactive:        1905820 kB
Active(anon):    2760924 kB
Inactive(anon):   404104 kB
Active(file):     810800 kB
Inactive(file):  1501716 kB
Unevictable:          48 kB
Mlocked:              48 kB
SwapTotal:       2097148 kB
SwapFree:        2097148 kB
Dirty:              4520 kB
Writeback:             0 kB
AnonPages:       3421336 kB
Mapped:           522520 kB
Shmem:            405220 kB
Slab:             220576 kB
SReclaimable:     156780 kB
SUnreclaim:        63796 kB
KernelStack:       13120 kB
PageTables:        44388 kB
NFS_Unstable:          0 kB
Bounce:                0 kB
WritebackTmp:          0 kB
CommitLimit:     6035844 kB
Committed_AS:    8625304 kB
VmallocTotal:   34359738367 kB
VmallocUsed:           0 kB
VmallocChunk:          0 kB
HardwareCorrupted:     0 kB
AnonHugePages:         0 kB
ShmemHugePages:        0 kB
ShmemPmdMapped:        0 kB
CmaTotal:              0 kB
CmaFree:               0 kB
HugePages_Total:       0
HugePages_Free:        0
HugePages_Rsvd:        0
HugePages_Surp:        0
Hugepagesize:       2048 kB
DirectMap4k:      197488 kB
DirectMap2M:     6850560 kB
DirectMap1G:     1048576 kB


CPU:total 8 (initial active 8) (4 cores per cpu, 2 threads per core) family 6 model 142 stepping 10, cmov, cx8, fxsr, mmx, sse, sse2, sse3, ssse3, sse4.1, sse4.2, popcnt, avx, avx2, aes, clmul, erms, 3dnowpref, lzcnt, ht, tsc, tscinvbit, bmi1, bmi2, adx

/proc/cpuinfo:
processor	: 0
vendor_id	: GenuineIntel
cpu family	: 6
model		: 142
model name	: Intel(R) Core(TM) i7-8550U CPU @ 1.80GHz
stepping	: 10
microcode	: 0x84
cpu MHz		: 2900.002
cache size	: 8192 KB
physical id	: 0
siblings	: 8
core id		: 0
cpu cores	: 4
apicid		: 0
initial apicid	: 0
fpu		: yes
fpu_exception	: yes
cpuid level	: 22
wp		: yes
flags		: fpu vme de pse tsc msr pae mce cx8 apic sep mtrr pge mca cmov pat pse36 clflush dts acpi mmx fxsr sse sse2 ss ht tm pbe syscall nx pdpe1gb rdtscp lm constant_tsc art arch_perfmon pebs bts rep_good nopl xtopology nonstop_tsc cpuid aperfmperf tsc_known_freq pni pclmulqdq dtes64 monitor ds_cpl vmx est tm2 ssse3 sdbg fma cx16 xtpr pdcm pcid sse4_1 sse4_2 x2apic movbe popcnt tsc_deadline_timer aes xsave avx f16c rdrand lahf_lm abm 3dnowprefetch cpuid_fault epb invpcid_single pti ibrs ibpb stibp tpr_shadow vnmi flexpriority ept vpid fsgsbase tsc_adjust bmi1 avx2 smep bmi2 erms invpcid mpx rdseed adx smap clflushopt intel_pt xsaveopt xsavec xgetbv1 xsaves dtherm ida arat pln pts hwp hwp_notify hwp_act_window hwp_epp
bugs		: cpu_meltdown spectre_v1 spectre_v2 spec_store_bypass
bogomips	: 3984.00
clflush size	: 64
cache_alignment	: 64
address sizes	: 39 bits physical, 48 bits virtual
power management:

processor	: 1
vendor_id	: GenuineIntel
cpu family	: 6
model		: 142
model name	: Intel(R) Core(TM) i7-8550U CPU @ 1.80GHz
stepping	: 10
microcode	: 0x84
cpu MHz		: 2899.999
cache size	: 8192 KB
physical id	: 0
siblings	: 8
core id		: 1
cpu cores	: 4
apicid		: 2
initial apicid	: 2
fpu		: yes
fpu_exception	: yes
cpuid level	: 22
wp		: yes
flags		: fpu vme de pse tsc msr pae mce cx8 apic sep mtrr pge mca cmov pat pse36 clflush dts acpi mmx fxsr sse sse2 ss ht tm pbe syscall nx pdpe1gb rdtscp lm constant_tsc art arch_perfmon pebs bts rep_good nopl xtopology nonstop_tsc cpuid aperfmperf tsc_known_freq pni pclmulqdq dtes64 monitor ds_cpl vmx est tm2 ssse3 sdbg fma cx16 xtpr pdcm pcid sse4_1 sse4_2 x2apic movbe popcnt tsc_deadline_timer aes xsave avx f16c rdrand lahf_lm abm 3dnowprefetch cpuid_fault epb invpcid_single pti ibrs ibpb stibp tpr_shadow vnmi flexpriority ept vpid fsgsbase tsc_adjust bmi1 avx2 smep bmi2 erms invpcid mpx rdseed adx smap clflushopt intel_pt xsaveopt xsavec xgetbv1 xsaves dtherm ida arat pln pts hwp hwp_notify hwp_act_window hwp_epp
bugs		: cpu_meltdown spectre_v1 spectre_v2 spec_store_bypass
bogomips	: 3984.00
clflush size	: 64
cache_alignment	: 64
address sizes	: 39 bits physical, 48 bits virtual
power management:

processor	: 2
vendor_id	: GenuineIntel
cpu family	: 6
model		: 142
model name	: Intel(R) Core(TM) i7-8550U CPU @ 1.80GHz
stepping	: 10
microcode	: 0x84
cpu MHz		: 2899.932
cache size	: 8192 KB
physical id	: 0
siblings	: 8
core id		: 2
cpu cores	: 4
apicid		: 4
initial apicid	: 4
fpu		: yes
fpu_exception	: yes
cpuid level	: 22
wp		: yes
flags		: fpu vme de pse tsc msr pae mce cx8 apic sep mtrr pge mca cmov pat pse36 clflush dts acpi mmx fxsr sse sse2 ss ht tm pbe syscall nx pdpe1gb rdtscp lm constant_tsc art arch_perfmon pebs bts rep_good nopl xtopology nonstop_tsc cpuid aperfmperf tsc_known_freq pni pclmulqdq dtes64 monitor ds_cpl vmx est tm2 ssse3 sdbg fma cx16 xtpr pdcm pcid sse4_1 sse4_2 x2apic movbe popcnt tsc_deadline_timer aes xsave avx f16c rdrand lahf_lm abm 3dnowprefetch cpuid_fault epb invpcid_single pti ibrs ibpb stibp tpr_shadow vnmi flexpriority ept vpid fsgsbase tsc_adjust bmi1 avx2 smep bmi2 erms invpcid mpx rdseed adx smap clflushopt intel_pt xsaveopt xsavec xgetbv1 xsaves dtherm ida arat pln pts hwp hwp_notify hwp_act_window hwp_epp
bugs		: cpu_meltdown spectre_v1 spectre_v2 spec_store_bypass
bogomips	: 3984.00
clflush size	: 64
cache_alignment	: 64
address sizes	: 39 bits physical, 48 bits virtual
power management:

processor	: 3
vendor_id	: GenuineIntel
cpu family	: 6
model		: 142
model name	: Intel(R) Core(TM) i7-8550U CPU @ 1.80GHz
stepping	: 10
microcode	: 0x84
cpu MHz		: 2899.999
cache size	: 8192 KB
physical id	: 0
siblings	: 8
core id		: 3
cpu cores	: 4
apicid		: 6
initial apicid	: 6
fpu		: yes
fpu_exception	: yes
cpuid level	: 22
wp		: yes
flags		: fpu vme de pse tsc msr pae mce cx8 apic sep mtrr pge mca cmov pat pse36 clflush dts acpi mmx fxsr sse sse2 ss ht tm pbe syscall nx pdpe1gb rdtscp lm constant_tsc art arch_perfmon pebs bts rep_good nopl xtopology nonstop_tsc cpuid aperfmperf tsc_known_freq pni pclmulqdq dtes64 monitor ds_cpl vmx est tm2 ssse3 sdbg fma cx16 xtpr pdcm pcid sse4_1 sse4_2 x2apic movbe popcnt tsc_deadline_timer aes xsave avx f16c rdrand lahf_lm abm 3dnowprefetch cpuid_fault epb invpcid_single pti ibrs ibpb stibp tpr_shadow vnmi flexpriority ept vpid fsgsbase tsc_adjust bmi1 avx2 smep bmi2 erms invpcid mpx rdseed adx smap clflushopt intel_pt xsaveopt xsavec xgetbv1 xsaves dtherm ida arat pln pts hwp hwp_notify hwp_act_window hwp_epp
bugs		: cpu_meltdown spectre_v1 spectre_v2 spec_store_bypass
bogomips	: 3984.00
clflush size	: 64
cache_alignment	: 64
address sizes	: 39 bits physical, 48 bits virtual
power management:

processor	: 4
vendor_id	: GenuineIntel
cpu family	: 6
model		: 142
model name	: Intel(R) Core(TM) i7-8550U CPU @ 1.80GHz
stepping	: 10
microcode	: 0x84
cpu MHz		: 2900.006
cache size	: 8192 KB
physical id	: 0
siblings	: 8
core id		: 0
cpu cores	: 4
apicid		: 1
initial apicid	: 1
fpu		: yes
fpu_exception	: yes
cpuid level	: 22
wp		: yes
flags		: fpu vme de pse tsc msr pae mce cx8 apic sep mtrr pge mca cmov pat pse36 clflush dts acpi mmx fxsr sse sse2 ss ht tm pbe syscall nx pdpe1gb rdtscp lm constant_tsc art arch_perfmon pebs bts rep_good nopl xtopology nonstop_tsc cpuid aperfmperf tsc_known_freq pni pclmulqdq dtes64 monitor ds_cpl vmx est tm2 ssse3 sdbg fma cx16 xtpr pdcm pcid sse4_1 sse4_2 x2apic movbe popcnt tsc_deadline_timer aes xsave avx f16c rdrand lahf_lm abm 3dnowprefetch cpuid_fault epb invpcid_single pti ibrs ibpb stibp tpr_shadow vnmi flexpriority ept vpid fsgsbase tsc_adjust bmi1 avx2 smep bmi2 erms invpcid mpx rdseed adx smap clflushopt intel_pt xsaveopt xsavec xgetbv1 xsaves dtherm ida arat pln pts hwp hwp_notify hwp_act_window hwp_epp
bugs		: cpu_meltdown spectre_v1 spectre_v2 spec_store_bypass
bogomips	: 3984.00
clflush size	: 64
cache_alignment	: 64
address sizes	: 39 bits physical, 48 bits virtual
power management:

processor	: 5
vendor_id	: GenuineIntel
cpu family	: 6
model		: 142
model name	: Intel(R) Core(TM) i7-8550U CPU @ 1.80GHz
stepping	: 10
microcode	: 0x84
cpu MHz		: 2899.999
cache size	: 8192 KB
physical id	: 0
siblings	: 8
core id		: 1
cpu cores	: 4
apicid		: 3
initial apicid	: 3
fpu		: yes
fpu_exception	: yes
cpuid level	: 22
wp		: yes
flags		: fpu vme de pse tsc msr pae mce cx8 apic sep mtrr pge mca cmov pat pse36 clflush dts acpi mmx fxsr sse sse2 ss ht tm pbe syscall nx pdpe1gb rdtscp lm constant_tsc art arch_perfmon pebs bts rep_good nopl xtopology nonstop_tsc cpuid aperfmperf tsc_known_freq pni pclmulqdq dtes64 monitor ds_cpl vmx est tm2 ssse3 sdbg fma cx16 xtpr pdcm pcid sse4_1 sse4_2 x2apic movbe popcnt tsc_deadline_timer aes xsave avx f16c rdrand lahf_lm abm 3dnowprefetch cpuid_fault epb invpcid_single pti ibrs ibpb stibp tpr_shadow vnmi flexpriority ept vpid fsgsbase tsc_adjust bmi1 avx2 smep bmi2 erms invpcid mpx rdseed adx smap clflushopt intel_pt xsaveopt xsavec xgetbv1 xsaves dtherm ida arat pln pts hwp hwp_notify hwp_act_window hwp_epp
bugs		: cpu_meltdown spectre_v1 spectre_v2 spec_store_bypass
bogomips	: 3984.00
clflush size	: 64
cache_alignment	: 64
address sizes	: 39 bits physical, 48 bits virtual
power management:

processor	: 6
vendor_id	: GenuineIntel
cpu family	: 6
model		: 142
model name	: Intel(R) Core(TM) i7-8550U CPU @ 1.80GHz
stepping	: 10
microcode	: 0x84
cpu MHz		: 2900.118
cache size	: 8192 KB
physical id	: 0
siblings	: 8
core id		: 2
cpu cores	: 4
apicid		: 5
initial apicid	: 5
fpu		: yes
fpu_exception	: yes
cpuid level	: 22
wp		: yes
flags		: fpu vme de pse tsc msr pae mce cx8 apic sep mtrr pge mca cmov pat pse36 clflush dts acpi mmx fxsr sse sse2 ss ht tm pbe syscall nx pdpe1gb rdtscp lm constant_tsc art arch_perfmon pebs bts rep_good nopl xtopology nonstop_tsc cpuid aperfmperf tsc_known_freq pni pclmulqdq dtes64 monitor ds_cpl vmx est tm2 ssse3 sdbg fma cx16 xtpr pdcm pcid sse4_1 sse4_2 x2apic movbe popcnt tsc_deadline_timer aes xsave avx f16c rdrand lahf_lm abm 3dnowprefetch cpuid_fault epb invpcid_single pti ibrs ibpb stibp tpr_shadow vnmi flexpriority ept vpid fsgsbase tsc_adjust bmi1 avx2 smep bmi2 erms invpcid mpx rdseed adx smap clflushopt intel_pt xsaveopt xsavec xgetbv1 xsaves dtherm ida arat pln pts hwp hwp_notify hwp_act_window hwp_epp
bugs		: cpu_meltdown spectre_v1 spectre_v2 spec_store_bypass
bogomips	: 3984.00
clflush size	: 64
cache_alignment	: 64
address sizes	: 39 bits physical, 48 bits virtual
power management:

processor	: 7
vendor_id	: GenuineIntel
cpu family	: 6
model		: 142
model name	: Intel(R) Core(TM) i7-8550U CPU @ 1.80GHz
stepping	: 10
microcode	: 0x84
cpu MHz		: 2900.041
cache size	: 8192 KB
physical id	: 0
siblings	: 8
core id		: 3
cpu cores	: 4
apicid		: 7
initial apicid	: 7
fpu		: yes
fpu_exception	: yes
cpuid level	: 22
wp		: yes
flags		: fpu vme de pse tsc msr pae mce cx8 apic sep mtrr pge mca cmov pat pse36 clflush dts acpi mmx fxsr sse sse2 ss ht tm pbe syscall nx pdpe1gb rdtscp lm constant_tsc art arch_perfmon pebs bts rep_good nopl xtopology nonstop_tsc cpuid aperfmperf tsc_known_freq pni pclmulqdq dtes64 monitor ds_cpl vmx est tm2 ssse3 sdbg fma cx16 xtpr pdcm pcid sse4_1 sse4_2 x2apic movbe popcnt tsc_deadline_timer aes xsave avx f16c rdrand lahf_lm abm 3dnowprefetch cpuid_fault epb invpcid_single pti ibrs ibpb stibp tpr_shadow vnmi flexpriority ept vpid fsgsbase tsc_adjust bmi1 avx2 smep bmi2 erms invpcid mpx rdseed adx smap clflushopt intel_pt xsaveopt xsavec xgetbv1 xsaves dtherm ida arat pln pts hwp hwp_notify hwp_act_window hwp_epp
bugs		: cpu_meltdown spectre_v1 spectre_v2 spec_store_bypass
bogomips	: 3984.00
clflush size	: 64
cache_alignment	: 64
address sizes	: 39 bits physical, 48 bits virtual
power management:



Memory: 4k page, physical 7877392k(2027376k free), swap 2097148k(2097148k free)

vm_info: Java HotSpot(TM) 64-Bit Server VM (25.171-b11) for linux-amd64 JRE (1.8.0_171-b11), built on Mar 28 2018 17:07:08 by "java_re" with gcc 4.3.0 20080428 (Red Hat 4.3.0-8)

time: Sat Jul 21 23:07:51 2018
elapsed time: 4 seconds (0d 0h 0m 4s)

