#
# A fatal error has been detected by the Java Runtime Environment:
#
#  SIGSEGV (0xb) at pc=0x00007fd49e6a69a8, pid=8977, tid=0x00007fd428ed4700
#
# JRE version: Java(TM) SE Runtime Environment (8.0_171-b11) (build 1.8.0_171-b11)
# Java VM: Java HotSpot(TM) 64-Bit Server VM (25.171-b11 mixed mode linux-amd64 compressed oops)
# Problematic frame:
# V  [libjvm.so+0x6d79a8]  jni_invoke_nonstatic(JNIEnv_*, JavaValue*, _jobject*, JNICallType, _jmethodID*, JNI_ArgumentPusher*, Thread*)+0x38
#
# Failed to write core dump. Core dumps have been disabled. To enable core dumping, try "ulimit -c unlimited" before starting Java again
#
# If you would like to submit a bug report, please visit:
#   http://bugreport.java.com/bugreport/crash.jsp
#

---------------  T H R E A D  ---------------

Current thread (0x00007fd4983e8800):  JavaThread "JavaFX Application Thread" [_thread_in_vm, id=9003, stack(0x00007fd428dd4000,0x00007fd428ed5000)]

siginfo: si_signo: 11 (SIGSEGV), si_code: 1 (SEGV_MAPERR), si_addr: 0x00007fd400000000

Registers:
RAX=0x00007fd428ed31e0, RBX=0x00007fd428ed30f0, RCX=0x0000000000000001, RDX=0x00007fd400000000
RSP=0x00007fd428ed2f40, RBP=0x00007fd428ed30c0, RSI=0x00007fd428ed3150, RDI=0x00007fd4983e89f8
R8 =0x00007fd49834d2a8, R9 =0x00007fd428ed30f0, R10=0x00007fd41c000e00, R11=0x00007fd4893dc0a0
R12=0x00007fd4983e8800, R13=0x00007fd49834d2a8, R14=0x0000000000000001, R15=0x00007fd4983e89f8
RIP=0x00007fd49e6a69a8, EFLAGS=0x0000000000010206, CSGSFS=0x002b000000000033, ERR=0x0000000000000004
  TRAPNO=0x000000000000000e

Top of Stack: (sp=0x00007fd428ed2f40)
0x00007fd428ed2f40:   00007fd428ed3640 00007fd428ed3260
0x00007fd428ed2f50:   00007fd428ed2fa0 00007fd428ed3020
0x00007fd428ed2f60:   00007fd428ed30f0 00007fd428ed3150
0x00007fd428ed2f70:   00007fd4983e89f8 00007fd49e6c64b0
0x00007fd428ed2f80:   00007fd4400095a0 00007fd4400095b0
0x00007fd428ed2f90:   00007fd440009988 00000000000003d8
0x00007fd428ed2fa0:   0000000000000000 00000000d9d80d20
0x00007fd428ed2fb0:   00007fd40000006f 00007fd40000000a
0x00007fd428ed2fc0:   00000000d812c418 0000000000000000
0x00007fd428ed2fd0:   0000000000000000 0000000000000000
0x00007fd428ed2fe0:   00007fd467ce9c30 0000000100000100
0x00007fd428ed2ff0:   0000000000000000 00007fd428ed2fa8
0x00007fd428ed3000:   00007fd428ed2fe9 0000000800000005
0x00007fd428ed3010:   00007fd428ed3000 00007fd4983e8f80
0x00007fd428ed3020:   00007fd49ef3a7b0 00007fd49fa867a0
0x00007fd428ed3030:   00000000983e8f00 00007fd4983e8800
0x00007fd428ed3040:   0000000000000000 00007fd49e6a6d7b
0x00007fd428ed3050:   00007fd467cf3d78 00007fd4983e8800
0x00007fd428ed3060:   00007fd467cf3d78 00007fd4983e8800
0x00007fd428ed3070:   00007fd428ed3200 00007fd467cf3d78
0x00007fd428ed3080:   00007fd467cf3d78 00007fd467cf3d78
0x00007fd428ed3090:   00007fd4400095a0 00007fd428ed30f0
0x00007fd428ed30a0:   00007fd4983e8800 00007fd428ed3130
0x00007fd428ed30b0:   00007fd49834d2a8 00007fd4983e89f8
0x00007fd428ed30c0:   00007fd428ed31b0 00007fd49e6ab14f
0x00007fd428ed30d0:   00007fd4983e8800 00007fd4643a1614
0x00007fd428ed30e0:   00007fd428ed31c8 00007fd400000000
0x00007fd428ed30f0:   00007fd49ef3b430 00007fd49fa867a0
0x00007fd428ed3100:   0000000000000000 00007fd400000063
0x00007fd428ed3110:   0000000000000000 0000003000000018
0x00007fd428ed3120:   00007fd428ed32a0 00007fd428ed31e0
0x00007fd428ed3130:   00007fd4983e8800 0000000000000000 

Instructions: (pc=0x00007fd49e6a69a8)
0x00007fd49e6a6988:   00 00 48 85 d2 48 89 bd b0 fe ff ff 48 89 b5 a8
0x00007fd49e6a6998:   fe ff ff 4c 89 8d a0 fe ff ff 0f 84 78 09 00 00
0x00007fd49e6a69a8:   4c 8b 22 4d 85 e4 0f 84 6c 09 00 00 48 8b 45 10
0x00007fd49e6a69b8:   48 8b 98 38 01 00 00 48 83 7b 18 f7 0f 87 16 07 

Register to memory mapping:

RAX=0x00007fd428ed31e0 is pointing into the stack for thread: 0x00007fd4983e8800
RBX=0x00007fd428ed30f0 is pointing into the stack for thread: 0x00007fd4983e8800
RCX=0x0000000000000001 is an unknown value
RDX=0x00007fd400000000 is an unknown value
RSP=0x00007fd428ed2f40 is pointing into the stack for thread: 0x00007fd4983e8800
RBP=0x00007fd428ed30c0 is pointing into the stack for thread: 0x00007fd4983e8800
RSI=0x00007fd428ed3150 is pointing into the stack for thread: 0x00007fd4983e8800
RDI=0x00007fd4983e89f8 is an unknown value
R8 =0x00007fd49834d2a8 is an unknown value
R9 =0x00007fd428ed30f0 is pointing into the stack for thread: 0x00007fd4983e8800
R10=0x00007fd41c000e00 is an unknown value
R11=0x00007fd4893dc0a0 is at entry_point+32 in (nmethod*)0x00007fd4893dbf10
R12=0x00007fd4983e8800 is a thread
R13=0x00007fd49834d2a8 is an unknown value
R14=0x0000000000000001 is an unknown value
R15=0x00007fd4983e89f8 is an unknown value


Stack: [0x00007fd428dd4000,0x00007fd428ed5000],  sp=0x00007fd428ed2f40,  free space=1019k
Native frames: (J=compiled Java code, j=interpreted, Vv=VM code, C=native code)
V  [libjvm.so+0x6d79a8]  jni_invoke_nonstatic(JNIEnv_*, JavaValue*, _jobject*, JNICallType, _jmethodID*, JNI_ArgumentPusher*, Thread*)+0x38
V  [libjvm.so+0x6dc14f]  jni_CallVoidMethodV+0x10f
C  [libglass.so+0x18641]  JNIEnv_::CallVoidMethod(_jobject*, _jmethodID*, ...)+0x81
C  [libglass.so+0x14f0f]  WindowContextBase::process_key(_GdkEventKey*)+0x20f
C  [libglass.so+0x19f60]  WindowContextBase::im_filter_keypress(_GdkEventKey*)+0x1c0
C  [libglass.so+0x1a91c]  process_events(_GdkEvent*, void*)+0x22c
C  [libgdk-x11-2.0.so.0+0x5b02c]

Java frames: (J=compiled Java code, j=interpreted, Vv=VM code)
j  com.sun.glass.ui.gtk.GtkApplication._runLoop(Ljava/lang/Runnable;Z)V+0
j  com.sun.glass.ui.gtk.GtkApplication.lambda$null$48(Ljava/lang/Runnable;Z)V+7
j  com.sun.glass.ui.gtk.GtkApplication$$Lambda$41.run()V+12
j  java.lang.Thread.run()V+11
v  ~StubRoutines::call_stub

---------------  P R O C E S S  ---------------

Java Threads: ( => current thread )
  0x00007fd41c265000 JavaThread "Prism Font Disposer" daemon [_thread_blocked, id=9008, stack(0x00007fd418c41000,0x00007fd418d42000)]
  0x00007fd414013000 JavaThread "Thread-4" [_thread_in_native, id=9007, stack(0x00007fd4286b7000,0x00007fd4287b8000)]
  0x00007fd41c0bd000 JavaThread "Thread-3" [_thread_in_native, id=9005, stack(0x00007fd428bd2000,0x00007fd428cd3000)]
  0x00007fd4983ef000 JavaThread "JavaFX-Launcher" [_thread_blocked, id=9004, stack(0x00007fd428cd3000,0x00007fd428dd4000)]
=>0x00007fd4983e8800 JavaThread "JavaFX Application Thread" [_thread_in_vm, id=9003, stack(0x00007fd428dd4000,0x00007fd428ed5000)]
  0x00007fd4983e5800 JavaThread "Thread-1" daemon [_thread_blocked, id=9002, stack(0x00007fd428ed5000,0x00007fd428fd6000)]
  0x00007fd498336000 JavaThread "QuantumRenderer-0" daemon [_thread_blocked, id=9001, stack(0x00007fd464e11000,0x00007fd464f12000)]
  0x00007fd498213000 JavaThread "Service Thread" daemon [_thread_blocked, id=8999, stack(0x00007fd465013000,0x00007fd465114000)]
  0x00007fd498210000 JavaThread "C1 CompilerThread3" daemon [_thread_blocked, id=8998, stack(0x00007fd465115000,0x00007fd465215000)]
  0x00007fd49820d800 JavaThread "C2 CompilerThread2" daemon [_thread_blocked, id=8997, stack(0x00007fd465216000,0x00007fd465316000)]
  0x00007fd49820c000 JavaThread "C2 CompilerThread1" daemon [_thread_blocked, id=8996, stack(0x00007fd465317000,0x00007fd465417000)]
  0x00007fd498209000 JavaThread "C2 CompilerThread0" daemon [_thread_in_native, id=8995, stack(0x00007fd465418000,0x00007fd465518000)]
  0x00007fd498207800 JavaThread "Signal Dispatcher" daemon [_thread_blocked, id=8994, stack(0x00007fd465518000,0x00007fd465619000)]
  0x00007fd4981d4800 JavaThread "Finalizer" daemon [_thread_blocked, id=8993, stack(0x00007fd465fe8000,0x00007fd4660e9000)]
  0x00007fd4981d0000 JavaThread "Reference Handler" daemon [_thread_blocked, id=8992, stack(0x00007fd4660e9000,0x00007fd4661ea000)]
  0x00007fd49800b000 JavaThread "main" [_thread_blocked, id=8981, stack(0x00007fd49fb02000,0x00007fd49fc02000)]

Other Threads:
  0x00007fd4981c8800 VMThread [stack: 0x00007fd4661eb000,0x00007fd4662eb000] [id=8991]
  0x00007fd498218000 WatcherThread [stack: 0x00007fd464f13000,0x00007fd465013000] [id=9000]

VM state:not at safepoint (normal execution)

VM Mutex/Monitor currently owned by a thread: None

Heap:
 PSYoungGen      total 36352K, used 10504K [0x00000000d7f00000, 0x00000000da780000, 0x0000000100000000)
  eden space 31232K, 18% used [0x00000000d7f00000,0x00000000d8480908,0x00000000d9d80000)
  from space 5120K, 95% used [0x00000000d9d80000,0x00000000da241930,0x00000000da280000)
  to   space 5120K, 0% used [0x00000000da280000,0x00000000da280000,0x00000000da780000)
 ParOldGen       total 83456K, used 16K [0x0000000087c00000, 0x000000008cd80000, 0x00000000d7f00000)
  object space 83456K, 0% used [0x0000000087c00000,0x0000000087c04000,0x000000008cd80000)
 Metaspace       used 15817K, capacity 16614K, committed 16896K, reserved 1062912K
  class space    used 2341K, capacity 2532K, committed 2560K, reserved 1048576K

Card table byte_map: [0x00007fd49c40d000,0x00007fd49c7d0000] byte_map_base: 0x00007fd49bfcf000

Marking Bits: (ParMarkBitMap*) 0x00007fd49ef9f280
 Begin Bits: [0x00007fd46c3e0000, 0x00007fd46e1f0000)
 End Bits:   [0x00007fd46e1f0000, 0x00007fd470000000)

Polling page: 0x00007fd49fc1a000

CodeCache: size=245760Kb used=4936Kb max_used=4936Kb free=240823Kb
 bounds [0x00007fd489000000, 0x00007fd4894e0000, 0x00007fd498000000]
 total_blobs=2237 nmethods=1611 adapters=539
 compilation: enabled

Compilation events (10 events):
Event: 4.310 Thread 0x00007fd498210000 1603       3       com.sun.javafx.iio.common.RoughScaler::putSourceScanline (261 bytes)
Event: 4.311 Thread 0x00007fd498210000 nmethod 1603 0x00007fd4894cd210 code [0x00007fd4894cd460, 0x00007fd4894cde98]
Event: 4.311 Thread 0x00007fd498209000 1604 %     4       com.sun.javafx.iio.common.RoughScaler::putSourceScanline @ 116 (261 bytes)
Event: 4.313 Thread 0x00007fd498210000 1605       3       com.sun.javafx.util.WeakReferenceQueue$ListEntry::<init> (17 bytes)
Event: 4.314 Thread 0x00007fd498210000 nmethod 1605 0x00007fd4894c8150 code [0x00007fd4894c82c0, 0x00007fd4894c85f0]
Event: 4.314 Thread 0x00007fd498210000 1607       3       java.util.AbstractCollection::addAll (42 bytes)
Event: 4.314 Thread 0x00007fd498210000 nmethod 1607 0x00007fd4894ce490 code [0x00007fd4894ce640, 0x00007fd4894ceb98]
Event: 4.314 Thread 0x00007fd498210000 1610       1       javafx.scene.layout.Region::impl_notifyLayoutBoundsChanged (1 bytes)
Event: 4.314 Thread 0x00007fd498210000 nmethod 1610 0x00007fd4894c7e90 code [0x00007fd4894c7fe0, 0x00007fd4894c80f0]
Event: 4.314 Thread 0x00007fd498210000 1606       3       javafx.scene.text.Text::getTextLayout (176 bytes)

GC Heap History (2 events):
Event: 0.670 GC heap before
{Heap before GC invocations=1 (full 0):
 PSYoungGen      total 36352K, used 31232K [0x00000000d7f00000, 0x00000000da780000, 0x0000000100000000)
  eden space 31232K, 100% used [0x00000000d7f00000,0x00000000d9d80000,0x00000000d9d80000)
  from space 5120K, 0% used [0x00000000da280000,0x00000000da280000,0x00000000da780000)
  to   space 5120K, 0% used [0x00000000d9d80000,0x00000000d9d80000,0x00000000da280000)
 ParOldGen       total 83456K, used 0K [0x0000000087c00000, 0x000000008cd80000, 0x00000000d7f00000)
  object space 83456K, 0% used [0x0000000087c00000,0x0000000087c00000,0x000000008cd80000)
 Metaspace       used 14626K, capacity 15246K, committed 15488K, reserved 1062912K
  class space    used 2181K, capacity 2354K, committed 2432K, reserved 1048576K
Event: 0.676 GC heap after
Heap after GC invocations=1 (full 0):
 PSYoungGen      total 36352K, used 4870K [0x00000000d7f00000, 0x00000000da780000, 0x0000000100000000)
  eden space 31232K, 0% used [0x00000000d7f00000,0x00000000d7f00000,0x00000000d9d80000)
  from space 5120K, 95% used [0x00000000d9d80000,0x00000000da241930,0x00000000da280000)
  to   space 5120K, 0% used [0x00000000da280000,0x00000000da280000,0x00000000da780000)
 ParOldGen       total 83456K, used 16K [0x0000000087c00000, 0x000000008cd80000, 0x00000000d7f00000)
  object space 83456K, 0% used [0x0000000087c00000,0x0000000087c04000,0x000000008cd80000)
 Metaspace       used 14626K, capacity 15246K, committed 15488K, reserved 1062912K
  class space    used 2181K, capacity 2354K, committed 2432K, reserved 1048576K
}

Deoptimization events (10 events):
Event: 0.499 Thread 0x00007fd4983e8800 Uncommon trap: reason=class_check action=maybe_recompile pc=0x00007fd48911aae0 method=java.lang.String.equals(Ljava/lang/Object;)Z @ 8
Event: 0.499 Thread 0x00007fd4983e8800 Uncommon trap: reason=class_check action=maybe_recompile pc=0x00007fd48911aae0 method=java.lang.String.equals(Ljava/lang/Object;)Z @ 8
Event: 0.499 Thread 0x00007fd4983e8800 Uncommon trap: reason=class_check action=maybe_recompile pc=0x00007fd48911aae0 method=java.lang.String.equals(Ljava/lang/Object;)Z @ 8
Event: 0.500 Thread 0x00007fd4983e8800 Uncommon trap: reason=class_check action=maybe_recompile pc=0x00007fd48911aae0 method=java.lang.String.equals(Ljava/lang/Object;)Z @ 8
Event: 0.581 Thread 0x00007fd4983e8800 Uncommon trap: reason=unstable_if action=reinterpret pc=0x00007fd4892b2fc8 method=sun.net.www.ParseUtil.encodePath(Ljava/lang/String;Z)Ljava/lang/String; @ 109
Event: 0.631 Thread 0x00007fd4983e8800 Uncommon trap: reason=unstable_if action=reinterpret pc=0x00007fd489351f64 method=jdk.internal.org.objectweb.asm.Type.getArgumentsAndReturnSizes(Ljava/lang/String;)I @ 47
Event: 3.240 Thread 0x00007fd4983e8800 Uncommon trap: reason=unstable_if action=reinterpret pc=0x00007fd4892515a0 method=java.lang.CharacterData.of(I)Ljava/lang/CharacterData; @ 4
Event: 4.111 Thread 0x00007fd4983e8800 Uncommon trap: reason=unstable_if action=reinterpret pc=0x00007fd4891d19d0 method=java.lang.String.indexOf([CII[CIII)I @ 3
Event: 4.247 Thread 0x00007fd4983e8800 Uncommon trap: reason=unstable_if action=reinterpret pc=0x00007fd489474014 method=tarkov.trader.client.LoginPrompt.awaitingAuthentication()Z @ 3
Event: 4.260 Thread 0x00007fd4983e8800 Uncommon trap: reason=unstable_if action=reinterpret pc=0x00007fd4893e2b38 method=java.lang.StrictMath.floorOrCeil(DDDD)D @ 38

Classes redefined (0 events):
No events

Internal exceptions (10 events):
Event: 0.107 Thread 0x00007fd49800b000 Exception <a 'java/lang/NoSuchFieldError': method resolution failed> (0x00000000d8137b90) thrown at [/HUDSON/workspace/8-2-build-linux-amd64/jdk8u171/10807/hotspot/src/share/vm/prims/methodHandles.cpp, line 1167]
Event: 0.124 Thread 0x00007fd49800b000 Exception <a 'java/security/PrivilegedActionException'> (0x00000000d81c1228) thrown at [/HUDSON/workspace/8-2-build-linux-amd64/jdk8u171/10807/hotspot/src/share/vm/prims/jvm.cpp, line 1435]
Event: 0.124 Thread 0x00007fd49800b000 Exception <a 'java/security/PrivilegedActionException'> (0x00000000d81c1438) thrown at [/HUDSON/workspace/8-2-build-linux-amd64/jdk8u171/10807/hotspot/src/share/vm/prims/jvm.cpp, line 1435]
Event: 0.124 Thread 0x00007fd49800b000 Exception <a 'java/security/PrivilegedActionException'> (0x00000000d81c38a0) thrown at [/HUDSON/workspace/8-2-build-linux-amd64/jdk8u171/10807/hotspot/src/share/vm/prims/jvm.cpp, line 1435]
Event: 0.124 Thread 0x00007fd49800b000 Exception <a 'java/security/PrivilegedActionException'> (0x00000000d81c3ab0) thrown at [/HUDSON/workspace/8-2-build-linux-amd64/jdk8u171/10807/hotspot/src/share/vm/prims/jvm.cpp, line 1435]
Event: 0.124 Thread 0x00007fd49800b000 Exception <a 'java/lang/NullPointerException'> (0x00000000d81c4088) thrown at [/HUDSON/workspace/8-2-build-linux-amd64/jdk8u171/10807/hotspot/src/share/vm/interpreter/linkResolver.cpp, line 1185]
Event: 0.321 Thread 0x00007fd4983e8800 Exception <a 'java/lang/NullPointerException'> (0x00000000d8cdcbc0) thrown at [/HUDSON/workspace/8-2-build-linux-amd64/jdk8u171/10807/hotspot/src/share/vm/interpreter/linkResolver.cpp, line 1185]
Event: 0.321 Thread 0x00007fd4983e8800 Exception <a 'java/lang/NullPointerException'> (0x00000000d8cdcbc0) thrown at [/HUDSON/workspace/8-2-build-linux-amd64/jdk8u171/10807/hotspot/src/share/vm/prims/jvm.cpp, line 1439]
Event: 4.101 Thread 0x00007fd4983e8800 Exception <a 'java/lang/NoSuchMethodError': <clinit>> (0x00000000d813dac0) thrown at [/HUDSON/workspace/8-2-build-linux-amd64/jdk8u171/10807/hotspot/src/share/vm/prims/jni.cpp, line 1613]
Event: 4.118 Thread 0x00007fd4983e8800 Exception <a 'java/lang/NoSuchMethodError': <clinit>> (0x00000000d816c9d8) thrown at [/HUDSON/workspace/8-2-build-linux-amd64/jdk8u171/10807/hotspot/src/share/vm/prims/jni.cpp, line 1613]

Events (10 events):
Event: 4.291 loading class javafx/scene/control/MenuButton
Event: 4.291 loading class javafx/scene/control/MenuButton done
Event: 4.294 loading class javafx/collections/FXCollections$UnmodifiableObservableSet$1
Event: 4.294 loading class javafx/collections/FXCollections$UnmodifiableObservableSet$1 done
Event: 4.298 loading class javafx/scene/layout/BorderStrokeStyle
Event: 4.298 loading class javafx/scene/layout/BorderStrokeStyle done
Event: 4.298 loading class com/sun/javafx/scene/layout/region/Margins
Event: 4.298 loading class com/sun/javafx/scene/layout/region/Margins done
Event: 4.298 loading class javafx/scene/layout/BorderStroke
Event: 4.298 loading class javafx/scene/layout/BorderStroke done


Dynamic libraries:
00400000-00401000 r-xp 00000000 103:02 9307016                           /usr/lib/jvm/java-8-oracle/jre/bin/java
00600000-00601000 rw-p 00000000 103:02 9307016                           /usr/lib/jvm/java-8-oracle/jre/bin/java
01513000-01534000 rw-p 00000000 00:00 0                                  [heap]
87c00000-8cd80000 rw-p 00000000 00:00 0 
8cd80000-d7f00000 ---p 00000000 00:00 0 
d7f00000-da780000 rw-p 00000000 00:00 0 
da780000-100000000 ---p 00000000 00:00 0 
100000000-100280000 rw-p 00000000 00:00 0 
100280000-140000000 ---p 00000000 00:00 0 
7fd408000000-7fd408021000 rw-p 00000000 00:00 0 
7fd408021000-7fd40c000000 ---p 00000000 00:00 0 
7fd410000000-7fd410021000 rw-p 00000000 00:00 0 
7fd410021000-7fd414000000 ---p 00000000 00:00 0 
7fd414000000-7fd414021000 rw-p 00000000 00:00 0 
7fd414021000-7fd418000000 ---p 00000000 00:00 0 
7fd418567000-7fd41856c000 r--s 0009d000 103:02 9307103                   /usr/lib/jvm/java-8-oracle/jre/lib/jsse.jar
7fd41856c000-7fd418571000 rw-s 00000000 00:19 1054                       /i915 (deleted)
7fd418571000-7fd418581000 rw-s 00000000 00:19 1926                       /i915 (deleted)
7fd418581000-7fd418741000 rw-s 105068000 00:06 331                       /dev/dri/card0
7fd418741000-7fd418901000 rw-s 00000000 00:19 1875                       /i915 (deleted)
7fd418901000-7fd418911000 rw-s 00000000 00:19 1894                       /i915 (deleted)
7fd418911000-7fd418921000 rw-s 00000000 00:19 1874                       /i915 (deleted)
7fd418921000-7fd418981000 rw-s 00000000 00:05 978419728                  /SYSV00000000 (deleted)
7fd418981000-7fd418b81000 rw-p 00000000 00:00 0 
7fd418b81000-7fd418b94000 r--s 00345000 103:02 9307102                   /usr/lib/jvm/java-8-oracle/jre/lib/resources.jar
7fd418b94000-7fd418c41000 r--p 00000000 103:02 10224347                  /usr/share/fonts/truetype/dejavu/DejaVuSans-Bold.ttf
7fd418c41000-7fd418c44000 ---p 00000000 00:00 0 
7fd418c44000-7fd418d42000 rw-p 00000000 00:00 0 
7fd418d42000-7fd418dfb000 r--p 00000000 103:02 10224348                  /usr/share/fonts/truetype/dejavu/DejaVuSans.ttf
7fd418dfb000-7fd418dff000 r-xp 00000000 103:02 9441082                   /usr/lib/jvm/java-8-oracle/jre/lib/amd64/libjavafx_font_pango.so
7fd418dff000-7fd418ffe000 ---p 00004000 103:02 9441082                   /usr/lib/jvm/java-8-oracle/jre/lib/amd64/libjavafx_font_pango.so
7fd418ffe000-7fd418fff000 rw-p 00003000 103:02 9441082                   /usr/lib/jvm/java-8-oracle/jre/lib/amd64/libjavafx_font_pango.so
7fd418fff000-7fd41c000000 rw-p 00000000 00:00 0 
7fd41c000000-7fd41c5e0000 rw-p 00000000 00:00 0 
7fd41c5e0000-7fd420000000 ---p 00000000 00:00 0 
7fd420000000-7fd420021000 rw-p 00000000 00:00 0 
7fd420021000-7fd424000000 ---p 00000000 00:00 0 
7fd424000000-7fd424021000 rw-p 00000000 00:00 0 
7fd424021000-7fd428000000 ---p 00000000 00:00 0 
7fd428003000-7fd42800f000 rw-s 00000000 00:19 1834                       /i915 (deleted)
7fd42800f000-7fd428064000 r--p 00000000 103:02 9307053                   /usr/lib/jvm/java-8-oracle/jre/lib/fonts/LucidaBrightRegular.ttf
7fd428064000-7fd4280b2000 r--p 00000000 103:02 9307054                   /usr/lib/jvm/java-8-oracle/jre/lib/fonts/LucidaSansDemiBold.ttf
7fd4280b2000-7fd4282b2000 rw-p 00000000 00:00 0 
7fd4282b2000-7fd4282b7000 r-xp 00000000 103:02 9441085                   /usr/lib/jvm/java-8-oracle/jre/lib/amd64/libjavafx_font_freetype.so
7fd4282b7000-7fd4284b6000 ---p 00005000 103:02 9441085                   /usr/lib/jvm/java-8-oracle/jre/lib/amd64/libjavafx_font_freetype.so
7fd4284b6000-7fd4284b7000 rw-p 00004000 103:02 9441085                   /usr/lib/jvm/java-8-oracle/jre/lib/amd64/libjavafx_font_freetype.so
7fd4284b7000-7fd4286b7000 rw-p 00000000 00:00 0 
7fd4286b7000-7fd4286ba000 ---p 00000000 00:00 0 
7fd4286ba000-7fd4287b8000 rw-p 00000000 00:00 0 
7fd4287b8000-7fd4287bb000 r-xp 00000000 103:02 9441133                   /usr/lib/jvm/java-8-oracle/jre/lib/amd64/libjavafx_font.so
7fd4287bb000-7fd4289ba000 ---p 00003000 103:02 9441133                   /usr/lib/jvm/java-8-oracle/jre/lib/amd64/libjavafx_font.so
7fd4289ba000-7fd4289bb000 rw-p 00002000 103:02 9441133                   /usr/lib/jvm/java-8-oracle/jre/lib/amd64/libjavafx_font.so
7fd4289bb000-7fd4289d1000 r-xp 00000000 103:02 9441132                   /usr/lib/jvm/java-8-oracle/jre/lib/amd64/libnet.so
7fd4289d1000-7fd428bd1000 ---p 00016000 103:02 9441132                   /usr/lib/jvm/java-8-oracle/jre/lib/amd64/libnet.so
7fd428bd1000-7fd428bd2000 rw-p 00016000 103:02 9441132                   /usr/lib/jvm/java-8-oracle/jre/lib/amd64/libnet.so
7fd428bd2000-7fd428bd5000 ---p 00000000 00:00 0 
7fd428bd5000-7fd428cd3000 rw-p 00000000 00:00 0 
7fd428cd3000-7fd428cd6000 ---p 00000000 00:00 0 
7fd428cd6000-7fd428dd4000 rw-p 00000000 00:00 0 
7fd428dd4000-7fd428dd7000 ---p 00000000 00:00 0 
7fd428dd7000-7fd428ed5000 rw-p 00000000 00:00 0 
7fd428ed5000-7fd428ed8000 ---p 00000000 00:00 0 
7fd428ed8000-7fd428fd6000 rw-p 00000000 00:00 0 
7fd428fd6000-7fd428fdd000 r-xp 00000000 103:02 9183700                   /usr/lib/x86_64-linux-gnu/libogg.so.0.8.2
7fd428fdd000-7fd4291dd000 ---p 00007000 103:02 9183700                   /usr/lib/x86_64-linux-gnu/libogg.so.0.8.2
7fd4291dd000-7fd4291de000 r--p 00007000 103:02 9183700                   /usr/lib/x86_64-linux-gnu/libogg.so.0.8.2
7fd4291de000-7fd4291df000 rw-p 00008000 103:02 9183700                   /usr/lib/x86_64-linux-gnu/libogg.so.0.8.2
7fd4291df000-7fd429209000 r-xp 00000000 103:02 9184008                   /usr/lib/x86_64-linux-gnu/libvorbis.so.0.4.8
7fd429209000-7fd429408000 ---p 0002a000 103:02 9184008                   /usr/lib/x86_64-linux-gnu/libvorbis.so.0.4.8
7fd429408000-7fd429409000 r--p 00029000 103:02 9184008                   /usr/lib/x86_64-linux-gnu/libvorbis.so.0.4.8
7fd429409000-7fd42940a000 rw-p 0002a000 103:02 9184008                   /usr/lib/x86_64-linux-gnu/libvorbis.so.0.4.8
7fd42940a000-7fd429413000 r-xp 00000000 103:02 9183599                   /usr/lib/x86_64-linux-gnu/libltdl.so.7.3.1
7fd429413000-7fd429612000 ---p 00009000 103:02 9183599                   /usr/lib/x86_64-linux-gnu/libltdl.so.7.3.1
7fd429612000-7fd429613000 r--p 00008000 103:02 9183599                   /usr/lib/x86_64-linux-gnu/libltdl.so.7.3.1
7fd429613000-7fd429614000 rw-p 00009000 103:02 9183599                   /usr/lib/x86_64-linux-gnu/libltdl.so.7.3.1
7fd429614000-7fd429629000 r-xp 00000000 103:02 9183933                   /usr/lib/x86_64-linux-gnu/libtdb.so.1.3.15
7fd429629000-7fd429828000 ---p 00015000 103:02 9183933                   /usr/lib/x86_64-linux-gnu/libtdb.so.1.3.15
7fd429828000-7fd429829000 r--p 00014000 103:02 9183933                   /usr/lib/x86_64-linux-gnu/libtdb.so.1.3.15
7fd429829000-7fd42982a000 rw-p 00015000 103:02 9183933                   /usr/lib/x86_64-linux-gnu/libtdb.so.1.3.15
7fd42982a000-7fd429831000 r-xp 00000000 103:02 9184012                   /usr/lib/x86_64-linux-gnu/libvorbisfile.so.3.3.7
7fd429831000-7fd429a30000 ---p 00007000 103:02 9184012                   /usr/lib/x86_64-linux-gnu/libvorbisfile.so.3.3.7
7fd429a30000-7fd429a31000 r--p 00006000 103:02 9184012                   /usr/lib/x86_64-linux-gnu/libvorbisfile.so.3.3.7
7fd429a31000-7fd429a32000 rw-p 00007000 103:02 9184012                   /usr/lib/x86_64-linux-gnu/libvorbisfile.so.3.3.7
7fd429a32000-7fd429a42000 r-xp 00000000 103:02 9183056                   /usr/lib/x86_64-linux-gnu/libcanberra.so.0.2.5
7fd429a42000-7fd429c42000 ---p 00010000 103:02 9183056                   /usr/lib/x86_64-linux-gnu/libcanberra.so.0.2.5
7fd429c42000-7fd429c43000 r--p 00010000 103:02 9183056                   /usr/lib/x86_64-linux-gnu/libcanberra.so.0.2.5
7fd429c43000-7fd429c44000 rw-p 00011000 103:02 9183056                   /usr/lib/x86_64-linux-gnu/libcanberra.so.0.2.5
7fd429c44000-7fd429c48000 r-xp 00000000 103:02 9186592                   /usr/lib/x86_64-linux-gnu/libcanberra-gtk.so.0.1.9
7fd429c48000-7fd429e47000 ---p 00004000 103:02 9186592                   /usr/lib/x86_64-linux-gnu/libcanberra-gtk.so.0.1.9
7fd429e47000-7fd429e48000 r--p 00003000 103:02 9186592                   /usr/lib/x86_64-linux-gnu/libcanberra-gtk.so.0.1.9
7fd429e48000-7fd429e49000 rw-p 00004000 103:02 9186592                   /usr/lib/x86_64-linux-gnu/libcanberra-gtk.so.0.1.9
7fd429e49000-7fd429e4e000 r-xp 00000000 103:02 9441781                   /usr/lib/x86_64-linux-gnu/gtk-2.0/modules/libcanberra-gtk-module.so
7fd429e4e000-7fd42a04e000 ---p 00005000 103:02 9441781                   /usr/lib/x86_64-linux-gnu/gtk-2.0/modules/libcanberra-gtk-module.so
7fd42a04e000-7fd42a04f000 r--p 00005000 103:02 9441781                   /usr/lib/x86_64-linux-gnu/gtk-2.0/modules/libcanberra-gtk-module.so
7fd42a04f000-7fd42a050000 rw-p 00006000 103:02 9441781                   /usr/lib/x86_64-linux-gnu/gtk-2.0/modules/libcanberra-gtk-module.so
7fd42a050000-7fd42a08a000 r-xp 00000000 103:02 9440673                   /usr/lib/x86_64-linux-gnu/gtk-2.0/2.10.0/engines/libmurrine.so
7fd42a08a000-7fd42a28a000 ---p 0003a000 103:02 9440673                   /usr/lib/x86_64-linux-gnu/gtk-2.0/2.10.0/engines/libmurrine.so
7fd42a28a000-7fd42a28b000 r--p 0003a000 103:02 9440673                   /usr/lib/x86_64-linux-gnu/gtk-2.0/2.10.0/engines/libmurrine.so
7fd42a28b000-7fd42a28c000 rw-p 0003b000 103:02 9440673                   /usr/lib/x86_64-linux-gnu/gtk-2.0/2.10.0/engines/libmurrine.so
7fd42a28c000-7fd42a2b5000 r-xp 00000000 103:02 9441107                   /usr/lib/jvm/java-8-oracle/jre/lib/amd64/libglass.so
7fd42a2b5000-7fd42a4b4000 ---p 00029000 103:02 9441107                   /usr/lib/jvm/java-8-oracle/jre/lib/amd64/libglass.so
7fd42a4b4000-7fd42a4b7000 rw-p 00028000 103:02 9441107                   /usr/lib/jvm/java-8-oracle/jre/lib/amd64/libglass.so
7fd42a4b7000-7fd42a4bf000 r-xp 00000000 103:02 9183739                   /usr/lib/x86_64-linux-gnu/libpciaccess.so.0.11.1
7fd42a4bf000-7fd42a6be000 ---p 00008000 103:02 9183739                   /usr/lib/x86_64-linux-gnu/libpciaccess.so.0.11.1
7fd42a6be000-7fd42a6bf000 r--p 00007000 103:02 9183739                   /usr/lib/x86_64-linux-gnu/libpciaccess.so.0.11.1
7fd42a6bf000-7fd42a6c0000 rw-p 00008000 103:02 9183739                   /usr/lib/x86_64-linux-gnu/libpciaccess.so.0.11.1
7fd42a6c0000-7fd42a6cb000 r-xp 00000000 103:02 9183173                   /usr/lib/x86_64-linux-gnu/libdrm_radeon.so.1.0.1
7fd42a6cb000-7fd42a8ca000 ---p 0000b000 103:02 9183173                   /usr/lib/x86_64-linux-gnu/libdrm_radeon.so.1.0.1
7fd42a8ca000-7fd42a8cb000 r--p 0000a000 103:02 9183173                   /usr/lib/x86_64-linux-gnu/libdrm_radeon.so.1.0.1
7fd42a8cb000-7fd42a8cc000 rw-p 0000b000 103:02 9183173                   /usr/lib/x86_64-linux-gnu/libdrm_radeon.so.1.0.1
7fd42a8cc000-7fd42a8d3000 r-xp 00000000 103:02 9183171                   /usr/lib/x86_64-linux-gnu/libdrm_nouveau.so.2.0.0
7fd42a8d3000-7fd42aad2000 ---p 00007000 103:02 9183171                   /usr/lib/x86_64-linux-gnu/libdrm_nouveau.so.2.0.0
7fd42aad2000-7fd42aad3000 r--p 00006000 103:02 9183171                   /usr/lib/x86_64-linux-gnu/libdrm_nouveau.so.2.0.0
7fd42aad3000-7fd42aad4000 rw-p 00007000 103:02 9183171                   /usr/lib/x86_64-linux-gnu/libdrm_nouveau.so.2.0.0
7fd42aad4000-7fd42aaf6000 r-xp 00000000 103:02 9183169                   /usr/lib/x86_64-linux-gnu/libdrm_intel.so.1.0.0
7fd42aaf6000-7fd42acf5000 ---p 00022000 103:02 9183169                   /usr/lib/x86_64-linux-gnu/libdrm_intel.so.1.0.0
7fd42acf5000-7fd42acf6000 r--p 00021000 103:02 9183169                   /usr/lib/x86_64-linux-gnu/libdrm_intel.so.1.0.0
7fd42acf6000-7fd42acf7000 rw-p 00022000 103:02 9183169                   /usr/lib/x86_64-linux-gnu/libdrm_intel.so.1.0.0
7fd42acf7000-7fd42b575000 r-xp 00000000 103:02 9439576                   /usr/lib/x86_64-linux-gnu/dri/i965_dri.so
7fd42b575000-7fd42b774000 ---p 0087e000 103:02 9439576                   /usr/lib/x86_64-linux-gnu/dri/i965_dri.so
7fd42b774000-7fd42b7c4000 r--p 0087d000 103:02 9439576                   /usr/lib/x86_64-linux-gnu/dri/i965_dri.so
7fd42b7c4000-7fd42b7cf000 rw-p 008cd000 103:02 9439576                   /usr/lib/x86_64-linux-gnu/dri/i965_dri.so
7fd42b7cf000-7fd42b874000 rw-p 00000000 00:00 0 
7fd42b874000-7fd42b884000 r-xp 00000000 103:02 9183165                   /usr/lib/x86_64-linux-gnu/libdrm.so.2.4.0
7fd42b884000-7fd42ba83000 ---p 00010000 103:02 9183165                   /usr/lib/x86_64-linux-gnu/libdrm.so.2.4.0
7fd42ba83000-7fd42ba84000 r--p 0000f000 103:02 9183165                   /usr/lib/x86_64-linux-gnu/libdrm.so.2.4.0
7fd42ba84000-7fd42ba85000 rw-p 00010000 103:02 9183165                   /usr/lib/x86_64-linux-gnu/libdrm.so.2.4.0
7fd42ba85000-7fd42ba89000 r-xp 00000000 103:02 9184067                   /usr/lib/x86_64-linux-gnu/libxcb-dri2.so.0.0.0
7fd42ba89000-7fd42bc88000 ---p 00004000 103:02 9184067                   /usr/lib/x86_64-linux-gnu/libxcb-dri2.so.0.0.0
7fd42bc88000-7fd42bc89000 r--p 00003000 103:02 9184067                   /usr/lib/x86_64-linux-gnu/libxcb-dri2.so.0.0.0
7fd42bc89000-7fd42bc8a000 rw-p 00004000 103:02 9184067                   /usr/lib/x86_64-linux-gnu/libxcb-dri2.so.0.0.0
7fd42bc8a000-7fd42bca2000 r-xp 00000000 103:02 9184071                   /usr/lib/x86_64-linux-gnu/libxcb-glx.so.0.0.0
7fd42bca2000-7fd42bea2000 ---p 00018000 103:02 9184071                   /usr/lib/x86_64-linux-gnu/libxcb-glx.so.0.0.0
7fd42bea2000-7fd42bea4000 r--p 00018000 103:02 9184071                   /usr/lib/x86_64-linux-gnu/libxcb-glx.so.0.0.0
7fd42bea4000-7fd42bea5000 rw-p 0001a000 103:02 9184071                   /usr/lib/x86_64-linux-gnu/libxcb-glx.so.0.0.0
7fd42bea5000-7fd42bea6000 r-xp 00000000 103:02 9182893                   /usr/lib/x86_64-linux-gnu/libX11-xcb.so.1.0.0
7fd42bea6000-7fd42c0a5000 ---p 00001000 103:02 9182893                   /usr/lib/x86_64-linux-gnu/libX11-xcb.so.1.0.0
7fd42c0a5000-7fd42c0a6000 r--p 00000000 103:02 9182893                   /usr/lib/x86_64-linux-gnu/libX11-xcb.so.1.0.0
7fd42c0a6000-7fd42c0a7000 rw-p 00001000 103:02 9182893                   /usr/lib/x86_64-linux-gnu/libX11-xcb.so.1.0.0
7fd42c0a7000-7fd42c0d3000 r-xp 00000000 103:02 9183333                   /usr/lib/x86_64-linux-gnu/libglapi.so.0.0.0
7fd42c0d3000-7fd42c2d2000 ---p 0002c000 103:02 9183333                   /usr/lib/x86_64-linux-gnu/libglapi.so.0.0.0
7fd42c2d2000-7fd42c2d6000 r--p 0002b000 103:02 9183333                   /usr/lib/x86_64-linux-gnu/libglapi.so.0.0.0
7fd42c2d6000-7fd42c2d7000 rw-p 0002f000 103:02 9183333                   /usr/lib/x86_64-linux-gnu/libglapi.so.0.0.0
7fd42c2d7000-7fd42c2d8000 rw-p 00000000 00:00 0 
7fd42c2d8000-7fd42c2d9000 r-xp 00000000 103:02 9184119                   /usr/lib/x86_64-linux-gnu/libxshmfence.so.1.0.0
7fd42c2d9000-7fd42c4d8000 ---p 00001000 103:02 9184119                   /usr/lib/x86_64-linux-gnu/libxshmfence.so.1.0.0
7fd42c4d8000-7fd42c4d9000 r--p 00000000 103:02 9184119                   /usr/lib/x86_64-linux-gnu/libxshmfence.so.1.0.0
7fd42c4d9000-7fd42c4da000 rw-p 00001000 103:02 9184119                   /usr/lib/x86_64-linux-gnu/libxshmfence.so.1.0.0
7fd42c4da000-7fd42c4df000 r-xp 00000000 103:02 9184093                   /usr/lib/x86_64-linux-gnu/libxcb-sync.so.1.0.0
7fd42c4df000-7fd42c6df000 ---p 00005000 103:02 9184093                   /usr/lib/x86_64-linux-gnu/libxcb-sync.so.1.0.0
7fd42c6df000-7fd42c6e0000 r--p 00005000 103:02 9184093                   /usr/lib/x86_64-linux-gnu/libxcb-sync.so.1.0.0
7fd42c6e0000-7fd42c6e1000 rw-p 00006000 103:02 9184093                   /usr/lib/x86_64-linux-gnu/libxcb-sync.so.1.0.0
7fd42c6e1000-7fd42c6e3000 r-xp 00000000 103:02 9184079                   /usr/lib/x86_64-linux-gnu/libxcb-present.so.0.0.0
7fd42c6e3000-7fd42c8e2000 ---p 00002000 103:02 9184079                   /usr/lib/x86_64-linux-gnu/libxcb-present.so.0.0.0
7fd42c8e2000-7fd42c8e3000 r--p 00001000 103:02 9184079                   /usr/lib/x86_64-linux-gnu/libxcb-present.so.0.0.0
7fd42c8e3000-7fd42c8e4000 rw-p 00002000 103:02 9184079                   /usr/lib/x86_64-linux-gnu/libxcb-present.so.0.0.0
7fd42c8e4000-7fd42c8e7000 r-xp 00000000 103:02 9184069                   /usr/lib/x86_64-linux-gnu/libxcb-dri3.so.0.0.0
7fd42c8e7000-7fd42cae6000 ---p 00003000 103:02 9184069                   /usr/lib/x86_64-linux-gnu/libxcb-dri3.so.0.0.0
7fd42cae6000-7fd42cae7000 r--p 00002000 103:02 9184069                   /usr/lib/x86_64-linux-gnu/libxcb-dri3.so.0.0.0
7fd42cae7000-7fd42cae8000 rw-p 00003000 103:02 9184069                   /usr/lib/x86_64-linux-gnu/libxcb-dri3.so.0.0.0
7fd42cae8000-7fd42cb58000 r-xp 00000000 103:02 9182859                   /usr/lib/x86_64-linux-gnu/libGLX_mesa.so.0.0.0
7fd42cb58000-7fd42cd57000 ---p 00070000 103:02 9182859                   /usr/lib/x86_64-linux-gnu/libGLX_mesa.so.0.0.0
7fd42cd57000-7fd42cd5a000 r--p 0006f000 103:02 9182859                   /usr/lib/x86_64-linux-gnu/libGLX_mesa.so.0.0.0
7fd42cd5a000-7fd42cd5b000 rw-p 00072000 103:02 9182859                   /usr/lib/x86_64-linux-gnu/libGLX_mesa.so.0.0.0
7fd42cd5b000-7fd42cd5c000 rw-p 00000000 00:00 0 
7fd42cd5c000-7fd42cd6f000 r-xp 00000000 103:02 266836                    /lib/x86_64-linux-gnu/libbsd.so.0.8.7
7fd42cd6f000-7fd42cf6e000 ---p 00013000 103:02 266836                    /lib/x86_64-linux-gnu/libbsd.so.0.8.7
7fd42cf6e000-7fd42cf6f000 r--p 00012000 103:02 266836                    /lib/x86_64-linux-gnu/libbsd.so.0.8.7
7fd42cf6f000-7fd42cf70000 rw-p 00013000 103:02 266836                    /lib/x86_64-linux-gnu/libbsd.so.0.8.7
7fd42cf70000-7fd42cf71000 rw-p 00000000 00:00 0 
7fd42cf71000-7fd42cf77000 r-xp 00000000 103:02 262150                    /lib/x86_64-linux-gnu/libuuid.so.1.3.0
7fd42cf77000-7fd42d176000 ---p 00006000 103:02 262150                    /lib/x86_64-linux-gnu/libuuid.so.1.3.0
7fd42d176000-7fd42d177000 r--p 00005000 103:02 262150                    /lib/x86_64-linux-gnu/libuuid.so.1.3.0
7fd42d177000-7fd42d178000 rw-p 00006000 103:02 262150                    /lib/x86_64-linux-gnu/libuuid.so.1.3.0
7fd42d178000-7fd42d17e000 r-xp 00000000 103:02 9183127                   /usr/lib/x86_64-linux-gnu/libdatrie.so.1.3.3
7fd42d17e000-7fd42d37d000 ---p 00006000 103:02 9183127                   /usr/lib/x86_64-linux-gnu/libdatrie.so.1.3.3
7fd42d37d000-7fd42d37e000 r--p 00005000 103:02 9183127                   /usr/lib/x86_64-linux-gnu/libdatrie.so.1.3.3
7fd42d37e000-7fd42d37f000 rw-p 00006000 103:02 9183127                   /usr/lib/x86_64-linux-gnu/libdatrie.so.1.3.3
7fd42d37f000-7fd42d384000 r-xp 00000000 103:02 9182910                   /usr/lib/x86_64-linux-gnu/libXdmcp.so.6.0.0
7fd42d384000-7fd42d583000 ---p 00005000 103:02 9182910                   /usr/lib/x86_64-linux-gnu/libXdmcp.so.6.0.0
7fd42d583000-7fd42d584000 r--p 00004000 103:02 9182910                   /usr/lib/x86_64-linux-gnu/libXdmcp.so.6.0.0
7fd42d584000-7fd42d585000 rw-p 00005000 103:02 9182910                   /usr/lib/x86_64-linux-gnu/libXdmcp.so.6.0.0
7fd42d585000-7fd42d587000 r-xp 00000000 103:02 9182899                   /usr/lib/x86_64-linux-gnu/libXau.so.6.0.0
7fd42d587000-7fd42d787000 ---p 00002000 103:02 9182899                   /usr/lib/x86_64-linux-gnu/libXau.so.6.0.0
7fd42d787000-7fd42d788000 r--p 00002000 103:02 9182899                   /usr/lib/x86_64-linux-gnu/libXau.so.6.0.0
7fd42d788000-7fd42d789000 rw-p 00003000 103:02 9182899                   /usr/lib/x86_64-linux-gnu/libXau.so.6.0.0
7fd42d789000-7fd42d7b4000 r-xp 00000000 103:02 9183384                   /usr/lib/x86_64-linux-gnu/libgraphite2.so.3.0.1
7fd42d7b4000-7fd42d9b3000 ---p 0002b000 103:02 9183384                   /usr/lib/x86_64-linux-gnu/libgraphite2.so.3.0.1
7fd42d9b3000-7fd42d9b5000 r--p 0002a000 103:02 9183384                   /usr/lib/x86_64-linux-gnu/libgraphite2.so.3.0.1
7fd42d9b5000-7fd42d9b6000 rw-p 0002c000 103:02 9183384                   /usr/lib/x86_64-linux-gnu/libgraphite2.so.3.0.1
7fd42d9b6000-7fd42d9fd000 r-xp 00000000 103:02 262167                    /lib/x86_64-linux-gnu/libblkid.so.1.1.0
7fd42d9fd000-7fd42dbfd000 ---p 00047000 103:02 262167                    /lib/x86_64-linux-gnu/libblkid.so.1.1.0
7fd42dbfd000-7fd42dc01000 r--p 00047000 103:02 262167                    /lib/x86_64-linux-gnu/libblkid.so.1.1.0
7fd42dc01000-7fd42dc02000 rw-p 0004b000 103:02 262167                    /lib/x86_64-linux-gnu/libblkid.so.1.1.0
7fd42dc02000-7fd42dc03000 rw-p 00000000 00:00 0 
7fd42dc03000-7fd42dc71000 r-xp 00000000 103:02 9182861                   /usr/lib/x86_64-linux-gnu/libGLdispatch.so.0.0.0
7fd42dc71000-7fd42de70000 ---p 0006e000 103:02 9182861                   /usr/lib/x86_64-linux-gnu/libGLdispatch.so.0.0.0
7fd42de70000-7fd42de98000 r--p 0006d000 103:02 9182861                   /usr/lib/x86_64-linux-gnu/libGLdispatch.so.0.0.0
7fd42de98000-7fd42de99000 rw-p 00095000 103:02 9182861                   /usr/lib/x86_64-linux-gnu/libGLdispatch.so.0.0.0
7fd42de99000-7fd42deb9000 rw-p 00000000 00:00 0 
7fd42deb9000-7fd42dec9000 r-xp 00000000 103:02 9182856                   /usr/lib/x86_64-linux-gnu/libGLX.so.0.0.0
7fd42dec9000-7fd42e0c8000 ---p 00010000 103:02 9182856                   /usr/lib/x86_64-linux-gnu/libGLX.so.0.0.0
7fd42e0c8000-7fd42e0c9000 r--p 0000f000 103:02 9182856                   /usr/lib/x86_64-linux-gnu/libGLX.so.0.0.0
7fd42e0c9000-7fd42e0ca000 rw-p 00010000 103:02 9182856                   /usr/lib/x86_64-linux-gnu/libGLX.so.0.0.0
7fd42e0ca000-7fd42e0ea000 rw-p 00000000 00:00 0 
7fd42e0ea000-7fd42e15a000 r-xp 00000000 103:02 266962                    /lib/x86_64-linux-gnu/libpcre.so.3.13.3
7fd42e15a000-7fd42e35a000 ---p 00070000 103:02 266962                    /lib/x86_64-linux-gnu/libpcre.so.3.13.3
7fd42e35a000-7fd42e35b000 r--p 00070000 103:02 266962                    /lib/x86_64-linux-gnu/libpcre.so.3.13.3
7fd42e35b000-7fd42e35c000 rw-p 00071000 103:02 266962                    /lib/x86_64-linux-gnu/libpcre.so.3.13.3
7fd42e35c000-7fd42e363000 r-xp 00000000 103:02 9183241                   /usr/lib/x86_64-linux-gnu/libffi.so.6.0.4
7fd42e363000-7fd42e562000 ---p 00007000 103:02 9183241                   /usr/lib/x86_64-linux-gnu/libffi.so.6.0.4
7fd42e562000-7fd42e563000 r--p 00006000 103:02 9183241                   /usr/lib/x86_64-linux-gnu/libffi.so.6.0.4
7fd42e563000-7fd42e564000 rw-p 00007000 103:02 9183241                   /usr/lib/x86_64-linux-gnu/libffi.so.6.0.4
7fd42e564000-7fd42e593000 r-xp 00000000 103:02 266870                    /lib/x86_64-linux-gnu/libexpat.so.1.6.7
7fd42e593000-7fd42e793000 ---p 0002f000 103:02 266870                    /lib/x86_64-linux-gnu/libexpat.so.1.6.7
7fd42e793000-7fd42e795000 r--p 0002f000 103:02 266870                    /lib/x86_64-linux-gnu/libexpat.so.1.6.7
7fd42e795000-7fd42e796000 rw-p 00031000 103:02 266870                    /lib/x86_64-linux-gnu/libexpat.so.1.6.7
7fd42e796000-7fd42e79e000 r-xp 00000000 103:02 9183941                   /usr/lib/x86_64-linux-gnu/libthai.so.0.3.0
7fd42e79e000-7fd42e99d000 ---p 00008000 103:02 9183941                   /usr/lib/x86_64-linux-gnu/libthai.so.0.3.0
7fd42e99d000-7fd42e99e000 r--p 00007000 103:02 9183941                   /usr/lib/x86_64-linux-gnu/libthai.so.0.3.0
7fd42e99e000-7fd42e99f000 rw-p 00008000 103:02 9183941                   /usr/lib/x86_64-linux-gnu/libthai.so.0.3.0
7fd42e99f000-7fd42e9ab000 r-xp 00000000 103:02 9184085                   /usr/lib/x86_64-linux-gnu/libxcb-render.so.0.0.0
7fd42e9ab000-7fd42ebaa000 ---p 0000c000 103:02 9184085                   /usr/lib/x86_64-linux-gnu/libxcb-render.so.0.0.0
7fd42ebaa000-7fd42ebab000 r--p 0000b000 103:02 9184085                   /usr/lib/x86_64-linux-gnu/libxcb-render.so.0.0.0
7fd42ebab000-7fd42ebac000 rw-p 0000c000 103:02 9184085                   /usr/lib/x86_64-linux-gnu/libxcb-render.so.0.0.0
7fd42ebac000-7fd42ebd2000 r-xp 00000000 103:02 9184103                   /usr/lib/x86_64-linux-gnu/libxcb.so.1.1.0
7fd42ebd2000-7fd42edd2000 ---p 00026000 103:02 9184103                   /usr/lib/x86_64-linux-gnu/libxcb.so.1.1.0
7fd42edd2000-7fd42edd3000 r--p 00026000 103:02 9184103                   /usr/lib/x86_64-linux-gnu/libxcb.so.1.1.0
7fd42edd3000-7fd42edd4000 rw-p 00027000 103:02 9184103                   /usr/lib/x86_64-linux-gnu/libxcb.so.1.1.0
7fd42edd4000-7fd42edd6000 r-xp 00000000 103:02 9184091                   /usr/lib/x86_64-linux-gnu/libxcb-shm.so.0.0.0
7fd42edd6000-7fd42efd5000 ---p 00002000 103:02 9184091                   /usr/lib/x86_64-linux-gnu/libxcb-shm.so.0.0.0
7fd42efd5000-7fd42efd6000 r--p 00001000 103:02 9184091                   /usr/lib/x86_64-linux-gnu/libxcb-shm.so.0.0.0
7fd42efd6000-7fd42efd7000 rw-p 00002000 103:02 9184091                   /usr/lib/x86_64-linux-gnu/libxcb-shm.so.0.0.0
7fd42efd7000-7fd42f008000 r-xp 00000000 103:02 9183763                   /usr/lib/x86_64-linux-gnu/libpng16.so.16.34.0
7fd42f008000-7fd42f207000 ---p 00031000 103:02 9183763                   /usr/lib/x86_64-linux-gnu/libpng16.so.16.34.0
7fd42f207000-7fd42f208000 r--p 00030000 103:02 9183763                   /usr/lib/x86_64-linux-gnu/libpng16.so.16.34.0
7fd42f208000-7fd42f209000 rw-p 00031000 103:02 9183763                   /usr/lib/x86_64-linux-gnu/libpng16.so.16.34.0
7fd42f209000-7fd42f2a6000 r-xp 00000000 103:02 9183757                   /usr/lib/x86_64-linux-gnu/libpixman-1.so.0.34.0
7fd42f2a6000-7fd42f4a5000 ---p 0009d000 103:02 9183757                   /usr/lib/x86_64-linux-gnu/libpixman-1.so.0.34.0
7fd42f4a5000-7fd42f4ad000 r--p 0009c000 103:02 9183757                   /usr/lib/x86_64-linux-gnu/libpixman-1.so.0.34.0
7fd42f4ad000-7fd42f4ae000 rw-p 000a4000 103:02 9183757                   /usr/lib/x86_64-linux-gnu/libpixman-1.so.0.34.0
7fd42f4ae000-7fd42f54a000 r-xp 00000000 103:02 9183467                   /usr/lib/x86_64-linux-gnu/libharfbuzz.so.0.10702.0
7fd42f54a000-7fd42f74a000 ---p 0009c000 103:02 9183467                   /usr/lib/x86_64-linux-gnu/libharfbuzz.so.0.10702.0
7fd42f74a000-7fd42f74b000 r--p 0009c000 103:02 9183467                   /usr/lib/x86_64-linux-gnu/libharfbuzz.so.0.10702.0
7fd42f74b000-7fd42f74c000 rw-p 0009d000 103:02 9183467                   /usr/lib/x86_64-linux-gnu/libharfbuzz.so.0.10702.0
7fd42f74c000-7fd42f79d000 r-xp 00000000 103:02 262229                    /lib/x86_64-linux-gnu/libmount.so.1.1.0
7fd42f79d000-7fd42f99c000 ---p 00051000 103:02 262229                    /lib/x86_64-linux-gnu/libmount.so.1.1.0
7fd42f99c000-7fd42f99e000 r--p 00050000 103:02 262229                    /lib/x86_64-linux-gnu/libmount.so.1.1.0
7fd42f99e000-7fd42f99f000 rw-p 00052000 103:02 262229                    /lib/x86_64-linux-gnu/libmount.so.1.1.0
7fd42f99f000-7fd42f9a0000 rw-p 00000000 00:00 0 
7fd42f9a0000-7fd42f9b7000 r-xp 00000000 103:02 266979                    /lib/x86_64-linux-gnu/libresolv-2.27.so
7fd42f9b7000-7fd42fbb7000 ---p 00017000 103:02 266979                    /lib/x86_64-linux-gnu/libresolv-2.27.so
7fd42fbb7000-7fd42fbb8000 r--p 00017000 103:02 266979                    /lib/x86_64-linux-gnu/libresolv-2.27.so
7fd42fbb8000-7fd42fbb9000 rw-p 00018000 103:02 266979                    /lib/x86_64-linux-gnu/libresolv-2.27.so
7fd42fbb9000-7fd42fbbb000 rw-p 00000000 00:00 0 
7fd42fbbb000-7fd42fbe0000 r-xp 00000000 103:02 266985                    /lib/x86_64-linux-gnu/libselinux.so.1
7fd42fbe0000-7fd42fddf000 ---p 00025000 103:02 266985                    /lib/x86_64-linux-gnu/libselinux.so.1
7fd42fddf000-7fd42fde0000 r--p 00024000 103:02 266985                    /lib/x86_64-linux-gnu/libselinux.so.1
7fd42fde0000-7fd42fde1000 rw-p 00025000 103:02 266985                    /lib/x86_64-linux-gnu/libselinux.so.1
7fd42fde1000-7fd42fde3000 rw-p 00000000 00:00 0 
7fd42fde3000-7fd42fdff000 r-xp 00000000 103:02 267012                    /lib/x86_64-linux-gnu/libz.so.1.2.11
7fd42fdff000-7fd42fffe000 ---p 0001c000 103:02 267012                    /lib/x86_64-linux-gnu/libz.so.1.2.11
7fd42fffe000-7fd42ffff000 r--p 0001b000 103:02 267012                    /lib/x86_64-linux-gnu/libz.so.1.2.11
7fd42ffff000-7fd430000000 rw-p 0001c000 103:02 267012                    /lib/x86_64-linux-gnu/libz.so.1.2.11
7fd430000000-7fd431e3d000 rw-p 00000000 00:00 0 
7fd431e3d000-7fd434000000 ---p 00000000 00:00 0 
7fd434002000-7fd434006000 rw-s 00000000 00:19 1886                       /i915 (deleted)
7fd434006000-7fd43400b000 rw-s 00000000 00:19 1884                       /i915 (deleted)
7fd43400b000-7fd434045000 r--p 00000000 103:02 9307058                   /usr/lib/jvm/java-8-oracle/jre/lib/fonts/LucidaTypewriterBold.ttf
7fd434045000-7fd434081000 r--p 00000000 103:02 9307057                   /usr/lib/jvm/java-8-oracle/jre/lib/fonts/LucidaTypewriterRegular.ttf
7fd434081000-7fd434092000 r-xp 00000000 103:02 9182912                   /usr/lib/x86_64-linux-gnu/libXext.so.6.4.0
7fd434092000-7fd434291000 ---p 00011000 103:02 9182912                   /usr/lib/x86_64-linux-gnu/libXext.so.6.4.0
7fd434291000-7fd434292000 r--p 00010000 103:02 9182912                   /usr/lib/x86_64-linux-gnu/libXext.so.6.4.0
7fd434292000-7fd434293000 rw-p 00011000 103:02 9182912                   /usr/lib/x86_64-linux-gnu/libXext.so.6.4.0
7fd434293000-7fd434295000 r-xp 00000000 103:02 9182908                   /usr/lib/x86_64-linux-gnu/libXdamage.so.1.1.0
7fd434295000-7fd434494000 ---p 00002000 103:02 9182908                   /usr/lib/x86_64-linux-gnu/libXdamage.so.1.1.0
7fd434494000-7fd434495000 r--p 00001000 103:02 9182908                   /usr/lib/x86_64-linux-gnu/libXdamage.so.1.1.0
7fd434495000-7fd434496000 rw-p 00002000 103:02 9182908                   /usr/lib/x86_64-linux-gnu/libXdamage.so.1.1.0
7fd434496000-7fd434498000 r-xp 00000000 103:02 9182904                   /usr/lib/x86_64-linux-gnu/libXcomposite.so.1.0.0
7fd434498000-7fd434697000 ---p 00002000 103:02 9182904                   /usr/lib/x86_64-linux-gnu/libXcomposite.so.1.0.0
7fd434697000-7fd434698000 r--p 00001000 103:02 9182904                   /usr/lib/x86_64-linux-gnu/libXcomposite.so.1.0.0
7fd434698000-7fd434699000 rw-p 00002000 103:02 9182904                   /usr/lib/x86_64-linux-gnu/libXcomposite.so.1.0.0
7fd434699000-7fd4346a2000 r-xp 00000000 103:02 9182906                   /usr/lib/x86_64-linux-gnu/libXcursor.so.1.0.2
7fd4346a2000-7fd4348a1000 ---p 00009000 103:02 9182906                   /usr/lib/x86_64-linux-gnu/libXcursor.so.1.0.2
7fd4348a1000-7fd4348a2000 r--p 00008000 103:02 9182906                   /usr/lib/x86_64-linux-gnu/libXcursor.so.1.0.2
7fd4348a2000-7fd4348a3000 rw-p 00009000 103:02 9182906                   /usr/lib/x86_64-linux-gnu/libXcursor.so.1.0.2
7fd4348a3000-7fd4348ad000 r-xp 00000000 103:02 9182930                   /usr/lib/x86_64-linux-gnu/libXrandr.so.2.2.0
7fd4348ad000-7fd434aac000 ---p 0000a000 103:02 9182930                   /usr/lib/x86_64-linux-gnu/libXrandr.so.2.2.0
7fd434aac000-7fd434aad000 r--p 00009000 103:02 9182930                   /usr/lib/x86_64-linux-gnu/libXrandr.so.2.2.0
7fd434aad000-7fd434aae000 rw-p 0000a000 103:02 9182930                   /usr/lib/x86_64-linux-gnu/libXrandr.so.2.2.0
7fd434aae000-7fd434abd000 r-xp 00000000 103:02 9182920                   /usr/lib/x86_64-linux-gnu/libXi.so.6.1.0
7fd434abd000-7fd434cbc000 ---p 0000f000 103:02 9182920                   /usr/lib/x86_64-linux-gnu/libXi.so.6.1.0
7fd434cbc000-7fd434cbd000 r--p 0000e000 103:02 9182920                   /usr/lib/x86_64-linux-gnu/libXi.so.6.1.0
7fd434cbd000-7fd434cbe000 rw-p 0000f000 103:02 9182920                   /usr/lib/x86_64-linux-gnu/libXi.so.6.1.0
7fd434cbe000-7fd434cc0000 r-xp 00000000 103:02 9182922                   /usr/lib/x86_64-linux-gnu/libXinerama.so.1.0.0
7fd434cc0000-7fd434ebf000 ---p 00002000 103:02 9182922                   /usr/lib/x86_64-linux-gnu/libXinerama.so.1.0.0
7fd434ebf000-7fd434ec0000 r--p 00001000 103:02 9182922                   /usr/lib/x86_64-linux-gnu/libXinerama.so.1.0.0
7fd434ec0000-7fd434ec1000 rw-p 00002000 103:02 9182922                   /usr/lib/x86_64-linux-gnu/libXinerama.so.1.0.0
7fd434ec1000-7fd434eca000 r-xp 00000000 103:02 9182932                   /usr/lib/x86_64-linux-gnu/libXrender.so.1.3.0
7fd434eca000-7fd4350c9000 ---p 00009000 103:02 9182932                   /usr/lib/x86_64-linux-gnu/libXrender.so.1.3.0
7fd4350c9000-7fd4350ca000 r--p 00008000 103:02 9182932                   /usr/lib/x86_64-linux-gnu/libXrender.so.1.3.0
7fd4350ca000-7fd4350cb000 rw-p 00009000 103:02 9182932                   /usr/lib/x86_64-linux-gnu/libXrender.so.1.3.0
7fd4350cb000-7fd4350d0000 r-xp 00000000 103:02 9182914                   /usr/lib/x86_64-linux-gnu/libXfixes.so.3.1.0
7fd4350d0000-7fd4352cf000 ---p 00005000 103:02 9182914                   /usr/lib/x86_64-linux-gnu/libXfixes.so.3.1.0
7fd4352cf000-7fd4352d0000 r--p 00004000 103:02 9182914                   /usr/lib/x86_64-linux-gnu/libXfixes.so.3.1.0
7fd4352d0000-7fd4352d1000 rw-p 00005000 103:02 9182914                   /usr/lib/x86_64-linux-gnu/libXfixes.so.3.1.0
7fd4352d1000-7fd4352e8000 r-xp 00000000 103:02 266877                    /lib/x86_64-linux-gnu/libgcc_s.so.1
7fd4352e8000-7fd4354e7000 ---p 00017000 103:02 266877                    /lib/x86_64-linux-gnu/libgcc_s.so.1
7fd4354e7000-7fd4354e8000 r--p 00016000 103:02 266877                    /lib/x86_64-linux-gnu/libgcc_s.so.1
7fd4354e8000-7fd4354e9000 rw-p 00017000 103:02 266877                    /lib/x86_64-linux-gnu/libgcc_s.so.1
7fd4354e9000-7fd435667000 r-xp 00000000 103:02 9183920                   /usr/lib/x86_64-linux-gnu/libstdc++.so.6.0.25
7fd435667000-7fd435867000 ---p 0017e000 103:02 9183920                   /usr/lib/x86_64-linux-gnu/libstdc++.so.6.0.25
7fd435867000-7fd435871000 r--p 0017e000 103:02 9183920                   /usr/lib/x86_64-linux-gnu/libstdc++.so.6.0.25
7fd435871000-7fd435873000 rw-p 00188000 103:02 9183920                   /usr/lib/x86_64-linux-gnu/libstdc++.so.6.0.25
7fd435873000-7fd435877000 rw-p 00000000 00:00 0 
7fd435877000-7fd4358e8000 r-xp 00000000 103:02 9182850                   /usr/lib/x86_64-linux-gnu/libGL.so.1.0.0
7fd4358e8000-7fd435ae7000 ---p 00071000 103:02 9182850                   /usr/lib/x86_64-linux-gnu/libGL.so.1.0.0
7fd435ae7000-7fd435b01000 r--p 00070000 103:02 9182850                   /usr/lib/x86_64-linux-gnu/libGL.so.1.0.0
7fd435b01000-7fd435b02000 rw-p 0008a000 103:02 9182850                   /usr/lib/x86_64-linux-gnu/libGL.so.1.0.0
7fd435b02000-7fd435b03000 rw-p 00000000 00:00 0 
7fd435b03000-7fd435b08000 r-xp 00000000 103:02 9182948                   /usr/lib/x86_64-linux-gnu/libXxf86vm.so.1.0.0
7fd435b08000-7fd435d07000 ---p 00005000 103:02 9182948                   /usr/lib/x86_64-linux-gnu/libXxf86vm.so.1.0.0
7fd435d07000-7fd435d08000 r--p 00004000 103:02 9182948                   /usr/lib/x86_64-linux-gnu/libXxf86vm.so.1.0.0
7fd435d08000-7fd435d09000 rw-p 00005000 103:02 9182948                   /usr/lib/x86_64-linux-gnu/libXxf86vm.so.1.0.0
7fd435d09000-7fd435e3d000 r-xp 00000000 103:02 9182895                   /usr/lib/x86_64-linux-gnu/libX11.so.6.3.0
7fd435e3d000-7fd43603d000 ---p 00134000 103:02 9182895                   /usr/lib/x86_64-linux-gnu/libX11.so.6.3.0
7fd43603d000-7fd43603e000 r--p 00134000 103:02 9182895                   /usr/lib/x86_64-linux-gnu/libX11.so.6.3.0
7fd43603e000-7fd436042000 rw-p 00135000 103:02 9182895                   /usr/lib/x86_64-linux-gnu/libX11.so.6.3.0
7fd436042000-7fd436047000 r-xp 00000000 103:02 9182938                   /usr/lib/x86_64-linux-gnu/libXtst.so.6.1.0
7fd436047000-7fd436246000 ---p 00005000 103:02 9182938                   /usr/lib/x86_64-linux-gnu/libXtst.so.6.1.0
7fd436246000-7fd436247000 r--p 00004000 103:02 9182938                   /usr/lib/x86_64-linux-gnu/libXtst.so.6.1.0
7fd436247000-7fd436248000 rw-p 00005000 103:02 9182938                   /usr/lib/x86_64-linux-gnu/libXtst.so.6.1.0
7fd436248000-7fd43635b000 r-xp 00000000 103:02 9183335                   /usr/lib/x86_64-linux-gnu/libglib-2.0.so.0.5600.1
7fd43635b000-7fd43655b000 ---p 00113000 103:02 9183335                   /usr/lib/x86_64-linux-gnu/libglib-2.0.so.0.5600.1
7fd43655b000-7fd43655c000 r--p 00113000 103:02 9183335                   /usr/lib/x86_64-linux-gnu/libglib-2.0.so.0.5600.1
7fd43655c000-7fd43655d000 rw-p 00114000 103:02 9183335                   /usr/lib/x86_64-linux-gnu/libglib-2.0.so.0.5600.1
7fd43655d000-7fd43655e000 rw-p 00000000 00:00 0 
7fd43655e000-7fd43655f000 r-xp 00000000 103:02 9183438                   /usr/lib/x86_64-linux-gnu/libgthread-2.0.so.0.5600.1
7fd43655f000-7fd43675e000 ---p 00001000 103:02 9183438                   /usr/lib/x86_64-linux-gnu/libgthread-2.0.so.0.5600.1
7fd43675e000-7fd43675f000 r--p 00000000 103:02 9183438                   /usr/lib/x86_64-linux-gnu/libgthread-2.0.so.0.5600.1
7fd43675f000-7fd436760000 rw-p 00001000 103:02 9183438                   /usr/lib/x86_64-linux-gnu/libgthread-2.0.so.0.5600.1
7fd436760000-7fd436763000 r-xp 00000000 103:02 9183339                   /usr/lib/x86_64-linux-gnu/libgmodule-2.0.so.0.5600.1
7fd436763000-7fd436962000 ---p 00003000 103:02 9183339                   /usr/lib/x86_64-linux-gnu/libgmodule-2.0.so.0.5600.1
7fd436962000-7fd436963000 r--p 00002000 103:02 9183339                   /usr/lib/x86_64-linux-gnu/libgmodule-2.0.so.0.5600.1
7fd436963000-7fd436964000 rw-p 00003000 103:02 9183339                   /usr/lib/x86_64-linux-gnu/libgmodule-2.0.so.0.5600.1
7fd436964000-7fd4369b6000 r-xp 00000000 103:02 9183363                   /usr/lib/x86_64-linux-gnu/libgobject-2.0.so.0.5600.1
7fd4369b6000-7fd436bb6000 ---p 00052000 103:02 9183363                   /usr/lib/x86_64-linux-gnu/libgobject-2.0.so.0.5600.1
7fd436bb6000-7fd436bb7000 r--p 00052000 103:02 9183363                   /usr/lib/x86_64-linux-gnu/libgobject-2.0.so.0.5600.1
7fd436bb7000-7fd436bb8000 rw-p 00053000 103:02 9183363                   /usr/lib/x86_64-linux-gnu/libgobject-2.0.so.0.5600.1
7fd436bb8000-7fd436bf6000 r-xp 00000000 103:02 9183255                   /usr/lib/x86_64-linux-gnu/libfontconfig.so.1.10.1
7fd436bf6000-7fd436df6000 ---p 0003e000 103:02 9183255                   /usr/lib/x86_64-linux-gnu/libfontconfig.so.1.10.1
7fd436df6000-7fd436df8000 r--p 0003e000 103:02 9183255                   /usr/lib/x86_64-linux-gnu/libfontconfig.so.1.10.1
7fd436df8000-7fd436dfd000 rw-p 00040000 103:02 9183255                   /usr/lib/x86_64-linux-gnu/libfontconfig.so.1.10.1
7fd436dfd000-7fd436eaa000 r-xp 00000000 103:02 9183273                   /usr/lib/x86_64-linux-gnu/libfreetype.so.6.15.0
7fd436eaa000-7fd4370a9000 ---p 000ad000 103:02 9183273                   /usr/lib/x86_64-linux-gnu/libfreetype.so.6.15.0
7fd4370a9000-7fd4370b0000 r--p 000ac000 103:02 9183273                   /usr/lib/x86_64-linux-gnu/libfreetype.so.6.15.0
7fd4370b0000-7fd4370b1000 rw-p 000b3000 103:02 9183273                   /usr/lib/x86_64-linux-gnu/libfreetype.so.6.15.0
7fd4370b1000-7fd4370fb000 r-xp 00000000 103:02 9183725                   /usr/lib/x86_64-linux-gnu/libpango-1.0.so.0.4000.14
7fd4370fb000-7fd4372fa000 ---p 0004a000 103:02 9183725                   /usr/lib/x86_64-linux-gnu/libpango-1.0.so.0.4000.14
7fd4372fa000-7fd4372fd000 r--p 00049000 103:02 9183725                   /usr/lib/x86_64-linux-gnu/libpango-1.0.so.0.4000.14
7fd4372fd000-7fd4372fe000 rw-p 0004c000 103:02 9183725                   /usr/lib/x86_64-linux-gnu/libpango-1.0.so.0.4000.14
7fd4372fe000-7fd437416000 r-xp 00000000 103:02 9183050                   /usr/lib/x86_64-linux-gnu/libcairo.so.2.11510.0
7fd437416000-7fd437615000 ---p 00118000 103:02 9183050                   /usr/lib/x86_64-linux-gnu/libcairo.so.2.11510.0
7fd437615000-7fd437618000 r--p 00117000 103:02 9183050                   /usr/lib/x86_64-linux-gnu/libcairo.so.2.11510.0
7fd437618000-7fd43761a000 rw-p 0011a000 103:02 9183050                   /usr/lib/x86_64-linux-gnu/libcairo.so.2.11510.0
7fd43761a000-7fd43761b000 rw-p 00000000 00:00 0 
7fd43761b000-7fd437627000 r-xp 00000000 103:02 9183727                   /usr/lib/x86_64-linux-gnu/libpangocairo-1.0.so.0.4000.14
7fd437627000-7fd437826000 ---p 0000c000 103:02 9183727                   /usr/lib/x86_64-linux-gnu/libpangocairo-1.0.so.0.4000.14
7fd437826000-7fd437827000 r--p 0000b000 103:02 9183727                   /usr/lib/x86_64-linux-gnu/libpangocairo-1.0.so.0.4000.14
7fd437827000-7fd437828000 rw-p 0000c000 103:02 9183727                   /usr/lib/x86_64-linux-gnu/libpangocairo-1.0.so.0.4000.14
7fd437828000-7fd43784a000 r-xp 00000000 103:02 9183311                   /usr/lib/x86_64-linux-gnu/libgdk_pixbuf-2.0.so.0.3611.0
7fd43784a000-7fd437a4a000 ---p 00022000 103:02 9183311                   /usr/lib/x86_64-linux-gnu/libgdk_pixbuf-2.0.so.0.3611.0
7fd437a4a000-7fd437a4b000 r--p 00022000 103:02 9183311                   /usr/lib/x86_64-linux-gnu/libgdk_pixbuf-2.0.so.0.3611.0
7fd437a4b000-7fd437a4c000 rw-p 00023000 103:02 9183311                   /usr/lib/x86_64-linux-gnu/libgdk_pixbuf-2.0.so.0.3611.0
7fd437a4c000-7fd437a60000 r-xp 00000000 103:02 9183729                   /usr/lib/x86_64-linux-gnu/libpangoft2-1.0.so.0.4000.14
7fd437a60000-7fd437c60000 ---p 00014000 103:02 9183729                   /usr/lib/x86_64-linux-gnu/libpangoft2-1.0.so.0.4000.14
7fd437c60000-7fd437c61000 r--p 00014000 103:02 9183729                   /usr/lib/x86_64-linux-gnu/libpangoft2-1.0.so.0.4000.14
7fd437c61000-7fd437c62000 rw-p 00015000 103:02 9183729                   /usr/lib/x86_64-linux-gnu/libpangoft2-1.0.so.0.4000.14
7fd437c62000-7fd437df6000 r-xp 00000000 103:02 9183329                   /usr/lib/x86_64-linux-gnu/libgio-2.0.so.0.5600.1
7fd437df6000-7fd437ff6000 ---p 00194000 103:02 9183329                   /usr/lib/x86_64-linux-gnu/libgio-2.0.so.0.5600.1
7fd437ff6000-7fd437ffd000 r--p 00194000 103:02 9183329                   /usr/lib/x86_64-linux-gnu/libgio-2.0.so.0.5600.1
7fd437ffd000-7fd437ffe000 rw-p 0019b000 103:02 9183329                   /usr/lib/x86_64-linux-gnu/libgio-2.0.so.0.5600.1
7fd437ffe000-7fd438000000 rw-p 00000000 00:00 0 
7fd438000000-7fd438021000 rw-p 00000000 00:00 0 
7fd438021000-7fd43c000000 ---p 00000000 00:00 0 
7fd43c000000-7fd43c021000 rw-p 00000000 00:00 0 
7fd43c021000-7fd440000000 ---p 00000000 00:00 0 
7fd440000000-7fd44015d000 rw-p 00000000 00:00 0 
7fd44015d000-7fd444000000 ---p 00000000 00:00 0 
7fd444000000-7fd444262000 rw-p 00000000 00:00 0 
7fd444262000-7fd448000000 ---p 00000000 00:00 0 
7fd448000000-7fd448138000 rw-p 00000000 00:00 0 
7fd448138000-7fd44c000000 ---p 00000000 00:00 0 
7fd44c000000-7fd44c112000 rw-p 00000000 00:00 0 
7fd44c112000-7fd450000000 ---p 00000000 00:00 0 
7fd450000000-7fd450021000 rw-p 00000000 00:00 0 
7fd450021000-7fd454000000 ---p 00000000 00:00 0 
7fd454000000-7fd454021000 rw-p 00000000 00:00 0 
7fd454021000-7fd458000000 ---p 00000000 00:00 0 
7fd458000000-7fd458021000 rw-p 00000000 00:00 0 
7fd458021000-7fd45c000000 ---p 00000000 00:00 0 
7fd45c000000-7fd45c021000 rw-p 00000000 00:00 0 
7fd45c021000-7fd460000000 ---p 00000000 00:00 0 
7fd460000000-7fd460021000 rw-p 00000000 00:00 0 
7fd460021000-7fd464000000 ---p 00000000 00:00 0 
7fd464003000-7fd464016000 r--p 00000000 103:02 9307059                   /usr/lib/jvm/java-8-oracle/jre/lib/fonts/LucidaBrightDemiBold.ttf
7fd464016000-7fd464029000 r--p 00000000 103:02 9307056                   /usr/lib/jvm/java-8-oracle/jre/lib/fonts/LucidaBrightDemiItalic.ttf
7fd464029000-7fd4640d4000 r--p 00000000 103:02 9307052                   /usr/lib/jvm/java-8-oracle/jre/lib/fonts/LucidaSansRegular.ttf
7fd4640d4000-7fd4640e8000 r--p 00000000 103:02 9307051                   /usr/lib/jvm/java-8-oracle/jre/lib/fonts/LucidaBrightItalic.ttf
7fd4640e8000-7fd46410a000 r-xp 00000000 103:02 9182985                   /usr/lib/x86_64-linux-gnu/libatk-1.0.so.0.22810.1
7fd46410a000-7fd46430a000 ---p 00022000 103:02 9182985                   /usr/lib/x86_64-linux-gnu/libatk-1.0.so.0.22810.1
7fd46430a000-7fd46430d000 r--p 00022000 103:02 9182985                   /usr/lib/x86_64-linux-gnu/libatk-1.0.so.0.22810.1
7fd46430d000-7fd46430e000 rw-p 00025000 103:02 9182985                   /usr/lib/x86_64-linux-gnu/libatk-1.0.so.0.22810.1
7fd46430e000-7fd4643be000 r-xp 00000000 103:02 9183309                   /usr/lib/x86_64-linux-gnu/libgdk-x11-2.0.so.0.2400.32
7fd4643be000-7fd4645bd000 ---p 000b0000 103:02 9183309                   /usr/lib/x86_64-linux-gnu/libgdk-x11-2.0.so.0.2400.32
7fd4645bd000-7fd4645c1000 r--p 000af000 103:02 9183309                   /usr/lib/x86_64-linux-gnu/libgdk-x11-2.0.so.0.2400.32
7fd4645c1000-7fd4645c3000 rw-p 000b3000 103:02 9183309                   /usr/lib/x86_64-linux-gnu/libgdk-x11-2.0.so.0.2400.32
7fd4645c3000-7fd4649f8000 r-xp 00000000 103:02 9183442                   /usr/lib/x86_64-linux-gnu/libgtk-x11-2.0.so.0.2400.32
7fd4649f8000-7fd464bf7000 ---p 00435000 103:02 9183442                   /usr/lib/x86_64-linux-gnu/libgtk-x11-2.0.so.0.2400.32
7fd464bf7000-7fd464bfe000 r--p 00434000 103:02 9183442                   /usr/lib/x86_64-linux-gnu/libgtk-x11-2.0.so.0.2400.32
7fd464bfe000-7fd464c02000 rw-p 0043b000 103:02 9183442                   /usr/lib/x86_64-linux-gnu/libgtk-x11-2.0.so.0.2400.32
7fd464c02000-7fd464c05000 rw-p 00000000 00:00 0 
7fd464c05000-7fd464c11000 r-xp 00000000 103:02 9441136                   /usr/lib/jvm/java-8-oracle/jre/lib/amd64/libprism_es2.so
7fd464c11000-7fd464e10000 ---p 0000c000 103:02 9441136                   /usr/lib/jvm/java-8-oracle/jre/lib/amd64/libprism_es2.so
7fd464e10000-7fd464e11000 rw-p 0000b000 103:02 9441136                   /usr/lib/jvm/java-8-oracle/jre/lib/amd64/libprism_es2.so
7fd464e11000-7fd464e14000 ---p 00000000 00:00 0 
7fd464e14000-7fd464f12000 rw-p 00000000 00:00 0 
7fd464f12000-7fd464f13000 ---p 00000000 00:00 0 
7fd464f13000-7fd465013000 rw-p 00000000 00:00 0 
7fd465013000-7fd465016000 ---p 00000000 00:00 0 
7fd465016000-7fd465114000 rw-p 00000000 00:00 0 
7fd465114000-7fd465115000 ---p 00000000 00:00 0 
7fd465115000-7fd465118000 ---p 00000000 00:00 0 
7fd465118000-7fd465215000 rw-p 00000000 00:00 0 
7fd465215000-7fd465216000 ---p 00000000 00:00 0 
7fd465216000-7fd465219000 ---p 00000000 00:00 0 
7fd465219000-7fd465316000 rw-p 00000000 00:00 0 
7fd465316000-7fd465317000 ---p 00000000 00:00 0 
7fd465317000-7fd46531a000 ---p 00000000 00:00 0 
7fd46531a000-7fd465417000 rw-p 00000000 00:00 0 
7fd465417000-7fd465418000 ---p 00000000 00:00 0 
7fd465418000-7fd46541b000 ---p 00000000 00:00 0 
7fd46541b000-7fd465518000 rw-p 00000000 00:00 0 
7fd465518000-7fd46551b000 ---p 00000000 00:00 0 
7fd46551b000-7fd465619000 rw-p 00000000 00:00 0 
7fd465619000-7fd465fe8000 r--p 00000000 103:02 9181819                   /usr/lib/locale/locale-archive
7fd465fe8000-7fd465feb000 ---p 00000000 00:00 0 
7fd465feb000-7fd4660e9000 rw-p 00000000 00:00 0 
7fd4660e9000-7fd4660ec000 ---p 00000000 00:00 0 
7fd4660ec000-7fd4661ea000 rw-p 00000000 00:00 0 
7fd4661ea000-7fd4661eb000 ---p 00000000 00:00 0 
7fd4661eb000-7fd468000000 rw-p 00000000 00:00 0 
7fd468000000-7fd468021000 rw-p 00000000 00:00 0 
7fd468021000-7fd46c000000 ---p 00000000 00:00 0 
7fd46c000000-7fd46c005000 r--s 00084000 103:02 9307039                   /usr/lib/jvm/java-8-oracle/jre/lib/jfr.jar
7fd46c005000-7fd46c010000 r--s 00000000 103:02 15335732                  /var/cache/fontconfig/945677eb7aeaf62f1d50efc3fb3ec7d8-le64.cache-7
7fd46c010000-7fd46c015000 r--s 00000000 103:02 15335703                  /var/cache/fontconfig/2300eef321c393bfd76478a5c0e95b23-le64.cache-7
7fd46c015000-7fd46c016000 r--s 00000000 103:02 15335696                  /var/cache/fontconfig/0d8c3b2ac0904cb8a57a757ad11a4a08-le64.cache-7
7fd46c016000-7fd46c01a000 r--s 00000000 103:02 15341872                  /var/cache/fontconfig/de156ccd2eddbdc19d37a45b8b2aac9c-le64.cache-7
7fd46c01a000-7fd46c02f000 r--s 00000000 103:02 15335692                  /var/cache/fontconfig/04aabc0a78ac019cf9454389977116d2-le64.cache-7
7fd46c02f000-7fd46c030000 r--s 00000000 103:02 15335700                  /var/cache/fontconfig/1ac9eb803944fde146138c791f5cc56a-le64.cache-7
7fd46c030000-7fd46c031000 r--s 00000000 103:02 15335751                  /var/cache/fontconfig/dc05db6664285cc2f12bf69c139ae4c3-le64.cache-7
7fd46c031000-7fd46c033000 r--s 00000000 103:02 15335697                  /var/cache/fontconfig/14a5e22175779b556eaa434240950366-le64.cache-7
7fd46c033000-7fd46c034000 r--s 00000000 103:02 15335724                  /var/cache/fontconfig/660208299946a285a940457d1287da33-le64.cache-7
7fd46c034000-7fd46c036000 r--s 00000000 103:02 15335715                  /var/cache/fontconfig/4f3e3037c9980c83b53a9351efadef62-le64.cache-7
7fd46c036000-7fd46c038000 r--s 00000000 103:02 15335729                  /var/cache/fontconfig/767a8244fc0220cfb567a839d0392e0b-le64.cache-7
7fd46c038000-7fd46c039000 r--s 00000000 103:02 15335710                  /var/cache/fontconfig/4794a0821666d79190d59a36cb4f44b5-le64.cache-7
7fd46c039000-7fd46c03b000 r--s 00000000 103:02 15335694                  /var/cache/fontconfig/0bd3dc0958fa2205aaaa8ebb13e2872b-le64.cache-7
7fd46c03b000-7fd46c040000 r--s 00000000 103:02 15335752                  /var/cache/fontconfig/def309198bfa603429122923fa2bb2d4-le64.cache-7
7fd46c040000-7fd46c041000 r--s 00000000 103:02 15335740                  /var/cache/fontconfig/b872e6e592da6075ffa4ab0a1fcc0c75-le64.cache-7
7fd46c041000-7fd46c042000 r--s 00000000 103:02 15335757                  /var/cache/fontconfig/f6d4eedfaab2589bde49f7a3ff831d22-le64.cache-7
7fd46c042000-7fd46c043000 r--s 00000000 103:02 15335722                  /var/cache/fontconfig/589f83ef4c36d296ce6e1c846f468f08-le64.cache-7
7fd46c043000-7fd46c044000 r--s 00000000 103:02 15335742                  /var/cache/fontconfig/bab58bb527bb656aaa9f116d68a48d89-le64.cache-7
7fd46c044000-7fd46c045000 r--s 00000000 103:02 15335701                  /var/cache/fontconfig/2171a34dccabdb6bcbbc728186263178-le64.cache-7
7fd46c045000-7fd46c046000 r--s 00000000 103:02 15335743                  /var/cache/fontconfig/c5c45a61289222e0d30b1a26ef4effbe-le64.cache-7
7fd46c046000-7fd46c047000 r--s 00000000 103:02 15335738                  /var/cache/fontconfig/aec30016f93e1b46d1a973dce0d74068-le64.cache-7
7fd46c047000-7fd46c048000 r--s 00000000 103:02 15335708                  /var/cache/fontconfig/3f589640d34b7dc9042c8d453f7c8b9c-le64.cache-7
7fd46c048000-7fd46c0dd000 r--s 0110b000 103:02 9439507                   /usr/lib/jvm/java-8-oracle/jre/lib/ext/jfxrt.jar
7fd46c0dd000-7fd470000000 rw-p 00000000 00:00 0 
7fd470000000-7fd470021000 rw-p 00000000 00:00 0 
7fd470021000-7fd474000000 ---p 00000000 00:00 0 
7fd474000000-7fd474021000 rw-p 00000000 00:00 0 
7fd474021000-7fd478000000 ---p 00000000 00:00 0 
7fd478000000-7fd478021000 rw-p 00000000 00:00 0 
7fd478021000-7fd47c000000 ---p 00000000 00:00 0 
7fd47c000000-7fd47c021000 rw-p 00000000 00:00 0 
7fd47c021000-7fd480000000 ---p 00000000 00:00 0 
7fd480000000-7fd480021000 rw-p 00000000 00:00 0 
7fd480021000-7fd484000000 ---p 00000000 00:00 0 
7fd484000000-7fd484021000 rw-p 00000000 00:00 0 
7fd484021000-7fd488000000 ---p 00000000 00:00 0 
7fd488000000-7fd488001000 r--s 00000000 103:02 15335698                  /var/cache/fontconfig/16c2fda60d1b4b719f4b3d06fd951d25-le64.cache-7
7fd488001000-7fd488002000 r--s 00000000 103:02 15335737                  /var/cache/fontconfig/a48eab177a16e4f3713381162db2f3e9-le64.cache-7
7fd488002000-7fd488003000 r--s 00000000 103:02 15335718                  /var/cache/fontconfig/564b2e68ac9bc4e36a6f7f6d6125ec1c-le64.cache-7
7fd488003000-7fd488008000 r--s 00000000 103:02 15335735                  /var/cache/fontconfig/9d2451b1fd30e5bffe8383fd27c35478-le64.cache-7
7fd488008000-7fd48800e000 r--s 00000000 103:02 15335704                  /var/cache/fontconfig/3047814df9a2f067bd2d96a2b9c36e5a-le64.cache-7
7fd48800e000-7fd48800f000 r--s 00000000 103:02 15335719                  /var/cache/fontconfig/56cf4f4769d0f4abc89a4895d7bd3ae1-le64.cache-7
7fd48800f000-7fd488010000 r--s 00000000 103:02 15335741                  /var/cache/fontconfig/b9d506c9ac06c20b433354fa67a72993-le64.cache-7
7fd488010000-7fd488016000 r--s 00000000 103:02 15335739                  /var/cache/fontconfig/b47c4e1ecd0709278f4910c18777a504-le64.cache-7
7fd488016000-7fd488029000 r--s 00000000 103:02 15335748                  /var/cache/fontconfig/d52a8644073d54c13679302ca1180695-le64.cache-7
7fd488029000-7fd48802a000 r--s 00000000 103:02 15335706                  /var/cache/fontconfig/370e5b74bf5dafc30834de68e24a87a4-le64.cache-7
7fd48802a000-7fd48802b000 r--s 00000000 103:02 15335717                  /var/cache/fontconfig/6b2c5944714ca7831b25bed9e85cb5c8-le64.cache-7
7fd48802b000-7fd48802c000 r--s 00000000 103:02 15335747                  /var/cache/fontconfig/d5178ab6d91b49bf20a416737dcea9e8-le64.cache-7
7fd48802c000-7fd48802d000 r--s 00000000 103:02 15335756                  /var/cache/fontconfig/551ecf3b0e8b0bca0f25c0944f561853-le64.cache-7
7fd48802d000-7fd488030000 r--s 00000000 103:02 15335725                  /var/cache/fontconfig/f259c2cffa685e28062317905db73c4a-le64.cache-7
7fd488030000-7fd488032000 r--s 00000000 103:02 15337524                  /var/cache/fontconfig/550f3886151c940c12a5ed35f6a00586-le64.cache-7
7fd488032000-7fd48803e000 r--s 00000000 103:02 15340041                  /var/cache/fontconfig/d589a48862398ed80a3d6066f4f56f4c-le64.cache-7
7fd48803e000-7fd48804c000 r--s 00000000 103:02 15335734                  /var/cache/fontconfig/9b89f8e3dae116d678bbf48e5f21f69b-le64.cache-7
7fd48804c000-7fd48805a000 r--s 00000000 103:02 15336063                  /var/cache/fontconfig/e13b20fdb08344e0e664864cc2ede53d-le64.cache-7
7fd48805a000-7fd48835d000 rw-p 00000000 00:00 0 
7fd48835d000-7fd488537000 r--s 03d68000 103:02 9307075                   /usr/lib/jvm/java-8-oracle/jre/lib/rt.jar
7fd488537000-7fd4888f9000 rw-p 00000000 00:00 0 
7fd4888f9000-7fd4888fa000 ---p 00000000 00:00 0 
7fd4888fa000-7fd4889fa000 rw-p 00000000 00:00 0 
7fd4889fa000-7fd4889fb000 ---p 00000000 00:00 0 
7fd4889fb000-7fd488afb000 rw-p 00000000 00:00 0 
7fd488afb000-7fd488afc000 ---p 00000000 00:00 0 
7fd488afc000-7fd488bfc000 rw-p 00000000 00:00 0 
7fd488bfc000-7fd488bfd000 ---p 00000000 00:00 0 
7fd488bfd000-7fd488cfd000 rw-p 00000000 00:00 0 
7fd488cfd000-7fd488cfe000 ---p 00000000 00:00 0 
7fd488cfe000-7fd488dfe000 rw-p 00000000 00:00 0 
7fd488dfe000-7fd488dff000 ---p 00000000 00:00 0 
7fd488dff000-7fd488eff000 rw-p 00000000 00:00 0 
7fd488eff000-7fd488f00000 ---p 00000000 00:00 0 
7fd488f00000-7fd489000000 rw-p 00000000 00:00 0 
7fd489000000-7fd4894e0000 rwxp 00000000 00:00 0 
7fd4894e0000-7fd498000000 ---p 00000000 00:00 0 
7fd498000000-7fd4985a2000 rw-p 00000000 00:00 0 
7fd4985a2000-7fd49c000000 ---p 00000000 00:00 0 
7fd49c000000-7fd49c003000 r--s 00000000 103:02 15337525                  /var/cache/fontconfig/674d1711f2d1d2a09646eb0bdcadee49-le64.cache-7
7fd49c003000-7fd49c004000 r--s 00000000 103:02 15335709                  /var/cache/fontconfig/3f7329c5293ffd510edef78f73874cfd-le64.cache-7
7fd49c004000-7fd49c005000 r--s 00000000 103:02 15335695                  /var/cache/fontconfig/0c9eb80ebd1c36541ebe2852d3bb0c49-le64.cache-7
7fd49c005000-7fd49c006000 r--s 00000000 103:02 15335702                  /var/cache/fontconfig/22368d551a680bfe5a62c02760edf4ea-le64.cache-7
7fd49c006000-7fd49c007000 r--s 00000000 103:02 15335714                  /var/cache/fontconfig/4d9c95eba1cb85bbcf2878543262124a-le64.cache-7
7fd49c007000-7fd49c008000 r--s 00000000 103:02 15335731                  /var/cache/fontconfig/85e0a52ce643a7ba2ae53e5d6949cead-le64.cache-7
7fd49c008000-7fd49c009000 r--s 00000000 103:02 15335711                  /var/cache/fontconfig/49f0de54bdd920fe4f0dfd4cbac43e6b-le64.cache-7
7fd49c009000-7fd49c00a000 r--s 00000000 103:02 15335758                  /var/cache/fontconfig/f6e6e0a5c3d2f6ae0c0c2e0ecd42a997-le64.cache-7
7fd49c00a000-7fd49c00b000 r--s 00000000 103:02 15335712                  /var/cache/fontconfig/4b2eda6bb976bda485cb2176619421d5-le64.cache-7
7fd49c00b000-7fd49c010000 rw-s 00000000 00:19 1816                       /i915 (deleted)
7fd49c010000-7fd49c014000 rw-s 00000000 00:19 1827                       /i915 (deleted)
7fd49c014000-7fd49c08a000 rw-p 00000000 00:00 0 
7fd49c08a000-7fd49c08b000 ---p 00000000 00:00 0 
7fd49c08b000-7fd49c1b4000 rw-p 00000000 00:00 0 
7fd49c1b4000-7fd49c40d000 ---p 00000000 00:00 0 
7fd49c40d000-7fd49c436000 rw-p 00000000 00:00 0 
7fd49c436000-7fd49c68e000 ---p 00000000 00:00 0 
7fd49c68e000-7fd49c6a3000 rw-p 00000000 00:00 0 
7fd49c6a3000-7fd49c7cf000 ---p 00000000 00:00 0 
7fd49c7cf000-7fd49c7e4000 rw-p 00000000 00:00 0 
7fd49c7e4000-7fd49cb90000 ---p 00000000 00:00 0 
7fd49cb90000-7fd49cbab000 r-xp 00000000 103:02 9441128                   /usr/lib/jvm/java-8-oracle/jre/lib/amd64/libzip.so
7fd49cbab000-7fd49cdab000 ---p 0001b000 103:02 9441128                   /usr/lib/jvm/java-8-oracle/jre/lib/amd64/libzip.so
7fd49cdab000-7fd49cdac000 rw-p 0001b000 103:02 9441128                   /usr/lib/jvm/java-8-oracle/jre/lib/amd64/libzip.so
7fd49cdac000-7fd49cdb7000 r-xp 00000000 103:02 266930                    /lib/x86_64-linux-gnu/libnss_files-2.27.so
7fd49cdb7000-7fd49cfb6000 ---p 0000b000 103:02 266930                    /lib/x86_64-linux-gnu/libnss_files-2.27.so
7fd49cfb6000-7fd49cfb7000 r--p 0000a000 103:02 266930                    /lib/x86_64-linux-gnu/libnss_files-2.27.so
7fd49cfb7000-7fd49cfb8000 rw-p 0000b000 103:02 266930                    /lib/x86_64-linux-gnu/libnss_files-2.27.so
7fd49cfb8000-7fd49cfbe000 rw-p 00000000 00:00 0 
7fd49cfbe000-7fd49cfd5000 r-xp 00000000 103:02 266924                    /lib/x86_64-linux-gnu/libnsl-2.27.so
7fd49cfd5000-7fd49d1d4000 ---p 00017000 103:02 266924                    /lib/x86_64-linux-gnu/libnsl-2.27.so
7fd49d1d4000-7fd49d1d5000 r--p 00016000 103:02 266924                    /lib/x86_64-linux-gnu/libnsl-2.27.so
7fd49d1d5000-7fd49d1d6000 rw-p 00017000 103:02 266924                    /lib/x86_64-linux-gnu/libnsl-2.27.so
7fd49d1d6000-7fd49d1d8000 rw-p 00000000 00:00 0 
7fd49d1d8000-7fd49d1e3000 r-xp 00000000 103:02 266941                    /lib/x86_64-linux-gnu/libnss_nis-2.27.so
7fd49d1e3000-7fd49d3e2000 ---p 0000b000 103:02 266941                    /lib/x86_64-linux-gnu/libnss_nis-2.27.so
7fd49d3e2000-7fd49d3e3000 r--p 0000a000 103:02 266941                    /lib/x86_64-linux-gnu/libnss_nis-2.27.so
7fd49d3e3000-7fd49d3e4000 rw-p 0000b000 103:02 266941                    /lib/x86_64-linux-gnu/libnss_nis-2.27.so
7fd49d3e4000-7fd49d3ec000 r-xp 00000000 103:02 266926                    /lib/x86_64-linux-gnu/libnss_compat-2.27.so
7fd49d3ec000-7fd49d5ec000 ---p 00008000 103:02 266926                    /lib/x86_64-linux-gnu/libnss_compat-2.27.so
7fd49d5ec000-7fd49d5ed000 r--p 00008000 103:02 266926                    /lib/x86_64-linux-gnu/libnss_compat-2.27.so
7fd49d5ed000-7fd49d5ee000 rw-p 00009000 103:02 266926                    /lib/x86_64-linux-gnu/libnss_compat-2.27.so
7fd49d5ee000-7fd49d619000 r-xp 00000000 103:02 9441122                   /usr/lib/jvm/java-8-oracle/jre/lib/amd64/libjava.so
7fd49d619000-7fd49d818000 ---p 0002b000 103:02 9441122                   /usr/lib/jvm/java-8-oracle/jre/lib/amd64/libjava.so
7fd49d818000-7fd49d81a000 rw-p 0002a000 103:02 9441122                   /usr/lib/jvm/java-8-oracle/jre/lib/amd64/libjava.so
7fd49d81a000-7fd49d827000 r-xp 00000000 103:02 9441127                   /usr/lib/jvm/java-8-oracle/jre/lib/amd64/libverify.so
7fd49d827000-7fd49da27000 ---p 0000d000 103:02 9441127                   /usr/lib/jvm/java-8-oracle/jre/lib/amd64/libverify.so
7fd49da27000-7fd49da29000 rw-p 0000d000 103:02 9441127                   /usr/lib/jvm/java-8-oracle/jre/lib/amd64/libverify.so
7fd49da29000-7fd49da30000 r-xp 00000000 103:02 266981                    /lib/x86_64-linux-gnu/librt-2.27.so
7fd49da30000-7fd49dc2f000 ---p 00007000 103:02 266981                    /lib/x86_64-linux-gnu/librt-2.27.so
7fd49dc2f000-7fd49dc30000 r--p 00006000 103:02 266981                    /lib/x86_64-linux-gnu/librt-2.27.so
7fd49dc30000-7fd49dc31000 rw-p 00007000 103:02 266981                    /lib/x86_64-linux-gnu/librt-2.27.so
7fd49dc31000-7fd49ddce000 r-xp 00000000 103:02 266903                    /lib/x86_64-linux-gnu/libm-2.27.so
7fd49ddce000-7fd49dfcd000 ---p 0019d000 103:02 266903                    /lib/x86_64-linux-gnu/libm-2.27.so
7fd49dfcd000-7fd49dfce000 r--p 0019c000 103:02 266903                    /lib/x86_64-linux-gnu/libm-2.27.so
7fd49dfce000-7fd49dfcf000 rw-p 0019d000 103:02 266903                    /lib/x86_64-linux-gnu/libm-2.27.so
7fd49dfcf000-7fd49eca8000 r-xp 00000000 103:02 9441104                   /usr/lib/jvm/java-8-oracle/jre/lib/amd64/server/libjvm.so
7fd49eca8000-7fd49eea7000 ---p 00cd9000 103:02 9441104                   /usr/lib/jvm/java-8-oracle/jre/lib/amd64/server/libjvm.so
7fd49eea7000-7fd49ef81000 rw-p 00cd8000 103:02 9441104                   /usr/lib/jvm/java-8-oracle/jre/lib/amd64/server/libjvm.so
7fd49ef81000-7fd49efcc000 rw-p 00000000 00:00 0 
7fd49efcc000-7fd49f1b3000 r-xp 00000000 103:02 266840                    /lib/x86_64-linux-gnu/libc-2.27.so
7fd49f1b3000-7fd49f3b3000 ---p 001e7000 103:02 266840                    /lib/x86_64-linux-gnu/libc-2.27.so
7fd49f3b3000-7fd49f3b7000 r--p 001e7000 103:02 266840                    /lib/x86_64-linux-gnu/libc-2.27.so
7fd49f3b7000-7fd49f3b9000 rw-p 001eb000 103:02 266840                    /lib/x86_64-linux-gnu/libc-2.27.so
7fd49f3b9000-7fd49f3bd000 rw-p 00000000 00:00 0 
7fd49f3bd000-7fd49f3c0000 r-xp 00000000 103:02 266863                    /lib/x86_64-linux-gnu/libdl-2.27.so
7fd49f3c0000-7fd49f5bf000 ---p 00003000 103:02 266863                    /lib/x86_64-linux-gnu/libdl-2.27.so
7fd49f5bf000-7fd49f5c0000 r--p 00002000 103:02 266863                    /lib/x86_64-linux-gnu/libdl-2.27.so
7fd49f5c0000-7fd49f5c1000 rw-p 00003000 103:02 266863                    /lib/x86_64-linux-gnu/libdl-2.27.so
7fd49f5c1000-7fd49f5d7000 r-xp 00000000 103:02 9441099                   /usr/lib/jvm/java-8-oracle/jre/lib/amd64/jli/libjli.so
7fd49f5d7000-7fd49f7d6000 ---p 00016000 103:02 9441099                   /usr/lib/jvm/java-8-oracle/jre/lib/amd64/jli/libjli.so
7fd49f7d6000-7fd49f7d7000 rw-p 00015000 103:02 9441099                   /usr/lib/jvm/java-8-oracle/jre/lib/amd64/jli/libjli.so
7fd49f7d7000-7fd49f7f1000 r-xp 00000000 103:02 266973                    /lib/x86_64-linux-gnu/libpthread-2.27.so
7fd49f7f1000-7fd49f9f0000 ---p 0001a000 103:02 266973                    /lib/x86_64-linux-gnu/libpthread-2.27.so
7fd49f9f0000-7fd49f9f1000 r--p 00019000 103:02 266973                    /lib/x86_64-linux-gnu/libpthread-2.27.so
7fd49f9f1000-7fd49f9f2000 rw-p 0001a000 103:02 266973                    /lib/x86_64-linux-gnu/libpthread-2.27.so
7fd49f9f2000-7fd49f9f6000 rw-p 00000000 00:00 0 
7fd49f9f6000-7fd49fa1d000 r-xp 00000000 103:02 266812                    /lib/x86_64-linux-gnu/ld-2.27.so
7fd49fa1d000-7fd49fa1f000 r--s 00000000 103:02 15335726                  /var/cache/fontconfig/6afa1bb216ce958c1589e297e8008489-le64.cache-7
7fd49fa1f000-7fd49fa23000 rw-s 00000000 00:19 1825                       /i915 (deleted)
7fd49fa23000-7fd49fa28000 rw-s 00000000 00:19 1824                       /i915 (deleted)
7fd49fa28000-7fd49fa2d000 rw-s 00000000 00:19 1821                       /i915 (deleted)
7fd49fa2d000-7fd49fa31000 rw-s 00000000 00:19 1814                       /i915 (deleted)
7fd49fa31000-7fd49fb01000 rw-p 00000000 00:00 0 
7fd49fb01000-7fd49fb02000 ---p 00000000 00:00 0 
7fd49fb02000-7fd49fb05000 ---p 00000000 00:00 0 
7fd49fb05000-7fd49fc04000 rw-p 00000000 00:00 0 
7fd49fc05000-7fd49fc06000 rwxp 00000000 00:00 0 
7fd49fc06000-7fd49fc0a000 rw-s 00000000 00:19 1812                       /i915 (deleted)
7fd49fc0a000-7fd49fc0f000 rw-s 00000000 00:19 1811                       /i915 (deleted)
7fd49fc0f000-7fd49fc11000 r--s 00015000 103:02 14683270                  /home/austin/OneDrive/Documents/Netbeans Projects/TarkovTraderGit/TarkovTraderClient/dist/run1854153934/TarkovTrader.jar
7fd49fc11000-7fd49fc19000 rw-s 00000000 103:02 13238342                  /tmp/hsperfdata_austin/8977
7fd49fc19000-7fd49fc1a000 rw-p 00000000 00:00 0 
7fd49fc1a000-7fd49fc1b000 r--p 00000000 00:00 0 
7fd49fc1b000-7fd49fc1d000 rw-p 00000000 00:00 0 
7fd49fc1d000-7fd49fc1e000 r--p 00027000 103:02 266812                    /lib/x86_64-linux-gnu/ld-2.27.so
7fd49fc1e000-7fd49fc1f000 rw-p 00028000 103:02 266812                    /lib/x86_64-linux-gnu/ld-2.27.so
7fd49fc1f000-7fd49fc20000 rw-p 00000000 00:00 0 
7fff42a73000-7fff42a94000 rw-p 00000000 00:00 0                          [stack]
7fff42b95000-7fff42b98000 r--p 00000000 00:00 0                          [vvar]
7fff42b98000-7fff42b9a000 r-xp 00000000 00:00 0                          [vdso]
ffffffffff600000-ffffffffff601000 r-xp 00000000 00:00 0                  [vsyscall]

VM Arguments:
jvm_args: -Dfile.encoding=UTF-8 
java_command: /home/austin/OneDrive/Documents/Netbeans Projects/TarkovTraderGit/TarkovTraderClient/dist/run1854153934/TarkovTrader.jar
java_class_path (initial): /home/austin/OneDrive/Documents/Netbeans Projects/TarkovTraderGit/TarkovTraderClient/dist/run1854153934/TarkovTrader.jar
Launcher Type: SUN_STANDARD

Environment Variables:
JAVA_HOME=/usr/lib/jvm/java-8-oracle
PATH=/usr/local/sbin:/usr/local/bin:/usr/sbin:/usr/bin:/sbin:/bin:/usr/games:/usr/local/games:/snap/bin:/usr/lib/jvm/java-8-oracle/bin:/usr/lib/jvm/java-8-oracle/db/bin:/usr/lib/jvm/java-8-oracle/jre/bin
USERNAME=austin
LD_LIBRARY_PATH=/usr/lib/jvm/java-8-oracle/jre/lib/amd64:/usr/lib/jvm/java-8-oracle/jre/lib/i386:
SHELL=/bin/bash
DISPLAY=:0

Signal Handlers:
SIGSEGV: [libjvm.so+0xad0890], sa_mask[0]=11111111011111111101111111111110, sa_flags=SA_RESTART|SA_SIGINFO
SIGBUS: [libjvm.so+0xad0890], sa_mask[0]=11111111011111111101111111111110, sa_flags=SA_RESTART|SA_SIGINFO
SIGFPE: [libjvm.so+0x928640], sa_mask[0]=11111111011111111101111111111110, sa_flags=SA_RESTART|SA_SIGINFO
SIGPIPE: SIG_IGN, sa_mask[0]=00000000000010000000000000000000, sa_flags=SA_RESTART
SIGXFSZ: [libjvm.so+0x928640], sa_mask[0]=11111111011111111101111111111110, sa_flags=SA_RESTART|SA_SIGINFO
SIGILL: [libjvm.so+0x928640], sa_mask[0]=11111111011111111101111111111110, sa_flags=SA_RESTART|SA_SIGINFO
SIGUSR1: SIG_DFL, sa_mask[0]=00000000000000000000000000000000, sa_flags=none
SIGUSR2: [libjvm.so+0x929ea0], sa_mask[0]=00100000000000000000000000000000, sa_flags=SA_RESTART|SA_SIGINFO
SIGHUP: [libjvm.so+0x92b2a0], sa_mask[0]=11111111011111111101111111111110, sa_flags=SA_RESTART|SA_SIGINFO
SIGINT: SIG_IGN, sa_mask[0]=00000000000000000000000000000000, sa_flags=none
SIGTERM: [libjvm.so+0x92b2a0], sa_mask[0]=11111111011111111101111111111110, sa_flags=SA_RESTART|SA_SIGINFO
SIGQUIT: [libjvm.so+0x92b2a0], sa_mask[0]=11111111011111111101111111111110, sa_flags=SA_RESTART|SA_SIGINFO


---------------  S Y S T E M  ---------------

OS:DISTRIB_ID=Ubuntu
DISTRIB_RELEASE=18.04
DISTRIB_CODENAME=bionic
DISTRIB_DESCRIPTION="Ubuntu 18.04 LTS"

uname:Linux 4.15.0-23-generic #25-Ubuntu SMP Wed May 23 18:02:16 UTC 2018 x86_64
libc:glibc 2.27 NPTL 2.27 
rlimit: STACK 8192k, CORE 0k, NPROC 30365, NOFILE 1048576, AS infinity
load average:0.84 0.85 1.03

/proc/meminfo:
MemTotal:        7877392 kB
MemFree:         1346968 kB
MemAvailable:    3998844 kB
Buffers:          187724 kB
Cached:          1981868 kB
SwapCached:            0 kB
Active:          3753220 kB
Inactive:        2394444 kB
Active(anon):    2923936 kB
Inactive(anon):   424692 kB
Active(file):     829284 kB
Inactive(file):  1969752 kB
Unevictable:          48 kB
Mlocked:              48 kB
SwapTotal:       2097148 kB
SwapFree:        2097148 kB
Dirty:                68 kB
Writeback:             0 kB
AnonPages:       3978268 kB
Mapped:           571276 kB
Shmem:            425868 kB
Slab:             229840 kB
SReclaimable:     162572 kB
SUnreclaim:        67268 kB
KernelStack:       14528 kB
PageTables:        48760 kB
NFS_Unstable:          0 kB
Bounce:                0 kB
WritebackTmp:          0 kB
CommitLimit:     6035844 kB
Committed_AS:    9960140 kB
VmallocTotal:   34359738367 kB
VmallocUsed:           0 kB
VmallocChunk:          0 kB
HardwareCorrupted:     0 kB
AnonHugePages:         0 kB
ShmemHugePages:        0 kB
ShmemPmdMapped:        0 kB
CmaTotal:              0 kB
CmaFree:               0 kB
HugePages_Total:       0
HugePages_Free:        0
HugePages_Rsvd:        0
HugePages_Surp:        0
Hugepagesize:       2048 kB
DirectMap4k:      179056 kB
DirectMap2M:     6868992 kB
DirectMap1G:     1048576 kB


CPU:total 8 (initial active 8) (4 cores per cpu, 2 threads per core) family 6 model 142 stepping 10, cmov, cx8, fxsr, mmx, sse, sse2, sse3, ssse3, sse4.1, sse4.2, popcnt, avx, avx2, aes, clmul, erms, 3dnowpref, lzcnt, ht, tsc, tscinvbit, bmi1, bmi2, adx

/proc/cpuinfo:
processor	: 0
vendor_id	: GenuineIntel
cpu family	: 6
model		: 142
model name	: Intel(R) Core(TM) i7-8550U CPU @ 1.80GHz
stepping	: 10
microcode	: 0x84
cpu MHz		: 2734.237
cache size	: 8192 KB
physical id	: 0
siblings	: 8
core id		: 0
cpu cores	: 4
apicid		: 0
initial apicid	: 0
fpu		: yes
fpu_exception	: yes
cpuid level	: 22
wp		: yes
flags		: fpu vme de pse tsc msr pae mce cx8 apic sep mtrr pge mca cmov pat pse36 clflush dts acpi mmx fxsr sse sse2 ss ht tm pbe syscall nx pdpe1gb rdtscp lm constant_tsc art arch_perfmon pebs bts rep_good nopl xtopology nonstop_tsc cpuid aperfmperf tsc_known_freq pni pclmulqdq dtes64 monitor ds_cpl vmx est tm2 ssse3 sdbg fma cx16 xtpr pdcm pcid sse4_1 sse4_2 x2apic movbe popcnt tsc_deadline_timer aes xsave avx f16c rdrand lahf_lm abm 3dnowprefetch cpuid_fault epb invpcid_single pti ibrs ibpb stibp tpr_shadow vnmi flexpriority ept vpid fsgsbase tsc_adjust bmi1 avx2 smep bmi2 erms invpcid mpx rdseed adx smap clflushopt intel_pt xsaveopt xsavec xgetbv1 xsaves dtherm ida arat pln pts hwp hwp_notify hwp_act_window hwp_epp
bugs		: cpu_meltdown spectre_v1 spectre_v2 spec_store_bypass
bogomips	: 3984.00
clflush size	: 64
cache_alignment	: 64
address sizes	: 39 bits physical, 48 bits virtual
power management:

processor	: 1
vendor_id	: GenuineIntel
cpu family	: 6
model		: 142
model name	: Intel(R) Core(TM) i7-8550U CPU @ 1.80GHz
stepping	: 10
microcode	: 0x84
cpu MHz		: 2772.376
cache size	: 8192 KB
physical id	: 0
siblings	: 8
core id		: 1
cpu cores	: 4
apicid		: 2
initial apicid	: 2
fpu		: yes
fpu_exception	: yes
cpuid level	: 22
wp		: yes
flags		: fpu vme de pse tsc msr pae mce cx8 apic sep mtrr pge mca cmov pat pse36 clflush dts acpi mmx fxsr sse sse2 ss ht tm pbe syscall nx pdpe1gb rdtscp lm constant_tsc art arch_perfmon pebs bts rep_good nopl xtopology nonstop_tsc cpuid aperfmperf tsc_known_freq pni pclmulqdq dtes64 monitor ds_cpl vmx est tm2 ssse3 sdbg fma cx16 xtpr pdcm pcid sse4_1 sse4_2 x2apic movbe popcnt tsc_deadline_timer aes xsave avx f16c rdrand lahf_lm abm 3dnowprefetch cpuid_fault epb invpcid_single pti ibrs ibpb stibp tpr_shadow vnmi flexpriority ept vpid fsgsbase tsc_adjust bmi1 avx2 smep bmi2 erms invpcid mpx rdseed adx smap clflushopt intel_pt xsaveopt xsavec xgetbv1 xsaves dtherm ida arat pln pts hwp hwp_notify hwp_act_window hwp_epp
bugs		: cpu_meltdown spectre_v1 spectre_v2 spec_store_bypass
bogomips	: 3984.00
clflush size	: 64
cache_alignment	: 64
address sizes	: 39 bits physical, 48 bits virtual
power management:

processor	: 2
vendor_id	: GenuineIntel
cpu family	: 6
model		: 142
model name	: Intel(R) Core(TM) i7-8550U CPU @ 1.80GHz
stepping	: 10
microcode	: 0x84
cpu MHz		: 2799.932
cache size	: 8192 KB
physical id	: 0
siblings	: 8
core id		: 2
cpu cores	: 4
apicid		: 4
initial apicid	: 4
fpu		: yes
fpu_exception	: yes
cpuid level	: 22
wp		: yes
flags		: fpu vme de pse tsc msr pae mce cx8 apic sep mtrr pge mca cmov pat pse36 clflush dts acpi mmx fxsr sse sse2 ss ht tm pbe syscall nx pdpe1gb rdtscp lm constant_tsc art arch_perfmon pebs bts rep_good nopl xtopology nonstop_tsc cpuid aperfmperf tsc_known_freq pni pclmulqdq dtes64 monitor ds_cpl vmx est tm2 ssse3 sdbg fma cx16 xtpr pdcm pcid sse4_1 sse4_2 x2apic movbe popcnt tsc_deadline_timer aes xsave avx f16c rdrand lahf_lm abm 3dnowprefetch cpuid_fault epb invpcid_single pti ibrs ibpb stibp tpr_shadow vnmi flexpriority ept vpid fsgsbase tsc_adjust bmi1 avx2 smep bmi2 erms invpcid mpx rdseed adx smap clflushopt intel_pt xsaveopt xsavec xgetbv1 xsaves dtherm ida arat pln pts hwp hwp_notify hwp_act_window hwp_epp
bugs		: cpu_meltdown spectre_v1 spectre_v2 spec_store_bypass
bogomips	: 3984.00
clflush size	: 64
cache_alignment	: 64
address sizes	: 39 bits physical, 48 bits virtual
power management:

processor	: 3
vendor_id	: GenuineIntel
cpu family	: 6
model		: 142
model name	: Intel(R) Core(TM) i7-8550U CPU @ 1.80GHz
stepping	: 10
microcode	: 0x84
cpu MHz		: 2764.760
cache size	: 8192 KB
physical id	: 0
siblings	: 8
core id		: 3
cpu cores	: 4
apicid		: 6
initial apicid	: 6
fpu		: yes
fpu_exception	: yes
cpuid level	: 22
wp		: yes
flags		: fpu vme de pse tsc msr pae mce cx8 apic sep mtrr pge mca cmov pat pse36 clflush dts acpi mmx fxsr sse sse2 ss ht tm pbe syscall nx pdpe1gb rdtscp lm constant_tsc art arch_perfmon pebs bts rep_good nopl xtopology nonstop_tsc cpuid aperfmperf tsc_known_freq pni pclmulqdq dtes64 monitor ds_cpl vmx est tm2 ssse3 sdbg fma cx16 xtpr pdcm pcid sse4_1 sse4_2 x2apic movbe popcnt tsc_deadline_timer aes xsave avx f16c rdrand lahf_lm abm 3dnowprefetch cpuid_fault epb invpcid_single pti ibrs ibpb stibp tpr_shadow vnmi flexpriority ept vpid fsgsbase tsc_adjust bmi1 avx2 smep bmi2 erms invpcid mpx rdseed adx smap clflushopt intel_pt xsaveopt xsavec xgetbv1 xsaves dtherm ida arat pln pts hwp hwp_notify hwp_act_window hwp_epp
bugs		: cpu_meltdown spectre_v1 spectre_v2 spec_store_bypass
bogomips	: 3984.00
clflush size	: 64
cache_alignment	: 64
address sizes	: 39 bits physical, 48 bits virtual
power management:

processor	: 4
vendor_id	: GenuineIntel
cpu family	: 6
model		: 142
model name	: Intel(R) Core(TM) i7-8550U CPU @ 1.80GHz
stepping	: 10
microcode	: 0x84
cpu MHz		: 2780.420
cache size	: 8192 KB
physical id	: 0
siblings	: 8
core id		: 0
cpu cores	: 4
apicid		: 1
initial apicid	: 1
fpu		: yes
fpu_exception	: yes
cpuid level	: 22
wp		: yes
flags		: fpu vme de pse tsc msr pae mce cx8 apic sep mtrr pge mca cmov pat pse36 clflush dts acpi mmx fxsr sse sse2 ss ht tm pbe syscall nx pdpe1gb rdtscp lm constant_tsc art arch_perfmon pebs bts rep_good nopl xtopology nonstop_tsc cpuid aperfmperf tsc_known_freq pni pclmulqdq dtes64 monitor ds_cpl vmx est tm2 ssse3 sdbg fma cx16 xtpr pdcm pcid sse4_1 sse4_2 x2apic movbe popcnt tsc_deadline_timer aes xsave avx f16c rdrand lahf_lm abm 3dnowprefetch cpuid_fault epb invpcid_single pti ibrs ibpb stibp tpr_shadow vnmi flexpriority ept vpid fsgsbase tsc_adjust bmi1 avx2 smep bmi2 erms invpcid mpx rdseed adx smap clflushopt intel_pt xsaveopt xsavec xgetbv1 xsaves dtherm ida arat pln pts hwp hwp_notify hwp_act_window hwp_epp
bugs		: cpu_meltdown spectre_v1 spectre_v2 spec_store_bypass
bogomips	: 3984.00
clflush size	: 64
cache_alignment	: 64
address sizes	: 39 bits physical, 48 bits virtual
power management:

processor	: 5
vendor_id	: GenuineIntel
cpu family	: 6
model		: 142
model name	: Intel(R) Core(TM) i7-8550U CPU @ 1.80GHz
stepping	: 10
microcode	: 0x84
cpu MHz		: 2830.679
cache size	: 8192 KB
physical id	: 0
siblings	: 8
core id		: 1
cpu cores	: 4
apicid		: 3
initial apicid	: 3
fpu		: yes
fpu_exception	: yes
cpuid level	: 22
wp		: yes
flags		: fpu vme de pse tsc msr pae mce cx8 apic sep mtrr pge mca cmov pat pse36 clflush dts acpi mmx fxsr sse sse2 ss ht tm pbe syscall nx pdpe1gb rdtscp lm constant_tsc art arch_perfmon pebs bts rep_good nopl xtopology nonstop_tsc cpuid aperfmperf tsc_known_freq pni pclmulqdq dtes64 monitor ds_cpl vmx est tm2 ssse3 sdbg fma cx16 xtpr pdcm pcid sse4_1 sse4_2 x2apic movbe popcnt tsc_deadline_timer aes xsave avx f16c rdrand lahf_lm abm 3dnowprefetch cpuid_fault epb invpcid_single pti ibrs ibpb stibp tpr_shadow vnmi flexpriority ept vpid fsgsbase tsc_adjust bmi1 avx2 smep bmi2 erms invpcid mpx rdseed adx smap clflushopt intel_pt xsaveopt xsavec xgetbv1 xsaves dtherm ida arat pln pts hwp hwp_notify hwp_act_window hwp_epp
bugs		: cpu_meltdown spectre_v1 spectre_v2 spec_store_bypass
bogomips	: 3984.00
clflush size	: 64
cache_alignment	: 64
address sizes	: 39 bits physical, 48 bits virtual
power management:

processor	: 6
vendor_id	: GenuineIntel
cpu family	: 6
model		: 142
model name	: Intel(R) Core(TM) i7-8550U CPU @ 1.80GHz
stepping	: 10
microcode	: 0x84
cpu MHz		: 2829.622
cache size	: 8192 KB
physical id	: 0
siblings	: 8
core id		: 2
cpu cores	: 4
apicid		: 5
initial apicid	: 5
fpu		: yes
fpu_exception	: yes
cpuid level	: 22
wp		: yes
flags		: fpu vme de pse tsc msr pae mce cx8 apic sep mtrr pge mca cmov pat pse36 clflush dts acpi mmx fxsr sse sse2 ss ht tm pbe syscall nx pdpe1gb rdtscp lm constant_tsc art arch_perfmon pebs bts rep_good nopl xtopology nonstop_tsc cpuid aperfmperf tsc_known_freq pni pclmulqdq dtes64 monitor ds_cpl vmx est tm2 ssse3 sdbg fma cx16 xtpr pdcm pcid sse4_1 sse4_2 x2apic movbe popcnt tsc_deadline_timer aes xsave avx f16c rdrand lahf_lm abm 3dnowprefetch cpuid_fault epb invpcid_single pti ibrs ibpb stibp tpr_shadow vnmi flexpriority ept vpid fsgsbase tsc_adjust bmi1 avx2 smep bmi2 erms invpcid mpx rdseed adx smap clflushopt intel_pt xsaveopt xsavec xgetbv1 xsaves dtherm ida arat pln pts hwp hwp_notify hwp_act_window hwp_epp
bugs		: cpu_meltdown spectre_v1 spectre_v2 spec_store_bypass
bogomips	: 3984.00
clflush size	: 64
cache_alignment	: 64
address sizes	: 39 bits physical, 48 bits virtual
power management:

processor	: 7
vendor_id	: GenuineIntel
cpu family	: 6
model		: 142
model name	: Intel(R) Core(TM) i7-8550U CPU @ 1.80GHz
stepping	: 10
microcode	: 0x84
cpu MHz		: 2750.283
cache size	: 8192 KB
physical id	: 0
siblings	: 8
core id		: 3
cpu cores	: 4
apicid		: 7
initial apicid	: 7
fpu		: yes
fpu_exception	: yes
cpuid level	: 22
wp		: yes
flags		: fpu vme de pse tsc msr pae mce cx8 apic sep mtrr pge mca cmov pat pse36 clflush dts acpi mmx fxsr sse sse2 ss ht tm pbe syscall nx pdpe1gb rdtscp lm constant_tsc art arch_perfmon pebs bts rep_good nopl xtopology nonstop_tsc cpuid aperfmperf tsc_known_freq pni pclmulqdq dtes64 monitor ds_cpl vmx est tm2 ssse3 sdbg fma cx16 xtpr pdcm pcid sse4_1 sse4_2 x2apic movbe popcnt tsc_deadline_timer aes xsave avx f16c rdrand lahf_lm abm 3dnowprefetch cpuid_fault epb invpcid_single pti ibrs ibpb stibp tpr_shadow vnmi flexpriority ept vpid fsgsbase tsc_adjust bmi1 avx2 smep bmi2 erms invpcid mpx rdseed adx smap clflushopt intel_pt xsaveopt xsavec xgetbv1 xsaves dtherm ida arat pln pts hwp hwp_notify hwp_act_window hwp_epp
bugs		: cpu_meltdown spectre_v1 spectre_v2 spec_store_bypass
bogomips	: 3984.00
clflush size	: 64
cache_alignment	: 64
address sizes	: 39 bits physical, 48 bits virtual
power management:



Memory: 4k page, physical 7877392k(1343752k free), swap 2097148k(2097148k free)

vm_info: Java HotSpot(TM) 64-Bit Server VM (25.171-b11) for linux-amd64 JRE (1.8.0_171-b11), built on Mar 28 2018 17:07:08 by "java_re" with gcc 4.3.0 20080428 (Red Hat 4.3.0-8)

time: Sun Jul 15 16:35:30 2018
elapsed time: 4 seconds (0d 0h 0m 4s)

