#
# A fatal error has been detected by the Java Runtime Environment:
#
#  SIGSEGV (0xb) at pc=0x00007f356eeae9a8, pid=5514, tid=0x00007f35301f8700
#
# JRE version: Java(TM) SE Runtime Environment (8.0_171-b11) (build 1.8.0_171-b11)
# Java VM: Java HotSpot(TM) 64-Bit Server VM (25.171-b11 mixed mode linux-amd64 compressed oops)
# Problematic frame:
# V  [libjvm.so+0x6d79a8]  jni_invoke_nonstatic(JNIEnv_*, JavaValue*, _jobject*, JNICallType, _jmethodID*, JNI_ArgumentPusher*, Thread*)+0x38
#
# Failed to write core dump. Core dumps have been disabled. To enable core dumping, try "ulimit -c unlimited" before starting Java again
#
# If you would like to submit a bug report, please visit:
#   http://bugreport.java.com/bugreport/crash.jsp
#

---------------  T H R E A D  ---------------

Current thread (0x00007f35683e7800):  JavaThread "JavaFX Application Thread" [_thread_in_vm, id=5539, stack(0x00007f35300f8000,0x00007f35301f9000)]

siginfo: si_signo: 11 (SIGSEGV), si_code: 1 (SEGV_MAPERR), si_addr: 0x00007f3400000000

Registers:
RAX=0x00007f35301f7160, RBX=0x00007f35301f7070, RCX=0x0000000000000001, RDX=0x00007f3400000000
RSP=0x00007f35301f6ec0, RBP=0x00007f35301f7040, RSI=0x00007f35301f70d0, RDI=0x00007f35683e79f8
R8 =0x00007f3568344258, R9 =0x00007f35301f7070, R10=0x00007f34ec000e00, R11=0x00007f35593d5ea0
R12=0x00007f35683e7800, R13=0x00007f3568344258, R14=0x0000000000000001, R15=0x00007f35683e79f8
RIP=0x00007f356eeae9a8, EFLAGS=0x0000000000010206, CSGSFS=0x002b000000000033, ERR=0x0000000000000004
  TRAPNO=0x000000000000000e

Top of Stack: (sp=0x00007f35301f6ec0)
0x00007f35301f6ec0:   00007f35301f75c0 00007f35301f71e0
0x00007f35301f6ed0:   00007f35301f6f20 00007f35301f6fa0
0x00007f35301f6ee0:   00007f35301f7070 00007f35301f70d0
0x00007f35301f6ef0:   00007f35683e79f8 00007f356eece4b0
0x00007f35301f6f00:   00007f350c000c90 00007f350c000ca0
0x00007f35301f6f10:   00007f350c001078 00000000000003d8
0x00007f35301f6f20:   0000000000000000 00000000d9d88760
0x00007f35301f6f30:   00007f350000006f 00007f350000000a
0x00007f35301f6f40:   00000000d8120298 0000000000000000
0x00007f35301f6f50:   0000000000000000 0000000000000000
0x00007f35301f6f60:   00007f3558927c30 0000000100000100
0x00007f35301f6f70:   0000000000000000 00007f35301f6f28
0x00007f35301f6f80:   00007f35301f6f69 0000000800000005
0x00007f35301f6f90:   00007f35301f6f00 00007f35683e7ed0
0x00007f35301f6fa0:   00007f356f7427b0 00007f357028e7a0
0x00007f35301f6fb0:   00000000683e7e50 00007f35683e7800
0x00007f35301f6fc0:   0000000000000000 00007f356eeaed7b
0x00007f35301f6fd0:   00007f3558931d78 00007f35683e7800
0x00007f35301f6fe0:   00007f3558931d78 00007f35683e7800
0x00007f35301f6ff0:   00007f35301f7180 00007f3558931d78
0x00007f35301f7000:   00007f3558931d78 00007f3558931d78
0x00007f35301f7010:   00007f350c000c90 00007f35301f7070
0x00007f35301f7020:   00007f35683e7800 00007f35301f70b0
0x00007f35301f7030:   00007f3568344258 00007f35683e79f8
0x00007f35301f7040:   00007f35301f7130 00007f356eeb314f
0x00007f35301f7050:   00007f35683e7800 00007f3538ba1614
0x00007f35301f7060:   00007f35301f7148 00007f3400000000
0x00007f35301f7070:   00007f356f743430 00007f357028e7a0
0x00007f35301f7080:   0000000000000000 00007f3500000063
0x00007f35301f7090:   0000000000000000 0000003000000018
0x00007f35301f70a0:   00007f35301f7220 00007f35301f7160
0x00007f35301f70b0:   00007f35683e7800 0000000000000000 

Instructions: (pc=0x00007f356eeae9a8)
0x00007f356eeae988:   00 00 48 85 d2 48 89 bd b0 fe ff ff 48 89 b5 a8
0x00007f356eeae998:   fe ff ff 4c 89 8d a0 fe ff ff 0f 84 78 09 00 00
0x00007f356eeae9a8:   4c 8b 22 4d 85 e4 0f 84 6c 09 00 00 48 8b 45 10
0x00007f356eeae9b8:   48 8b 98 38 01 00 00 48 83 7b 18 f7 0f 87 16 07 

Register to memory mapping:

RAX=0x00007f35301f7160 is pointing into the stack for thread: 0x00007f35683e7800
RBX=0x00007f35301f7070 is pointing into the stack for thread: 0x00007f35683e7800
RCX=0x0000000000000001 is an unknown value
RDX=0x00007f3400000000 is an unknown value
RSP=0x00007f35301f6ec0 is pointing into the stack for thread: 0x00007f35683e7800
RBP=0x00007f35301f7040 is pointing into the stack for thread: 0x00007f35683e7800
RSI=0x00007f35301f70d0 is pointing into the stack for thread: 0x00007f35683e7800
RDI=0x00007f35683e79f8 is an unknown value
R8 =0x00007f3568344258 is an unknown value
R9 =0x00007f35301f7070 is pointing into the stack for thread: 0x00007f35683e7800
R10=0x00007f34ec000e00 is an unknown value
R11=0x00007f35593d5ea0 is at entry_point+32 in (nmethod*)0x00007f35593d5d10
R12=0x00007f35683e7800 is a thread
R13=0x00007f3568344258 is an unknown value
R14=0x0000000000000001 is an unknown value
R15=0x00007f35683e79f8 is an unknown value


Stack: [0x00007f35300f8000,0x00007f35301f9000],  sp=0x00007f35301f6ec0,  free space=1019k
Native frames: (J=compiled Java code, j=interpreted, Vv=VM code, C=native code)
V  [libjvm.so+0x6d79a8]  jni_invoke_nonstatic(JNIEnv_*, JavaValue*, _jobject*, JNICallType, _jmethodID*, JNI_ArgumentPusher*, Thread*)+0x38
V  [libjvm.so+0x6dc14f]  jni_CallVoidMethodV+0x10f
C  [libglass.so+0x18641]  JNIEnv_::CallVoidMethod(_jobject*, _jmethodID*, ...)+0x81
C  [libglass.so+0x14f0f]  WindowContextBase::process_key(_GdkEventKey*)+0x20f
C  [libglass.so+0x19f60]  WindowContextBase::im_filter_keypress(_GdkEventKey*)+0x1c0
C  [libglass.so+0x1a91c]  process_events(_GdkEvent*, void*)+0x22c
C  [libgdk-x11-2.0.so.0+0x5b02c]

Java frames: (J=compiled Java code, j=interpreted, Vv=VM code)
j  com.sun.glass.ui.gtk.GtkApplication._runLoop(Ljava/lang/Runnable;Z)V+0
j  com.sun.glass.ui.gtk.GtkApplication.lambda$null$48(Ljava/lang/Runnable;Z)V+7
j  com.sun.glass.ui.gtk.GtkApplication$$Lambda$41.run()V+12
j  java.lang.Thread.run()V+11
v  ~StubRoutines::call_stub

---------------  P R O C E S S  ---------------

Java Threads: ( => current thread )
  0x00007f34ec2ab000 JavaThread "Prism Font Disposer" daemon [_thread_blocked, id=5543, stack(0x00007f34f841c000,0x00007f34f851d000)]
  0x00007f34e400f000 JavaThread "Thread-4" [_thread_in_native, id=5542, stack(0x00007f34f8e34000,0x00007f34f8f35000)]
  0x00007f34ec0f0000 JavaThread "Thread-3" [_thread_in_native, id=5541, stack(0x00007f34f934f000,0x00007f34f9450000)]
  0x00007f35683ee000 JavaThread "JavaFX-Launcher" [_thread_blocked, id=5540, stack(0x00007f34f9450000,0x00007f34f9551000)]
=>0x00007f35683e7800 JavaThread "JavaFX Application Thread" [_thread_in_vm, id=5539, stack(0x00007f35300f8000,0x00007f35301f9000)]
  0x00007f35683e4800 JavaThread "Thread-1" daemon [_thread_blocked, id=5538, stack(0x00007f353800f000,0x00007f3538110000)]
  0x00007f3568336000 JavaThread "QuantumRenderer-0" daemon [_thread_blocked, id=5537, stack(0x00007f3539611000,0x00007f3539712000)]
  0x00007f3568213000 JavaThread "Service Thread" daemon [_thread_blocked, id=5535, stack(0x00007f3539813000,0x00007f3539914000)]
  0x00007f3568210000 JavaThread "C1 CompilerThread3" daemon [_thread_blocked, id=5534, stack(0x00007f3539915000,0x00007f3539a15000)]
  0x00007f356820d800 JavaThread "C2 CompilerThread2" daemon [_thread_blocked, id=5533, stack(0x00007f3539a16000,0x00007f3539b16000)]
  0x00007f356820c000 JavaThread "C2 CompilerThread1" daemon [_thread_in_native, id=5532, stack(0x00007f3539b17000,0x00007f3539c17000)]
  0x00007f3568209000 JavaThread "C2 CompilerThread0" daemon [_thread_blocked, id=5531, stack(0x00007f3539c18000,0x00007f3539d18000)]
  0x00007f3568207800 JavaThread "Signal Dispatcher" daemon [_thread_blocked, id=5530, stack(0x00007f3539d18000,0x00007f3539e19000)]
  0x00007f35681d4800 JavaThread "Finalizer" daemon [_thread_blocked, id=5529, stack(0x00007f353a7e8000,0x00007f353a8e9000)]
  0x00007f35681d0000 JavaThread "Reference Handler" daemon [_thread_blocked, id=5528, stack(0x00007f353a8e9000,0x00007f353a9ea000)]
  0x00007f356800b000 JavaThread "main" [_thread_blocked, id=5518, stack(0x00007f357030a000,0x00007f357040a000)]

Other Threads:
  0x00007f35681c8800 VMThread [stack: 0x00007f353a9eb000,0x00007f353aaeb000] [id=5527]
  0x00007f3568218000 WatcherThread [stack: 0x00007f3539713000,0x00007f3539813000] [id=5536]

VM state:not at safepoint (normal execution)

VM Mutex/Monitor currently owned by a thread: None

Heap:
 PSYoungGen      total 36352K, used 10458K [0x00000000d7f00000, 0x00000000da780000, 0x0000000100000000)
  eden space 31232K, 17% used [0x00000000d7f00000,0x00000000d8470e98,0x00000000d9d80000)
  from space 5120K, 95% used [0x00000000d9d80000,0x00000000da245c08,0x00000000da280000)
  to   space 5120K, 0% used [0x00000000da280000,0x00000000da280000,0x00000000da780000)
 ParOldGen       total 83456K, used 16K [0x0000000087c00000, 0x000000008cd80000, 0x00000000d7f00000)
  object space 83456K, 0% used [0x0000000087c00000,0x0000000087c04000,0x000000008cd80000)
 Metaspace       used 15807K, capacity 16654K, committed 17024K, reserved 1062912K
  class space    used 2342K, capacity 2564K, committed 2688K, reserved 1048576K

Card table byte_map: [0x00007f356cc15000,0x00007f356cfd8000] byte_map_base: 0x00007f356c7d7000

Marking Bits: (ParMarkBitMap*) 0x00007f356f7a7280
 Begin Bits: [0x00007f35503e0000, 0x00007f35521f0000)
 End Bits:   [0x00007f35521f0000, 0x00007f3554000000)

Polling page: 0x00007f3570422000

CodeCache: size=245760Kb used=4955Kb max_used=4955Kb free=240804Kb
 bounds [0x00007f3559000000, 0x00007f35594e0000, 0x00007f3568000000]
 total_blobs=2236 nmethods=1610 adapters=539
 compilation: enabled

Compilation events (10 events):
Event: 3.695 Thread 0x00007f3568210000 nmethod 1602% 0x00007f35594d18d0 code [0x00007f35594d1b20, 0x00007f35594d2618]
Event: 3.696 Thread 0x00007f3568210000 1603       3       com.sun.javafx.iio.common.RoughScaler::putSourceScanline (261 bytes)
Event: 3.696 Thread 0x00007f3568210000 nmethod 1603 0x00007f35594d2cd0 code [0x00007f35594d2f20, 0x00007f35594d3958]
Event: 3.697 Thread 0x00007f3568210000 1604       3       com.sun.javafx.util.WeakReferenceQueue$ListEntry::<init> (17 bytes)
Event: 3.697 Thread 0x00007f3568210000 nmethod 1604 0x00007f35594d0b50 code [0x00007f35594d0cc0, 0x00007f35594d0ff0]
Event: 3.697 Thread 0x00007f3568210000 1606       3       java.util.AbstractCollection::addAll (42 bytes)
Event: 3.697 Thread 0x00007f3568210000 nmethod 1606 0x00007f35594d3f50 code [0x00007f35594d4100, 0x00007f35594d4658]
Event: 3.697 Thread 0x00007f3568210000 1609       1       javafx.scene.layout.Region::impl_notifyLayoutBoundsChanged (1 bytes)
Event: 3.697 Thread 0x00007f3568210000 nmethod 1609 0x00007f35594d0890 code [0x00007f35594d09e0, 0x00007f35594d0af0]
Event: 3.697 Thread 0x00007f3568210000 1605       3       javafx.scene.text.Text::getTextLayout (176 bytes)

GC Heap History (2 events):
Event: 0.656 GC heap before
{Heap before GC invocations=1 (full 0):
 PSYoungGen      total 36352K, used 31232K [0x00000000d7f00000, 0x00000000da780000, 0x0000000100000000)
  eden space 31232K, 100% used [0x00000000d7f00000,0x00000000d9d80000,0x00000000d9d80000)
  from space 5120K, 0% used [0x00000000da280000,0x00000000da280000,0x00000000da780000)
  to   space 5120K, 0% used [0x00000000d9d80000,0x00000000d9d80000,0x00000000da280000)
 ParOldGen       total 83456K, used 0K [0x0000000087c00000, 0x000000008cd80000, 0x00000000d7f00000)
  object space 83456K, 0% used [0x0000000087c00000,0x0000000087c00000,0x000000008cd80000)
 Metaspace       used 14619K, capacity 15250K, committed 15488K, reserved 1062912K
  class space    used 2182K, capacity 2354K, committed 2432K, reserved 1048576K
Event: 0.659 GC heap after
Heap after GC invocations=1 (full 0):
 PSYoungGen      total 36352K, used 4887K [0x00000000d7f00000, 0x00000000da780000, 0x0000000100000000)
  eden space 31232K, 0% used [0x00000000d7f00000,0x00000000d7f00000,0x00000000d9d80000)
  from space 5120K, 95% used [0x00000000d9d80000,0x00000000da245c08,0x00000000da280000)
  to   space 5120K, 0% used [0x00000000da280000,0x00000000da280000,0x00000000da780000)
 ParOldGen       total 83456K, used 16K [0x0000000087c00000, 0x000000008cd80000, 0x00000000d7f00000)
  object space 83456K, 0% used [0x0000000087c00000,0x0000000087c04000,0x000000008cd80000)
 Metaspace       used 14619K, capacity 15250K, committed 15488K, reserved 1062912K
  class space    used 2182K, capacity 2354K, committed 2432K, reserved 1048576K
}

Deoptimization events (10 events):
Event: 0.493 Thread 0x00007f35683e7800 Uncommon trap: reason=class_check action=maybe_recompile pc=0x00007f355911d020 method=java.lang.String.equals(Ljava/lang/Object;)Z @ 8
Event: 0.493 Thread 0x00007f35683e7800 Uncommon trap: reason=class_check action=maybe_recompile pc=0x00007f355911d020 method=java.lang.String.equals(Ljava/lang/Object;)Z @ 8
Event: 0.493 Thread 0x00007f35683e7800 Uncommon trap: reason=class_check action=maybe_recompile pc=0x00007f355911d020 method=java.lang.String.equals(Ljava/lang/Object;)Z @ 8
Event: 0.493 Thread 0x00007f35683e7800 Uncommon trap: reason=class_check action=maybe_recompile pc=0x00007f355911d020 method=java.lang.String.equals(Ljava/lang/Object;)Z @ 8
Event: 0.572 Thread 0x00007f35683e7800 Uncommon trap: reason=unstable_if action=reinterpret pc=0x00007f35592b3ec8 method=sun.net.www.ParseUtil.encodePath(Ljava/lang/String;Z)Ljava/lang/String; @ 109
Event: 0.617 Thread 0x00007f35683e7800 Uncommon trap: reason=unstable_if action=reinterpret pc=0x00007f35592e5824 method=jdk.internal.org.objectweb.asm.Type.getArgumentsAndReturnSizes(Ljava/lang/String;)I @ 47
Event: 2.625 Thread 0x00007f35683e7800 Uncommon trap: reason=unstable_if action=reinterpret pc=0x00007f35592431a0 method=java.lang.CharacterData.of(I)Ljava/lang/CharacterData; @ 4
Event: 3.575 Thread 0x00007f35683e7800 Uncommon trap: reason=unstable_if action=reinterpret pc=0x00007f35591cd450 method=java.lang.String.indexOf([CII[CIII)I @ 3
Event: 3.633 Thread 0x00007f35683e7800 Uncommon trap: reason=unstable_if action=reinterpret pc=0x00007f3559476354 method=tarkov.trader.client.LoginPrompt.awaitingAuthentication()Z @ 3
Event: 3.646 Thread 0x00007f35683e7800 Uncommon trap: reason=unstable_if action=reinterpret pc=0x00007f35593e63b8 method=java.lang.StrictMath.floorOrCeil(DDDD)D @ 38

Classes redefined (0 events):
No events

Internal exceptions (10 events):
Event: 0.099 Thread 0x00007f356800b000 Exception <a 'java/lang/NoSuchFieldError': method resolution failed> (0x00000000d8137a68) thrown at [/HUDSON/workspace/8-2-build-linux-amd64/jdk8u171/10807/hotspot/src/share/vm/prims/methodHandles.cpp, line 1167]
Event: 0.111 Thread 0x00007f356800b000 Exception <a 'java/security/PrivilegedActionException'> (0x00000000d81c1178) thrown at [/HUDSON/workspace/8-2-build-linux-amd64/jdk8u171/10807/hotspot/src/share/vm/prims/jvm.cpp, line 1435]
Event: 0.111 Thread 0x00007f356800b000 Exception <a 'java/security/PrivilegedActionException'> (0x00000000d81c1388) thrown at [/HUDSON/workspace/8-2-build-linux-amd64/jdk8u171/10807/hotspot/src/share/vm/prims/jvm.cpp, line 1435]
Event: 0.111 Thread 0x00007f356800b000 Exception <a 'java/security/PrivilegedActionException'> (0x00000000d81c37f0) thrown at [/HUDSON/workspace/8-2-build-linux-amd64/jdk8u171/10807/hotspot/src/share/vm/prims/jvm.cpp, line 1435]
Event: 0.111 Thread 0x00007f356800b000 Exception <a 'java/security/PrivilegedActionException'> (0x00000000d81c3a00) thrown at [/HUDSON/workspace/8-2-build-linux-amd64/jdk8u171/10807/hotspot/src/share/vm/prims/jvm.cpp, line 1435]
Event: 0.111 Thread 0x00007f356800b000 Exception <a 'java/lang/NullPointerException'> (0x00000000d81c3fd8) thrown at [/HUDSON/workspace/8-2-build-linux-amd64/jdk8u171/10807/hotspot/src/share/vm/interpreter/linkResolver.cpp, line 1185]
Event: 0.322 Thread 0x00007f35683e7800 Exception <a 'java/lang/NullPointerException'> (0x00000000d8cdd568) thrown at [/HUDSON/workspace/8-2-build-linux-amd64/jdk8u171/10807/hotspot/src/share/vm/interpreter/linkResolver.cpp, line 1185]
Event: 0.322 Thread 0x00007f35683e7800 Exception <a 'java/lang/NullPointerException'> (0x00000000d8cdd568) thrown at [/HUDSON/workspace/8-2-build-linux-amd64/jdk8u171/10807/hotspot/src/share/vm/prims/jvm.cpp, line 1439]
Event: 3.565 Thread 0x00007f35683e7800 Exception <a 'java/lang/NoSuchMethodError': <clinit>> (0x00000000d8135d28) thrown at [/HUDSON/workspace/8-2-build-linux-amd64/jdk8u171/10807/hotspot/src/share/vm/prims/jni.cpp, line 1613]
Event: 3.590 Thread 0x00007f35683e7800 Exception <a 'java/lang/NoSuchMethodError': <clinit>> (0x00000000d8165f88) thrown at [/HUDSON/workspace/8-2-build-linux-amd64/jdk8u171/10807/hotspot/src/share/vm/prims/jni.cpp, line 1613]

Events (10 events):
Event: 3.674 loading class javafx/scene/control/MenuButton
Event: 3.674 loading class javafx/scene/control/MenuButton done
Event: 3.677 loading class javafx/collections/FXCollections$UnmodifiableObservableSet$1
Event: 3.677 loading class javafx/collections/FXCollections$UnmodifiableObservableSet$1 done
Event: 3.681 loading class javafx/scene/layout/BorderStrokeStyle
Event: 3.681 loading class javafx/scene/layout/BorderStrokeStyle done
Event: 3.682 loading class com/sun/javafx/scene/layout/region/Margins
Event: 3.682 loading class com/sun/javafx/scene/layout/region/Margins done
Event: 3.682 loading class javafx/scene/layout/BorderStroke
Event: 3.682 loading class javafx/scene/layout/BorderStroke done


Dynamic libraries:
00400000-00401000 r-xp 00000000 103:02 9307016                           /usr/lib/jvm/java-8-oracle/jre/bin/java
00600000-00601000 rw-p 00000000 103:02 9307016                           /usr/lib/jvm/java-8-oracle/jre/bin/java
01459000-0147a000 rw-p 00000000 00:00 0                                  [heap]
87c00000-8cd80000 rw-p 00000000 00:00 0 
8cd80000-d7f00000 ---p 00000000 00:00 0 
d7f00000-da780000 rw-p 00000000 00:00 0 
da780000-100000000 ---p 00000000 00:00 0 
100000000-1002a0000 rw-p 00000000 00:00 0 
1002a0000-140000000 ---p 00000000 00:00 0 
7f34d8000000-7f34d8021000 rw-p 00000000 00:00 0 
7f34d8021000-7f34dc000000 ---p 00000000 00:00 0 
7f34e0000000-7f34e0021000 rw-p 00000000 00:00 0 
7f34e0021000-7f34e4000000 ---p 00000000 00:00 0 
7f34e4000000-7f34e4021000 rw-p 00000000 00:00 0 
7f34e4021000-7f34e8000000 ---p 00000000 00:00 0 
7f34e8c7f000-7f34e8e3f000 rw-s 10407d000 00:06 331                       /dev/dri/card0
7f34e8e3f000-7f34e8fff000 rw-s 00000000 00:19 1445                       /i915 (deleted)
7f34e8fff000-7f34ec000000 rw-p 00000000 00:00 0 
7f34ec000000-7f34ec637000 rw-p 00000000 00:00 0 
7f34ec637000-7f34f0000000 ---p 00000000 00:00 0 
7f34f0000000-7f34f0021000 rw-p 00000000 00:00 0 
7f34f0021000-7f34f4000000 ---p 00000000 00:00 0 
7f34f4000000-7f34f4021000 rw-p 00000000 00:00 0 
7f34f4021000-7f34f8000000 ---p 00000000 00:00 0 
7f34f80ef000-7f34f80ff000 rw-s 00000000 00:19 1499                       /i915 (deleted)
7f34f80ff000-7f34f810f000 rw-s 00000000 00:19 1450                       /i915 (deleted)
7f34f810f000-7f34f816f000 rw-s 00000000 00:05 130416642                  /SYSV00000000 (deleted)
7f34f816f000-7f34f836f000 rw-p 00000000 00:00 0 
7f34f836f000-7f34f841c000 r--p 00000000 103:02 10224347                  /usr/share/fonts/truetype/dejavu/DejaVuSans-Bold.ttf
7f34f841c000-7f34f841f000 ---p 00000000 00:00 0 
7f34f841f000-7f34f851d000 rw-p 00000000 00:00 0 
7f34f851d000-7f34f85d6000 r--p 00000000 103:02 10224348                  /usr/share/fonts/truetype/dejavu/DejaVuSans.ttf
7f34f85d6000-7f34f862b000 r--p 00000000 103:02 9307053                   /usr/lib/jvm/java-8-oracle/jre/lib/fonts/LucidaBrightRegular.ttf
7f34f862b000-7f34f862f000 r-xp 00000000 103:02 9441082                   /usr/lib/jvm/java-8-oracle/jre/lib/amd64/libjavafx_font_pango.so
7f34f862f000-7f34f882e000 ---p 00004000 103:02 9441082                   /usr/lib/jvm/java-8-oracle/jre/lib/amd64/libjavafx_font_pango.so
7f34f882e000-7f34f882f000 rw-p 00003000 103:02 9441082                   /usr/lib/jvm/java-8-oracle/jre/lib/amd64/libjavafx_font_pango.so
7f34f882f000-7f34f8a2f000 rw-p 00000000 00:00 0 
7f34f8a2f000-7f34f8a34000 r-xp 00000000 103:02 9441085                   /usr/lib/jvm/java-8-oracle/jre/lib/amd64/libjavafx_font_freetype.so
7f34f8a34000-7f34f8c33000 ---p 00005000 103:02 9441085                   /usr/lib/jvm/java-8-oracle/jre/lib/amd64/libjavafx_font_freetype.so
7f34f8c33000-7f34f8c34000 rw-p 00004000 103:02 9441085                   /usr/lib/jvm/java-8-oracle/jre/lib/amd64/libjavafx_font_freetype.so
7f34f8c34000-7f34f8e34000 rw-p 00000000 00:00 0 
7f34f8e34000-7f34f8e37000 ---p 00000000 00:00 0 
7f34f8e37000-7f34f8f35000 rw-p 00000000 00:00 0 
7f34f8f35000-7f34f8f38000 r-xp 00000000 103:02 9441133                   /usr/lib/jvm/java-8-oracle/jre/lib/amd64/libjavafx_font.so
7f34f8f38000-7f34f9137000 ---p 00003000 103:02 9441133                   /usr/lib/jvm/java-8-oracle/jre/lib/amd64/libjavafx_font.so
7f34f9137000-7f34f9138000 rw-p 00002000 103:02 9441133                   /usr/lib/jvm/java-8-oracle/jre/lib/amd64/libjavafx_font.so
7f34f9138000-7f34f914e000 r-xp 00000000 103:02 9441132                   /usr/lib/jvm/java-8-oracle/jre/lib/amd64/libnet.so
7f34f914e000-7f34f934e000 ---p 00016000 103:02 9441132                   /usr/lib/jvm/java-8-oracle/jre/lib/amd64/libnet.so
7f34f934e000-7f34f934f000 rw-p 00016000 103:02 9441132                   /usr/lib/jvm/java-8-oracle/jre/lib/amd64/libnet.so
7f34f934f000-7f34f9352000 ---p 00000000 00:00 0 
7f34f9352000-7f34f9450000 rw-p 00000000 00:00 0 
7f34f9450000-7f34f9453000 ---p 00000000 00:00 0 
7f34f9453000-7f34f9551000 rw-p 00000000 00:00 0 
7f34f9551000-7f34f9558000 r-xp 00000000 103:02 9183700                   /usr/lib/x86_64-linux-gnu/libogg.so.0.8.2
7f34f9558000-7f34f9758000 ---p 00007000 103:02 9183700                   /usr/lib/x86_64-linux-gnu/libogg.so.0.8.2
7f34f9758000-7f34f9759000 r--p 00007000 103:02 9183700                   /usr/lib/x86_64-linux-gnu/libogg.so.0.8.2
7f34f9759000-7f34f975a000 rw-p 00008000 103:02 9183700                   /usr/lib/x86_64-linux-gnu/libogg.so.0.8.2
7f34f975a000-7f34f9784000 r-xp 00000000 103:02 9184008                   /usr/lib/x86_64-linux-gnu/libvorbis.so.0.4.8
7f34f9784000-7f34f9983000 ---p 0002a000 103:02 9184008                   /usr/lib/x86_64-linux-gnu/libvorbis.so.0.4.8
7f34f9983000-7f34f9984000 r--p 00029000 103:02 9184008                   /usr/lib/x86_64-linux-gnu/libvorbis.so.0.4.8
7f34f9984000-7f34f9985000 rw-p 0002a000 103:02 9184008                   /usr/lib/x86_64-linux-gnu/libvorbis.so.0.4.8
7f34f9985000-7f34f998e000 r-xp 00000000 103:02 9183599                   /usr/lib/x86_64-linux-gnu/libltdl.so.7.3.1
7f34f998e000-7f34f9b8d000 ---p 00009000 103:02 9183599                   /usr/lib/x86_64-linux-gnu/libltdl.so.7.3.1
7f34f9b8d000-7f34f9b8e000 r--p 00008000 103:02 9183599                   /usr/lib/x86_64-linux-gnu/libltdl.so.7.3.1
7f34f9b8e000-7f34f9b8f000 rw-p 00009000 103:02 9183599                   /usr/lib/x86_64-linux-gnu/libltdl.so.7.3.1
7f34f9b8f000-7f34f9ba4000 r-xp 00000000 103:02 9183933                   /usr/lib/x86_64-linux-gnu/libtdb.so.1.3.15
7f34f9ba4000-7f34f9da3000 ---p 00015000 103:02 9183933                   /usr/lib/x86_64-linux-gnu/libtdb.so.1.3.15
7f34f9da3000-7f34f9da4000 r--p 00014000 103:02 9183933                   /usr/lib/x86_64-linux-gnu/libtdb.so.1.3.15
7f34f9da4000-7f34f9da5000 rw-p 00015000 103:02 9183933                   /usr/lib/x86_64-linux-gnu/libtdb.so.1.3.15
7f34f9da5000-7f34f9dac000 r-xp 00000000 103:02 9184012                   /usr/lib/x86_64-linux-gnu/libvorbisfile.so.3.3.7
7f34f9dac000-7f34f9fab000 ---p 00007000 103:02 9184012                   /usr/lib/x86_64-linux-gnu/libvorbisfile.so.3.3.7
7f34f9fab000-7f34f9fac000 r--p 00006000 103:02 9184012                   /usr/lib/x86_64-linux-gnu/libvorbisfile.so.3.3.7
7f34f9fac000-7f34f9fad000 rw-p 00007000 103:02 9184012                   /usr/lib/x86_64-linux-gnu/libvorbisfile.so.3.3.7
7f34f9fad000-7f34f9fbd000 r-xp 00000000 103:02 9183056                   /usr/lib/x86_64-linux-gnu/libcanberra.so.0.2.5
7f34f9fbd000-7f34fa1bd000 ---p 00010000 103:02 9183056                   /usr/lib/x86_64-linux-gnu/libcanberra.so.0.2.5
7f34fa1bd000-7f34fa1be000 r--p 00010000 103:02 9183056                   /usr/lib/x86_64-linux-gnu/libcanberra.so.0.2.5
7f34fa1be000-7f34fa1bf000 rw-p 00011000 103:02 9183056                   /usr/lib/x86_64-linux-gnu/libcanberra.so.0.2.5
7f34fa1bf000-7f34fa1c3000 r-xp 00000000 103:02 9186592                   /usr/lib/x86_64-linux-gnu/libcanberra-gtk.so.0.1.9
7f34fa1c3000-7f34fa3c2000 ---p 00004000 103:02 9186592                   /usr/lib/x86_64-linux-gnu/libcanberra-gtk.so.0.1.9
7f34fa3c2000-7f34fa3c3000 r--p 00003000 103:02 9186592                   /usr/lib/x86_64-linux-gnu/libcanberra-gtk.so.0.1.9
7f34fa3c3000-7f34fa3c4000 rw-p 00004000 103:02 9186592                   /usr/lib/x86_64-linux-gnu/libcanberra-gtk.so.0.1.9
7f34fa3c4000-7f34fa3c9000 r-xp 00000000 103:02 9441781                   /usr/lib/x86_64-linux-gnu/gtk-2.0/modules/libcanberra-gtk-module.so
7f34fa3c9000-7f34fa5c9000 ---p 00005000 103:02 9441781                   /usr/lib/x86_64-linux-gnu/gtk-2.0/modules/libcanberra-gtk-module.so
7f34fa5c9000-7f34fa5ca000 r--p 00005000 103:02 9441781                   /usr/lib/x86_64-linux-gnu/gtk-2.0/modules/libcanberra-gtk-module.so
7f34fa5ca000-7f34fa5cb000 rw-p 00006000 103:02 9441781                   /usr/lib/x86_64-linux-gnu/gtk-2.0/modules/libcanberra-gtk-module.so
7f34fa5cb000-7f34fa605000 r-xp 00000000 103:02 9440673                   /usr/lib/x86_64-linux-gnu/gtk-2.0/2.10.0/engines/libmurrine.so
7f34fa605000-7f34fa805000 ---p 0003a000 103:02 9440673                   /usr/lib/x86_64-linux-gnu/gtk-2.0/2.10.0/engines/libmurrine.so
7f34fa805000-7f34fa806000 r--p 0003a000 103:02 9440673                   /usr/lib/x86_64-linux-gnu/gtk-2.0/2.10.0/engines/libmurrine.so
7f34fa806000-7f34fa807000 rw-p 0003b000 103:02 9440673                   /usr/lib/x86_64-linux-gnu/gtk-2.0/2.10.0/engines/libmurrine.so
7f34fa807000-7f34fa830000 r-xp 00000000 103:02 9441107                   /usr/lib/jvm/java-8-oracle/jre/lib/amd64/libglass.so
7f34fa830000-7f34faa2f000 ---p 00029000 103:02 9441107                   /usr/lib/jvm/java-8-oracle/jre/lib/amd64/libglass.so
7f34faa2f000-7f34faa32000 rw-p 00028000 103:02 9441107                   /usr/lib/jvm/java-8-oracle/jre/lib/amd64/libglass.so
7f34faa32000-7f34faa3a000 r-xp 00000000 103:02 9183739                   /usr/lib/x86_64-linux-gnu/libpciaccess.so.0.11.1
7f34faa3a000-7f34fac39000 ---p 00008000 103:02 9183739                   /usr/lib/x86_64-linux-gnu/libpciaccess.so.0.11.1
7f34fac39000-7f34fac3a000 r--p 00007000 103:02 9183739                   /usr/lib/x86_64-linux-gnu/libpciaccess.so.0.11.1
7f34fac3a000-7f34fac3b000 rw-p 00008000 103:02 9183739                   /usr/lib/x86_64-linux-gnu/libpciaccess.so.0.11.1
7f34fac3b000-7f34fac46000 r-xp 00000000 103:02 9183173                   /usr/lib/x86_64-linux-gnu/libdrm_radeon.so.1.0.1
7f34fac46000-7f34fae45000 ---p 0000b000 103:02 9183173                   /usr/lib/x86_64-linux-gnu/libdrm_radeon.so.1.0.1
7f34fae45000-7f34fae46000 r--p 0000a000 103:02 9183173                   /usr/lib/x86_64-linux-gnu/libdrm_radeon.so.1.0.1
7f34fae46000-7f34fae47000 rw-p 0000b000 103:02 9183173                   /usr/lib/x86_64-linux-gnu/libdrm_radeon.so.1.0.1
7f34fae47000-7f34fae4e000 r-xp 00000000 103:02 9183171                   /usr/lib/x86_64-linux-gnu/libdrm_nouveau.so.2.0.0
7f34fae4e000-7f34fb04d000 ---p 00007000 103:02 9183171                   /usr/lib/x86_64-linux-gnu/libdrm_nouveau.so.2.0.0
7f34fb04d000-7f34fb04e000 r--p 00006000 103:02 9183171                   /usr/lib/x86_64-linux-gnu/libdrm_nouveau.so.2.0.0
7f34fb04e000-7f34fb04f000 rw-p 00007000 103:02 9183171                   /usr/lib/x86_64-linux-gnu/libdrm_nouveau.so.2.0.0
7f34fb04f000-7f34fb071000 r-xp 00000000 103:02 9183169                   /usr/lib/x86_64-linux-gnu/libdrm_intel.so.1.0.0
7f34fb071000-7f34fb270000 ---p 00022000 103:02 9183169                   /usr/lib/x86_64-linux-gnu/libdrm_intel.so.1.0.0
7f34fb270000-7f34fb271000 r--p 00021000 103:02 9183169                   /usr/lib/x86_64-linux-gnu/libdrm_intel.so.1.0.0
7f34fb271000-7f34fb272000 rw-p 00022000 103:02 9183169                   /usr/lib/x86_64-linux-gnu/libdrm_intel.so.1.0.0
7f34fb272000-7f34fbaf0000 r-xp 00000000 103:02 9439576                   /usr/lib/x86_64-linux-gnu/dri/i965_dri.so
7f34fbaf0000-7f34fbcef000 ---p 0087e000 103:02 9439576                   /usr/lib/x86_64-linux-gnu/dri/i965_dri.so
7f34fbcef000-7f34fbd3f000 r--p 0087d000 103:02 9439576                   /usr/lib/x86_64-linux-gnu/dri/i965_dri.so
7f34fbd3f000-7f34fbd4a000 rw-p 008cd000 103:02 9439576                   /usr/lib/x86_64-linux-gnu/dri/i965_dri.so
7f34fbd4a000-7f34fbdef000 rw-p 00000000 00:00 0 
7f34fbdef000-7f34fbdff000 r-xp 00000000 103:02 9183165                   /usr/lib/x86_64-linux-gnu/libdrm.so.2.4.0
7f34fbdff000-7f34fbffe000 ---p 00010000 103:02 9183165                   /usr/lib/x86_64-linux-gnu/libdrm.so.2.4.0
7f34fbffe000-7f34fbfff000 r--p 0000f000 103:02 9183165                   /usr/lib/x86_64-linux-gnu/libdrm.so.2.4.0
7f34fbfff000-7f34fc000000 rw-p 00010000 103:02 9183165                   /usr/lib/x86_64-linux-gnu/libdrm.so.2.4.0
7f34fc000000-7f34fde3c000 rw-p 00000000 00:00 0 
7f34fde3c000-7f3500000000 ---p 00000000 00:00 0 
7f3500003000-7f3500008000 r--s 0009d000 103:02 9307103                   /usr/lib/jvm/java-8-oracle/jre/lib/jsse.jar
7f3500008000-7f350000d000 rw-s 00000000 00:19 286                        /i915 (deleted)
7f350000d000-7f3500011000 rw-s 00000000 00:19 1449                       /i915 (deleted)
7f3500011000-7f3500021000 rw-s 00000000 00:19 1444                       /i915 (deleted)
7f3500021000-7f350006f000 r--p 00000000 103:02 9307054                   /usr/lib/jvm/java-8-oracle/jre/lib/fonts/LucidaSansDemiBold.ttf
7f350006f000-7f35000a9000 r--p 00000000 103:02 9307058                   /usr/lib/jvm/java-8-oracle/jre/lib/fonts/LucidaTypewriterBold.ttf
7f35000a9000-7f35000e5000 r--p 00000000 103:02 9307057                   /usr/lib/jvm/java-8-oracle/jre/lib/fonts/LucidaTypewriterRegular.ttf
7f35000e5000-7f35000e9000 r-xp 00000000 103:02 9184067                   /usr/lib/x86_64-linux-gnu/libxcb-dri2.so.0.0.0
7f35000e9000-7f35002e8000 ---p 00004000 103:02 9184067                   /usr/lib/x86_64-linux-gnu/libxcb-dri2.so.0.0.0
7f35002e8000-7f35002e9000 r--p 00003000 103:02 9184067                   /usr/lib/x86_64-linux-gnu/libxcb-dri2.so.0.0.0
7f35002e9000-7f35002ea000 rw-p 00004000 103:02 9184067                   /usr/lib/x86_64-linux-gnu/libxcb-dri2.so.0.0.0
7f35002ea000-7f3500302000 r-xp 00000000 103:02 9184071                   /usr/lib/x86_64-linux-gnu/libxcb-glx.so.0.0.0
7f3500302000-7f3500502000 ---p 00018000 103:02 9184071                   /usr/lib/x86_64-linux-gnu/libxcb-glx.so.0.0.0
7f3500502000-7f3500504000 r--p 00018000 103:02 9184071                   /usr/lib/x86_64-linux-gnu/libxcb-glx.so.0.0.0
7f3500504000-7f3500505000 rw-p 0001a000 103:02 9184071                   /usr/lib/x86_64-linux-gnu/libxcb-glx.so.0.0.0
7f3500505000-7f3500506000 r-xp 00000000 103:02 9182893                   /usr/lib/x86_64-linux-gnu/libX11-xcb.so.1.0.0
7f3500506000-7f3500705000 ---p 00001000 103:02 9182893                   /usr/lib/x86_64-linux-gnu/libX11-xcb.so.1.0.0
7f3500705000-7f3500706000 r--p 00000000 103:02 9182893                   /usr/lib/x86_64-linux-gnu/libX11-xcb.so.1.0.0
7f3500706000-7f3500707000 rw-p 00001000 103:02 9182893                   /usr/lib/x86_64-linux-gnu/libX11-xcb.so.1.0.0
7f3500707000-7f3500733000 r-xp 00000000 103:02 9183333                   /usr/lib/x86_64-linux-gnu/libglapi.so.0.0.0
7f3500733000-7f3500932000 ---p 0002c000 103:02 9183333                   /usr/lib/x86_64-linux-gnu/libglapi.so.0.0.0
7f3500932000-7f3500936000 r--p 0002b000 103:02 9183333                   /usr/lib/x86_64-linux-gnu/libglapi.so.0.0.0
7f3500936000-7f3500937000 rw-p 0002f000 103:02 9183333                   /usr/lib/x86_64-linux-gnu/libglapi.so.0.0.0
7f3500937000-7f3500938000 rw-p 00000000 00:00 0 
7f3500938000-7f3500939000 r-xp 00000000 103:02 9184119                   /usr/lib/x86_64-linux-gnu/libxshmfence.so.1.0.0
7f3500939000-7f3500b38000 ---p 00001000 103:02 9184119                   /usr/lib/x86_64-linux-gnu/libxshmfence.so.1.0.0
7f3500b38000-7f3500b39000 r--p 00000000 103:02 9184119                   /usr/lib/x86_64-linux-gnu/libxshmfence.so.1.0.0
7f3500b39000-7f3500b3a000 rw-p 00001000 103:02 9184119                   /usr/lib/x86_64-linux-gnu/libxshmfence.so.1.0.0
7f3500b3a000-7f3500b3f000 r-xp 00000000 103:02 9184093                   /usr/lib/x86_64-linux-gnu/libxcb-sync.so.1.0.0
7f3500b3f000-7f3500d3f000 ---p 00005000 103:02 9184093                   /usr/lib/x86_64-linux-gnu/libxcb-sync.so.1.0.0
7f3500d3f000-7f3500d40000 r--p 00005000 103:02 9184093                   /usr/lib/x86_64-linux-gnu/libxcb-sync.so.1.0.0
7f3500d40000-7f3500d41000 rw-p 00006000 103:02 9184093                   /usr/lib/x86_64-linux-gnu/libxcb-sync.so.1.0.0
7f3500d41000-7f3500d43000 r-xp 00000000 103:02 9184079                   /usr/lib/x86_64-linux-gnu/libxcb-present.so.0.0.0
7f3500d43000-7f3500f42000 ---p 00002000 103:02 9184079                   /usr/lib/x86_64-linux-gnu/libxcb-present.so.0.0.0
7f3500f42000-7f3500f43000 r--p 00001000 103:02 9184079                   /usr/lib/x86_64-linux-gnu/libxcb-present.so.0.0.0
7f3500f43000-7f3500f44000 rw-p 00002000 103:02 9184079                   /usr/lib/x86_64-linux-gnu/libxcb-present.so.0.0.0
7f3500f44000-7f3500f47000 r-xp 00000000 103:02 9184069                   /usr/lib/x86_64-linux-gnu/libxcb-dri3.so.0.0.0
7f3500f47000-7f3501146000 ---p 00003000 103:02 9184069                   /usr/lib/x86_64-linux-gnu/libxcb-dri3.so.0.0.0
7f3501146000-7f3501147000 r--p 00002000 103:02 9184069                   /usr/lib/x86_64-linux-gnu/libxcb-dri3.so.0.0.0
7f3501147000-7f3501148000 rw-p 00003000 103:02 9184069                   /usr/lib/x86_64-linux-gnu/libxcb-dri3.so.0.0.0
7f3501148000-7f35011b8000 r-xp 00000000 103:02 9182859                   /usr/lib/x86_64-linux-gnu/libGLX_mesa.so.0.0.0
7f35011b8000-7f35013b7000 ---p 00070000 103:02 9182859                   /usr/lib/x86_64-linux-gnu/libGLX_mesa.so.0.0.0
7f35013b7000-7f35013ba000 r--p 0006f000 103:02 9182859                   /usr/lib/x86_64-linux-gnu/libGLX_mesa.so.0.0.0
7f35013ba000-7f35013bb000 rw-p 00072000 103:02 9182859                   /usr/lib/x86_64-linux-gnu/libGLX_mesa.so.0.0.0
7f35013bb000-7f35013bc000 rw-p 00000000 00:00 0 
7f35013bc000-7f35013cf000 r-xp 00000000 103:02 266836                    /lib/x86_64-linux-gnu/libbsd.so.0.8.7
7f35013cf000-7f35015ce000 ---p 00013000 103:02 266836                    /lib/x86_64-linux-gnu/libbsd.so.0.8.7
7f35015ce000-7f35015cf000 r--p 00012000 103:02 266836                    /lib/x86_64-linux-gnu/libbsd.so.0.8.7
7f35015cf000-7f35015d0000 rw-p 00013000 103:02 266836                    /lib/x86_64-linux-gnu/libbsd.so.0.8.7
7f35015d0000-7f35015d1000 rw-p 00000000 00:00 0 
7f35015d1000-7f35015d7000 r-xp 00000000 103:02 262150                    /lib/x86_64-linux-gnu/libuuid.so.1.3.0
7f35015d7000-7f35017d6000 ---p 00006000 103:02 262150                    /lib/x86_64-linux-gnu/libuuid.so.1.3.0
7f35017d6000-7f35017d7000 r--p 00005000 103:02 262150                    /lib/x86_64-linux-gnu/libuuid.so.1.3.0
7f35017d7000-7f35017d8000 rw-p 00006000 103:02 262150                    /lib/x86_64-linux-gnu/libuuid.so.1.3.0
7f35017d8000-7f35017de000 r-xp 00000000 103:02 9183127                   /usr/lib/x86_64-linux-gnu/libdatrie.so.1.3.3
7f35017de000-7f35019dd000 ---p 00006000 103:02 9183127                   /usr/lib/x86_64-linux-gnu/libdatrie.so.1.3.3
7f35019dd000-7f35019de000 r--p 00005000 103:02 9183127                   /usr/lib/x86_64-linux-gnu/libdatrie.so.1.3.3
7f35019de000-7f35019df000 rw-p 00006000 103:02 9183127                   /usr/lib/x86_64-linux-gnu/libdatrie.so.1.3.3
7f35019df000-7f35019e4000 r-xp 00000000 103:02 9182910                   /usr/lib/x86_64-linux-gnu/libXdmcp.so.6.0.0
7f35019e4000-7f3501be3000 ---p 00005000 103:02 9182910                   /usr/lib/x86_64-linux-gnu/libXdmcp.so.6.0.0
7f3501be3000-7f3501be4000 r--p 00004000 103:02 9182910                   /usr/lib/x86_64-linux-gnu/libXdmcp.so.6.0.0
7f3501be4000-7f3501be5000 rw-p 00005000 103:02 9182910                   /usr/lib/x86_64-linux-gnu/libXdmcp.so.6.0.0
7f3501be5000-7f3501be7000 r-xp 00000000 103:02 9182899                   /usr/lib/x86_64-linux-gnu/libXau.so.6.0.0
7f3501be7000-7f3501de7000 ---p 00002000 103:02 9182899                   /usr/lib/x86_64-linux-gnu/libXau.so.6.0.0
7f3501de7000-7f3501de8000 r--p 00002000 103:02 9182899                   /usr/lib/x86_64-linux-gnu/libXau.so.6.0.0
7f3501de8000-7f3501de9000 rw-p 00003000 103:02 9182899                   /usr/lib/x86_64-linux-gnu/libXau.so.6.0.0
7f3501de9000-7f3501e14000 r-xp 00000000 103:02 9183384                   /usr/lib/x86_64-linux-gnu/libgraphite2.so.3.0.1
7f3501e14000-7f3502013000 ---p 0002b000 103:02 9183384                   /usr/lib/x86_64-linux-gnu/libgraphite2.so.3.0.1
7f3502013000-7f3502015000 r--p 0002a000 103:02 9183384                   /usr/lib/x86_64-linux-gnu/libgraphite2.so.3.0.1
7f3502015000-7f3502016000 rw-p 0002c000 103:02 9183384                   /usr/lib/x86_64-linux-gnu/libgraphite2.so.3.0.1
7f3502016000-7f350205d000 r-xp 00000000 103:02 262167                    /lib/x86_64-linux-gnu/libblkid.so.1.1.0
7f350205d000-7f350225d000 ---p 00047000 103:02 262167                    /lib/x86_64-linux-gnu/libblkid.so.1.1.0
7f350225d000-7f3502261000 r--p 00047000 103:02 262167                    /lib/x86_64-linux-gnu/libblkid.so.1.1.0
7f3502261000-7f3502262000 rw-p 0004b000 103:02 262167                    /lib/x86_64-linux-gnu/libblkid.so.1.1.0
7f3502262000-7f3502263000 rw-p 00000000 00:00 0 
7f3502263000-7f35022d1000 r-xp 00000000 103:02 9182861                   /usr/lib/x86_64-linux-gnu/libGLdispatch.so.0.0.0
7f35022d1000-7f35024d0000 ---p 0006e000 103:02 9182861                   /usr/lib/x86_64-linux-gnu/libGLdispatch.so.0.0.0
7f35024d0000-7f35024f8000 r--p 0006d000 103:02 9182861                   /usr/lib/x86_64-linux-gnu/libGLdispatch.so.0.0.0
7f35024f8000-7f35024f9000 rw-p 00095000 103:02 9182861                   /usr/lib/x86_64-linux-gnu/libGLdispatch.so.0.0.0
7f35024f9000-7f3502519000 rw-p 00000000 00:00 0 
7f3502519000-7f3502529000 r-xp 00000000 103:02 9182856                   /usr/lib/x86_64-linux-gnu/libGLX.so.0.0.0
7f3502529000-7f3502728000 ---p 00010000 103:02 9182856                   /usr/lib/x86_64-linux-gnu/libGLX.so.0.0.0
7f3502728000-7f3502729000 r--p 0000f000 103:02 9182856                   /usr/lib/x86_64-linux-gnu/libGLX.so.0.0.0
7f3502729000-7f350272a000 rw-p 00010000 103:02 9182856                   /usr/lib/x86_64-linux-gnu/libGLX.so.0.0.0
7f350272a000-7f350274a000 rw-p 00000000 00:00 0 
7f350274a000-7f35027ba000 r-xp 00000000 103:02 266962                    /lib/x86_64-linux-gnu/libpcre.so.3.13.3
7f35027ba000-7f35029ba000 ---p 00070000 103:02 266962                    /lib/x86_64-linux-gnu/libpcre.so.3.13.3
7f35029ba000-7f35029bb000 r--p 00070000 103:02 266962                    /lib/x86_64-linux-gnu/libpcre.so.3.13.3
7f35029bb000-7f35029bc000 rw-p 00071000 103:02 266962                    /lib/x86_64-linux-gnu/libpcre.so.3.13.3
7f35029bc000-7f35029c3000 r-xp 00000000 103:02 9183241                   /usr/lib/x86_64-linux-gnu/libffi.so.6.0.4
7f35029c3000-7f3502bc2000 ---p 00007000 103:02 9183241                   /usr/lib/x86_64-linux-gnu/libffi.so.6.0.4
7f3502bc2000-7f3502bc3000 r--p 00006000 103:02 9183241                   /usr/lib/x86_64-linux-gnu/libffi.so.6.0.4
7f3502bc3000-7f3502bc4000 rw-p 00007000 103:02 9183241                   /usr/lib/x86_64-linux-gnu/libffi.so.6.0.4
7f3502bc4000-7f3502bf3000 r-xp 00000000 103:02 266870                    /lib/x86_64-linux-gnu/libexpat.so.1.6.7
7f3502bf3000-7f3502df3000 ---p 0002f000 103:02 266870                    /lib/x86_64-linux-gnu/libexpat.so.1.6.7
7f3502df3000-7f3502df5000 r--p 0002f000 103:02 266870                    /lib/x86_64-linux-gnu/libexpat.so.1.6.7
7f3502df5000-7f3502df6000 rw-p 00031000 103:02 266870                    /lib/x86_64-linux-gnu/libexpat.so.1.6.7
7f3502df6000-7f3502dfe000 r-xp 00000000 103:02 9183941                   /usr/lib/x86_64-linux-gnu/libthai.so.0.3.0
7f3502dfe000-7f3502ffd000 ---p 00008000 103:02 9183941                   /usr/lib/x86_64-linux-gnu/libthai.so.0.3.0
7f3502ffd000-7f3502ffe000 r--p 00007000 103:02 9183941                   /usr/lib/x86_64-linux-gnu/libthai.so.0.3.0
7f3502ffe000-7f3502fff000 rw-p 00008000 103:02 9183941                   /usr/lib/x86_64-linux-gnu/libthai.so.0.3.0
7f3502fff000-7f350300b000 r-xp 00000000 103:02 9184085                   /usr/lib/x86_64-linux-gnu/libxcb-render.so.0.0.0
7f350300b000-7f350320a000 ---p 0000c000 103:02 9184085                   /usr/lib/x86_64-linux-gnu/libxcb-render.so.0.0.0
7f350320a000-7f350320b000 r--p 0000b000 103:02 9184085                   /usr/lib/x86_64-linux-gnu/libxcb-render.so.0.0.0
7f350320b000-7f350320c000 rw-p 0000c000 103:02 9184085                   /usr/lib/x86_64-linux-gnu/libxcb-render.so.0.0.0
7f350320c000-7f3503232000 r-xp 00000000 103:02 9184103                   /usr/lib/x86_64-linux-gnu/libxcb.so.1.1.0
7f3503232000-7f3503432000 ---p 00026000 103:02 9184103                   /usr/lib/x86_64-linux-gnu/libxcb.so.1.1.0
7f3503432000-7f3503433000 r--p 00026000 103:02 9184103                   /usr/lib/x86_64-linux-gnu/libxcb.so.1.1.0
7f3503433000-7f3503434000 rw-p 00027000 103:02 9184103                   /usr/lib/x86_64-linux-gnu/libxcb.so.1.1.0
7f3503434000-7f3503436000 r-xp 00000000 103:02 9184091                   /usr/lib/x86_64-linux-gnu/libxcb-shm.so.0.0.0
7f3503436000-7f3503635000 ---p 00002000 103:02 9184091                   /usr/lib/x86_64-linux-gnu/libxcb-shm.so.0.0.0
7f3503635000-7f3503636000 r--p 00001000 103:02 9184091                   /usr/lib/x86_64-linux-gnu/libxcb-shm.so.0.0.0
7f3503636000-7f3503637000 rw-p 00002000 103:02 9184091                   /usr/lib/x86_64-linux-gnu/libxcb-shm.so.0.0.0
7f3503637000-7f3503668000 r-xp 00000000 103:02 9183763                   /usr/lib/x86_64-linux-gnu/libpng16.so.16.34.0
7f3503668000-7f3503867000 ---p 00031000 103:02 9183763                   /usr/lib/x86_64-linux-gnu/libpng16.so.16.34.0
7f3503867000-7f3503868000 r--p 00030000 103:02 9183763                   /usr/lib/x86_64-linux-gnu/libpng16.so.16.34.0
7f3503868000-7f3503869000 rw-p 00031000 103:02 9183763                   /usr/lib/x86_64-linux-gnu/libpng16.so.16.34.0
7f3503869000-7f3503906000 r-xp 00000000 103:02 9183757                   /usr/lib/x86_64-linux-gnu/libpixman-1.so.0.34.0
7f3503906000-7f3503b05000 ---p 0009d000 103:02 9183757                   /usr/lib/x86_64-linux-gnu/libpixman-1.so.0.34.0
7f3503b05000-7f3503b0d000 r--p 0009c000 103:02 9183757                   /usr/lib/x86_64-linux-gnu/libpixman-1.so.0.34.0
7f3503b0d000-7f3503b0e000 rw-p 000a4000 103:02 9183757                   /usr/lib/x86_64-linux-gnu/libpixman-1.so.0.34.0
7f3503b0e000-7f3503baa000 r-xp 00000000 103:02 9183467                   /usr/lib/x86_64-linux-gnu/libharfbuzz.so.0.10702.0
7f3503baa000-7f3503daa000 ---p 0009c000 103:02 9183467                   /usr/lib/x86_64-linux-gnu/libharfbuzz.so.0.10702.0
7f3503daa000-7f3503dab000 r--p 0009c000 103:02 9183467                   /usr/lib/x86_64-linux-gnu/libharfbuzz.so.0.10702.0
7f3503dab000-7f3503dac000 rw-p 0009d000 103:02 9183467                   /usr/lib/x86_64-linux-gnu/libharfbuzz.so.0.10702.0
7f3503dac000-7f3503dfd000 r-xp 00000000 103:02 262229                    /lib/x86_64-linux-gnu/libmount.so.1.1.0
7f3503dfd000-7f3503ffc000 ---p 00051000 103:02 262229                    /lib/x86_64-linux-gnu/libmount.so.1.1.0
7f3503ffc000-7f3503ffe000 r--p 00050000 103:02 262229                    /lib/x86_64-linux-gnu/libmount.so.1.1.0
7f3503ffe000-7f3503fff000 rw-p 00052000 103:02 262229                    /lib/x86_64-linux-gnu/libmount.so.1.1.0
7f3503fff000-7f3504000000 rw-p 00000000 00:00 0 
7f3504000000-7f3504021000 rw-p 00000000 00:00 0 
7f3504021000-7f3508000000 ---p 00000000 00:00 0 
7f3508000000-7f3508021000 rw-p 00000000 00:00 0 
7f3508021000-7f350c000000 ---p 00000000 00:00 0 
7f350c000000-7f350c17c000 rw-p 00000000 00:00 0 
7f350c17c000-7f3510000000 ---p 00000000 00:00 0 
7f3510000000-7f35102b5000 rw-p 00000000 00:00 0 
7f35102b5000-7f3514000000 ---p 00000000 00:00 0 
7f3514000000-7f3514112000 rw-p 00000000 00:00 0 
7f3514112000-7f3518000000 ---p 00000000 00:00 0 
7f3518000000-7f35182ea000 rw-p 00000000 00:00 0 
7f35182ea000-7f351c000000 ---p 00000000 00:00 0 
7f351c000000-7f351c021000 rw-p 00000000 00:00 0 
7f351c021000-7f3520000000 ---p 00000000 00:00 0 
7f3520000000-7f3520021000 rw-p 00000000 00:00 0 
7f3520021000-7f3524000000 ---p 00000000 00:00 0 
7f3524000000-7f3524021000 rw-p 00000000 00:00 0 
7f3524021000-7f3528000000 ---p 00000000 00:00 0 
7f3528000000-7f3528021000 rw-p 00000000 00:00 0 
7f3528021000-7f352c000000 ---p 00000000 00:00 0 
7f352c000000-7f352c021000 rw-p 00000000 00:00 0 
7f352c021000-7f3530000000 ---p 00000000 00:00 0 
7f3530000000-7f3530013000 r--s 00345000 103:02 9307102                   /usr/lib/jvm/java-8-oracle/jre/lib/resources.jar
7f3530013000-7f3530026000 r--p 00000000 103:02 9307059                   /usr/lib/jvm/java-8-oracle/jre/lib/fonts/LucidaBrightDemiBold.ttf
7f3530026000-7f3530039000 r--p 00000000 103:02 9307056                   /usr/lib/jvm/java-8-oracle/jre/lib/fonts/LucidaBrightDemiItalic.ttf
7f3530039000-7f35300e4000 r--p 00000000 103:02 9307052                   /usr/lib/jvm/java-8-oracle/jre/lib/fonts/LucidaSansRegular.ttf
7f35300e4000-7f35300f8000 r--p 00000000 103:02 9307051                   /usr/lib/jvm/java-8-oracle/jre/lib/fonts/LucidaBrightItalic.ttf
7f35300f8000-7f35300fb000 ---p 00000000 00:00 0 
7f35300fb000-7f35301f9000 rw-p 00000000 00:00 0 
7f35301f9000-7f3530210000 r-xp 00000000 103:02 266979                    /lib/x86_64-linux-gnu/libresolv-2.27.so
7f3530210000-7f3530410000 ---p 00017000 103:02 266979                    /lib/x86_64-linux-gnu/libresolv-2.27.so
7f3530410000-7f3530411000 r--p 00017000 103:02 266979                    /lib/x86_64-linux-gnu/libresolv-2.27.so
7f3530411000-7f3530412000 rw-p 00018000 103:02 266979                    /lib/x86_64-linux-gnu/libresolv-2.27.so
7f3530412000-7f3530414000 rw-p 00000000 00:00 0 
7f3530414000-7f3530439000 r-xp 00000000 103:02 266985                    /lib/x86_64-linux-gnu/libselinux.so.1
7f3530439000-7f3530638000 ---p 00025000 103:02 266985                    /lib/x86_64-linux-gnu/libselinux.so.1
7f3530638000-7f3530639000 r--p 00024000 103:02 266985                    /lib/x86_64-linux-gnu/libselinux.so.1
7f3530639000-7f353063a000 rw-p 00025000 103:02 266985                    /lib/x86_64-linux-gnu/libselinux.so.1
7f353063a000-7f353063c000 rw-p 00000000 00:00 0 
7f353063c000-7f3530658000 r-xp 00000000 103:02 267012                    /lib/x86_64-linux-gnu/libz.so.1.2.11
7f3530658000-7f3530857000 ---p 0001c000 103:02 267012                    /lib/x86_64-linux-gnu/libz.so.1.2.11
7f3530857000-7f3530858000 r--p 0001b000 103:02 267012                    /lib/x86_64-linux-gnu/libz.so.1.2.11
7f3530858000-7f3530859000 rw-p 0001c000 103:02 267012                    /lib/x86_64-linux-gnu/libz.so.1.2.11
7f3530859000-7f353086a000 r-xp 00000000 103:02 9182912                   /usr/lib/x86_64-linux-gnu/libXext.so.6.4.0
7f353086a000-7f3530a69000 ---p 00011000 103:02 9182912                   /usr/lib/x86_64-linux-gnu/libXext.so.6.4.0
7f3530a69000-7f3530a6a000 r--p 00010000 103:02 9182912                   /usr/lib/x86_64-linux-gnu/libXext.so.6.4.0
7f3530a6a000-7f3530a6b000 rw-p 00011000 103:02 9182912                   /usr/lib/x86_64-linux-gnu/libXext.so.6.4.0
7f3530a6b000-7f3530a6d000 r-xp 00000000 103:02 9182908                   /usr/lib/x86_64-linux-gnu/libXdamage.so.1.1.0
7f3530a6d000-7f3530c6c000 ---p 00002000 103:02 9182908                   /usr/lib/x86_64-linux-gnu/libXdamage.so.1.1.0
7f3530c6c000-7f3530c6d000 r--p 00001000 103:02 9182908                   /usr/lib/x86_64-linux-gnu/libXdamage.so.1.1.0
7f3530c6d000-7f3530c6e000 rw-p 00002000 103:02 9182908                   /usr/lib/x86_64-linux-gnu/libXdamage.so.1.1.0
7f3530c6e000-7f3530c70000 r-xp 00000000 103:02 9182904                   /usr/lib/x86_64-linux-gnu/libXcomposite.so.1.0.0
7f3530c70000-7f3530e6f000 ---p 00002000 103:02 9182904                   /usr/lib/x86_64-linux-gnu/libXcomposite.so.1.0.0
7f3530e6f000-7f3530e70000 r--p 00001000 103:02 9182904                   /usr/lib/x86_64-linux-gnu/libXcomposite.so.1.0.0
7f3530e70000-7f3530e71000 rw-p 00002000 103:02 9182904                   /usr/lib/x86_64-linux-gnu/libXcomposite.so.1.0.0
7f3530e71000-7f3530e7a000 r-xp 00000000 103:02 9182906                   /usr/lib/x86_64-linux-gnu/libXcursor.so.1.0.2
7f3530e7a000-7f3531079000 ---p 00009000 103:02 9182906                   /usr/lib/x86_64-linux-gnu/libXcursor.so.1.0.2
7f3531079000-7f353107a000 r--p 00008000 103:02 9182906                   /usr/lib/x86_64-linux-gnu/libXcursor.so.1.0.2
7f353107a000-7f353107b000 rw-p 00009000 103:02 9182906                   /usr/lib/x86_64-linux-gnu/libXcursor.so.1.0.2
7f353107b000-7f3531085000 r-xp 00000000 103:02 9182930                   /usr/lib/x86_64-linux-gnu/libXrandr.so.2.2.0
7f3531085000-7f3531284000 ---p 0000a000 103:02 9182930                   /usr/lib/x86_64-linux-gnu/libXrandr.so.2.2.0
7f3531284000-7f3531285000 r--p 00009000 103:02 9182930                   /usr/lib/x86_64-linux-gnu/libXrandr.so.2.2.0
7f3531285000-7f3531286000 rw-p 0000a000 103:02 9182930                   /usr/lib/x86_64-linux-gnu/libXrandr.so.2.2.0
7f3531286000-7f3531295000 r-xp 00000000 103:02 9182920                   /usr/lib/x86_64-linux-gnu/libXi.so.6.1.0
7f3531295000-7f3531494000 ---p 0000f000 103:02 9182920                   /usr/lib/x86_64-linux-gnu/libXi.so.6.1.0
7f3531494000-7f3531495000 r--p 0000e000 103:02 9182920                   /usr/lib/x86_64-linux-gnu/libXi.so.6.1.0
7f3531495000-7f3531496000 rw-p 0000f000 103:02 9182920                   /usr/lib/x86_64-linux-gnu/libXi.so.6.1.0
7f3531496000-7f3531498000 r-xp 00000000 103:02 9182922                   /usr/lib/x86_64-linux-gnu/libXinerama.so.1.0.0
7f3531498000-7f3531697000 ---p 00002000 103:02 9182922                   /usr/lib/x86_64-linux-gnu/libXinerama.so.1.0.0
7f3531697000-7f3531698000 r--p 00001000 103:02 9182922                   /usr/lib/x86_64-linux-gnu/libXinerama.so.1.0.0
7f3531698000-7f3531699000 rw-p 00002000 103:02 9182922                   /usr/lib/x86_64-linux-gnu/libXinerama.so.1.0.0
7f3531699000-7f35316a2000 r-xp 00000000 103:02 9182932                   /usr/lib/x86_64-linux-gnu/libXrender.so.1.3.0
7f35316a2000-7f35318a1000 ---p 00009000 103:02 9182932                   /usr/lib/x86_64-linux-gnu/libXrender.so.1.3.0
7f35318a1000-7f35318a2000 r--p 00008000 103:02 9182932                   /usr/lib/x86_64-linux-gnu/libXrender.so.1.3.0
7f35318a2000-7f35318a3000 rw-p 00009000 103:02 9182932                   /usr/lib/x86_64-linux-gnu/libXrender.so.1.3.0
7f35318a3000-7f35318a8000 r-xp 00000000 103:02 9182914                   /usr/lib/x86_64-linux-gnu/libXfixes.so.3.1.0
7f35318a8000-7f3531aa7000 ---p 00005000 103:02 9182914                   /usr/lib/x86_64-linux-gnu/libXfixes.so.3.1.0
7f3531aa7000-7f3531aa8000 r--p 00004000 103:02 9182914                   /usr/lib/x86_64-linux-gnu/libXfixes.so.3.1.0
7f3531aa8000-7f3531aa9000 rw-p 00005000 103:02 9182914                   /usr/lib/x86_64-linux-gnu/libXfixes.so.3.1.0
7f3531aa9000-7f3531ac0000 r-xp 00000000 103:02 266877                    /lib/x86_64-linux-gnu/libgcc_s.so.1
7f3531ac0000-7f3531cbf000 ---p 00017000 103:02 266877                    /lib/x86_64-linux-gnu/libgcc_s.so.1
7f3531cbf000-7f3531cc0000 r--p 00016000 103:02 266877                    /lib/x86_64-linux-gnu/libgcc_s.so.1
7f3531cc0000-7f3531cc1000 rw-p 00017000 103:02 266877                    /lib/x86_64-linux-gnu/libgcc_s.so.1
7f3531cc1000-7f3531e3f000 r-xp 00000000 103:02 9183920                   /usr/lib/x86_64-linux-gnu/libstdc++.so.6.0.25
7f3531e3f000-7f353203f000 ---p 0017e000 103:02 9183920                   /usr/lib/x86_64-linux-gnu/libstdc++.so.6.0.25
7f353203f000-7f3532049000 r--p 0017e000 103:02 9183920                   /usr/lib/x86_64-linux-gnu/libstdc++.so.6.0.25
7f3532049000-7f353204b000 rw-p 00188000 103:02 9183920                   /usr/lib/x86_64-linux-gnu/libstdc++.so.6.0.25
7f353204b000-7f353204f000 rw-p 00000000 00:00 0 
7f353204f000-7f35320c0000 r-xp 00000000 103:02 9182850                   /usr/lib/x86_64-linux-gnu/libGL.so.1.0.0
7f35320c0000-7f35322bf000 ---p 00071000 103:02 9182850                   /usr/lib/x86_64-linux-gnu/libGL.so.1.0.0
7f35322bf000-7f35322d9000 r--p 00070000 103:02 9182850                   /usr/lib/x86_64-linux-gnu/libGL.so.1.0.0
7f35322d9000-7f35322da000 rw-p 0008a000 103:02 9182850                   /usr/lib/x86_64-linux-gnu/libGL.so.1.0.0
7f35322da000-7f35322db000 rw-p 00000000 00:00 0 
7f35322db000-7f35322e0000 r-xp 00000000 103:02 9182948                   /usr/lib/x86_64-linux-gnu/libXxf86vm.so.1.0.0
7f35322e0000-7f35324df000 ---p 00005000 103:02 9182948                   /usr/lib/x86_64-linux-gnu/libXxf86vm.so.1.0.0
7f35324df000-7f35324e0000 r--p 00004000 103:02 9182948                   /usr/lib/x86_64-linux-gnu/libXxf86vm.so.1.0.0
7f35324e0000-7f35324e1000 rw-p 00005000 103:02 9182948                   /usr/lib/x86_64-linux-gnu/libXxf86vm.so.1.0.0
7f35324e1000-7f3532615000 r-xp 00000000 103:02 9182895                   /usr/lib/x86_64-linux-gnu/libX11.so.6.3.0
7f3532615000-7f3532815000 ---p 00134000 103:02 9182895                   /usr/lib/x86_64-linux-gnu/libX11.so.6.3.0
7f3532815000-7f3532816000 r--p 00134000 103:02 9182895                   /usr/lib/x86_64-linux-gnu/libX11.so.6.3.0
7f3532816000-7f353281a000 rw-p 00135000 103:02 9182895                   /usr/lib/x86_64-linux-gnu/libX11.so.6.3.0
7f353281a000-7f353281f000 r-xp 00000000 103:02 9182938                   /usr/lib/x86_64-linux-gnu/libXtst.so.6.1.0
7f353281f000-7f3532a1e000 ---p 00005000 103:02 9182938                   /usr/lib/x86_64-linux-gnu/libXtst.so.6.1.0
7f3532a1e000-7f3532a1f000 r--p 00004000 103:02 9182938                   /usr/lib/x86_64-linux-gnu/libXtst.so.6.1.0
7f3532a1f000-7f3532a20000 rw-p 00005000 103:02 9182938                   /usr/lib/x86_64-linux-gnu/libXtst.so.6.1.0
7f3532a20000-7f3532b33000 r-xp 00000000 103:02 9183335                   /usr/lib/x86_64-linux-gnu/libglib-2.0.so.0.5600.1
7f3532b33000-7f3532d33000 ---p 00113000 103:02 9183335                   /usr/lib/x86_64-linux-gnu/libglib-2.0.so.0.5600.1
7f3532d33000-7f3532d34000 r--p 00113000 103:02 9183335                   /usr/lib/x86_64-linux-gnu/libglib-2.0.so.0.5600.1
7f3532d34000-7f3532d35000 rw-p 00114000 103:02 9183335                   /usr/lib/x86_64-linux-gnu/libglib-2.0.so.0.5600.1
7f3532d35000-7f3532d36000 rw-p 00000000 00:00 0 
7f3532d36000-7f3532d37000 r-xp 00000000 103:02 9183438                   /usr/lib/x86_64-linux-gnu/libgthread-2.0.so.0.5600.1
7f3532d37000-7f3532f36000 ---p 00001000 103:02 9183438                   /usr/lib/x86_64-linux-gnu/libgthread-2.0.so.0.5600.1
7f3532f36000-7f3532f37000 r--p 00000000 103:02 9183438                   /usr/lib/x86_64-linux-gnu/libgthread-2.0.so.0.5600.1
7f3532f37000-7f3532f38000 rw-p 00001000 103:02 9183438                   /usr/lib/x86_64-linux-gnu/libgthread-2.0.so.0.5600.1
7f3532f38000-7f3532f3b000 r-xp 00000000 103:02 9183339                   /usr/lib/x86_64-linux-gnu/libgmodule-2.0.so.0.5600.1
7f3532f3b000-7f353313a000 ---p 00003000 103:02 9183339                   /usr/lib/x86_64-linux-gnu/libgmodule-2.0.so.0.5600.1
7f353313a000-7f353313b000 r--p 00002000 103:02 9183339                   /usr/lib/x86_64-linux-gnu/libgmodule-2.0.so.0.5600.1
7f353313b000-7f353313c000 rw-p 00003000 103:02 9183339                   /usr/lib/x86_64-linux-gnu/libgmodule-2.0.so.0.5600.1
7f353313c000-7f353318e000 r-xp 00000000 103:02 9183363                   /usr/lib/x86_64-linux-gnu/libgobject-2.0.so.0.5600.1
7f353318e000-7f353338e000 ---p 00052000 103:02 9183363                   /usr/lib/x86_64-linux-gnu/libgobject-2.0.so.0.5600.1
7f353338e000-7f353338f000 r--p 00052000 103:02 9183363                   /usr/lib/x86_64-linux-gnu/libgobject-2.0.so.0.5600.1
7f353338f000-7f3533390000 rw-p 00053000 103:02 9183363                   /usr/lib/x86_64-linux-gnu/libgobject-2.0.so.0.5600.1
7f3533390000-7f35333ce000 r-xp 00000000 103:02 9183255                   /usr/lib/x86_64-linux-gnu/libfontconfig.so.1.10.1
7f35333ce000-7f35335ce000 ---p 0003e000 103:02 9183255                   /usr/lib/x86_64-linux-gnu/libfontconfig.so.1.10.1
7f35335ce000-7f35335d0000 r--p 0003e000 103:02 9183255                   /usr/lib/x86_64-linux-gnu/libfontconfig.so.1.10.1
7f35335d0000-7f35335d5000 rw-p 00040000 103:02 9183255                   /usr/lib/x86_64-linux-gnu/libfontconfig.so.1.10.1
7f35335d5000-7f3533682000 r-xp 00000000 103:02 9183273                   /usr/lib/x86_64-linux-gnu/libfreetype.so.6.15.0
7f3533682000-7f3533881000 ---p 000ad000 103:02 9183273                   /usr/lib/x86_64-linux-gnu/libfreetype.so.6.15.0
7f3533881000-7f3533888000 r--p 000ac000 103:02 9183273                   /usr/lib/x86_64-linux-gnu/libfreetype.so.6.15.0
7f3533888000-7f3533889000 rw-p 000b3000 103:02 9183273                   /usr/lib/x86_64-linux-gnu/libfreetype.so.6.15.0
7f3533889000-7f35338d3000 r-xp 00000000 103:02 9183725                   /usr/lib/x86_64-linux-gnu/libpango-1.0.so.0.4000.14
7f35338d3000-7f3533ad2000 ---p 0004a000 103:02 9183725                   /usr/lib/x86_64-linux-gnu/libpango-1.0.so.0.4000.14
7f3533ad2000-7f3533ad5000 r--p 00049000 103:02 9183725                   /usr/lib/x86_64-linux-gnu/libpango-1.0.so.0.4000.14
7f3533ad5000-7f3533ad6000 rw-p 0004c000 103:02 9183725                   /usr/lib/x86_64-linux-gnu/libpango-1.0.so.0.4000.14
7f3533ad6000-7f3533bee000 r-xp 00000000 103:02 9183050                   /usr/lib/x86_64-linux-gnu/libcairo.so.2.11510.0
7f3533bee000-7f3533ded000 ---p 00118000 103:02 9183050                   /usr/lib/x86_64-linux-gnu/libcairo.so.2.11510.0
7f3533ded000-7f3533df0000 r--p 00117000 103:02 9183050                   /usr/lib/x86_64-linux-gnu/libcairo.so.2.11510.0
7f3533df0000-7f3533df2000 rw-p 0011a000 103:02 9183050                   /usr/lib/x86_64-linux-gnu/libcairo.so.2.11510.0
7f3533df2000-7f3533df3000 rw-p 00000000 00:00 0 
7f3533df3000-7f3533dff000 r-xp 00000000 103:02 9183727                   /usr/lib/x86_64-linux-gnu/libpangocairo-1.0.so.0.4000.14
7f3533dff000-7f3533ffe000 ---p 0000c000 103:02 9183727                   /usr/lib/x86_64-linux-gnu/libpangocairo-1.0.so.0.4000.14
7f3533ffe000-7f3533fff000 r--p 0000b000 103:02 9183727                   /usr/lib/x86_64-linux-gnu/libpangocairo-1.0.so.0.4000.14
7f3533fff000-7f3534000000 rw-p 0000c000 103:02 9183727                   /usr/lib/x86_64-linux-gnu/libpangocairo-1.0.so.0.4000.14
7f3534000000-7f3534021000 rw-p 00000000 00:00 0 
7f3534021000-7f3538000000 ---p 00000000 00:00 0 
7f3538003000-7f353800f000 rw-s 00000000 00:19 1351                       /i915 (deleted)
7f353800f000-7f3538012000 ---p 00000000 00:00 0 
7f3538012000-7f3538110000 rw-p 00000000 00:00 0 
7f3538110000-7f3538132000 r-xp 00000000 103:02 9183311                   /usr/lib/x86_64-linux-gnu/libgdk_pixbuf-2.0.so.0.3611.0
7f3538132000-7f3538332000 ---p 00022000 103:02 9183311                   /usr/lib/x86_64-linux-gnu/libgdk_pixbuf-2.0.so.0.3611.0
7f3538332000-7f3538333000 r--p 00022000 103:02 9183311                   /usr/lib/x86_64-linux-gnu/libgdk_pixbuf-2.0.so.0.3611.0
7f3538333000-7f3538334000 rw-p 00023000 103:02 9183311                   /usr/lib/x86_64-linux-gnu/libgdk_pixbuf-2.0.so.0.3611.0
7f3538334000-7f3538348000 r-xp 00000000 103:02 9183729                   /usr/lib/x86_64-linux-gnu/libpangoft2-1.0.so.0.4000.14
7f3538348000-7f3538548000 ---p 00014000 103:02 9183729                   /usr/lib/x86_64-linux-gnu/libpangoft2-1.0.so.0.4000.14
7f3538548000-7f3538549000 r--p 00014000 103:02 9183729                   /usr/lib/x86_64-linux-gnu/libpangoft2-1.0.so.0.4000.14
7f3538549000-7f353854a000 rw-p 00015000 103:02 9183729                   /usr/lib/x86_64-linux-gnu/libpangoft2-1.0.so.0.4000.14
7f353854a000-7f35386de000 r-xp 00000000 103:02 9183329                   /usr/lib/x86_64-linux-gnu/libgio-2.0.so.0.5600.1
7f35386de000-7f35388de000 ---p 00194000 103:02 9183329                   /usr/lib/x86_64-linux-gnu/libgio-2.0.so.0.5600.1
7f35388de000-7f35388e5000 r--p 00194000 103:02 9183329                   /usr/lib/x86_64-linux-gnu/libgio-2.0.so.0.5600.1
7f35388e5000-7f35388e6000 rw-p 0019b000 103:02 9183329                   /usr/lib/x86_64-linux-gnu/libgio-2.0.so.0.5600.1
7f35388e6000-7f35388e8000 rw-p 00000000 00:00 0 
7f35388e8000-7f353890a000 r-xp 00000000 103:02 9182985                   /usr/lib/x86_64-linux-gnu/libatk-1.0.so.0.22810.1
7f353890a000-7f3538b0a000 ---p 00022000 103:02 9182985                   /usr/lib/x86_64-linux-gnu/libatk-1.0.so.0.22810.1
7f3538b0a000-7f3538b0d000 r--p 00022000 103:02 9182985                   /usr/lib/x86_64-linux-gnu/libatk-1.0.so.0.22810.1
7f3538b0d000-7f3538b0e000 rw-p 00025000 103:02 9182985                   /usr/lib/x86_64-linux-gnu/libatk-1.0.so.0.22810.1
7f3538b0e000-7f3538bbe000 r-xp 00000000 103:02 9183309                   /usr/lib/x86_64-linux-gnu/libgdk-x11-2.0.so.0.2400.32
7f3538bbe000-7f3538dbd000 ---p 000b0000 103:02 9183309                   /usr/lib/x86_64-linux-gnu/libgdk-x11-2.0.so.0.2400.32
7f3538dbd000-7f3538dc1000 r--p 000af000 103:02 9183309                   /usr/lib/x86_64-linux-gnu/libgdk-x11-2.0.so.0.2400.32
7f3538dc1000-7f3538dc3000 rw-p 000b3000 103:02 9183309                   /usr/lib/x86_64-linux-gnu/libgdk-x11-2.0.so.0.2400.32
7f3538dc3000-7f35391f8000 r-xp 00000000 103:02 9183442                   /usr/lib/x86_64-linux-gnu/libgtk-x11-2.0.so.0.2400.32
7f35391f8000-7f35393f7000 ---p 00435000 103:02 9183442                   /usr/lib/x86_64-linux-gnu/libgtk-x11-2.0.so.0.2400.32
7f35393f7000-7f35393fe000 r--p 00434000 103:02 9183442                   /usr/lib/x86_64-linux-gnu/libgtk-x11-2.0.so.0.2400.32
7f35393fe000-7f3539402000 rw-p 0043b000 103:02 9183442                   /usr/lib/x86_64-linux-gnu/libgtk-x11-2.0.so.0.2400.32
7f3539402000-7f3539405000 rw-p 00000000 00:00 0 
7f3539405000-7f3539411000 r-xp 00000000 103:02 9441136                   /usr/lib/jvm/java-8-oracle/jre/lib/amd64/libprism_es2.so
7f3539411000-7f3539610000 ---p 0000c000 103:02 9441136                   /usr/lib/jvm/java-8-oracle/jre/lib/amd64/libprism_es2.so
7f3539610000-7f3539611000 rw-p 0000b000 103:02 9441136                   /usr/lib/jvm/java-8-oracle/jre/lib/amd64/libprism_es2.so
7f3539611000-7f3539614000 ---p 00000000 00:00 0 
7f3539614000-7f3539712000 rw-p 00000000 00:00 0 
7f3539712000-7f3539713000 ---p 00000000 00:00 0 
7f3539713000-7f3539813000 rw-p 00000000 00:00 0 
7f3539813000-7f3539816000 ---p 00000000 00:00 0 
7f3539816000-7f3539914000 rw-p 00000000 00:00 0 
7f3539914000-7f3539915000 ---p 00000000 00:00 0 
7f3539915000-7f3539918000 ---p 00000000 00:00 0 
7f3539918000-7f3539a15000 rw-p 00000000 00:00 0 
7f3539a15000-7f3539a16000 ---p 00000000 00:00 0 
7f3539a16000-7f3539a19000 ---p 00000000 00:00 0 
7f3539a19000-7f3539b16000 rw-p 00000000 00:00 0 
7f3539b16000-7f3539b17000 ---p 00000000 00:00 0 
7f3539b17000-7f3539b1a000 ---p 00000000 00:00 0 
7f3539b1a000-7f3539c17000 rw-p 00000000 00:00 0 
7f3539c17000-7f3539c18000 ---p 00000000 00:00 0 
7f3539c18000-7f3539c1b000 ---p 00000000 00:00 0 
7f3539c1b000-7f3539d18000 rw-p 00000000 00:00 0 
7f3539d18000-7f3539d1b000 ---p 00000000 00:00 0 
7f3539d1b000-7f3539e19000 rw-p 00000000 00:00 0 
7f3539e19000-7f353a7e8000 r--p 00000000 103:02 9181819                   /usr/lib/locale/locale-archive
7f353a7e8000-7f353a7eb000 ---p 00000000 00:00 0 
7f353a7eb000-7f353a8e9000 rw-p 00000000 00:00 0 
7f353a8e9000-7f353a8ec000 ---p 00000000 00:00 0 
7f353a8ec000-7f353a9ea000 rw-p 00000000 00:00 0 
7f353a9ea000-7f353a9eb000 ---p 00000000 00:00 0 
7f353a9eb000-7f353c000000 rw-p 00000000 00:00 0 
7f353c000000-7f353c021000 rw-p 00000000 00:00 0 
7f353c021000-7f3540000000 ---p 00000000 00:00 0 
7f3540000000-7f3540021000 rw-p 00000000 00:00 0 
7f3540021000-7f3544000000 ---p 00000000 00:00 0 
7f3544000000-7f3544021000 rw-p 00000000 00:00 0 
7f3544021000-7f3548000000 ---p 00000000 00:00 0 
7f3548000000-7f3548021000 rw-p 00000000 00:00 0 
7f3548021000-7f354c000000 ---p 00000000 00:00 0 
7f354c000000-7f354c021000 rw-p 00000000 00:00 0 
7f354c021000-7f3550000000 ---p 00000000 00:00 0 
7f3550003000-7f3550008000 rw-s 00000000 00:19 1448                       /i915 (deleted)
7f3550008000-7f355000d000 r--s 00084000 103:02 9307039                   /usr/lib/jvm/java-8-oracle/jre/lib/jfr.jar
7f355000d000-7f3550018000 r--s 00000000 103:02 15335732                  /var/cache/fontconfig/945677eb7aeaf62f1d50efc3fb3ec7d8-le64.cache-7
7f3550018000-7f355001d000 r--s 00000000 103:02 15335703                  /var/cache/fontconfig/2300eef321c393bfd76478a5c0e95b23-le64.cache-7
7f355001d000-7f355001e000 r--s 00000000 103:02 15335696                  /var/cache/fontconfig/0d8c3b2ac0904cb8a57a757ad11a4a08-le64.cache-7
7f355001e000-7f3550022000 r--s 00000000 103:02 15341872                  /var/cache/fontconfig/de156ccd2eddbdc19d37a45b8b2aac9c-le64.cache-7
7f3550022000-7f3550037000 r--s 00000000 103:02 15335692                  /var/cache/fontconfig/04aabc0a78ac019cf9454389977116d2-le64.cache-7
7f3550037000-7f3550038000 r--s 00000000 103:02 15335700                  /var/cache/fontconfig/1ac9eb803944fde146138c791f5cc56a-le64.cache-7
7f3550038000-7f3550039000 r--s 00000000 103:02 15335751                  /var/cache/fontconfig/dc05db6664285cc2f12bf69c139ae4c3-le64.cache-7
7f3550039000-7f355003b000 r--s 00000000 103:02 15335697                  /var/cache/fontconfig/14a5e22175779b556eaa434240950366-le64.cache-7
7f355003b000-7f355003c000 r--s 00000000 103:02 15335724                  /var/cache/fontconfig/660208299946a285a940457d1287da33-le64.cache-7
7f355003c000-7f355003e000 r--s 00000000 103:02 15335715                  /var/cache/fontconfig/4f3e3037c9980c83b53a9351efadef62-le64.cache-7
7f355003e000-7f3550040000 r--s 00000000 103:02 15335729                  /var/cache/fontconfig/767a8244fc0220cfb567a839d0392e0b-le64.cache-7
7f3550040000-7f3550041000 r--s 00000000 103:02 15335710                  /var/cache/fontconfig/4794a0821666d79190d59a36cb4f44b5-le64.cache-7
7f3550041000-7f3550043000 r--s 00000000 103:02 15335694                  /var/cache/fontconfig/0bd3dc0958fa2205aaaa8ebb13e2872b-le64.cache-7
7f3550043000-7f3550048000 r--s 00000000 103:02 15335752                  /var/cache/fontconfig/def309198bfa603429122923fa2bb2d4-le64.cache-7
7f3550048000-7f35500dd000 r--s 0110b000 103:02 9439507                   /usr/lib/jvm/java-8-oracle/jre/lib/ext/jfxrt.jar
7f35500dd000-7f3554000000 rw-p 00000000 00:00 0 
7f3554000000-7f3554021000 rw-p 00000000 00:00 0 
7f3554021000-7f3558000000 ---p 00000000 00:00 0 
7f3558000000-7f3558001000 r--s 00000000 103:02 15335740                  /var/cache/fontconfig/b872e6e592da6075ffa4ab0a1fcc0c75-le64.cache-7
7f3558001000-7f3558002000 r--s 00000000 103:02 15335757                  /var/cache/fontconfig/f6d4eedfaab2589bde49f7a3ff831d22-le64.cache-7
7f3558002000-7f3558003000 r--s 00000000 103:02 15335722                  /var/cache/fontconfig/589f83ef4c36d296ce6e1c846f468f08-le64.cache-7
7f3558003000-7f3558004000 r--s 00000000 103:02 15335742                  /var/cache/fontconfig/bab58bb527bb656aaa9f116d68a48d89-le64.cache-7
7f3558004000-7f3558005000 r--s 00000000 103:02 15335701                  /var/cache/fontconfig/2171a34dccabdb6bcbbc728186263178-le64.cache-7
7f3558005000-7f3558006000 r--s 00000000 103:02 15335743                  /var/cache/fontconfig/c5c45a61289222e0d30b1a26ef4effbe-le64.cache-7
7f3558006000-7f3558007000 r--s 00000000 103:02 15335738                  /var/cache/fontconfig/aec30016f93e1b46d1a973dce0d74068-le64.cache-7
7f3558007000-7f3558008000 r--s 00000000 103:02 15335708                  /var/cache/fontconfig/3f589640d34b7dc9042c8d453f7c8b9c-le64.cache-7
7f3558008000-7f3558009000 r--s 00000000 103:02 15335698                  /var/cache/fontconfig/16c2fda60d1b4b719f4b3d06fd951d25-le64.cache-7
7f3558009000-7f355800a000 r--s 00000000 103:02 15335737                  /var/cache/fontconfig/a48eab177a16e4f3713381162db2f3e9-le64.cache-7
7f355800a000-7f355800b000 r--s 00000000 103:02 15335718                  /var/cache/fontconfig/564b2e68ac9bc4e36a6f7f6d6125ec1c-le64.cache-7
7f355800b000-7f3558010000 r--s 00000000 103:02 15335735                  /var/cache/fontconfig/9d2451b1fd30e5bffe8383fd27c35478-le64.cache-7
7f3558010000-7f3558016000 r--s 00000000 103:02 15335704                  /var/cache/fontconfig/3047814df9a2f067bd2d96a2b9c36e5a-le64.cache-7
7f3558016000-7f3558017000 r--s 00000000 103:02 15335719                  /var/cache/fontconfig/56cf4f4769d0f4abc89a4895d7bd3ae1-le64.cache-7
7f3558017000-7f3558018000 r--s 00000000 103:02 15335741                  /var/cache/fontconfig/b9d506c9ac06c20b433354fa67a72993-le64.cache-7
7f3558018000-7f355801e000 r--s 00000000 103:02 15335739                  /var/cache/fontconfig/b47c4e1ecd0709278f4910c18777a504-le64.cache-7
7f355801e000-7f3558031000 r--s 00000000 103:02 15335748                  /var/cache/fontconfig/d52a8644073d54c13679302ca1180695-le64.cache-7
7f3558031000-7f3558032000 r--s 00000000 103:02 15335706                  /var/cache/fontconfig/370e5b74bf5dafc30834de68e24a87a4-le64.cache-7
7f3558032000-7f3558033000 r--s 00000000 103:02 15335717                  /var/cache/fontconfig/6b2c5944714ca7831b25bed9e85cb5c8-le64.cache-7
7f3558033000-7f3558034000 r--s 00000000 103:02 15335747                  /var/cache/fontconfig/d5178ab6d91b49bf20a416737dcea9e8-le64.cache-7
7f3558034000-7f3558035000 r--s 00000000 103:02 15335756                  /var/cache/fontconfig/551ecf3b0e8b0bca0f25c0944f561853-le64.cache-7
7f3558035000-7f3558038000 r--s 00000000 103:02 15335725                  /var/cache/fontconfig/f259c2cffa685e28062317905db73c4a-le64.cache-7
7f3558038000-7f355803a000 r--s 00000000 103:02 15337524                  /var/cache/fontconfig/550f3886151c940c12a5ed35f6a00586-le64.cache-7
7f355803a000-7f3558046000 r--s 00000000 103:02 15340041                  /var/cache/fontconfig/d589a48862398ed80a3d6066f4f56f4c-le64.cache-7
7f3558046000-7f3558054000 r--s 00000000 103:02 15335734                  /var/cache/fontconfig/9b89f8e3dae116d678bbf48e5f21f69b-le64.cache-7
7f3558054000-7f3558062000 r--s 00000000 103:02 15336063                  /var/cache/fontconfig/e13b20fdb08344e0e664864cc2ede53d-le64.cache-7
7f3558062000-7f3558264000 rw-p 00000000 00:00 0 
7f3558264000-7f355843e000 r--s 03d68000 103:02 9307075                   /usr/lib/jvm/java-8-oracle/jre/lib/rt.jar
7f355843e000-7f3559000000 rw-p 00000000 00:00 0 
7f3559000000-7f35594e0000 rwxp 00000000 00:00 0 
7f35594e0000-7f3568000000 ---p 00000000 00:00 0 
7f3568000000-7f35685a2000 rw-p 00000000 00:00 0 
7f35685a2000-7f356c000000 ---p 00000000 00:00 0 
7f356c000000-7f356c003000 r--s 00000000 103:02 15337525                  /var/cache/fontconfig/674d1711f2d1d2a09646eb0bdcadee49-le64.cache-7
7f356c003000-7f356c004000 r--s 00000000 103:02 15335709                  /var/cache/fontconfig/3f7329c5293ffd510edef78f73874cfd-le64.cache-7
7f356c004000-7f356c005000 r--s 00000000 103:02 15335695                  /var/cache/fontconfig/0c9eb80ebd1c36541ebe2852d3bb0c49-le64.cache-7
7f356c005000-7f356c006000 r--s 00000000 103:02 15335702                  /var/cache/fontconfig/22368d551a680bfe5a62c02760edf4ea-le64.cache-7
7f356c006000-7f356c007000 r--s 00000000 103:02 15335714                  /var/cache/fontconfig/4d9c95eba1cb85bbcf2878543262124a-le64.cache-7
7f356c007000-7f356c008000 r--s 00000000 103:02 15335731                  /var/cache/fontconfig/85e0a52ce643a7ba2ae53e5d6949cead-le64.cache-7
7f356c008000-7f356c009000 r--s 00000000 103:02 15335711                  /var/cache/fontconfig/49f0de54bdd920fe4f0dfd4cbac43e6b-le64.cache-7
7f356c009000-7f356c00a000 r--s 00000000 103:02 15335758                  /var/cache/fontconfig/f6e6e0a5c3d2f6ae0c0c2e0ecd42a997-le64.cache-7
7f356c00a000-7f356c00b000 r--s 00000000 103:02 15335712                  /var/cache/fontconfig/4b2eda6bb976bda485cb2176619421d5-le64.cache-7
7f356c00b000-7f356c010000 rw-s 00000000 00:19 1349                       /i915 (deleted)
7f356c010000-7f356c014000 rw-s 00000000 00:19 1334                       /i915 (deleted)
7f356c014000-7f356c18b000 rw-p 00000000 00:00 0 
7f356c18b000-7f356c18c000 ---p 00000000 00:00 0 
7f356c18c000-7f356c28c000 rw-p 00000000 00:00 0 
7f356c28c000-7f356c28d000 ---p 00000000 00:00 0 
7f356c28d000-7f356c38d000 rw-p 00000000 00:00 0 
7f356c38d000-7f356c38e000 ---p 00000000 00:00 0 
7f356c38e000-7f356c48e000 rw-p 00000000 00:00 0 
7f356c48e000-7f356c48f000 ---p 00000000 00:00 0 
7f356c48f000-7f356c58f000 rw-p 00000000 00:00 0 
7f356c58f000-7f356c590000 ---p 00000000 00:00 0 
7f356c590000-7f356c690000 rw-p 00000000 00:00 0 
7f356c690000-7f356c691000 ---p 00000000 00:00 0 
7f356c691000-7f356c791000 rw-p 00000000 00:00 0 
7f356c791000-7f356c792000 ---p 00000000 00:00 0 
7f356c792000-7f356c892000 rw-p 00000000 00:00 0 
7f356c892000-7f356c893000 ---p 00000000 00:00 0 
7f356c893000-7f356c9bc000 rw-p 00000000 00:00 0 
7f356c9bc000-7f356cc15000 ---p 00000000 00:00 0 
7f356cc15000-7f356cc3e000 rw-p 00000000 00:00 0 
7f356cc3e000-7f356ce96000 ---p 00000000 00:00 0 
7f356ce96000-7f356ceab000 rw-p 00000000 00:00 0 
7f356ceab000-7f356cfd7000 ---p 00000000 00:00 0 
7f356cfd7000-7f356cfec000 rw-p 00000000 00:00 0 
7f356cfec000-7f356d398000 ---p 00000000 00:00 0 
7f356d398000-7f356d3b3000 r-xp 00000000 103:02 9441128                   /usr/lib/jvm/java-8-oracle/jre/lib/amd64/libzip.so
7f356d3b3000-7f356d5b3000 ---p 0001b000 103:02 9441128                   /usr/lib/jvm/java-8-oracle/jre/lib/amd64/libzip.so
7f356d5b3000-7f356d5b4000 rw-p 0001b000 103:02 9441128                   /usr/lib/jvm/java-8-oracle/jre/lib/amd64/libzip.so
7f356d5b4000-7f356d5bf000 r-xp 00000000 103:02 266930                    /lib/x86_64-linux-gnu/libnss_files-2.27.so
7f356d5bf000-7f356d7be000 ---p 0000b000 103:02 266930                    /lib/x86_64-linux-gnu/libnss_files-2.27.so
7f356d7be000-7f356d7bf000 r--p 0000a000 103:02 266930                    /lib/x86_64-linux-gnu/libnss_files-2.27.so
7f356d7bf000-7f356d7c0000 rw-p 0000b000 103:02 266930                    /lib/x86_64-linux-gnu/libnss_files-2.27.so
7f356d7c0000-7f356d7c6000 rw-p 00000000 00:00 0 
7f356d7c6000-7f356d7dd000 r-xp 00000000 103:02 266924                    /lib/x86_64-linux-gnu/libnsl-2.27.so
7f356d7dd000-7f356d9dc000 ---p 00017000 103:02 266924                    /lib/x86_64-linux-gnu/libnsl-2.27.so
7f356d9dc000-7f356d9dd000 r--p 00016000 103:02 266924                    /lib/x86_64-linux-gnu/libnsl-2.27.so
7f356d9dd000-7f356d9de000 rw-p 00017000 103:02 266924                    /lib/x86_64-linux-gnu/libnsl-2.27.so
7f356d9de000-7f356d9e0000 rw-p 00000000 00:00 0 
7f356d9e0000-7f356d9eb000 r-xp 00000000 103:02 266941                    /lib/x86_64-linux-gnu/libnss_nis-2.27.so
7f356d9eb000-7f356dbea000 ---p 0000b000 103:02 266941                    /lib/x86_64-linux-gnu/libnss_nis-2.27.so
7f356dbea000-7f356dbeb000 r--p 0000a000 103:02 266941                    /lib/x86_64-linux-gnu/libnss_nis-2.27.so
7f356dbeb000-7f356dbec000 rw-p 0000b000 103:02 266941                    /lib/x86_64-linux-gnu/libnss_nis-2.27.so
7f356dbec000-7f356dbf4000 r-xp 00000000 103:02 266926                    /lib/x86_64-linux-gnu/libnss_compat-2.27.so
7f356dbf4000-7f356ddf4000 ---p 00008000 103:02 266926                    /lib/x86_64-linux-gnu/libnss_compat-2.27.so
7f356ddf4000-7f356ddf5000 r--p 00008000 103:02 266926                    /lib/x86_64-linux-gnu/libnss_compat-2.27.so
7f356ddf5000-7f356ddf6000 rw-p 00009000 103:02 266926                    /lib/x86_64-linux-gnu/libnss_compat-2.27.so
7f356ddf6000-7f356de21000 r-xp 00000000 103:02 9441122                   /usr/lib/jvm/java-8-oracle/jre/lib/amd64/libjava.so
7f356de21000-7f356e020000 ---p 0002b000 103:02 9441122                   /usr/lib/jvm/java-8-oracle/jre/lib/amd64/libjava.so
7f356e020000-7f356e022000 rw-p 0002a000 103:02 9441122                   /usr/lib/jvm/java-8-oracle/jre/lib/amd64/libjava.so
7f356e022000-7f356e02f000 r-xp 00000000 103:02 9441127                   /usr/lib/jvm/java-8-oracle/jre/lib/amd64/libverify.so
7f356e02f000-7f356e22f000 ---p 0000d000 103:02 9441127                   /usr/lib/jvm/java-8-oracle/jre/lib/amd64/libverify.so
7f356e22f000-7f356e231000 rw-p 0000d000 103:02 9441127                   /usr/lib/jvm/java-8-oracle/jre/lib/amd64/libverify.so
7f356e231000-7f356e238000 r-xp 00000000 103:02 266981                    /lib/x86_64-linux-gnu/librt-2.27.so
7f356e238000-7f356e437000 ---p 00007000 103:02 266981                    /lib/x86_64-linux-gnu/librt-2.27.so
7f356e437000-7f356e438000 r--p 00006000 103:02 266981                    /lib/x86_64-linux-gnu/librt-2.27.so
7f356e438000-7f356e439000 rw-p 00007000 103:02 266981                    /lib/x86_64-linux-gnu/librt-2.27.so
7f356e439000-7f356e5d6000 r-xp 00000000 103:02 266903                    /lib/x86_64-linux-gnu/libm-2.27.so
7f356e5d6000-7f356e7d5000 ---p 0019d000 103:02 266903                    /lib/x86_64-linux-gnu/libm-2.27.so
7f356e7d5000-7f356e7d6000 r--p 0019c000 103:02 266903                    /lib/x86_64-linux-gnu/libm-2.27.so
7f356e7d6000-7f356e7d7000 rw-p 0019d000 103:02 266903                    /lib/x86_64-linux-gnu/libm-2.27.so
7f356e7d7000-7f356f4b0000 r-xp 00000000 103:02 9441104                   /usr/lib/jvm/java-8-oracle/jre/lib/amd64/server/libjvm.so
7f356f4b0000-7f356f6af000 ---p 00cd9000 103:02 9441104                   /usr/lib/jvm/java-8-oracle/jre/lib/amd64/server/libjvm.so
7f356f6af000-7f356f789000 rw-p 00cd8000 103:02 9441104                   /usr/lib/jvm/java-8-oracle/jre/lib/amd64/server/libjvm.so
7f356f789000-7f356f7d4000 rw-p 00000000 00:00 0 
7f356f7d4000-7f356f9bb000 r-xp 00000000 103:02 266840                    /lib/x86_64-linux-gnu/libc-2.27.so
7f356f9bb000-7f356fbbb000 ---p 001e7000 103:02 266840                    /lib/x86_64-linux-gnu/libc-2.27.so
7f356fbbb000-7f356fbbf000 r--p 001e7000 103:02 266840                    /lib/x86_64-linux-gnu/libc-2.27.so
7f356fbbf000-7f356fbc1000 rw-p 001eb000 103:02 266840                    /lib/x86_64-linux-gnu/libc-2.27.so
7f356fbc1000-7f356fbc5000 rw-p 00000000 00:00 0 
7f356fbc5000-7f356fbc8000 r-xp 00000000 103:02 266863                    /lib/x86_64-linux-gnu/libdl-2.27.so
7f356fbc8000-7f356fdc7000 ---p 00003000 103:02 266863                    /lib/x86_64-linux-gnu/libdl-2.27.so
7f356fdc7000-7f356fdc8000 r--p 00002000 103:02 266863                    /lib/x86_64-linux-gnu/libdl-2.27.so
7f356fdc8000-7f356fdc9000 rw-p 00003000 103:02 266863                    /lib/x86_64-linux-gnu/libdl-2.27.so
7f356fdc9000-7f356fddf000 r-xp 00000000 103:02 9441099                   /usr/lib/jvm/java-8-oracle/jre/lib/amd64/jli/libjli.so
7f356fddf000-7f356ffde000 ---p 00016000 103:02 9441099                   /usr/lib/jvm/java-8-oracle/jre/lib/amd64/jli/libjli.so
7f356ffde000-7f356ffdf000 rw-p 00015000 103:02 9441099                   /usr/lib/jvm/java-8-oracle/jre/lib/amd64/jli/libjli.so
7f356ffdf000-7f356fff9000 r-xp 00000000 103:02 266973                    /lib/x86_64-linux-gnu/libpthread-2.27.so
7f356fff9000-7f35701f8000 ---p 0001a000 103:02 266973                    /lib/x86_64-linux-gnu/libpthread-2.27.so
7f35701f8000-7f35701f9000 r--p 00019000 103:02 266973                    /lib/x86_64-linux-gnu/libpthread-2.27.so
7f35701f9000-7f35701fa000 rw-p 0001a000 103:02 266973                    /lib/x86_64-linux-gnu/libpthread-2.27.so
7f35701fa000-7f35701fe000 rw-p 00000000 00:00 0 
7f35701fe000-7f3570225000 r-xp 00000000 103:02 266812                    /lib/x86_64-linux-gnu/ld-2.27.so
7f3570225000-7f3570227000 r--s 00000000 103:02 15335726                  /var/cache/fontconfig/6afa1bb216ce958c1589e297e8008489-le64.cache-7
7f3570227000-7f357022b000 rw-s 00000000 00:19 1332                       /i915 (deleted)
7f357022b000-7f3570230000 rw-s 00000000 00:19 1331                       /i915 (deleted)
7f3570230000-7f3570235000 rw-s 00000000 00:19 1324                       /i915 (deleted)
7f3570235000-7f3570239000 rw-s 00000000 00:19 1310                       /i915 (deleted)
7f3570239000-7f3570309000 rw-p 00000000 00:00 0 
7f3570309000-7f357030a000 ---p 00000000 00:00 0 
7f357030a000-7f357030d000 ---p 00000000 00:00 0 
7f357030d000-7f357040c000 rw-p 00000000 00:00 0 
7f357040d000-7f357040e000 rwxp 00000000 00:00 0 
7f357040e000-7f3570412000 rw-s 00000000 00:19 1307                       /i915 (deleted)
7f3570412000-7f3570417000 rw-s 00000000 00:19 1306                       /i915 (deleted)
7f3570417000-7f3570419000 r--s 00016000 103:02 14027545                  /home/austin/OneDrive/Documents/Netbeans Projects/TarkovTraderGit/TarkovTraderClient/dist/run396527052/TarkovTrader.jar
7f3570419000-7f3570421000 rw-s 00000000 103:02 13238346                  /tmp/hsperfdata_austin/5514
7f3570421000-7f3570422000 rw-p 00000000 00:00 0 
7f3570422000-7f3570423000 r--p 00000000 00:00 0 
7f3570423000-7f3570425000 rw-p 00000000 00:00 0 
7f3570425000-7f3570426000 r--p 00027000 103:02 266812                    /lib/x86_64-linux-gnu/ld-2.27.so
7f3570426000-7f3570427000 rw-p 00028000 103:02 266812                    /lib/x86_64-linux-gnu/ld-2.27.so
7f3570427000-7f3570428000 rw-p 00000000 00:00 0 
7fff8fcae000-7fff8fccf000 rw-p 00000000 00:00 0                          [stack]
7fff8fce6000-7fff8fce9000 r--p 00000000 00:00 0                          [vvar]
7fff8fce9000-7fff8fceb000 r-xp 00000000 00:00 0                          [vdso]
ffffffffff600000-ffffffffff601000 r-xp 00000000 00:00 0                  [vsyscall]

VM Arguments:
jvm_args: -Dfile.encoding=UTF-8 
java_command: /home/austin/OneDrive/Documents/Netbeans Projects/TarkovTraderGit/TarkovTraderClient/dist/run396527052/TarkovTrader.jar
java_class_path (initial): /home/austin/OneDrive/Documents/Netbeans Projects/TarkovTraderGit/TarkovTraderClient/dist/run396527052/TarkovTrader.jar
Launcher Type: SUN_STANDARD

Environment Variables:
JAVA_HOME=/usr/lib/jvm/java-8-oracle
PATH=/usr/local/sbin:/usr/local/bin:/usr/sbin:/usr/bin:/sbin:/bin:/usr/games:/usr/local/games:/snap/bin:/usr/lib/jvm/java-8-oracle/bin:/usr/lib/jvm/java-8-oracle/db/bin:/usr/lib/jvm/java-8-oracle/jre/bin
USERNAME=austin
LD_LIBRARY_PATH=/usr/lib/jvm/java-8-oracle/jre/lib/amd64:/usr/lib/jvm/java-8-oracle/jre/lib/i386:
SHELL=/bin/bash
DISPLAY=:0

Signal Handlers:
SIGSEGV: [libjvm.so+0xad0890], sa_mask[0]=11111111011111111101111111111110, sa_flags=SA_RESTART|SA_SIGINFO
SIGBUS: [libjvm.so+0xad0890], sa_mask[0]=11111111011111111101111111111110, sa_flags=SA_RESTART|SA_SIGINFO
SIGFPE: [libjvm.so+0x928640], sa_mask[0]=11111111011111111101111111111110, sa_flags=SA_RESTART|SA_SIGINFO
SIGPIPE: SIG_IGN, sa_mask[0]=00000000000010000000000000000000, sa_flags=SA_RESTART
SIGXFSZ: [libjvm.so+0x928640], sa_mask[0]=11111111011111111101111111111110, sa_flags=SA_RESTART|SA_SIGINFO
SIGILL: [libjvm.so+0x928640], sa_mask[0]=11111111011111111101111111111110, sa_flags=SA_RESTART|SA_SIGINFO
SIGUSR1: SIG_DFL, sa_mask[0]=00000000000000000000000000000000, sa_flags=none
SIGUSR2: [libjvm.so+0x929ea0], sa_mask[0]=00100000000000000000000000000000, sa_flags=SA_RESTART|SA_SIGINFO
SIGHUP: [libjvm.so+0x92b2a0], sa_mask[0]=11111111011111111101111111111110, sa_flags=SA_RESTART|SA_SIGINFO
SIGINT: SIG_IGN, sa_mask[0]=00000000000000000000000000000000, sa_flags=none
SIGTERM: [libjvm.so+0x92b2a0], sa_mask[0]=11111111011111111101111111111110, sa_flags=SA_RESTART|SA_SIGINFO
SIGQUIT: [libjvm.so+0x92b2a0], sa_mask[0]=11111111011111111101111111111110, sa_flags=SA_RESTART|SA_SIGINFO


---------------  S Y S T E M  ---------------

OS:DISTRIB_ID=Ubuntu
DISTRIB_RELEASE=18.04
DISTRIB_CODENAME=bionic
DISTRIB_DESCRIPTION="Ubuntu 18.04 LTS"

uname:Linux 4.15.0-23-generic #25-Ubuntu SMP Wed May 23 18:02:16 UTC 2018 x86_64
libc:glibc 2.27 NPTL 2.27 
rlimit: STACK 8192k, CORE 0k, NPROC 30365, NOFILE 1048576, AS infinity
load average:0.53 0.68 0.58

/proc/meminfo:
MemTotal:        7877392 kB
MemFree:         2440668 kB
MemAvailable:    4280464 kB
Buffers:          155152 kB
Cached:          1650824 kB
SwapCached:            0 kB
Active:          3289892 kB
Inactive:        1785916 kB
Active(anon):    2688624 kB
Inactive(anon):   395244 kB
Active(file):     601268 kB
Inactive(file):  1390672 kB
Unevictable:          48 kB
Mlocked:              48 kB
SwapTotal:       2097148 kB
SwapFree:        2097148 kB
Dirty:               224 kB
Writeback:             0 kB
AnonPages:       3270204 kB
Mapped:           453020 kB
Shmem:            396352 kB
Slab:             213764 kB
SReclaimable:     152604 kB
SUnreclaim:        61160 kB
KernelStack:       12720 kB
PageTables:        42064 kB
NFS_Unstable:          0 kB
Bounce:                0 kB
WritebackTmp:          0 kB
CommitLimit:     6035844 kB
Committed_AS:    8027812 kB
VmallocTotal:   34359738367 kB
VmallocUsed:           0 kB
VmallocChunk:          0 kB
HardwareCorrupted:     0 kB
AnonHugePages:         0 kB
ShmemHugePages:        0 kB
ShmemPmdMapped:        0 kB
CmaTotal:              0 kB
CmaFree:               0 kB
HugePages_Total:       0
HugePages_Free:        0
HugePages_Rsvd:        0
HugePages_Surp:        0
Hugepagesize:       2048 kB
DirectMap4k:      170864 kB
DirectMap2M:     4780032 kB
DirectMap1G:     3145728 kB


CPU:total 8 (initial active 8) (4 cores per cpu, 2 threads per core) family 6 model 142 stepping 10, cmov, cx8, fxsr, mmx, sse, sse2, sse3, ssse3, sse4.1, sse4.2, popcnt, avx, avx2, aes, clmul, erms, 3dnowpref, lzcnt, ht, tsc, tscinvbit, bmi1, bmi2, adx

/proc/cpuinfo:
processor	: 0
vendor_id	: GenuineIntel
cpu family	: 6
model		: 142
model name	: Intel(R) Core(TM) i7-8550U CPU @ 1.80GHz
stepping	: 10
microcode	: 0x84
cpu MHz		: 2899.991
cache size	: 8192 KB
physical id	: 0
siblings	: 8
core id		: 0
cpu cores	: 4
apicid		: 0
initial apicid	: 0
fpu		: yes
fpu_exception	: yes
cpuid level	: 22
wp		: yes
flags		: fpu vme de pse tsc msr pae mce cx8 apic sep mtrr pge mca cmov pat pse36 clflush dts acpi mmx fxsr sse sse2 ss ht tm pbe syscall nx pdpe1gb rdtscp lm constant_tsc art arch_perfmon pebs bts rep_good nopl xtopology nonstop_tsc cpuid aperfmperf tsc_known_freq pni pclmulqdq dtes64 monitor ds_cpl vmx est tm2 ssse3 sdbg fma cx16 xtpr pdcm pcid sse4_1 sse4_2 x2apic movbe popcnt tsc_deadline_timer aes xsave avx f16c rdrand lahf_lm abm 3dnowprefetch cpuid_fault epb invpcid_single pti ibrs ibpb stibp tpr_shadow vnmi flexpriority ept vpid fsgsbase tsc_adjust bmi1 avx2 smep bmi2 erms invpcid mpx rdseed adx smap clflushopt intel_pt xsaveopt xsavec xgetbv1 xsaves dtherm ida arat pln pts hwp hwp_notify hwp_act_window hwp_epp
bugs		: cpu_meltdown spectre_v1 spectre_v2 spec_store_bypass
bogomips	: 3984.00
clflush size	: 64
cache_alignment	: 64
address sizes	: 39 bits physical, 48 bits virtual
power management:

processor	: 1
vendor_id	: GenuineIntel
cpu family	: 6
model		: 142
model name	: Intel(R) Core(TM) i7-8550U CPU @ 1.80GHz
stepping	: 10
microcode	: 0x84
cpu MHz		: 2899.983
cache size	: 8192 KB
physical id	: 0
siblings	: 8
core id		: 1
cpu cores	: 4
apicid		: 2
initial apicid	: 2
fpu		: yes
fpu_exception	: yes
cpuid level	: 22
wp		: yes
flags		: fpu vme de pse tsc msr pae mce cx8 apic sep mtrr pge mca cmov pat pse36 clflush dts acpi mmx fxsr sse sse2 ss ht tm pbe syscall nx pdpe1gb rdtscp lm constant_tsc art arch_perfmon pebs bts rep_good nopl xtopology nonstop_tsc cpuid aperfmperf tsc_known_freq pni pclmulqdq dtes64 monitor ds_cpl vmx est tm2 ssse3 sdbg fma cx16 xtpr pdcm pcid sse4_1 sse4_2 x2apic movbe popcnt tsc_deadline_timer aes xsave avx f16c rdrand lahf_lm abm 3dnowprefetch cpuid_fault epb invpcid_single pti ibrs ibpb stibp tpr_shadow vnmi flexpriority ept vpid fsgsbase tsc_adjust bmi1 avx2 smep bmi2 erms invpcid mpx rdseed adx smap clflushopt intel_pt xsaveopt xsavec xgetbv1 xsaves dtherm ida arat pln pts hwp hwp_notify hwp_act_window hwp_epp
bugs		: cpu_meltdown spectre_v1 spectre_v2 spec_store_bypass
bogomips	: 3984.00
clflush size	: 64
cache_alignment	: 64
address sizes	: 39 bits physical, 48 bits virtual
power management:

processor	: 2
vendor_id	: GenuineIntel
cpu family	: 6
model		: 142
model name	: Intel(R) Core(TM) i7-8550U CPU @ 1.80GHz
stepping	: 10
microcode	: 0x84
cpu MHz		: 2900.000
cache size	: 8192 KB
physical id	: 0
siblings	: 8
core id		: 2
cpu cores	: 4
apicid		: 4
initial apicid	: 4
fpu		: yes
fpu_exception	: yes
cpuid level	: 22
wp		: yes
flags		: fpu vme de pse tsc msr pae mce cx8 apic sep mtrr pge mca cmov pat pse36 clflush dts acpi mmx fxsr sse sse2 ss ht tm pbe syscall nx pdpe1gb rdtscp lm constant_tsc art arch_perfmon pebs bts rep_good nopl xtopology nonstop_tsc cpuid aperfmperf tsc_known_freq pni pclmulqdq dtes64 monitor ds_cpl vmx est tm2 ssse3 sdbg fma cx16 xtpr pdcm pcid sse4_1 sse4_2 x2apic movbe popcnt tsc_deadline_timer aes xsave avx f16c rdrand lahf_lm abm 3dnowprefetch cpuid_fault epb invpcid_single pti ibrs ibpb stibp tpr_shadow vnmi flexpriority ept vpid fsgsbase tsc_adjust bmi1 avx2 smep bmi2 erms invpcid mpx rdseed adx smap clflushopt intel_pt xsaveopt xsavec xgetbv1 xsaves dtherm ida arat pln pts hwp hwp_notify hwp_act_window hwp_epp
bugs		: cpu_meltdown spectre_v1 spectre_v2 spec_store_bypass
bogomips	: 3984.00
clflush size	: 64
cache_alignment	: 64
address sizes	: 39 bits physical, 48 bits virtual
power management:

processor	: 3
vendor_id	: GenuineIntel
cpu family	: 6
model		: 142
model name	: Intel(R) Core(TM) i7-8550U CPU @ 1.80GHz
stepping	: 10
microcode	: 0x84
cpu MHz		: 2900.039
cache size	: 8192 KB
physical id	: 0
siblings	: 8
core id		: 3
cpu cores	: 4
apicid		: 6
initial apicid	: 6
fpu		: yes
fpu_exception	: yes
cpuid level	: 22
wp		: yes
flags		: fpu vme de pse tsc msr pae mce cx8 apic sep mtrr pge mca cmov pat pse36 clflush dts acpi mmx fxsr sse sse2 ss ht tm pbe syscall nx pdpe1gb rdtscp lm constant_tsc art arch_perfmon pebs bts rep_good nopl xtopology nonstop_tsc cpuid aperfmperf tsc_known_freq pni pclmulqdq dtes64 monitor ds_cpl vmx est tm2 ssse3 sdbg fma cx16 xtpr pdcm pcid sse4_1 sse4_2 x2apic movbe popcnt tsc_deadline_timer aes xsave avx f16c rdrand lahf_lm abm 3dnowprefetch cpuid_fault epb invpcid_single pti ibrs ibpb stibp tpr_shadow vnmi flexpriority ept vpid fsgsbase tsc_adjust bmi1 avx2 smep bmi2 erms invpcid mpx rdseed adx smap clflushopt intel_pt xsaveopt xsavec xgetbv1 xsaves dtherm ida arat pln pts hwp hwp_notify hwp_act_window hwp_epp
bugs		: cpu_meltdown spectre_v1 spectre_v2 spec_store_bypass
bogomips	: 3984.00
clflush size	: 64
cache_alignment	: 64
address sizes	: 39 bits physical, 48 bits virtual
power management:

processor	: 4
vendor_id	: GenuineIntel
cpu family	: 6
model		: 142
model name	: Intel(R) Core(TM) i7-8550U CPU @ 1.80GHz
stepping	: 10
microcode	: 0x84
cpu MHz		: 2899.975
cache size	: 8192 KB
physical id	: 0
siblings	: 8
core id		: 0
cpu cores	: 4
apicid		: 1
initial apicid	: 1
fpu		: yes
fpu_exception	: yes
cpuid level	: 22
wp		: yes
flags		: fpu vme de pse tsc msr pae mce cx8 apic sep mtrr pge mca cmov pat pse36 clflush dts acpi mmx fxsr sse sse2 ss ht tm pbe syscall nx pdpe1gb rdtscp lm constant_tsc art arch_perfmon pebs bts rep_good nopl xtopology nonstop_tsc cpuid aperfmperf tsc_known_freq pni pclmulqdq dtes64 monitor ds_cpl vmx est tm2 ssse3 sdbg fma cx16 xtpr pdcm pcid sse4_1 sse4_2 x2apic movbe popcnt tsc_deadline_timer aes xsave avx f16c rdrand lahf_lm abm 3dnowprefetch cpuid_fault epb invpcid_single pti ibrs ibpb stibp tpr_shadow vnmi flexpriority ept vpid fsgsbase tsc_adjust bmi1 avx2 smep bmi2 erms invpcid mpx rdseed adx smap clflushopt intel_pt xsaveopt xsavec xgetbv1 xsaves dtherm ida arat pln pts hwp hwp_notify hwp_act_window hwp_epp
bugs		: cpu_meltdown spectre_v1 spectre_v2 spec_store_bypass
bogomips	: 3984.00
clflush size	: 64
cache_alignment	: 64
address sizes	: 39 bits physical, 48 bits virtual
power management:

processor	: 5
vendor_id	: GenuineIntel
cpu family	: 6
model		: 142
model name	: Intel(R) Core(TM) i7-8550U CPU @ 1.80GHz
stepping	: 10
microcode	: 0x84
cpu MHz		: 2899.997
cache size	: 8192 KB
physical id	: 0
siblings	: 8
core id		: 1
cpu cores	: 4
apicid		: 3
initial apicid	: 3
fpu		: yes
fpu_exception	: yes
cpuid level	: 22
wp		: yes
flags		: fpu vme de pse tsc msr pae mce cx8 apic sep mtrr pge mca cmov pat pse36 clflush dts acpi mmx fxsr sse sse2 ss ht tm pbe syscall nx pdpe1gb rdtscp lm constant_tsc art arch_perfmon pebs bts rep_good nopl xtopology nonstop_tsc cpuid aperfmperf tsc_known_freq pni pclmulqdq dtes64 monitor ds_cpl vmx est tm2 ssse3 sdbg fma cx16 xtpr pdcm pcid sse4_1 sse4_2 x2apic movbe popcnt tsc_deadline_timer aes xsave avx f16c rdrand lahf_lm abm 3dnowprefetch cpuid_fault epb invpcid_single pti ibrs ibpb stibp tpr_shadow vnmi flexpriority ept vpid fsgsbase tsc_adjust bmi1 avx2 smep bmi2 erms invpcid mpx rdseed adx smap clflushopt intel_pt xsaveopt xsavec xgetbv1 xsaves dtherm ida arat pln pts hwp hwp_notify hwp_act_window hwp_epp
bugs		: cpu_meltdown spectre_v1 spectre_v2 spec_store_bypass
bogomips	: 3984.00
clflush size	: 64
cache_alignment	: 64
address sizes	: 39 bits physical, 48 bits virtual
power management:

processor	: 6
vendor_id	: GenuineIntel
cpu family	: 6
model		: 142
model name	: Intel(R) Core(TM) i7-8550U CPU @ 1.80GHz
stepping	: 10
microcode	: 0x84
cpu MHz		: 2900.037
cache size	: 8192 KB
physical id	: 0
siblings	: 8
core id		: 2
cpu cores	: 4
apicid		: 5
initial apicid	: 5
fpu		: yes
fpu_exception	: yes
cpuid level	: 22
wp		: yes
flags		: fpu vme de pse tsc msr pae mce cx8 apic sep mtrr pge mca cmov pat pse36 clflush dts acpi mmx fxsr sse sse2 ss ht tm pbe syscall nx pdpe1gb rdtscp lm constant_tsc art arch_perfmon pebs bts rep_good nopl xtopology nonstop_tsc cpuid aperfmperf tsc_known_freq pni pclmulqdq dtes64 monitor ds_cpl vmx est tm2 ssse3 sdbg fma cx16 xtpr pdcm pcid sse4_1 sse4_2 x2apic movbe popcnt tsc_deadline_timer aes xsave avx f16c rdrand lahf_lm abm 3dnowprefetch cpuid_fault epb invpcid_single pti ibrs ibpb stibp tpr_shadow vnmi flexpriority ept vpid fsgsbase tsc_adjust bmi1 avx2 smep bmi2 erms invpcid mpx rdseed adx smap clflushopt intel_pt xsaveopt xsavec xgetbv1 xsaves dtherm ida arat pln pts hwp hwp_notify hwp_act_window hwp_epp
bugs		: cpu_meltdown spectre_v1 spectre_v2 spec_store_bypass
bogomips	: 3984.00
clflush size	: 64
cache_alignment	: 64
address sizes	: 39 bits physical, 48 bits virtual
power management:

processor	: 7
vendor_id	: GenuineIntel
cpu family	: 6
model		: 142
model name	: Intel(R) Core(TM) i7-8550U CPU @ 1.80GHz
stepping	: 10
microcode	: 0x84
cpu MHz		: 2900.002
cache size	: 8192 KB
physical id	: 0
siblings	: 8
core id		: 3
cpu cores	: 4
apicid		: 7
initial apicid	: 7
fpu		: yes
fpu_exception	: yes
cpuid level	: 22
wp		: yes
flags		: fpu vme de pse tsc msr pae mce cx8 apic sep mtrr pge mca cmov pat pse36 clflush dts acpi mmx fxsr sse sse2 ss ht tm pbe syscall nx pdpe1gb rdtscp lm constant_tsc art arch_perfmon pebs bts rep_good nopl xtopology nonstop_tsc cpuid aperfmperf tsc_known_freq pni pclmulqdq dtes64 monitor ds_cpl vmx est tm2 ssse3 sdbg fma cx16 xtpr pdcm pcid sse4_1 sse4_2 x2apic movbe popcnt tsc_deadline_timer aes xsave avx f16c rdrand lahf_lm abm 3dnowprefetch cpuid_fault epb invpcid_single pti ibrs ibpb stibp tpr_shadow vnmi flexpriority ept vpid fsgsbase tsc_adjust bmi1 avx2 smep bmi2 erms invpcid mpx rdseed adx smap clflushopt intel_pt xsaveopt xsavec xgetbv1 xsaves dtherm ida arat pln pts hwp hwp_notify hwp_act_window hwp_epp
bugs		: cpu_meltdown spectre_v1 spectre_v2 spec_store_bypass
bogomips	: 3984.00
clflush size	: 64
cache_alignment	: 64
address sizes	: 39 bits physical, 48 bits virtual
power management:



Memory: 4k page, physical 7877392k(2434684k free), swap 2097148k(2097148k free)

vm_info: Java HotSpot(TM) 64-Bit Server VM (25.171-b11) for linux-amd64 JRE (1.8.0_171-b11), built on Mar 28 2018 17:07:08 by "java_re" with gcc 4.3.0 20080428 (Red Hat 4.3.0-8)

time: Mon Jul 16 18:16:27 2018
elapsed time: 3 seconds (0d 0h 0m 3s)

