#
# A fatal error has been detected by the Java Runtime Environment:
#
#  SIGSEGV (0xb) at pc=0x00007f5294d149a8, pid=27249, tid=0x00007f521f61f700
#
# JRE version: Java(TM) SE Runtime Environment (8.0_171-b11) (build 1.8.0_171-b11)
# Java VM: Java HotSpot(TM) 64-Bit Server VM (25.171-b11 mixed mode linux-amd64 compressed oops)
# Problematic frame:
# V  [libjvm.so+0x6d79a8]  jni_invoke_nonstatic(JNIEnv_*, JavaValue*, _jobject*, JNICallType, _jmethodID*, JNI_ArgumentPusher*, Thread*)+0x38
#
# Failed to write core dump. Core dumps have been disabled. To enable core dumping, try "ulimit -c unlimited" before starting Java again
#
# If you would like to submit a bug report, please visit:
#   http://bugreport.java.com/bugreport/crash.jsp
#

---------------  T H R E A D  ---------------

Current thread (0x00007f5290427000):  JavaThread "JavaFX Application Thread" [_thread_in_vm, id=27274, stack(0x00007f521f51f000,0x00007f521f620000)]

siginfo: si_signo: 11 (SIGSEGV), si_code: 128 (SI_KERNEL), si_addr: 0x0000000000000000

Registers:
RAX=0x00007f521f61e1e0, RBX=0x00007f521f61e0f0, RCX=0x0000000000000001, RDX=0x02353a3d00000181
RSP=0x00007f521f61df40, RBP=0x00007f521f61e0c0, RSI=0x00007f521f61e150, RDI=0x00007f52904271f8
R8 =0x00007f529038a2b8, R9 =0x00007f521f61e0f0, R10=0x00007f5210000e40, R11=0x00007f5280528060
R12=0x00007f5290427000, R13=0x00007f529038a2b8, R14=0x0000000000000001, R15=0x00007f52904271f8
RIP=0x00007f5294d149a8, EFLAGS=0x0000000000010206, CSGSFS=0x002b000000000033, ERR=0x0000000000000000
  TRAPNO=0x000000000000000d

Top of Stack: (sp=0x00007f521f61df40)
0x00007f521f61df40:   00007f521f61e640 00007f521f61e260
0x00007f521f61df50:   00007f521f61dfa0 00007f521f61e020
0x00007f521f61df60:   00007f521f61e0f0 00007f521f61e150
0x00007f521f61df70:   00007f52904271f8 00007f5294d344b0
0x00007f521f61df80:   00007f523c011cc0 00007f523c011cd0
0x00007f521f61df90:   00007f523c0120a8 00000000000003d8
0x00007f521f61dfa0:   0000000000000000 00000000d9d80af0
0x00007f521f61dfb0:   00007f520000006f 00007f520000000a
0x00007f521f61dfc0:   00000000d7f11cc0 0000000000000000
0x00007f521f61dfd0:   0000000000000000 0000000000000000
0x00007f521f61dfe0:   00007f527e87ec30 0000000100000100
0x00007f521f61dff0:   0000000000000000 00007f521f61dfa8
0x00007f521f61e000:   00007f521f61dfe9 0000000800000005
0x00007f521f61e010:   00007f521f61e000 00007f5290427a90
0x00007f521f61e020:   00007f52955a87b0 00007f52960f57a0
0x00007f521f61e030:   0000000090427a10 00007f5290427000
0x00007f521f61e040:   0000000000000000 00007f5294d14d7b
0x00007f521f61e050:   00007f527e888d78 00007f5290427000
0x00007f521f61e060:   00007f527e888d78 00007f5290427000
0x00007f521f61e070:   00007f521f61e200 00007f527e888d78
0x00007f521f61e080:   00007f527e888d78 00007f527e888d78
0x00007f521f61e090:   00007f523c011cc0 00007f521f61e0f0
0x00007f521f61e0a0:   00007f5290427000 00007f521f61e130
0x00007f521f61e0b0:   00007f529038a2b8 00007f52904271f8
0x00007f521f61e0c0:   00007f521f61e1b0 00007f5294d1914f
0x00007f521f61e0d0:   00007f5290427000 00007f524a9bf614
0x00007f521f61e0e0:   00007f521f61e1c8 02353a3d00000181
0x00007f521f61e0f0:   00007f52955a9430 00007f52960f57a0
0x00007f521f61e100:   0000000000000000 00007f5200000063
0x00007f521f61e110:   0000000000000000 0000003000000018
0x00007f521f61e120:   00007f521f61e2a0 00007f521f61e1e0
0x00007f521f61e130:   00007f5290427000 0000000000000000 

Instructions: (pc=0x00007f5294d149a8)
0x00007f5294d14988:   00 00 48 85 d2 48 89 bd b0 fe ff ff 48 89 b5 a8
0x00007f5294d14998:   fe ff ff 4c 89 8d a0 fe ff ff 0f 84 78 09 00 00
0x00007f5294d149a8:   4c 8b 22 4d 85 e4 0f 84 6c 09 00 00 48 8b 45 10
0x00007f5294d149b8:   48 8b 98 38 01 00 00 48 83 7b 18 f7 0f 87 16 07 

Register to memory mapping:

RAX=0x00007f521f61e1e0 is pointing into the stack for thread: 0x00007f5290427000
RBX=0x00007f521f61e0f0 is pointing into the stack for thread: 0x00007f5290427000
RCX=0x0000000000000001 is an unknown value
RDX=0x02353a3d00000181 is an unknown value
RSP=0x00007f521f61df40 is pointing into the stack for thread: 0x00007f5290427000
RBP=0x00007f521f61e0c0 is pointing into the stack for thread: 0x00007f5290427000
RSI=0x00007f521f61e150 is pointing into the stack for thread: 0x00007f5290427000
RDI=0x00007f52904271f8 is an unknown value
R8 =0x00007f529038a2b8 is an unknown value
R9 =0x00007f521f61e0f0 is pointing into the stack for thread: 0x00007f5290427000
R10=0x00007f5210000e40 is an unknown value
R11=0x00007f5280528060 is at entry_point+32 in (nmethod*)0x00007f5280527ed0
R12=0x00007f5290427000 is a thread
R13=0x00007f529038a2b8 is an unknown value
R14=0x0000000000000001 is an unknown value
R15=0x00007f52904271f8 is an unknown value


Stack: [0x00007f521f51f000,0x00007f521f620000],  sp=0x00007f521f61df40,  free space=1019k
Native frames: (J=compiled Java code, j=interpreted, Vv=VM code, C=native code)
V  [libjvm.so+0x6d79a8]  jni_invoke_nonstatic(JNIEnv_*, JavaValue*, _jobject*, JNICallType, _jmethodID*, JNI_ArgumentPusher*, Thread*)+0x38
V  [libjvm.so+0x6dc14f]  jni_CallVoidMethodV+0x10f
C  [libglass.so+0x18641]  JNIEnv_::CallVoidMethod(_jobject*, _jmethodID*, ...)+0x81
C  [libglass.so+0x14f0f]  WindowContextBase::process_key(_GdkEventKey*)+0x20f
C  [libglass.so+0x19f60]  WindowContextBase::im_filter_keypress(_GdkEventKey*)+0x1c0
C  [libglass.so+0x1a91c]  process_events(_GdkEvent*, void*)+0x22c
C  [libgdk-x11-2.0.so.0+0x5b02c]

Java frames: (J=compiled Java code, j=interpreted, Vv=VM code)
j  com.sun.glass.ui.gtk.GtkApplication._runLoop(Ljava/lang/Runnable;Z)V+0
j  com.sun.glass.ui.gtk.GtkApplication.lambda$null$48(Ljava/lang/Runnable;Z)V+7
j  com.sun.glass.ui.gtk.GtkApplication$$Lambda$41.run()V+12
j  java.lang.Thread.run()V+11
v  ~StubRoutines::call_stub

---------------  P R O C E S S  ---------------

Java Threads: ( => current thread )
  0x00007f5210271000 JavaThread "Prism Font Disposer" daemon [_thread_blocked, id=27276, stack(0x00007f521e6d0000,0x00007f521e7d1000)]
  0x00007f529042a800 JavaThread "JavaFX-Launcher" [_thread_blocked, id=27275, stack(0x00007f521f41e000,0x00007f521f51f000)]
=>0x00007f5290427000 JavaThread "JavaFX Application Thread" [_thread_in_vm, id=27274, stack(0x00007f521f51f000,0x00007f521f620000)]
  0x00007f5290424000 JavaThread "Thread-1" daemon [_thread_blocked, id=27273, stack(0x00007f5228039000,0x00007f522813a000)]
  0x00007f5290375000 JavaThread "QuantumRenderer-0" daemon [_thread_blocked, id=27272, stack(0x00007f524b42f000,0x00007f524b530000)]
  0x00007f529021b000 JavaThread "Service Thread" daemon [_thread_blocked, id=27270, stack(0x00007f52580dd000,0x00007f52581de000)]
  0x00007f5290210000 JavaThread "C1 CompilerThread3" daemon [_thread_blocked, id=27269, stack(0x00007f52581df000,0x00007f52582df000)]
  0x00007f529020d800 JavaThread "C2 CompilerThread2" daemon [_thread_blocked, id=27268, stack(0x00007f52582e0000,0x00007f52583e0000)]
  0x00007f529020c000 JavaThread "C2 CompilerThread1" daemon [_thread_in_native, id=27267, stack(0x00007f527c09e000,0x00007f527c19e000)]
  0x00007f5290209000 JavaThread "C2 CompilerThread0" daemon [_thread_blocked, id=27266, stack(0x00007f527c19f000,0x00007f527c29f000)]
  0x00007f5290207800 JavaThread "Signal Dispatcher" daemon [_thread_blocked, id=27265, stack(0x00007f527c29f000,0x00007f527c3a0000)]
  0x00007f52901d4800 JavaThread "Finalizer" daemon [_thread_blocked, id=27264, stack(0x00007f527c3a0000,0x00007f527c4a1000)]
  0x00007f52901d0000 JavaThread "Reference Handler" daemon [_thread_blocked, id=27263, stack(0x00007f527c4a1000,0x00007f527c5a2000)]
  0x00007f529000b000 JavaThread "main" [_thread_blocked, id=27253, stack(0x00007f5296171000,0x00007f5296271000)]

Other Threads:
  0x00007f52901c8800 VMThread [stack: 0x00007f527c5a3000,0x00007f527c6a3000] [id=27262]
  0x00007f5290220000 WatcherThread [stack: 0x00007f524b531000,0x00007f524b631000] [id=27271]

VM state:not at safepoint (normal execution)

VM Mutex/Monitor currently owned by a thread: None

Heap:
 PSYoungGen      total 36352K, used 6273K [0x00000000d7f00000, 0x00000000da780000, 0x0000000100000000)
  eden space 31232K, 3% used [0x00000000d7f00000,0x00000000d8027b90,0x00000000d9d80000)
  from space 5120K, 99% used [0x00000000d9d80000,0x00000000da278b68,0x00000000da280000)
  to   space 5120K, 0% used [0x00000000da280000,0x00000000da280000,0x00000000da780000)
 ParOldGen       total 83456K, used 192K [0x0000000087c00000, 0x000000008cd80000, 0x00000000d7f00000)
  object space 83456K, 0% used [0x0000000087c00000,0x0000000087c30000,0x000000008cd80000)
 Metaspace       used 14654K, capacity 15300K, committed 15488K, reserved 1062912K
  class space    used 2161K, capacity 2351K, committed 2432K, reserved 1048576K

Card table byte_map: [0x00007f527f9e4000,0x00007f527fda7000] byte_map_base: 0x00007f527f5a6000

Marking Bits: (ParMarkBitMap*) 0x00007f529560d280
 Begin Bits: [0x00007f52583e0000, 0x00007f525a1f0000)
 End Bits:   [0x00007f525a1f0000, 0x00007f525c000000)

Polling page: 0x00007f5296288000

CodeCache: size=245760Kb used=4731Kb max_used=4743Kb free=241028Kb
 bounds [0x00007f5280167000, 0x00007f5280617000, 0x00007f528f167000]
 total_blobs=2197 nmethods=1567 adapters=543
 compilation: enabled

Compilation events (10 events):
Event: 5.850 Thread 0x00007f5290210000 nmethod 1562 0x00007f5280603bd0 code [0x00007f5280603dc0, 0x00007f5280604648]
Event: 5.850 Thread 0x00007f5290210000 1564       3       com.sun.javafx.css.StyleManager::getInstance (4 bytes)
Event: 5.850 Thread 0x00007f5290210000 nmethod 1564 0x00007f5280600e10 code [0x00007f5280600f60, 0x00007f5280601090]
Event: 5.851 Thread 0x00007f5290210000 1563       3       javafx.beans.binding.StringExpression::getValue (8 bytes)
Event: 5.851 Thread 0x00007f5290210000 nmethod 1563 0x00007f52806008d0 code [0x00007f5280600a40, 0x00007f5280600d48]
Event: 5.851 Thread 0x00007f5290210000 1566   !   3       com.sun.javafx.css.StyleManager::getCacheContainer (152 bytes)
Event: 5.852 Thread 0x00007f5290210000 nmethod 1566 0x00007f52806049d0 code [0x00007f5280604ca0, 0x00007f5280606788]
Event: 5.852 Thread 0x00007f5290210000 1567       1       javafx.scene.text.Font::impl_getNativeFont (5 bytes)
Event: 5.853 Thread 0x00007f5290210000 nmethod 1567 0x00007f5280600610 code [0x00007f5280600760, 0x00007f5280600870]
Event: 5.853 Thread 0x00007f5290210000 1568       3       com.sun.javafx.animation.TickCalculation::fromMillis (9 bytes)

GC Heap History (2 events):
Event: 5.135 GC heap before
{Heap before GC invocations=1 (full 0):
 PSYoungGen      total 36352K, used 31232K [0x00000000d7f00000, 0x00000000da780000, 0x0000000100000000)
  eden space 31232K, 100% used [0x00000000d7f00000,0x00000000d9d80000,0x00000000d9d80000)
  from space 5120K, 0% used [0x00000000da280000,0x00000000da280000,0x00000000da780000)
  to   space 5120K, 0% used [0x00000000d9d80000,0x00000000d9d80000,0x00000000da280000)
 ParOldGen       total 83456K, used 0K [0x0000000087c00000, 0x000000008cd80000, 0x00000000d7f00000)
  object space 83456K, 0% used [0x0000000087c00000,0x0000000087c00000,0x000000008cd80000)
 Metaspace       used 14602K, capacity 15262K, committed 15488K, reserved 1062912K
  class space    used 2158K, capacity 2346K, committed 2432K, reserved 1048576K
Event: 5.156 GC heap after
Heap after GC invocations=1 (full 0):
 PSYoungGen      total 36352K, used 5090K [0x00000000d7f00000, 0x00000000da780000, 0x0000000100000000)
  eden space 31232K, 0% used [0x00000000d7f00000,0x00000000d7f00000,0x00000000d9d80000)
  from space 5120K, 99% used [0x00000000d9d80000,0x00000000da278b68,0x00000000da280000)
  to   space 5120K, 0% used [0x00000000da280000,0x00000000da280000,0x00000000da780000)
 ParOldGen       total 83456K, used 192K [0x0000000087c00000, 0x000000008cd80000, 0x00000000d7f00000)
  object space 83456K, 0% used [0x0000000087c00000,0x0000000087c30000,0x000000008cd80000)
 Metaspace       used 14602K, capacity 15262K, committed 15488K, reserved 1062912K
  class space    used 2158K, capacity 2346K, committed 2432K, reserved 1048576K
}

Deoptimization events (10 events):
Event: 0.741 Thread 0x00007f5290427000 Uncommon trap: reason=class_check action=maybe_recompile pc=0x00007f52803b4834 method=java.io.DataInputStream.readShort()S @ 4
Event: 0.741 Thread 0x00007f5290427000 Uncommon trap: reason=class_check action=maybe_recompile pc=0x00007f52803b4834 method=java.io.DataInputStream.readShort()S @ 4
Event: 0.745 Thread 0x00007f5290427000 Uncommon trap: reason=class_check action=maybe_recompile pc=0x00007f5280282160 method=java.lang.String.equals(Ljava/lang/Object;)Z @ 8
Event: 0.745 Thread 0x00007f5290427000 Uncommon trap: reason=class_check action=maybe_recompile pc=0x00007f5280282160 method=java.lang.String.equals(Ljava/lang/Object;)Z @ 8
Event: 0.745 Thread 0x00007f5290427000 Uncommon trap: reason=class_check action=maybe_recompile pc=0x00007f5280282160 method=java.lang.String.equals(Ljava/lang/Object;)Z @ 8
Event: 0.747 Thread 0x00007f5290427000 Uncommon trap: reason=class_check action=maybe_recompile pc=0x00007f5280282160 method=java.lang.String.equals(Ljava/lang/Object;)Z @ 8
Event: 0.860 Thread 0x00007f5290427000 Uncommon trap: reason=unstable_if action=reinterpret pc=0x00007f528040ce68 method=sun.net.www.ParseUtil.encodePath(Ljava/lang/String;Z)Ljava/lang/String; @ 109
Event: 0.873 Thread 0x00007f5290427000 Uncommon trap: reason=unstable_if action=reinterpret pc=0x00007f5280487e0c method=sun.misc.URLClassPath$JarLoader.ensureOpen()V @ 4
Event: 1.002 Thread 0x00007f5290427000 Uncommon trap: reason=unstable_if action=reinterpret pc=0x00007f52804567bc method=jdk.internal.org.objectweb.asm.Type.getArgumentsAndReturnSizes(Ljava/lang/String;)I @ 47
Event: 4.226 Thread 0x00007f5290427000 Uncommon trap: reason=unstable_if action=reinterpret pc=0x00007f52803a49a0 method=java.lang.CharacterData.of(I)Ljava/lang/CharacterData; @ 4

Classes redefined (0 events):
No events

Internal exceptions (10 events):
Event: 0.169 Thread 0x00007f529000b000 Exception <a 'java/security/PrivilegedActionException'> (0x00000000d81bcab0) thrown at [/HUDSON/workspace/8-2-build-linux-amd64/jdk8u171/10807/hotspot/src/share/vm/prims/jvm.cpp, line 1435]
Event: 0.169 Thread 0x00007f529000b000 Exception <a 'java/security/PrivilegedActionException'> (0x00000000d81bccc0) thrown at [/HUDSON/workspace/8-2-build-linux-amd64/jdk8u171/10807/hotspot/src/share/vm/prims/jvm.cpp, line 1435]
Event: 0.169 Thread 0x00007f529000b000 Exception <a 'java/security/PrivilegedActionException'> (0x00000000d81bf128) thrown at [/HUDSON/workspace/8-2-build-linux-amd64/jdk8u171/10807/hotspot/src/share/vm/prims/jvm.cpp, line 1435]
Event: 0.169 Thread 0x00007f529000b000 Exception <a 'java/security/PrivilegedActionException'> (0x00000000d81bf338) thrown at [/HUDSON/workspace/8-2-build-linux-amd64/jdk8u171/10807/hotspot/src/share/vm/prims/jvm.cpp, line 1435]
Event: 0.170 Thread 0x00007f529000b000 Exception <a 'java/lang/NullPointerException'> (0x00000000d81bf910) thrown at [/HUDSON/workspace/8-2-build-linux-amd64/jdk8u171/10807/hotspot/src/share/vm/interpreter/linkResolver.cpp, line 1185]
Event: 0.510 Thread 0x00007f5290427000 Exception <a 'java/lang/NullPointerException'> (0x00000000d8a60f60) thrown at [/HUDSON/workspace/8-2-build-linux-amd64/jdk8u171/10807/hotspot/src/share/vm/interpreter/linkResolver.cpp, line 1185]
Event: 0.510 Thread 0x00007f5290427000 Exception <a 'java/lang/NullPointerException'> (0x00000000d8a60f60) thrown at [/HUDSON/workspace/8-2-build-linux-amd64/jdk8u171/10807/hotspot/src/share/vm/prims/jvm.cpp, line 1439]
Event: 0.651 Thread 0x00007f5290427000 Implicit null exception at 0x00007f52803cffb5 to 0x00007f52803d01d1
Event: 0.873 Thread 0x00007f5290427000 Implicit null exception at 0x00007f52804865d4 to 0x00007f5280487de5
Event: 5.837 Thread 0x00007f5290427000 Exception <a 'java/io/FileNotFoundException'> (0x00000000d7f34398) thrown at [/HUDSON/workspace/8-2-build-linux-amd64/jdk8u171/10807/hotspot/src/share/vm/prims/jni.cpp, line 709]

Events (10 events):
Event: 5.814 loading class com/sun/javafx/tk/quantum/WindowStage
Event: 5.814 loading class com/sun/javafx/tk/quantum/WindowStage done
Event: 5.815 loading class com/sun/prism/GraphicsResource
Event: 5.815 loading class com/sun/prism/GraphicsResource done
Event: 5.815 loading class com/sun/prism/GraphicsResource
Event: 5.815 loading class com/sun/prism/GraphicsResource done
Event: 5.816 loading class com/sun/javafx/tk/quantum/ViewScene
Event: 5.816 loading class com/sun/javafx/tk/quantum/ViewScene done
Event: 5.818 loading class com/sun/javafx/tk/quantum/WindowStage
Event: 5.818 loading class com/sun/javafx/tk/quantum/WindowStage done


Dynamic libraries:
00400000-00401000 r-xp 00000000 103:02 9307016                           /usr/lib/jvm/java-8-oracle/jre/bin/java
00600000-00601000 rw-p 00000000 103:02 9307016                           /usr/lib/jvm/java-8-oracle/jre/bin/java
01285000-012a6000 rw-p 00000000 00:00 0                                  [heap]
87c00000-8cd80000 rw-p 00000000 00:00 0 
8cd80000-d7f00000 ---p 00000000 00:00 0 
d7f00000-da780000 rw-p 00000000 00:00 0 
da780000-100000000 ---p 00000000 00:00 0 
100000000-100260000 rw-p 00000000 00:00 0 
100260000-140000000 ---p 00000000 00:00 0 
7f5208000000-7f5208021000 rw-p 00000000 00:00 0 
7f5208021000-7f520c000000 ---p 00000000 00:00 0 
7f5210000000-7f5210589000 rw-p 00000000 00:00 0 
7f5210589000-7f5214000000 ---p 00000000 00:00 0 
7f5214000000-7f5214021000 rw-p 00000000 00:00 0 
7f5214021000-7f5218000000 ---p 00000000 00:00 0 
7f5218000000-7f5218021000 rw-p 00000000 00:00 0 
7f5218021000-7f521c000000 ---p 00000000 00:00 0 
7f521e0a6000-7f521e0ab000 rw-s 00000000 00:19 2484                       /i915 (deleted)
7f521e0ab000-7f521e0bb000 rw-s 00000000 00:19 2478                       /i915 (deleted)
7f521e0bb000-7f521e27b000 rw-s 102ee4000 00:06 331                       /dev/dri/card0
7f521e27b000-7f521e33b000 rw-p 00000000 00:00 0 
7f521e33b000-7f521e47b000 ---p 00000000 00:00 0 
7f521e47b000-7f521e63b000 rw-s 00000000 00:19 2395                       /i915 (deleted)
7f521e63b000-7f521e64b000 rw-s 00000000 00:19 2401                       /i915 (deleted)
7f521e64b000-7f521e64f000 rw-s 00000000 00:19 2400                       /i915 (deleted)
7f521e64f000-7f521e654000 rw-s 00000000 00:19 2399                       /i915 (deleted)
7f521e654000-7f521e664000 rw-s 00000000 00:19 2393                       /i915 (deleted)
7f521e664000-7f521e670000 rw-s 00000000 00:19 2333                       /i915 (deleted)
7f521e670000-7f521e6d0000 rw-s 00000000 00:05 1284440081                 /SYSV00000000 (deleted)
7f521e6d0000-7f521e6d3000 ---p 00000000 00:00 0 
7f521e6d3000-7f521e7d1000 rw-p 00000000 00:00 0 
7f521e7d1000-7f521e88a000 r--p 00000000 103:02 10224348                  /usr/share/fonts/truetype/dejavu/DejaVuSans.ttf
7f521e88a000-7f521e8df000 r--p 00000000 103:02 9307053                   /usr/lib/jvm/java-8-oracle/jre/lib/fonts/LucidaBrightRegular.ttf
7f521e8df000-7f521e92d000 r--p 00000000 103:02 9307054                   /usr/lib/jvm/java-8-oracle/jre/lib/fonts/LucidaSansDemiBold.ttf
7f521e92d000-7f521e967000 r--p 00000000 103:02 9307058                   /usr/lib/jvm/java-8-oracle/jre/lib/fonts/LucidaTypewriterBold.ttf
7f521e967000-7f521ea12000 r--p 00000000 103:02 9307052                   /usr/lib/jvm/java-8-oracle/jre/lib/fonts/LucidaSansRegular.ttf
7f521ea12000-7f521ea16000 r-xp 00000000 103:02 9441082                   /usr/lib/jvm/java-8-oracle/jre/lib/amd64/libjavafx_font_pango.so
7f521ea16000-7f521ec15000 ---p 00004000 103:02 9441082                   /usr/lib/jvm/java-8-oracle/jre/lib/amd64/libjavafx_font_pango.so
7f521ec15000-7f521ec16000 rw-p 00003000 103:02 9441082                   /usr/lib/jvm/java-8-oracle/jre/lib/amd64/libjavafx_font_pango.so
7f521ec16000-7f521ee16000 rw-p 00000000 00:00 0 
7f521ee16000-7f521ee1b000 r-xp 00000000 103:02 9441085                   /usr/lib/jvm/java-8-oracle/jre/lib/amd64/libjavafx_font_freetype.so
7f521ee1b000-7f521f01a000 ---p 00005000 103:02 9441085                   /usr/lib/jvm/java-8-oracle/jre/lib/amd64/libjavafx_font_freetype.so
7f521f01a000-7f521f01b000 rw-p 00004000 103:02 9441085                   /usr/lib/jvm/java-8-oracle/jre/lib/amd64/libjavafx_font_freetype.so
7f521f01b000-7f521f21b000 rw-p 00000000 00:00 0 
7f521f21b000-7f521f21e000 r-xp 00000000 103:02 9441133                   /usr/lib/jvm/java-8-oracle/jre/lib/amd64/libjavafx_font.so
7f521f21e000-7f521f41d000 ---p 00003000 103:02 9441133                   /usr/lib/jvm/java-8-oracle/jre/lib/amd64/libjavafx_font.so
7f521f41d000-7f521f41e000 rw-p 00002000 103:02 9441133                   /usr/lib/jvm/java-8-oracle/jre/lib/amd64/libjavafx_font.so
7f521f41e000-7f521f421000 ---p 00000000 00:00 0 
7f521f421000-7f521f51f000 rw-p 00000000 00:00 0 
7f521f51f000-7f521f522000 ---p 00000000 00:00 0 
7f521f522000-7f521f620000 rw-p 00000000 00:00 0 
7f521f620000-7f521f627000 r-xp 00000000 103:02 9183700                   /usr/lib/x86_64-linux-gnu/libogg.so.0.8.2
7f521f627000-7f521f827000 ---p 00007000 103:02 9183700                   /usr/lib/x86_64-linux-gnu/libogg.so.0.8.2
7f521f827000-7f521f828000 r--p 00007000 103:02 9183700                   /usr/lib/x86_64-linux-gnu/libogg.so.0.8.2
7f521f828000-7f521f829000 rw-p 00008000 103:02 9183700                   /usr/lib/x86_64-linux-gnu/libogg.so.0.8.2
7f521f829000-7f521f853000 r-xp 00000000 103:02 9184008                   /usr/lib/x86_64-linux-gnu/libvorbis.so.0.4.8
7f521f853000-7f521fa52000 ---p 0002a000 103:02 9184008                   /usr/lib/x86_64-linux-gnu/libvorbis.so.0.4.8
7f521fa52000-7f521fa53000 r--p 00029000 103:02 9184008                   /usr/lib/x86_64-linux-gnu/libvorbis.so.0.4.8
7f521fa53000-7f521fa54000 rw-p 0002a000 103:02 9184008                   /usr/lib/x86_64-linux-gnu/libvorbis.so.0.4.8
7f521fa54000-7f521fa5d000 r-xp 00000000 103:02 9183599                   /usr/lib/x86_64-linux-gnu/libltdl.so.7.3.1
7f521fa5d000-7f521fc5c000 ---p 00009000 103:02 9183599                   /usr/lib/x86_64-linux-gnu/libltdl.so.7.3.1
7f521fc5c000-7f521fc5d000 r--p 00008000 103:02 9183599                   /usr/lib/x86_64-linux-gnu/libltdl.so.7.3.1
7f521fc5d000-7f521fc5e000 rw-p 00009000 103:02 9183599                   /usr/lib/x86_64-linux-gnu/libltdl.so.7.3.1
7f521fc5e000-7f521fc73000 r-xp 00000000 103:02 9183933                   /usr/lib/x86_64-linux-gnu/libtdb.so.1.3.15
7f521fc73000-7f521fe72000 ---p 00015000 103:02 9183933                   /usr/lib/x86_64-linux-gnu/libtdb.so.1.3.15
7f521fe72000-7f521fe73000 r--p 00014000 103:02 9183933                   /usr/lib/x86_64-linux-gnu/libtdb.so.1.3.15
7f521fe73000-7f521fe74000 rw-p 00015000 103:02 9183933                   /usr/lib/x86_64-linux-gnu/libtdb.so.1.3.15
7f521fe74000-7f521fe7b000 r-xp 00000000 103:02 9184012                   /usr/lib/x86_64-linux-gnu/libvorbisfile.so.3.3.7
7f521fe7b000-7f522007a000 ---p 00007000 103:02 9184012                   /usr/lib/x86_64-linux-gnu/libvorbisfile.so.3.3.7
7f522007a000-7f522007b000 r--p 00006000 103:02 9184012                   /usr/lib/x86_64-linux-gnu/libvorbisfile.so.3.3.7
7f522007b000-7f522007c000 rw-p 00007000 103:02 9184012                   /usr/lib/x86_64-linux-gnu/libvorbisfile.so.3.3.7
7f522007c000-7f522008c000 r-xp 00000000 103:02 9183056                   /usr/lib/x86_64-linux-gnu/libcanberra.so.0.2.5
7f522008c000-7f522028c000 ---p 00010000 103:02 9183056                   /usr/lib/x86_64-linux-gnu/libcanberra.so.0.2.5
7f522028c000-7f522028d000 r--p 00010000 103:02 9183056                   /usr/lib/x86_64-linux-gnu/libcanberra.so.0.2.5
7f522028d000-7f522028e000 rw-p 00011000 103:02 9183056                   /usr/lib/x86_64-linux-gnu/libcanberra.so.0.2.5
7f522028e000-7f5220292000 r-xp 00000000 103:02 9186592                   /usr/lib/x86_64-linux-gnu/libcanberra-gtk.so.0.1.9
7f5220292000-7f5220491000 ---p 00004000 103:02 9186592                   /usr/lib/x86_64-linux-gnu/libcanberra-gtk.so.0.1.9
7f5220491000-7f5220492000 r--p 00003000 103:02 9186592                   /usr/lib/x86_64-linux-gnu/libcanberra-gtk.so.0.1.9
7f5220492000-7f5220493000 rw-p 00004000 103:02 9186592                   /usr/lib/x86_64-linux-gnu/libcanberra-gtk.so.0.1.9
7f5220493000-7f5220498000 r-xp 00000000 103:02 9441781                   /usr/lib/x86_64-linux-gnu/gtk-2.0/modules/libcanberra-gtk-module.so
7f5220498000-7f5220698000 ---p 00005000 103:02 9441781                   /usr/lib/x86_64-linux-gnu/gtk-2.0/modules/libcanberra-gtk-module.so
7f5220698000-7f5220699000 r--p 00005000 103:02 9441781                   /usr/lib/x86_64-linux-gnu/gtk-2.0/modules/libcanberra-gtk-module.so
7f5220699000-7f522069a000 rw-p 00006000 103:02 9441781                   /usr/lib/x86_64-linux-gnu/gtk-2.0/modules/libcanberra-gtk-module.so
7f522069a000-7f52206d4000 r-xp 00000000 103:02 9440673                   /usr/lib/x86_64-linux-gnu/gtk-2.0/2.10.0/engines/libmurrine.so
7f52206d4000-7f52208d4000 ---p 0003a000 103:02 9440673                   /usr/lib/x86_64-linux-gnu/gtk-2.0/2.10.0/engines/libmurrine.so
7f52208d4000-7f52208d5000 r--p 0003a000 103:02 9440673                   /usr/lib/x86_64-linux-gnu/gtk-2.0/2.10.0/engines/libmurrine.so
7f52208d5000-7f52208d6000 rw-p 0003b000 103:02 9440673                   /usr/lib/x86_64-linux-gnu/gtk-2.0/2.10.0/engines/libmurrine.so
7f52208d6000-7f52208ff000 r-xp 00000000 103:02 9441107                   /usr/lib/jvm/java-8-oracle/jre/lib/amd64/libglass.so
7f52208ff000-7f5220afe000 ---p 00029000 103:02 9441107                   /usr/lib/jvm/java-8-oracle/jre/lib/amd64/libglass.so
7f5220afe000-7f5220b01000 rw-p 00028000 103:02 9441107                   /usr/lib/jvm/java-8-oracle/jre/lib/amd64/libglass.so
7f5220b01000-7f5220b09000 r-xp 00000000 103:02 9183739                   /usr/lib/x86_64-linux-gnu/libpciaccess.so.0.11.1
7f5220b09000-7f5220d08000 ---p 00008000 103:02 9183739                   /usr/lib/x86_64-linux-gnu/libpciaccess.so.0.11.1
7f5220d08000-7f5220d09000 r--p 00007000 103:02 9183739                   /usr/lib/x86_64-linux-gnu/libpciaccess.so.0.11.1
7f5220d09000-7f5220d0a000 rw-p 00008000 103:02 9183739                   /usr/lib/x86_64-linux-gnu/libpciaccess.so.0.11.1
7f5220d0a000-7f5220d15000 r-xp 00000000 103:02 9183173                   /usr/lib/x86_64-linux-gnu/libdrm_radeon.so.1.0.1
7f5220d15000-7f5220f14000 ---p 0000b000 103:02 9183173                   /usr/lib/x86_64-linux-gnu/libdrm_radeon.so.1.0.1
7f5220f14000-7f5220f15000 r--p 0000a000 103:02 9183173                   /usr/lib/x86_64-linux-gnu/libdrm_radeon.so.1.0.1
7f5220f15000-7f5220f16000 rw-p 0000b000 103:02 9183173                   /usr/lib/x86_64-linux-gnu/libdrm_radeon.so.1.0.1
7f5220f16000-7f5220f1d000 r-xp 00000000 103:02 9183171                   /usr/lib/x86_64-linux-gnu/libdrm_nouveau.so.2.0.0
7f5220f1d000-7f522111c000 ---p 00007000 103:02 9183171                   /usr/lib/x86_64-linux-gnu/libdrm_nouveau.so.2.0.0
7f522111c000-7f522111d000 r--p 00006000 103:02 9183171                   /usr/lib/x86_64-linux-gnu/libdrm_nouveau.so.2.0.0
7f522111d000-7f522111e000 rw-p 00007000 103:02 9183171                   /usr/lib/x86_64-linux-gnu/libdrm_nouveau.so.2.0.0
7f522111e000-7f5221140000 r-xp 00000000 103:02 9183169                   /usr/lib/x86_64-linux-gnu/libdrm_intel.so.1.0.0
7f5221140000-7f522133f000 ---p 00022000 103:02 9183169                   /usr/lib/x86_64-linux-gnu/libdrm_intel.so.1.0.0
7f522133f000-7f5221340000 r--p 00021000 103:02 9183169                   /usr/lib/x86_64-linux-gnu/libdrm_intel.so.1.0.0
7f5221340000-7f5221341000 rw-p 00022000 103:02 9183169                   /usr/lib/x86_64-linux-gnu/libdrm_intel.so.1.0.0
7f5221341000-7f5221bbf000 r-xp 00000000 103:02 9439576                   /usr/lib/x86_64-linux-gnu/dri/i965_dri.so
7f5221bbf000-7f5221dbe000 ---p 0087e000 103:02 9439576                   /usr/lib/x86_64-linux-gnu/dri/i965_dri.so
7f5221dbe000-7f5221e0e000 r--p 0087d000 103:02 9439576                   /usr/lib/x86_64-linux-gnu/dri/i965_dri.so
7f5221e0e000-7f5221e19000 rw-p 008cd000 103:02 9439576                   /usr/lib/x86_64-linux-gnu/dri/i965_dri.so
7f5221e19000-7f5221ebe000 rw-p 00000000 00:00 0 
7f5221ebe000-7f5221ece000 r-xp 00000000 103:02 9183165                   /usr/lib/x86_64-linux-gnu/libdrm.so.2.4.0
7f5221ece000-7f52220cd000 ---p 00010000 103:02 9183165                   /usr/lib/x86_64-linux-gnu/libdrm.so.2.4.0
7f52220cd000-7f52220ce000 r--p 0000f000 103:02 9183165                   /usr/lib/x86_64-linux-gnu/libdrm.so.2.4.0
7f52220ce000-7f52220cf000 rw-p 00010000 103:02 9183165                   /usr/lib/x86_64-linux-gnu/libdrm.so.2.4.0
7f52220cf000-7f52220d3000 r-xp 00000000 103:02 9184067                   /usr/lib/x86_64-linux-gnu/libxcb-dri2.so.0.0.0
7f52220d3000-7f52222d2000 ---p 00004000 103:02 9184067                   /usr/lib/x86_64-linux-gnu/libxcb-dri2.so.0.0.0
7f52222d2000-7f52222d3000 r--p 00003000 103:02 9184067                   /usr/lib/x86_64-linux-gnu/libxcb-dri2.so.0.0.0
7f52222d3000-7f52222d4000 rw-p 00004000 103:02 9184067                   /usr/lib/x86_64-linux-gnu/libxcb-dri2.so.0.0.0
7f52222d4000-7f52222ec000 r-xp 00000000 103:02 9184071                   /usr/lib/x86_64-linux-gnu/libxcb-glx.so.0.0.0
7f52222ec000-7f52224ec000 ---p 00018000 103:02 9184071                   /usr/lib/x86_64-linux-gnu/libxcb-glx.so.0.0.0
7f52224ec000-7f52224ee000 r--p 00018000 103:02 9184071                   /usr/lib/x86_64-linux-gnu/libxcb-glx.so.0.0.0
7f52224ee000-7f52224ef000 rw-p 0001a000 103:02 9184071                   /usr/lib/x86_64-linux-gnu/libxcb-glx.so.0.0.0
7f52224ef000-7f52224f0000 r-xp 00000000 103:02 9182893                   /usr/lib/x86_64-linux-gnu/libX11-xcb.so.1.0.0
7f52224f0000-7f52226ef000 ---p 00001000 103:02 9182893                   /usr/lib/x86_64-linux-gnu/libX11-xcb.so.1.0.0
7f52226ef000-7f52226f0000 r--p 00000000 103:02 9182893                   /usr/lib/x86_64-linux-gnu/libX11-xcb.so.1.0.0
7f52226f0000-7f52226f1000 rw-p 00001000 103:02 9182893                   /usr/lib/x86_64-linux-gnu/libX11-xcb.so.1.0.0
7f52226f1000-7f522271d000 r-xp 00000000 103:02 9183333                   /usr/lib/x86_64-linux-gnu/libglapi.so.0.0.0
7f522271d000-7f522291c000 ---p 0002c000 103:02 9183333                   /usr/lib/x86_64-linux-gnu/libglapi.so.0.0.0
7f522291c000-7f5222920000 r--p 0002b000 103:02 9183333                   /usr/lib/x86_64-linux-gnu/libglapi.so.0.0.0
7f5222920000-7f5222921000 rw-p 0002f000 103:02 9183333                   /usr/lib/x86_64-linux-gnu/libglapi.so.0.0.0
7f5222921000-7f5222922000 rw-p 00000000 00:00 0 
7f5222922000-7f5222923000 r-xp 00000000 103:02 9184119                   /usr/lib/x86_64-linux-gnu/libxshmfence.so.1.0.0
7f5222923000-7f5222b22000 ---p 00001000 103:02 9184119                   /usr/lib/x86_64-linux-gnu/libxshmfence.so.1.0.0
7f5222b22000-7f5222b23000 r--p 00000000 103:02 9184119                   /usr/lib/x86_64-linux-gnu/libxshmfence.so.1.0.0
7f5222b23000-7f5222b24000 rw-p 00001000 103:02 9184119                   /usr/lib/x86_64-linux-gnu/libxshmfence.so.1.0.0
7f5222b24000-7f5222b29000 r-xp 00000000 103:02 9184093                   /usr/lib/x86_64-linux-gnu/libxcb-sync.so.1.0.0
7f5222b29000-7f5222d29000 ---p 00005000 103:02 9184093                   /usr/lib/x86_64-linux-gnu/libxcb-sync.so.1.0.0
7f5222d29000-7f5222d2a000 r--p 00005000 103:02 9184093                   /usr/lib/x86_64-linux-gnu/libxcb-sync.so.1.0.0
7f5222d2a000-7f5222d2b000 rw-p 00006000 103:02 9184093                   /usr/lib/x86_64-linux-gnu/libxcb-sync.so.1.0.0
7f5222d2b000-7f5222d2d000 r-xp 00000000 103:02 9184079                   /usr/lib/x86_64-linux-gnu/libxcb-present.so.0.0.0
7f5222d2d000-7f5222f2c000 ---p 00002000 103:02 9184079                   /usr/lib/x86_64-linux-gnu/libxcb-present.so.0.0.0
7f5222f2c000-7f5222f2d000 r--p 00001000 103:02 9184079                   /usr/lib/x86_64-linux-gnu/libxcb-present.so.0.0.0
7f5222f2d000-7f5222f2e000 rw-p 00002000 103:02 9184079                   /usr/lib/x86_64-linux-gnu/libxcb-present.so.0.0.0
7f5222f2e000-7f5222f31000 r-xp 00000000 103:02 9184069                   /usr/lib/x86_64-linux-gnu/libxcb-dri3.so.0.0.0
7f5222f31000-7f5223130000 ---p 00003000 103:02 9184069                   /usr/lib/x86_64-linux-gnu/libxcb-dri3.so.0.0.0
7f5223130000-7f5223131000 r--p 00002000 103:02 9184069                   /usr/lib/x86_64-linux-gnu/libxcb-dri3.so.0.0.0
7f5223131000-7f5223132000 rw-p 00003000 103:02 9184069                   /usr/lib/x86_64-linux-gnu/libxcb-dri3.so.0.0.0
7f5223132000-7f52231a2000 r-xp 00000000 103:02 9182859                   /usr/lib/x86_64-linux-gnu/libGLX_mesa.so.0.0.0
7f52231a2000-7f52233a1000 ---p 00070000 103:02 9182859                   /usr/lib/x86_64-linux-gnu/libGLX_mesa.so.0.0.0
7f52233a1000-7f52233a4000 r--p 0006f000 103:02 9182859                   /usr/lib/x86_64-linux-gnu/libGLX_mesa.so.0.0.0
7f52233a4000-7f52233a5000 rw-p 00072000 103:02 9182859                   /usr/lib/x86_64-linux-gnu/libGLX_mesa.so.0.0.0
7f52233a5000-7f52233a6000 rw-p 00000000 00:00 0 
7f52233a6000-7f52233b9000 r-xp 00000000 103:02 266836                    /lib/x86_64-linux-gnu/libbsd.so.0.8.7
7f52233b9000-7f52235b8000 ---p 00013000 103:02 266836                    /lib/x86_64-linux-gnu/libbsd.so.0.8.7
7f52235b8000-7f52235b9000 r--p 00012000 103:02 266836                    /lib/x86_64-linux-gnu/libbsd.so.0.8.7
7f52235b9000-7f52235ba000 rw-p 00013000 103:02 266836                    /lib/x86_64-linux-gnu/libbsd.so.0.8.7
7f52235ba000-7f52235bb000 rw-p 00000000 00:00 0 
7f52235bb000-7f52235c1000 r-xp 00000000 103:02 262150                    /lib/x86_64-linux-gnu/libuuid.so.1.3.0
7f52235c1000-7f52237c0000 ---p 00006000 103:02 262150                    /lib/x86_64-linux-gnu/libuuid.so.1.3.0
7f52237c0000-7f52237c1000 r--p 00005000 103:02 262150                    /lib/x86_64-linux-gnu/libuuid.so.1.3.0
7f52237c1000-7f52237c2000 rw-p 00006000 103:02 262150                    /lib/x86_64-linux-gnu/libuuid.so.1.3.0
7f52237c2000-7f52237c8000 r-xp 00000000 103:02 9183127                   /usr/lib/x86_64-linux-gnu/libdatrie.so.1.3.3
7f52237c8000-7f52239c7000 ---p 00006000 103:02 9183127                   /usr/lib/x86_64-linux-gnu/libdatrie.so.1.3.3
7f52239c7000-7f52239c8000 r--p 00005000 103:02 9183127                   /usr/lib/x86_64-linux-gnu/libdatrie.so.1.3.3
7f52239c8000-7f52239c9000 rw-p 00006000 103:02 9183127                   /usr/lib/x86_64-linux-gnu/libdatrie.so.1.3.3
7f52239c9000-7f52239ce000 r-xp 00000000 103:02 9182910                   /usr/lib/x86_64-linux-gnu/libXdmcp.so.6.0.0
7f52239ce000-7f5223bcd000 ---p 00005000 103:02 9182910                   /usr/lib/x86_64-linux-gnu/libXdmcp.so.6.0.0
7f5223bcd000-7f5223bce000 r--p 00004000 103:02 9182910                   /usr/lib/x86_64-linux-gnu/libXdmcp.so.6.0.0
7f5223bce000-7f5223bcf000 rw-p 00005000 103:02 9182910                   /usr/lib/x86_64-linux-gnu/libXdmcp.so.6.0.0
7f5223bcf000-7f5223bd1000 r-xp 00000000 103:02 9182899                   /usr/lib/x86_64-linux-gnu/libXau.so.6.0.0
7f5223bd1000-7f5223dd1000 ---p 00002000 103:02 9182899                   /usr/lib/x86_64-linux-gnu/libXau.so.6.0.0
7f5223dd1000-7f5223dd2000 r--p 00002000 103:02 9182899                   /usr/lib/x86_64-linux-gnu/libXau.so.6.0.0
7f5223dd2000-7f5223dd3000 rw-p 00003000 103:02 9182899                   /usr/lib/x86_64-linux-gnu/libXau.so.6.0.0
7f5223dd3000-7f5223dfe000 r-xp 00000000 103:02 9183384                   /usr/lib/x86_64-linux-gnu/libgraphite2.so.3.0.1
7f5223dfe000-7f5223ffd000 ---p 0002b000 103:02 9183384                   /usr/lib/x86_64-linux-gnu/libgraphite2.so.3.0.1
7f5223ffd000-7f5223fff000 r--p 0002a000 103:02 9183384                   /usr/lib/x86_64-linux-gnu/libgraphite2.so.3.0.1
7f5223fff000-7f5224000000 rw-p 0002c000 103:02 9183384                   /usr/lib/x86_64-linux-gnu/libgraphite2.so.3.0.1
7f5224000000-7f5225ee7000 rw-p 00000000 00:00 0 
7f5225ee7000-7f5228000000 ---p 00000000 00:00 0 
7f5228000000-7f5228013000 r--s 00345000 103:02 9307102                   /usr/lib/jvm/java-8-oracle/jre/lib/resources.jar
7f5228013000-7f5228026000 r--p 00000000 103:02 9307059                   /usr/lib/jvm/java-8-oracle/jre/lib/fonts/LucidaBrightDemiBold.ttf
7f5228026000-7f5228039000 r--p 00000000 103:02 9307056                   /usr/lib/jvm/java-8-oracle/jre/lib/fonts/LucidaBrightDemiItalic.ttf
7f5228039000-7f522803c000 ---p 00000000 00:00 0 
7f522803c000-7f522813a000 rw-p 00000000 00:00 0 
7f522813a000-7f5228181000 r-xp 00000000 103:02 262167                    /lib/x86_64-linux-gnu/libblkid.so.1.1.0
7f5228181000-7f5228381000 ---p 00047000 103:02 262167                    /lib/x86_64-linux-gnu/libblkid.so.1.1.0
7f5228381000-7f5228385000 r--p 00047000 103:02 262167                    /lib/x86_64-linux-gnu/libblkid.so.1.1.0
7f5228385000-7f5228386000 rw-p 0004b000 103:02 262167                    /lib/x86_64-linux-gnu/libblkid.so.1.1.0
7f5228386000-7f5228387000 rw-p 00000000 00:00 0 
7f5228387000-7f52283f5000 r-xp 00000000 103:02 9182861                   /usr/lib/x86_64-linux-gnu/libGLdispatch.so.0.0.0
7f52283f5000-7f52285f4000 ---p 0006e000 103:02 9182861                   /usr/lib/x86_64-linux-gnu/libGLdispatch.so.0.0.0
7f52285f4000-7f522861c000 r--p 0006d000 103:02 9182861                   /usr/lib/x86_64-linux-gnu/libGLdispatch.so.0.0.0
7f522861c000-7f522861d000 rw-p 00095000 103:02 9182861                   /usr/lib/x86_64-linux-gnu/libGLdispatch.so.0.0.0
7f522861d000-7f522863d000 rw-p 00000000 00:00 0 
7f522863d000-7f522864d000 r-xp 00000000 103:02 9182856                   /usr/lib/x86_64-linux-gnu/libGLX.so.0.0.0
7f522864d000-7f522884c000 ---p 00010000 103:02 9182856                   /usr/lib/x86_64-linux-gnu/libGLX.so.0.0.0
7f522884c000-7f522884d000 r--p 0000f000 103:02 9182856                   /usr/lib/x86_64-linux-gnu/libGLX.so.0.0.0
7f522884d000-7f522884e000 rw-p 00010000 103:02 9182856                   /usr/lib/x86_64-linux-gnu/libGLX.so.0.0.0
7f522884e000-7f522886e000 rw-p 00000000 00:00 0 
7f522886e000-7f52288de000 r-xp 00000000 103:02 266962                    /lib/x86_64-linux-gnu/libpcre.so.3.13.3
7f52288de000-7f5228ade000 ---p 00070000 103:02 266962                    /lib/x86_64-linux-gnu/libpcre.so.3.13.3
7f5228ade000-7f5228adf000 r--p 00070000 103:02 266962                    /lib/x86_64-linux-gnu/libpcre.so.3.13.3
7f5228adf000-7f5228ae0000 rw-p 00071000 103:02 266962                    /lib/x86_64-linux-gnu/libpcre.so.3.13.3
7f5228ae0000-7f5228ae7000 r-xp 00000000 103:02 9183241                   /usr/lib/x86_64-linux-gnu/libffi.so.6.0.4
7f5228ae7000-7f5228ce6000 ---p 00007000 103:02 9183241                   /usr/lib/x86_64-linux-gnu/libffi.so.6.0.4
7f5228ce6000-7f5228ce7000 r--p 00006000 103:02 9183241                   /usr/lib/x86_64-linux-gnu/libffi.so.6.0.4
7f5228ce7000-7f5228ce8000 rw-p 00007000 103:02 9183241                   /usr/lib/x86_64-linux-gnu/libffi.so.6.0.4
7f5228ce8000-7f5228d17000 r-xp 00000000 103:02 266870                    /lib/x86_64-linux-gnu/libexpat.so.1.6.7
7f5228d17000-7f5228f17000 ---p 0002f000 103:02 266870                    /lib/x86_64-linux-gnu/libexpat.so.1.6.7
7f5228f17000-7f5228f19000 r--p 0002f000 103:02 266870                    /lib/x86_64-linux-gnu/libexpat.so.1.6.7
7f5228f19000-7f5228f1a000 rw-p 00031000 103:02 266870                    /lib/x86_64-linux-gnu/libexpat.so.1.6.7
7f5228f1a000-7f5228f22000 r-xp 00000000 103:02 9183941                   /usr/lib/x86_64-linux-gnu/libthai.so.0.3.0
7f5228f22000-7f5229121000 ---p 00008000 103:02 9183941                   /usr/lib/x86_64-linux-gnu/libthai.so.0.3.0
7f5229121000-7f5229122000 r--p 00007000 103:02 9183941                   /usr/lib/x86_64-linux-gnu/libthai.so.0.3.0
7f5229122000-7f5229123000 rw-p 00008000 103:02 9183941                   /usr/lib/x86_64-linux-gnu/libthai.so.0.3.0
7f5229123000-7f522912f000 r-xp 00000000 103:02 9184085                   /usr/lib/x86_64-linux-gnu/libxcb-render.so.0.0.0
7f522912f000-7f522932e000 ---p 0000c000 103:02 9184085                   /usr/lib/x86_64-linux-gnu/libxcb-render.so.0.0.0
7f522932e000-7f522932f000 r--p 0000b000 103:02 9184085                   /usr/lib/x86_64-linux-gnu/libxcb-render.so.0.0.0
7f522932f000-7f5229330000 rw-p 0000c000 103:02 9184085                   /usr/lib/x86_64-linux-gnu/libxcb-render.so.0.0.0
7f5229330000-7f5229356000 r-xp 00000000 103:02 9184103                   /usr/lib/x86_64-linux-gnu/libxcb.so.1.1.0
7f5229356000-7f5229556000 ---p 00026000 103:02 9184103                   /usr/lib/x86_64-linux-gnu/libxcb.so.1.1.0
7f5229556000-7f5229557000 r--p 00026000 103:02 9184103                   /usr/lib/x86_64-linux-gnu/libxcb.so.1.1.0
7f5229557000-7f5229558000 rw-p 00027000 103:02 9184103                   /usr/lib/x86_64-linux-gnu/libxcb.so.1.1.0
7f5229558000-7f522955a000 r-xp 00000000 103:02 9184091                   /usr/lib/x86_64-linux-gnu/libxcb-shm.so.0.0.0
7f522955a000-7f5229759000 ---p 00002000 103:02 9184091                   /usr/lib/x86_64-linux-gnu/libxcb-shm.so.0.0.0
7f5229759000-7f522975a000 r--p 00001000 103:02 9184091                   /usr/lib/x86_64-linux-gnu/libxcb-shm.so.0.0.0
7f522975a000-7f522975b000 rw-p 00002000 103:02 9184091                   /usr/lib/x86_64-linux-gnu/libxcb-shm.so.0.0.0
7f522975b000-7f522978c000 r-xp 00000000 103:02 9183763                   /usr/lib/x86_64-linux-gnu/libpng16.so.16.34.0
7f522978c000-7f522998b000 ---p 00031000 103:02 9183763                   /usr/lib/x86_64-linux-gnu/libpng16.so.16.34.0
7f522998b000-7f522998c000 r--p 00030000 103:02 9183763                   /usr/lib/x86_64-linux-gnu/libpng16.so.16.34.0
7f522998c000-7f522998d000 rw-p 00031000 103:02 9183763                   /usr/lib/x86_64-linux-gnu/libpng16.so.16.34.0
7f522998d000-7f5229a2a000 r-xp 00000000 103:02 9183757                   /usr/lib/x86_64-linux-gnu/libpixman-1.so.0.34.0
7f5229a2a000-7f5229c29000 ---p 0009d000 103:02 9183757                   /usr/lib/x86_64-linux-gnu/libpixman-1.so.0.34.0
7f5229c29000-7f5229c31000 r--p 0009c000 103:02 9183757                   /usr/lib/x86_64-linux-gnu/libpixman-1.so.0.34.0
7f5229c31000-7f5229c32000 rw-p 000a4000 103:02 9183757                   /usr/lib/x86_64-linux-gnu/libpixman-1.so.0.34.0
7f5229c32000-7f5229cce000 r-xp 00000000 103:02 9183467                   /usr/lib/x86_64-linux-gnu/libharfbuzz.so.0.10702.0
7f5229cce000-7f5229ece000 ---p 0009c000 103:02 9183467                   /usr/lib/x86_64-linux-gnu/libharfbuzz.so.0.10702.0
7f5229ece000-7f5229ecf000 r--p 0009c000 103:02 9183467                   /usr/lib/x86_64-linux-gnu/libharfbuzz.so.0.10702.0
7f5229ecf000-7f5229ed0000 rw-p 0009d000 103:02 9183467                   /usr/lib/x86_64-linux-gnu/libharfbuzz.so.0.10702.0
7f5229ed0000-7f5229f21000 r-xp 00000000 103:02 262229                    /lib/x86_64-linux-gnu/libmount.so.1.1.0
7f5229f21000-7f522a120000 ---p 00051000 103:02 262229                    /lib/x86_64-linux-gnu/libmount.so.1.1.0
7f522a120000-7f522a122000 r--p 00050000 103:02 262229                    /lib/x86_64-linux-gnu/libmount.so.1.1.0
7f522a122000-7f522a123000 rw-p 00052000 103:02 262229                    /lib/x86_64-linux-gnu/libmount.so.1.1.0
7f522a123000-7f522a124000 rw-p 00000000 00:00 0 
7f522a124000-7f522a13b000 r-xp 00000000 103:02 266979                    /lib/x86_64-linux-gnu/libresolv-2.27.so
7f522a13b000-7f522a33b000 ---p 00017000 103:02 266979                    /lib/x86_64-linux-gnu/libresolv-2.27.so
7f522a33b000-7f522a33c000 r--p 00017000 103:02 266979                    /lib/x86_64-linux-gnu/libresolv-2.27.so
7f522a33c000-7f522a33d000 rw-p 00018000 103:02 266979                    /lib/x86_64-linux-gnu/libresolv-2.27.so
7f522a33d000-7f522a33f000 rw-p 00000000 00:00 0 
7f522a33f000-7f522a364000 r-xp 00000000 103:02 266985                    /lib/x86_64-linux-gnu/libselinux.so.1
7f522a364000-7f522a563000 ---p 00025000 103:02 266985                    /lib/x86_64-linux-gnu/libselinux.so.1
7f522a563000-7f522a564000 r--p 00024000 103:02 266985                    /lib/x86_64-linux-gnu/libselinux.so.1
7f522a564000-7f522a565000 rw-p 00025000 103:02 266985                    /lib/x86_64-linux-gnu/libselinux.so.1
7f522a565000-7f522a567000 rw-p 00000000 00:00 0 
7f522a567000-7f522a583000 r-xp 00000000 103:02 267012                    /lib/x86_64-linux-gnu/libz.so.1.2.11
7f522a583000-7f522a782000 ---p 0001c000 103:02 267012                    /lib/x86_64-linux-gnu/libz.so.1.2.11
7f522a782000-7f522a783000 r--p 0001b000 103:02 267012                    /lib/x86_64-linux-gnu/libz.so.1.2.11
7f522a783000-7f522a784000 rw-p 0001c000 103:02 267012                    /lib/x86_64-linux-gnu/libz.so.1.2.11
7f522a784000-7f522a795000 r-xp 00000000 103:02 9182912                   /usr/lib/x86_64-linux-gnu/libXext.so.6.4.0
7f522a795000-7f522a994000 ---p 00011000 103:02 9182912                   /usr/lib/x86_64-linux-gnu/libXext.so.6.4.0
7f522a994000-7f522a995000 r--p 00010000 103:02 9182912                   /usr/lib/x86_64-linux-gnu/libXext.so.6.4.0
7f522a995000-7f522a996000 rw-p 00011000 103:02 9182912                   /usr/lib/x86_64-linux-gnu/libXext.so.6.4.0
7f522a996000-7f522a998000 r-xp 00000000 103:02 9182908                   /usr/lib/x86_64-linux-gnu/libXdamage.so.1.1.0
7f522a998000-7f522ab97000 ---p 00002000 103:02 9182908                   /usr/lib/x86_64-linux-gnu/libXdamage.so.1.1.0
7f522ab97000-7f522ab98000 r--p 00001000 103:02 9182908                   /usr/lib/x86_64-linux-gnu/libXdamage.so.1.1.0
7f522ab98000-7f522ab99000 rw-p 00002000 103:02 9182908                   /usr/lib/x86_64-linux-gnu/libXdamage.so.1.1.0
7f522ab99000-7f522ab9b000 r-xp 00000000 103:02 9182904                   /usr/lib/x86_64-linux-gnu/libXcomposite.so.1.0.0
7f522ab9b000-7f522ad9a000 ---p 00002000 103:02 9182904                   /usr/lib/x86_64-linux-gnu/libXcomposite.so.1.0.0
7f522ad9a000-7f522ad9b000 r--p 00001000 103:02 9182904                   /usr/lib/x86_64-linux-gnu/libXcomposite.so.1.0.0
7f522ad9b000-7f522ad9c000 rw-p 00002000 103:02 9182904                   /usr/lib/x86_64-linux-gnu/libXcomposite.so.1.0.0
7f522ad9c000-7f522ada5000 r-xp 00000000 103:02 9182906                   /usr/lib/x86_64-linux-gnu/libXcursor.so.1.0.2
7f522ada5000-7f522afa4000 ---p 00009000 103:02 9182906                   /usr/lib/x86_64-linux-gnu/libXcursor.so.1.0.2
7f522afa4000-7f522afa5000 r--p 00008000 103:02 9182906                   /usr/lib/x86_64-linux-gnu/libXcursor.so.1.0.2
7f522afa5000-7f522afa6000 rw-p 00009000 103:02 9182906                   /usr/lib/x86_64-linux-gnu/libXcursor.so.1.0.2
7f522afa6000-7f522afb0000 r-xp 00000000 103:02 9182930                   /usr/lib/x86_64-linux-gnu/libXrandr.so.2.2.0
7f522afb0000-7f522b1af000 ---p 0000a000 103:02 9182930                   /usr/lib/x86_64-linux-gnu/libXrandr.so.2.2.0
7f522b1af000-7f522b1b0000 r--p 00009000 103:02 9182930                   /usr/lib/x86_64-linux-gnu/libXrandr.so.2.2.0
7f522b1b0000-7f522b1b1000 rw-p 0000a000 103:02 9182930                   /usr/lib/x86_64-linux-gnu/libXrandr.so.2.2.0
7f522b1b1000-7f522b1c0000 r-xp 00000000 103:02 9182920                   /usr/lib/x86_64-linux-gnu/libXi.so.6.1.0
7f522b1c0000-7f522b3bf000 ---p 0000f000 103:02 9182920                   /usr/lib/x86_64-linux-gnu/libXi.so.6.1.0
7f522b3bf000-7f522b3c0000 r--p 0000e000 103:02 9182920                   /usr/lib/x86_64-linux-gnu/libXi.so.6.1.0
7f522b3c0000-7f522b3c1000 rw-p 0000f000 103:02 9182920                   /usr/lib/x86_64-linux-gnu/libXi.so.6.1.0
7f522b3c1000-7f522b3c3000 r-xp 00000000 103:02 9182922                   /usr/lib/x86_64-linux-gnu/libXinerama.so.1.0.0
7f522b3c3000-7f522b5c2000 ---p 00002000 103:02 9182922                   /usr/lib/x86_64-linux-gnu/libXinerama.so.1.0.0
7f522b5c2000-7f522b5c3000 r--p 00001000 103:02 9182922                   /usr/lib/x86_64-linux-gnu/libXinerama.so.1.0.0
7f522b5c3000-7f522b5c4000 rw-p 00002000 103:02 9182922                   /usr/lib/x86_64-linux-gnu/libXinerama.so.1.0.0
7f522b5c4000-7f522b5cd000 r-xp 00000000 103:02 9182932                   /usr/lib/x86_64-linux-gnu/libXrender.so.1.3.0
7f522b5cd000-7f522b7cc000 ---p 00009000 103:02 9182932                   /usr/lib/x86_64-linux-gnu/libXrender.so.1.3.0
7f522b7cc000-7f522b7cd000 r--p 00008000 103:02 9182932                   /usr/lib/x86_64-linux-gnu/libXrender.so.1.3.0
7f522b7cd000-7f522b7ce000 rw-p 00009000 103:02 9182932                   /usr/lib/x86_64-linux-gnu/libXrender.so.1.3.0
7f522b7ce000-7f522b7e5000 r-xp 00000000 103:02 266877                    /lib/x86_64-linux-gnu/libgcc_s.so.1
7f522b7e5000-7f522b9e4000 ---p 00017000 103:02 266877                    /lib/x86_64-linux-gnu/libgcc_s.so.1
7f522b9e4000-7f522b9e5000 r--p 00016000 103:02 266877                    /lib/x86_64-linux-gnu/libgcc_s.so.1
7f522b9e5000-7f522b9e6000 rw-p 00017000 103:02 266877                    /lib/x86_64-linux-gnu/libgcc_s.so.1
7f522b9e6000-7f522bb64000 r-xp 00000000 103:02 9183920                   /usr/lib/x86_64-linux-gnu/libstdc++.so.6.0.25
7f522bb64000-7f522bd64000 ---p 0017e000 103:02 9183920                   /usr/lib/x86_64-linux-gnu/libstdc++.so.6.0.25
7f522bd64000-7f522bd6e000 r--p 0017e000 103:02 9183920                   /usr/lib/x86_64-linux-gnu/libstdc++.so.6.0.25
7f522bd6e000-7f522bd70000 rw-p 00188000 103:02 9183920                   /usr/lib/x86_64-linux-gnu/libstdc++.so.6.0.25
7f522bd70000-7f522bd74000 rw-p 00000000 00:00 0 
7f522bd74000-7f522bde5000 r-xp 00000000 103:02 9182850                   /usr/lib/x86_64-linux-gnu/libGL.so.1.0.0
7f522bde5000-7f522bfe4000 ---p 00071000 103:02 9182850                   /usr/lib/x86_64-linux-gnu/libGL.so.1.0.0
7f522bfe4000-7f522bffe000 r--p 00070000 103:02 9182850                   /usr/lib/x86_64-linux-gnu/libGL.so.1.0.0
7f522bffe000-7f522bfff000 rw-p 0008a000 103:02 9182850                   /usr/lib/x86_64-linux-gnu/libGL.so.1.0.0
7f522bfff000-7f522c000000 rw-p 00000000 00:00 0 
7f522c000000-7f522c021000 rw-p 00000000 00:00 0 
7f522c021000-7f5230000000 ---p 00000000 00:00 0 
7f5230000000-7f5230021000 rw-p 00000000 00:00 0 
7f5230021000-7f5234000000 ---p 00000000 00:00 0 
7f5234000000-7f523425f000 rw-p 00000000 00:00 0 
7f523425f000-7f5238000000 ---p 00000000 00:00 0 
7f5238000000-7f5238277000 rw-p 00000000 00:00 0 
7f5238277000-7f523c000000 ---p 00000000 00:00 0 
7f523c000000-7f523c10d000 rw-p 00000000 00:00 0 
7f523c10d000-7f5240000000 ---p 00000000 00:00 0 
7f5240000000-7f524012e000 rw-p 00000000 00:00 0 
7f524012e000-7f5244000000 ---p 00000000 00:00 0 
7f5244000000-7f5244021000 rw-p 00000000 00:00 0 
7f5244021000-7f5248000000 ---p 00000000 00:00 0 
7f5248002000-7f5248003000 rw-s 00000000 00:19 2468                       /i915 (deleted)
7f5248003000-7f5248008000 r-xp 00000000 103:02 9182914                   /usr/lib/x86_64-linux-gnu/libXfixes.so.3.1.0
7f5248008000-7f5248207000 ---p 00005000 103:02 9182914                   /usr/lib/x86_64-linux-gnu/libXfixes.so.3.1.0
7f5248207000-7f5248208000 r--p 00004000 103:02 9182914                   /usr/lib/x86_64-linux-gnu/libXfixes.so.3.1.0
7f5248208000-7f5248209000 rw-p 00005000 103:02 9182914                   /usr/lib/x86_64-linux-gnu/libXfixes.so.3.1.0
7f5248209000-7f524820e000 r-xp 00000000 103:02 9182948                   /usr/lib/x86_64-linux-gnu/libXxf86vm.so.1.0.0
7f524820e000-7f524840d000 ---p 00005000 103:02 9182948                   /usr/lib/x86_64-linux-gnu/libXxf86vm.so.1.0.0
7f524840d000-7f524840e000 r--p 00004000 103:02 9182948                   /usr/lib/x86_64-linux-gnu/libXxf86vm.so.1.0.0
7f524840e000-7f524840f000 rw-p 00005000 103:02 9182948                   /usr/lib/x86_64-linux-gnu/libXxf86vm.so.1.0.0
7f524840f000-7f5248543000 r-xp 00000000 103:02 9182895                   /usr/lib/x86_64-linux-gnu/libX11.so.6.3.0
7f5248543000-7f5248743000 ---p 00134000 103:02 9182895                   /usr/lib/x86_64-linux-gnu/libX11.so.6.3.0
7f5248743000-7f5248744000 r--p 00134000 103:02 9182895                   /usr/lib/x86_64-linux-gnu/libX11.so.6.3.0
7f5248744000-7f5248748000 rw-p 00135000 103:02 9182895                   /usr/lib/x86_64-linux-gnu/libX11.so.6.3.0
7f5248748000-7f524874d000 r-xp 00000000 103:02 9182938                   /usr/lib/x86_64-linux-gnu/libXtst.so.6.1.0
7f524874d000-7f524894c000 ---p 00005000 103:02 9182938                   /usr/lib/x86_64-linux-gnu/libXtst.so.6.1.0
7f524894c000-7f524894d000 r--p 00004000 103:02 9182938                   /usr/lib/x86_64-linux-gnu/libXtst.so.6.1.0
7f524894d000-7f524894e000 rw-p 00005000 103:02 9182938                   /usr/lib/x86_64-linux-gnu/libXtst.so.6.1.0
7f524894e000-7f5248a61000 r-xp 00000000 103:02 9183335                   /usr/lib/x86_64-linux-gnu/libglib-2.0.so.0.5600.1
7f5248a61000-7f5248c61000 ---p 00113000 103:02 9183335                   /usr/lib/x86_64-linux-gnu/libglib-2.0.so.0.5600.1
7f5248c61000-7f5248c62000 r--p 00113000 103:02 9183335                   /usr/lib/x86_64-linux-gnu/libglib-2.0.so.0.5600.1
7f5248c62000-7f5248c63000 rw-p 00114000 103:02 9183335                   /usr/lib/x86_64-linux-gnu/libglib-2.0.so.0.5600.1
7f5248c63000-7f5248c64000 rw-p 00000000 00:00 0 
7f5248c64000-7f5248c65000 r-xp 00000000 103:02 9183438                   /usr/lib/x86_64-linux-gnu/libgthread-2.0.so.0.5600.1
7f5248c65000-7f5248e64000 ---p 00001000 103:02 9183438                   /usr/lib/x86_64-linux-gnu/libgthread-2.0.so.0.5600.1
7f5248e64000-7f5248e65000 r--p 00000000 103:02 9183438                   /usr/lib/x86_64-linux-gnu/libgthread-2.0.so.0.5600.1
7f5248e65000-7f5248e66000 rw-p 00001000 103:02 9183438                   /usr/lib/x86_64-linux-gnu/libgthread-2.0.so.0.5600.1
7f5248e66000-7f5248e69000 r-xp 00000000 103:02 9183339                   /usr/lib/x86_64-linux-gnu/libgmodule-2.0.so.0.5600.1
7f5248e69000-7f5249068000 ---p 00003000 103:02 9183339                   /usr/lib/x86_64-linux-gnu/libgmodule-2.0.so.0.5600.1
7f5249068000-7f5249069000 r--p 00002000 103:02 9183339                   /usr/lib/x86_64-linux-gnu/libgmodule-2.0.so.0.5600.1
7f5249069000-7f524906a000 rw-p 00003000 103:02 9183339                   /usr/lib/x86_64-linux-gnu/libgmodule-2.0.so.0.5600.1
7f524906a000-7f52490bc000 r-xp 00000000 103:02 9183363                   /usr/lib/x86_64-linux-gnu/libgobject-2.0.so.0.5600.1
7f52490bc000-7f52492bc000 ---p 00052000 103:02 9183363                   /usr/lib/x86_64-linux-gnu/libgobject-2.0.so.0.5600.1
7f52492bc000-7f52492bd000 r--p 00052000 103:02 9183363                   /usr/lib/x86_64-linux-gnu/libgobject-2.0.so.0.5600.1
7f52492bd000-7f52492be000 rw-p 00053000 103:02 9183363                   /usr/lib/x86_64-linux-gnu/libgobject-2.0.so.0.5600.1
7f52492be000-7f52492fc000 r-xp 00000000 103:02 9183255                   /usr/lib/x86_64-linux-gnu/libfontconfig.so.1.10.1
7f52492fc000-7f52494fc000 ---p 0003e000 103:02 9183255                   /usr/lib/x86_64-linux-gnu/libfontconfig.so.1.10.1
7f52494fc000-7f52494fe000 r--p 0003e000 103:02 9183255                   /usr/lib/x86_64-linux-gnu/libfontconfig.so.1.10.1
7f52494fe000-7f5249503000 rw-p 00040000 103:02 9183255                   /usr/lib/x86_64-linux-gnu/libfontconfig.so.1.10.1
7f5249503000-7f52495b0000 r-xp 00000000 103:02 9183273                   /usr/lib/x86_64-linux-gnu/libfreetype.so.6.15.0
7f52495b0000-7f52497af000 ---p 000ad000 103:02 9183273                   /usr/lib/x86_64-linux-gnu/libfreetype.so.6.15.0
7f52497af000-7f52497b6000 r--p 000ac000 103:02 9183273                   /usr/lib/x86_64-linux-gnu/libfreetype.so.6.15.0
7f52497b6000-7f52497b7000 rw-p 000b3000 103:02 9183273                   /usr/lib/x86_64-linux-gnu/libfreetype.so.6.15.0
7f52497b7000-7f5249801000 r-xp 00000000 103:02 9183725                   /usr/lib/x86_64-linux-gnu/libpango-1.0.so.0.4000.14
7f5249801000-7f5249a00000 ---p 0004a000 103:02 9183725                   /usr/lib/x86_64-linux-gnu/libpango-1.0.so.0.4000.14
7f5249a00000-7f5249a03000 r--p 00049000 103:02 9183725                   /usr/lib/x86_64-linux-gnu/libpango-1.0.so.0.4000.14
7f5249a03000-7f5249a04000 rw-p 0004c000 103:02 9183725                   /usr/lib/x86_64-linux-gnu/libpango-1.0.so.0.4000.14
7f5249a04000-7f5249b1c000 r-xp 00000000 103:02 9183050                   /usr/lib/x86_64-linux-gnu/libcairo.so.2.11510.0
7f5249b1c000-7f5249d1b000 ---p 00118000 103:02 9183050                   /usr/lib/x86_64-linux-gnu/libcairo.so.2.11510.0
7f5249d1b000-7f5249d1e000 r--p 00117000 103:02 9183050                   /usr/lib/x86_64-linux-gnu/libcairo.so.2.11510.0
7f5249d1e000-7f5249d20000 rw-p 0011a000 103:02 9183050                   /usr/lib/x86_64-linux-gnu/libcairo.so.2.11510.0
7f5249d20000-7f5249d21000 rw-p 00000000 00:00 0 
7f5249d21000-7f5249d2d000 r-xp 00000000 103:02 9183727                   /usr/lib/x86_64-linux-gnu/libpangocairo-1.0.so.0.4000.14
7f5249d2d000-7f5249f2c000 ---p 0000c000 103:02 9183727                   /usr/lib/x86_64-linux-gnu/libpangocairo-1.0.so.0.4000.14
7f5249f2c000-7f5249f2d000 r--p 0000b000 103:02 9183727                   /usr/lib/x86_64-linux-gnu/libpangocairo-1.0.so.0.4000.14
7f5249f2d000-7f5249f2e000 rw-p 0000c000 103:02 9183727                   /usr/lib/x86_64-linux-gnu/libpangocairo-1.0.so.0.4000.14
7f5249f2e000-7f5249f50000 r-xp 00000000 103:02 9183311                   /usr/lib/x86_64-linux-gnu/libgdk_pixbuf-2.0.so.0.3611.0
7f5249f50000-7f524a150000 ---p 00022000 103:02 9183311                   /usr/lib/x86_64-linux-gnu/libgdk_pixbuf-2.0.so.0.3611.0
7f524a150000-7f524a151000 r--p 00022000 103:02 9183311                   /usr/lib/x86_64-linux-gnu/libgdk_pixbuf-2.0.so.0.3611.0
7f524a151000-7f524a152000 rw-p 00023000 103:02 9183311                   /usr/lib/x86_64-linux-gnu/libgdk_pixbuf-2.0.so.0.3611.0
7f524a152000-7f524a166000 r-xp 00000000 103:02 9183729                   /usr/lib/x86_64-linux-gnu/libpangoft2-1.0.so.0.4000.14
7f524a166000-7f524a366000 ---p 00014000 103:02 9183729                   /usr/lib/x86_64-linux-gnu/libpangoft2-1.0.so.0.4000.14
7f524a366000-7f524a367000 r--p 00014000 103:02 9183729                   /usr/lib/x86_64-linux-gnu/libpangoft2-1.0.so.0.4000.14
7f524a367000-7f524a368000 rw-p 00015000 103:02 9183729                   /usr/lib/x86_64-linux-gnu/libpangoft2-1.0.so.0.4000.14
7f524a368000-7f524a4fc000 r-xp 00000000 103:02 9183329                   /usr/lib/x86_64-linux-gnu/libgio-2.0.so.0.5600.1
7f524a4fc000-7f524a6fc000 ---p 00194000 103:02 9183329                   /usr/lib/x86_64-linux-gnu/libgio-2.0.so.0.5600.1
7f524a6fc000-7f524a703000 r--p 00194000 103:02 9183329                   /usr/lib/x86_64-linux-gnu/libgio-2.0.so.0.5600.1
7f524a703000-7f524a704000 rw-p 0019b000 103:02 9183329                   /usr/lib/x86_64-linux-gnu/libgio-2.0.so.0.5600.1
7f524a704000-7f524a706000 rw-p 00000000 00:00 0 
7f524a706000-7f524a728000 r-xp 00000000 103:02 9182985                   /usr/lib/x86_64-linux-gnu/libatk-1.0.so.0.22810.1
7f524a728000-7f524a928000 ---p 00022000 103:02 9182985                   /usr/lib/x86_64-linux-gnu/libatk-1.0.so.0.22810.1
7f524a928000-7f524a92b000 r--p 00022000 103:02 9182985                   /usr/lib/x86_64-linux-gnu/libatk-1.0.so.0.22810.1
7f524a92b000-7f524a92c000 rw-p 00025000 103:02 9182985                   /usr/lib/x86_64-linux-gnu/libatk-1.0.so.0.22810.1
7f524a92c000-7f524a9dc000 r-xp 00000000 103:02 9183309                   /usr/lib/x86_64-linux-gnu/libgdk-x11-2.0.so.0.2400.32
7f524a9dc000-7f524abdb000 ---p 000b0000 103:02 9183309                   /usr/lib/x86_64-linux-gnu/libgdk-x11-2.0.so.0.2400.32
7f524abdb000-7f524abdf000 r--p 000af000 103:02 9183309                   /usr/lib/x86_64-linux-gnu/libgdk-x11-2.0.so.0.2400.32
7f524abdf000-7f524abe1000 rw-p 000b3000 103:02 9183309                   /usr/lib/x86_64-linux-gnu/libgdk-x11-2.0.so.0.2400.32
7f524abe1000-7f524b016000 r-xp 00000000 103:02 9183442                   /usr/lib/x86_64-linux-gnu/libgtk-x11-2.0.so.0.2400.32
7f524b016000-7f524b215000 ---p 00435000 103:02 9183442                   /usr/lib/x86_64-linux-gnu/libgtk-x11-2.0.so.0.2400.32
7f524b215000-7f524b21c000 r--p 00434000 103:02 9183442                   /usr/lib/x86_64-linux-gnu/libgtk-x11-2.0.so.0.2400.32
7f524b21c000-7f524b220000 rw-p 0043b000 103:02 9183442                   /usr/lib/x86_64-linux-gnu/libgtk-x11-2.0.so.0.2400.32
7f524b220000-7f524b223000 rw-p 00000000 00:00 0 
7f524b223000-7f524b22f000 r-xp 00000000 103:02 9441136                   /usr/lib/jvm/java-8-oracle/jre/lib/amd64/libprism_es2.so
7f524b22f000-7f524b42e000 ---p 0000c000 103:02 9441136                   /usr/lib/jvm/java-8-oracle/jre/lib/amd64/libprism_es2.so
7f524b42e000-7f524b42f000 rw-p 0000b000 103:02 9441136                   /usr/lib/jvm/java-8-oracle/jre/lib/amd64/libprism_es2.so
7f524b42f000-7f524b432000 ---p 00000000 00:00 0 
7f524b432000-7f524b530000 rw-p 00000000 00:00 0 
7f524b530000-7f524b531000 ---p 00000000 00:00 0 
7f524b531000-7f524b631000 rw-p 00000000 00:00 0 
7f524b631000-7f524c000000 r--p 00000000 103:02 9181819                   /usr/lib/locale/locale-archive
7f524c000000-7f524c021000 rw-p 00000000 00:00 0 
7f524c021000-7f5250000000 ---p 00000000 00:00 0 
7f5250000000-7f5250021000 rw-p 00000000 00:00 0 
7f5250021000-7f5254000000 ---p 00000000 00:00 0 
7f5254000000-7f5254021000 rw-p 00000000 00:00 0 
7f5254021000-7f5258000000 ---p 00000000 00:00 0 
7f5258001000-7f525803d000 r--p 00000000 103:02 9307057                   /usr/lib/jvm/java-8-oracle/jre/lib/fonts/LucidaTypewriterRegular.ttf
7f525803d000-7f5258051000 r--p 00000000 103:02 9307051                   /usr/lib/jvm/java-8-oracle/jre/lib/fonts/LucidaBrightItalic.ttf
7f5258051000-7f5258056000 r--s 00084000 103:02 9307039                   /usr/lib/jvm/java-8-oracle/jre/lib/jfr.jar
7f5258056000-7f5258061000 r--s 00000000 103:02 15335732                  /var/cache/fontconfig/945677eb7aeaf62f1d50efc3fb3ec7d8-le64.cache-7
7f5258061000-7f5258066000 r--s 00000000 103:02 15335703                  /var/cache/fontconfig/2300eef321c393bfd76478a5c0e95b23-le64.cache-7
7f5258066000-7f5258067000 r--s 00000000 103:02 15335696                  /var/cache/fontconfig/0d8c3b2ac0904cb8a57a757ad11a4a08-le64.cache-7
7f5258067000-7f525806b000 r--s 00000000 103:02 15341872                  /var/cache/fontconfig/de156ccd2eddbdc19d37a45b8b2aac9c-le64.cache-7
7f525806b000-7f5258080000 r--s 00000000 103:02 15335692                  /var/cache/fontconfig/04aabc0a78ac019cf9454389977116d2-le64.cache-7
7f5258080000-7f5258081000 r--s 00000000 103:02 15335700                  /var/cache/fontconfig/1ac9eb803944fde146138c791f5cc56a-le64.cache-7
7f5258081000-7f5258082000 r--s 00000000 103:02 15335751                  /var/cache/fontconfig/dc05db6664285cc2f12bf69c139ae4c3-le64.cache-7
7f5258082000-7f5258084000 r--s 00000000 103:02 15335697                  /var/cache/fontconfig/14a5e22175779b556eaa434240950366-le64.cache-7
7f5258084000-7f5258085000 r--s 00000000 103:02 15335724                  /var/cache/fontconfig/660208299946a285a940457d1287da33-le64.cache-7
7f5258085000-7f5258087000 r--s 00000000 103:02 15335715                  /var/cache/fontconfig/4f3e3037c9980c83b53a9351efadef62-le64.cache-7
7f5258087000-7f5258089000 r--s 00000000 103:02 15335729                  /var/cache/fontconfig/767a8244fc0220cfb567a839d0392e0b-le64.cache-7
7f5258089000-7f525808a000 r--s 00000000 103:02 15335710                  /var/cache/fontconfig/4794a0821666d79190d59a36cb4f44b5-le64.cache-7
7f525808a000-7f525808c000 r--s 00000000 103:02 15335694                  /var/cache/fontconfig/0bd3dc0958fa2205aaaa8ebb13e2872b-le64.cache-7
7f525808c000-7f5258091000 r--s 00000000 103:02 15335752                  /var/cache/fontconfig/def309198bfa603429122923fa2bb2d4-le64.cache-7
7f5258091000-7f5258092000 r--s 00000000 103:02 15335740                  /var/cache/fontconfig/b872e6e592da6075ffa4ab0a1fcc0c75-le64.cache-7
7f5258092000-7f5258093000 r--s 00000000 103:02 15335757                  /var/cache/fontconfig/f6d4eedfaab2589bde49f7a3ff831d22-le64.cache-7
7f5258093000-7f5258094000 r--s 00000000 103:02 15335722                  /var/cache/fontconfig/589f83ef4c36d296ce6e1c846f468f08-le64.cache-7
7f5258094000-7f5258095000 r--s 00000000 103:02 15335742                  /var/cache/fontconfig/bab58bb527bb656aaa9f116d68a48d89-le64.cache-7
7f5258095000-7f5258096000 r--s 00000000 103:02 15335701                  /var/cache/fontconfig/2171a34dccabdb6bcbbc728186263178-le64.cache-7
7f5258096000-7f5258097000 r--s 00000000 103:02 15335743                  /var/cache/fontconfig/c5c45a61289222e0d30b1a26ef4effbe-le64.cache-7
7f5258097000-7f5258098000 r--s 00000000 103:02 15335738                  /var/cache/fontconfig/aec30016f93e1b46d1a973dce0d74068-le64.cache-7
7f5258098000-7f5258099000 r--s 00000000 103:02 15335708                  /var/cache/fontconfig/3f589640d34b7dc9042c8d453f7c8b9c-le64.cache-7
7f5258099000-7f525809a000 r--s 00000000 103:02 15335698                  /var/cache/fontconfig/16c2fda60d1b4b719f4b3d06fd951d25-le64.cache-7
7f525809a000-7f525809b000 r--s 00000000 103:02 15335737                  /var/cache/fontconfig/a48eab177a16e4f3713381162db2f3e9-le64.cache-7
7f525809b000-7f525809c000 r--s 00000000 103:02 15335718                  /var/cache/fontconfig/564b2e68ac9bc4e36a6f7f6d6125ec1c-le64.cache-7
7f525809c000-7f52580a1000 r--s 00000000 103:02 15335735                  /var/cache/fontconfig/9d2451b1fd30e5bffe8383fd27c35478-le64.cache-7
7f52580a1000-7f52580a7000 r--s 00000000 103:02 15335704                  /var/cache/fontconfig/3047814df9a2f067bd2d96a2b9c36e5a-le64.cache-7
7f52580a7000-7f52580a8000 r--s 00000000 103:02 15335719                  /var/cache/fontconfig/56cf4f4769d0f4abc89a4895d7bd3ae1-le64.cache-7
7f52580a8000-7f52580a9000 r--s 00000000 103:02 15335741                  /var/cache/fontconfig/b9d506c9ac06c20b433354fa67a72993-le64.cache-7
7f52580a9000-7f52580af000 r--s 00000000 103:02 15335739                  /var/cache/fontconfig/b47c4e1ecd0709278f4910c18777a504-le64.cache-7
7f52580af000-7f52580c2000 r--s 00000000 103:02 15335748                  /var/cache/fontconfig/d52a8644073d54c13679302ca1180695-le64.cache-7
7f52580c2000-7f52580c3000 r--s 00000000 103:02 15335706                  /var/cache/fontconfig/370e5b74bf5dafc30834de68e24a87a4-le64.cache-7
7f52580c3000-7f52580cf000 r--s 00000000 103:02 15340041                  /var/cache/fontconfig/d589a48862398ed80a3d6066f4f56f4c-le64.cache-7
7f52580cf000-7f52580dd000 r--s 00000000 103:02 15335734                  /var/cache/fontconfig/9b89f8e3dae116d678bbf48e5f21f69b-le64.cache-7
7f52580dd000-7f52580e0000 ---p 00000000 00:00 0 
7f52580e0000-7f52581de000 rw-p 00000000 00:00 0 
7f52581de000-7f52581df000 ---p 00000000 00:00 0 
7f52581df000-7f52581e2000 ---p 00000000 00:00 0 
7f52581e2000-7f52582df000 rw-p 00000000 00:00 0 
7f52582df000-7f52582e0000 ---p 00000000 00:00 0 
7f52582e0000-7f52582e3000 ---p 00000000 00:00 0 
7f52582e3000-7f525c000000 rw-p 00000000 00:00 0 
7f525c000000-7f525c021000 rw-p 00000000 00:00 0 
7f525c021000-7f5260000000 ---p 00000000 00:00 0 
7f5260000000-7f5260021000 rw-p 00000000 00:00 0 
7f5260021000-7f5264000000 ---p 00000000 00:00 0 
7f5264000000-7f5264021000 rw-p 00000000 00:00 0 
7f5264021000-7f5268000000 ---p 00000000 00:00 0 
7f5268000000-7f5268021000 rw-p 00000000 00:00 0 
7f5268021000-7f526c000000 ---p 00000000 00:00 0 
7f526c000000-7f526c021000 rw-p 00000000 00:00 0 
7f526c021000-7f5270000000 ---p 00000000 00:00 0 
7f5270000000-7f5270021000 rw-p 00000000 00:00 0 
7f5270021000-7f5274000000 ---p 00000000 00:00 0 
7f5274000000-7f5274021000 rw-p 00000000 00:00 0 
7f5274021000-7f5278000000 ---p 00000000 00:00 0 
7f5278000000-7f5278021000 rw-p 00000000 00:00 0 
7f5278021000-7f527c000000 ---p 00000000 00:00 0 
7f527c000000-7f527c001000 r--s 00000000 103:02 15335717                  /var/cache/fontconfig/6b2c5944714ca7831b25bed9e85cb5c8-le64.cache-7
7f527c001000-7f527c002000 r--s 00000000 103:02 15335747                  /var/cache/fontconfig/d5178ab6d91b49bf20a416737dcea9e8-le64.cache-7
7f527c002000-7f527c003000 r--s 00000000 103:02 15335756                  /var/cache/fontconfig/551ecf3b0e8b0bca0f25c0944f561853-le64.cache-7
7f527c003000-7f527c006000 r--s 00000000 103:02 15335725                  /var/cache/fontconfig/f259c2cffa685e28062317905db73c4a-le64.cache-7
7f527c006000-7f527c008000 r--s 00000000 103:02 15337524                  /var/cache/fontconfig/550f3886151c940c12a5ed35f6a00586-le64.cache-7
7f527c008000-7f527c09d000 r--s 0110b000 103:02 9439507                   /usr/lib/jvm/java-8-oracle/jre/lib/ext/jfxrt.jar
7f527c09d000-7f527c09e000 ---p 00000000 00:00 0 
7f527c09e000-7f527c0a1000 ---p 00000000 00:00 0 
7f527c0a1000-7f527c19e000 rw-p 00000000 00:00 0 
7f527c19e000-7f527c19f000 ---p 00000000 00:00 0 
7f527c19f000-7f527c1a2000 ---p 00000000 00:00 0 
7f527c1a2000-7f527c29f000 rw-p 00000000 00:00 0 
7f527c29f000-7f527c2a2000 ---p 00000000 00:00 0 
7f527c2a2000-7f527c3a0000 rw-p 00000000 00:00 0 
7f527c3a0000-7f527c3a3000 ---p 00000000 00:00 0 
7f527c3a3000-7f527c4a1000 rw-p 00000000 00:00 0 
7f527c4a1000-7f527c4a4000 ---p 00000000 00:00 0 
7f527c4a4000-7f527c5a2000 rw-p 00000000 00:00 0 
7f527c5a2000-7f527c5a3000 ---p 00000000 00:00 0 
7f527c5a3000-7f527e1be000 rw-p 00000000 00:00 0 
7f527e1be000-7f527e398000 r--s 03d68000 103:02 9307075                   /usr/lib/jvm/java-8-oracle/jre/lib/rt.jar
7f527e398000-7f527ef5a000 rw-p 00000000 00:00 0 
7f527ef5a000-7f527ef5b000 ---p 00000000 00:00 0 
7f527ef5b000-7f527f05b000 rw-p 00000000 00:00 0 
7f527f05b000-7f527f05c000 ---p 00000000 00:00 0 
7f527f05c000-7f527f15c000 rw-p 00000000 00:00 0 
7f527f15c000-7f527f15d000 ---p 00000000 00:00 0 
7f527f15d000-7f527f25d000 rw-p 00000000 00:00 0 
7f527f25d000-7f527f25e000 ---p 00000000 00:00 0 
7f527f25e000-7f527f35e000 rw-p 00000000 00:00 0 
7f527f35e000-7f527f35f000 ---p 00000000 00:00 0 
7f527f35f000-7f527f45f000 rw-p 00000000 00:00 0 
7f527f45f000-7f527f460000 ---p 00000000 00:00 0 
7f527f460000-7f527f560000 rw-p 00000000 00:00 0 
7f527f560000-7f527f561000 ---p 00000000 00:00 0 
7f527f561000-7f527f661000 rw-p 00000000 00:00 0 
7f527f661000-7f527f662000 ---p 00000000 00:00 0 
7f527f662000-7f527f78b000 rw-p 00000000 00:00 0 
7f527f78b000-7f527f9e4000 ---p 00000000 00:00 0 
7f527f9e4000-7f527fa0d000 rw-p 00000000 00:00 0 
7f527fa0d000-7f527fc65000 ---p 00000000 00:00 0 
7f527fc65000-7f527fc7a000 rw-p 00000000 00:00 0 
7f527fc7a000-7f527fda6000 ---p 00000000 00:00 0 
7f527fda6000-7f527fdba000 rw-p 00000000 00:00 0 
7f527fdba000-7f5280167000 ---p 00000000 00:00 0 
7f5280167000-7f5280617000 rwxp 00000000 00:00 0 
7f5280617000-7f528f167000 ---p 00000000 00:00 0 
7f528f167000-7f528f182000 r-xp 00000000 103:02 9441128                   /usr/lib/jvm/java-8-oracle/jre/lib/amd64/libzip.so
7f528f182000-7f528f382000 ---p 0001b000 103:02 9441128                   /usr/lib/jvm/java-8-oracle/jre/lib/amd64/libzip.so
7f528f382000-7f528f383000 rw-p 0001b000 103:02 9441128                   /usr/lib/jvm/java-8-oracle/jre/lib/amd64/libzip.so
7f528f383000-7f528f38e000 r-xp 00000000 103:02 266930                    /lib/x86_64-linux-gnu/libnss_files-2.27.so
7f528f38e000-7f528f58d000 ---p 0000b000 103:02 266930                    /lib/x86_64-linux-gnu/libnss_files-2.27.so
7f528f58d000-7f528f58e000 r--p 0000a000 103:02 266930                    /lib/x86_64-linux-gnu/libnss_files-2.27.so
7f528f58e000-7f528f58f000 rw-p 0000b000 103:02 266930                    /lib/x86_64-linux-gnu/libnss_files-2.27.so
7f528f58f000-7f528f595000 rw-p 00000000 00:00 0 
7f528f595000-7f528f5ac000 r-xp 00000000 103:02 266924                    /lib/x86_64-linux-gnu/libnsl-2.27.so
7f528f5ac000-7f528f7ab000 ---p 00017000 103:02 266924                    /lib/x86_64-linux-gnu/libnsl-2.27.so
7f528f7ab000-7f528f7ac000 r--p 00016000 103:02 266924                    /lib/x86_64-linux-gnu/libnsl-2.27.so
7f528f7ac000-7f528f7ad000 rw-p 00017000 103:02 266924                    /lib/x86_64-linux-gnu/libnsl-2.27.so
7f528f7ad000-7f528f7af000 rw-p 00000000 00:00 0 
7f528f7af000-7f528f7ba000 r-xp 00000000 103:02 266941                    /lib/x86_64-linux-gnu/libnss_nis-2.27.so
7f528f7ba000-7f528f9b9000 ---p 0000b000 103:02 266941                    /lib/x86_64-linux-gnu/libnss_nis-2.27.so
7f528f9b9000-7f528f9ba000 r--p 0000a000 103:02 266941                    /lib/x86_64-linux-gnu/libnss_nis-2.27.so
7f528f9ba000-7f528f9bb000 rw-p 0000b000 103:02 266941                    /lib/x86_64-linux-gnu/libnss_nis-2.27.so
7f528f9bb000-7f528f9c3000 r-xp 00000000 103:02 266926                    /lib/x86_64-linux-gnu/libnss_compat-2.27.so
7f528f9c3000-7f528fbc3000 ---p 00008000 103:02 266926                    /lib/x86_64-linux-gnu/libnss_compat-2.27.so
7f528fbc3000-7f528fbc4000 r--p 00008000 103:02 266926                    /lib/x86_64-linux-gnu/libnss_compat-2.27.so
7f528fbc4000-7f528fbc5000 rw-p 00009000 103:02 266926                    /lib/x86_64-linux-gnu/libnss_compat-2.27.so
7f528fbc5000-7f528fbf0000 r-xp 00000000 103:02 9441122                   /usr/lib/jvm/java-8-oracle/jre/lib/amd64/libjava.so
7f528fbf0000-7f528fdef000 ---p 0002b000 103:02 9441122                   /usr/lib/jvm/java-8-oracle/jre/lib/amd64/libjava.so
7f528fdef000-7f528fdf1000 rw-p 0002a000 103:02 9441122                   /usr/lib/jvm/java-8-oracle/jre/lib/amd64/libjava.so
7f528fdf1000-7f528fdfe000 r-xp 00000000 103:02 9441127                   /usr/lib/jvm/java-8-oracle/jre/lib/amd64/libverify.so
7f528fdfe000-7f528fffe000 ---p 0000d000 103:02 9441127                   /usr/lib/jvm/java-8-oracle/jre/lib/amd64/libverify.so
7f528fffe000-7f5290000000 rw-p 0000d000 103:02 9441127                   /usr/lib/jvm/java-8-oracle/jre/lib/amd64/libverify.so
7f5290000000-7f52905e0000 rw-p 00000000 00:00 0 
7f52905e0000-7f5294000000 ---p 00000000 00:00 0 
7f5294000000-7f5294003000 r--s 00000000 103:02 15337525                  /var/cache/fontconfig/674d1711f2d1d2a09646eb0bdcadee49-le64.cache-7
7f5294003000-7f5294004000 r--s 00000000 103:02 15335709                  /var/cache/fontconfig/3f7329c5293ffd510edef78f73874cfd-le64.cache-7
7f5294004000-7f5294005000 r--s 00000000 103:02 15335695                  /var/cache/fontconfig/0c9eb80ebd1c36541ebe2852d3bb0c49-le64.cache-7
7f5294005000-7f5294006000 r--s 00000000 103:02 15335702                  /var/cache/fontconfig/22368d551a680bfe5a62c02760edf4ea-le64.cache-7
7f5294006000-7f5294007000 r--s 00000000 103:02 15335714                  /var/cache/fontconfig/4d9c95eba1cb85bbcf2878543262124a-le64.cache-7
7f5294007000-7f5294008000 r--s 00000000 103:02 15335731                  /var/cache/fontconfig/85e0a52ce643a7ba2ae53e5d6949cead-le64.cache-7
7f5294008000-7f5294009000 r--s 00000000 103:02 15335711                  /var/cache/fontconfig/49f0de54bdd920fe4f0dfd4cbac43e6b-le64.cache-7
7f5294009000-7f529400a000 r--s 00000000 103:02 15335758                  /var/cache/fontconfig/f6e6e0a5c3d2f6ae0c0c2e0ecd42a997-le64.cache-7
7f529400a000-7f5294018000 r--s 00000000 103:02 15336063                  /var/cache/fontconfig/e13b20fdb08344e0e664864cc2ede53d-le64.cache-7
7f5294018000-7f529401d000 rw-s 00000000 00:19 2330                       /i915 (deleted)
7f529401d000-7f5294021000 rw-s 00000000 00:19 2320                       /i915 (deleted)
7f5294021000-7f5294097000 rw-p 00000000 00:00 0 
7f5294097000-7f529409e000 r-xp 00000000 103:02 266981                    /lib/x86_64-linux-gnu/librt-2.27.so
7f529409e000-7f529429d000 ---p 00007000 103:02 266981                    /lib/x86_64-linux-gnu/librt-2.27.so
7f529429d000-7f529429e000 r--p 00006000 103:02 266981                    /lib/x86_64-linux-gnu/librt-2.27.so
7f529429e000-7f529429f000 rw-p 00007000 103:02 266981                    /lib/x86_64-linux-gnu/librt-2.27.so
7f529429f000-7f529443c000 r-xp 00000000 103:02 266903                    /lib/x86_64-linux-gnu/libm-2.27.so
7f529443c000-7f529463b000 ---p 0019d000 103:02 266903                    /lib/x86_64-linux-gnu/libm-2.27.so
7f529463b000-7f529463c000 r--p 0019c000 103:02 266903                    /lib/x86_64-linux-gnu/libm-2.27.so
7f529463c000-7f529463d000 rw-p 0019d000 103:02 266903                    /lib/x86_64-linux-gnu/libm-2.27.so
7f529463d000-7f5295316000 r-xp 00000000 103:02 9441104                   /usr/lib/jvm/java-8-oracle/jre/lib/amd64/server/libjvm.so
7f5295316000-7f5295515000 ---p 00cd9000 103:02 9441104                   /usr/lib/jvm/java-8-oracle/jre/lib/amd64/server/libjvm.so
7f5295515000-7f52955ef000 rw-p 00cd8000 103:02 9441104                   /usr/lib/jvm/java-8-oracle/jre/lib/amd64/server/libjvm.so
7f52955ef000-7f529563a000 rw-p 00000000 00:00 0 
7f529563a000-7f5295821000 r-xp 00000000 103:02 266840                    /lib/x86_64-linux-gnu/libc-2.27.so
7f5295821000-7f5295a21000 ---p 001e7000 103:02 266840                    /lib/x86_64-linux-gnu/libc-2.27.so
7f5295a21000-7f5295a25000 r--p 001e7000 103:02 266840                    /lib/x86_64-linux-gnu/libc-2.27.so
7f5295a25000-7f5295a27000 rw-p 001eb000 103:02 266840                    /lib/x86_64-linux-gnu/libc-2.27.so
7f5295a27000-7f5295a2b000 rw-p 00000000 00:00 0 
7f5295a2b000-7f5295a2e000 r-xp 00000000 103:02 266863                    /lib/x86_64-linux-gnu/libdl-2.27.so
7f5295a2e000-7f5295c2d000 ---p 00003000 103:02 266863                    /lib/x86_64-linux-gnu/libdl-2.27.so
7f5295c2d000-7f5295c2e000 r--p 00002000 103:02 266863                    /lib/x86_64-linux-gnu/libdl-2.27.so
7f5295c2e000-7f5295c2f000 rw-p 00003000 103:02 266863                    /lib/x86_64-linux-gnu/libdl-2.27.so
7f5295c2f000-7f5295c45000 r-xp 00000000 103:02 9441099                   /usr/lib/jvm/java-8-oracle/jre/lib/amd64/jli/libjli.so
7f5295c45000-7f5295e44000 ---p 00016000 103:02 9441099                   /usr/lib/jvm/java-8-oracle/jre/lib/amd64/jli/libjli.so
7f5295e44000-7f5295e45000 rw-p 00015000 103:02 9441099                   /usr/lib/jvm/java-8-oracle/jre/lib/amd64/jli/libjli.so
7f5295e45000-7f5295e5f000 r-xp 00000000 103:02 266973                    /lib/x86_64-linux-gnu/libpthread-2.27.so
7f5295e5f000-7f529605e000 ---p 0001a000 103:02 266973                    /lib/x86_64-linux-gnu/libpthread-2.27.so
7f529605e000-7f529605f000 r--p 00019000 103:02 266973                    /lib/x86_64-linux-gnu/libpthread-2.27.so
7f529605f000-7f5296060000 rw-p 0001a000 103:02 266973                    /lib/x86_64-linux-gnu/libpthread-2.27.so
7f5296060000-7f5296064000 rw-p 00000000 00:00 0 
7f5296064000-7f529608b000 r-xp 00000000 103:02 266812                    /lib/x86_64-linux-gnu/ld-2.27.so
7f529608b000-7f529608c000 r--s 00000000 103:02 15335712                  /var/cache/fontconfig/4b2eda6bb976bda485cb2176619421d5-le64.cache-7
7f529608c000-7f529608e000 r--s 00000000 103:02 15335726                  /var/cache/fontconfig/6afa1bb216ce958c1589e297e8008489-le64.cache-7
7f529608e000-7f5296092000 rw-s 00000000 00:19 2317                       /i915 (deleted)
7f5296092000-7f5296097000 rw-s 00000000 00:19 2314                       /i915 (deleted)
7f5296097000-7f529609c000 rw-s 00000000 00:19 2305                       /i915 (deleted)
7f529609c000-7f52960a0000 rw-s 00000000 00:19 2298                       /i915 (deleted)
7f52960a0000-7f5296170000 rw-p 00000000 00:00 0 
7f5296170000-7f5296171000 ---p 00000000 00:00 0 
7f5296171000-7f5296174000 ---p 00000000 00:00 0 
7f5296174000-7f5296273000 rw-p 00000000 00:00 0 
7f5296274000-7f5296275000 rwxp 00000000 00:00 0 
7f5296275000-7f5296279000 rw-s 00000000 00:19 2296                       /i915 (deleted)
7f5296279000-7f529627e000 rw-s 00000000 00:19 2294                       /i915 (deleted)
7f529627e000-7f529627f000 r--s 00006000 103:02 14287741                  /home/austin/OneDrive/Documents/Netbeans Projects/TarkovTrader/dist/run1341104638/TarkovTrader.jar
7f529627f000-7f5296287000 rw-s 00000000 103:02 13238364                  /tmp/hsperfdata_austin/27249
7f5296287000-7f5296288000 rw-p 00000000 00:00 0 
7f5296288000-7f5296289000 r--p 00000000 00:00 0 
7f5296289000-7f529628b000 rw-p 00000000 00:00 0 
7f529628b000-7f529628c000 r--p 00027000 103:02 266812                    /lib/x86_64-linux-gnu/ld-2.27.so
7f529628c000-7f529628d000 rw-p 00028000 103:02 266812                    /lib/x86_64-linux-gnu/ld-2.27.so
7f529628d000-7f529628e000 rw-p 00000000 00:00 0 
7fff87719000-7fff8773a000 rw-p 00000000 00:00 0                          [stack]
7fff877a3000-7fff877a6000 r--p 00000000 00:00 0                          [vvar]
7fff877a6000-7fff877a8000 r-xp 00000000 00:00 0                          [vdso]
ffffffffff600000-ffffffffff601000 r-xp 00000000 00:00 0                  [vsyscall]

VM Arguments:
jvm_args: -Dfile.encoding=UTF-8 
java_command: /home/austin/OneDrive/Documents/Netbeans Projects/TarkovTrader/dist/run1341104638/TarkovTrader.jar
java_class_path (initial): /home/austin/OneDrive/Documents/Netbeans Projects/TarkovTrader/dist/run1341104638/TarkovTrader.jar
Launcher Type: SUN_STANDARD

Environment Variables:
JAVA_HOME=/usr/lib/jvm/java-8-oracle
PATH=/usr/local/sbin:/usr/local/bin:/usr/sbin:/usr/bin:/sbin:/bin:/usr/games:/usr/local/games:/snap/bin:/usr/lib/jvm/java-8-oracle/bin:/usr/lib/jvm/java-8-oracle/db/bin:/usr/lib/jvm/java-8-oracle/jre/bin
USERNAME=austin
LD_LIBRARY_PATH=/usr/lib/jvm/java-8-oracle/jre/lib/amd64:/usr/lib/jvm/java-8-oracle/jre/lib/i386:
SHELL=/bin/bash
DISPLAY=:0

Signal Handlers:
SIGSEGV: [libjvm.so+0xad0890], sa_mask[0]=11111111011111111101111111111110, sa_flags=SA_RESTART|SA_SIGINFO
SIGBUS: [libjvm.so+0xad0890], sa_mask[0]=11111111011111111101111111111110, sa_flags=SA_RESTART|SA_SIGINFO
SIGFPE: [libjvm.so+0x928640], sa_mask[0]=11111111011111111101111111111110, sa_flags=SA_RESTART|SA_SIGINFO
SIGPIPE: SIG_IGN, sa_mask[0]=00000000000010000000000000000000, sa_flags=SA_RESTART
SIGXFSZ: [libjvm.so+0x928640], sa_mask[0]=11111111011111111101111111111110, sa_flags=SA_RESTART|SA_SIGINFO
SIGILL: [libjvm.so+0x928640], sa_mask[0]=11111111011111111101111111111110, sa_flags=SA_RESTART|SA_SIGINFO
SIGUSR1: SIG_DFL, sa_mask[0]=00000000000000000000000000000000, sa_flags=none
SIGUSR2: [libjvm.so+0x929ea0], sa_mask[0]=00100000000000000000000000000000, sa_flags=SA_RESTART|SA_SIGINFO
SIGHUP: [libjvm.so+0x92b2a0], sa_mask[0]=11111111011111111101111111111110, sa_flags=SA_RESTART|SA_SIGINFO
SIGINT: SIG_IGN, sa_mask[0]=00000000000000000000000000000000, sa_flags=none
SIGTERM: [libjvm.so+0x92b2a0], sa_mask[0]=11111111011111111101111111111110, sa_flags=SA_RESTART|SA_SIGINFO
SIGQUIT: [libjvm.so+0x92b2a0], sa_mask[0]=11111111011111111101111111111110, sa_flags=SA_RESTART|SA_SIGINFO


---------------  S Y S T E M  ---------------

OS:DISTRIB_ID=Ubuntu
DISTRIB_RELEASE=18.04
DISTRIB_CODENAME=bionic
DISTRIB_DESCRIPTION="Ubuntu 18.04 LTS"

uname:Linux 4.15.0-23-generic #25-Ubuntu SMP Wed May 23 18:02:16 UTC 2018 x86_64
libc:glibc 2.27 NPTL 2.27 
rlimit: STACK 8192k, CORE 0k, NPROC 30365, NOFILE 1048576, AS infinity
load average:1.00 0.84 0.92

/proc/meminfo:
MemTotal:        7877392 kB
MemFree:          578152 kB
MemAvailable:    2402264 kB
Buffers:          201752 kB
Cached:          1817656 kB
SwapCached:            0 kB
Active:          5232860 kB
Inactive:        1662604 kB
Active(anon):    4128132 kB
Inactive(anon):   789312 kB
Active(file):    1104728 kB
Inactive(file):   873292 kB
Unevictable:          72 kB
Mlocked:              72 kB
SwapTotal:       2097148 kB
SwapFree:        2097148 kB
Dirty:               600 kB
Writeback:             0 kB
AnonPages:       4876264 kB
Mapped:           657204 kB
Shmem:            814184 kB
Slab:             227188 kB
SReclaimable:     149080 kB
SUnreclaim:        78108 kB
KernelStack:       17424 kB
PageTables:        65608 kB
NFS_Unstable:          0 kB
Bounce:                0 kB
WritebackTmp:          0 kB
CommitLimit:     6035844 kB
Committed_AS:   13079256 kB
VmallocTotal:   34359738367 kB
VmallocUsed:           0 kB
VmallocChunk:          0 kB
HardwareCorrupted:     0 kB
AnonHugePages:         0 kB
ShmemHugePages:        0 kB
ShmemPmdMapped:        0 kB
CmaTotal:              0 kB
CmaFree:               0 kB
HugePages_Total:       0
HugePages_Free:        0
HugePages_Rsvd:        0
HugePages_Surp:        0
Hugepagesize:       2048 kB
DirectMap4k:      279408 kB
DirectMap2M:     6768640 kB
DirectMap1G:     1048576 kB


CPU:total 8 (initial active 8) (4 cores per cpu, 2 threads per core) family 6 model 142 stepping 10, cmov, cx8, fxsr, mmx, sse, sse2, sse3, ssse3, sse4.1, sse4.2, popcnt, avx, avx2, aes, clmul, erms, 3dnowpref, lzcnt, ht, tsc, tscinvbit, bmi1, bmi2, adx

/proc/cpuinfo:
processor	: 0
vendor_id	: GenuineIntel
cpu family	: 6
model		: 142
model name	: Intel(R) Core(TM) i7-8550U CPU @ 1.80GHz
stepping	: 10
microcode	: 0x84
cpu MHz		: 2239.662
cache size	: 8192 KB
physical id	: 0
siblings	: 8
core id		: 0
cpu cores	: 4
apicid		: 0
initial apicid	: 0
fpu		: yes
fpu_exception	: yes
cpuid level	: 22
wp		: yes
flags		: fpu vme de pse tsc msr pae mce cx8 apic sep mtrr pge mca cmov pat pse36 clflush dts acpi mmx fxsr sse sse2 ss ht tm pbe syscall nx pdpe1gb rdtscp lm constant_tsc art arch_perfmon pebs bts rep_good nopl xtopology nonstop_tsc cpuid aperfmperf tsc_known_freq pni pclmulqdq dtes64 monitor ds_cpl vmx est tm2 ssse3 sdbg fma cx16 xtpr pdcm pcid sse4_1 sse4_2 x2apic movbe popcnt tsc_deadline_timer aes xsave avx f16c rdrand lahf_lm abm 3dnowprefetch cpuid_fault epb invpcid_single pti ibrs ibpb stibp tpr_shadow vnmi flexpriority ept vpid fsgsbase tsc_adjust bmi1 avx2 smep bmi2 erms invpcid mpx rdseed adx smap clflushopt intel_pt xsaveopt xsavec xgetbv1 xsaves dtherm ida arat pln pts hwp hwp_notify hwp_act_window hwp_epp
bugs		: cpu_meltdown spectre_v1 spectre_v2 spec_store_bypass
bogomips	: 3984.00
clflush size	: 64
cache_alignment	: 64
address sizes	: 39 bits physical, 48 bits virtual
power management:

processor	: 1
vendor_id	: GenuineIntel
cpu family	: 6
model		: 142
model name	: Intel(R) Core(TM) i7-8550U CPU @ 1.80GHz
stepping	: 10
microcode	: 0x84
cpu MHz		: 2576.762
cache size	: 8192 KB
physical id	: 0
siblings	: 8
core id		: 1
cpu cores	: 4
apicid		: 2
initial apicid	: 2
fpu		: yes
fpu_exception	: yes
cpuid level	: 22
wp		: yes
flags		: fpu vme de pse tsc msr pae mce cx8 apic sep mtrr pge mca cmov pat pse36 clflush dts acpi mmx fxsr sse sse2 ss ht tm pbe syscall nx pdpe1gb rdtscp lm constant_tsc art arch_perfmon pebs bts rep_good nopl xtopology nonstop_tsc cpuid aperfmperf tsc_known_freq pni pclmulqdq dtes64 monitor ds_cpl vmx est tm2 ssse3 sdbg fma cx16 xtpr pdcm pcid sse4_1 sse4_2 x2apic movbe popcnt tsc_deadline_timer aes xsave avx f16c rdrand lahf_lm abm 3dnowprefetch cpuid_fault epb invpcid_single pti ibrs ibpb stibp tpr_shadow vnmi flexpriority ept vpid fsgsbase tsc_adjust bmi1 avx2 smep bmi2 erms invpcid mpx rdseed adx smap clflushopt intel_pt xsaveopt xsavec xgetbv1 xsaves dtherm ida arat pln pts hwp hwp_notify hwp_act_window hwp_epp
bugs		: cpu_meltdown spectre_v1 spectre_v2 spec_store_bypass
bogomips	: 3984.00
clflush size	: 64
cache_alignment	: 64
address sizes	: 39 bits physical, 48 bits virtual
power management:

processor	: 2
vendor_id	: GenuineIntel
cpu family	: 6
model		: 142
model name	: Intel(R) Core(TM) i7-8550U CPU @ 1.80GHz
stepping	: 10
microcode	: 0x84
cpu MHz		: 2431.063
cache size	: 8192 KB
physical id	: 0
siblings	: 8
core id		: 2
cpu cores	: 4
apicid		: 4
initial apicid	: 4
fpu		: yes
fpu_exception	: yes
cpuid level	: 22
wp		: yes
flags		: fpu vme de pse tsc msr pae mce cx8 apic sep mtrr pge mca cmov pat pse36 clflush dts acpi mmx fxsr sse sse2 ss ht tm pbe syscall nx pdpe1gb rdtscp lm constant_tsc art arch_perfmon pebs bts rep_good nopl xtopology nonstop_tsc cpuid aperfmperf tsc_known_freq pni pclmulqdq dtes64 monitor ds_cpl vmx est tm2 ssse3 sdbg fma cx16 xtpr pdcm pcid sse4_1 sse4_2 x2apic movbe popcnt tsc_deadline_timer aes xsave avx f16c rdrand lahf_lm abm 3dnowprefetch cpuid_fault epb invpcid_single pti ibrs ibpb stibp tpr_shadow vnmi flexpriority ept vpid fsgsbase tsc_adjust bmi1 avx2 smep bmi2 erms invpcid mpx rdseed adx smap clflushopt intel_pt xsaveopt xsavec xgetbv1 xsaves dtherm ida arat pln pts hwp hwp_notify hwp_act_window hwp_epp
bugs		: cpu_meltdown spectre_v1 spectre_v2 spec_store_bypass
bogomips	: 3984.00
clflush size	: 64
cache_alignment	: 64
address sizes	: 39 bits physical, 48 bits virtual
power management:

processor	: 3
vendor_id	: GenuineIntel
cpu family	: 6
model		: 142
model name	: Intel(R) Core(TM) i7-8550U CPU @ 1.80GHz
stepping	: 10
microcode	: 0x84
cpu MHz		: 2457.418
cache size	: 8192 KB
physical id	: 0
siblings	: 8
core id		: 3
cpu cores	: 4
apicid		: 6
initial apicid	: 6
fpu		: yes
fpu_exception	: yes
cpuid level	: 22
wp		: yes
flags		: fpu vme de pse tsc msr pae mce cx8 apic sep mtrr pge mca cmov pat pse36 clflush dts acpi mmx fxsr sse sse2 ss ht tm pbe syscall nx pdpe1gb rdtscp lm constant_tsc art arch_perfmon pebs bts rep_good nopl xtopology nonstop_tsc cpuid aperfmperf tsc_known_freq pni pclmulqdq dtes64 monitor ds_cpl vmx est tm2 ssse3 sdbg fma cx16 xtpr pdcm pcid sse4_1 sse4_2 x2apic movbe popcnt tsc_deadline_timer aes xsave avx f16c rdrand lahf_lm abm 3dnowprefetch cpuid_fault epb invpcid_single pti ibrs ibpb stibp tpr_shadow vnmi flexpriority ept vpid fsgsbase tsc_adjust bmi1 avx2 smep bmi2 erms invpcid mpx rdseed adx smap clflushopt intel_pt xsaveopt xsavec xgetbv1 xsaves dtherm ida arat pln pts hwp hwp_notify hwp_act_window hwp_epp
bugs		: cpu_meltdown spectre_v1 spectre_v2 spec_store_bypass
bogomips	: 3984.00
clflush size	: 64
cache_alignment	: 64
address sizes	: 39 bits physical, 48 bits virtual
power management:

processor	: 4
vendor_id	: GenuineIntel
cpu family	: 6
model		: 142
model name	: Intel(R) Core(TM) i7-8550U CPU @ 1.80GHz
stepping	: 10
microcode	: 0x84
cpu MHz		: 2290.016
cache size	: 8192 KB
physical id	: 0
siblings	: 8
core id		: 0
cpu cores	: 4
apicid		: 1
initial apicid	: 1
fpu		: yes
fpu_exception	: yes
cpuid level	: 22
wp		: yes
flags		: fpu vme de pse tsc msr pae mce cx8 apic sep mtrr pge mca cmov pat pse36 clflush dts acpi mmx fxsr sse sse2 ss ht tm pbe syscall nx pdpe1gb rdtscp lm constant_tsc art arch_perfmon pebs bts rep_good nopl xtopology nonstop_tsc cpuid aperfmperf tsc_known_freq pni pclmulqdq dtes64 monitor ds_cpl vmx est tm2 ssse3 sdbg fma cx16 xtpr pdcm pcid sse4_1 sse4_2 x2apic movbe popcnt tsc_deadline_timer aes xsave avx f16c rdrand lahf_lm abm 3dnowprefetch cpuid_fault epb invpcid_single pti ibrs ibpb stibp tpr_shadow vnmi flexpriority ept vpid fsgsbase tsc_adjust bmi1 avx2 smep bmi2 erms invpcid mpx rdseed adx smap clflushopt intel_pt xsaveopt xsavec xgetbv1 xsaves dtherm ida arat pln pts hwp hwp_notify hwp_act_window hwp_epp
bugs		: cpu_meltdown spectre_v1 spectre_v2 spec_store_bypass
bogomips	: 3984.00
clflush size	: 64
cache_alignment	: 64
address sizes	: 39 bits physical, 48 bits virtual
power management:

processor	: 5
vendor_id	: GenuineIntel
cpu family	: 6
model		: 142
model name	: Intel(R) Core(TM) i7-8550U CPU @ 1.80GHz
stepping	: 10
microcode	: 0x84
cpu MHz		: 2236.045
cache size	: 8192 KB
physical id	: 0
siblings	: 8
core id		: 1
cpu cores	: 4
apicid		: 3
initial apicid	: 3
fpu		: yes
fpu_exception	: yes
cpuid level	: 22
wp		: yes
flags		: fpu vme de pse tsc msr pae mce cx8 apic sep mtrr pge mca cmov pat pse36 clflush dts acpi mmx fxsr sse sse2 ss ht tm pbe syscall nx pdpe1gb rdtscp lm constant_tsc art arch_perfmon pebs bts rep_good nopl xtopology nonstop_tsc cpuid aperfmperf tsc_known_freq pni pclmulqdq dtes64 monitor ds_cpl vmx est tm2 ssse3 sdbg fma cx16 xtpr pdcm pcid sse4_1 sse4_2 x2apic movbe popcnt tsc_deadline_timer aes xsave avx f16c rdrand lahf_lm abm 3dnowprefetch cpuid_fault epb invpcid_single pti ibrs ibpb stibp tpr_shadow vnmi flexpriority ept vpid fsgsbase tsc_adjust bmi1 avx2 smep bmi2 erms invpcid mpx rdseed adx smap clflushopt intel_pt xsaveopt xsavec xgetbv1 xsaves dtherm ida arat pln pts hwp hwp_notify hwp_act_window hwp_epp
bugs		: cpu_meltdown spectre_v1 spectre_v2 spec_store_bypass
bogomips	: 3984.00
clflush size	: 64
cache_alignment	: 64
address sizes	: 39 bits physical, 48 bits virtual
power management:

processor	: 6
vendor_id	: GenuineIntel
cpu family	: 6
model		: 142
model name	: Intel(R) Core(TM) i7-8550U CPU @ 1.80GHz
stepping	: 10
microcode	: 0x84
cpu MHz		: 2278.568
cache size	: 8192 KB
physical id	: 0
siblings	: 8
core id		: 2
cpu cores	: 4
apicid		: 5
initial apicid	: 5
fpu		: yes
fpu_exception	: yes
cpuid level	: 22
wp		: yes
flags		: fpu vme de pse tsc msr pae mce cx8 apic sep mtrr pge mca cmov pat pse36 clflush dts acpi mmx fxsr sse sse2 ss ht tm pbe syscall nx pdpe1gb rdtscp lm constant_tsc art arch_perfmon pebs bts rep_good nopl xtopology nonstop_tsc cpuid aperfmperf tsc_known_freq pni pclmulqdq dtes64 monitor ds_cpl vmx est tm2 ssse3 sdbg fma cx16 xtpr pdcm pcid sse4_1 sse4_2 x2apic movbe popcnt tsc_deadline_timer aes xsave avx f16c rdrand lahf_lm abm 3dnowprefetch cpuid_fault epb invpcid_single pti ibrs ibpb stibp tpr_shadow vnmi flexpriority ept vpid fsgsbase tsc_adjust bmi1 avx2 smep bmi2 erms invpcid mpx rdseed adx smap clflushopt intel_pt xsaveopt xsavec xgetbv1 xsaves dtherm ida arat pln pts hwp hwp_notify hwp_act_window hwp_epp
bugs		: cpu_meltdown spectre_v1 spectre_v2 spec_store_bypass
bogomips	: 3984.00
clflush size	: 64
cache_alignment	: 64
address sizes	: 39 bits physical, 48 bits virtual
power management:

processor	: 7
vendor_id	: GenuineIntel
cpu family	: 6
model		: 142
model name	: Intel(R) Core(TM) i7-8550U CPU @ 1.80GHz
stepping	: 10
microcode	: 0x84
cpu MHz		: 2326.668
cache size	: 8192 KB
physical id	: 0
siblings	: 8
core id		: 3
cpu cores	: 4
apicid		: 7
initial apicid	: 7
fpu		: yes
fpu_exception	: yes
cpuid level	: 22
wp		: yes
flags		: fpu vme de pse tsc msr pae mce cx8 apic sep mtrr pge mca cmov pat pse36 clflush dts acpi mmx fxsr sse sse2 ss ht tm pbe syscall nx pdpe1gb rdtscp lm constant_tsc art arch_perfmon pebs bts rep_good nopl xtopology nonstop_tsc cpuid aperfmperf tsc_known_freq pni pclmulqdq dtes64 monitor ds_cpl vmx est tm2 ssse3 sdbg fma cx16 xtpr pdcm pcid sse4_1 sse4_2 x2apic movbe popcnt tsc_deadline_timer aes xsave avx f16c rdrand lahf_lm abm 3dnowprefetch cpuid_fault epb invpcid_single pti ibrs ibpb stibp tpr_shadow vnmi flexpriority ept vpid fsgsbase tsc_adjust bmi1 avx2 smep bmi2 erms invpcid mpx rdseed adx smap clflushopt intel_pt xsaveopt xsavec xgetbv1 xsaves dtherm ida arat pln pts hwp hwp_notify hwp_act_window hwp_epp
bugs		: cpu_meltdown spectre_v1 spectre_v2 spec_store_bypass
bogomips	: 3984.00
clflush size	: 64
cache_alignment	: 64
address sizes	: 39 bits physical, 48 bits virtual
power management:



Memory: 4k page, physical 7877392k(578112k free), swap 2097148k(2097148k free)

vm_info: Java HotSpot(TM) 64-Bit Server VM (25.171-b11) for linux-amd64 JRE (1.8.0_171-b11), built on Mar 28 2018 17:07:08 by "java_re" with gcc 4.3.0 20080428 (Red Hat 4.3.0-8)

time: Sat Jul  7 23:46:20 2018
elapsed time: 5 seconds (0d 0h 0m 5s)

