#
# A fatal error has been detected by the Java Runtime Environment:
#
#  SIGSEGV (0xb) at pc=0x00007fce0e9bf8d8, pid=7295, tid=0x00007fcdd1248700
#
# JRE version: Java(TM) SE Runtime Environment (8.0_181-b13) (build 1.8.0_181-b13)
# Java VM: Java HotSpot(TM) 64-Bit Server VM (25.181-b13 mixed mode linux-amd64 compressed oops)
# Problematic frame:
# V  [libjvm.so+0x6d98d8]  jni_invoke_nonstatic(JNIEnv_*, JavaValue*, _jobject*, JNICallType, _jmethodID*, JNI_ArgumentPusher*, Thread*)+0x38
#
# Failed to write core dump. Core dumps have been disabled. To enable core dumping, try "ulimit -c unlimited" before starting Java again
#
# If you would like to submit a bug report, please visit:
#   http://bugreport.java.com/bugreport/crash.jsp
#

---------------  T H R E A D  ---------------

Current thread (0x00007fce083fe000):  JavaThread "JavaFX Application Thread" [_thread_in_vm, id=7320, stack(0x00007fcdd1148000,0x00007fcdd1249000)]

siginfo: si_signo: 11 (SIGSEGV), si_code: 1 (SEGV_MAPERR), si_addr: 0x0000000000000085

Registers:
RAX=0x00007fcdd12472e0, RBX=0x00007fcdd12471f0, RCX=0x0000000000000001, RDX=0x0000000000000085
RSP=0x00007fcdd1247040, RBP=0x00007fcdd12471c0, RSI=0x00007fcdd1247250, RDI=0x00007fce083fe1f8
R8 =0x00007fce0835c008, R9 =0x00007fcdd12471f0, R10=0x00007fcd8c000e00, R11=0x00007fcdf93fac20
R12=0x00007fce083fe000, R13=0x00007fce0835c008, R14=0x0000000000000001, R15=0x00007fce083fe1f8
RIP=0x00007fce0e9bf8d8, EFLAGS=0x0000000000010202, CSGSFS=0x002b000000000033, ERR=0x0000000000000004
  TRAPNO=0x000000000000000e

Top of Stack: (sp=0x00007fcdd1247040)
0x00007fcdd1247040:   00007fcdd1247740 00007fcdd1247360
0x00007fcdd1247050:   00007fcdd12470a0 00007fcdd1247120
0x00007fcdd1247060:   00007fcdd12471f0 00007fcdd1247250
0x00007fcdd1247070:   00007fce083fe1f8 00007fce0e9df3e0
0x00007fcdd1247080:   00007fcda4000c90 00007fcda4000ca0
0x00007fcdd1247090:   00007fcda4001078 00000000000003d8
0x00007fcdd12470a0:   0000000000000000 00000000d9d80d20
0x00007fcdd12470b0:   00007fcd0000006f 00007fce0000000a
0x00007fcdd12470c0:   00000000d812a098 0000000000000000
0x00007fcdd12470d0:   0000000000000000 0000000000000000
0x00007fcdd12470e0:   00007fcdf8530d78 0000000100000100
0x00007fcdd12470f0:   0000000000000000 00007fcdd12470a8
0x00007fcdd1247100:   00007fcdd12470e9 0000000800000005
0x00007fcdd1247110:   00007fcdd1247100 00007fce083fe840
0x00007fcdd1247120:   00007fce0f255430 00007fce0fda2870
0x00007fcdd1247130:   00000000083fe7c0 00007fce083fe000
0x00007fcdd1247140:   0000000000000000 00007fce0e9bfcab
0x00007fcdd1247150:   00007fcdf853afa0 00007fce083fe000
0x00007fcdd1247160:   00007fcdf853afa0 00007fce083fe000
0x00007fcdd1247170:   00007fcdd1247300 00007fcdf853afa0
0x00007fcdd1247180:   00007fcdf853afa0 00007fcdf853afa0
0x00007fcdd1247190:   00007fcda4000c90 00007fcdd12471f0
0x00007fcdd12471a0:   00007fce083fe000 00007fcdd1247230
0x00007fcdd12471b0:   00007fce0835c008 00007fce083fe1f8
0x00007fcdd12471c0:   00007fcdd12472b0 00007fce0e9c407f
0x00007fcdd12471d0:   00007fce083fe000 00007fcde8708614
0x00007fcdd12471e0:   00007fcdd12472c8 0000000000000085
0x00007fcdd12471f0:   00007fce0f2560b0 00007fce0fda2870
0x00007fcdd1247200:   0000000000000000 00007fcd00000063
0x00007fcdd1247210:   0000000000000000 0000003000000018
0x00007fcdd1247220:   00007fcdd12473a0 00007fcdd12472e0
0x00007fcdd1247230:   00007fce083fe000 0000000000000000 

Instructions: (pc=0x00007fce0e9bf8d8)
0x00007fce0e9bf8b8:   00 00 48 85 d2 48 89 bd b0 fe ff ff 48 89 b5 a8
0x00007fce0e9bf8c8:   fe ff ff 4c 89 8d a0 fe ff ff 0f 84 78 09 00 00
0x00007fce0e9bf8d8:   4c 8b 22 4d 85 e4 0f 84 6c 09 00 00 48 8b 45 10
0x00007fce0e9bf8e8:   48 8b 98 38 01 00 00 48 83 7b 18 f7 0f 87 16 07 

Register to memory mapping:

RAX=0x00007fcdd12472e0 is pointing into the stack for thread: 0x00007fce083fe000
RBX=0x00007fcdd12471f0 is pointing into the stack for thread: 0x00007fce083fe000
RCX=0x0000000000000001 is an unknown value
RDX=0x0000000000000085 is an unknown value
RSP=0x00007fcdd1247040 is pointing into the stack for thread: 0x00007fce083fe000
RBP=0x00007fcdd12471c0 is pointing into the stack for thread: 0x00007fce083fe000
RSI=0x00007fcdd1247250 is pointing into the stack for thread: 0x00007fce083fe000
RDI=0x00007fce083fe1f8 is an unknown value
R8 =0x00007fce0835c008 is an unknown value
R9 =0x00007fcdd12471f0 is pointing into the stack for thread: 0x00007fce083fe000
R10=0x00007fcd8c000e00 is an unknown value
R11=0x00007fcdf93fac20 is at entry_point+32 in (nmethod*)0x00007fcdf93faa90
R12=0x00007fce083fe000 is a thread
R13=0x00007fce0835c008 is an unknown value
R14=0x0000000000000001 is an unknown value
R15=0x00007fce083fe1f8 is an unknown value


Stack: [0x00007fcdd1148000,0x00007fcdd1249000],  sp=0x00007fcdd1247040,  free space=1020k
Native frames: (J=compiled Java code, j=interpreted, Vv=VM code, C=native code)
V  [libjvm.so+0x6d98d8]  jni_invoke_nonstatic(JNIEnv_*, JavaValue*, _jobject*, JNICallType, _jmethodID*, JNI_ArgumentPusher*, Thread*)+0x38
V  [libjvm.so+0x6de07f]  jni_CallVoidMethodV+0x10f
C  [libglass.so+0x18221]  JNIEnv_::CallVoidMethod(_jobject*, _jmethodID*, ...)+0x81
C  [libglass.so+0x1dbcf]  WindowContextBase::process_key(_GdkEventKey*)+0x20f
C  [libglass.so+0x1c0a0]  WindowContextBase::im_filter_keypress(_GdkEventKey*)+0x1c0
C  [libglass.so+0x21d3c]  process_events(_GdkEvent*, void*)+0x22c
C  [libgdk-x11-2.0.so.0+0x5b02c]

Java frames: (J=compiled Java code, j=interpreted, Vv=VM code)
j  com.sun.glass.ui.gtk.GtkApplication._runLoop(Ljava/lang/Runnable;Z)V+0
j  com.sun.glass.ui.gtk.GtkApplication.lambda$null$48(Ljava/lang/Runnable;Z)V+7
j  com.sun.glass.ui.gtk.GtkApplication$$Lambda$41.run()V+12
j  java.lang.Thread.run()V+11
v  ~StubRoutines::call_stub

---------------  P R O C E S S  ---------------

Java Threads: ( => current thread )
  0x00007fcd8c291000 JavaThread "Prism Font Disposer" daemon [_thread_blocked, id=7324, stack(0x00007fcd88efe000,0x00007fcd88fff000)]
  0x00007fcd84011000 JavaThread "Thread-4" [_thread_in_native, id=7323, stack(0x00007fcdd0c2e000,0x00007fcdd0d2f000)]
  0x00007fcd8c0bc000 JavaThread "Thread-3" [_thread_in_native, id=7322, stack(0x00007fcdd0f46000,0x00007fcdd1047000)]
  0x00007fce08407000 JavaThread "JavaFX-Launcher" [_thread_blocked, id=7321, stack(0x00007fcdd1047000,0x00007fcdd1148000)]
=>0x00007fce083fe000 JavaThread "JavaFX Application Thread" [_thread_in_vm, id=7320, stack(0x00007fcdd1148000,0x00007fcdd1249000)]
  0x00007fce083fb000 JavaThread "Thread-1" daemon [_thread_blocked, id=7319, stack(0x00007fcdd1249000,0x00007fcdd134a000)]
  0x00007fce0834e800 JavaThread "QuantumRenderer-0" daemon [_thread_blocked, id=7318, stack(0x00007fcde9178000,0x00007fcde9279000)]
  0x00007fce0821b000 JavaThread "Service Thread" daemon [_thread_blocked, id=7316, stack(0x00007fcde940f000,0x00007fcde9510000)]
  0x00007fce08210000 JavaThread "C1 CompilerThread3" daemon [_thread_blocked, id=7315, stack(0x00007fcde9511000,0x00007fcde9611000)]
  0x00007fce0820e000 JavaThread "C2 CompilerThread2" daemon [_thread_in_native, id=7314, stack(0x00007fcde9612000,0x00007fcde9712000)]
  0x00007fce0820c000 JavaThread "C2 CompilerThread1" daemon [_thread_in_native, id=7313, stack(0x00007fcde9713000,0x00007fcde9813000)]
  0x00007fce08209000 JavaThread "C2 CompilerThread0" daemon [_thread_in_native, id=7312, stack(0x00007fcde9814000,0x00007fcde9914000)]
  0x00007fce08207800 JavaThread "Signal Dispatcher" daemon [_thread_blocked, id=7311, stack(0x00007fcde9914000,0x00007fcde9a15000)]
  0x00007fce081d5000 JavaThread "Finalizer" daemon [_thread_blocked, id=7310, stack(0x00007fcdea3e4000,0x00007fcdea4e5000)]
  0x00007fce081d2800 JavaThread "Reference Handler" daemon [_thread_blocked, id=7309, stack(0x00007fcdea4e5000,0x00007fcdea5e6000)]
  0x00007fce0800b800 JavaThread "main" [_thread_blocked, id=7299, stack(0x00007fce0fe1e000,0x00007fce0ff1e000)]

Other Threads:
  0x00007fce081c8800 VMThread [stack: 0x00007fcdea5e7000,0x00007fcdea6e7000] [id=7308]
  0x00007fce08220000 WatcherThread [stack: 0x00007fcde930f000,0x00007fcde940f000] [id=7317]

VM state:not at safepoint (normal execution)

VM Mutex/Monitor currently owned by a thread: None

Heap:
 PSYoungGen      total 36352K, used 15075K [0x00000000d7f00000, 0x00000000da780000, 0x0000000100000000)
  eden space 31232K, 32% used [0x00000000d7f00000,0x00000000d88e3288,0x00000000d9d80000)
  from space 5120K, 96% used [0x00000000d9d80000,0x00000000da255bf8,0x00000000da280000)
  to   space 5120K, 0% used [0x00000000da280000,0x00000000da280000,0x00000000da780000)
 ParOldGen       total 83456K, used 16K [0x0000000087c00000, 0x000000008cd80000, 0x00000000d7f00000)
  object space 83456K, 0% used [0x0000000087c00000,0x0000000087c04000,0x000000008cd80000)
 Metaspace       used 15975K, capacity 16856K, committed 17024K, reserved 1062912K
  class space    used 2353K, capacity 2570K, committed 2688K, reserved 1048576K

Card table byte_map: [0x00007fce0c724000,0x00007fce0cae7000] byte_map_base: 0x00007fce0c2e6000

Marking Bits: (ParMarkBitMap*) 0x00007fce0f2ba0a0
 Begin Bits: [0x00007fcdf03e0000, 0x00007fcdf21f0000)
 End Bits:   [0x00007fcdf21f0000, 0x00007fcdf4000000)

Polling page: 0x00007fce0ff35000

CodeCache: size=245760Kb used=4968Kb max_used=4968Kb free=240791Kb
 bounds [0x00007fcdf9000000, 0x00007fcdf94e0000, 0x00007fce08000000]
 total_blobs=2259 nmethods=1629 adapters=543
 compilation: enabled

Compilation events (10 events):
Event: 4.159 Thread 0x00007fce08210000 nmethod 1629 0x00007fcdf94d9510 code [0x00007fcdf94d9680, 0x00007fcdf94d9888]
Event: 4.159 Thread 0x00007fce08210000 1625       3       com.sun.javafx.text.PrismTextLayout::relayout (46 bytes)
Event: 4.159 Thread 0x00007fce08210000 nmethod 1625 0x00007fcdf94d9050 code [0x00007fcdf94d91c0, 0x00007fcdf94d9448]
Event: 4.159 Thread 0x00007fce08210000 1628       3       java.lang.Math::min (45 bytes)
Event: 4.159 Thread 0x00007fce08210000 nmethod 1628 0x00007fcdf94d8b10 code [0x00007fcdf94d8c80, 0x00007fcdf94d8fd0]
Event: 4.159 Thread 0x00007fce08210000 1630       1       javafx.scene.Scene$DirtyBits::getMask (5 bytes)
Event: 4.159 Thread 0x00007fce08210000 nmethod 1630 0x00007fcdf94d8790 code [0x00007fcdf94d88e0, 0x00007fcdf94d89f0]
Event: 4.159 Thread 0x00007fce08210000 1631       3       com.sun.javafx.iio.common.RoughScaler::putSourceScanline (261 bytes)
Event: 4.160 Thread 0x00007fce08210000 nmethod 1631 0x00007fcdf94dbad0 code [0x00007fcdf94dbd20, 0x00007fcdf94dc758]
Event: 4.160 Thread 0x00007fce08209000 1632 %     4       com.sun.javafx.iio.common.RoughScaler::putSourceScanline @ 116 (261 bytes)

GC Heap History (2 events):
Event: 0.655 GC heap before
{Heap before GC invocations=1 (full 0):
 PSYoungGen      total 36352K, used 31232K [0x00000000d7f00000, 0x00000000da780000, 0x0000000100000000)
  eden space 31232K, 100% used [0x00000000d7f00000,0x00000000d9d80000,0x00000000d9d80000)
  from space 5120K, 0% used [0x00000000da280000,0x00000000da280000,0x00000000da780000)
  to   space 5120K, 0% used [0x00000000d9d80000,0x00000000d9d80000,0x00000000da280000)
 ParOldGen       total 83456K, used 0K [0x0000000087c00000, 0x000000008cd80000, 0x00000000d7f00000)
  object space 83456K, 0% used [0x0000000087c00000,0x0000000087c00000,0x000000008cd80000)
 Metaspace       used 14686K, capacity 15362K, committed 15488K, reserved 1062912K
  class space    used 2184K, capacity 2357K, committed 2432K, reserved 1048576K
Event: 0.660 GC heap after
Heap after GC invocations=1 (full 0):
 PSYoungGen      total 36352K, used 4950K [0x00000000d7f00000, 0x00000000da780000, 0x0000000100000000)
  eden space 31232K, 0% used [0x00000000d7f00000,0x00000000d7f00000,0x00000000d9d80000)
  from space 5120K, 96% used [0x00000000d9d80000,0x00000000da255bf8,0x00000000da280000)
  to   space 5120K, 0% used [0x00000000da280000,0x00000000da280000,0x00000000da780000)
 ParOldGen       total 83456K, used 16K [0x0000000087c00000, 0x000000008cd80000, 0x00000000d7f00000)
  object space 83456K, 0% used [0x0000000087c00000,0x0000000087c04000,0x000000008cd80000)
 Metaspace       used 14686K, capacity 15362K, committed 15488K, reserved 1062912K
  class space    used 2184K, capacity 2357K, committed 2432K, reserved 1048576K
}

Deoptimization events (10 events):
Event: 0.485 Thread 0x00007fce083fe000 Uncommon trap: reason=class_check action=maybe_recompile pc=0x00007fcdf911c660 method=java.lang.String.equals(Ljava/lang/Object;)Z @ 8
Event: 0.485 Thread 0x00007fce083fe000 Uncommon trap: reason=class_check action=maybe_recompile pc=0x00007fcdf911c660 method=java.lang.String.equals(Ljava/lang/Object;)Z @ 8
Event: 0.485 Thread 0x00007fce083fe000 Uncommon trap: reason=class_check action=maybe_recompile pc=0x00007fcdf911c660 method=java.lang.String.equals(Ljava/lang/Object;)Z @ 8
Event: 0.486 Thread 0x00007fce083fe000 Uncommon trap: reason=class_check action=maybe_recompile pc=0x00007fcdf911c660 method=java.lang.String.equals(Ljava/lang/Object;)Z @ 8
Event: 0.569 Thread 0x00007fce083fe000 Uncommon trap: reason=unstable_if action=reinterpret pc=0x00007fcdf92bfb88 method=sun.net.www.ParseUtil.encodePath(Ljava/lang/String;Z)Ljava/lang/String; @ 109
Event: 0.617 Thread 0x00007fce083fe000 Uncommon trap: reason=unstable_if action=reinterpret pc=0x00007fcdf9368c64 method=jdk.internal.org.objectweb.asm.Type.getArgumentsAndReturnSizes(Ljava/lang/String;)I @ 47
Event: 3.143 Thread 0x00007fce083fe000 Uncommon trap: reason=unstable_if action=reinterpret pc=0x00007fcdf92569a0 method=java.lang.CharacterData.of(I)Ljava/lang/CharacterData; @ 4
Event: 3.990 Thread 0x00007fce083fe000 Uncommon trap: reason=unstable_if action=reinterpret pc=0x00007fcdf91d4b50 method=java.lang.String.indexOf([CII[CIII)I @ 3
Event: 4.069 Thread 0x00007fce083fe000 Uncommon trap: reason=unstable_if action=reinterpret pc=0x00007fcdf9479554 method=tarkov.trader.client.LoginPrompt.awaitingAuthentication()Z @ 3
Event: 4.112 Thread 0x00007fce083fe000 Uncommon trap: reason=unstable_if action=reinterpret pc=0x00007fcdf93e7478 method=java.lang.StrictMath.floorOrCeil(DDDD)D @ 38

Classes redefined (0 events):
No events

Internal exceptions (10 events):
Event: 0.108 Thread 0x00007fce0800b800 Exception <a 'java/security/PrivilegedActionException'> (0x00000000d81c38d0) thrown at [/HUDSON/workspace/8-2-build-linux-amd64/jdk8u181/11358/hotspot/src/share/vm/prims/jvm.cpp, line 1435]
Event: 0.108 Thread 0x00007fce0800b800 Exception <a 'java/security/PrivilegedActionException'> (0x00000000d81c3ae0) thrown at [/HUDSON/workspace/8-2-build-linux-amd64/jdk8u181/11358/hotspot/src/share/vm/prims/jvm.cpp, line 1435]
Event: 0.108 Thread 0x00007fce0800b800 Exception <a 'java/security/PrivilegedActionException'> (0x00000000d81c5f48) thrown at [/HUDSON/workspace/8-2-build-linux-amd64/jdk8u181/11358/hotspot/src/share/vm/prims/jvm.cpp, line 1435]
Event: 0.108 Thread 0x00007fce0800b800 Exception <a 'java/security/PrivilegedActionException'> (0x00000000d81c6158) thrown at [/HUDSON/workspace/8-2-build-linux-amd64/jdk8u181/11358/hotspot/src/share/vm/prims/jvm.cpp, line 1435]
Event: 0.108 Thread 0x00007fce0800b800 Exception <a 'java/lang/NullPointerException'> (0x00000000d81c6730) thrown at [/HUDSON/workspace/8-2-build-linux-amd64/jdk8u181/11358/hotspot/src/share/vm/interpreter/linkResolver.cpp, line 1185]
Event: 0.312 Thread 0x00007fce083fe000 Exception <a 'java/lang/NullPointerException'> (0x00000000d8caba90) thrown at [/HUDSON/workspace/8-2-build-linux-amd64/jdk8u181/11358/hotspot/src/share/vm/interpreter/linkResolver.cpp, line 1185]
Event: 0.312 Thread 0x00007fce083fe000 Exception <a 'java/lang/NullPointerException'> (0x00000000d8caba90) thrown at [/HUDSON/workspace/8-2-build-linux-amd64/jdk8u181/11358/hotspot/src/share/vm/prims/jvm.cpp, line 1439]
Event: 4.020 Thread 0x00007fce083fe000 Exception <a 'java/lang/NoSuchMethodError': <clinit>> (0x00000000d816f118) thrown at [/HUDSON/workspace/8-2-build-linux-amd64/jdk8u181/11358/hotspot/src/share/vm/prims/jni.cpp, line 1613]
Event: 4.021 Thread 0x00007fce083fe000 Exception <a 'java/lang/NoSuchMethodError': <clinit>> (0x00000000d8174dd0) thrown at [/HUDSON/workspace/8-2-build-linux-amd64/jdk8u181/11358/hotspot/src/share/vm/prims/jni.cpp, line 1613]
Event: 4.081 Thread 0x00007fcd8c0bc000 Exception <a 'java/lang/NoSuchMethodError': <clinit>> (0x00000000d81b2b98) thrown at [/HUDSON/workspace/8-2-build-linux-amd64/jdk8u181/11358/hotspot/src/share/vm/prims/jni.cpp, line 1613]

Events (10 events):
Event: 4.143 loading class javafx/scene/control/MenuButton
Event: 4.143 loading class javafx/scene/control/MenuButton done
Event: 4.145 loading class javafx/collections/FXCollections$UnmodifiableObservableSet$1
Event: 4.145 loading class javafx/collections/FXCollections$UnmodifiableObservableSet$1 done
Event: 4.146 loading class javafx/scene/layout/BorderStrokeStyle
Event: 4.146 loading class javafx/scene/layout/BorderStrokeStyle done
Event: 4.146 loading class com/sun/javafx/scene/layout/region/Margins
Event: 4.146 loading class com/sun/javafx/scene/layout/region/Margins done
Event: 4.146 loading class javafx/scene/layout/BorderStroke
Event: 4.146 loading class javafx/scene/layout/BorderStroke done


Dynamic libraries:
00400000-00401000 r-xp 00000000 103:02 9312853                           /usr/lib/jvm/java-8-oracle/jre/bin/java
00600000-00601000 rw-p 00000000 103:02 9312853                           /usr/lib/jvm/java-8-oracle/jre/bin/java
00b20000-00b41000 rw-p 00000000 00:00 0                                  [heap]
87c00000-8cd80000 rw-p 00000000 00:00 0 
8cd80000-d7f00000 ---p 00000000 00:00 0 
d7f00000-da780000 rw-p 00000000 00:00 0 
da780000-100000000 ---p 00000000 00:00 0 
100000000-1002a0000 rw-p 00000000 00:00 0 
1002a0000-140000000 ---p 00000000 00:00 0 
7fcd78000000-7fcd78021000 rw-p 00000000 00:00 0 
7fcd78021000-7fcd7c000000 ---p 00000000 00:00 0 
7fcd80000000-7fcd80021000 rw-p 00000000 00:00 0 
7fcd80021000-7fcd84000000 ---p 00000000 00:00 0 
7fcd84000000-7fcd84021000 rw-p 00000000 00:00 0 
7fcd84021000-7fcd88000000 ---p 00000000 00:00 0 
7fcd8862f000-7fcd88665000 r-xp 00000000 103:02 9439022                   /usr/lib/jvm/java-8-oracle/jre/lib/amd64/libjavafx_iio.so
7fcd88665000-7fcd88864000 ---p 00036000 103:02 9439022                   /usr/lib/jvm/java-8-oracle/jre/lib/amd64/libjavafx_iio.so
7fcd88864000-7fcd88865000 rw-p 00035000 103:02 9439022                   /usr/lib/jvm/java-8-oracle/jre/lib/amd64/libjavafx_iio.so
7fcd88865000-7fcd88a25000 rw-s 10573a000 00:06 331                       /dev/dri/card0
7fcd88a25000-7fcd88be5000 rw-s 00000000 00:19 1718                       /i915 (deleted)
7fcd88be5000-7fcd88c45000 rw-s 00000000 00:05 474644500                  /SYSV00000000 (deleted)
7fcd88c45000-7fcd88e45000 rw-p 00000000 00:00 0 
7fcd88e45000-7fcd88efe000 r--p 00000000 103:02 10224348                  /usr/share/fonts/truetype/dejavu/DejaVuSans.ttf
7fcd88efe000-7fcd88f01000 ---p 00000000 00:00 0 
7fcd88f01000-7fcd8c000000 rw-p 00000000 00:00 0 
7fcd8c000000-7fcd8c5f7000 rw-p 00000000 00:00 0 
7fcd8c5f7000-7fcd90000000 ---p 00000000 00:00 0 
7fcd90000000-7fcd90021000 rw-p 00000000 00:00 0 
7fcd90021000-7fcd94000000 ---p 00000000 00:00 0 
7fcd94000000-7fcd95e3e000 rw-p 00000000 00:00 0 
7fcd95e3e000-7fcd98000000 ---p 00000000 00:00 0 
7fcd98000000-7fcd98021000 rw-p 00000000 00:00 0 
7fcd98021000-7fcd9c000000 ---p 00000000 00:00 0 
7fcd9c000000-7fcd9c021000 rw-p 00000000 00:00 0 
7fcd9c021000-7fcda0000000 ---p 00000000 00:00 0 
7fcda0000000-7fcda0021000 rw-p 00000000 00:00 0 
7fcda0021000-7fcda4000000 ---p 00000000 00:00 0 
7fcda4000000-7fcda4196000 rw-p 00000000 00:00 0 
7fcda4196000-7fcda8000000 ---p 00000000 00:00 0 
7fcda8000000-7fcda831c000 rw-p 00000000 00:00 0 
7fcda831c000-7fcdac000000 ---p 00000000 00:00 0 
7fcdac000000-7fcdac12d000 rw-p 00000000 00:00 0 
7fcdac12d000-7fcdb0000000 ---p 00000000 00:00 0 
7fcdb0000000-7fcdb0380000 rw-p 00000000 00:00 0 
7fcdb0380000-7fcdb4000000 ---p 00000000 00:00 0 
7fcdb4000000-7fcdb4021000 rw-p 00000000 00:00 0 
7fcdb4021000-7fcdb8000000 ---p 00000000 00:00 0 
7fcdb8000000-7fcdb8021000 rw-p 00000000 00:00 0 
7fcdb8021000-7fcdbc000000 ---p 00000000 00:00 0 
7fcdbc000000-7fcdbc021000 rw-p 00000000 00:00 0 
7fcdbc021000-7fcdc0000000 ---p 00000000 00:00 0 
7fcdc0000000-7fcdc0021000 rw-p 00000000 00:00 0 
7fcdc0021000-7fcdc4000000 ---p 00000000 00:00 0 
7fcdc4000000-7fcdc4021000 rw-p 00000000 00:00 0 
7fcdc4021000-7fcdc8000000 ---p 00000000 00:00 0 
7fcdc8000000-7fcdc8021000 rw-p 00000000 00:00 0 
7fcdc8021000-7fcdcc000000 ---p 00000000 00:00 0 
7fcdcc000000-7fcdcc021000 rw-p 00000000 00:00 0 
7fcdcc021000-7fcdd0000000 ---p 00000000 00:00 0 
7fcdd000c000-7fcdd0011000 r--s 0009d000 103:02 9312998                   /usr/lib/jvm/java-8-oracle/jre/lib/jsse.jar
7fcdd0011000-7fcdd0016000 rw-s 00000000 00:19 492                        /i915 (deleted)
7fcdd0016000-7fcdd0026000 rw-s 00000000 00:19 1743                       /i915 (deleted)
7fcdd0026000-7fcdd0036000 rw-s 00000000 00:19 1723                       /i915 (deleted)
7fcdd0036000-7fcdd003a000 rw-s 00000000 00:19 1722                       /i915 (deleted)
7fcdd003a000-7fcdd003f000 rw-s 00000000 00:19 1721                       /i915 (deleted)
7fcdd003f000-7fcdd004f000 rw-s 00000000 00:19 1717                       /i915 (deleted)
7fcdd004f000-7fcdd0062000 r--s 00345000 103:02 9312997                   /usr/lib/jvm/java-8-oracle/jre/lib/resources.jar
7fcdd0062000-7fcdd010f000 r--p 00000000 103:02 10224347                  /usr/share/fonts/truetype/dejavu/DejaVuSans-Bold.ttf
7fcdd010f000-7fcdd0164000 r--p 00000000 103:02 9312890                   /usr/lib/jvm/java-8-oracle/jre/lib/fonts/LucidaBrightRegular.ttf
7fcdd0164000-7fcdd0177000 r--p 00000000 103:02 9312896                   /usr/lib/jvm/java-8-oracle/jre/lib/fonts/LucidaBrightDemiBold.ttf
7fcdd0177000-7fcdd0222000 r--p 00000000 103:02 9312889                   /usr/lib/jvm/java-8-oracle/jre/lib/fonts/LucidaSansRegular.ttf
7fcdd0222000-7fcdd0226000 r-xp 00000000 103:02 9438975                   /usr/lib/jvm/java-8-oracle/jre/lib/amd64/libjavafx_font_pango.so
7fcdd0226000-7fcdd0425000 ---p 00004000 103:02 9438975                   /usr/lib/jvm/java-8-oracle/jre/lib/amd64/libjavafx_font_pango.so
7fcdd0425000-7fcdd0426000 rw-p 00003000 103:02 9438975                   /usr/lib/jvm/java-8-oracle/jre/lib/amd64/libjavafx_font_pango.so
7fcdd0426000-7fcdd0626000 rw-p 00000000 00:00 0 
7fcdd0626000-7fcdd062b000 r-xp 00000000 103:02 9438978                   /usr/lib/jvm/java-8-oracle/jre/lib/amd64/libjavafx_font_freetype.so
7fcdd062b000-7fcdd082a000 ---p 00005000 103:02 9438978                   /usr/lib/jvm/java-8-oracle/jre/lib/amd64/libjavafx_font_freetype.so
7fcdd082a000-7fcdd082b000 rw-p 00004000 103:02 9438978                   /usr/lib/jvm/java-8-oracle/jre/lib/amd64/libjavafx_font_freetype.so
7fcdd082b000-7fcdd0a2b000 rw-p 00000000 00:00 0 
7fcdd0a2b000-7fcdd0a2e000 r-xp 00000000 103:02 9439026                   /usr/lib/jvm/java-8-oracle/jre/lib/amd64/libjavafx_font.so
7fcdd0a2e000-7fcdd0c2d000 ---p 00003000 103:02 9439026                   /usr/lib/jvm/java-8-oracle/jre/lib/amd64/libjavafx_font.so
7fcdd0c2d000-7fcdd0c2e000 rw-p 00002000 103:02 9439026                   /usr/lib/jvm/java-8-oracle/jre/lib/amd64/libjavafx_font.so
7fcdd0c2e000-7fcdd0c31000 ---p 00000000 00:00 0 
7fcdd0c31000-7fcdd0d2f000 rw-p 00000000 00:00 0 
7fcdd0d2f000-7fcdd0d45000 r-xp 00000000 103:02 9439025                   /usr/lib/jvm/java-8-oracle/jre/lib/amd64/libnet.so
7fcdd0d45000-7fcdd0f45000 ---p 00016000 103:02 9439025                   /usr/lib/jvm/java-8-oracle/jre/lib/amd64/libnet.so
7fcdd0f45000-7fcdd0f46000 rw-p 00016000 103:02 9439025                   /usr/lib/jvm/java-8-oracle/jre/lib/amd64/libnet.so
7fcdd0f46000-7fcdd0f49000 ---p 00000000 00:00 0 
7fcdd0f49000-7fcdd1047000 rw-p 00000000 00:00 0 
7fcdd1047000-7fcdd104a000 ---p 00000000 00:00 0 
7fcdd104a000-7fcdd1148000 rw-p 00000000 00:00 0 
7fcdd1148000-7fcdd114b000 ---p 00000000 00:00 0 
7fcdd114b000-7fcdd1249000 rw-p 00000000 00:00 0 
7fcdd1249000-7fcdd124c000 ---p 00000000 00:00 0 
7fcdd124c000-7fcdd134a000 rw-p 00000000 00:00 0 
7fcdd134a000-7fcdd1351000 r-xp 00000000 103:02 9183700                   /usr/lib/x86_64-linux-gnu/libogg.so.0.8.2
7fcdd1351000-7fcdd1551000 ---p 00007000 103:02 9183700                   /usr/lib/x86_64-linux-gnu/libogg.so.0.8.2
7fcdd1551000-7fcdd1552000 r--p 00007000 103:02 9183700                   /usr/lib/x86_64-linux-gnu/libogg.so.0.8.2
7fcdd1552000-7fcdd1553000 rw-p 00008000 103:02 9183700                   /usr/lib/x86_64-linux-gnu/libogg.so.0.8.2
7fcdd1553000-7fcdd157d000 r-xp 00000000 103:02 9184008                   /usr/lib/x86_64-linux-gnu/libvorbis.so.0.4.8
7fcdd157d000-7fcdd177c000 ---p 0002a000 103:02 9184008                   /usr/lib/x86_64-linux-gnu/libvorbis.so.0.4.8
7fcdd177c000-7fcdd177d000 r--p 00029000 103:02 9184008                   /usr/lib/x86_64-linux-gnu/libvorbis.so.0.4.8
7fcdd177d000-7fcdd177e000 rw-p 0002a000 103:02 9184008                   /usr/lib/x86_64-linux-gnu/libvorbis.so.0.4.8
7fcdd177e000-7fcdd1787000 r-xp 00000000 103:02 9183599                   /usr/lib/x86_64-linux-gnu/libltdl.so.7.3.1
7fcdd1787000-7fcdd1986000 ---p 00009000 103:02 9183599                   /usr/lib/x86_64-linux-gnu/libltdl.so.7.3.1
7fcdd1986000-7fcdd1987000 r--p 00008000 103:02 9183599                   /usr/lib/x86_64-linux-gnu/libltdl.so.7.3.1
7fcdd1987000-7fcdd1988000 rw-p 00009000 103:02 9183599                   /usr/lib/x86_64-linux-gnu/libltdl.so.7.3.1
7fcdd1988000-7fcdd199d000 r-xp 00000000 103:02 9183933                   /usr/lib/x86_64-linux-gnu/libtdb.so.1.3.15
7fcdd199d000-7fcdd1b9c000 ---p 00015000 103:02 9183933                   /usr/lib/x86_64-linux-gnu/libtdb.so.1.3.15
7fcdd1b9c000-7fcdd1b9d000 r--p 00014000 103:02 9183933                   /usr/lib/x86_64-linux-gnu/libtdb.so.1.3.15
7fcdd1b9d000-7fcdd1b9e000 rw-p 00015000 103:02 9183933                   /usr/lib/x86_64-linux-gnu/libtdb.so.1.3.15
7fcdd1b9e000-7fcdd1ba5000 r-xp 00000000 103:02 9184012                   /usr/lib/x86_64-linux-gnu/libvorbisfile.so.3.3.7
7fcdd1ba5000-7fcdd1da4000 ---p 00007000 103:02 9184012                   /usr/lib/x86_64-linux-gnu/libvorbisfile.so.3.3.7
7fcdd1da4000-7fcdd1da5000 r--p 00006000 103:02 9184012                   /usr/lib/x86_64-linux-gnu/libvorbisfile.so.3.3.7
7fcdd1da5000-7fcdd1da6000 rw-p 00007000 103:02 9184012                   /usr/lib/x86_64-linux-gnu/libvorbisfile.so.3.3.7
7fcdd1da6000-7fcdd1db6000 r-xp 00000000 103:02 9183056                   /usr/lib/x86_64-linux-gnu/libcanberra.so.0.2.5
7fcdd1db6000-7fcdd1fb6000 ---p 00010000 103:02 9183056                   /usr/lib/x86_64-linux-gnu/libcanberra.so.0.2.5
7fcdd1fb6000-7fcdd1fb7000 r--p 00010000 103:02 9183056                   /usr/lib/x86_64-linux-gnu/libcanberra.so.0.2.5
7fcdd1fb7000-7fcdd1fb8000 rw-p 00011000 103:02 9183056                   /usr/lib/x86_64-linux-gnu/libcanberra.so.0.2.5
7fcdd1fb8000-7fcdd1fbc000 r-xp 00000000 103:02 9186592                   /usr/lib/x86_64-linux-gnu/libcanberra-gtk.so.0.1.9
7fcdd1fbc000-7fcdd21bb000 ---p 00004000 103:02 9186592                   /usr/lib/x86_64-linux-gnu/libcanberra-gtk.so.0.1.9
7fcdd21bb000-7fcdd21bc000 r--p 00003000 103:02 9186592                   /usr/lib/x86_64-linux-gnu/libcanberra-gtk.so.0.1.9
7fcdd21bc000-7fcdd21bd000 rw-p 00004000 103:02 9186592                   /usr/lib/x86_64-linux-gnu/libcanberra-gtk.so.0.1.9
7fcdd21bd000-7fcdd21c2000 r-xp 00000000 103:02 9441781                   /usr/lib/x86_64-linux-gnu/gtk-2.0/modules/libcanberra-gtk-module.so
7fcdd21c2000-7fcdd23c2000 ---p 00005000 103:02 9441781                   /usr/lib/x86_64-linux-gnu/gtk-2.0/modules/libcanberra-gtk-module.so
7fcdd23c2000-7fcdd23c3000 r--p 00005000 103:02 9441781                   /usr/lib/x86_64-linux-gnu/gtk-2.0/modules/libcanberra-gtk-module.so
7fcdd23c3000-7fcdd23c4000 rw-p 00006000 103:02 9441781                   /usr/lib/x86_64-linux-gnu/gtk-2.0/modules/libcanberra-gtk-module.so
7fcdd23c4000-7fcdd23fe000 r-xp 00000000 103:02 9440673                   /usr/lib/x86_64-linux-gnu/gtk-2.0/2.10.0/engines/libmurrine.so
7fcdd23fe000-7fcdd25fe000 ---p 0003a000 103:02 9440673                   /usr/lib/x86_64-linux-gnu/gtk-2.0/2.10.0/engines/libmurrine.so
7fcdd25fe000-7fcdd25ff000 r--p 0003a000 103:02 9440673                   /usr/lib/x86_64-linux-gnu/gtk-2.0/2.10.0/engines/libmurrine.so
7fcdd25ff000-7fcdd2600000 rw-p 0003b000 103:02 9440673                   /usr/lib/x86_64-linux-gnu/gtk-2.0/2.10.0/engines/libmurrine.so
7fcdd2600000-7fcdd2629000 r-xp 00000000 103:02 9439000                   /usr/lib/jvm/java-8-oracle/jre/lib/amd64/libglass.so
7fcdd2629000-7fcdd2828000 ---p 00029000 103:02 9439000                   /usr/lib/jvm/java-8-oracle/jre/lib/amd64/libglass.so
7fcdd2828000-7fcdd282b000 rw-p 00028000 103:02 9439000                   /usr/lib/jvm/java-8-oracle/jre/lib/amd64/libglass.so
7fcdd282b000-7fcdd2833000 r-xp 00000000 103:02 9183739                   /usr/lib/x86_64-linux-gnu/libpciaccess.so.0.11.1
7fcdd2833000-7fcdd2a32000 ---p 00008000 103:02 9183739                   /usr/lib/x86_64-linux-gnu/libpciaccess.so.0.11.1
7fcdd2a32000-7fcdd2a33000 r--p 00007000 103:02 9183739                   /usr/lib/x86_64-linux-gnu/libpciaccess.so.0.11.1
7fcdd2a33000-7fcdd2a34000 rw-p 00008000 103:02 9183739                   /usr/lib/x86_64-linux-gnu/libpciaccess.so.0.11.1
7fcdd2a34000-7fcdd2a3f000 r-xp 00000000 103:02 9183173                   /usr/lib/x86_64-linux-gnu/libdrm_radeon.so.1.0.1
7fcdd2a3f000-7fcdd2c3e000 ---p 0000b000 103:02 9183173                   /usr/lib/x86_64-linux-gnu/libdrm_radeon.so.1.0.1
7fcdd2c3e000-7fcdd2c3f000 r--p 0000a000 103:02 9183173                   /usr/lib/x86_64-linux-gnu/libdrm_radeon.so.1.0.1
7fcdd2c3f000-7fcdd2c40000 rw-p 0000b000 103:02 9183173                   /usr/lib/x86_64-linux-gnu/libdrm_radeon.so.1.0.1
7fcdd2c40000-7fcdd2c47000 r-xp 00000000 103:02 9183171                   /usr/lib/x86_64-linux-gnu/libdrm_nouveau.so.2.0.0
7fcdd2c47000-7fcdd2e46000 ---p 00007000 103:02 9183171                   /usr/lib/x86_64-linux-gnu/libdrm_nouveau.so.2.0.0
7fcdd2e46000-7fcdd2e47000 r--p 00006000 103:02 9183171                   /usr/lib/x86_64-linux-gnu/libdrm_nouveau.so.2.0.0
7fcdd2e47000-7fcdd2e48000 rw-p 00007000 103:02 9183171                   /usr/lib/x86_64-linux-gnu/libdrm_nouveau.so.2.0.0
7fcdd2e48000-7fcdd2e6a000 r-xp 00000000 103:02 9183169                   /usr/lib/x86_64-linux-gnu/libdrm_intel.so.1.0.0
7fcdd2e6a000-7fcdd3069000 ---p 00022000 103:02 9183169                   /usr/lib/x86_64-linux-gnu/libdrm_intel.so.1.0.0
7fcdd3069000-7fcdd306a000 r--p 00021000 103:02 9183169                   /usr/lib/x86_64-linux-gnu/libdrm_intel.so.1.0.0
7fcdd306a000-7fcdd306b000 rw-p 00022000 103:02 9183169                   /usr/lib/x86_64-linux-gnu/libdrm_intel.so.1.0.0
7fcdd306b000-7fcdd38ea000 r-xp 00000000 103:02 9439433                   /usr/lib/x86_64-linux-gnu/dri/i965_dri.so
7fcdd38ea000-7fcdd3aea000 ---p 0087f000 103:02 9439433                   /usr/lib/x86_64-linux-gnu/dri/i965_dri.so
7fcdd3aea000-7fcdd3b3a000 r--p 0087f000 103:02 9439433                   /usr/lib/x86_64-linux-gnu/dri/i965_dri.so
7fcdd3b3a000-7fcdd3b45000 rw-p 008cf000 103:02 9439433                   /usr/lib/x86_64-linux-gnu/dri/i965_dri.so
7fcdd3b45000-7fcdd3bea000 rw-p 00000000 00:00 0 
7fcdd3bea000-7fcdd3bfa000 r-xp 00000000 103:02 9183165                   /usr/lib/x86_64-linux-gnu/libdrm.so.2.4.0
7fcdd3bfa000-7fcdd3df9000 ---p 00010000 103:02 9183165                   /usr/lib/x86_64-linux-gnu/libdrm.so.2.4.0
7fcdd3df9000-7fcdd3dfa000 r--p 0000f000 103:02 9183165                   /usr/lib/x86_64-linux-gnu/libdrm.so.2.4.0
7fcdd3dfa000-7fcdd3dfb000 rw-p 00010000 103:02 9183165                   /usr/lib/x86_64-linux-gnu/libdrm.so.2.4.0
7fcdd3dfb000-7fcdd3dff000 r-xp 00000000 103:02 9184067                   /usr/lib/x86_64-linux-gnu/libxcb-dri2.so.0.0.0
7fcdd3dff000-7fcdd3ffe000 ---p 00004000 103:02 9184067                   /usr/lib/x86_64-linux-gnu/libxcb-dri2.so.0.0.0
7fcdd3ffe000-7fcdd3fff000 r--p 00003000 103:02 9184067                   /usr/lib/x86_64-linux-gnu/libxcb-dri2.so.0.0.0
7fcdd3fff000-7fcdd4000000 rw-p 00004000 103:02 9184067                   /usr/lib/x86_64-linux-gnu/libxcb-dri2.so.0.0.0
7fcdd4000000-7fcdd4021000 rw-p 00000000 00:00 0 
7fcdd4021000-7fcdd8000000 ---p 00000000 00:00 0 
7fcdd8000000-7fcdd800c000 rw-s 00000000 00:19 1693                       /i915 (deleted)
7fcdd800c000-7fcdd801f000 r--p 00000000 103:02 9312893                   /usr/lib/jvm/java-8-oracle/jre/lib/fonts/LucidaBrightDemiItalic.ttf
7fcdd801f000-7fcdd806d000 r--p 00000000 103:02 9312891                   /usr/lib/jvm/java-8-oracle/jre/lib/fonts/LucidaSansDemiBold.ttf
7fcdd806d000-7fcdd80a9000 r--p 00000000 103:02 9312894                   /usr/lib/jvm/java-8-oracle/jre/lib/fonts/LucidaTypewriterRegular.ttf
7fcdd80a9000-7fcdd80c1000 r-xp 00000000 103:02 9184071                   /usr/lib/x86_64-linux-gnu/libxcb-glx.so.0.0.0
7fcdd80c1000-7fcdd82c1000 ---p 00018000 103:02 9184071                   /usr/lib/x86_64-linux-gnu/libxcb-glx.so.0.0.0
7fcdd82c1000-7fcdd82c3000 r--p 00018000 103:02 9184071                   /usr/lib/x86_64-linux-gnu/libxcb-glx.so.0.0.0
7fcdd82c3000-7fcdd82c4000 rw-p 0001a000 103:02 9184071                   /usr/lib/x86_64-linux-gnu/libxcb-glx.so.0.0.0
7fcdd82c4000-7fcdd82c5000 r-xp 00000000 103:02 9182893                   /usr/lib/x86_64-linux-gnu/libX11-xcb.so.1.0.0
7fcdd82c5000-7fcdd84c4000 ---p 00001000 103:02 9182893                   /usr/lib/x86_64-linux-gnu/libX11-xcb.so.1.0.0
7fcdd84c4000-7fcdd84c5000 r--p 00000000 103:02 9182893                   /usr/lib/x86_64-linux-gnu/libX11-xcb.so.1.0.0
7fcdd84c5000-7fcdd84c6000 rw-p 00001000 103:02 9182893                   /usr/lib/x86_64-linux-gnu/libX11-xcb.so.1.0.0
7fcdd84c6000-7fcdd84f2000 r-xp 00000000 103:02 9182857                   /usr/lib/x86_64-linux-gnu/libglapi.so.0.0.0
7fcdd84f2000-7fcdd86f1000 ---p 0002c000 103:02 9182857                   /usr/lib/x86_64-linux-gnu/libglapi.so.0.0.0
7fcdd86f1000-7fcdd86f5000 r--p 0002b000 103:02 9182857                   /usr/lib/x86_64-linux-gnu/libglapi.so.0.0.0
7fcdd86f5000-7fcdd86f6000 rw-p 0002f000 103:02 9182857                   /usr/lib/x86_64-linux-gnu/libglapi.so.0.0.0
7fcdd86f6000-7fcdd86f7000 rw-p 00000000 00:00 0 
7fcdd86f7000-7fcdd86fc000 r-xp 00000000 103:02 9184093                   /usr/lib/x86_64-linux-gnu/libxcb-sync.so.1.0.0
7fcdd86fc000-7fcdd88fc000 ---p 00005000 103:02 9184093                   /usr/lib/x86_64-linux-gnu/libxcb-sync.so.1.0.0
7fcdd88fc000-7fcdd88fd000 r--p 00005000 103:02 9184093                   /usr/lib/x86_64-linux-gnu/libxcb-sync.so.1.0.0
7fcdd88fd000-7fcdd88fe000 rw-p 00006000 103:02 9184093                   /usr/lib/x86_64-linux-gnu/libxcb-sync.so.1.0.0
7fcdd88fe000-7fcdd8900000 r-xp 00000000 103:02 9184079                   /usr/lib/x86_64-linux-gnu/libxcb-present.so.0.0.0
7fcdd8900000-7fcdd8aff000 ---p 00002000 103:02 9184079                   /usr/lib/x86_64-linux-gnu/libxcb-present.so.0.0.0
7fcdd8aff000-7fcdd8b00000 r--p 00001000 103:02 9184079                   /usr/lib/x86_64-linux-gnu/libxcb-present.so.0.0.0
7fcdd8b00000-7fcdd8b01000 rw-p 00002000 103:02 9184079                   /usr/lib/x86_64-linux-gnu/libxcb-present.so.0.0.0
7fcdd8b01000-7fcdd8b04000 r-xp 00000000 103:02 9184069                   /usr/lib/x86_64-linux-gnu/libxcb-dri3.so.0.0.0
7fcdd8b04000-7fcdd8d03000 ---p 00003000 103:02 9184069                   /usr/lib/x86_64-linux-gnu/libxcb-dri3.so.0.0.0
7fcdd8d03000-7fcdd8d04000 r--p 00002000 103:02 9184069                   /usr/lib/x86_64-linux-gnu/libxcb-dri3.so.0.0.0
7fcdd8d04000-7fcdd8d05000 rw-p 00003000 103:02 9184069                   /usr/lib/x86_64-linux-gnu/libxcb-dri3.so.0.0.0
7fcdd8d05000-7fcdd8d75000 r-xp 00000000 103:02 9182849                   /usr/lib/x86_64-linux-gnu/libGLX_mesa.so.0.0.0
7fcdd8d75000-7fcdd8f74000 ---p 00070000 103:02 9182849                   /usr/lib/x86_64-linux-gnu/libGLX_mesa.so.0.0.0
7fcdd8f74000-7fcdd8f77000 r--p 0006f000 103:02 9182849                   /usr/lib/x86_64-linux-gnu/libGLX_mesa.so.0.0.0
7fcdd8f77000-7fcdd8f78000 rw-p 00072000 103:02 9182849                   /usr/lib/x86_64-linux-gnu/libGLX_mesa.so.0.0.0
7fcdd8f78000-7fcdd8f79000 rw-p 00000000 00:00 0 
7fcdd8f79000-7fcdd8f8c000 r-xp 00000000 103:02 266836                    /lib/x86_64-linux-gnu/libbsd.so.0.8.7
7fcdd8f8c000-7fcdd918b000 ---p 00013000 103:02 266836                    /lib/x86_64-linux-gnu/libbsd.so.0.8.7
7fcdd918b000-7fcdd918c000 r--p 00012000 103:02 266836                    /lib/x86_64-linux-gnu/libbsd.so.0.8.7
7fcdd918c000-7fcdd918d000 rw-p 00013000 103:02 266836                    /lib/x86_64-linux-gnu/libbsd.so.0.8.7
7fcdd918d000-7fcdd918e000 rw-p 00000000 00:00 0 
7fcdd918e000-7fcdd9194000 r-xp 00000000 103:02 262150                    /lib/x86_64-linux-gnu/libuuid.so.1.3.0
7fcdd9194000-7fcdd9393000 ---p 00006000 103:02 262150                    /lib/x86_64-linux-gnu/libuuid.so.1.3.0
7fcdd9393000-7fcdd9394000 r--p 00005000 103:02 262150                    /lib/x86_64-linux-gnu/libuuid.so.1.3.0
7fcdd9394000-7fcdd9395000 rw-p 00006000 103:02 262150                    /lib/x86_64-linux-gnu/libuuid.so.1.3.0
7fcdd9395000-7fcdd939b000 r-xp 00000000 103:02 9183127                   /usr/lib/x86_64-linux-gnu/libdatrie.so.1.3.3
7fcdd939b000-7fcdd959a000 ---p 00006000 103:02 9183127                   /usr/lib/x86_64-linux-gnu/libdatrie.so.1.3.3
7fcdd959a000-7fcdd959b000 r--p 00005000 103:02 9183127                   /usr/lib/x86_64-linux-gnu/libdatrie.so.1.3.3
7fcdd959b000-7fcdd959c000 rw-p 00006000 103:02 9183127                   /usr/lib/x86_64-linux-gnu/libdatrie.so.1.3.3
7fcdd959c000-7fcdd95a1000 r-xp 00000000 103:02 9182910                   /usr/lib/x86_64-linux-gnu/libXdmcp.so.6.0.0
7fcdd95a1000-7fcdd97a0000 ---p 00005000 103:02 9182910                   /usr/lib/x86_64-linux-gnu/libXdmcp.so.6.0.0
7fcdd97a0000-7fcdd97a1000 r--p 00004000 103:02 9182910                   /usr/lib/x86_64-linux-gnu/libXdmcp.so.6.0.0
7fcdd97a1000-7fcdd97a2000 rw-p 00005000 103:02 9182910                   /usr/lib/x86_64-linux-gnu/libXdmcp.so.6.0.0
7fcdd97a2000-7fcdd97a4000 r-xp 00000000 103:02 9182899                   /usr/lib/x86_64-linux-gnu/libXau.so.6.0.0
7fcdd97a4000-7fcdd99a4000 ---p 00002000 103:02 9182899                   /usr/lib/x86_64-linux-gnu/libXau.so.6.0.0
7fcdd99a4000-7fcdd99a5000 r--p 00002000 103:02 9182899                   /usr/lib/x86_64-linux-gnu/libXau.so.6.0.0
7fcdd99a5000-7fcdd99a6000 rw-p 00003000 103:02 9182899                   /usr/lib/x86_64-linux-gnu/libXau.so.6.0.0
7fcdd99a6000-7fcdd99d1000 r-xp 00000000 103:02 9183384                   /usr/lib/x86_64-linux-gnu/libgraphite2.so.3.0.1
7fcdd99d1000-7fcdd9bd0000 ---p 0002b000 103:02 9183384                   /usr/lib/x86_64-linux-gnu/libgraphite2.so.3.0.1
7fcdd9bd0000-7fcdd9bd2000 r--p 0002a000 103:02 9183384                   /usr/lib/x86_64-linux-gnu/libgraphite2.so.3.0.1
7fcdd9bd2000-7fcdd9bd3000 rw-p 0002c000 103:02 9183384                   /usr/lib/x86_64-linux-gnu/libgraphite2.so.3.0.1
7fcdd9bd3000-7fcdd9c1a000 r-xp 00000000 103:02 262167                    /lib/x86_64-linux-gnu/libblkid.so.1.1.0
7fcdd9c1a000-7fcdd9e1a000 ---p 00047000 103:02 262167                    /lib/x86_64-linux-gnu/libblkid.so.1.1.0
7fcdd9e1a000-7fcdd9e1e000 r--p 00047000 103:02 262167                    /lib/x86_64-linux-gnu/libblkid.so.1.1.0
7fcdd9e1e000-7fcdd9e1f000 rw-p 0004b000 103:02 262167                    /lib/x86_64-linux-gnu/libblkid.so.1.1.0
7fcdd9e1f000-7fcdd9e20000 rw-p 00000000 00:00 0 
7fcdd9e20000-7fcdd9e8e000 r-xp 00000000 103:02 9182851                   /usr/lib/x86_64-linux-gnu/libGLdispatch.so.0.0.0
7fcdd9e8e000-7fcdda08d000 ---p 0006e000 103:02 9182851                   /usr/lib/x86_64-linux-gnu/libGLdispatch.so.0.0.0
7fcdda08d000-7fcdda0b5000 r--p 0006d000 103:02 9182851                   /usr/lib/x86_64-linux-gnu/libGLdispatch.so.0.0.0
7fcdda0b5000-7fcdda0b6000 rw-p 00095000 103:02 9182851                   /usr/lib/x86_64-linux-gnu/libGLdispatch.so.0.0.0
7fcdda0b6000-7fcdda0d6000 rw-p 00000000 00:00 0 
7fcdda0d6000-7fcdda0e6000 r-xp 00000000 103:02 9182843                   /usr/lib/x86_64-linux-gnu/libGLX.so.0.0.0
7fcdda0e6000-7fcdda2e5000 ---p 00010000 103:02 9182843                   /usr/lib/x86_64-linux-gnu/libGLX.so.0.0.0
7fcdda2e5000-7fcdda2e6000 r--p 0000f000 103:02 9182843                   /usr/lib/x86_64-linux-gnu/libGLX.so.0.0.0
7fcdda2e6000-7fcdda2e7000 rw-p 00010000 103:02 9182843                   /usr/lib/x86_64-linux-gnu/libGLX.so.0.0.0
7fcdda2e7000-7fcdda307000 rw-p 00000000 00:00 0 
7fcdda307000-7fcdda377000 r-xp 00000000 103:02 266962                    /lib/x86_64-linux-gnu/libpcre.so.3.13.3
7fcdda377000-7fcdda577000 ---p 00070000 103:02 266962                    /lib/x86_64-linux-gnu/libpcre.so.3.13.3
7fcdda577000-7fcdda578000 r--p 00070000 103:02 266962                    /lib/x86_64-linux-gnu/libpcre.so.3.13.3
7fcdda578000-7fcdda579000 rw-p 00071000 103:02 266962                    /lib/x86_64-linux-gnu/libpcre.so.3.13.3
7fcdda579000-7fcdda580000 r-xp 00000000 103:02 9183241                   /usr/lib/x86_64-linux-gnu/libffi.so.6.0.4
7fcdda580000-7fcdda77f000 ---p 00007000 103:02 9183241                   /usr/lib/x86_64-linux-gnu/libffi.so.6.0.4
7fcdda77f000-7fcdda780000 r--p 00006000 103:02 9183241                   /usr/lib/x86_64-linux-gnu/libffi.so.6.0.4
7fcdda780000-7fcdda781000 rw-p 00007000 103:02 9183241                   /usr/lib/x86_64-linux-gnu/libffi.so.6.0.4
7fcdda781000-7fcdda7b0000 r-xp 00000000 103:02 266870                    /lib/x86_64-linux-gnu/libexpat.so.1.6.7
7fcdda7b0000-7fcdda9b0000 ---p 0002f000 103:02 266870                    /lib/x86_64-linux-gnu/libexpat.so.1.6.7
7fcdda9b0000-7fcdda9b2000 r--p 0002f000 103:02 266870                    /lib/x86_64-linux-gnu/libexpat.so.1.6.7
7fcdda9b2000-7fcdda9b3000 rw-p 00031000 103:02 266870                    /lib/x86_64-linux-gnu/libexpat.so.1.6.7
7fcdda9b3000-7fcdda9bb000 r-xp 00000000 103:02 9183941                   /usr/lib/x86_64-linux-gnu/libthai.so.0.3.0
7fcdda9bb000-7fcddabba000 ---p 00008000 103:02 9183941                   /usr/lib/x86_64-linux-gnu/libthai.so.0.3.0
7fcddabba000-7fcddabbb000 r--p 00007000 103:02 9183941                   /usr/lib/x86_64-linux-gnu/libthai.so.0.3.0
7fcddabbb000-7fcddabbc000 rw-p 00008000 103:02 9183941                   /usr/lib/x86_64-linux-gnu/libthai.so.0.3.0
7fcddabbc000-7fcddabc8000 r-xp 00000000 103:02 9184085                   /usr/lib/x86_64-linux-gnu/libxcb-render.so.0.0.0
7fcddabc8000-7fcddadc7000 ---p 0000c000 103:02 9184085                   /usr/lib/x86_64-linux-gnu/libxcb-render.so.0.0.0
7fcddadc7000-7fcddadc8000 r--p 0000b000 103:02 9184085                   /usr/lib/x86_64-linux-gnu/libxcb-render.so.0.0.0
7fcddadc8000-7fcddadc9000 rw-p 0000c000 103:02 9184085                   /usr/lib/x86_64-linux-gnu/libxcb-render.so.0.0.0
7fcddadc9000-7fcddadef000 r-xp 00000000 103:02 9184103                   /usr/lib/x86_64-linux-gnu/libxcb.so.1.1.0
7fcddadef000-7fcddafef000 ---p 00026000 103:02 9184103                   /usr/lib/x86_64-linux-gnu/libxcb.so.1.1.0
7fcddafef000-7fcddaff0000 r--p 00026000 103:02 9184103                   /usr/lib/x86_64-linux-gnu/libxcb.so.1.1.0
7fcddaff0000-7fcddaff1000 rw-p 00027000 103:02 9184103                   /usr/lib/x86_64-linux-gnu/libxcb.so.1.1.0
7fcddaff1000-7fcddaff3000 r-xp 00000000 103:02 9184091                   /usr/lib/x86_64-linux-gnu/libxcb-shm.so.0.0.0
7fcddaff3000-7fcddb1f2000 ---p 00002000 103:02 9184091                   /usr/lib/x86_64-linux-gnu/libxcb-shm.so.0.0.0
7fcddb1f2000-7fcddb1f3000 r--p 00001000 103:02 9184091                   /usr/lib/x86_64-linux-gnu/libxcb-shm.so.0.0.0
7fcddb1f3000-7fcddb1f4000 rw-p 00002000 103:02 9184091                   /usr/lib/x86_64-linux-gnu/libxcb-shm.so.0.0.0
7fcddb1f4000-7fcddb225000 r-xp 00000000 103:02 9175830                   /usr/lib/x86_64-linux-gnu/libpng16.so.16.34.0
7fcddb225000-7fcddb424000 ---p 00031000 103:02 9175830                   /usr/lib/x86_64-linux-gnu/libpng16.so.16.34.0
7fcddb424000-7fcddb425000 r--p 00030000 103:02 9175830                   /usr/lib/x86_64-linux-gnu/libpng16.so.16.34.0
7fcddb425000-7fcddb426000 rw-p 00031000 103:02 9175830                   /usr/lib/x86_64-linux-gnu/libpng16.so.16.34.0
7fcddb426000-7fcddb4c3000 r-xp 00000000 103:02 9183757                   /usr/lib/x86_64-linux-gnu/libpixman-1.so.0.34.0
7fcddb4c3000-7fcddb6c2000 ---p 0009d000 103:02 9183757                   /usr/lib/x86_64-linux-gnu/libpixman-1.so.0.34.0
7fcddb6c2000-7fcddb6ca000 r--p 0009c000 103:02 9183757                   /usr/lib/x86_64-linux-gnu/libpixman-1.so.0.34.0
7fcddb6ca000-7fcddb6cb000 rw-p 000a4000 103:02 9183757                   /usr/lib/x86_64-linux-gnu/libpixman-1.so.0.34.0
7fcddb6cb000-7fcddb767000 r-xp 00000000 103:02 9183467                   /usr/lib/x86_64-linux-gnu/libharfbuzz.so.0.10702.0
7fcddb767000-7fcddb967000 ---p 0009c000 103:02 9183467                   /usr/lib/x86_64-linux-gnu/libharfbuzz.so.0.10702.0
7fcddb967000-7fcddb968000 r--p 0009c000 103:02 9183467                   /usr/lib/x86_64-linux-gnu/libharfbuzz.so.0.10702.0
7fcddb968000-7fcddb969000 rw-p 0009d000 103:02 9183467                   /usr/lib/x86_64-linux-gnu/libharfbuzz.so.0.10702.0
7fcddb969000-7fcddb9ba000 r-xp 00000000 103:02 262229                    /lib/x86_64-linux-gnu/libmount.so.1.1.0
7fcddb9ba000-7fcddbbb9000 ---p 00051000 103:02 262229                    /lib/x86_64-linux-gnu/libmount.so.1.1.0
7fcddbbb9000-7fcddbbbb000 r--p 00050000 103:02 262229                    /lib/x86_64-linux-gnu/libmount.so.1.1.0
7fcddbbbb000-7fcddbbbc000 rw-p 00052000 103:02 262229                    /lib/x86_64-linux-gnu/libmount.so.1.1.0
7fcddbbbc000-7fcddbbbd000 rw-p 00000000 00:00 0 
7fcddbbbd000-7fcddbbd4000 r-xp 00000000 103:02 266979                    /lib/x86_64-linux-gnu/libresolv-2.27.so
7fcddbbd4000-7fcddbdd4000 ---p 00017000 103:02 266979                    /lib/x86_64-linux-gnu/libresolv-2.27.so
7fcddbdd4000-7fcddbdd5000 r--p 00017000 103:02 266979                    /lib/x86_64-linux-gnu/libresolv-2.27.so
7fcddbdd5000-7fcddbdd6000 rw-p 00018000 103:02 266979                    /lib/x86_64-linux-gnu/libresolv-2.27.so
7fcddbdd6000-7fcddbdd8000 rw-p 00000000 00:00 0 
7fcddbdd8000-7fcddbdfd000 r-xp 00000000 103:02 266985                    /lib/x86_64-linux-gnu/libselinux.so.1
7fcddbdfd000-7fcddbffc000 ---p 00025000 103:02 266985                    /lib/x86_64-linux-gnu/libselinux.so.1
7fcddbffc000-7fcddbffd000 r--p 00024000 103:02 266985                    /lib/x86_64-linux-gnu/libselinux.so.1
7fcddbffd000-7fcddbffe000 rw-p 00025000 103:02 266985                    /lib/x86_64-linux-gnu/libselinux.so.1
7fcddbffe000-7fcddc000000 rw-p 00000000 00:00 0 
7fcddc000000-7fcddc021000 rw-p 00000000 00:00 0 
7fcddc021000-7fcde0000000 ---p 00000000 00:00 0 
7fcde0000000-7fcde0001000 r-xp 00000000 103:02 9184119                   /usr/lib/x86_64-linux-gnu/libxshmfence.so.1.0.0
7fcde0001000-7fcde0200000 ---p 00001000 103:02 9184119                   /usr/lib/x86_64-linux-gnu/libxshmfence.so.1.0.0
7fcde0200000-7fcde0201000 r--p 00000000 103:02 9184119                   /usr/lib/x86_64-linux-gnu/libxshmfence.so.1.0.0
7fcde0201000-7fcde0202000 rw-p 00001000 103:02 9184119                   /usr/lib/x86_64-linux-gnu/libxshmfence.so.1.0.0
7fcde0202000-7fcde021e000 r-xp 00000000 103:02 267012                    /lib/x86_64-linux-gnu/libz.so.1.2.11
7fcde021e000-7fcde041d000 ---p 0001c000 103:02 267012                    /lib/x86_64-linux-gnu/libz.so.1.2.11
7fcde041d000-7fcde041e000 r--p 0001b000 103:02 267012                    /lib/x86_64-linux-gnu/libz.so.1.2.11
7fcde041e000-7fcde041f000 rw-p 0001c000 103:02 267012                    /lib/x86_64-linux-gnu/libz.so.1.2.11
7fcde041f000-7fcde0430000 r-xp 00000000 103:02 9182912                   /usr/lib/x86_64-linux-gnu/libXext.so.6.4.0
7fcde0430000-7fcde062f000 ---p 00011000 103:02 9182912                   /usr/lib/x86_64-linux-gnu/libXext.so.6.4.0
7fcde062f000-7fcde0630000 r--p 00010000 103:02 9182912                   /usr/lib/x86_64-linux-gnu/libXext.so.6.4.0
7fcde0630000-7fcde0631000 rw-p 00011000 103:02 9182912                   /usr/lib/x86_64-linux-gnu/libXext.so.6.4.0
7fcde0631000-7fcde0633000 r-xp 00000000 103:02 9182908                   /usr/lib/x86_64-linux-gnu/libXdamage.so.1.1.0
7fcde0633000-7fcde0832000 ---p 00002000 103:02 9182908                   /usr/lib/x86_64-linux-gnu/libXdamage.so.1.1.0
7fcde0832000-7fcde0833000 r--p 00001000 103:02 9182908                   /usr/lib/x86_64-linux-gnu/libXdamage.so.1.1.0
7fcde0833000-7fcde0834000 rw-p 00002000 103:02 9182908                   /usr/lib/x86_64-linux-gnu/libXdamage.so.1.1.0
7fcde0834000-7fcde0836000 r-xp 00000000 103:02 9182904                   /usr/lib/x86_64-linux-gnu/libXcomposite.so.1.0.0
7fcde0836000-7fcde0a35000 ---p 00002000 103:02 9182904                   /usr/lib/x86_64-linux-gnu/libXcomposite.so.1.0.0
7fcde0a35000-7fcde0a36000 r--p 00001000 103:02 9182904                   /usr/lib/x86_64-linux-gnu/libXcomposite.so.1.0.0
7fcde0a36000-7fcde0a37000 rw-p 00002000 103:02 9182904                   /usr/lib/x86_64-linux-gnu/libXcomposite.so.1.0.0
7fcde0a37000-7fcde0a40000 r-xp 00000000 103:02 9182906                   /usr/lib/x86_64-linux-gnu/libXcursor.so.1.0.2
7fcde0a40000-7fcde0c3f000 ---p 00009000 103:02 9182906                   /usr/lib/x86_64-linux-gnu/libXcursor.so.1.0.2
7fcde0c3f000-7fcde0c40000 r--p 00008000 103:02 9182906                   /usr/lib/x86_64-linux-gnu/libXcursor.so.1.0.2
7fcde0c40000-7fcde0c41000 rw-p 00009000 103:02 9182906                   /usr/lib/x86_64-linux-gnu/libXcursor.so.1.0.2
7fcde0c41000-7fcde0c4b000 r-xp 00000000 103:02 9182930                   /usr/lib/x86_64-linux-gnu/libXrandr.so.2.2.0
7fcde0c4b000-7fcde0e4a000 ---p 0000a000 103:02 9182930                   /usr/lib/x86_64-linux-gnu/libXrandr.so.2.2.0
7fcde0e4a000-7fcde0e4b000 r--p 00009000 103:02 9182930                   /usr/lib/x86_64-linux-gnu/libXrandr.so.2.2.0
7fcde0e4b000-7fcde0e4c000 rw-p 0000a000 103:02 9182930                   /usr/lib/x86_64-linux-gnu/libXrandr.so.2.2.0
7fcde0e4c000-7fcde0e5b000 r-xp 00000000 103:02 9182920                   /usr/lib/x86_64-linux-gnu/libXi.so.6.1.0
7fcde0e5b000-7fcde105a000 ---p 0000f000 103:02 9182920                   /usr/lib/x86_64-linux-gnu/libXi.so.6.1.0
7fcde105a000-7fcde105b000 r--p 0000e000 103:02 9182920                   /usr/lib/x86_64-linux-gnu/libXi.so.6.1.0
7fcde105b000-7fcde105c000 rw-p 0000f000 103:02 9182920                   /usr/lib/x86_64-linux-gnu/libXi.so.6.1.0
7fcde105c000-7fcde105e000 r-xp 00000000 103:02 9182922                   /usr/lib/x86_64-linux-gnu/libXinerama.so.1.0.0
7fcde105e000-7fcde125d000 ---p 00002000 103:02 9182922                   /usr/lib/x86_64-linux-gnu/libXinerama.so.1.0.0
7fcde125d000-7fcde125e000 r--p 00001000 103:02 9182922                   /usr/lib/x86_64-linux-gnu/libXinerama.so.1.0.0
7fcde125e000-7fcde125f000 rw-p 00002000 103:02 9182922                   /usr/lib/x86_64-linux-gnu/libXinerama.so.1.0.0
7fcde125f000-7fcde1268000 r-xp 00000000 103:02 9182932                   /usr/lib/x86_64-linux-gnu/libXrender.so.1.3.0
7fcde1268000-7fcde1467000 ---p 00009000 103:02 9182932                   /usr/lib/x86_64-linux-gnu/libXrender.so.1.3.0
7fcde1467000-7fcde1468000 r--p 00008000 103:02 9182932                   /usr/lib/x86_64-linux-gnu/libXrender.so.1.3.0
7fcde1468000-7fcde1469000 rw-p 00009000 103:02 9182932                   /usr/lib/x86_64-linux-gnu/libXrender.so.1.3.0
7fcde1469000-7fcde146e000 r-xp 00000000 103:02 9182914                   /usr/lib/x86_64-linux-gnu/libXfixes.so.3.1.0
7fcde146e000-7fcde166d000 ---p 00005000 103:02 9182914                   /usr/lib/x86_64-linux-gnu/libXfixes.so.3.1.0
7fcde166d000-7fcde166e000 r--p 00004000 103:02 9182914                   /usr/lib/x86_64-linux-gnu/libXfixes.so.3.1.0
7fcde166e000-7fcde166f000 rw-p 00005000 103:02 9182914                   /usr/lib/x86_64-linux-gnu/libXfixes.so.3.1.0
7fcde166f000-7fcde1686000 r-xp 00000000 103:02 266877                    /lib/x86_64-linux-gnu/libgcc_s.so.1
7fcde1686000-7fcde1885000 ---p 00017000 103:02 266877                    /lib/x86_64-linux-gnu/libgcc_s.so.1
7fcde1885000-7fcde1886000 r--p 00016000 103:02 266877                    /lib/x86_64-linux-gnu/libgcc_s.so.1
7fcde1886000-7fcde1887000 rw-p 00017000 103:02 266877                    /lib/x86_64-linux-gnu/libgcc_s.so.1
7fcde1887000-7fcde1a05000 r-xp 00000000 103:02 9183920                   /usr/lib/x86_64-linux-gnu/libstdc++.so.6.0.25
7fcde1a05000-7fcde1c05000 ---p 0017e000 103:02 9183920                   /usr/lib/x86_64-linux-gnu/libstdc++.so.6.0.25
7fcde1c05000-7fcde1c0f000 r--p 0017e000 103:02 9183920                   /usr/lib/x86_64-linux-gnu/libstdc++.so.6.0.25
7fcde1c0f000-7fcde1c11000 rw-p 00188000 103:02 9183920                   /usr/lib/x86_64-linux-gnu/libstdc++.so.6.0.25
7fcde1c11000-7fcde1c15000 rw-p 00000000 00:00 0 
7fcde1c15000-7fcde1c86000 r-xp 00000000 103:02 9182855                   /usr/lib/x86_64-linux-gnu/libGL.so.1.0.0
7fcde1c86000-7fcde1e85000 ---p 00071000 103:02 9182855                   /usr/lib/x86_64-linux-gnu/libGL.so.1.0.0
7fcde1e85000-7fcde1e9f000 r--p 00070000 103:02 9182855                   /usr/lib/x86_64-linux-gnu/libGL.so.1.0.0
7fcde1e9f000-7fcde1ea0000 rw-p 0008a000 103:02 9182855                   /usr/lib/x86_64-linux-gnu/libGL.so.1.0.0
7fcde1ea0000-7fcde1ea1000 rw-p 00000000 00:00 0 
7fcde1ea1000-7fcde1ea6000 r-xp 00000000 103:02 9182948                   /usr/lib/x86_64-linux-gnu/libXxf86vm.so.1.0.0
7fcde1ea6000-7fcde20a5000 ---p 00005000 103:02 9182948                   /usr/lib/x86_64-linux-gnu/libXxf86vm.so.1.0.0
7fcde20a5000-7fcde20a6000 r--p 00004000 103:02 9182948                   /usr/lib/x86_64-linux-gnu/libXxf86vm.so.1.0.0
7fcde20a6000-7fcde20a7000 rw-p 00005000 103:02 9182948                   /usr/lib/x86_64-linux-gnu/libXxf86vm.so.1.0.0
7fcde20a7000-7fcde21db000 r-xp 00000000 103:02 9182895                   /usr/lib/x86_64-linux-gnu/libX11.so.6.3.0
7fcde21db000-7fcde23db000 ---p 00134000 103:02 9182895                   /usr/lib/x86_64-linux-gnu/libX11.so.6.3.0
7fcde23db000-7fcde23dc000 r--p 00134000 103:02 9182895                   /usr/lib/x86_64-linux-gnu/libX11.so.6.3.0
7fcde23dc000-7fcde23e0000 rw-p 00135000 103:02 9182895                   /usr/lib/x86_64-linux-gnu/libX11.so.6.3.0
7fcde23e0000-7fcde23e5000 r-xp 00000000 103:02 9182938                   /usr/lib/x86_64-linux-gnu/libXtst.so.6.1.0
7fcde23e5000-7fcde25e4000 ---p 00005000 103:02 9182938                   /usr/lib/x86_64-linux-gnu/libXtst.so.6.1.0
7fcde25e4000-7fcde25e5000 r--p 00004000 103:02 9182938                   /usr/lib/x86_64-linux-gnu/libXtst.so.6.1.0
7fcde25e5000-7fcde25e6000 rw-p 00005000 103:02 9182938                   /usr/lib/x86_64-linux-gnu/libXtst.so.6.1.0
7fcde25e6000-7fcde26f9000 r-xp 00000000 103:02 9183335                   /usr/lib/x86_64-linux-gnu/libglib-2.0.so.0.5600.1
7fcde26f9000-7fcde28f9000 ---p 00113000 103:02 9183335                   /usr/lib/x86_64-linux-gnu/libglib-2.0.so.0.5600.1
7fcde28f9000-7fcde28fa000 r--p 00113000 103:02 9183335                   /usr/lib/x86_64-linux-gnu/libglib-2.0.so.0.5600.1
7fcde28fa000-7fcde28fb000 rw-p 00114000 103:02 9183335                   /usr/lib/x86_64-linux-gnu/libglib-2.0.so.0.5600.1
7fcde28fb000-7fcde28fc000 rw-p 00000000 00:00 0 
7fcde28fc000-7fcde28fd000 r-xp 00000000 103:02 9183438                   /usr/lib/x86_64-linux-gnu/libgthread-2.0.so.0.5600.1
7fcde28fd000-7fcde2afc000 ---p 00001000 103:02 9183438                   /usr/lib/x86_64-linux-gnu/libgthread-2.0.so.0.5600.1
7fcde2afc000-7fcde2afd000 r--p 00000000 103:02 9183438                   /usr/lib/x86_64-linux-gnu/libgthread-2.0.so.0.5600.1
7fcde2afd000-7fcde2afe000 rw-p 00001000 103:02 9183438                   /usr/lib/x86_64-linux-gnu/libgthread-2.0.so.0.5600.1
7fcde2afe000-7fcde2b01000 r-xp 00000000 103:02 9183339                   /usr/lib/x86_64-linux-gnu/libgmodule-2.0.so.0.5600.1
7fcde2b01000-7fcde2d00000 ---p 00003000 103:02 9183339                   /usr/lib/x86_64-linux-gnu/libgmodule-2.0.so.0.5600.1
7fcde2d00000-7fcde2d01000 r--p 00002000 103:02 9183339                   /usr/lib/x86_64-linux-gnu/libgmodule-2.0.so.0.5600.1
7fcde2d01000-7fcde2d02000 rw-p 00003000 103:02 9183339                   /usr/lib/x86_64-linux-gnu/libgmodule-2.0.so.0.5600.1
7fcde2d02000-7fcde2d54000 r-xp 00000000 103:02 9183363                   /usr/lib/x86_64-linux-gnu/libgobject-2.0.so.0.5600.1
7fcde2d54000-7fcde2f54000 ---p 00052000 103:02 9183363                   /usr/lib/x86_64-linux-gnu/libgobject-2.0.so.0.5600.1
7fcde2f54000-7fcde2f55000 r--p 00052000 103:02 9183363                   /usr/lib/x86_64-linux-gnu/libgobject-2.0.so.0.5600.1
7fcde2f55000-7fcde2f56000 rw-p 00053000 103:02 9183363                   /usr/lib/x86_64-linux-gnu/libgobject-2.0.so.0.5600.1
7fcde2f56000-7fcde2f94000 r-xp 00000000 103:02 9183255                   /usr/lib/x86_64-linux-gnu/libfontconfig.so.1.10.1
7fcde2f94000-7fcde3194000 ---p 0003e000 103:02 9183255                   /usr/lib/x86_64-linux-gnu/libfontconfig.so.1.10.1
7fcde3194000-7fcde3196000 r--p 0003e000 103:02 9183255                   /usr/lib/x86_64-linux-gnu/libfontconfig.so.1.10.1
7fcde3196000-7fcde319b000 rw-p 00040000 103:02 9183255                   /usr/lib/x86_64-linux-gnu/libfontconfig.so.1.10.1
7fcde319b000-7fcde3248000 r-xp 00000000 103:02 9183273                   /usr/lib/x86_64-linux-gnu/libfreetype.so.6.15.0
7fcde3248000-7fcde3447000 ---p 000ad000 103:02 9183273                   /usr/lib/x86_64-linux-gnu/libfreetype.so.6.15.0
7fcde3447000-7fcde344e000 r--p 000ac000 103:02 9183273                   /usr/lib/x86_64-linux-gnu/libfreetype.so.6.15.0
7fcde344e000-7fcde344f000 rw-p 000b3000 103:02 9183273                   /usr/lib/x86_64-linux-gnu/libfreetype.so.6.15.0
7fcde344f000-7fcde3499000 r-xp 00000000 103:02 9183725                   /usr/lib/x86_64-linux-gnu/libpango-1.0.so.0.4000.14
7fcde3499000-7fcde3698000 ---p 0004a000 103:02 9183725                   /usr/lib/x86_64-linux-gnu/libpango-1.0.so.0.4000.14
7fcde3698000-7fcde369b000 r--p 00049000 103:02 9183725                   /usr/lib/x86_64-linux-gnu/libpango-1.0.so.0.4000.14
7fcde369b000-7fcde369c000 rw-p 0004c000 103:02 9183725                   /usr/lib/x86_64-linux-gnu/libpango-1.0.so.0.4000.14
7fcde369c000-7fcde37b4000 r-xp 00000000 103:02 9183050                   /usr/lib/x86_64-linux-gnu/libcairo.so.2.11510.0
7fcde37b4000-7fcde39b3000 ---p 00118000 103:02 9183050                   /usr/lib/x86_64-linux-gnu/libcairo.so.2.11510.0
7fcde39b3000-7fcde39b6000 r--p 00117000 103:02 9183050                   /usr/lib/x86_64-linux-gnu/libcairo.so.2.11510.0
7fcde39b6000-7fcde39b8000 rw-p 0011a000 103:02 9183050                   /usr/lib/x86_64-linux-gnu/libcairo.so.2.11510.0
7fcde39b8000-7fcde39b9000 rw-p 00000000 00:00 0 
7fcde39b9000-7fcde39c5000 r-xp 00000000 103:02 9183727                   /usr/lib/x86_64-linux-gnu/libpangocairo-1.0.so.0.4000.14
7fcde39c5000-7fcde3bc4000 ---p 0000c000 103:02 9183727                   /usr/lib/x86_64-linux-gnu/libpangocairo-1.0.so.0.4000.14
7fcde3bc4000-7fcde3bc5000 r--p 0000b000 103:02 9183727                   /usr/lib/x86_64-linux-gnu/libpangocairo-1.0.so.0.4000.14
7fcde3bc5000-7fcde3bc6000 rw-p 0000c000 103:02 9183727                   /usr/lib/x86_64-linux-gnu/libpangocairo-1.0.so.0.4000.14
7fcde3bc6000-7fcde3be8000 r-xp 00000000 103:02 9183311                   /usr/lib/x86_64-linux-gnu/libgdk_pixbuf-2.0.so.0.3611.0
7fcde3be8000-7fcde3de8000 ---p 00022000 103:02 9183311                   /usr/lib/x86_64-linux-gnu/libgdk_pixbuf-2.0.so.0.3611.0
7fcde3de8000-7fcde3de9000 r--p 00022000 103:02 9183311                   /usr/lib/x86_64-linux-gnu/libgdk_pixbuf-2.0.so.0.3611.0
7fcde3de9000-7fcde3dea000 rw-p 00023000 103:02 9183311                   /usr/lib/x86_64-linux-gnu/libgdk_pixbuf-2.0.so.0.3611.0
7fcde3dea000-7fcde3dfe000 r-xp 00000000 103:02 9183729                   /usr/lib/x86_64-linux-gnu/libpangoft2-1.0.so.0.4000.14
7fcde3dfe000-7fcde3ffe000 ---p 00014000 103:02 9183729                   /usr/lib/x86_64-linux-gnu/libpangoft2-1.0.so.0.4000.14
7fcde3ffe000-7fcde3fff000 r--p 00014000 103:02 9183729                   /usr/lib/x86_64-linux-gnu/libpangoft2-1.0.so.0.4000.14
7fcde3fff000-7fcde4000000 rw-p 00015000 103:02 9183729                   /usr/lib/x86_64-linux-gnu/libpangoft2-1.0.so.0.4000.14
7fcde4000000-7fcde4021000 rw-p 00000000 00:00 0 
7fcde4021000-7fcde8000000 ---p 00000000 00:00 0 
7fcde8000000-7fcde803a000 r--p 00000000 103:02 9312895                   /usr/lib/jvm/java-8-oracle/jre/lib/fonts/LucidaTypewriterBold.ttf
7fcde803a000-7fcde804e000 r--p 00000000 103:02 9312888                   /usr/lib/jvm/java-8-oracle/jre/lib/fonts/LucidaBrightItalic.ttf
7fcde804e000-7fcde8060000 r--s 00117000 103:02 15074122                  /home/austin/OneDrive/Documents/Netbeans Projects/TarkovTraderGit/TarkovTraderClient/dist/run848657896/lib/controlsfx-8.40.14.jar
7fcde8060000-7fcde8065000 r--s 00084000 103:02 9312876                   /usr/lib/jvm/java-8-oracle/jre/lib/jfr.jar
7fcde8065000-7fcde8070000 r--s 00000000 103:02 15335732                  /var/cache/fontconfig/945677eb7aeaf62f1d50efc3fb3ec7d8-le64.cache-7
7fcde8070000-7fcde8075000 r--s 00000000 103:02 15335703                  /var/cache/fontconfig/2300eef321c393bfd76478a5c0e95b23-le64.cache-7
7fcde8075000-7fcde8076000 r--s 00000000 103:02 15335696                  /var/cache/fontconfig/0d8c3b2ac0904cb8a57a757ad11a4a08-le64.cache-7
7fcde8076000-7fcde807a000 r--s 00000000 103:02 15341872                  /var/cache/fontconfig/de156ccd2eddbdc19d37a45b8b2aac9c-le64.cache-7
7fcde807a000-7fcde808f000 r--s 00000000 103:02 15335692                  /var/cache/fontconfig/04aabc0a78ac019cf9454389977116d2-le64.cache-7
7fcde808f000-7fcde8090000 r--s 00000000 103:02 15335700                  /var/cache/fontconfig/1ac9eb803944fde146138c791f5cc56a-le64.cache-7
7fcde8090000-7fcde8091000 r--s 00000000 103:02 15335751                  /var/cache/fontconfig/dc05db6664285cc2f12bf69c139ae4c3-le64.cache-7
7fcde8091000-7fcde8093000 r--s 00000000 103:02 15335697                  /var/cache/fontconfig/14a5e22175779b556eaa434240950366-le64.cache-7
7fcde8093000-7fcde8094000 r--s 00000000 103:02 15335724                  /var/cache/fontconfig/660208299946a285a940457d1287da33-le64.cache-7
7fcde8094000-7fcde8096000 r--s 00000000 103:02 15335715                  /var/cache/fontconfig/4f3e3037c9980c83b53a9351efadef62-le64.cache-7
7fcde8096000-7fcde8098000 r--s 00000000 103:02 15335729                  /var/cache/fontconfig/767a8244fc0220cfb567a839d0392e0b-le64.cache-7
7fcde8098000-7fcde8099000 r--s 00000000 103:02 15335710                  /var/cache/fontconfig/4794a0821666d79190d59a36cb4f44b5-le64.cache-7
7fcde8099000-7fcde809b000 r--s 00000000 103:02 15335694                  /var/cache/fontconfig/0bd3dc0958fa2205aaaa8ebb13e2872b-le64.cache-7
7fcde809b000-7fcde80a0000 r--s 00000000 103:02 15335752                  /var/cache/fontconfig/def309198bfa603429122923fa2bb2d4-le64.cache-7
7fcde80a0000-7fcde80a1000 r--s 00000000 103:02 15335740                  /var/cache/fontconfig/b872e6e592da6075ffa4ab0a1fcc0c75-le64.cache-7
7fcde80a1000-7fcde80a2000 r--s 00000000 103:02 15335757                  /var/cache/fontconfig/f6d4eedfaab2589bde49f7a3ff831d22-le64.cache-7
7fcde80a2000-7fcde80a3000 r--s 00000000 103:02 15335722                  /var/cache/fontconfig/589f83ef4c36d296ce6e1c846f468f08-le64.cache-7
7fcde80a3000-7fcde80a4000 r--s 00000000 103:02 15335742                  /var/cache/fontconfig/bab58bb527bb656aaa9f116d68a48d89-le64.cache-7
7fcde80a4000-7fcde80a5000 r--s 00000000 103:02 15335701                  /var/cache/fontconfig/2171a34dccabdb6bcbbc728186263178-le64.cache-7
7fcde80a5000-7fcde80a6000 r--s 00000000 103:02 15335743                  /var/cache/fontconfig/c5c45a61289222e0d30b1a26ef4effbe-le64.cache-7
7fcde80a6000-7fcde80ab000 r--s 00000000 103:02 15335735                  /var/cache/fontconfig/9d2451b1fd30e5bffe8383fd27c35478-le64.cache-7
7fcde80ab000-7fcde80b1000 r--s 00000000 103:02 15335704                  /var/cache/fontconfig/3047814df9a2f067bd2d96a2b9c36e5a-le64.cache-7
7fcde80b1000-7fcde8245000 r-xp 00000000 103:02 9183329                   /usr/lib/x86_64-linux-gnu/libgio-2.0.so.0.5600.1
7fcde8245000-7fcde8445000 ---p 00194000 103:02 9183329                   /usr/lib/x86_64-linux-gnu/libgio-2.0.so.0.5600.1
7fcde8445000-7fcde844c000 r--p 00194000 103:02 9183329                   /usr/lib/x86_64-linux-gnu/libgio-2.0.so.0.5600.1
7fcde844c000-7fcde844d000 rw-p 0019b000 103:02 9183329                   /usr/lib/x86_64-linux-gnu/libgio-2.0.so.0.5600.1
7fcde844d000-7fcde844f000 rw-p 00000000 00:00 0 
7fcde844f000-7fcde8471000 r-xp 00000000 103:02 9182985                   /usr/lib/x86_64-linux-gnu/libatk-1.0.so.0.22810.1
7fcde8471000-7fcde8671000 ---p 00022000 103:02 9182985                   /usr/lib/x86_64-linux-gnu/libatk-1.0.so.0.22810.1
7fcde8671000-7fcde8674000 r--p 00022000 103:02 9182985                   /usr/lib/x86_64-linux-gnu/libatk-1.0.so.0.22810.1
7fcde8674000-7fcde8675000 rw-p 00025000 103:02 9182985                   /usr/lib/x86_64-linux-gnu/libatk-1.0.so.0.22810.1
7fcde8675000-7fcde8725000 r-xp 00000000 103:02 9183309                   /usr/lib/x86_64-linux-gnu/libgdk-x11-2.0.so.0.2400.32
7fcde8725000-7fcde8924000 ---p 000b0000 103:02 9183309                   /usr/lib/x86_64-linux-gnu/libgdk-x11-2.0.so.0.2400.32
7fcde8924000-7fcde8928000 r--p 000af000 103:02 9183309                   /usr/lib/x86_64-linux-gnu/libgdk-x11-2.0.so.0.2400.32
7fcde8928000-7fcde892a000 rw-p 000b3000 103:02 9183309                   /usr/lib/x86_64-linux-gnu/libgdk-x11-2.0.so.0.2400.32
7fcde892a000-7fcde8d5f000 r-xp 00000000 103:02 9183442                   /usr/lib/x86_64-linux-gnu/libgtk-x11-2.0.so.0.2400.32
7fcde8d5f000-7fcde8f5e000 ---p 00435000 103:02 9183442                   /usr/lib/x86_64-linux-gnu/libgtk-x11-2.0.so.0.2400.32
7fcde8f5e000-7fcde8f65000 r--p 00434000 103:02 9183442                   /usr/lib/x86_64-linux-gnu/libgtk-x11-2.0.so.0.2400.32
7fcde8f65000-7fcde8f69000 rw-p 0043b000 103:02 9183442                   /usr/lib/x86_64-linux-gnu/libgtk-x11-2.0.so.0.2400.32
7fcde8f69000-7fcde8f6c000 rw-p 00000000 00:00 0 
7fcde8f6c000-7fcde8f78000 r-xp 00000000 103:02 9439029                   /usr/lib/jvm/java-8-oracle/jre/lib/amd64/libprism_es2.so
7fcde8f78000-7fcde9177000 ---p 0000c000 103:02 9439029                   /usr/lib/jvm/java-8-oracle/jre/lib/amd64/libprism_es2.so
7fcde9177000-7fcde9178000 rw-p 0000b000 103:02 9439029                   /usr/lib/jvm/java-8-oracle/jre/lib/amd64/libprism_es2.so
7fcde9178000-7fcde917b000 ---p 00000000 00:00 0 
7fcde917b000-7fcde9279000 rw-p 00000000 00:00 0 
7fcde9279000-7fcde930e000 r--s 0110e000 103:02 9438870                   /usr/lib/jvm/java-8-oracle/jre/lib/ext/jfxrt.jar
7fcde930e000-7fcde930f000 ---p 00000000 00:00 0 
7fcde930f000-7fcde940f000 rw-p 00000000 00:00 0 
7fcde940f000-7fcde9412000 ---p 00000000 00:00 0 
7fcde9412000-7fcde9510000 rw-p 00000000 00:00 0 
7fcde9510000-7fcde9511000 ---p 00000000 00:00 0 
7fcde9511000-7fcde9514000 ---p 00000000 00:00 0 
7fcde9514000-7fcde9611000 rw-p 00000000 00:00 0 
7fcde9611000-7fcde9612000 ---p 00000000 00:00 0 
7fcde9612000-7fcde9615000 ---p 00000000 00:00 0 
7fcde9615000-7fcde9712000 rw-p 00000000 00:00 0 
7fcde9712000-7fcde9713000 ---p 00000000 00:00 0 
7fcde9713000-7fcde9716000 ---p 00000000 00:00 0 
7fcde9716000-7fcde9813000 rw-p 00000000 00:00 0 
7fcde9813000-7fcde9814000 ---p 00000000 00:00 0 
7fcde9814000-7fcde9817000 ---p 00000000 00:00 0 
7fcde9817000-7fcde9914000 rw-p 00000000 00:00 0 
7fcde9914000-7fcde9917000 ---p 00000000 00:00 0 
7fcde9917000-7fcde9a15000 rw-p 00000000 00:00 0 
7fcde9a15000-7fcdea3e4000 r--p 00000000 103:02 9181819                   /usr/lib/locale/locale-archive
7fcdea3e4000-7fcdea3e7000 ---p 00000000 00:00 0 
7fcdea3e7000-7fcdea4e5000 rw-p 00000000 00:00 0 
7fcdea4e5000-7fcdea4e8000 ---p 00000000 00:00 0 
7fcdea4e8000-7fcdea5e6000 rw-p 00000000 00:00 0 
7fcdea5e6000-7fcdea5e7000 ---p 00000000 00:00 0 
7fcdea5e7000-7fcdec000000 rw-p 00000000 00:00 0 
7fcdec000000-7fcdec021000 rw-p 00000000 00:00 0 
7fcdec021000-7fcdf0000000 ---p 00000000 00:00 0 
7fcdf0000000-7fcdf0001000 r--s 00000000 103:02 15335738                  /var/cache/fontconfig/aec30016f93e1b46d1a973dce0d74068-le64.cache-7
7fcdf0001000-7fcdf0002000 r--s 00000000 103:02 15335708                  /var/cache/fontconfig/3f589640d34b7dc9042c8d453f7c8b9c-le64.cache-7
7fcdf0002000-7fcdf0003000 r--s 00000000 103:02 15335698                  /var/cache/fontconfig/16c2fda60d1b4b719f4b3d06fd951d25-le64.cache-7
7fcdf0003000-7fcdf0004000 r--s 00000000 103:02 15335737                  /var/cache/fontconfig/a48eab177a16e4f3713381162db2f3e9-le64.cache-7
7fcdf0004000-7fcdf0206000 rw-p 00000000 00:00 0 
7fcdf0206000-7fcdf03e0000 r--s 03d6b000 103:02 9312959                   /usr/lib/jvm/java-8-oracle/jre/lib/rt.jar
7fcdf03e0000-7fcdf4000000 rw-p 00000000 00:00 0 
7fcdf4000000-7fcdf4021000 rw-p 00000000 00:00 0 
7fcdf4021000-7fcdf8000000 ---p 00000000 00:00 0 
7fcdf8000000-7fcdf8001000 r--s 00000000 103:02 15335718                  /var/cache/fontconfig/564b2e68ac9bc4e36a6f7f6d6125ec1c-le64.cache-7
7fcdf8001000-7fcdf8002000 r--s 00000000 103:02 15335719                  /var/cache/fontconfig/56cf4f4769d0f4abc89a4895d7bd3ae1-le64.cache-7
7fcdf8002000-7fcdf8003000 r--s 00000000 103:02 15335741                  /var/cache/fontconfig/b9d506c9ac06c20b433354fa67a72993-le64.cache-7
7fcdf8003000-7fcdf8009000 r--s 00000000 103:02 15335739                  /var/cache/fontconfig/b47c4e1ecd0709278f4910c18777a504-le64.cache-7
7fcdf8009000-7fcdf801c000 r--s 00000000 103:02 15335748                  /var/cache/fontconfig/d52a8644073d54c13679302ca1180695-le64.cache-7
7fcdf801c000-7fcdf801d000 r--s 00000000 103:02 15335706                  /var/cache/fontconfig/370e5b74bf5dafc30834de68e24a87a4-le64.cache-7
7fcdf801d000-7fcdf801e000 r--s 00000000 103:02 15335717                  /var/cache/fontconfig/6b2c5944714ca7831b25bed9e85cb5c8-le64.cache-7
7fcdf801e000-7fcdf801f000 r--s 00000000 103:02 15335747                  /var/cache/fontconfig/d5178ab6d91b49bf20a416737dcea9e8-le64.cache-7
7fcdf801f000-7fcdf8020000 r--s 00000000 103:02 15335756                  /var/cache/fontconfig/551ecf3b0e8b0bca0f25c0944f561853-le64.cache-7
7fcdf8020000-7fcdf8023000 r--s 00000000 103:02 15335725                  /var/cache/fontconfig/f259c2cffa685e28062317905db73c4a-le64.cache-7
7fcdf8023000-7fcdf8025000 r--s 00000000 103:02 15337524                  /var/cache/fontconfig/550f3886151c940c12a5ed35f6a00586-le64.cache-7
7fcdf8025000-7fcdf8028000 r--s 00000000 103:02 15337525                  /var/cache/fontconfig/674d1711f2d1d2a09646eb0bdcadee49-le64.cache-7
7fcdf8028000-7fcdf8029000 r--s 00000000 103:02 15335709                  /var/cache/fontconfig/3f7329c5293ffd510edef78f73874cfd-le64.cache-7
7fcdf8029000-7fcdf8035000 r--s 00000000 103:02 15340041                  /var/cache/fontconfig/d589a48862398ed80a3d6066f4f56f4c-le64.cache-7
7fcdf8035000-7fcdf8036000 r--s 00000000 103:02 15335695                  /var/cache/fontconfig/0c9eb80ebd1c36541ebe2852d3bb0c49-le64.cache-7
7fcdf8036000-7fcdf8037000 r--s 00000000 103:02 15335702                  /var/cache/fontconfig/22368d551a680bfe5a62c02760edf4ea-le64.cache-7
7fcdf8037000-7fcdf8038000 r--s 00000000 103:02 15335714                  /var/cache/fontconfig/4d9c95eba1cb85bbcf2878543262124a-le64.cache-7
7fcdf8038000-7fcdf8039000 r--s 00000000 103:02 15335731                  /var/cache/fontconfig/85e0a52ce643a7ba2ae53e5d6949cead-le64.cache-7
7fcdf8039000-7fcdf803a000 r--s 00000000 103:02 15335711                  /var/cache/fontconfig/49f0de54bdd920fe4f0dfd4cbac43e6b-le64.cache-7
7fcdf803a000-7fcdf8bfc000 rw-p 00000000 00:00 0 
7fcdf8bfc000-7fcdf8bfd000 ---p 00000000 00:00 0 
7fcdf8bfd000-7fcdf8cfd000 rw-p 00000000 00:00 0 
7fcdf8cfd000-7fcdf8cfe000 ---p 00000000 00:00 0 
7fcdf8cfe000-7fcdf8dfe000 rw-p 00000000 00:00 0 
7fcdf8dfe000-7fcdf8dff000 ---p 00000000 00:00 0 
7fcdf8dff000-7fcdf8eff000 rw-p 00000000 00:00 0 
7fcdf8eff000-7fcdf8f00000 ---p 00000000 00:00 0 
7fcdf8f00000-7fcdf9000000 rw-p 00000000 00:00 0 
7fcdf9000000-7fcdf94f0000 rwxp 00000000 00:00 0 
7fcdf94f0000-7fce08000000 ---p 00000000 00:00 0 
7fce08000000-7fce085bc000 rw-p 00000000 00:00 0 
7fce085bc000-7fce0c000000 ---p 00000000 00:00 0 
7fce0c000000-7fce0c001000 r--s 00000000 103:02 15335758                  /var/cache/fontconfig/f6e6e0a5c3d2f6ae0c0c2e0ecd42a997-le64.cache-7
7fce0c001000-7fce0c00f000 r--s 00000000 103:02 15335734                  /var/cache/fontconfig/9b89f8e3dae116d678bbf48e5f21f69b-le64.cache-7
7fce0c00f000-7fce0c011000 r--s 00000000 103:02 15335726                  /var/cache/fontconfig/6afa1bb216ce958c1589e297e8008489-le64.cache-7
7fce0c011000-7fce0c01f000 r--s 00000000 103:02 15336063                  /var/cache/fontconfig/e13b20fdb08344e0e664864cc2ede53d-le64.cache-7
7fce0c01f000-7fce0c024000 rw-s 00000000 00:19 1692                       /i915 (deleted)
7fce0c024000-7fce0c028000 rw-s 00000000 00:19 1684                       /i915 (deleted)
7fce0c028000-7fce0c09e000 rw-p 00000000 00:00 0 
7fce0c09e000-7fce0c09f000 ---p 00000000 00:00 0 
7fce0c09f000-7fce0c19f000 rw-p 00000000 00:00 0 
7fce0c19f000-7fce0c1a0000 ---p 00000000 00:00 0 
7fce0c1a0000-7fce0c2a0000 rw-p 00000000 00:00 0 
7fce0c2a0000-7fce0c2a1000 ---p 00000000 00:00 0 
7fce0c2a1000-7fce0c3a1000 rw-p 00000000 00:00 0 
7fce0c3a1000-7fce0c3a2000 ---p 00000000 00:00 0 
7fce0c3a2000-7fce0c4cb000 rw-p 00000000 00:00 0 
7fce0c4cb000-7fce0c724000 ---p 00000000 00:00 0 
7fce0c724000-7fce0c74d000 rw-p 00000000 00:00 0 
7fce0c74d000-7fce0c9a5000 ---p 00000000 00:00 0 
7fce0c9a5000-7fce0c9ba000 rw-p 00000000 00:00 0 
7fce0c9ba000-7fce0cae6000 ---p 00000000 00:00 0 
7fce0cae6000-7fce0cafb000 rw-p 00000000 00:00 0 
7fce0cafb000-7fce0cea7000 ---p 00000000 00:00 0 
7fce0cea7000-7fce0cec2000 r-xp 00000000 103:02 9439021                   /usr/lib/jvm/java-8-oracle/jre/lib/amd64/libzip.so
7fce0cec2000-7fce0d0c2000 ---p 0001b000 103:02 9439021                   /usr/lib/jvm/java-8-oracle/jre/lib/amd64/libzip.so
7fce0d0c2000-7fce0d0c3000 rw-p 0001b000 103:02 9439021                   /usr/lib/jvm/java-8-oracle/jre/lib/amd64/libzip.so
7fce0d0c3000-7fce0d0ce000 r-xp 00000000 103:02 266930                    /lib/x86_64-linux-gnu/libnss_files-2.27.so
7fce0d0ce000-7fce0d2cd000 ---p 0000b000 103:02 266930                    /lib/x86_64-linux-gnu/libnss_files-2.27.so
7fce0d2cd000-7fce0d2ce000 r--p 0000a000 103:02 266930                    /lib/x86_64-linux-gnu/libnss_files-2.27.so
7fce0d2ce000-7fce0d2cf000 rw-p 0000b000 103:02 266930                    /lib/x86_64-linux-gnu/libnss_files-2.27.so
7fce0d2cf000-7fce0d2d5000 rw-p 00000000 00:00 0 
7fce0d2d5000-7fce0d2ec000 r-xp 00000000 103:02 266924                    /lib/x86_64-linux-gnu/libnsl-2.27.so
7fce0d2ec000-7fce0d4eb000 ---p 00017000 103:02 266924                    /lib/x86_64-linux-gnu/libnsl-2.27.so
7fce0d4eb000-7fce0d4ec000 r--p 00016000 103:02 266924                    /lib/x86_64-linux-gnu/libnsl-2.27.so
7fce0d4ec000-7fce0d4ed000 rw-p 00017000 103:02 266924                    /lib/x86_64-linux-gnu/libnsl-2.27.so
7fce0d4ed000-7fce0d4ef000 rw-p 00000000 00:00 0 
7fce0d4ef000-7fce0d4fa000 r-xp 00000000 103:02 266941                    /lib/x86_64-linux-gnu/libnss_nis-2.27.so
7fce0d4fa000-7fce0d6f9000 ---p 0000b000 103:02 266941                    /lib/x86_64-linux-gnu/libnss_nis-2.27.so
7fce0d6f9000-7fce0d6fa000 r--p 0000a000 103:02 266941                    /lib/x86_64-linux-gnu/libnss_nis-2.27.so
7fce0d6fa000-7fce0d6fb000 rw-p 0000b000 103:02 266941                    /lib/x86_64-linux-gnu/libnss_nis-2.27.so
7fce0d6fb000-7fce0d703000 r-xp 00000000 103:02 266926                    /lib/x86_64-linux-gnu/libnss_compat-2.27.so
7fce0d703000-7fce0d903000 ---p 00008000 103:02 266926                    /lib/x86_64-linux-gnu/libnss_compat-2.27.so
7fce0d903000-7fce0d904000 r--p 00008000 103:02 266926                    /lib/x86_64-linux-gnu/libnss_compat-2.27.so
7fce0d904000-7fce0d905000 rw-p 00009000 103:02 266926                    /lib/x86_64-linux-gnu/libnss_compat-2.27.so
7fce0d905000-7fce0d930000 r-xp 00000000 103:02 9439015                   /usr/lib/jvm/java-8-oracle/jre/lib/amd64/libjava.so
7fce0d930000-7fce0db2f000 ---p 0002b000 103:02 9439015                   /usr/lib/jvm/java-8-oracle/jre/lib/amd64/libjava.so
7fce0db2f000-7fce0db31000 rw-p 0002a000 103:02 9439015                   /usr/lib/jvm/java-8-oracle/jre/lib/amd64/libjava.so
7fce0db31000-7fce0db3e000 r-xp 00000000 103:02 9439020                   /usr/lib/jvm/java-8-oracle/jre/lib/amd64/libverify.so
7fce0db3e000-7fce0dd3e000 ---p 0000d000 103:02 9439020                   /usr/lib/jvm/java-8-oracle/jre/lib/amd64/libverify.so
7fce0dd3e000-7fce0dd40000 rw-p 0000d000 103:02 9439020                   /usr/lib/jvm/java-8-oracle/jre/lib/amd64/libverify.so
7fce0dd40000-7fce0dd47000 r-xp 00000000 103:02 266981                    /lib/x86_64-linux-gnu/librt-2.27.so
7fce0dd47000-7fce0df46000 ---p 00007000 103:02 266981                    /lib/x86_64-linux-gnu/librt-2.27.so
7fce0df46000-7fce0df47000 r--p 00006000 103:02 266981                    /lib/x86_64-linux-gnu/librt-2.27.so
7fce0df47000-7fce0df48000 rw-p 00007000 103:02 266981                    /lib/x86_64-linux-gnu/librt-2.27.so
7fce0df48000-7fce0e0e5000 r-xp 00000000 103:02 266903                    /lib/x86_64-linux-gnu/libm-2.27.so
7fce0e0e5000-7fce0e2e4000 ---p 0019d000 103:02 266903                    /lib/x86_64-linux-gnu/libm-2.27.so
7fce0e2e4000-7fce0e2e5000 r--p 0019c000 103:02 266903                    /lib/x86_64-linux-gnu/libm-2.27.so
7fce0e2e5000-7fce0e2e6000 rw-p 0019d000 103:02 266903                    /lib/x86_64-linux-gnu/libm-2.27.so
7fce0e2e6000-7fce0efc2000 r-xp 00000000 103:02 9438997                   /usr/lib/jvm/java-8-oracle/jre/lib/amd64/server/libjvm.so
7fce0efc2000-7fce0f1c2000 ---p 00cdc000 103:02 9438997                   /usr/lib/jvm/java-8-oracle/jre/lib/amd64/server/libjvm.so
7fce0f1c2000-7fce0f29c000 rw-p 00cdc000 103:02 9438997                   /usr/lib/jvm/java-8-oracle/jre/lib/amd64/server/libjvm.so
7fce0f29c000-7fce0f2e7000 rw-p 00000000 00:00 0 
7fce0f2e7000-7fce0f4ce000 r-xp 00000000 103:02 266840                    /lib/x86_64-linux-gnu/libc-2.27.so
7fce0f4ce000-7fce0f6ce000 ---p 001e7000 103:02 266840                    /lib/x86_64-linux-gnu/libc-2.27.so
7fce0f6ce000-7fce0f6d2000 r--p 001e7000 103:02 266840                    /lib/x86_64-linux-gnu/libc-2.27.so
7fce0f6d2000-7fce0f6d4000 rw-p 001eb000 103:02 266840                    /lib/x86_64-linux-gnu/libc-2.27.so
7fce0f6d4000-7fce0f6d8000 rw-p 00000000 00:00 0 
7fce0f6d8000-7fce0f6db000 r-xp 00000000 103:02 266863                    /lib/x86_64-linux-gnu/libdl-2.27.so
7fce0f6db000-7fce0f8da000 ---p 00003000 103:02 266863                    /lib/x86_64-linux-gnu/libdl-2.27.so
7fce0f8da000-7fce0f8db000 r--p 00002000 103:02 266863                    /lib/x86_64-linux-gnu/libdl-2.27.so
7fce0f8db000-7fce0f8dc000 rw-p 00003000 103:02 266863                    /lib/x86_64-linux-gnu/libdl-2.27.so
7fce0f8dc000-7fce0f8f2000 r-xp 00000000 103:02 9438992                   /usr/lib/jvm/java-8-oracle/jre/lib/amd64/jli/libjli.so
7fce0f8f2000-7fce0faf1000 ---p 00016000 103:02 9438992                   /usr/lib/jvm/java-8-oracle/jre/lib/amd64/jli/libjli.so
7fce0faf1000-7fce0faf2000 rw-p 00015000 103:02 9438992                   /usr/lib/jvm/java-8-oracle/jre/lib/amd64/jli/libjli.so
7fce0faf2000-7fce0fb0c000 r-xp 00000000 103:02 266973                    /lib/x86_64-linux-gnu/libpthread-2.27.so
7fce0fb0c000-7fce0fd0b000 ---p 0001a000 103:02 266973                    /lib/x86_64-linux-gnu/libpthread-2.27.so
7fce0fd0b000-7fce0fd0c000 r--p 00019000 103:02 266973                    /lib/x86_64-linux-gnu/libpthread-2.27.so
7fce0fd0c000-7fce0fd0d000 rw-p 0001a000 103:02 266973                    /lib/x86_64-linux-gnu/libpthread-2.27.so
7fce0fd0d000-7fce0fd11000 rw-p 00000000 00:00 0 
7fce0fd11000-7fce0fd38000 r-xp 00000000 103:02 266812                    /lib/x86_64-linux-gnu/ld-2.27.so
7fce0fd38000-7fce0fd39000 r--s 00000000 103:02 15335712                  /var/cache/fontconfig/4b2eda6bb976bda485cb2176619421d5-le64.cache-7
7fce0fd39000-7fce0fd3d000 rw-s 00000000 00:19 1682                       /i915 (deleted)
7fce0fd3d000-7fce0fd42000 rw-s 00000000 00:19 1681                       /i915 (deleted)
7fce0fd42000-7fce0fd47000 rw-s 00000000 00:19 1679                       /i915 (deleted)
7fce0fd48000-7fce0fd49000 rwxp 00000000 00:00 0 
7fce0fd49000-7fce0fd4d000 rw-s 00000000 00:19 1672                       /i915 (deleted)
7fce0fd4d000-7fce0fe1d000 rw-p 00000000 00:00 0 
7fce0fe1d000-7fce0fe1e000 ---p 00000000 00:00 0 
7fce0fe1e000-7fce0fe21000 ---p 00000000 00:00 0 
7fce0fe21000-7fce0ff20000 rw-p 00000000 00:00 0 
7fce0ff20000-7fce0ff24000 rw-s 00000000 00:19 1669                       /i915 (deleted)
7fce0ff24000-7fce0ff29000 rw-s 00000000 00:19 1668                       /i915 (deleted)
7fce0ff29000-7fce0ff2c000 r--s 00553000 103:02 15074118                  /home/austin/OneDrive/Documents/Netbeans Projects/TarkovTraderGit/TarkovTraderClient/dist/run848657896/TarkovTrader.jar
7fce0ff2c000-7fce0ff34000 rw-s 00000000 103:02 13370985                  /tmp/hsperfdata_austin/7295
7fce0ff34000-7fce0ff35000 rw-p 00000000 00:00 0 
7fce0ff35000-7fce0ff36000 r--p 00000000 00:00 0 
7fce0ff36000-7fce0ff38000 rw-p 00000000 00:00 0 
7fce0ff38000-7fce0ff39000 r--p 00027000 103:02 266812                    /lib/x86_64-linux-gnu/ld-2.27.so
7fce0ff39000-7fce0ff3a000 rw-p 00028000 103:02 266812                    /lib/x86_64-linux-gnu/ld-2.27.so
7fce0ff3a000-7fce0ff3b000 rw-p 00000000 00:00 0 
7ffd12d21000-7ffd12d42000 rw-p 00000000 00:00 0                          [stack]
7ffd12dd5000-7ffd12dd8000 r--p 00000000 00:00 0                          [vvar]
7ffd12dd8000-7ffd12dda000 r-xp 00000000 00:00 0                          [vdso]
ffffffffff600000-ffffffffff601000 r-xp 00000000 00:00 0                  [vsyscall]

VM Arguments:
jvm_args: -Dfile.encoding=UTF-8 
java_command: /home/austin/OneDrive/Documents/Netbeans Projects/TarkovTraderGit/TarkovTraderClient/dist/run848657896/TarkovTrader.jar
java_class_path (initial): /home/austin/OneDrive/Documents/Netbeans Projects/TarkovTraderGit/TarkovTraderClient/dist/run848657896/TarkovTrader.jar
Launcher Type: SUN_STANDARD

Environment Variables:
JAVA_HOME=/usr/lib/jvm/java-8-oracle
PATH=/usr/local/sbin:/usr/local/bin:/usr/sbin:/usr/bin:/sbin:/bin:/usr/games:/usr/local/games:/snap/bin:/usr/lib/jvm/java-8-oracle/bin:/usr/lib/jvm/java-8-oracle/db/bin:/usr/lib/jvm/java-8-oracle/jre/bin
USERNAME=austin
LD_LIBRARY_PATH=/usr/lib/jvm/java-8-oracle/jre/lib/amd64:/usr/lib/jvm/java-8-oracle/jre/lib/i386:
SHELL=/bin/bash
DISPLAY=:0

Signal Handlers:
SIGSEGV: [libjvm.so+0xad2a40], sa_mask[0]=11111111011111111101111111111110, sa_flags=SA_RESTART|SA_SIGINFO
SIGBUS: [libjvm.so+0xad2a40], sa_mask[0]=11111111011111111101111111111110, sa_flags=SA_RESTART|SA_SIGINFO
SIGFPE: [libjvm.so+0x92a610], sa_mask[0]=11111111011111111101111111111110, sa_flags=SA_RESTART|SA_SIGINFO
SIGPIPE: SIG_IGN, sa_mask[0]=00000000000010000000000000000000, sa_flags=SA_RESTART
SIGXFSZ: [libjvm.so+0x92a610], sa_mask[0]=11111111011111111101111111111110, sa_flags=SA_RESTART|SA_SIGINFO
SIGILL: [libjvm.so+0x92a610], sa_mask[0]=11111111011111111101111111111110, sa_flags=SA_RESTART|SA_SIGINFO
SIGUSR1: SIG_DFL, sa_mask[0]=00000000000000000000000000000000, sa_flags=none
SIGUSR2: [libjvm.so+0x92be70], sa_mask[0]=00100000000000000000000000000000, sa_flags=SA_RESTART|SA_SIGINFO
SIGHUP: [libjvm.so+0x92d270], sa_mask[0]=11111111011111111101111111111110, sa_flags=SA_RESTART|SA_SIGINFO
SIGINT: SIG_IGN, sa_mask[0]=00000000000000000000000000000000, sa_flags=none
SIGTERM: [libjvm.so+0x92d270], sa_mask[0]=11111111011111111101111111111110, sa_flags=SA_RESTART|SA_SIGINFO
SIGQUIT: [libjvm.so+0x92d270], sa_mask[0]=11111111011111111101111111111110, sa_flags=SA_RESTART|SA_SIGINFO


---------------  S Y S T E M  ---------------

OS:DISTRIB_ID=Ubuntu
DISTRIB_RELEASE=18.04
DISTRIB_CODENAME=bionic
DISTRIB_DESCRIPTION="Ubuntu 18.04.1 LTS"

uname:Linux 4.15.0-29-generic #31-Ubuntu SMP Tue Jul 17 15:39:52 UTC 2018 x86_64
libc:glibc 2.27 NPTL 2.27 
rlimit: STACK 8192k, CORE 0k, NPROC 30365, NOFILE 1048576, AS infinity
load average:1.04 0.98 0.88

/proc/meminfo:
MemTotal:        7877392 kB
MemFree:         1760152 kB
MemAvailable:    4395736 kB
Buffers:           95864 kB
Cached:          1897064 kB
SwapCached:            0 kB
Active:          3131496 kB
Inactive:        2674288 kB
Active(anon):    2586724 kB
Inactive(anon):   406048 kB
Active(file):     544772 kB
Inactive(file):  2268240 kB
Unevictable:          48 kB
Mlocked:              48 kB
SwapTotal:       2097148 kB
SwapFree:        2097148 kB
Dirty:               296 kB
Writeback:             0 kB
AnonPages:       3813044 kB
Mapped:           520076 kB
Shmem:            407188 kB
Slab:             164932 kB
SReclaimable:     102036 kB
SUnreclaim:        62896 kB
KernelStack:       13488 kB
PageTables:        45008 kB
NFS_Unstable:          0 kB
Bounce:                0 kB
WritebackTmp:          0 kB
CommitLimit:     6035844 kB
Committed_AS:    9494836 kB
VmallocTotal:   34359738367 kB
VmallocUsed:           0 kB
VmallocChunk:          0 kB
HardwareCorrupted:     0 kB
AnonHugePages:         0 kB
ShmemHugePages:        0 kB
ShmemPmdMapped:        0 kB
CmaTotal:              0 kB
CmaFree:               0 kB
HugePages_Total:       0
HugePages_Free:        0
HugePages_Rsvd:        0
HugePages_Surp:        0
Hugepagesize:       2048 kB
DirectMap4k:      164720 kB
DirectMap2M:     6883328 kB
DirectMap1G:     1048576 kB


CPU:total 8 (initial active 8) (4 cores per cpu, 2 threads per core) family 6 model 142 stepping 10, cmov, cx8, fxsr, mmx, sse, sse2, sse3, ssse3, sse4.1, sse4.2, popcnt, avx, avx2, aes, clmul, erms, 3dnowpref, lzcnt, ht, tsc, tscinvbit, bmi1, bmi2, adx

/proc/cpuinfo:
processor	: 0
vendor_id	: GenuineIntel
cpu family	: 6
model		: 142
model name	: Intel(R) Core(TM) i7-8550U CPU @ 1.80GHz
stepping	: 10
microcode	: 0x84
cpu MHz		: 3004.106
cache size	: 8192 KB
physical id	: 0
siblings	: 8
core id		: 0
cpu cores	: 4
apicid		: 0
initial apicid	: 0
fpu		: yes
fpu_exception	: yes
cpuid level	: 22
wp		: yes
flags		: fpu vme de pse tsc msr pae mce cx8 apic sep mtrr pge mca cmov pat pse36 clflush dts acpi mmx fxsr sse sse2 ss ht tm pbe syscall nx pdpe1gb rdtscp lm constant_tsc art arch_perfmon pebs bts rep_good nopl xtopology nonstop_tsc cpuid aperfmperf tsc_known_freq pni pclmulqdq dtes64 monitor ds_cpl vmx est tm2 ssse3 sdbg fma cx16 xtpr pdcm pcid sse4_1 sse4_2 x2apic movbe popcnt tsc_deadline_timer aes xsave avx f16c rdrand lahf_lm abm 3dnowprefetch cpuid_fault epb invpcid_single pti ibrs ibpb stibp tpr_shadow vnmi flexpriority ept vpid fsgsbase tsc_adjust bmi1 avx2 smep bmi2 erms invpcid mpx rdseed adx smap clflushopt intel_pt xsaveopt xsavec xgetbv1 xsaves dtherm ida arat pln pts hwp hwp_notify hwp_act_window hwp_epp
bugs		: cpu_meltdown spectre_v1 spectre_v2 spec_store_bypass
bogomips	: 3984.00
clflush size	: 64
cache_alignment	: 64
address sizes	: 39 bits physical, 48 bits virtual
power management:

processor	: 1
vendor_id	: GenuineIntel
cpu family	: 6
model		: 142
model name	: Intel(R) Core(TM) i7-8550U CPU @ 1.80GHz
stepping	: 10
microcode	: 0x84
cpu MHz		: 2975.535
cache size	: 8192 KB
physical id	: 0
siblings	: 8
core id		: 1
cpu cores	: 4
apicid		: 2
initial apicid	: 2
fpu		: yes
fpu_exception	: yes
cpuid level	: 22
wp		: yes
flags		: fpu vme de pse tsc msr pae mce cx8 apic sep mtrr pge mca cmov pat pse36 clflush dts acpi mmx fxsr sse sse2 ss ht tm pbe syscall nx pdpe1gb rdtscp lm constant_tsc art arch_perfmon pebs bts rep_good nopl xtopology nonstop_tsc cpuid aperfmperf tsc_known_freq pni pclmulqdq dtes64 monitor ds_cpl vmx est tm2 ssse3 sdbg fma cx16 xtpr pdcm pcid sse4_1 sse4_2 x2apic movbe popcnt tsc_deadline_timer aes xsave avx f16c rdrand lahf_lm abm 3dnowprefetch cpuid_fault epb invpcid_single pti ibrs ibpb stibp tpr_shadow vnmi flexpriority ept vpid fsgsbase tsc_adjust bmi1 avx2 smep bmi2 erms invpcid mpx rdseed adx smap clflushopt intel_pt xsaveopt xsavec xgetbv1 xsaves dtherm ida arat pln pts hwp hwp_notify hwp_act_window hwp_epp
bugs		: cpu_meltdown spectre_v1 spectre_v2 spec_store_bypass
bogomips	: 3984.00
clflush size	: 64
cache_alignment	: 64
address sizes	: 39 bits physical, 48 bits virtual
power management:

processor	: 2
vendor_id	: GenuineIntel
cpu family	: 6
model		: 142
model name	: Intel(R) Core(TM) i7-8550U CPU @ 1.80GHz
stepping	: 10
microcode	: 0x84
cpu MHz		: 2910.452
cache size	: 8192 KB
physical id	: 0
siblings	: 8
core id		: 2
cpu cores	: 4
apicid		: 4
initial apicid	: 4
fpu		: yes
fpu_exception	: yes
cpuid level	: 22
wp		: yes
flags		: fpu vme de pse tsc msr pae mce cx8 apic sep mtrr pge mca cmov pat pse36 clflush dts acpi mmx fxsr sse sse2 ss ht tm pbe syscall nx pdpe1gb rdtscp lm constant_tsc art arch_perfmon pebs bts rep_good nopl xtopology nonstop_tsc cpuid aperfmperf tsc_known_freq pni pclmulqdq dtes64 monitor ds_cpl vmx est tm2 ssse3 sdbg fma cx16 xtpr pdcm pcid sse4_1 sse4_2 x2apic movbe popcnt tsc_deadline_timer aes xsave avx f16c rdrand lahf_lm abm 3dnowprefetch cpuid_fault epb invpcid_single pti ibrs ibpb stibp tpr_shadow vnmi flexpriority ept vpid fsgsbase tsc_adjust bmi1 avx2 smep bmi2 erms invpcid mpx rdseed adx smap clflushopt intel_pt xsaveopt xsavec xgetbv1 xsaves dtherm ida arat pln pts hwp hwp_notify hwp_act_window hwp_epp
bugs		: cpu_meltdown spectre_v1 spectre_v2 spec_store_bypass
bogomips	: 3984.00
clflush size	: 64
cache_alignment	: 64
address sizes	: 39 bits physical, 48 bits virtual
power management:

processor	: 3
vendor_id	: GenuineIntel
cpu family	: 6
model		: 142
model name	: Intel(R) Core(TM) i7-8550U CPU @ 1.80GHz
stepping	: 10
microcode	: 0x84
cpu MHz		: 2946.041
cache size	: 8192 KB
physical id	: 0
siblings	: 8
core id		: 3
cpu cores	: 4
apicid		: 6
initial apicid	: 6
fpu		: yes
fpu_exception	: yes
cpuid level	: 22
wp		: yes
flags		: fpu vme de pse tsc msr pae mce cx8 apic sep mtrr pge mca cmov pat pse36 clflush dts acpi mmx fxsr sse sse2 ss ht tm pbe syscall nx pdpe1gb rdtscp lm constant_tsc art arch_perfmon pebs bts rep_good nopl xtopology nonstop_tsc cpuid aperfmperf tsc_known_freq pni pclmulqdq dtes64 monitor ds_cpl vmx est tm2 ssse3 sdbg fma cx16 xtpr pdcm pcid sse4_1 sse4_2 x2apic movbe popcnt tsc_deadline_timer aes xsave avx f16c rdrand lahf_lm abm 3dnowprefetch cpuid_fault epb invpcid_single pti ibrs ibpb stibp tpr_shadow vnmi flexpriority ept vpid fsgsbase tsc_adjust bmi1 avx2 smep bmi2 erms invpcid mpx rdseed adx smap clflushopt intel_pt xsaveopt xsavec xgetbv1 xsaves dtherm ida arat pln pts hwp hwp_notify hwp_act_window hwp_epp
bugs		: cpu_meltdown spectre_v1 spectre_v2 spec_store_bypass
bogomips	: 3984.00
clflush size	: 64
cache_alignment	: 64
address sizes	: 39 bits physical, 48 bits virtual
power management:

processor	: 4
vendor_id	: GenuineIntel
cpu family	: 6
model		: 142
model name	: Intel(R) Core(TM) i7-8550U CPU @ 1.80GHz
stepping	: 10
microcode	: 0x84
cpu MHz		: 2961.643
cache size	: 8192 KB
physical id	: 0
siblings	: 8
core id		: 0
cpu cores	: 4
apicid		: 1
initial apicid	: 1
fpu		: yes
fpu_exception	: yes
cpuid level	: 22
wp		: yes
flags		: fpu vme de pse tsc msr pae mce cx8 apic sep mtrr pge mca cmov pat pse36 clflush dts acpi mmx fxsr sse sse2 ss ht tm pbe syscall nx pdpe1gb rdtscp lm constant_tsc art arch_perfmon pebs bts rep_good nopl xtopology nonstop_tsc cpuid aperfmperf tsc_known_freq pni pclmulqdq dtes64 monitor ds_cpl vmx est tm2 ssse3 sdbg fma cx16 xtpr pdcm pcid sse4_1 sse4_2 x2apic movbe popcnt tsc_deadline_timer aes xsave avx f16c rdrand lahf_lm abm 3dnowprefetch cpuid_fault epb invpcid_single pti ibrs ibpb stibp tpr_shadow vnmi flexpriority ept vpid fsgsbase tsc_adjust bmi1 avx2 smep bmi2 erms invpcid mpx rdseed adx smap clflushopt intel_pt xsaveopt xsavec xgetbv1 xsaves dtherm ida arat pln pts hwp hwp_notify hwp_act_window hwp_epp
bugs		: cpu_meltdown spectre_v1 spectre_v2 spec_store_bypass
bogomips	: 3984.00
clflush size	: 64
cache_alignment	: 64
address sizes	: 39 bits physical, 48 bits virtual
power management:

processor	: 5
vendor_id	: GenuineIntel
cpu family	: 6
model		: 142
model name	: Intel(R) Core(TM) i7-8550U CPU @ 1.80GHz
stepping	: 10
microcode	: 0x84
cpu MHz		: 3057.718
cache size	: 8192 KB
physical id	: 0
siblings	: 8
core id		: 1
cpu cores	: 4
apicid		: 3
initial apicid	: 3
fpu		: yes
fpu_exception	: yes
cpuid level	: 22
wp		: yes
flags		: fpu vme de pse tsc msr pae mce cx8 apic sep mtrr pge mca cmov pat pse36 clflush dts acpi mmx fxsr sse sse2 ss ht tm pbe syscall nx pdpe1gb rdtscp lm constant_tsc art arch_perfmon pebs bts rep_good nopl xtopology nonstop_tsc cpuid aperfmperf tsc_known_freq pni pclmulqdq dtes64 monitor ds_cpl vmx est tm2 ssse3 sdbg fma cx16 xtpr pdcm pcid sse4_1 sse4_2 x2apic movbe popcnt tsc_deadline_timer aes xsave avx f16c rdrand lahf_lm abm 3dnowprefetch cpuid_fault epb invpcid_single pti ibrs ibpb stibp tpr_shadow vnmi flexpriority ept vpid fsgsbase tsc_adjust bmi1 avx2 smep bmi2 erms invpcid mpx rdseed adx smap clflushopt intel_pt xsaveopt xsavec xgetbv1 xsaves dtherm ida arat pln pts hwp hwp_notify hwp_act_window hwp_epp
bugs		: cpu_meltdown spectre_v1 spectre_v2 spec_store_bypass
bogomips	: 3984.00
clflush size	: 64
cache_alignment	: 64
address sizes	: 39 bits physical, 48 bits virtual
power management:

processor	: 6
vendor_id	: GenuineIntel
cpu family	: 6
model		: 142
model name	: Intel(R) Core(TM) i7-8550U CPU @ 1.80GHz
stepping	: 10
microcode	: 0x84
cpu MHz		: 2942.862
cache size	: 8192 KB
physical id	: 0
siblings	: 8
core id		: 2
cpu cores	: 4
apicid		: 5
initial apicid	: 5
fpu		: yes
fpu_exception	: yes
cpuid level	: 22
wp		: yes
flags		: fpu vme de pse tsc msr pae mce cx8 apic sep mtrr pge mca cmov pat pse36 clflush dts acpi mmx fxsr sse sse2 ss ht tm pbe syscall nx pdpe1gb rdtscp lm constant_tsc art arch_perfmon pebs bts rep_good nopl xtopology nonstop_tsc cpuid aperfmperf tsc_known_freq pni pclmulqdq dtes64 monitor ds_cpl vmx est tm2 ssse3 sdbg fma cx16 xtpr pdcm pcid sse4_1 sse4_2 x2apic movbe popcnt tsc_deadline_timer aes xsave avx f16c rdrand lahf_lm abm 3dnowprefetch cpuid_fault epb invpcid_single pti ibrs ibpb stibp tpr_shadow vnmi flexpriority ept vpid fsgsbase tsc_adjust bmi1 avx2 smep bmi2 erms invpcid mpx rdseed adx smap clflushopt intel_pt xsaveopt xsavec xgetbv1 xsaves dtherm ida arat pln pts hwp hwp_notify hwp_act_window hwp_epp
bugs		: cpu_meltdown spectre_v1 spectre_v2 spec_store_bypass
bogomips	: 3984.00
clflush size	: 64
cache_alignment	: 64
address sizes	: 39 bits physical, 48 bits virtual
power management:

processor	: 7
vendor_id	: GenuineIntel
cpu family	: 6
model		: 142
model name	: Intel(R) Core(TM) i7-8550U CPU @ 1.80GHz
stepping	: 10
microcode	: 0x84
cpu MHz		: 3020.963
cache size	: 8192 KB
physical id	: 0
siblings	: 8
core id		: 3
cpu cores	: 4
apicid		: 7
initial apicid	: 7
fpu		: yes
fpu_exception	: yes
cpuid level	: 22
wp		: yes
flags		: fpu vme de pse tsc msr pae mce cx8 apic sep mtrr pge mca cmov pat pse36 clflush dts acpi mmx fxsr sse sse2 ss ht tm pbe syscall nx pdpe1gb rdtscp lm constant_tsc art arch_perfmon pebs bts rep_good nopl xtopology nonstop_tsc cpuid aperfmperf tsc_known_freq pni pclmulqdq dtes64 monitor ds_cpl vmx est tm2 ssse3 sdbg fma cx16 xtpr pdcm pcid sse4_1 sse4_2 x2apic movbe popcnt tsc_deadline_timer aes xsave avx f16c rdrand lahf_lm abm 3dnowprefetch cpuid_fault epb invpcid_single pti ibrs ibpb stibp tpr_shadow vnmi flexpriority ept vpid fsgsbase tsc_adjust bmi1 avx2 smep bmi2 erms invpcid mpx rdseed adx smap clflushopt intel_pt xsaveopt xsavec xgetbv1 xsaves dtherm ida arat pln pts hwp hwp_notify hwp_act_window hwp_epp
bugs		: cpu_meltdown spectre_v1 spectre_v2 spec_store_bypass
bogomips	: 3984.00
clflush size	: 64
cache_alignment	: 64
address sizes	: 39 bits physical, 48 bits virtual
power management:



Memory: 4k page, physical 7877392k(1755812k free), swap 2097148k(2097148k free)

vm_info: Java HotSpot(TM) 64-Bit Server VM (25.181-b13) for linux-amd64 JRE (1.8.0_181-b13), built on Jul  7 2018 00:56:38 by "java_re" with gcc 4.3.0 20080428 (Red Hat 4.3.0-8)

time: Fri Jul 27 22:41:16 2018
elapsed time: 4 seconds (0d 0h 0m 4s)

