#
# A fatal error has been detected by the Java Runtime Environment:
#
#  SIGSEGV (0xb) at pc=0x00007f41a76ba9a8, pid=13408, tid=0x00007f4131ea4700
#
# JRE version: Java(TM) SE Runtime Environment (8.0_171-b11) (build 1.8.0_171-b11)
# Java VM: Java HotSpot(TM) 64-Bit Server VM (25.171-b11 mixed mode linux-amd64 compressed oops)
# Problematic frame:
# V  [libjvm.so+0x6d79a8]  jni_invoke_nonstatic(JNIEnv_*, JavaValue*, _jobject*, JNICallType, _jmethodID*, JNI_ArgumentPusher*, Thread*)+0x38
#
# Failed to write core dump. Core dumps have been disabled. To enable core dumping, try "ulimit -c unlimited" before starting Java again
#
# If you would like to submit a bug report, please visit:
#   http://bugreport.java.com/bugreport/crash.jsp
#

---------------  T H R E A D  ---------------

Current thread (0x00007f41a03fe800):  JavaThread "JavaFX Application Thread" [_thread_in_vm, id=13433, stack(0x00007f4131da4000,0x00007f4131ea5000)]

siginfo: si_signo: 11 (SIGSEGV), si_code: 1 (SEGV_MAPERR), si_addr: 0x00007f4100000000

Registers:
RAX=0x00007f4131ea3260, RBX=0x00007f4131ea3170, RCX=0x0000000000000001, RDX=0x00007f4100000000
RSP=0x00007f4131ea2fc0, RBP=0x00007f4131ea3140, RSI=0x00007f4131ea31d0, RDI=0x00007f41a03fe9f8
R8 =0x00007f41a0365258, R9 =0x00007f4131ea3170, R10=0x00007f4124000e00, R11=0x00007f41913e45e0
R12=0x00007f41a03fe800, R13=0x00007f41a0365258, R14=0x0000000000000001, R15=0x00007f41a03fe9f8
RIP=0x00007f41a76ba9a8, EFLAGS=0x0000000000010206, CSGSFS=0x002b000000000033, ERR=0x0000000000000004
  TRAPNO=0x000000000000000e

Top of Stack: (sp=0x00007f4131ea2fc0)
0x00007f4131ea2fc0:   00007f4131ea36c0 00007f4131ea32e0
0x00007f4131ea2fd0:   00007f4131ea3020 00007f4131ea30a0
0x00007f4131ea2fe0:   00007f4131ea3170 00007f4131ea31d0
0x00007f4131ea2ff0:   00007f41a03fe9f8 00007f41a76da4b0
0x00007f4131ea3000:   00007f414c0091b0 00007f414c0091c0
0x00007f4131ea3010:   00007f414c009598 00000000000003d8
0x00007f4131ea3020:   0000000000000000 00000000d9d80d08
0x00007f4131ea3030:   00007f410000006f 00007f410000000a
0x00007f4131ea3040:   00000000d8151cb0 0000000000000000
0x00007f4131ea3050:   0000000000000000 0000000000000000
0x00007f4131ea3060:   00007f4190ce9c30 0000000100000100
0x00007f4131ea3070:   0000000000000000 00007f4131ea3028
0x00007f4131ea3080:   00007f4131ea3069 0000000800000005
0x00007f4131ea3090:   00007f4131ea3000 00007f41a03fed00
0x00007f4131ea30a0:   00007f41a7f4e7b0 00007f41a8a9a7a0
0x00007f4131ea30b0:   00000000a03fec80 00007f41a03fe800
0x00007f4131ea30c0:   0000000000000000 00007f41a76bad7b
0x00007f4131ea30d0:   00007f4190cf3d78 00007f41a03fe800
0x00007f4131ea30e0:   00007f4190cf3d78 00007f41a03fe800
0x00007f4131ea30f0:   00007f4131ea3280 00007f4190cf3d78
0x00007f4131ea3100:   00007f4190cf3d78 00007f4190cf3d78
0x00007f4131ea3110:   00007f414c0091b0 00007f4131ea3170
0x00007f4131ea3120:   00007f41a03fe800 00007f4131ea31b0
0x00007f4131ea3130:   00007f41a0365258 00007f41a03fe9f8
0x00007f4131ea3140:   00007f4131ea3230 00007f41a76bf14f
0x00007f4131ea3150:   00007f41a03fe800 00007f41692a8614
0x00007f4131ea3160:   00007f4131ea3248 00007f4100000000
0x00007f4131ea3170:   00007f41a7f4f430 00007f41a8a9a7a0
0x00007f4131ea3180:   0000000000000000 00007f4100000063
0x00007f4131ea3190:   0000000000000000 0000003000000018
0x00007f4131ea31a0:   00007f4131ea3320 00007f4131ea3260
0x00007f4131ea31b0:   00007f41a03fe800 0000000000000000 

Instructions: (pc=0x00007f41a76ba9a8)
0x00007f41a76ba988:   00 00 48 85 d2 48 89 bd b0 fe ff ff 48 89 b5 a8
0x00007f41a76ba998:   fe ff ff 4c 89 8d a0 fe ff ff 0f 84 78 09 00 00
0x00007f41a76ba9a8:   4c 8b 22 4d 85 e4 0f 84 6c 09 00 00 48 8b 45 10
0x00007f41a76ba9b8:   48 8b 98 38 01 00 00 48 83 7b 18 f7 0f 87 16 07 

Register to memory mapping:

RAX=0x00007f4131ea3260 is pointing into the stack for thread: 0x00007f41a03fe800
RBX=0x00007f4131ea3170 is pointing into the stack for thread: 0x00007f41a03fe800
RCX=0x0000000000000001 is an unknown value
RDX=0x00007f4100000000 is an unknown value
RSP=0x00007f4131ea2fc0 is pointing into the stack for thread: 0x00007f41a03fe800
RBP=0x00007f4131ea3140 is pointing into the stack for thread: 0x00007f41a03fe800
RSI=0x00007f4131ea31d0 is pointing into the stack for thread: 0x00007f41a03fe800
RDI=0x00007f41a03fe9f8 is an unknown value
R8 =0x00007f41a0365258 is an unknown value
R9 =0x00007f4131ea3170 is pointing into the stack for thread: 0x00007f41a03fe800
R10=0x00007f4124000e00 is an unknown value
R11=0x00007f41913e45e0 is at entry_point+32 in (nmethod*)0x00007f41913e4450
R12=0x00007f41a03fe800 is a thread
R13=0x00007f41a0365258 is an unknown value
R14=0x0000000000000001 is an unknown value
R15=0x00007f41a03fe9f8 is an unknown value


Stack: [0x00007f4131da4000,0x00007f4131ea5000],  sp=0x00007f4131ea2fc0,  free space=1019k
Native frames: (J=compiled Java code, j=interpreted, Vv=VM code, C=native code)
V  [libjvm.so+0x6d79a8]  jni_invoke_nonstatic(JNIEnv_*, JavaValue*, _jobject*, JNICallType, _jmethodID*, JNI_ArgumentPusher*, Thread*)+0x38
V  [libjvm.so+0x6dc14f]  jni_CallVoidMethodV+0x10f
C  [libglass.so+0x18641]  JNIEnv_::CallVoidMethod(_jobject*, _jmethodID*, ...)+0x81
C  [libglass.so+0x14f0f]  WindowContextBase::process_key(_GdkEventKey*)+0x20f
C  [libglass.so+0x19f60]  WindowContextBase::im_filter_keypress(_GdkEventKey*)+0x1c0
C  [libglass.so+0x1a91c]  process_events(_GdkEvent*, void*)+0x22c
C  [libgdk-x11-2.0.so.0+0x5b02c]

Java frames: (J=compiled Java code, j=interpreted, Vv=VM code)
j  com.sun.glass.ui.gtk.GtkApplication._runLoop(Ljava/lang/Runnable;Z)V+0
j  com.sun.glass.ui.gtk.GtkApplication.lambda$null$48(Ljava/lang/Runnable;Z)V+7
j  com.sun.glass.ui.gtk.GtkApplication$$Lambda$41.run()V+12
j  java.lang.Thread.run()V+11
v  ~StubRoutines::call_stub

---------------  P R O C E S S  ---------------

Java Threads: ( => current thread )
  0x00007f41242a0000 JavaThread "Prism Font Disposer" daemon [_thread_blocked, id=13438, stack(0x00007f4130c21000,0x00007f4130d22000)]
  0x00007f411c011000 JavaThread "Thread-4" [_thread_in_native, id=13437, stack(0x00007f4131487000,0x00007f4131588000)]
  0x00007f41240ef000 JavaThread "Thread-3" [_thread_in_native, id=13435, stack(0x00007f4131ba2000,0x00007f4131ca3000)]
  0x00007f41a0404800 JavaThread "JavaFX-Launcher" [_thread_blocked, id=13434, stack(0x00007f4131ca3000,0x00007f4131da4000)]
=>0x00007f41a03fe800 JavaThread "JavaFX Application Thread" [_thread_in_vm, id=13433, stack(0x00007f4131da4000,0x00007f4131ea5000)]
  0x00007f41a03fb000 JavaThread "Thread-1" daemon [_thread_blocked, id=13432, stack(0x00007f4131ea5000,0x00007f4131fa6000)]
  0x00007f41a034d800 JavaThread "QuantumRenderer-0" daemon [_thread_blocked, id=13431, stack(0x00007f4169d18000,0x00007f4169e19000)]
  0x00007f41a021b000 JavaThread "Service Thread" daemon [_thread_blocked, id=13429, stack(0x00007f4169f1a000,0x00007f416a01b000)]
  0x00007f41a0210000 JavaThread "C1 CompilerThread3" daemon [_thread_blocked, id=13428, stack(0x00007f416a01c000,0x00007f416a11c000)]
  0x00007f41a020d800 JavaThread "C2 CompilerThread2" daemon [_thread_in_native, id=13427, stack(0x00007f416a11d000,0x00007f416a21d000)]
  0x00007f41a020c000 JavaThread "C2 CompilerThread1" daemon [_thread_blocked, id=13426, stack(0x00007f416a21e000,0x00007f416a31e000)]
  0x00007f41a0209000 JavaThread "C2 CompilerThread0" daemon [_thread_in_native, id=13425, stack(0x00007f416a31f000,0x00007f416a41f000)]
  0x00007f41a0207800 JavaThread "Signal Dispatcher" daemon [_thread_blocked, id=13424, stack(0x00007f416a41f000,0x00007f416a520000)]
  0x00007f41a01d4800 JavaThread "Finalizer" daemon [_thread_blocked, id=13423, stack(0x00007f416aeef000,0x00007f416aff0000)]
  0x00007f41a01d0000 JavaThread "Reference Handler" daemon [_thread_blocked, id=13422, stack(0x00007f416aff0000,0x00007f416b0f1000)]
  0x00007f41a000b000 JavaThread "main" [_thread_blocked, id=13412, stack(0x00007f41a8b16000,0x00007f41a8c16000)]

Other Threads:
  0x00007f41a01c8800 VMThread [stack: 0x00007f416b0f2000,0x00007f416b1f2000] [id=13421]
  0x00007f41a0220000 WatcherThread [stack: 0x00007f4169e1a000,0x00007f4169f1a000] [id=13430]

VM state:not at safepoint (normal execution)

VM Mutex/Monitor currently owned by a thread: None

Heap:
 PSYoungGen      total 36352K, used 10505K [0x00000000d7f00000, 0x00000000da780000, 0x0000000100000000)
  eden space 31232K, 18% used [0x00000000d7f00000,0x00000000d8481430,0x00000000d9d80000)
  from space 5120K, 95% used [0x00000000d9d80000,0x00000000da241188,0x00000000da280000)
  to   space 5120K, 0% used [0x00000000da280000,0x00000000da280000,0x00000000da780000)
 ParOldGen       total 83456K, used 16K [0x0000000087c00000, 0x000000008cd80000, 0x00000000d7f00000)
  object space 83456K, 0% used [0x0000000087c00000,0x0000000087c04000,0x000000008cd80000)
 Metaspace       used 15906K, capacity 16768K, committed 17024K, reserved 1062912K
  class space    used 2349K, capacity 2565K, committed 2688K, reserved 1048576K

Card table byte_map: [0x00007f41a5421000,0x00007f41a57e4000] byte_map_base: 0x00007f41a4fe3000

Marking Bits: (ParMarkBitMap*) 0x00007f41a7fb3280
 Begin Bits: [0x00007f41703e0000, 0x00007f41721f0000)
 End Bits:   [0x00007f41721f0000, 0x00007f4174000000)

Polling page: 0x00007f41a8c2e000

CodeCache: size=245760Kb used=5121Kb max_used=5121Kb free=240638Kb
 bounds [0x00007f4191000000, 0x00007f4191510000, 0x00007f41a0000000]
 total_blobs=2330 nmethods=1698 adapters=545
 compilation: enabled

Compilation events (10 events):
Event: 4.547 Thread 0x00007f41a020d800 1692 %     4       com.sun.javafx.iio.common.RoughScaler::putSourceScanline @ 116 (261 bytes)
Event: 4.549 Thread 0x00007f41a0210000 1693       3       com.sun.javafx.util.WeakReferenceQueue$ListEntry::<init> (17 bytes)
Event: 4.549 Thread 0x00007f41a0210000 nmethod 1693 0x00007f41914fbbd0 code [0x00007f41914fbd40, 0x00007f41914fc070]
Event: 4.549 Thread 0x00007f41a0210000 1695       3       java.util.AbstractCollection::addAll (42 bytes)
Event: 4.549 Thread 0x00007f41a0210000 nmethod 1695 0x00007f41914fc1d0 code [0x00007f41914fc380, 0x00007f41914fc8d8]
Event: 4.549 Thread 0x00007f41a0210000 1698       3       java.lang.ThreadLocal::get (38 bytes)
Event: 4.549 Thread 0x00007f41a0210000 nmethod 1698 0x00007f41914fca90 code [0x00007f41914fcc20, 0x00007f41914fcfa8]
Event: 4.549 Thread 0x00007f41a0210000 1699       1       javafx.scene.layout.Region::impl_notifyLayoutBoundsChanged (1 bytes)
Event: 4.549 Thread 0x00007f41a0210000 nmethod 1699 0x00007f41914fd150 code [0x00007f41914fd2a0, 0x00007f41914fd3b0]
Event: 4.549 Thread 0x00007f41a0210000 1694       3       javafx.scene.text.Text::getTextLayout (176 bytes)

GC Heap History (2 events):
Event: 0.684 GC heap before
{Heap before GC invocations=1 (full 0):
 PSYoungGen      total 36352K, used 31232K [0x00000000d7f00000, 0x00000000da780000, 0x0000000100000000)
  eden space 31232K, 100% used [0x00000000d7f00000,0x00000000d9d80000,0x00000000d9d80000)
  from space 5120K, 0% used [0x00000000da280000,0x00000000da280000,0x00000000da780000)
  to   space 5120K, 0% used [0x00000000d9d80000,0x00000000d9d80000,0x00000000da280000)
 ParOldGen       total 83456K, used 0K [0x0000000087c00000, 0x000000008cd80000, 0x00000000d7f00000)
  object space 83456K, 0% used [0x0000000087c00000,0x0000000087c00000,0x000000008cd80000)
 Metaspace       used 14629K, capacity 15298K, committed 15488K, reserved 1062912K
  class space    used 2182K, capacity 2354K, committed 2432K, reserved 1048576K
Event: 0.688 GC heap after
Heap after GC invocations=1 (full 0):
 PSYoungGen      total 36352K, used 4868K [0x00000000d7f00000, 0x00000000da780000, 0x0000000100000000)
  eden space 31232K, 0% used [0x00000000d7f00000,0x00000000d7f00000,0x00000000d9d80000)
  from space 5120K, 95% used [0x00000000d9d80000,0x00000000da241188,0x00000000da280000)
  to   space 5120K, 0% used [0x00000000da280000,0x00000000da280000,0x00000000da780000)
 ParOldGen       total 83456K, used 16K [0x0000000087c00000, 0x000000008cd80000, 0x00000000d7f00000)
  object space 83456K, 0% used [0x0000000087c00000,0x0000000087c04000,0x000000008cd80000)
 Metaspace       used 14629K, capacity 15298K, committed 15488K, reserved 1062912K
  class space    used 2182K, capacity 2354K, committed 2432K, reserved 1048576K
}

Deoptimization events (10 events):
Event: 0.514 Thread 0x00007f41a03fe800 Uncommon trap: reason=class_check action=maybe_recompile pc=0x00007f419111b3e0 method=java.lang.String.equals(Ljava/lang/Object;)Z @ 8
Event: 0.514 Thread 0x00007f41a03fe800 Uncommon trap: reason=class_check action=maybe_recompile pc=0x00007f419111b3e0 method=java.lang.String.equals(Ljava/lang/Object;)Z @ 8
Event: 0.514 Thread 0x00007f41a03fe800 Uncommon trap: reason=class_check action=maybe_recompile pc=0x00007f419111b3e0 method=java.lang.String.equals(Ljava/lang/Object;)Z @ 8
Event: 0.515 Thread 0x00007f41a03fe800 Uncommon trap: reason=class_check action=maybe_recompile pc=0x00007f419111b3e0 method=java.lang.String.equals(Ljava/lang/Object;)Z @ 8
Event: 0.596 Thread 0x00007f41a03fe800 Uncommon trap: reason=unstable_if action=reinterpret pc=0x00007f41912b1cc8 method=sun.net.www.ParseUtil.encodePath(Ljava/lang/String;Z)Ljava/lang/String; @ 109
Event: 0.645 Thread 0x00007f41a03fe800 Uncommon trap: reason=unstable_if action=reinterpret pc=0x00007f41912d8ce4 method=jdk.internal.org.objectweb.asm.Type.getArgumentsAndReturnSizes(Ljava/lang/String;)I @ 47
Event: 3.183 Thread 0x00007f41a03fe800 Uncommon trap: reason=unstable_if action=reinterpret pc=0x00007f419124c060 method=java.lang.CharacterData.of(I)Ljava/lang/CharacterData; @ 4
Event: 4.294 Thread 0x00007f41a03fe800 Uncommon trap: reason=unstable_if action=reinterpret pc=0x00007f41911d5190 method=java.lang.String.indexOf([CII[CIII)I @ 3
Event: 4.471 Thread 0x00007f41a03fe800 Uncommon trap: reason=unstable_if action=reinterpret pc=0x00007f41914931d4 method=tarkov.trader.client.LoginPrompt.awaitingAuthentication()Z @ 3
Event: 4.485 Thread 0x00007f41a03fe800 Uncommon trap: reason=unstable_if action=reinterpret pc=0x00007f419140caf8 method=java.lang.StrictMath.floorOrCeil(DDDD)D @ 38

Classes redefined (0 events):
No events

Internal exceptions (10 events):
Event: 0.111 Thread 0x00007f41a000b000 Exception <a 'java/lang/NoSuchFieldError': method resolution failed> (0x00000000d8137a68) thrown at [/HUDSON/workspace/8-2-build-linux-amd64/jdk8u171/10807/hotspot/src/share/vm/prims/methodHandles.cpp, line 1167]
Event: 0.125 Thread 0x00007f41a000b000 Exception <a 'java/security/PrivilegedActionException'> (0x00000000d81c1178) thrown at [/HUDSON/workspace/8-2-build-linux-amd64/jdk8u171/10807/hotspot/src/share/vm/prims/jvm.cpp, line 1435]
Event: 0.125 Thread 0x00007f41a000b000 Exception <a 'java/security/PrivilegedActionException'> (0x00000000d81c1388) thrown at [/HUDSON/workspace/8-2-build-linux-amd64/jdk8u171/10807/hotspot/src/share/vm/prims/jvm.cpp, line 1435]
Event: 0.125 Thread 0x00007f41a000b000 Exception <a 'java/security/PrivilegedActionException'> (0x00000000d81c37f0) thrown at [/HUDSON/workspace/8-2-build-linux-amd64/jdk8u171/10807/hotspot/src/share/vm/prims/jvm.cpp, line 1435]
Event: 0.125 Thread 0x00007f41a000b000 Exception <a 'java/security/PrivilegedActionException'> (0x00000000d81c3a00) thrown at [/HUDSON/workspace/8-2-build-linux-amd64/jdk8u171/10807/hotspot/src/share/vm/prims/jvm.cpp, line 1435]
Event: 0.125 Thread 0x00007f41a000b000 Exception <a 'java/lang/NullPointerException'> (0x00000000d81c3fd8) thrown at [/HUDSON/workspace/8-2-build-linux-amd64/jdk8u171/10807/hotspot/src/share/vm/interpreter/linkResolver.cpp, line 1185]
Event: 0.334 Thread 0x00007f41a03fe800 Exception <a 'java/lang/NullPointerException'> (0x00000000d8cdce30) thrown at [/HUDSON/workspace/8-2-build-linux-amd64/jdk8u171/10807/hotspot/src/share/vm/interpreter/linkResolver.cpp, line 1185]
Event: 0.334 Thread 0x00007f41a03fe800 Exception <a 'java/lang/NullPointerException'> (0x00000000d8cdce30) thrown at [/HUDSON/workspace/8-2-build-linux-amd64/jdk8u171/10807/hotspot/src/share/vm/prims/jvm.cpp, line 1439]
Event: 4.283 Thread 0x00007f41a03fe800 Exception <a 'java/lang/NoSuchMethodError': <clinit>> (0x00000000d8164c98) thrown at [/HUDSON/workspace/8-2-build-linux-amd64/jdk8u171/10807/hotspot/src/share/vm/prims/jni.cpp, line 1613]
Event: 4.307 Thread 0x00007f41a03fe800 Exception <a 'java/lang/NoSuchMethodError': <clinit>> (0x00000000d8194ef8) thrown at [/HUDSON/workspace/8-2-build-linux-amd64/jdk8u171/10807/hotspot/src/share/vm/prims/jni.cpp, line 1613]

Events (10 events):
Event: 4.522 loading class javafx/scene/control/MenuButton
Event: 4.522 loading class javafx/scene/control/MenuButton done
Event: 4.526 loading class javafx/collections/FXCollections$UnmodifiableObservableSet$1
Event: 4.526 loading class javafx/collections/FXCollections$UnmodifiableObservableSet$1 done
Event: 4.531 loading class javafx/scene/layout/BorderStrokeStyle
Event: 4.531 loading class javafx/scene/layout/BorderStrokeStyle done
Event: 4.532 loading class com/sun/javafx/scene/layout/region/Margins
Event: 4.532 loading class com/sun/javafx/scene/layout/region/Margins done
Event: 4.532 loading class javafx/scene/layout/BorderStroke
Event: 4.532 loading class javafx/scene/layout/BorderStroke done


Dynamic libraries:
00400000-00401000 r-xp 00000000 103:02 9307016                           /usr/lib/jvm/java-8-oracle/jre/bin/java
00600000-00601000 rw-p 00000000 103:02 9307016                           /usr/lib/jvm/java-8-oracle/jre/bin/java
01cc6000-01ce7000 rw-p 00000000 00:00 0                                  [heap]
87c00000-8cd80000 rw-p 00000000 00:00 0 
8cd80000-d7f00000 ---p 00000000 00:00 0 
d7f00000-da780000 rw-p 00000000 00:00 0 
da780000-100000000 ---p 00000000 00:00 0 
100000000-1002a0000 rw-p 00000000 00:00 0 
1002a0000-140000000 ---p 00000000 00:00 0 
7f4110000000-7f4110021000 rw-p 00000000 00:00 0 
7f4110021000-7f4114000000 ---p 00000000 00:00 0 
7f4118000000-7f4118021000 rw-p 00000000 00:00 0 
7f4118021000-7f411c000000 ---p 00000000 00:00 0 
7f411c000000-7f411c021000 rw-p 00000000 00:00 0 
7f411c021000-7f4120000000 ---p 00000000 00:00 0 
7f4120fff000-7f4124000000 rw-p 00000000 00:00 0 
7f4124000000-7f412461e000 rw-p 00000000 00:00 0 
7f412461e000-7f4128000000 ---p 00000000 00:00 0 
7f4128000000-7f4128021000 rw-p 00000000 00:00 0 
7f4128021000-7f412c000000 ---p 00000000 00:00 0 
7f412c000000-7f412c021000 rw-p 00000000 00:00 0 
7f412c021000-7f4130000000 ---p 00000000 00:00 0 
7f4130584000-7f4130594000 rw-s 00000000 00:19 2130                       /i915 (deleted)
7f4130594000-7f4130754000 rw-s 105321000 00:06 331                       /dev/dri/card0
7f4130754000-7f4130914000 rw-s 00000000 00:19 2093                       /i915 (deleted)
7f4130914000-7f4130974000 rw-s 00000000 00:05 1601961987                 /SYSV00000000 (deleted)
7f4130974000-7f4130b74000 rw-p 00000000 00:00 0 
7f4130b74000-7f4130c21000 r--p 00000000 103:02 10224347                  /usr/share/fonts/truetype/dejavu/DejaVuSans-Bold.ttf
7f4130c21000-7f4130c24000 ---p 00000000 00:00 0 
7f4130c24000-7f4130d22000 rw-p 00000000 00:00 0 
7f4130d22000-7f4130ddb000 r--p 00000000 103:02 10224348                  /usr/share/fonts/truetype/dejavu/DejaVuSans.ttf
7f4130ddb000-7f4130e30000 r--p 00000000 103:02 9307053                   /usr/lib/jvm/java-8-oracle/jre/lib/fonts/LucidaBrightRegular.ttf
7f4130e30000-7f4130e7e000 r--p 00000000 103:02 9307054                   /usr/lib/jvm/java-8-oracle/jre/lib/fonts/LucidaSansDemiBold.ttf
7f4130e7e000-7f4130e82000 r-xp 00000000 103:02 9441082                   /usr/lib/jvm/java-8-oracle/jre/lib/amd64/libjavafx_font_pango.so
7f4130e82000-7f4131081000 ---p 00004000 103:02 9441082                   /usr/lib/jvm/java-8-oracle/jre/lib/amd64/libjavafx_font_pango.so
7f4131081000-7f4131082000 rw-p 00003000 103:02 9441082                   /usr/lib/jvm/java-8-oracle/jre/lib/amd64/libjavafx_font_pango.so
7f4131082000-7f4131282000 rw-p 00000000 00:00 0 
7f4131282000-7f4131287000 r-xp 00000000 103:02 9441085                   /usr/lib/jvm/java-8-oracle/jre/lib/amd64/libjavafx_font_freetype.so
7f4131287000-7f4131486000 ---p 00005000 103:02 9441085                   /usr/lib/jvm/java-8-oracle/jre/lib/amd64/libjavafx_font_freetype.so
7f4131486000-7f4131487000 rw-p 00004000 103:02 9441085                   /usr/lib/jvm/java-8-oracle/jre/lib/amd64/libjavafx_font_freetype.so
7f4131487000-7f413148a000 ---p 00000000 00:00 0 
7f413148a000-7f4131788000 rw-p 00000000 00:00 0 
7f4131788000-7f413178b000 r-xp 00000000 103:02 9441133                   /usr/lib/jvm/java-8-oracle/jre/lib/amd64/libjavafx_font.so
7f413178b000-7f413198a000 ---p 00003000 103:02 9441133                   /usr/lib/jvm/java-8-oracle/jre/lib/amd64/libjavafx_font.so
7f413198a000-7f413198b000 rw-p 00002000 103:02 9441133                   /usr/lib/jvm/java-8-oracle/jre/lib/amd64/libjavafx_font.so
7f413198b000-7f41319a1000 r-xp 00000000 103:02 9441132                   /usr/lib/jvm/java-8-oracle/jre/lib/amd64/libnet.so
7f41319a1000-7f4131ba1000 ---p 00016000 103:02 9441132                   /usr/lib/jvm/java-8-oracle/jre/lib/amd64/libnet.so
7f4131ba1000-7f4131ba2000 rw-p 00016000 103:02 9441132                   /usr/lib/jvm/java-8-oracle/jre/lib/amd64/libnet.so
7f4131ba2000-7f4131ba5000 ---p 00000000 00:00 0 
7f4131ba5000-7f4131ca3000 rw-p 00000000 00:00 0 
7f4131ca3000-7f4131ca6000 ---p 00000000 00:00 0 
7f4131ca6000-7f4131da4000 rw-p 00000000 00:00 0 
7f4131da4000-7f4131da7000 ---p 00000000 00:00 0 
7f4131da7000-7f4131ea5000 rw-p 00000000 00:00 0 
7f4131ea5000-7f4131ea8000 ---p 00000000 00:00 0 
7f4131ea8000-7f4131fa6000 rw-p 00000000 00:00 0 
7f4131fa6000-7f4131fad000 r-xp 00000000 103:02 9183700                   /usr/lib/x86_64-linux-gnu/libogg.so.0.8.2
7f4131fad000-7f41321ad000 ---p 00007000 103:02 9183700                   /usr/lib/x86_64-linux-gnu/libogg.so.0.8.2
7f41321ad000-7f41321ae000 r--p 00007000 103:02 9183700                   /usr/lib/x86_64-linux-gnu/libogg.so.0.8.2
7f41321ae000-7f41321af000 rw-p 00008000 103:02 9183700                   /usr/lib/x86_64-linux-gnu/libogg.so.0.8.2
7f41321af000-7f41321d9000 r-xp 00000000 103:02 9184008                   /usr/lib/x86_64-linux-gnu/libvorbis.so.0.4.8
7f41321d9000-7f41323d8000 ---p 0002a000 103:02 9184008                   /usr/lib/x86_64-linux-gnu/libvorbis.so.0.4.8
7f41323d8000-7f41323d9000 r--p 00029000 103:02 9184008                   /usr/lib/x86_64-linux-gnu/libvorbis.so.0.4.8
7f41323d9000-7f41323da000 rw-p 0002a000 103:02 9184008                   /usr/lib/x86_64-linux-gnu/libvorbis.so.0.4.8
7f41323da000-7f41323e3000 r-xp 00000000 103:02 9183599                   /usr/lib/x86_64-linux-gnu/libltdl.so.7.3.1
7f41323e3000-7f41325e2000 ---p 00009000 103:02 9183599                   /usr/lib/x86_64-linux-gnu/libltdl.so.7.3.1
7f41325e2000-7f41325e3000 r--p 00008000 103:02 9183599                   /usr/lib/x86_64-linux-gnu/libltdl.so.7.3.1
7f41325e3000-7f41325e4000 rw-p 00009000 103:02 9183599                   /usr/lib/x86_64-linux-gnu/libltdl.so.7.3.1
7f41325e4000-7f41325f9000 r-xp 00000000 103:02 9183933                   /usr/lib/x86_64-linux-gnu/libtdb.so.1.3.15
7f41325f9000-7f41327f8000 ---p 00015000 103:02 9183933                   /usr/lib/x86_64-linux-gnu/libtdb.so.1.3.15
7f41327f8000-7f41327f9000 r--p 00014000 103:02 9183933                   /usr/lib/x86_64-linux-gnu/libtdb.so.1.3.15
7f41327f9000-7f41327fa000 rw-p 00015000 103:02 9183933                   /usr/lib/x86_64-linux-gnu/libtdb.so.1.3.15
7f41327fa000-7f4132801000 r-xp 00000000 103:02 9184012                   /usr/lib/x86_64-linux-gnu/libvorbisfile.so.3.3.7
7f4132801000-7f4132a00000 ---p 00007000 103:02 9184012                   /usr/lib/x86_64-linux-gnu/libvorbisfile.so.3.3.7
7f4132a00000-7f4132a01000 r--p 00006000 103:02 9184012                   /usr/lib/x86_64-linux-gnu/libvorbisfile.so.3.3.7
7f4132a01000-7f4132a02000 rw-p 00007000 103:02 9184012                   /usr/lib/x86_64-linux-gnu/libvorbisfile.so.3.3.7
7f4132a02000-7f4132a12000 r-xp 00000000 103:02 9183056                   /usr/lib/x86_64-linux-gnu/libcanberra.so.0.2.5
7f4132a12000-7f4132c12000 ---p 00010000 103:02 9183056                   /usr/lib/x86_64-linux-gnu/libcanberra.so.0.2.5
7f4132c12000-7f4132c13000 r--p 00010000 103:02 9183056                   /usr/lib/x86_64-linux-gnu/libcanberra.so.0.2.5
7f4132c13000-7f4132c14000 rw-p 00011000 103:02 9183056                   /usr/lib/x86_64-linux-gnu/libcanberra.so.0.2.5
7f4132c14000-7f4132c18000 r-xp 00000000 103:02 9186592                   /usr/lib/x86_64-linux-gnu/libcanberra-gtk.so.0.1.9
7f4132c18000-7f4132e17000 ---p 00004000 103:02 9186592                   /usr/lib/x86_64-linux-gnu/libcanberra-gtk.so.0.1.9
7f4132e17000-7f4132e18000 r--p 00003000 103:02 9186592                   /usr/lib/x86_64-linux-gnu/libcanberra-gtk.so.0.1.9
7f4132e18000-7f4132e19000 rw-p 00004000 103:02 9186592                   /usr/lib/x86_64-linux-gnu/libcanberra-gtk.so.0.1.9
7f4132e19000-7f4132e1e000 r-xp 00000000 103:02 9441781                   /usr/lib/x86_64-linux-gnu/gtk-2.0/modules/libcanberra-gtk-module.so
7f4132e1e000-7f413301e000 ---p 00005000 103:02 9441781                   /usr/lib/x86_64-linux-gnu/gtk-2.0/modules/libcanberra-gtk-module.so
7f413301e000-7f413301f000 r--p 00005000 103:02 9441781                   /usr/lib/x86_64-linux-gnu/gtk-2.0/modules/libcanberra-gtk-module.so
7f413301f000-7f4133020000 rw-p 00006000 103:02 9441781                   /usr/lib/x86_64-linux-gnu/gtk-2.0/modules/libcanberra-gtk-module.so
7f4133020000-7f413305a000 r-xp 00000000 103:02 9440673                   /usr/lib/x86_64-linux-gnu/gtk-2.0/2.10.0/engines/libmurrine.so
7f413305a000-7f413325a000 ---p 0003a000 103:02 9440673                   /usr/lib/x86_64-linux-gnu/gtk-2.0/2.10.0/engines/libmurrine.so
7f413325a000-7f413325b000 r--p 0003a000 103:02 9440673                   /usr/lib/x86_64-linux-gnu/gtk-2.0/2.10.0/engines/libmurrine.so
7f413325b000-7f413325c000 rw-p 0003b000 103:02 9440673                   /usr/lib/x86_64-linux-gnu/gtk-2.0/2.10.0/engines/libmurrine.so
7f413325c000-7f4133285000 r-xp 00000000 103:02 9441107                   /usr/lib/jvm/java-8-oracle/jre/lib/amd64/libglass.so
7f4133285000-7f4133484000 ---p 00029000 103:02 9441107                   /usr/lib/jvm/java-8-oracle/jre/lib/amd64/libglass.so
7f4133484000-7f4133487000 rw-p 00028000 103:02 9441107                   /usr/lib/jvm/java-8-oracle/jre/lib/amd64/libglass.so
7f4133487000-7f413348f000 r-xp 00000000 103:02 9183739                   /usr/lib/x86_64-linux-gnu/libpciaccess.so.0.11.1
7f413348f000-7f413368e000 ---p 00008000 103:02 9183739                   /usr/lib/x86_64-linux-gnu/libpciaccess.so.0.11.1
7f413368e000-7f413368f000 r--p 00007000 103:02 9183739                   /usr/lib/x86_64-linux-gnu/libpciaccess.so.0.11.1
7f413368f000-7f4133690000 rw-p 00008000 103:02 9183739                   /usr/lib/x86_64-linux-gnu/libpciaccess.so.0.11.1
7f4133690000-7f413369b000 r-xp 00000000 103:02 9183173                   /usr/lib/x86_64-linux-gnu/libdrm_radeon.so.1.0.1
7f413369b000-7f413389a000 ---p 0000b000 103:02 9183173                   /usr/lib/x86_64-linux-gnu/libdrm_radeon.so.1.0.1
7f413389a000-7f413389b000 r--p 0000a000 103:02 9183173                   /usr/lib/x86_64-linux-gnu/libdrm_radeon.so.1.0.1
7f413389b000-7f413389c000 rw-p 0000b000 103:02 9183173                   /usr/lib/x86_64-linux-gnu/libdrm_radeon.so.1.0.1
7f413389c000-7f41338a3000 r-xp 00000000 103:02 9183171                   /usr/lib/x86_64-linux-gnu/libdrm_nouveau.so.2.0.0
7f41338a3000-7f4133aa2000 ---p 00007000 103:02 9183171                   /usr/lib/x86_64-linux-gnu/libdrm_nouveau.so.2.0.0
7f4133aa2000-7f4133aa3000 r--p 00006000 103:02 9183171                   /usr/lib/x86_64-linux-gnu/libdrm_nouveau.so.2.0.0
7f4133aa3000-7f4133aa4000 rw-p 00007000 103:02 9183171                   /usr/lib/x86_64-linux-gnu/libdrm_nouveau.so.2.0.0
7f4133aa4000-7f4133ac6000 r-xp 00000000 103:02 9183169                   /usr/lib/x86_64-linux-gnu/libdrm_intel.so.1.0.0
7f4133ac6000-7f4133cc5000 ---p 00022000 103:02 9183169                   /usr/lib/x86_64-linux-gnu/libdrm_intel.so.1.0.0
7f4133cc5000-7f4133cc6000 r--p 00021000 103:02 9183169                   /usr/lib/x86_64-linux-gnu/libdrm_intel.so.1.0.0
7f4133cc6000-7f4133cc7000 rw-p 00022000 103:02 9183169                   /usr/lib/x86_64-linux-gnu/libdrm_intel.so.1.0.0
7f4133cc7000-7f4134545000 r-xp 00000000 103:02 9439576                   /usr/lib/x86_64-linux-gnu/dri/i965_dri.so
7f4134545000-7f4134744000 ---p 0087e000 103:02 9439576                   /usr/lib/x86_64-linux-gnu/dri/i965_dri.so
7f4134744000-7f4134794000 r--p 0087d000 103:02 9439576                   /usr/lib/x86_64-linux-gnu/dri/i965_dri.so
7f4134794000-7f413479f000 rw-p 008cd000 103:02 9439576                   /usr/lib/x86_64-linux-gnu/dri/i965_dri.so
7f413479f000-7f4134844000 rw-p 00000000 00:00 0 
7f4134844000-7f4134854000 r-xp 00000000 103:02 9183165                   /usr/lib/x86_64-linux-gnu/libdrm.so.2.4.0
7f4134854000-7f4134a53000 ---p 00010000 103:02 9183165                   /usr/lib/x86_64-linux-gnu/libdrm.so.2.4.0
7f4134a53000-7f4134a54000 r--p 0000f000 103:02 9183165                   /usr/lib/x86_64-linux-gnu/libdrm.so.2.4.0
7f4134a54000-7f4134a55000 rw-p 00010000 103:02 9183165                   /usr/lib/x86_64-linux-gnu/libdrm.so.2.4.0
7f4134a55000-7f4134a59000 r-xp 00000000 103:02 9184067                   /usr/lib/x86_64-linux-gnu/libxcb-dri2.so.0.0.0
7f4134a59000-7f4134c58000 ---p 00004000 103:02 9184067                   /usr/lib/x86_64-linux-gnu/libxcb-dri2.so.0.0.0
7f4134c58000-7f4134c59000 r--p 00003000 103:02 9184067                   /usr/lib/x86_64-linux-gnu/libxcb-dri2.so.0.0.0
7f4134c59000-7f4134c5a000 rw-p 00004000 103:02 9184067                   /usr/lib/x86_64-linux-gnu/libxcb-dri2.so.0.0.0
7f4134c5a000-7f4134c72000 r-xp 00000000 103:02 9184071                   /usr/lib/x86_64-linux-gnu/libxcb-glx.so.0.0.0
7f4134c72000-7f4134e72000 ---p 00018000 103:02 9184071                   /usr/lib/x86_64-linux-gnu/libxcb-glx.so.0.0.0
7f4134e72000-7f4134e74000 r--p 00018000 103:02 9184071                   /usr/lib/x86_64-linux-gnu/libxcb-glx.so.0.0.0
7f4134e74000-7f4134e75000 rw-p 0001a000 103:02 9184071                   /usr/lib/x86_64-linux-gnu/libxcb-glx.so.0.0.0
7f4134e75000-7f4134e76000 r-xp 00000000 103:02 9182893                   /usr/lib/x86_64-linux-gnu/libX11-xcb.so.1.0.0
7f4134e76000-7f4135075000 ---p 00001000 103:02 9182893                   /usr/lib/x86_64-linux-gnu/libX11-xcb.so.1.0.0
7f4135075000-7f4135076000 r--p 00000000 103:02 9182893                   /usr/lib/x86_64-linux-gnu/libX11-xcb.so.1.0.0
7f4135076000-7f4135077000 rw-p 00001000 103:02 9182893                   /usr/lib/x86_64-linux-gnu/libX11-xcb.so.1.0.0
7f4135077000-7f41350a3000 r-xp 00000000 103:02 9183333                   /usr/lib/x86_64-linux-gnu/libglapi.so.0.0.0
7f41350a3000-7f41352a2000 ---p 0002c000 103:02 9183333                   /usr/lib/x86_64-linux-gnu/libglapi.so.0.0.0
7f41352a2000-7f41352a6000 r--p 0002b000 103:02 9183333                   /usr/lib/x86_64-linux-gnu/libglapi.so.0.0.0
7f41352a6000-7f41352a7000 rw-p 0002f000 103:02 9183333                   /usr/lib/x86_64-linux-gnu/libglapi.so.0.0.0
7f41352a7000-7f41352a8000 rw-p 00000000 00:00 0 
7f41352a8000-7f41352a9000 r-xp 00000000 103:02 9184119                   /usr/lib/x86_64-linux-gnu/libxshmfence.so.1.0.0
7f41352a9000-7f41354a8000 ---p 00001000 103:02 9184119                   /usr/lib/x86_64-linux-gnu/libxshmfence.so.1.0.0
7f41354a8000-7f41354a9000 r--p 00000000 103:02 9184119                   /usr/lib/x86_64-linux-gnu/libxshmfence.so.1.0.0
7f41354a9000-7f41354aa000 rw-p 00001000 103:02 9184119                   /usr/lib/x86_64-linux-gnu/libxshmfence.so.1.0.0
7f41354aa000-7f41354af000 r-xp 00000000 103:02 9184093                   /usr/lib/x86_64-linux-gnu/libxcb-sync.so.1.0.0
7f41354af000-7f41356af000 ---p 00005000 103:02 9184093                   /usr/lib/x86_64-linux-gnu/libxcb-sync.so.1.0.0
7f41356af000-7f41356b0000 r--p 00005000 103:02 9184093                   /usr/lib/x86_64-linux-gnu/libxcb-sync.so.1.0.0
7f41356b0000-7f41356b1000 rw-p 00006000 103:02 9184093                   /usr/lib/x86_64-linux-gnu/libxcb-sync.so.1.0.0
7f41356b1000-7f41356b3000 r-xp 00000000 103:02 9184079                   /usr/lib/x86_64-linux-gnu/libxcb-present.so.0.0.0
7f41356b3000-7f41358b2000 ---p 00002000 103:02 9184079                   /usr/lib/x86_64-linux-gnu/libxcb-present.so.0.0.0
7f41358b2000-7f41358b3000 r--p 00001000 103:02 9184079                   /usr/lib/x86_64-linux-gnu/libxcb-present.so.0.0.0
7f41358b3000-7f41358b4000 rw-p 00002000 103:02 9184079                   /usr/lib/x86_64-linux-gnu/libxcb-present.so.0.0.0
7f41358b4000-7f41358b7000 r-xp 00000000 103:02 9184069                   /usr/lib/x86_64-linux-gnu/libxcb-dri3.so.0.0.0
7f41358b7000-7f4135ab6000 ---p 00003000 103:02 9184069                   /usr/lib/x86_64-linux-gnu/libxcb-dri3.so.0.0.0
7f4135ab6000-7f4135ab7000 r--p 00002000 103:02 9184069                   /usr/lib/x86_64-linux-gnu/libxcb-dri3.so.0.0.0
7f4135ab7000-7f4135ab8000 rw-p 00003000 103:02 9184069                   /usr/lib/x86_64-linux-gnu/libxcb-dri3.so.0.0.0
7f4135ab8000-7f4135b28000 r-xp 00000000 103:02 9182859                   /usr/lib/x86_64-linux-gnu/libGLX_mesa.so.0.0.0
7f4135b28000-7f4135d27000 ---p 00070000 103:02 9182859                   /usr/lib/x86_64-linux-gnu/libGLX_mesa.so.0.0.0
7f4135d27000-7f4135d2a000 r--p 0006f000 103:02 9182859                   /usr/lib/x86_64-linux-gnu/libGLX_mesa.so.0.0.0
7f4135d2a000-7f4135d2b000 rw-p 00072000 103:02 9182859                   /usr/lib/x86_64-linux-gnu/libGLX_mesa.so.0.0.0
7f4135d2b000-7f4135d2c000 rw-p 00000000 00:00 0 
7f4135d2c000-7f4135d3f000 r-xp 00000000 103:02 266836                    /lib/x86_64-linux-gnu/libbsd.so.0.8.7
7f4135d3f000-7f4135f3e000 ---p 00013000 103:02 266836                    /lib/x86_64-linux-gnu/libbsd.so.0.8.7
7f4135f3e000-7f4135f3f000 r--p 00012000 103:02 266836                    /lib/x86_64-linux-gnu/libbsd.so.0.8.7
7f4135f3f000-7f4135f40000 rw-p 00013000 103:02 266836                    /lib/x86_64-linux-gnu/libbsd.so.0.8.7
7f4135f40000-7f4135f41000 rw-p 00000000 00:00 0 
7f4135f41000-7f4135f47000 r-xp 00000000 103:02 262150                    /lib/x86_64-linux-gnu/libuuid.so.1.3.0
7f4135f47000-7f4136146000 ---p 00006000 103:02 262150                    /lib/x86_64-linux-gnu/libuuid.so.1.3.0
7f4136146000-7f4136147000 r--p 00005000 103:02 262150                    /lib/x86_64-linux-gnu/libuuid.so.1.3.0
7f4136147000-7f4136148000 rw-p 00006000 103:02 262150                    /lib/x86_64-linux-gnu/libuuid.so.1.3.0
7f4136148000-7f413614e000 r-xp 00000000 103:02 9183127                   /usr/lib/x86_64-linux-gnu/libdatrie.so.1.3.3
7f413614e000-7f413634d000 ---p 00006000 103:02 9183127                   /usr/lib/x86_64-linux-gnu/libdatrie.so.1.3.3
7f413634d000-7f413634e000 r--p 00005000 103:02 9183127                   /usr/lib/x86_64-linux-gnu/libdatrie.so.1.3.3
7f413634e000-7f413634f000 rw-p 00006000 103:02 9183127                   /usr/lib/x86_64-linux-gnu/libdatrie.so.1.3.3
7f413634f000-7f4136354000 r-xp 00000000 103:02 9182910                   /usr/lib/x86_64-linux-gnu/libXdmcp.so.6.0.0
7f4136354000-7f4136553000 ---p 00005000 103:02 9182910                   /usr/lib/x86_64-linux-gnu/libXdmcp.so.6.0.0
7f4136553000-7f4136554000 r--p 00004000 103:02 9182910                   /usr/lib/x86_64-linux-gnu/libXdmcp.so.6.0.0
7f4136554000-7f4136555000 rw-p 00005000 103:02 9182910                   /usr/lib/x86_64-linux-gnu/libXdmcp.so.6.0.0
7f4136555000-7f4136557000 r-xp 00000000 103:02 9182899                   /usr/lib/x86_64-linux-gnu/libXau.so.6.0.0
7f4136557000-7f4136757000 ---p 00002000 103:02 9182899                   /usr/lib/x86_64-linux-gnu/libXau.so.6.0.0
7f4136757000-7f4136758000 r--p 00002000 103:02 9182899                   /usr/lib/x86_64-linux-gnu/libXau.so.6.0.0
7f4136758000-7f4136759000 rw-p 00003000 103:02 9182899                   /usr/lib/x86_64-linux-gnu/libXau.so.6.0.0
7f4136759000-7f4136784000 r-xp 00000000 103:02 9183384                   /usr/lib/x86_64-linux-gnu/libgraphite2.so.3.0.1
7f4136784000-7f4136983000 ---p 0002b000 103:02 9183384                   /usr/lib/x86_64-linux-gnu/libgraphite2.so.3.0.1
7f4136983000-7f4136985000 r--p 0002a000 103:02 9183384                   /usr/lib/x86_64-linux-gnu/libgraphite2.so.3.0.1
7f4136985000-7f4136986000 rw-p 0002c000 103:02 9183384                   /usr/lib/x86_64-linux-gnu/libgraphite2.so.3.0.1
7f4136986000-7f41369cd000 r-xp 00000000 103:02 262167                    /lib/x86_64-linux-gnu/libblkid.so.1.1.0
7f41369cd000-7f4136bcd000 ---p 00047000 103:02 262167                    /lib/x86_64-linux-gnu/libblkid.so.1.1.0
7f4136bcd000-7f4136bd1000 r--p 00047000 103:02 262167                    /lib/x86_64-linux-gnu/libblkid.so.1.1.0
7f4136bd1000-7f4136bd2000 rw-p 0004b000 103:02 262167                    /lib/x86_64-linux-gnu/libblkid.so.1.1.0
7f4136bd2000-7f4136bd3000 rw-p 00000000 00:00 0 
7f4136bd3000-7f4136c41000 r-xp 00000000 103:02 9182861                   /usr/lib/x86_64-linux-gnu/libGLdispatch.so.0.0.0
7f4136c41000-7f4136e40000 ---p 0006e000 103:02 9182861                   /usr/lib/x86_64-linux-gnu/libGLdispatch.so.0.0.0
7f4136e40000-7f4136e68000 r--p 0006d000 103:02 9182861                   /usr/lib/x86_64-linux-gnu/libGLdispatch.so.0.0.0
7f4136e68000-7f4136e69000 rw-p 00095000 103:02 9182861                   /usr/lib/x86_64-linux-gnu/libGLdispatch.so.0.0.0
7f4136e69000-7f4136e89000 rw-p 00000000 00:00 0 
7f4136e89000-7f4136e99000 r-xp 00000000 103:02 9182856                   /usr/lib/x86_64-linux-gnu/libGLX.so.0.0.0
7f4136e99000-7f4137098000 ---p 00010000 103:02 9182856                   /usr/lib/x86_64-linux-gnu/libGLX.so.0.0.0
7f4137098000-7f4137099000 r--p 0000f000 103:02 9182856                   /usr/lib/x86_64-linux-gnu/libGLX.so.0.0.0
7f4137099000-7f413709a000 rw-p 00010000 103:02 9182856                   /usr/lib/x86_64-linux-gnu/libGLX.so.0.0.0
7f413709a000-7f41370ba000 rw-p 00000000 00:00 0 
7f41370ba000-7f413712a000 r-xp 00000000 103:02 266962                    /lib/x86_64-linux-gnu/libpcre.so.3.13.3
7f413712a000-7f413732a000 ---p 00070000 103:02 266962                    /lib/x86_64-linux-gnu/libpcre.so.3.13.3
7f413732a000-7f413732b000 r--p 00070000 103:02 266962                    /lib/x86_64-linux-gnu/libpcre.so.3.13.3
7f413732b000-7f413732c000 rw-p 00071000 103:02 266962                    /lib/x86_64-linux-gnu/libpcre.so.3.13.3
7f413732c000-7f4137333000 r-xp 00000000 103:02 9183241                   /usr/lib/x86_64-linux-gnu/libffi.so.6.0.4
7f4137333000-7f4137532000 ---p 00007000 103:02 9183241                   /usr/lib/x86_64-linux-gnu/libffi.so.6.0.4
7f4137532000-7f4137533000 r--p 00006000 103:02 9183241                   /usr/lib/x86_64-linux-gnu/libffi.so.6.0.4
7f4137533000-7f4137534000 rw-p 00007000 103:02 9183241                   /usr/lib/x86_64-linux-gnu/libffi.so.6.0.4
7f4137534000-7f4137563000 r-xp 00000000 103:02 266870                    /lib/x86_64-linux-gnu/libexpat.so.1.6.7
7f4137563000-7f4137763000 ---p 0002f000 103:02 266870                    /lib/x86_64-linux-gnu/libexpat.so.1.6.7
7f4137763000-7f4137765000 r--p 0002f000 103:02 266870                    /lib/x86_64-linux-gnu/libexpat.so.1.6.7
7f4137765000-7f4137766000 rw-p 00031000 103:02 266870                    /lib/x86_64-linux-gnu/libexpat.so.1.6.7
7f4137766000-7f413776e000 r-xp 00000000 103:02 9183941                   /usr/lib/x86_64-linux-gnu/libthai.so.0.3.0
7f413776e000-7f413796d000 ---p 00008000 103:02 9183941                   /usr/lib/x86_64-linux-gnu/libthai.so.0.3.0
7f413796d000-7f413796e000 r--p 00007000 103:02 9183941                   /usr/lib/x86_64-linux-gnu/libthai.so.0.3.0
7f413796e000-7f413796f000 rw-p 00008000 103:02 9183941                   /usr/lib/x86_64-linux-gnu/libthai.so.0.3.0
7f413796f000-7f413797b000 r-xp 00000000 103:02 9184085                   /usr/lib/x86_64-linux-gnu/libxcb-render.so.0.0.0
7f413797b000-7f4137b7a000 ---p 0000c000 103:02 9184085                   /usr/lib/x86_64-linux-gnu/libxcb-render.so.0.0.0
7f4137b7a000-7f4137b7b000 r--p 0000b000 103:02 9184085                   /usr/lib/x86_64-linux-gnu/libxcb-render.so.0.0.0
7f4137b7b000-7f4137b7c000 rw-p 0000c000 103:02 9184085                   /usr/lib/x86_64-linux-gnu/libxcb-render.so.0.0.0
7f4137b7c000-7f4137ba2000 r-xp 00000000 103:02 9184103                   /usr/lib/x86_64-linux-gnu/libxcb.so.1.1.0
7f4137ba2000-7f4137da2000 ---p 00026000 103:02 9184103                   /usr/lib/x86_64-linux-gnu/libxcb.so.1.1.0
7f4137da2000-7f4137da3000 r--p 00026000 103:02 9184103                   /usr/lib/x86_64-linux-gnu/libxcb.so.1.1.0
7f4137da3000-7f4137da4000 rw-p 00027000 103:02 9184103                   /usr/lib/x86_64-linux-gnu/libxcb.so.1.1.0
7f4137da4000-7f4137da6000 r-xp 00000000 103:02 9184091                   /usr/lib/x86_64-linux-gnu/libxcb-shm.so.0.0.0
7f4137da6000-7f4137fa5000 ---p 00002000 103:02 9184091                   /usr/lib/x86_64-linux-gnu/libxcb-shm.so.0.0.0
7f4137fa5000-7f4137fa6000 r--p 00001000 103:02 9184091                   /usr/lib/x86_64-linux-gnu/libxcb-shm.so.0.0.0
7f4137fa6000-7f4137fa7000 rw-p 00002000 103:02 9184091                   /usr/lib/x86_64-linux-gnu/libxcb-shm.so.0.0.0
7f4137fa7000-7f4137fd8000 r-xp 00000000 103:02 9183763                   /usr/lib/x86_64-linux-gnu/libpng16.so.16.34.0
7f4137fd8000-7f41381d7000 ---p 00031000 103:02 9183763                   /usr/lib/x86_64-linux-gnu/libpng16.so.16.34.0
7f41381d7000-7f41381d8000 r--p 00030000 103:02 9183763                   /usr/lib/x86_64-linux-gnu/libpng16.so.16.34.0
7f41381d8000-7f41381d9000 rw-p 00031000 103:02 9183763                   /usr/lib/x86_64-linux-gnu/libpng16.so.16.34.0
7f41381d9000-7f4138276000 r-xp 00000000 103:02 9183757                   /usr/lib/x86_64-linux-gnu/libpixman-1.so.0.34.0
7f4138276000-7f4138475000 ---p 0009d000 103:02 9183757                   /usr/lib/x86_64-linux-gnu/libpixman-1.so.0.34.0
7f4138475000-7f413847d000 r--p 0009c000 103:02 9183757                   /usr/lib/x86_64-linux-gnu/libpixman-1.so.0.34.0
7f413847d000-7f413847e000 rw-p 000a4000 103:02 9183757                   /usr/lib/x86_64-linux-gnu/libpixman-1.so.0.34.0
7f413847e000-7f413851a000 r-xp 00000000 103:02 9183467                   /usr/lib/x86_64-linux-gnu/libharfbuzz.so.0.10702.0
7f413851a000-7f413871a000 ---p 0009c000 103:02 9183467                   /usr/lib/x86_64-linux-gnu/libharfbuzz.so.0.10702.0
7f413871a000-7f413871b000 r--p 0009c000 103:02 9183467                   /usr/lib/x86_64-linux-gnu/libharfbuzz.so.0.10702.0
7f413871b000-7f413871c000 rw-p 0009d000 103:02 9183467                   /usr/lib/x86_64-linux-gnu/libharfbuzz.so.0.10702.0
7f413871c000-7f413876d000 r-xp 00000000 103:02 262229                    /lib/x86_64-linux-gnu/libmount.so.1.1.0
7f413876d000-7f413896c000 ---p 00051000 103:02 262229                    /lib/x86_64-linux-gnu/libmount.so.1.1.0
7f413896c000-7f413896e000 r--p 00050000 103:02 262229                    /lib/x86_64-linux-gnu/libmount.so.1.1.0
7f413896e000-7f413896f000 rw-p 00052000 103:02 262229                    /lib/x86_64-linux-gnu/libmount.so.1.1.0
7f413896f000-7f4138970000 rw-p 00000000 00:00 0 
7f4138970000-7f4138987000 r-xp 00000000 103:02 266979                    /lib/x86_64-linux-gnu/libresolv-2.27.so
7f4138987000-7f4138b87000 ---p 00017000 103:02 266979                    /lib/x86_64-linux-gnu/libresolv-2.27.so
7f4138b87000-7f4138b88000 r--p 00017000 103:02 266979                    /lib/x86_64-linux-gnu/libresolv-2.27.so
7f4138b88000-7f4138b89000 rw-p 00018000 103:02 266979                    /lib/x86_64-linux-gnu/libresolv-2.27.so
7f4138b89000-7f4138b8b000 rw-p 00000000 00:00 0 
7f4138b8b000-7f4138bb0000 r-xp 00000000 103:02 266985                    /lib/x86_64-linux-gnu/libselinux.so.1
7f4138bb0000-7f4138daf000 ---p 00025000 103:02 266985                    /lib/x86_64-linux-gnu/libselinux.so.1
7f4138daf000-7f4138db0000 r--p 00024000 103:02 266985                    /lib/x86_64-linux-gnu/libselinux.so.1
7f4138db0000-7f4138db1000 rw-p 00025000 103:02 266985                    /lib/x86_64-linux-gnu/libselinux.so.1
7f4138db1000-7f4138db3000 rw-p 00000000 00:00 0 
7f4138db3000-7f4138dcf000 r-xp 00000000 103:02 267012                    /lib/x86_64-linux-gnu/libz.so.1.2.11
7f4138dcf000-7f4138fce000 ---p 0001c000 103:02 267012                    /lib/x86_64-linux-gnu/libz.so.1.2.11
7f4138fce000-7f4138fcf000 r--p 0001b000 103:02 267012                    /lib/x86_64-linux-gnu/libz.so.1.2.11
7f4138fcf000-7f4138fd0000 rw-p 0001c000 103:02 267012                    /lib/x86_64-linux-gnu/libz.so.1.2.11
7f4138fd0000-7f4138fe1000 r-xp 00000000 103:02 9182912                   /usr/lib/x86_64-linux-gnu/libXext.so.6.4.0
7f4138fe1000-7f41391e0000 ---p 00011000 103:02 9182912                   /usr/lib/x86_64-linux-gnu/libXext.so.6.4.0
7f41391e0000-7f41391e1000 r--p 00010000 103:02 9182912                   /usr/lib/x86_64-linux-gnu/libXext.so.6.4.0
7f41391e1000-7f41391e2000 rw-p 00011000 103:02 9182912                   /usr/lib/x86_64-linux-gnu/libXext.so.6.4.0
7f41391e2000-7f41391e4000 r-xp 00000000 103:02 9182908                   /usr/lib/x86_64-linux-gnu/libXdamage.so.1.1.0
7f41391e4000-7f41393e3000 ---p 00002000 103:02 9182908                   /usr/lib/x86_64-linux-gnu/libXdamage.so.1.1.0
7f41393e3000-7f41393e4000 r--p 00001000 103:02 9182908                   /usr/lib/x86_64-linux-gnu/libXdamage.so.1.1.0
7f41393e4000-7f41393e5000 rw-p 00002000 103:02 9182908                   /usr/lib/x86_64-linux-gnu/libXdamage.so.1.1.0
7f41393e5000-7f41393e7000 r-xp 00000000 103:02 9182904                   /usr/lib/x86_64-linux-gnu/libXcomposite.so.1.0.0
7f41393e7000-7f41395e6000 ---p 00002000 103:02 9182904                   /usr/lib/x86_64-linux-gnu/libXcomposite.so.1.0.0
7f41395e6000-7f41395e7000 r--p 00001000 103:02 9182904                   /usr/lib/x86_64-linux-gnu/libXcomposite.so.1.0.0
7f41395e7000-7f41395e8000 rw-p 00002000 103:02 9182904                   /usr/lib/x86_64-linux-gnu/libXcomposite.so.1.0.0
7f41395e8000-7f41395f1000 r-xp 00000000 103:02 9182906                   /usr/lib/x86_64-linux-gnu/libXcursor.so.1.0.2
7f41395f1000-7f41397f0000 ---p 00009000 103:02 9182906                   /usr/lib/x86_64-linux-gnu/libXcursor.so.1.0.2
7f41397f0000-7f41397f1000 r--p 00008000 103:02 9182906                   /usr/lib/x86_64-linux-gnu/libXcursor.so.1.0.2
7f41397f1000-7f41397f2000 rw-p 00009000 103:02 9182906                   /usr/lib/x86_64-linux-gnu/libXcursor.so.1.0.2
7f41397f2000-7f41397fc000 r-xp 00000000 103:02 9182930                   /usr/lib/x86_64-linux-gnu/libXrandr.so.2.2.0
7f41397fc000-7f41399fb000 ---p 0000a000 103:02 9182930                   /usr/lib/x86_64-linux-gnu/libXrandr.so.2.2.0
7f41399fb000-7f41399fc000 r--p 00009000 103:02 9182930                   /usr/lib/x86_64-linux-gnu/libXrandr.so.2.2.0
7f41399fc000-7f41399fd000 rw-p 0000a000 103:02 9182930                   /usr/lib/x86_64-linux-gnu/libXrandr.so.2.2.0
7f41399fd000-7f4139a0c000 r-xp 00000000 103:02 9182920                   /usr/lib/x86_64-linux-gnu/libXi.so.6.1.0
7f4139a0c000-7f4139c0b000 ---p 0000f000 103:02 9182920                   /usr/lib/x86_64-linux-gnu/libXi.so.6.1.0
7f4139c0b000-7f4139c0c000 r--p 0000e000 103:02 9182920                   /usr/lib/x86_64-linux-gnu/libXi.so.6.1.0
7f4139c0c000-7f4139c0d000 rw-p 0000f000 103:02 9182920                   /usr/lib/x86_64-linux-gnu/libXi.so.6.1.0
7f4139c0d000-7f4139c0f000 r-xp 00000000 103:02 9182922                   /usr/lib/x86_64-linux-gnu/libXinerama.so.1.0.0
7f4139c0f000-7f4139e0e000 ---p 00002000 103:02 9182922                   /usr/lib/x86_64-linux-gnu/libXinerama.so.1.0.0
7f4139e0e000-7f4139e0f000 r--p 00001000 103:02 9182922                   /usr/lib/x86_64-linux-gnu/libXinerama.so.1.0.0
7f4139e0f000-7f4139e10000 rw-p 00002000 103:02 9182922                   /usr/lib/x86_64-linux-gnu/libXinerama.so.1.0.0
7f4139e10000-7f4139e19000 r-xp 00000000 103:02 9182932                   /usr/lib/x86_64-linux-gnu/libXrender.so.1.3.0
7f4139e19000-7f413a018000 ---p 00009000 103:02 9182932                   /usr/lib/x86_64-linux-gnu/libXrender.so.1.3.0
7f413a018000-7f413a019000 r--p 00008000 103:02 9182932                   /usr/lib/x86_64-linux-gnu/libXrender.so.1.3.0
7f413a019000-7f413a01a000 rw-p 00009000 103:02 9182932                   /usr/lib/x86_64-linux-gnu/libXrender.so.1.3.0
7f413a01a000-7f413a01f000 r-xp 00000000 103:02 9182914                   /usr/lib/x86_64-linux-gnu/libXfixes.so.3.1.0
7f413a01f000-7f413a21e000 ---p 00005000 103:02 9182914                   /usr/lib/x86_64-linux-gnu/libXfixes.so.3.1.0
7f413a21e000-7f413a21f000 r--p 00004000 103:02 9182914                   /usr/lib/x86_64-linux-gnu/libXfixes.so.3.1.0
7f413a21f000-7f413a220000 rw-p 00005000 103:02 9182914                   /usr/lib/x86_64-linux-gnu/libXfixes.so.3.1.0
7f413a220000-7f413a237000 r-xp 00000000 103:02 266877                    /lib/x86_64-linux-gnu/libgcc_s.so.1
7f413a237000-7f413a436000 ---p 00017000 103:02 266877                    /lib/x86_64-linux-gnu/libgcc_s.so.1
7f413a436000-7f413a437000 r--p 00016000 103:02 266877                    /lib/x86_64-linux-gnu/libgcc_s.so.1
7f413a437000-7f413a438000 rw-p 00017000 103:02 266877                    /lib/x86_64-linux-gnu/libgcc_s.so.1
7f413a438000-7f413a5b6000 r-xp 00000000 103:02 9183920                   /usr/lib/x86_64-linux-gnu/libstdc++.so.6.0.25
7f413a5b6000-7f413a7b6000 ---p 0017e000 103:02 9183920                   /usr/lib/x86_64-linux-gnu/libstdc++.so.6.0.25
7f413a7b6000-7f413a7c0000 r--p 0017e000 103:02 9183920                   /usr/lib/x86_64-linux-gnu/libstdc++.so.6.0.25
7f413a7c0000-7f413a7c2000 rw-p 00188000 103:02 9183920                   /usr/lib/x86_64-linux-gnu/libstdc++.so.6.0.25
7f413a7c2000-7f413a7c6000 rw-p 00000000 00:00 0 
7f413a7c6000-7f413a837000 r-xp 00000000 103:02 9182850                   /usr/lib/x86_64-linux-gnu/libGL.so.1.0.0
7f413a837000-7f413aa36000 ---p 00071000 103:02 9182850                   /usr/lib/x86_64-linux-gnu/libGL.so.1.0.0
7f413aa36000-7f413aa50000 r--p 00070000 103:02 9182850                   /usr/lib/x86_64-linux-gnu/libGL.so.1.0.0
7f413aa50000-7f413aa51000 rw-p 0008a000 103:02 9182850                   /usr/lib/x86_64-linux-gnu/libGL.so.1.0.0
7f413aa51000-7f413aa52000 rw-p 00000000 00:00 0 
7f413aa52000-7f413aa57000 r-xp 00000000 103:02 9182948                   /usr/lib/x86_64-linux-gnu/libXxf86vm.so.1.0.0
7f413aa57000-7f413ac56000 ---p 00005000 103:02 9182948                   /usr/lib/x86_64-linux-gnu/libXxf86vm.so.1.0.0
7f413ac56000-7f413ac57000 r--p 00004000 103:02 9182948                   /usr/lib/x86_64-linux-gnu/libXxf86vm.so.1.0.0
7f413ac57000-7f413ac58000 rw-p 00005000 103:02 9182948                   /usr/lib/x86_64-linux-gnu/libXxf86vm.so.1.0.0
7f413ac58000-7f413ad8c000 r-xp 00000000 103:02 9182895                   /usr/lib/x86_64-linux-gnu/libX11.so.6.3.0
7f413ad8c000-7f413af8c000 ---p 00134000 103:02 9182895                   /usr/lib/x86_64-linux-gnu/libX11.so.6.3.0
7f413af8c000-7f413af8d000 r--p 00134000 103:02 9182895                   /usr/lib/x86_64-linux-gnu/libX11.so.6.3.0
7f413af8d000-7f413af91000 rw-p 00135000 103:02 9182895                   /usr/lib/x86_64-linux-gnu/libX11.so.6.3.0
7f413af91000-7f413af96000 r-xp 00000000 103:02 9182938                   /usr/lib/x86_64-linux-gnu/libXtst.so.6.1.0
7f413af96000-7f413b195000 ---p 00005000 103:02 9182938                   /usr/lib/x86_64-linux-gnu/libXtst.so.6.1.0
7f413b195000-7f413b196000 r--p 00004000 103:02 9182938                   /usr/lib/x86_64-linux-gnu/libXtst.so.6.1.0
7f413b196000-7f413b197000 rw-p 00005000 103:02 9182938                   /usr/lib/x86_64-linux-gnu/libXtst.so.6.1.0
7f413b197000-7f413b2aa000 r-xp 00000000 103:02 9183335                   /usr/lib/x86_64-linux-gnu/libglib-2.0.so.0.5600.1
7f413b2aa000-7f413b4aa000 ---p 00113000 103:02 9183335                   /usr/lib/x86_64-linux-gnu/libglib-2.0.so.0.5600.1
7f413b4aa000-7f413b4ab000 r--p 00113000 103:02 9183335                   /usr/lib/x86_64-linux-gnu/libglib-2.0.so.0.5600.1
7f413b4ab000-7f413b4ac000 rw-p 00114000 103:02 9183335                   /usr/lib/x86_64-linux-gnu/libglib-2.0.so.0.5600.1
7f413b4ac000-7f413b4ad000 rw-p 00000000 00:00 0 
7f413b4ad000-7f413b4ae000 r-xp 00000000 103:02 9183438                   /usr/lib/x86_64-linux-gnu/libgthread-2.0.so.0.5600.1
7f413b4ae000-7f413b6ad000 ---p 00001000 103:02 9183438                   /usr/lib/x86_64-linux-gnu/libgthread-2.0.so.0.5600.1
7f413b6ad000-7f413b6ae000 r--p 00000000 103:02 9183438                   /usr/lib/x86_64-linux-gnu/libgthread-2.0.so.0.5600.1
7f413b6ae000-7f413b6af000 rw-p 00001000 103:02 9183438                   /usr/lib/x86_64-linux-gnu/libgthread-2.0.so.0.5600.1
7f413b6af000-7f413b6b2000 r-xp 00000000 103:02 9183339                   /usr/lib/x86_64-linux-gnu/libgmodule-2.0.so.0.5600.1
7f413b6b2000-7f413b8b1000 ---p 00003000 103:02 9183339                   /usr/lib/x86_64-linux-gnu/libgmodule-2.0.so.0.5600.1
7f413b8b1000-7f413b8b2000 r--p 00002000 103:02 9183339                   /usr/lib/x86_64-linux-gnu/libgmodule-2.0.so.0.5600.1
7f413b8b2000-7f413b8b3000 rw-p 00003000 103:02 9183339                   /usr/lib/x86_64-linux-gnu/libgmodule-2.0.so.0.5600.1
7f413b8b3000-7f413b905000 r-xp 00000000 103:02 9183363                   /usr/lib/x86_64-linux-gnu/libgobject-2.0.so.0.5600.1
7f413b905000-7f413bb05000 ---p 00052000 103:02 9183363                   /usr/lib/x86_64-linux-gnu/libgobject-2.0.so.0.5600.1
7f413bb05000-7f413bb06000 r--p 00052000 103:02 9183363                   /usr/lib/x86_64-linux-gnu/libgobject-2.0.so.0.5600.1
7f413bb06000-7f413bb07000 rw-p 00053000 103:02 9183363                   /usr/lib/x86_64-linux-gnu/libgobject-2.0.so.0.5600.1
7f413bb07000-7f413bb45000 r-xp 00000000 103:02 9183255                   /usr/lib/x86_64-linux-gnu/libfontconfig.so.1.10.1
7f413bb45000-7f413bd45000 ---p 0003e000 103:02 9183255                   /usr/lib/x86_64-linux-gnu/libfontconfig.so.1.10.1
7f413bd45000-7f413bd47000 r--p 0003e000 103:02 9183255                   /usr/lib/x86_64-linux-gnu/libfontconfig.so.1.10.1
7f413bd47000-7f413bd4c000 rw-p 00040000 103:02 9183255                   /usr/lib/x86_64-linux-gnu/libfontconfig.so.1.10.1
7f413bd4c000-7f413bdf9000 r-xp 00000000 103:02 9183273                   /usr/lib/x86_64-linux-gnu/libfreetype.so.6.15.0
7f413bdf9000-7f413bff8000 ---p 000ad000 103:02 9183273                   /usr/lib/x86_64-linux-gnu/libfreetype.so.6.15.0
7f413bff8000-7f413bfff000 r--p 000ac000 103:02 9183273                   /usr/lib/x86_64-linux-gnu/libfreetype.so.6.15.0
7f413bfff000-7f413c000000 rw-p 000b3000 103:02 9183273                   /usr/lib/x86_64-linux-gnu/libfreetype.so.6.15.0
7f413c000000-7f413c021000 rw-p 00000000 00:00 0 
7f413c021000-7f4140000000 ---p 00000000 00:00 0 
7f4140000000-7f4141e3c000 rw-p 00000000 00:00 0 
7f4141e3c000-7f4144000000 ---p 00000000 00:00 0 
7f4144000000-7f41442eb000 rw-p 00000000 00:00 0 
7f41442eb000-7f4148000000 ---p 00000000 00:00 0 
7f4148000000-7f4148021000 rw-p 00000000 00:00 0 
7f4148021000-7f414c000000 ---p 00000000 00:00 0 
7f414c000000-7f414c0d7000 rw-p 00000000 00:00 0 
7f414c0d7000-7f4150000000 ---p 00000000 00:00 0 
7f4150000000-7f4150111000 rw-p 00000000 00:00 0 
7f4150111000-7f4154000000 ---p 00000000 00:00 0 
7f4154000000-7f4154021000 rw-p 00000000 00:00 0 
7f4154021000-7f4158000000 ---p 00000000 00:00 0 
7f4158000000-7f4158352000 rw-p 00000000 00:00 0 
7f4158352000-7f415c000000 ---p 00000000 00:00 0 
7f415c000000-7f415c021000 rw-p 00000000 00:00 0 
7f415c021000-7f4160000000 ---p 00000000 00:00 0 
7f4160000000-7f4160021000 rw-p 00000000 00:00 0 
7f4160021000-7f4164000000 ---p 00000000 00:00 0 
7f4164000000-7f4164021000 rw-p 00000000 00:00 0 
7f4164021000-7f4168000000 ---p 00000000 00:00 0 
7f4168000000-7f4168005000 r--s 0009d000 103:02 9307103                   /usr/lib/jvm/java-8-oracle/jre/lib/jsse.jar
7f4168005000-7f416800a000 rw-s 00000000 00:19 319                        /i915 (deleted)
7f416800a000-7f416801a000 rw-s 00000000 00:19 2102                       /i915 (deleted)
7f416801a000-7f416802a000 rw-s 00000000 00:19 2092                       /i915 (deleted)
7f416802a000-7f4168064000 r--p 00000000 103:02 9307058                   /usr/lib/jvm/java-8-oracle/jre/lib/fonts/LucidaTypewriterBold.ttf
7f4168064000-7f41680a0000 r--p 00000000 103:02 9307057                   /usr/lib/jvm/java-8-oracle/jre/lib/fonts/LucidaTypewriterRegular.ttf
7f41680a0000-7f41680ea000 r-xp 00000000 103:02 9183725                   /usr/lib/x86_64-linux-gnu/libpango-1.0.so.0.4000.14
7f41680ea000-7f41682e9000 ---p 0004a000 103:02 9183725                   /usr/lib/x86_64-linux-gnu/libpango-1.0.so.0.4000.14
7f41682e9000-7f41682ec000 r--p 00049000 103:02 9183725                   /usr/lib/x86_64-linux-gnu/libpango-1.0.so.0.4000.14
7f41682ec000-7f41682ed000 rw-p 0004c000 103:02 9183725                   /usr/lib/x86_64-linux-gnu/libpango-1.0.so.0.4000.14
7f41682ed000-7f4168405000 r-xp 00000000 103:02 9183050                   /usr/lib/x86_64-linux-gnu/libcairo.so.2.11510.0
7f4168405000-7f4168604000 ---p 00118000 103:02 9183050                   /usr/lib/x86_64-linux-gnu/libcairo.so.2.11510.0
7f4168604000-7f4168607000 r--p 00117000 103:02 9183050                   /usr/lib/x86_64-linux-gnu/libcairo.so.2.11510.0
7f4168607000-7f4168609000 rw-p 0011a000 103:02 9183050                   /usr/lib/x86_64-linux-gnu/libcairo.so.2.11510.0
7f4168609000-7f416860a000 rw-p 00000000 00:00 0 
7f416860a000-7f4168616000 r-xp 00000000 103:02 9183727                   /usr/lib/x86_64-linux-gnu/libpangocairo-1.0.so.0.4000.14
7f4168616000-7f4168815000 ---p 0000c000 103:02 9183727                   /usr/lib/x86_64-linux-gnu/libpangocairo-1.0.so.0.4000.14
7f4168815000-7f4168816000 r--p 0000b000 103:02 9183727                   /usr/lib/x86_64-linux-gnu/libpangocairo-1.0.so.0.4000.14
7f4168816000-7f4168817000 rw-p 0000c000 103:02 9183727                   /usr/lib/x86_64-linux-gnu/libpangocairo-1.0.so.0.4000.14
7f4168817000-7f4168839000 r-xp 00000000 103:02 9183311                   /usr/lib/x86_64-linux-gnu/libgdk_pixbuf-2.0.so.0.3611.0
7f4168839000-7f4168a39000 ---p 00022000 103:02 9183311                   /usr/lib/x86_64-linux-gnu/libgdk_pixbuf-2.0.so.0.3611.0
7f4168a39000-7f4168a3a000 r--p 00022000 103:02 9183311                   /usr/lib/x86_64-linux-gnu/libgdk_pixbuf-2.0.so.0.3611.0
7f4168a3a000-7f4168a3b000 rw-p 00023000 103:02 9183311                   /usr/lib/x86_64-linux-gnu/libgdk_pixbuf-2.0.so.0.3611.0
7f4168a3b000-7f4168a4f000 r-xp 00000000 103:02 9183729                   /usr/lib/x86_64-linux-gnu/libpangoft2-1.0.so.0.4000.14
7f4168a4f000-7f4168c4f000 ---p 00014000 103:02 9183729                   /usr/lib/x86_64-linux-gnu/libpangoft2-1.0.so.0.4000.14
7f4168c4f000-7f4168c50000 r--p 00014000 103:02 9183729                   /usr/lib/x86_64-linux-gnu/libpangoft2-1.0.so.0.4000.14
7f4168c50000-7f4168c51000 rw-p 00015000 103:02 9183729                   /usr/lib/x86_64-linux-gnu/libpangoft2-1.0.so.0.4000.14
7f4168c51000-7f4168de5000 r-xp 00000000 103:02 9183329                   /usr/lib/x86_64-linux-gnu/libgio-2.0.so.0.5600.1
7f4168de5000-7f4168fe5000 ---p 00194000 103:02 9183329                   /usr/lib/x86_64-linux-gnu/libgio-2.0.so.0.5600.1
7f4168fe5000-7f4168fec000 r--p 00194000 103:02 9183329                   /usr/lib/x86_64-linux-gnu/libgio-2.0.so.0.5600.1
7f4168fec000-7f4168fed000 rw-p 0019b000 103:02 9183329                   /usr/lib/x86_64-linux-gnu/libgio-2.0.so.0.5600.1
7f4168fed000-7f4168fef000 rw-p 00000000 00:00 0 
7f4168fef000-7f4169011000 r-xp 00000000 103:02 9182985                   /usr/lib/x86_64-linux-gnu/libatk-1.0.so.0.22810.1
7f4169011000-7f4169211000 ---p 00022000 103:02 9182985                   /usr/lib/x86_64-linux-gnu/libatk-1.0.so.0.22810.1
7f4169211000-7f4169214000 r--p 00022000 103:02 9182985                   /usr/lib/x86_64-linux-gnu/libatk-1.0.so.0.22810.1
7f4169214000-7f4169215000 rw-p 00025000 103:02 9182985                   /usr/lib/x86_64-linux-gnu/libatk-1.0.so.0.22810.1
7f4169215000-7f41692c5000 r-xp 00000000 103:02 9183309                   /usr/lib/x86_64-linux-gnu/libgdk-x11-2.0.so.0.2400.32
7f41692c5000-7f41694c4000 ---p 000b0000 103:02 9183309                   /usr/lib/x86_64-linux-gnu/libgdk-x11-2.0.so.0.2400.32
7f41694c4000-7f41694c8000 r--p 000af000 103:02 9183309                   /usr/lib/x86_64-linux-gnu/libgdk-x11-2.0.so.0.2400.32
7f41694c8000-7f41694ca000 rw-p 000b3000 103:02 9183309                   /usr/lib/x86_64-linux-gnu/libgdk-x11-2.0.so.0.2400.32
7f41694ca000-7f41698ff000 r-xp 00000000 103:02 9183442                   /usr/lib/x86_64-linux-gnu/libgtk-x11-2.0.so.0.2400.32
7f41698ff000-7f4169afe000 ---p 00435000 103:02 9183442                   /usr/lib/x86_64-linux-gnu/libgtk-x11-2.0.so.0.2400.32
7f4169afe000-7f4169b05000 r--p 00434000 103:02 9183442                   /usr/lib/x86_64-linux-gnu/libgtk-x11-2.0.so.0.2400.32
7f4169b05000-7f4169b09000 rw-p 0043b000 103:02 9183442                   /usr/lib/x86_64-linux-gnu/libgtk-x11-2.0.so.0.2400.32
7f4169b09000-7f4169b0c000 rw-p 00000000 00:00 0 
7f4169b0c000-7f4169b18000 r-xp 00000000 103:02 9441136                   /usr/lib/jvm/java-8-oracle/jre/lib/amd64/libprism_es2.so
7f4169b18000-7f4169d17000 ---p 0000c000 103:02 9441136                   /usr/lib/jvm/java-8-oracle/jre/lib/amd64/libprism_es2.so
7f4169d17000-7f4169d18000 rw-p 0000b000 103:02 9441136                   /usr/lib/jvm/java-8-oracle/jre/lib/amd64/libprism_es2.so
7f4169d18000-7f4169d1b000 ---p 00000000 00:00 0 
7f4169d1b000-7f4169e19000 rw-p 00000000 00:00 0 
7f4169e19000-7f4169e1a000 ---p 00000000 00:00 0 
7f4169e1a000-7f4169f1a000 rw-p 00000000 00:00 0 
7f4169f1a000-7f4169f1d000 ---p 00000000 00:00 0 
7f4169f1d000-7f416a01b000 rw-p 00000000 00:00 0 
7f416a01b000-7f416a01c000 ---p 00000000 00:00 0 
7f416a01c000-7f416a01f000 ---p 00000000 00:00 0 
7f416a01f000-7f416a11c000 rw-p 00000000 00:00 0 
7f416a11c000-7f416a11d000 ---p 00000000 00:00 0 
7f416a11d000-7f416a120000 ---p 00000000 00:00 0 
7f416a120000-7f416a21d000 rw-p 00000000 00:00 0 
7f416a21d000-7f416a21e000 ---p 00000000 00:00 0 
7f416a21e000-7f416a221000 ---p 00000000 00:00 0 
7f416a221000-7f416a31e000 rw-p 00000000 00:00 0 
7f416a31e000-7f416a31f000 ---p 00000000 00:00 0 
7f416a31f000-7f416a322000 ---p 00000000 00:00 0 
7f416a322000-7f416a41f000 rw-p 00000000 00:00 0 
7f416a41f000-7f416a422000 ---p 00000000 00:00 0 
7f416a422000-7f416a520000 rw-p 00000000 00:00 0 
7f416a520000-7f416aeef000 r--p 00000000 103:02 9181819                   /usr/lib/locale/locale-archive
7f416aeef000-7f416aef2000 ---p 00000000 00:00 0 
7f416aef2000-7f416aff0000 rw-p 00000000 00:00 0 
7f416aff0000-7f416aff3000 ---p 00000000 00:00 0 
7f416aff3000-7f416b0f1000 rw-p 00000000 00:00 0 
7f416b0f1000-7f416b0f2000 ---p 00000000 00:00 0 
7f416b0f2000-7f416c000000 rw-p 00000000 00:00 0 
7f416c000000-7f416c021000 rw-p 00000000 00:00 0 
7f416c021000-7f4170000000 ---p 00000000 00:00 0 
7f4170000000-7f417000c000 rw-s 00000000 00:19 2056                       /i915 (deleted)
7f417000c000-7f417001f000 r--s 00345000 103:02 9307102                   /usr/lib/jvm/java-8-oracle/jre/lib/resources.jar
7f417001f000-7f4170032000 r--p 00000000 103:02 9307059                   /usr/lib/jvm/java-8-oracle/jre/lib/fonts/LucidaBrightDemiBold.ttf
7f4170032000-7f41700dd000 r--p 00000000 103:02 9307052                   /usr/lib/jvm/java-8-oracle/jre/lib/fonts/LucidaSansRegular.ttf
7f41700dd000-7f4174000000 rw-p 00000000 00:00 0 
7f4174000000-7f4174021000 rw-p 00000000 00:00 0 
7f4174021000-7f4178000000 ---p 00000000 00:00 0 
7f4178000000-7f4178021000 rw-p 00000000 00:00 0 
7f4178021000-7f417c000000 ---p 00000000 00:00 0 
7f417c000000-7f417c021000 rw-p 00000000 00:00 0 
7f417c021000-7f4180000000 ---p 00000000 00:00 0 
7f4180000000-7f4180021000 rw-p 00000000 00:00 0 
7f4180021000-7f4184000000 ---p 00000000 00:00 0 
7f4184000000-7f4184021000 rw-p 00000000 00:00 0 
7f4184021000-7f4188000000 ---p 00000000 00:00 0 
7f4188000000-7f4188021000 rw-p 00000000 00:00 0 
7f4188021000-7f418c000000 ---p 00000000 00:00 0 
7f418c000000-7f418c021000 rw-p 00000000 00:00 0 
7f418c021000-7f4190000000 ---p 00000000 00:00 0 
7f4190000000-7f4190004000 rw-s 00000000 00:19 2101                       /i915 (deleted)
7f4190004000-7f4190009000 rw-s 00000000 00:19 2097                       /i915 (deleted)
7f4190009000-7f419001c000 r--p 00000000 103:02 9307056                   /usr/lib/jvm/java-8-oracle/jre/lib/fonts/LucidaBrightDemiItalic.ttf
7f419001c000-7f4190030000 r--p 00000000 103:02 9307051                   /usr/lib/jvm/java-8-oracle/jre/lib/fonts/LucidaBrightItalic.ttf
7f4190030000-7f4190035000 r--s 00084000 103:02 9307039                   /usr/lib/jvm/java-8-oracle/jre/lib/jfr.jar
7f4190035000-7f4190040000 r--s 00000000 103:02 15335732                  /var/cache/fontconfig/945677eb7aeaf62f1d50efc3fb3ec7d8-le64.cache-7
7f4190040000-7f4190045000 r--s 00000000 103:02 15335703                  /var/cache/fontconfig/2300eef321c393bfd76478a5c0e95b23-le64.cache-7
7f4190045000-7f4190046000 r--s 00000000 103:02 15335696                  /var/cache/fontconfig/0d8c3b2ac0904cb8a57a757ad11a4a08-le64.cache-7
7f4190046000-7f419004a000 r--s 00000000 103:02 15341872                  /var/cache/fontconfig/de156ccd2eddbdc19d37a45b8b2aac9c-le64.cache-7
7f419004a000-7f419005f000 r--s 00000000 103:02 15335692                  /var/cache/fontconfig/04aabc0a78ac019cf9454389977116d2-le64.cache-7
7f419005f000-7f4190060000 r--s 00000000 103:02 15335700                  /var/cache/fontconfig/1ac9eb803944fde146138c791f5cc56a-le64.cache-7
7f4190060000-7f4190061000 r--s 00000000 103:02 15335751                  /var/cache/fontconfig/dc05db6664285cc2f12bf69c139ae4c3-le64.cache-7
7f4190061000-7f4190063000 r--s 00000000 103:02 15335697                  /var/cache/fontconfig/14a5e22175779b556eaa434240950366-le64.cache-7
7f4190063000-7f4190064000 r--s 00000000 103:02 15335724                  /var/cache/fontconfig/660208299946a285a940457d1287da33-le64.cache-7
7f4190064000-7f41900f9000 r--s 0110b000 103:02 9439507                   /usr/lib/jvm/java-8-oracle/jre/lib/ext/jfxrt.jar
7f41900f9000-7f4191000000 rw-p 00000000 00:00 0 
7f4191000000-7f4191510000 rwxp 00000000 00:00 0 
7f4191510000-7f41a0000000 ---p 00000000 00:00 0 
7f41a0000000-7f41a05b9000 rw-p 00000000 00:00 0 
7f41a05b9000-7f41a4000000 ---p 00000000 00:00 0 
7f41a4000000-7f41a4002000 r--s 00000000 103:02 15335715                  /var/cache/fontconfig/4f3e3037c9980c83b53a9351efadef62-le64.cache-7
7f41a4002000-7f41a4004000 r--s 00000000 103:02 15335729                  /var/cache/fontconfig/767a8244fc0220cfb567a839d0392e0b-le64.cache-7
7f41a4004000-7f41a4005000 r--s 00000000 103:02 15335710                  /var/cache/fontconfig/4794a0821666d79190d59a36cb4f44b5-le64.cache-7
7f41a4005000-7f41a4007000 r--s 00000000 103:02 15335694                  /var/cache/fontconfig/0bd3dc0958fa2205aaaa8ebb13e2872b-le64.cache-7
7f41a4007000-7f41a400c000 r--s 00000000 103:02 15335752                  /var/cache/fontconfig/def309198bfa603429122923fa2bb2d4-le64.cache-7
7f41a400c000-7f41a400d000 r--s 00000000 103:02 15335740                  /var/cache/fontconfig/b872e6e592da6075ffa4ab0a1fcc0c75-le64.cache-7
7f41a400d000-7f41a400e000 r--s 00000000 103:02 15335757                  /var/cache/fontconfig/f6d4eedfaab2589bde49f7a3ff831d22-le64.cache-7
7f41a400e000-7f41a400f000 r--s 00000000 103:02 15335722                  /var/cache/fontconfig/589f83ef4c36d296ce6e1c846f468f08-le64.cache-7
7f41a400f000-7f41a4010000 r--s 00000000 103:02 15335742                  /var/cache/fontconfig/bab58bb527bb656aaa9f116d68a48d89-le64.cache-7
7f41a4010000-7f41a4011000 r--s 00000000 103:02 15335701                  /var/cache/fontconfig/2171a34dccabdb6bcbbc728186263178-le64.cache-7
7f41a4011000-7f41a4012000 r--s 00000000 103:02 15335743                  /var/cache/fontconfig/c5c45a61289222e0d30b1a26ef4effbe-le64.cache-7
7f41a4012000-7f41a4013000 r--s 00000000 103:02 15335738                  /var/cache/fontconfig/aec30016f93e1b46d1a973dce0d74068-le64.cache-7
7f41a4013000-7f41a4014000 r--s 00000000 103:02 15335708                  /var/cache/fontconfig/3f589640d34b7dc9042c8d453f7c8b9c-le64.cache-7
7f41a4014000-7f41a4015000 r--s 00000000 103:02 15335698                  /var/cache/fontconfig/16c2fda60d1b4b719f4b3d06fd951d25-le64.cache-7
7f41a4015000-7f41a4016000 r--s 00000000 103:02 15335737                  /var/cache/fontconfig/a48eab177a16e4f3713381162db2f3e9-le64.cache-7
7f41a4016000-7f41a4017000 r--s 00000000 103:02 15335718                  /var/cache/fontconfig/564b2e68ac9bc4e36a6f7f6d6125ec1c-le64.cache-7
7f41a4017000-7f41a401c000 r--s 00000000 103:02 15335735                  /var/cache/fontconfig/9d2451b1fd30e5bffe8383fd27c35478-le64.cache-7
7f41a401c000-7f41a4022000 r--s 00000000 103:02 15335704                  /var/cache/fontconfig/3047814df9a2f067bd2d96a2b9c36e5a-le64.cache-7
7f41a4022000-7f41a4023000 r--s 00000000 103:02 15335719                  /var/cache/fontconfig/56cf4f4769d0f4abc89a4895d7bd3ae1-le64.cache-7
7f41a4023000-7f41a4024000 r--s 00000000 103:02 15335741                  /var/cache/fontconfig/b9d506c9ac06c20b433354fa67a72993-le64.cache-7
7f41a4024000-7f41a402a000 r--s 00000000 103:02 15335739                  /var/cache/fontconfig/b47c4e1ecd0709278f4910c18777a504-le64.cache-7
7f41a402a000-7f41a403d000 r--s 00000000 103:02 15335748                  /var/cache/fontconfig/d52a8644073d54c13679302ca1180695-le64.cache-7
7f41a403d000-7f41a403e000 r--s 00000000 103:02 15335706                  /var/cache/fontconfig/370e5b74bf5dafc30834de68e24a87a4-le64.cache-7
7f41a403e000-7f41a403f000 r--s 00000000 103:02 15335717                  /var/cache/fontconfig/6b2c5944714ca7831b25bed9e85cb5c8-le64.cache-7
7f41a403f000-7f41a4040000 r--s 00000000 103:02 15335747                  /var/cache/fontconfig/d5178ab6d91b49bf20a416737dcea9e8-le64.cache-7
7f41a4040000-7f41a4041000 r--s 00000000 103:02 15335756                  /var/cache/fontconfig/551ecf3b0e8b0bca0f25c0944f561853-le64.cache-7
7f41a4041000-7f41a4044000 r--s 00000000 103:02 15335725                  /var/cache/fontconfig/f259c2cffa685e28062317905db73c4a-le64.cache-7
7f41a4044000-7f41a4046000 r--s 00000000 103:02 15337524                  /var/cache/fontconfig/550f3886151c940c12a5ed35f6a00586-le64.cache-7
7f41a4046000-7f41a4049000 r--s 00000000 103:02 15337525                  /var/cache/fontconfig/674d1711f2d1d2a09646eb0bdcadee49-le64.cache-7
7f41a4049000-7f41a404a000 r--s 00000000 103:02 15335709                  /var/cache/fontconfig/3f7329c5293ffd510edef78f73874cfd-le64.cache-7
7f41a404a000-7f41a4056000 r--s 00000000 103:02 15340041                  /var/cache/fontconfig/d589a48862398ed80a3d6066f4f56f4c-le64.cache-7
7f41a4056000-7f41a4057000 r--s 00000000 103:02 15335695                  /var/cache/fontconfig/0c9eb80ebd1c36541ebe2852d3bb0c49-le64.cache-7
7f41a4057000-7f41a4058000 r--s 00000000 103:02 15335702                  /var/cache/fontconfig/22368d551a680bfe5a62c02760edf4ea-le64.cache-7
7f41a4058000-7f41a4059000 r--s 00000000 103:02 15335714                  /var/cache/fontconfig/4d9c95eba1cb85bbcf2878543262124a-le64.cache-7
7f41a4059000-7f41a405a000 r--s 00000000 103:02 15335731                  /var/cache/fontconfig/85e0a52ce643a7ba2ae53e5d6949cead-le64.cache-7
7f41a405a000-7f41a405b000 r--s 00000000 103:02 15335711                  /var/cache/fontconfig/49f0de54bdd920fe4f0dfd4cbac43e6b-le64.cache-7
7f41a405b000-7f41a405c000 r--s 00000000 103:02 15335758                  /var/cache/fontconfig/f6e6e0a5c3d2f6ae0c0c2e0ecd42a997-le64.cache-7
7f41a405c000-7f41a405d000 r--s 00000000 103:02 15335712                  /var/cache/fontconfig/4b2eda6bb976bda485cb2176619421d5-le64.cache-7
7f41a405d000-7f41a406b000 r--s 00000000 103:02 15335734                  /var/cache/fontconfig/9b89f8e3dae116d678bbf48e5f21f69b-le64.cache-7
7f41a406b000-7f41a4079000 r--s 00000000 103:02 15336063                  /var/cache/fontconfig/e13b20fdb08344e0e664864cc2ede53d-le64.cache-7
7f41a4079000-7f41a407e000 rw-s 00000000 00:19 2055                       /i915 (deleted)
7f41a407e000-7f41a4082000 rw-s 00000000 00:19 2048                       /i915 (deleted)
7f41a4082000-7f41a4385000 rw-p 00000000 00:00 0 
7f41a4385000-7f41a455f000 r--s 03d68000 103:02 9307075                   /usr/lib/jvm/java-8-oracle/jre/lib/rt.jar
7f41a455f000-7f41a4997000 rw-p 00000000 00:00 0 
7f41a4997000-7f41a4998000 ---p 00000000 00:00 0 
7f41a4998000-7f41a4a98000 rw-p 00000000 00:00 0 
7f41a4a98000-7f41a4a99000 ---p 00000000 00:00 0 
7f41a4a99000-7f41a4b99000 rw-p 00000000 00:00 0 
7f41a4b99000-7f41a4b9a000 ---p 00000000 00:00 0 
7f41a4b9a000-7f41a4c9a000 rw-p 00000000 00:00 0 
7f41a4c9a000-7f41a4c9b000 ---p 00000000 00:00 0 
7f41a4c9b000-7f41a4d9b000 rw-p 00000000 00:00 0 
7f41a4d9b000-7f41a4d9c000 ---p 00000000 00:00 0 
7f41a4d9c000-7f41a4e9c000 rw-p 00000000 00:00 0 
7f41a4e9c000-7f41a4e9d000 ---p 00000000 00:00 0 
7f41a4e9d000-7f41a4f9d000 rw-p 00000000 00:00 0 
7f41a4f9d000-7f41a4f9e000 ---p 00000000 00:00 0 
7f41a4f9e000-7f41a509e000 rw-p 00000000 00:00 0 
7f41a509e000-7f41a509f000 ---p 00000000 00:00 0 
7f41a509f000-7f41a51c8000 rw-p 00000000 00:00 0 
7f41a51c8000-7f41a5421000 ---p 00000000 00:00 0 
7f41a5421000-7f41a544a000 rw-p 00000000 00:00 0 
7f41a544a000-7f41a56a2000 ---p 00000000 00:00 0 
7f41a56a2000-7f41a56b7000 rw-p 00000000 00:00 0 
7f41a56b7000-7f41a57e3000 ---p 00000000 00:00 0 
7f41a57e3000-7f41a57f9000 rw-p 00000000 00:00 0 
7f41a57f9000-7f41a5ba4000 ---p 00000000 00:00 0 
7f41a5ba4000-7f41a5bbf000 r-xp 00000000 103:02 9441128                   /usr/lib/jvm/java-8-oracle/jre/lib/amd64/libzip.so
7f41a5bbf000-7f41a5dbf000 ---p 0001b000 103:02 9441128                   /usr/lib/jvm/java-8-oracle/jre/lib/amd64/libzip.so
7f41a5dbf000-7f41a5dc0000 rw-p 0001b000 103:02 9441128                   /usr/lib/jvm/java-8-oracle/jre/lib/amd64/libzip.so
7f41a5dc0000-7f41a5dcb000 r-xp 00000000 103:02 266930                    /lib/x86_64-linux-gnu/libnss_files-2.27.so
7f41a5dcb000-7f41a5fca000 ---p 0000b000 103:02 266930                    /lib/x86_64-linux-gnu/libnss_files-2.27.so
7f41a5fca000-7f41a5fcb000 r--p 0000a000 103:02 266930                    /lib/x86_64-linux-gnu/libnss_files-2.27.so
7f41a5fcb000-7f41a5fcc000 rw-p 0000b000 103:02 266930                    /lib/x86_64-linux-gnu/libnss_files-2.27.so
7f41a5fcc000-7f41a5fd2000 rw-p 00000000 00:00 0 
7f41a5fd2000-7f41a5fe9000 r-xp 00000000 103:02 266924                    /lib/x86_64-linux-gnu/libnsl-2.27.so
7f41a5fe9000-7f41a61e8000 ---p 00017000 103:02 266924                    /lib/x86_64-linux-gnu/libnsl-2.27.so
7f41a61e8000-7f41a61e9000 r--p 00016000 103:02 266924                    /lib/x86_64-linux-gnu/libnsl-2.27.so
7f41a61e9000-7f41a61ea000 rw-p 00017000 103:02 266924                    /lib/x86_64-linux-gnu/libnsl-2.27.so
7f41a61ea000-7f41a61ec000 rw-p 00000000 00:00 0 
7f41a61ec000-7f41a61f7000 r-xp 00000000 103:02 266941                    /lib/x86_64-linux-gnu/libnss_nis-2.27.so
7f41a61f7000-7f41a63f6000 ---p 0000b000 103:02 266941                    /lib/x86_64-linux-gnu/libnss_nis-2.27.so
7f41a63f6000-7f41a63f7000 r--p 0000a000 103:02 266941                    /lib/x86_64-linux-gnu/libnss_nis-2.27.so
7f41a63f7000-7f41a63f8000 rw-p 0000b000 103:02 266941                    /lib/x86_64-linux-gnu/libnss_nis-2.27.so
7f41a63f8000-7f41a6400000 r-xp 00000000 103:02 266926                    /lib/x86_64-linux-gnu/libnss_compat-2.27.so
7f41a6400000-7f41a6600000 ---p 00008000 103:02 266926                    /lib/x86_64-linux-gnu/libnss_compat-2.27.so
7f41a6600000-7f41a6601000 r--p 00008000 103:02 266926                    /lib/x86_64-linux-gnu/libnss_compat-2.27.so
7f41a6601000-7f41a6602000 rw-p 00009000 103:02 266926                    /lib/x86_64-linux-gnu/libnss_compat-2.27.so
7f41a6602000-7f41a662d000 r-xp 00000000 103:02 9441122                   /usr/lib/jvm/java-8-oracle/jre/lib/amd64/libjava.so
7f41a662d000-7f41a682c000 ---p 0002b000 103:02 9441122                   /usr/lib/jvm/java-8-oracle/jre/lib/amd64/libjava.so
7f41a682c000-7f41a682e000 rw-p 0002a000 103:02 9441122                   /usr/lib/jvm/java-8-oracle/jre/lib/amd64/libjava.so
7f41a682e000-7f41a683b000 r-xp 00000000 103:02 9441127                   /usr/lib/jvm/java-8-oracle/jre/lib/amd64/libverify.so
7f41a683b000-7f41a6a3b000 ---p 0000d000 103:02 9441127                   /usr/lib/jvm/java-8-oracle/jre/lib/amd64/libverify.so
7f41a6a3b000-7f41a6a3d000 rw-p 0000d000 103:02 9441127                   /usr/lib/jvm/java-8-oracle/jre/lib/amd64/libverify.so
7f41a6a3d000-7f41a6a44000 r-xp 00000000 103:02 266981                    /lib/x86_64-linux-gnu/librt-2.27.so
7f41a6a44000-7f41a6c43000 ---p 00007000 103:02 266981                    /lib/x86_64-linux-gnu/librt-2.27.so
7f41a6c43000-7f41a6c44000 r--p 00006000 103:02 266981                    /lib/x86_64-linux-gnu/librt-2.27.so
7f41a6c44000-7f41a6c45000 rw-p 00007000 103:02 266981                    /lib/x86_64-linux-gnu/librt-2.27.so
7f41a6c45000-7f41a6de2000 r-xp 00000000 103:02 266903                    /lib/x86_64-linux-gnu/libm-2.27.so
7f41a6de2000-7f41a6fe1000 ---p 0019d000 103:02 266903                    /lib/x86_64-linux-gnu/libm-2.27.so
7f41a6fe1000-7f41a6fe2000 r--p 0019c000 103:02 266903                    /lib/x86_64-linux-gnu/libm-2.27.so
7f41a6fe2000-7f41a6fe3000 rw-p 0019d000 103:02 266903                    /lib/x86_64-linux-gnu/libm-2.27.so
7f41a6fe3000-7f41a7cbc000 r-xp 00000000 103:02 9441104                   /usr/lib/jvm/java-8-oracle/jre/lib/amd64/server/libjvm.so
7f41a7cbc000-7f41a7ebb000 ---p 00cd9000 103:02 9441104                   /usr/lib/jvm/java-8-oracle/jre/lib/amd64/server/libjvm.so
7f41a7ebb000-7f41a7f95000 rw-p 00cd8000 103:02 9441104                   /usr/lib/jvm/java-8-oracle/jre/lib/amd64/server/libjvm.so
7f41a7f95000-7f41a7fe0000 rw-p 00000000 00:00 0 
7f41a7fe0000-7f41a81c7000 r-xp 00000000 103:02 266840                    /lib/x86_64-linux-gnu/libc-2.27.so
7f41a81c7000-7f41a83c7000 ---p 001e7000 103:02 266840                    /lib/x86_64-linux-gnu/libc-2.27.so
7f41a83c7000-7f41a83cb000 r--p 001e7000 103:02 266840                    /lib/x86_64-linux-gnu/libc-2.27.so
7f41a83cb000-7f41a83cd000 rw-p 001eb000 103:02 266840                    /lib/x86_64-linux-gnu/libc-2.27.so
7f41a83cd000-7f41a83d1000 rw-p 00000000 00:00 0 
7f41a83d1000-7f41a83d4000 r-xp 00000000 103:02 266863                    /lib/x86_64-linux-gnu/libdl-2.27.so
7f41a83d4000-7f41a85d3000 ---p 00003000 103:02 266863                    /lib/x86_64-linux-gnu/libdl-2.27.so
7f41a85d3000-7f41a85d4000 r--p 00002000 103:02 266863                    /lib/x86_64-linux-gnu/libdl-2.27.so
7f41a85d4000-7f41a85d5000 rw-p 00003000 103:02 266863                    /lib/x86_64-linux-gnu/libdl-2.27.so
7f41a85d5000-7f41a85eb000 r-xp 00000000 103:02 9441099                   /usr/lib/jvm/java-8-oracle/jre/lib/amd64/jli/libjli.so
7f41a85eb000-7f41a87ea000 ---p 00016000 103:02 9441099                   /usr/lib/jvm/java-8-oracle/jre/lib/amd64/jli/libjli.so
7f41a87ea000-7f41a87eb000 rw-p 00015000 103:02 9441099                   /usr/lib/jvm/java-8-oracle/jre/lib/amd64/jli/libjli.so
7f41a87eb000-7f41a8805000 r-xp 00000000 103:02 266973                    /lib/x86_64-linux-gnu/libpthread-2.27.so
7f41a8805000-7f41a8a04000 ---p 0001a000 103:02 266973                    /lib/x86_64-linux-gnu/libpthread-2.27.so
7f41a8a04000-7f41a8a05000 r--p 00019000 103:02 266973                    /lib/x86_64-linux-gnu/libpthread-2.27.so
7f41a8a05000-7f41a8a06000 rw-p 0001a000 103:02 266973                    /lib/x86_64-linux-gnu/libpthread-2.27.so
7f41a8a06000-7f41a8a0a000 rw-p 00000000 00:00 0 
7f41a8a0a000-7f41a8a31000 r-xp 00000000 103:02 266812                    /lib/x86_64-linux-gnu/ld-2.27.so
7f41a8a31000-7f41a8a33000 r--s 00000000 103:02 15335726                  /var/cache/fontconfig/6afa1bb216ce958c1589e297e8008489-le64.cache-7
7f41a8a33000-7f41a8a37000 rw-s 00000000 00:19 2046                       /i915 (deleted)
7f41a8a37000-7f41a8a3c000 rw-s 00000000 00:19 2045                       /i915 (deleted)
7f41a8a3c000-7f41a8a41000 rw-s 00000000 00:19 2044                       /i915 (deleted)
7f41a8a41000-7f41a8a45000 rw-s 00000000 00:19 1840                       /i915 (deleted)
7f41a8a45000-7f41a8b15000 rw-p 00000000 00:00 0 
7f41a8b15000-7f41a8b16000 ---p 00000000 00:00 0 
7f41a8b16000-7f41a8b19000 ---p 00000000 00:00 0 
7f41a8b19000-7f41a8c18000 rw-p 00000000 00:00 0 
7f41a8c19000-7f41a8c1a000 rwxp 00000000 00:00 0 
7f41a8c1a000-7f41a8c1e000 rw-s 00000000 00:19 1827                       /i915 (deleted)
7f41a8c1e000-7f41a8c23000 rw-s 00000000 00:19 1526                       /i915 (deleted)
7f41a8c23000-7f41a8c25000 r--s 00015000 103:02 14683298                  /home/austin/OneDrive/Documents/Netbeans Projects/TarkovTraderGit/TarkovTraderClient/dist/run312037634/TarkovTrader.jar
7f41a8c25000-7f41a8c2d000 rw-s 00000000 103:02 13238351                  /tmp/hsperfdata_austin/13408
7f41a8c2d000-7f41a8c2e000 rw-p 00000000 00:00 0 
7f41a8c2e000-7f41a8c2f000 r--p 00000000 00:00 0 
7f41a8c2f000-7f41a8c31000 rw-p 00000000 00:00 0 
7f41a8c31000-7f41a8c32000 r--p 00027000 103:02 266812                    /lib/x86_64-linux-gnu/ld-2.27.so
7f41a8c32000-7f41a8c33000 rw-p 00028000 103:02 266812                    /lib/x86_64-linux-gnu/ld-2.27.so
7f41a8c33000-7f41a8c34000 rw-p 00000000 00:00 0 
7fffab326000-7fffab347000 rw-p 00000000 00:00 0                          [stack]
7fffab38e000-7fffab391000 r--p 00000000 00:00 0                          [vvar]
7fffab391000-7fffab393000 r-xp 00000000 00:00 0                          [vdso]
ffffffffff600000-ffffffffff601000 r-xp 00000000 00:00 0                  [vsyscall]

VM Arguments:
jvm_args: -Dfile.encoding=UTF-8 
java_command: /home/austin/OneDrive/Documents/Netbeans Projects/TarkovTraderGit/TarkovTraderClient/dist/run312037634/TarkovTrader.jar
java_class_path (initial): /home/austin/OneDrive/Documents/Netbeans Projects/TarkovTraderGit/TarkovTraderClient/dist/run312037634/TarkovTrader.jar
Launcher Type: SUN_STANDARD

Environment Variables:
JAVA_HOME=/usr/lib/jvm/java-8-oracle
PATH=/usr/local/sbin:/usr/local/bin:/usr/sbin:/usr/bin:/sbin:/bin:/usr/games:/usr/local/games:/snap/bin:/usr/lib/jvm/java-8-oracle/bin:/usr/lib/jvm/java-8-oracle/db/bin:/usr/lib/jvm/java-8-oracle/jre/bin
USERNAME=austin
LD_LIBRARY_PATH=/usr/lib/jvm/java-8-oracle/jre/lib/amd64:/usr/lib/jvm/java-8-oracle/jre/lib/i386:
SHELL=/bin/bash
DISPLAY=:0

Signal Handlers:
SIGSEGV: [libjvm.so+0xad0890], sa_mask[0]=11111111011111111101111111111110, sa_flags=SA_RESTART|SA_SIGINFO
SIGBUS: [libjvm.so+0xad0890], sa_mask[0]=11111111011111111101111111111110, sa_flags=SA_RESTART|SA_SIGINFO
SIGFPE: [libjvm.so+0x928640], sa_mask[0]=11111111011111111101111111111110, sa_flags=SA_RESTART|SA_SIGINFO
SIGPIPE: SIG_IGN, sa_mask[0]=00000000000010000000000000000000, sa_flags=SA_RESTART
SIGXFSZ: [libjvm.so+0x928640], sa_mask[0]=11111111011111111101111111111110, sa_flags=SA_RESTART|SA_SIGINFO
SIGILL: [libjvm.so+0x928640], sa_mask[0]=11111111011111111101111111111110, sa_flags=SA_RESTART|SA_SIGINFO
SIGUSR1: SIG_DFL, sa_mask[0]=00000000000000000000000000000000, sa_flags=none
SIGUSR2: [libjvm.so+0x929ea0], sa_mask[0]=00100000000000000000000000000000, sa_flags=SA_RESTART|SA_SIGINFO
SIGHUP: [libjvm.so+0x92b2a0], sa_mask[0]=11111111011111111101111111111110, sa_flags=SA_RESTART|SA_SIGINFO
SIGINT: SIG_IGN, sa_mask[0]=00000000000000000000000000000000, sa_flags=none
SIGTERM: [libjvm.so+0x92b2a0], sa_mask[0]=11111111011111111101111111111110, sa_flags=SA_RESTART|SA_SIGINFO
SIGQUIT: [libjvm.so+0x92b2a0], sa_mask[0]=11111111011111111101111111111110, sa_flags=SA_RESTART|SA_SIGINFO


---------------  S Y S T E M  ---------------

OS:DISTRIB_ID=Ubuntu
DISTRIB_RELEASE=18.04
DISTRIB_CODENAME=bionic
DISTRIB_DESCRIPTION="Ubuntu 18.04 LTS"

uname:Linux 4.15.0-23-generic #25-Ubuntu SMP Wed May 23 18:02:16 UTC 2018 x86_64
libc:glibc 2.27 NPTL 2.27 
rlimit: STACK 8192k, CORE 0k, NPROC 30365, NOFILE 1048576, AS infinity
load average:1.08 1.06 1.07

/proc/meminfo:
MemTotal:        7877392 kB
MemFree:          497780 kB
MemAvailable:    3605224 kB
Buffers:          215872 kB
Cached:          2064616 kB
SwapCached:            0 kB
Active:          4140024 kB
Inactive:        2846768 kB
Active(anon):    3260428 kB
Inactive(anon):   478388 kB
Active(file):     879596 kB
Inactive(file):  2368380 kB
Unevictable:          48 kB
Mlocked:              48 kB
SwapTotal:       2097148 kB
SwapFree:        2097148 kB
Dirty:              1528 kB
Writeback:             0 kB
AnonPages:       4706472 kB
Mapped:           606620 kB
Shmem:            479528 kB
Slab:             241244 kB
SReclaimable:     172384 kB
SUnreclaim:        68860 kB
KernelStack:       14512 kB
PageTables:        50860 kB
NFS_Unstable:          0 kB
Bounce:                0 kB
WritebackTmp:          0 kB
CommitLimit:     6035844 kB
Committed_AS:   10775328 kB
VmallocTotal:   34359738367 kB
VmallocUsed:           0 kB
VmallocChunk:          0 kB
HardwareCorrupted:     0 kB
AnonHugePages:         0 kB
ShmemHugePages:        0 kB
ShmemPmdMapped:        0 kB
CmaTotal:              0 kB
CmaFree:               0 kB
HugePages_Total:       0
HugePages_Free:        0
HugePages_Rsvd:        0
HugePages_Surp:        0
Hugepagesize:       2048 kB
DirectMap4k:      179056 kB
DirectMap2M:     6868992 kB
DirectMap1G:     1048576 kB


CPU:total 8 (initial active 8) (4 cores per cpu, 2 threads per core) family 6 model 142 stepping 10, cmov, cx8, fxsr, mmx, sse, sse2, sse3, ssse3, sse4.1, sse4.2, popcnt, avx, avx2, aes, clmul, erms, 3dnowpref, lzcnt, ht, tsc, tscinvbit, bmi1, bmi2, adx

/proc/cpuinfo:
processor	: 0
vendor_id	: GenuineIntel
cpu family	: 6
model		: 142
model name	: Intel(R) Core(TM) i7-8550U CPU @ 1.80GHz
stepping	: 10
microcode	: 0x84
cpu MHz		: 2909.837
cache size	: 8192 KB
physical id	: 0
siblings	: 8
core id		: 0
cpu cores	: 4
apicid		: 0
initial apicid	: 0
fpu		: yes
fpu_exception	: yes
cpuid level	: 22
wp		: yes
flags		: fpu vme de pse tsc msr pae mce cx8 apic sep mtrr pge mca cmov pat pse36 clflush dts acpi mmx fxsr sse sse2 ss ht tm pbe syscall nx pdpe1gb rdtscp lm constant_tsc art arch_perfmon pebs bts rep_good nopl xtopology nonstop_tsc cpuid aperfmperf tsc_known_freq pni pclmulqdq dtes64 monitor ds_cpl vmx est tm2 ssse3 sdbg fma cx16 xtpr pdcm pcid sse4_1 sse4_2 x2apic movbe popcnt tsc_deadline_timer aes xsave avx f16c rdrand lahf_lm abm 3dnowprefetch cpuid_fault epb invpcid_single pti ibrs ibpb stibp tpr_shadow vnmi flexpriority ept vpid fsgsbase tsc_adjust bmi1 avx2 smep bmi2 erms invpcid mpx rdseed adx smap clflushopt intel_pt xsaveopt xsavec xgetbv1 xsaves dtherm ida arat pln pts hwp hwp_notify hwp_act_window hwp_epp
bugs		: cpu_meltdown spectre_v1 spectre_v2 spec_store_bypass
bogomips	: 3984.00
clflush size	: 64
cache_alignment	: 64
address sizes	: 39 bits physical, 48 bits virtual
power management:

processor	: 1
vendor_id	: GenuineIntel
cpu family	: 6
model		: 142
model name	: Intel(R) Core(TM) i7-8550U CPU @ 1.80GHz
stepping	: 10
microcode	: 0x84
cpu MHz		: 2902.486
cache size	: 8192 KB
physical id	: 0
siblings	: 8
core id		: 1
cpu cores	: 4
apicid		: 2
initial apicid	: 2
fpu		: yes
fpu_exception	: yes
cpuid level	: 22
wp		: yes
flags		: fpu vme de pse tsc msr pae mce cx8 apic sep mtrr pge mca cmov pat pse36 clflush dts acpi mmx fxsr sse sse2 ss ht tm pbe syscall nx pdpe1gb rdtscp lm constant_tsc art arch_perfmon pebs bts rep_good nopl xtopology nonstop_tsc cpuid aperfmperf tsc_known_freq pni pclmulqdq dtes64 monitor ds_cpl vmx est tm2 ssse3 sdbg fma cx16 xtpr pdcm pcid sse4_1 sse4_2 x2apic movbe popcnt tsc_deadline_timer aes xsave avx f16c rdrand lahf_lm abm 3dnowprefetch cpuid_fault epb invpcid_single pti ibrs ibpb stibp tpr_shadow vnmi flexpriority ept vpid fsgsbase tsc_adjust bmi1 avx2 smep bmi2 erms invpcid mpx rdseed adx smap clflushopt intel_pt xsaveopt xsavec xgetbv1 xsaves dtherm ida arat pln pts hwp hwp_notify hwp_act_window hwp_epp
bugs		: cpu_meltdown spectre_v1 spectre_v2 spec_store_bypass
bogomips	: 3984.00
clflush size	: 64
cache_alignment	: 64
address sizes	: 39 bits physical, 48 bits virtual
power management:

processor	: 2
vendor_id	: GenuineIntel
cpu family	: 6
model		: 142
model name	: Intel(R) Core(TM) i7-8550U CPU @ 1.80GHz
stepping	: 10
microcode	: 0x84
cpu MHz		: 2957.266
cache size	: 8192 KB
physical id	: 0
siblings	: 8
core id		: 2
cpu cores	: 4
apicid		: 4
initial apicid	: 4
fpu		: yes
fpu_exception	: yes
cpuid level	: 22
wp		: yes
flags		: fpu vme de pse tsc msr pae mce cx8 apic sep mtrr pge mca cmov pat pse36 clflush dts acpi mmx fxsr sse sse2 ss ht tm pbe syscall nx pdpe1gb rdtscp lm constant_tsc art arch_perfmon pebs bts rep_good nopl xtopology nonstop_tsc cpuid aperfmperf tsc_known_freq pni pclmulqdq dtes64 monitor ds_cpl vmx est tm2 ssse3 sdbg fma cx16 xtpr pdcm pcid sse4_1 sse4_2 x2apic movbe popcnt tsc_deadline_timer aes xsave avx f16c rdrand lahf_lm abm 3dnowprefetch cpuid_fault epb invpcid_single pti ibrs ibpb stibp tpr_shadow vnmi flexpriority ept vpid fsgsbase tsc_adjust bmi1 avx2 smep bmi2 erms invpcid mpx rdseed adx smap clflushopt intel_pt xsaveopt xsavec xgetbv1 xsaves dtherm ida arat pln pts hwp hwp_notify hwp_act_window hwp_epp
bugs		: cpu_meltdown spectre_v1 spectre_v2 spec_store_bypass
bogomips	: 3984.00
clflush size	: 64
cache_alignment	: 64
address sizes	: 39 bits physical, 48 bits virtual
power management:

processor	: 3
vendor_id	: GenuineIntel
cpu family	: 6
model		: 142
model name	: Intel(R) Core(TM) i7-8550U CPU @ 1.80GHz
stepping	: 10
microcode	: 0x84
cpu MHz		: 2916.178
cache size	: 8192 KB
physical id	: 0
siblings	: 8
core id		: 3
cpu cores	: 4
apicid		: 6
initial apicid	: 6
fpu		: yes
fpu_exception	: yes
cpuid level	: 22
wp		: yes
flags		: fpu vme de pse tsc msr pae mce cx8 apic sep mtrr pge mca cmov pat pse36 clflush dts acpi mmx fxsr sse sse2 ss ht tm pbe syscall nx pdpe1gb rdtscp lm constant_tsc art arch_perfmon pebs bts rep_good nopl xtopology nonstop_tsc cpuid aperfmperf tsc_known_freq pni pclmulqdq dtes64 monitor ds_cpl vmx est tm2 ssse3 sdbg fma cx16 xtpr pdcm pcid sse4_1 sse4_2 x2apic movbe popcnt tsc_deadline_timer aes xsave avx f16c rdrand lahf_lm abm 3dnowprefetch cpuid_fault epb invpcid_single pti ibrs ibpb stibp tpr_shadow vnmi flexpriority ept vpid fsgsbase tsc_adjust bmi1 avx2 smep bmi2 erms invpcid mpx rdseed adx smap clflushopt intel_pt xsaveopt xsavec xgetbv1 xsaves dtherm ida arat pln pts hwp hwp_notify hwp_act_window hwp_epp
bugs		: cpu_meltdown spectre_v1 spectre_v2 spec_store_bypass
bogomips	: 3984.00
clflush size	: 64
cache_alignment	: 64
address sizes	: 39 bits physical, 48 bits virtual
power management:

processor	: 4
vendor_id	: GenuineIntel
cpu family	: 6
model		: 142
model name	: Intel(R) Core(TM) i7-8550U CPU @ 1.80GHz
stepping	: 10
microcode	: 0x84
cpu MHz		: 2900.537
cache size	: 8192 KB
physical id	: 0
siblings	: 8
core id		: 0
cpu cores	: 4
apicid		: 1
initial apicid	: 1
fpu		: yes
fpu_exception	: yes
cpuid level	: 22
wp		: yes
flags		: fpu vme de pse tsc msr pae mce cx8 apic sep mtrr pge mca cmov pat pse36 clflush dts acpi mmx fxsr sse sse2 ss ht tm pbe syscall nx pdpe1gb rdtscp lm constant_tsc art arch_perfmon pebs bts rep_good nopl xtopology nonstop_tsc cpuid aperfmperf tsc_known_freq pni pclmulqdq dtes64 monitor ds_cpl vmx est tm2 ssse3 sdbg fma cx16 xtpr pdcm pcid sse4_1 sse4_2 x2apic movbe popcnt tsc_deadline_timer aes xsave avx f16c rdrand lahf_lm abm 3dnowprefetch cpuid_fault epb invpcid_single pti ibrs ibpb stibp tpr_shadow vnmi flexpriority ept vpid fsgsbase tsc_adjust bmi1 avx2 smep bmi2 erms invpcid mpx rdseed adx smap clflushopt intel_pt xsaveopt xsavec xgetbv1 xsaves dtherm ida arat pln pts hwp hwp_notify hwp_act_window hwp_epp
bugs		: cpu_meltdown spectre_v1 spectre_v2 spec_store_bypass
bogomips	: 3984.00
clflush size	: 64
cache_alignment	: 64
address sizes	: 39 bits physical, 48 bits virtual
power management:

processor	: 5
vendor_id	: GenuineIntel
cpu family	: 6
model		: 142
model name	: Intel(R) Core(TM) i7-8550U CPU @ 1.80GHz
stepping	: 10
microcode	: 0x84
cpu MHz		: 2909.780
cache size	: 8192 KB
physical id	: 0
siblings	: 8
core id		: 1
cpu cores	: 4
apicid		: 3
initial apicid	: 3
fpu		: yes
fpu_exception	: yes
cpuid level	: 22
wp		: yes
flags		: fpu vme de pse tsc msr pae mce cx8 apic sep mtrr pge mca cmov pat pse36 clflush dts acpi mmx fxsr sse sse2 ss ht tm pbe syscall nx pdpe1gb rdtscp lm constant_tsc art arch_perfmon pebs bts rep_good nopl xtopology nonstop_tsc cpuid aperfmperf tsc_known_freq pni pclmulqdq dtes64 monitor ds_cpl vmx est tm2 ssse3 sdbg fma cx16 xtpr pdcm pcid sse4_1 sse4_2 x2apic movbe popcnt tsc_deadline_timer aes xsave avx f16c rdrand lahf_lm abm 3dnowprefetch cpuid_fault epb invpcid_single pti ibrs ibpb stibp tpr_shadow vnmi flexpriority ept vpid fsgsbase tsc_adjust bmi1 avx2 smep bmi2 erms invpcid mpx rdseed adx smap clflushopt intel_pt xsaveopt xsavec xgetbv1 xsaves dtherm ida arat pln pts hwp hwp_notify hwp_act_window hwp_epp
bugs		: cpu_meltdown spectre_v1 spectre_v2 spec_store_bypass
bogomips	: 3984.00
clflush size	: 64
cache_alignment	: 64
address sizes	: 39 bits physical, 48 bits virtual
power management:

processor	: 6
vendor_id	: GenuineIntel
cpu family	: 6
model		: 142
model name	: Intel(R) Core(TM) i7-8550U CPU @ 1.80GHz
stepping	: 10
microcode	: 0x84
cpu MHz		: 2916.069
cache size	: 8192 KB
physical id	: 0
siblings	: 8
core id		: 2
cpu cores	: 4
apicid		: 5
initial apicid	: 5
fpu		: yes
fpu_exception	: yes
cpuid level	: 22
wp		: yes
flags		: fpu vme de pse tsc msr pae mce cx8 apic sep mtrr pge mca cmov pat pse36 clflush dts acpi mmx fxsr sse sse2 ss ht tm pbe syscall nx pdpe1gb rdtscp lm constant_tsc art arch_perfmon pebs bts rep_good nopl xtopology nonstop_tsc cpuid aperfmperf tsc_known_freq pni pclmulqdq dtes64 monitor ds_cpl vmx est tm2 ssse3 sdbg fma cx16 xtpr pdcm pcid sse4_1 sse4_2 x2apic movbe popcnt tsc_deadline_timer aes xsave avx f16c rdrand lahf_lm abm 3dnowprefetch cpuid_fault epb invpcid_single pti ibrs ibpb stibp tpr_shadow vnmi flexpriority ept vpid fsgsbase tsc_adjust bmi1 avx2 smep bmi2 erms invpcid mpx rdseed adx smap clflushopt intel_pt xsaveopt xsavec xgetbv1 xsaves dtherm ida arat pln pts hwp hwp_notify hwp_act_window hwp_epp
bugs		: cpu_meltdown spectre_v1 spectre_v2 spec_store_bypass
bogomips	: 3984.00
clflush size	: 64
cache_alignment	: 64
address sizes	: 39 bits physical, 48 bits virtual
power management:

processor	: 7
vendor_id	: GenuineIntel
cpu family	: 6
model		: 142
model name	: Intel(R) Core(TM) i7-8550U CPU @ 1.80GHz
stepping	: 10
microcode	: 0x84
cpu MHz		: 2925.679
cache size	: 8192 KB
physical id	: 0
siblings	: 8
core id		: 3
cpu cores	: 4
apicid		: 7
initial apicid	: 7
fpu		: yes
fpu_exception	: yes
cpuid level	: 22
wp		: yes
flags		: fpu vme de pse tsc msr pae mce cx8 apic sep mtrr pge mca cmov pat pse36 clflush dts acpi mmx fxsr sse sse2 ss ht tm pbe syscall nx pdpe1gb rdtscp lm constant_tsc art arch_perfmon pebs bts rep_good nopl xtopology nonstop_tsc cpuid aperfmperf tsc_known_freq pni pclmulqdq dtes64 monitor ds_cpl vmx est tm2 ssse3 sdbg fma cx16 xtpr pdcm pcid sse4_1 sse4_2 x2apic movbe popcnt tsc_deadline_timer aes xsave avx f16c rdrand lahf_lm abm 3dnowprefetch cpuid_fault epb invpcid_single pti ibrs ibpb stibp tpr_shadow vnmi flexpriority ept vpid fsgsbase tsc_adjust bmi1 avx2 smep bmi2 erms invpcid mpx rdseed adx smap clflushopt intel_pt xsaveopt xsavec xgetbv1 xsaves dtherm ida arat pln pts hwp hwp_notify hwp_act_window hwp_epp
bugs		: cpu_meltdown spectre_v1 spectre_v2 spec_store_bypass
bogomips	: 3984.00
clflush size	: 64
cache_alignment	: 64
address sizes	: 39 bits physical, 48 bits virtual
power management:



Memory: 4k page, physical 7877392k(497780k free), swap 2097148k(2097148k free)

vm_info: Java HotSpot(TM) 64-Bit Server VM (25.171-b11) for linux-amd64 JRE (1.8.0_171-b11), built on Mar 28 2018 17:07:08 by "java_re" with gcc 4.3.0 20080428 (Red Hat 4.3.0-8)

time: Sun Jul 15 19:12:31 2018
elapsed time: 4 seconds (0d 0h 0m 4s)

