#
# A fatal error has been detected by the Java Runtime Environment:
#
#  SIGSEGV (0xb) at pc=0x00007fee7de6a9a8, pid=5106, tid=0x00007fee086ed700
#
# JRE version: Java(TM) SE Runtime Environment (8.0_171-b11) (build 1.8.0_171-b11)
# Java VM: Java HotSpot(TM) 64-Bit Server VM (25.171-b11 mixed mode linux-amd64 compressed oops)
# Problematic frame:
# V  [libjvm.so+0x6d79a8]  jni_invoke_nonstatic(JNIEnv_*, JavaValue*, _jobject*, JNICallType, _jmethodID*, JNI_ArgumentPusher*, Thread*)+0x38
#
# Failed to write core dump. Core dumps have been disabled. To enable core dumping, try "ulimit -c unlimited" before starting Java again
#
# If you would like to submit a bug report, please visit:
#   http://bugreport.java.com/bugreport/crash.jsp
#

---------------  T H R E A D  ---------------

Current thread (0x00007fee783f8800):  JavaThread "JavaFX Application Thread" [_thread_in_vm, id=5131, stack(0x00007fee085ed000,0x00007fee086ee000)]

siginfo: si_signo: 11 (SIGSEGV), si_code: 1 (SEGV_MAPERR), si_addr: 0x0000000000000035

Registers:
RAX=0x00007fee086ec160, RBX=0x00007fee086ec070, RCX=0x0000000000000001, RDX=0x0000000000000035
RSP=0x00007fee086ebec0, RBP=0x00007fee086ec040, RSI=0x00007fee086ec0d0, RDI=0x00007fee783f89f8
R8 =0x00007fee78364bd8, R9 =0x00007fee086ec070, R10=0x00007fedfc000e00, R11=0x00007fee693dbba0
R12=0x00007fee783f8800, R13=0x00007fee78364bd8, R14=0x0000000000000001, R15=0x00007fee783f89f8
RIP=0x00007fee7de6a9a8, EFLAGS=0x0000000000010206, CSGSFS=0x002b000000000033, ERR=0x0000000000000004
  TRAPNO=0x000000000000000e

Top of Stack: (sp=0x00007fee086ebec0)
0x00007fee086ebec0:   00007fee086ec5c0 00007fee086ec1e0
0x00007fee086ebed0:   00007fee086ebf20 00007fee086ebfa0
0x00007fee086ebee0:   00007fee086ec070 00007fee086ec0d0
0x00007fee086ebef0:   00007fee783f89f8 00007fee7de8a4b0
0x00007fee086ebf00:   00007fee1c000c90 00007fee1c000ca0
0x00007fee086ebf10:   00007fee1c001078 00000000000003d8
0x00007fee086ebf20:   0000000000000000 00000000d9d80d08
0x00007fee086ebf30:   00007fee0000006f 00007fee0000000a
0x00007fee086ebf40:   00000000d812ca40 0000000000000000
0x00007fee086ebf50:   0000000000000000 0000000000000000
0x00007fee086ebf60:   00007fee47cf6c30 0000000100000100
0x00007fee086ebf70:   0000000000000000 00007fee086ebf28
0x00007fee086ebf80:   00007fee086ebf69 0000000800000005
0x00007fee086ebf90:   00007fee086ebf00 00007fee783f8f30
0x00007fee086ebfa0:   00007fee7e6fe7b0 00007fee7f24b7a0
0x00007fee086ebfb0:   00000000783f8eb0 00007fee783f8800
0x00007fee086ebfc0:   0000000000000000 00007fee7de6ad7b
0x00007fee086ebfd0:   00007fee47d00d78 00007fee783f8800
0x00007fee086ebfe0:   00007fee47d00d78 00007fee783f8800
0x00007fee086ebff0:   00007fee086ec180 00007fee47d00d78
0x00007fee086ec000:   00007fee47d00d78 00007fee47d00d78
0x00007fee086ec010:   00007fee1c000c90 00007fee086ec070
0x00007fee086ec020:   00007fee783f8800 00007fee086ec0b0
0x00007fee086ec030:   00007fee78364bd8 00007fee783f89f8
0x00007fee086ec040:   00007fee086ec130 00007fee7de6f14f
0x00007fee086ec050:   00007fee783f8800 00007fee4416e614
0x00007fee086ec060:   00007fee086ec148 0000000000000035
0x00007fee086ec070:   00007fee7e6ff430 00007fee7f24b7a0
0x00007fee086ec080:   0000000000000000 00007fee00000063
0x00007fee086ec090:   0000000000000000 0000003000000018
0x00007fee086ec0a0:   00007fee086ec220 00007fee086ec160
0x00007fee086ec0b0:   00007fee783f8800 0000000000000000 

Instructions: (pc=0x00007fee7de6a9a8)
0x00007fee7de6a988:   00 00 48 85 d2 48 89 bd b0 fe ff ff 48 89 b5 a8
0x00007fee7de6a998:   fe ff ff 4c 89 8d a0 fe ff ff 0f 84 78 09 00 00
0x00007fee7de6a9a8:   4c 8b 22 4d 85 e4 0f 84 6c 09 00 00 48 8b 45 10
0x00007fee7de6a9b8:   48 8b 98 38 01 00 00 48 83 7b 18 f7 0f 87 16 07 

Register to memory mapping:

RAX=0x00007fee086ec160 is pointing into the stack for thread: 0x00007fee783f8800
RBX=0x00007fee086ec070 is pointing into the stack for thread: 0x00007fee783f8800
RCX=0x0000000000000001 is an unknown value
RDX=0x0000000000000035 is an unknown value
RSP=0x00007fee086ebec0 is pointing into the stack for thread: 0x00007fee783f8800
RBP=0x00007fee086ec040 is pointing into the stack for thread: 0x00007fee783f8800
RSI=0x00007fee086ec0d0 is pointing into the stack for thread: 0x00007fee783f8800
RDI=0x00007fee783f89f8 is an unknown value
R8 =0x00007fee78364bd8 is an unknown value
R9 =0x00007fee086ec070 is pointing into the stack for thread: 0x00007fee783f8800
R10=0x00007fedfc000e00 is an unknown value
R11=0x00007fee693dbba0 is at entry_point+32 in (nmethod*)0x00007fee693dba10
R12=0x00007fee783f8800 is a thread
R13=0x00007fee78364bd8 is an unknown value
R14=0x0000000000000001 is an unknown value
R15=0x00007fee783f89f8 is an unknown value


Stack: [0x00007fee085ed000,0x00007fee086ee000],  sp=0x00007fee086ebec0,  free space=1019k
Native frames: (J=compiled Java code, j=interpreted, Vv=VM code, C=native code)
V  [libjvm.so+0x6d79a8]  jni_invoke_nonstatic(JNIEnv_*, JavaValue*, _jobject*, JNICallType, _jmethodID*, JNI_ArgumentPusher*, Thread*)+0x38
V  [libjvm.so+0x6dc14f]  jni_CallVoidMethodV+0x10f
C  [libglass.so+0x18641]  JNIEnv_::CallVoidMethod(_jobject*, _jmethodID*, ...)+0x81
C  [libglass.so+0x14f0f]  WindowContextBase::process_key(_GdkEventKey*)+0x20f
C  [libglass.so+0x19f60]  WindowContextBase::im_filter_keypress(_GdkEventKey*)+0x1c0
C  [libglass.so+0x1a91c]  process_events(_GdkEvent*, void*)+0x22c
C  [libgdk-x11-2.0.so.0+0x5b02c]

Java frames: (J=compiled Java code, j=interpreted, Vv=VM code)
j  com.sun.glass.ui.gtk.GtkApplication._runLoop(Ljava/lang/Runnable;Z)V+0
j  com.sun.glass.ui.gtk.GtkApplication.lambda$null$48(Ljava/lang/Runnable;Z)V+7
j  com.sun.glass.ui.gtk.GtkApplication$$Lambda$41.run()V+12
j  java.lang.Thread.run()V+11
v  ~StubRoutines::call_stub

---------------  P R O C E S S  ---------------

Java Threads: ( => current thread )
  0x00007fedfc294800 JavaThread "Prism Font Disposer" daemon [_thread_blocked, id=5135, stack(0x00007fedf83f0000,0x00007fedf84f1000)]
  0x00007fedf4011000 JavaThread "Thread-4" [_thread_in_native, id=5134, stack(0x00007fee080d3000,0x00007fee081d4000)]
  0x00007fedfc0ec800 JavaThread "Thread-3" [_thread_in_native, id=5133, stack(0x00007fee083eb000,0x00007fee084ec000)]
  0x00007fee78401800 JavaThread "JavaFX-Launcher" [_thread_blocked, id=5132, stack(0x00007fee084ec000,0x00007fee085ed000)]
=>0x00007fee783f8800 JavaThread "JavaFX Application Thread" [_thread_in_vm, id=5131, stack(0x00007fee085ed000,0x00007fee086ee000)]
  0x00007fee783f5800 JavaThread "Thread-1" daemon [_thread_blocked, id=5130, stack(0x00007fee086ee000,0x00007fee087ef000)]
  0x00007fee78346000 JavaThread "QuantumRenderer-0" daemon [_thread_blocked, id=5129, stack(0x00007fee4459c000,0x00007fee4469d000)]
  0x00007fee7821b000 JavaThread "Service Thread" daemon [_thread_blocked, id=5127, stack(0x00007fee44833000,0x00007fee44934000)]
  0x00007fee78210000 JavaThread "C1 CompilerThread3" daemon [_thread_blocked, id=5126, stack(0x00007fee44935000,0x00007fee44a35000)]
  0x00007fee7820e000 JavaThread "C2 CompilerThread2" daemon [_thread_in_native, id=5125, stack(0x00007fee44a36000,0x00007fee44b36000)]
  0x00007fee7820c000 JavaThread "C2 CompilerThread1" daemon [_thread_in_native, id=5124, stack(0x00007fee44b37000,0x00007fee44c37000)]
  0x00007fee78209000 JavaThread "C2 CompilerThread0" daemon [_thread_blocked, id=5123, stack(0x00007fee44c38000,0x00007fee44d38000)]
  0x00007fee78207800 JavaThread "Signal Dispatcher" daemon [_thread_blocked, id=5122, stack(0x00007fee44d38000,0x00007fee44e39000)]
  0x00007fee781d5000 JavaThread "Finalizer" daemon [_thread_blocked, id=5121, stack(0x00007fee45808000,0x00007fee45909000)]
  0x00007fee781d0800 JavaThread "Reference Handler" daemon [_thread_blocked, id=5120, stack(0x00007fee45909000,0x00007fee45a0a000)]
  0x00007fee7800b800 JavaThread "main" [_thread_blocked, id=5108, stack(0x00007fee7f2c7000,0x00007fee7f3c7000)]

Other Threads:
  0x00007fee781c8800 VMThread [stack: 0x00007fee45a0b000,0x00007fee45b0b000] [id=5119]
  0x00007fee78220000 WatcherThread [stack: 0x00007fee44733000,0x00007fee44833000] [id=5128]

VM state:not at safepoint (normal execution)

VM Mutex/Monitor currently owned by a thread: None

Heap:
 PSYoungGen      total 36352K, used 15755K [0x00000000d7f00000, 0x00000000da780000, 0x0000000100000000)
  eden space 31232K, 34% used [0x00000000d7f00000,0x00000000d8985d90,0x00000000d9d80000)
  from space 5120K, 97% used [0x00000000d9d80000,0x00000000da25ceb0,0x00000000da280000)
  to   space 5120K, 0% used [0x00000000da280000,0x00000000da280000,0x00000000da780000)
 ParOldGen       total 83456K, used 16K [0x0000000087c00000, 0x000000008cd80000, 0x00000000d7f00000)
  object space 83456K, 0% used [0x0000000087c00000,0x0000000087c04000,0x000000008cd80000)
 Metaspace       used 15959K, capacity 16838K, committed 17024K, reserved 1062912K
  class space    used 2354K, capacity 2566K, committed 2688K, reserved 1048576K

Card table byte_map: [0x00007fee6887d000,0x00007fee68c40000] byte_map_base: 0x00007fee6843f000

Marking Bits: (ParMarkBitMap*) 0x00007fee7e763280
 Begin Bits: [0x00007fee603e0000, 0x00007fee621f0000)
 End Bits:   [0x00007fee621f0000, 0x00007fee64000000)

Polling page: 0x00007fee7f3de000

CodeCache: size=245760Kb used=5037Kb max_used=5039Kb free=240722Kb
 bounds [0x00007fee69000000, 0x00007fee694f0000, 0x00007fee78000000]
 total_blobs=2253 nmethods=1623 adapters=543
 compilation: enabled

Compilation events (10 events):
Event: 4.772 Thread 0x00007fee78210000 1619       3       javafx.scene.layout.Region::getPrefHeight (22 bytes)
Event: 4.772 Thread 0x00007fee78209000 nmethod 1622 0x00007fee694ede50 code [0x00007fee694edfa0, 0x00007fee694ee018]
Event: 4.772 Thread 0x00007fee78210000 nmethod 1619 0x00007fee694ebd90 code [0x00007fee694ebf20, 0x00007fee694ec2e8]
Event: 4.772 Thread 0x00007fee78210000 1620       3       javafx.scene.Parent::prefHeight (89 bytes)
Event: 4.773 Thread 0x00007fee78210000 nmethod 1620 0x00007fee694eb3d0 code [0x00007fee694eb5a0, 0x00007fee694ebc78]
Event: 4.773 Thread 0x00007fee78210000 1623       3       javafx.scene.layout.Region::snapPosition (14 bytes)
Event: 4.773 Thread 0x00007fee78210000 nmethod 1623 0x00007fee694eb010 code [0x00007fee694eb180, 0x00007fee694eb348]
Event: 4.773 Thread 0x00007fee78210000 1624       3       com.sun.javafx.iio.common.RoughScaler::putSourceScanline (261 bytes)
Event: 4.774 Thread 0x00007fee78210000 nmethod 1624 0x00007fee694ecbd0 code [0x00007fee694ece20, 0x00007fee694ed858]
Event: 4.775 Thread 0x00007fee7820e000 1625 %     4       com.sun.javafx.iio.common.RoughScaler::putSourceScanline @ 93 (261 bytes)

GC Heap History (2 events):
Event: 0.764 GC heap before
{Heap before GC invocations=1 (full 0):
 PSYoungGen      total 36352K, used 31232K [0x00000000d7f00000, 0x00000000da780000, 0x0000000100000000)
  eden space 31232K, 100% used [0x00000000d7f00000,0x00000000d9d80000,0x00000000d9d80000)
  from space 5120K, 0% used [0x00000000da280000,0x00000000da280000,0x00000000da780000)
  to   space 5120K, 0% used [0x00000000d9d80000,0x00000000d9d80000,0x00000000da280000)
 ParOldGen       total 83456K, used 0K [0x0000000087c00000, 0x000000008cd80000, 0x00000000d7f00000)
  object space 83456K, 0% used [0x0000000087c00000,0x0000000087c00000,0x000000008cd80000)
 Metaspace       used 14670K, capacity 15360K, committed 15488K, reserved 1062912K
  class space    used 2188K, capacity 2355K, committed 2432K, reserved 1048576K
Event: 0.768 GC heap after
Heap after GC invocations=1 (full 0):
 PSYoungGen      total 36352K, used 4979K [0x00000000d7f00000, 0x00000000da780000, 0x0000000100000000)
  eden space 31232K, 0% used [0x00000000d7f00000,0x00000000d7f00000,0x00000000d9d80000)
  from space 5120K, 97% used [0x00000000d9d80000,0x00000000da25ceb0,0x00000000da280000)
  to   space 5120K, 0% used [0x00000000da280000,0x00000000da280000,0x00000000da780000)
 ParOldGen       total 83456K, used 16K [0x0000000087c00000, 0x000000008cd80000, 0x00000000d7f00000)
  object space 83456K, 0% used [0x0000000087c00000,0x0000000087c04000,0x000000008cd80000)
 Metaspace       used 14670K, capacity 15360K, committed 15488K, reserved 1062912K
  class space    used 2188K, capacity 2355K, committed 2432K, reserved 1048576K
}

Deoptimization events (10 events):
Event: 0.561 Thread 0x00007fee783f8800 Uncommon trap: reason=class_check action=maybe_recompile pc=0x00007fee6911b5e0 method=java.lang.String.equals(Ljava/lang/Object;)Z @ 8
Event: 0.561 Thread 0x00007fee783f8800 Uncommon trap: reason=class_check action=maybe_recompile pc=0x00007fee6911b5e0 method=java.lang.String.equals(Ljava/lang/Object;)Z @ 8
Event: 0.561 Thread 0x00007fee783f8800 Uncommon trap: reason=class_check action=maybe_recompile pc=0x00007fee6911b5e0 method=java.lang.String.equals(Ljava/lang/Object;)Z @ 8
Event: 0.562 Thread 0x00007fee783f8800 Uncommon trap: reason=class_check action=maybe_recompile pc=0x00007fee6911b5e0 method=java.lang.String.equals(Ljava/lang/Object;)Z @ 8
Event: 0.659 Thread 0x00007fee783f8800 Uncommon trap: reason=unstable_if action=reinterpret pc=0x00007fee692b9648 method=sun.net.www.ParseUtil.encodePath(Ljava/lang/String;Z)Ljava/lang/String; @ 109
Event: 0.716 Thread 0x00007fee783f8800 Uncommon trap: reason=unstable_if action=reinterpret pc=0x00007fee692d8d24 method=jdk.internal.org.objectweb.asm.Type.getArgumentsAndReturnSizes(Ljava/lang/String;)I @ 47
Event: 2.791 Thread 0x00007fee783f8800 Uncommon trap: reason=unstable_if action=reinterpret pc=0x00007fee69250fe0 method=java.lang.CharacterData.of(I)Ljava/lang/CharacterData; @ 4
Event: 4.192 Thread 0x00007fee783f8800 Uncommon trap: reason=unstable_if action=reinterpret pc=0x00007fee691cddcc method=java.lang.String.indexOf([CII[CIII)I @ 3
Event: 4.672 Thread 0x00007fee783f8800 Uncommon trap: reason=unstable_if action=reinterpret pc=0x00007fee6948d894 method=tarkov.trader.client.LoginPrompt.awaitingAuthentication()Z @ 3
Event: 4.718 Thread 0x00007fee783f8800 Uncommon trap: reason=unstable_if action=reinterpret pc=0x00007fee693ef638 method=java.lang.StrictMath.floorOrCeil(DDDD)D @ 38

Classes redefined (0 events):
No events

Internal exceptions (10 events):
Event: 0.139 Thread 0x00007fee7800b800 Exception <a 'java/security/PrivilegedActionException'> (0x00000000d81c2590) thrown at [/HUDSON/workspace/8-2-build-linux-amd64/jdk8u171/10807/hotspot/src/share/vm/prims/jvm.cpp, line 1435]
Event: 0.139 Thread 0x00007fee7800b800 Exception <a 'java/security/PrivilegedActionException'> (0x00000000d81c27a0) thrown at [/HUDSON/workspace/8-2-build-linux-amd64/jdk8u171/10807/hotspot/src/share/vm/prims/jvm.cpp, line 1435]
Event: 0.139 Thread 0x00007fee7800b800 Exception <a 'java/security/PrivilegedActionException'> (0x00000000d81c4c08) thrown at [/HUDSON/workspace/8-2-build-linux-amd64/jdk8u171/10807/hotspot/src/share/vm/prims/jvm.cpp, line 1435]
Event: 0.139 Thread 0x00007fee7800b800 Exception <a 'java/security/PrivilegedActionException'> (0x00000000d81c4e18) thrown at [/HUDSON/workspace/8-2-build-linux-amd64/jdk8u171/10807/hotspot/src/share/vm/prims/jvm.cpp, line 1435]
Event: 0.139 Thread 0x00007fee7800b800 Exception <a 'java/lang/NullPointerException'> (0x00000000d81c53f0) thrown at [/HUDSON/workspace/8-2-build-linux-amd64/jdk8u171/10807/hotspot/src/share/vm/interpreter/linkResolver.cpp, line 1185]
Event: 0.363 Thread 0x00007fee783f8800 Exception <a 'java/lang/NullPointerException'> (0x00000000d8ca7cf8) thrown at [/HUDSON/workspace/8-2-build-linux-amd64/jdk8u171/10807/hotspot/src/share/vm/interpreter/linkResolver.cpp, line 1185]
Event: 0.363 Thread 0x00007fee783f8800 Exception <a 'java/lang/NullPointerException'> (0x00000000d8ca7cf8) thrown at [/HUDSON/workspace/8-2-build-linux-amd64/jdk8u171/10807/hotspot/src/share/vm/prims/jvm.cpp, line 1439]
Event: 0.476 Thread 0x00007fee783f8800 Implicit null exception at 0x00007fee6928bef5 to 0x00007fee6928c0d9
Event: 4.218 Thread 0x00007fee783f8800 Exception <a 'java/lang/NoSuchMethodError': <clinit>> (0x00000000d816fe20) thrown at [/HUDSON/workspace/8-2-build-linux-amd64/jdk8u171/10807/hotspot/src/share/vm/prims/jni.cpp, line 1613]
Event: 4.222 Thread 0x00007fee783f8800 Exception <a 'java/lang/NoSuchMethodError': <clinit>> (0x00000000d8174be8) thrown at [/HUDSON/workspace/8-2-build-linux-amd64/jdk8u171/10807/hotspot/src/share/vm/prims/jni.cpp, line 1613]

Events (10 events):
Event: 4.754 loading class javafx/scene/control/MenuButton
Event: 4.754 loading class javafx/scene/control/MenuButton done
Event: 4.757 loading class javafx/collections/FXCollections$UnmodifiableObservableSet$1
Event: 4.757 loading class javafx/collections/FXCollections$UnmodifiableObservableSet$1 done
Event: 4.760 loading class javafx/scene/layout/BorderStrokeStyle
Event: 4.760 loading class javafx/scene/layout/BorderStrokeStyle done
Event: 4.760 loading class com/sun/javafx/scene/layout/region/Margins
Event: 4.760 loading class com/sun/javafx/scene/layout/region/Margins done
Event: 4.760 loading class javafx/scene/layout/BorderStroke
Event: 4.760 loading class javafx/scene/layout/BorderStroke done


Dynamic libraries:
00400000-00401000 r-xp 00000000 103:02 9307016                           /usr/lib/jvm/java-8-oracle/jre/bin/java
00600000-00601000 rw-p 00000000 103:02 9307016                           /usr/lib/jvm/java-8-oracle/jre/bin/java
00e2f000-00e50000 rw-p 00000000 00:00 0                                  [heap]
87c00000-8cd80000 rw-p 00000000 00:00 0 
8cd80000-d7f00000 ---p 00000000 00:00 0 
d7f00000-da780000 rw-p 00000000 00:00 0 
da780000-100000000 ---p 00000000 00:00 0 
100000000-1002a0000 rw-p 00000000 00:00 0 
1002a0000-140000000 ---p 00000000 00:00 0 
7fede8000000-7fede8021000 rw-p 00000000 00:00 0 
7fede8021000-7fedec000000 ---p 00000000 00:00 0 
7fedefa4a000-7fedefa80000 r-xp 00000000 103:02 9441129                   /usr/lib/jvm/java-8-oracle/jre/lib/amd64/libjavafx_iio.so
7fedefa80000-7fedefc7f000 ---p 00036000 103:02 9441129                   /usr/lib/jvm/java-8-oracle/jre/lib/amd64/libjavafx_iio.so
7fedefc7f000-7fedefc80000 rw-p 00035000 103:02 9441129                   /usr/lib/jvm/java-8-oracle/jre/lib/amd64/libjavafx_iio.so
7fedefc80000-7fedefe40000 rw-s 105b44000 00:06 331                       /dev/dri/card0
7fedefe40000-7fedf0000000 rw-s 00000000 00:19 1912                       /i915 (deleted)
7fedf0000000-7fedf0021000 rw-p 00000000 00:00 0 
7fedf0021000-7fedf4000000 ---p 00000000 00:00 0 
7fedf4000000-7fedf4021000 rw-p 00000000 00:00 0 
7fedf4021000-7fedf8000000 ---p 00000000 00:00 0 
7fedf8094000-7fedf80a4000 rw-s 00000000 00:19 1938                       /i915 (deleted)
7fedf80a4000-7fedf80b4000 rw-s 00000000 00:19 1917                       /i915 (deleted)
7fedf80b4000-7fedf80c4000 rw-s 00000000 00:19 1911                       /i915 (deleted)
7fedf80c4000-7fedf8124000 rw-s 00000000 00:05 201818122                  /SYSV00000000 (deleted)
7fedf8124000-7fedf8324000 rw-p 00000000 00:00 0 
7fedf8324000-7fedf8337000 r--s 00345000 103:02 9307102                   /usr/lib/jvm/java-8-oracle/jre/lib/resources.jar
7fedf8337000-7fedf83f0000 r--p 00000000 103:02 10224348                  /usr/share/fonts/truetype/dejavu/DejaVuSans.ttf
7fedf83f0000-7fedf83f3000 ---p 00000000 00:00 0 
7fedf83f3000-7fedf84f1000 rw-p 00000000 00:00 0 
7fedf84f1000-7fedf859e000 r--p 00000000 103:02 10224347                  /usr/share/fonts/truetype/dejavu/DejaVuSans-Bold.ttf
7fedf859e000-7fedf85f3000 r--p 00000000 103:02 9307053                   /usr/lib/jvm/java-8-oracle/jre/lib/fonts/LucidaBrightRegular.ttf
7fedf85f3000-7fedf85f7000 r-xp 00000000 103:02 9441082                   /usr/lib/jvm/java-8-oracle/jre/lib/amd64/libjavafx_font_pango.so
7fedf85f7000-7fedf87f6000 ---p 00004000 103:02 9441082                   /usr/lib/jvm/java-8-oracle/jre/lib/amd64/libjavafx_font_pango.so
7fedf87f6000-7fedf87f7000 rw-p 00003000 103:02 9441082                   /usr/lib/jvm/java-8-oracle/jre/lib/amd64/libjavafx_font_pango.so
7fedf87f7000-7fedf89f7000 rw-p 00000000 00:00 0 
7fedf89f7000-7fedf89fc000 r-xp 00000000 103:02 9441085                   /usr/lib/jvm/java-8-oracle/jre/lib/amd64/libjavafx_font_freetype.so
7fedf89fc000-7fedf8bfb000 ---p 00005000 103:02 9441085                   /usr/lib/jvm/java-8-oracle/jre/lib/amd64/libjavafx_font_freetype.so
7fedf8bfb000-7fedf8bfc000 rw-p 00004000 103:02 9441085                   /usr/lib/jvm/java-8-oracle/jre/lib/amd64/libjavafx_font_freetype.so
7fedf8bfc000-7fedf8dfc000 rw-p 00000000 00:00 0 
7fedf8dfc000-7fedf8dff000 r-xp 00000000 103:02 9441133                   /usr/lib/jvm/java-8-oracle/jre/lib/amd64/libjavafx_font.so
7fedf8dff000-7fedf8ffe000 ---p 00003000 103:02 9441133                   /usr/lib/jvm/java-8-oracle/jre/lib/amd64/libjavafx_font.so
7fedf8ffe000-7fedf8fff000 rw-p 00002000 103:02 9441133                   /usr/lib/jvm/java-8-oracle/jre/lib/amd64/libjavafx_font.so
7fedf8fff000-7fedfc000000 rw-p 00000000 00:00 0 
7fedfc000000-7fedfc637000 rw-p 00000000 00:00 0 
7fedfc637000-7fee00000000 ---p 00000000 00:00 0 
7fee00000000-7fee00021000 rw-p 00000000 00:00 0 
7fee00021000-7fee04000000 ---p 00000000 00:00 0 
7fee04000000-7fee04021000 rw-p 00000000 00:00 0 
7fee04021000-7fee08000000 ---p 00000000 00:00 0 
7fee08003000-7fee0800f000 rw-s 00000000 00:19 1870                       /i915 (deleted)
7fee0800f000-7fee0805d000 r--p 00000000 103:02 9307054                   /usr/lib/jvm/java-8-oracle/jre/lib/fonts/LucidaSansDemiBold.ttf
7fee0805d000-7fee08097000 r--p 00000000 103:02 9307058                   /usr/lib/jvm/java-8-oracle/jre/lib/fonts/LucidaTypewriterBold.ttf
7fee08097000-7fee080d3000 r--p 00000000 103:02 9307057                   /usr/lib/jvm/java-8-oracle/jre/lib/fonts/LucidaTypewriterRegular.ttf
7fee080d3000-7fee080d6000 ---p 00000000 00:00 0 
7fee080d6000-7fee081d4000 rw-p 00000000 00:00 0 
7fee081d4000-7fee081ea000 r-xp 00000000 103:02 9441132                   /usr/lib/jvm/java-8-oracle/jre/lib/amd64/libnet.so
7fee081ea000-7fee083ea000 ---p 00016000 103:02 9441132                   /usr/lib/jvm/java-8-oracle/jre/lib/amd64/libnet.so
7fee083ea000-7fee083eb000 rw-p 00016000 103:02 9441132                   /usr/lib/jvm/java-8-oracle/jre/lib/amd64/libnet.so
7fee083eb000-7fee083ee000 ---p 00000000 00:00 0 
7fee083ee000-7fee084ec000 rw-p 00000000 00:00 0 
7fee084ec000-7fee084ef000 ---p 00000000 00:00 0 
7fee084ef000-7fee085ed000 rw-p 00000000 00:00 0 
7fee085ed000-7fee085f0000 ---p 00000000 00:00 0 
7fee085f0000-7fee086ee000 rw-p 00000000 00:00 0 
7fee086ee000-7fee086f1000 ---p 00000000 00:00 0 
7fee086f1000-7fee087ef000 rw-p 00000000 00:00 0 
7fee087ef000-7fee087f6000 r-xp 00000000 103:02 9183700                   /usr/lib/x86_64-linux-gnu/libogg.so.0.8.2
7fee087f6000-7fee089f6000 ---p 00007000 103:02 9183700                   /usr/lib/x86_64-linux-gnu/libogg.so.0.8.2
7fee089f6000-7fee089f7000 r--p 00007000 103:02 9183700                   /usr/lib/x86_64-linux-gnu/libogg.so.0.8.2
7fee089f7000-7fee089f8000 rw-p 00008000 103:02 9183700                   /usr/lib/x86_64-linux-gnu/libogg.so.0.8.2
7fee089f8000-7fee08a22000 r-xp 00000000 103:02 9184008                   /usr/lib/x86_64-linux-gnu/libvorbis.so.0.4.8
7fee08a22000-7fee08c21000 ---p 0002a000 103:02 9184008                   /usr/lib/x86_64-linux-gnu/libvorbis.so.0.4.8
7fee08c21000-7fee08c22000 r--p 00029000 103:02 9184008                   /usr/lib/x86_64-linux-gnu/libvorbis.so.0.4.8
7fee08c22000-7fee08c23000 rw-p 0002a000 103:02 9184008                   /usr/lib/x86_64-linux-gnu/libvorbis.so.0.4.8
7fee08c23000-7fee08c2c000 r-xp 00000000 103:02 9183599                   /usr/lib/x86_64-linux-gnu/libltdl.so.7.3.1
7fee08c2c000-7fee08e2b000 ---p 00009000 103:02 9183599                   /usr/lib/x86_64-linux-gnu/libltdl.so.7.3.1
7fee08e2b000-7fee08e2c000 r--p 00008000 103:02 9183599                   /usr/lib/x86_64-linux-gnu/libltdl.so.7.3.1
7fee08e2c000-7fee08e2d000 rw-p 00009000 103:02 9183599                   /usr/lib/x86_64-linux-gnu/libltdl.so.7.3.1
7fee08e2d000-7fee08e42000 r-xp 00000000 103:02 9183933                   /usr/lib/x86_64-linux-gnu/libtdb.so.1.3.15
7fee08e42000-7fee09041000 ---p 00015000 103:02 9183933                   /usr/lib/x86_64-linux-gnu/libtdb.so.1.3.15
7fee09041000-7fee09042000 r--p 00014000 103:02 9183933                   /usr/lib/x86_64-linux-gnu/libtdb.so.1.3.15
7fee09042000-7fee09043000 rw-p 00015000 103:02 9183933                   /usr/lib/x86_64-linux-gnu/libtdb.so.1.3.15
7fee09043000-7fee0904a000 r-xp 00000000 103:02 9184012                   /usr/lib/x86_64-linux-gnu/libvorbisfile.so.3.3.7
7fee0904a000-7fee09249000 ---p 00007000 103:02 9184012                   /usr/lib/x86_64-linux-gnu/libvorbisfile.so.3.3.7
7fee09249000-7fee0924a000 r--p 00006000 103:02 9184012                   /usr/lib/x86_64-linux-gnu/libvorbisfile.so.3.3.7
7fee0924a000-7fee0924b000 rw-p 00007000 103:02 9184012                   /usr/lib/x86_64-linux-gnu/libvorbisfile.so.3.3.7
7fee0924b000-7fee0925b000 r-xp 00000000 103:02 9183056                   /usr/lib/x86_64-linux-gnu/libcanberra.so.0.2.5
7fee0925b000-7fee0945b000 ---p 00010000 103:02 9183056                   /usr/lib/x86_64-linux-gnu/libcanberra.so.0.2.5
7fee0945b000-7fee0945c000 r--p 00010000 103:02 9183056                   /usr/lib/x86_64-linux-gnu/libcanberra.so.0.2.5
7fee0945c000-7fee0945d000 rw-p 00011000 103:02 9183056                   /usr/lib/x86_64-linux-gnu/libcanberra.so.0.2.5
7fee0945d000-7fee09461000 r-xp 00000000 103:02 9186592                   /usr/lib/x86_64-linux-gnu/libcanberra-gtk.so.0.1.9
7fee09461000-7fee09660000 ---p 00004000 103:02 9186592                   /usr/lib/x86_64-linux-gnu/libcanberra-gtk.so.0.1.9
7fee09660000-7fee09661000 r--p 00003000 103:02 9186592                   /usr/lib/x86_64-linux-gnu/libcanberra-gtk.so.0.1.9
7fee09661000-7fee09662000 rw-p 00004000 103:02 9186592                   /usr/lib/x86_64-linux-gnu/libcanberra-gtk.so.0.1.9
7fee09662000-7fee09667000 r-xp 00000000 103:02 9441781                   /usr/lib/x86_64-linux-gnu/gtk-2.0/modules/libcanberra-gtk-module.so
7fee09667000-7fee09867000 ---p 00005000 103:02 9441781                   /usr/lib/x86_64-linux-gnu/gtk-2.0/modules/libcanberra-gtk-module.so
7fee09867000-7fee09868000 r--p 00005000 103:02 9441781                   /usr/lib/x86_64-linux-gnu/gtk-2.0/modules/libcanberra-gtk-module.so
7fee09868000-7fee09869000 rw-p 00006000 103:02 9441781                   /usr/lib/x86_64-linux-gnu/gtk-2.0/modules/libcanberra-gtk-module.so
7fee09869000-7fee098a3000 r-xp 00000000 103:02 9440673                   /usr/lib/x86_64-linux-gnu/gtk-2.0/2.10.0/engines/libmurrine.so
7fee098a3000-7fee09aa3000 ---p 0003a000 103:02 9440673                   /usr/lib/x86_64-linux-gnu/gtk-2.0/2.10.0/engines/libmurrine.so
7fee09aa3000-7fee09aa4000 r--p 0003a000 103:02 9440673                   /usr/lib/x86_64-linux-gnu/gtk-2.0/2.10.0/engines/libmurrine.so
7fee09aa4000-7fee09aa5000 rw-p 0003b000 103:02 9440673                   /usr/lib/x86_64-linux-gnu/gtk-2.0/2.10.0/engines/libmurrine.so
7fee09aa5000-7fee09ace000 r-xp 00000000 103:02 9441107                   /usr/lib/jvm/java-8-oracle/jre/lib/amd64/libglass.so
7fee09ace000-7fee09ccd000 ---p 00029000 103:02 9441107                   /usr/lib/jvm/java-8-oracle/jre/lib/amd64/libglass.so
7fee09ccd000-7fee09cd0000 rw-p 00028000 103:02 9441107                   /usr/lib/jvm/java-8-oracle/jre/lib/amd64/libglass.so
7fee09cd0000-7fee09cd8000 r-xp 00000000 103:02 9183739                   /usr/lib/x86_64-linux-gnu/libpciaccess.so.0.11.1
7fee09cd8000-7fee09ed7000 ---p 00008000 103:02 9183739                   /usr/lib/x86_64-linux-gnu/libpciaccess.so.0.11.1
7fee09ed7000-7fee09ed8000 r--p 00007000 103:02 9183739                   /usr/lib/x86_64-linux-gnu/libpciaccess.so.0.11.1
7fee09ed8000-7fee09ed9000 rw-p 00008000 103:02 9183739                   /usr/lib/x86_64-linux-gnu/libpciaccess.so.0.11.1
7fee09ed9000-7fee09ee4000 r-xp 00000000 103:02 9183173                   /usr/lib/x86_64-linux-gnu/libdrm_radeon.so.1.0.1
7fee09ee4000-7fee0a0e3000 ---p 0000b000 103:02 9183173                   /usr/lib/x86_64-linux-gnu/libdrm_radeon.so.1.0.1
7fee0a0e3000-7fee0a0e4000 r--p 0000a000 103:02 9183173                   /usr/lib/x86_64-linux-gnu/libdrm_radeon.so.1.0.1
7fee0a0e4000-7fee0a0e5000 rw-p 0000b000 103:02 9183173                   /usr/lib/x86_64-linux-gnu/libdrm_radeon.so.1.0.1
7fee0a0e5000-7fee0a0ec000 r-xp 00000000 103:02 9183171                   /usr/lib/x86_64-linux-gnu/libdrm_nouveau.so.2.0.0
7fee0a0ec000-7fee0a2eb000 ---p 00007000 103:02 9183171                   /usr/lib/x86_64-linux-gnu/libdrm_nouveau.so.2.0.0
7fee0a2eb000-7fee0a2ec000 r--p 00006000 103:02 9183171                   /usr/lib/x86_64-linux-gnu/libdrm_nouveau.so.2.0.0
7fee0a2ec000-7fee0a2ed000 rw-p 00007000 103:02 9183171                   /usr/lib/x86_64-linux-gnu/libdrm_nouveau.so.2.0.0
7fee0a2ed000-7fee0a30f000 r-xp 00000000 103:02 9183169                   /usr/lib/x86_64-linux-gnu/libdrm_intel.so.1.0.0
7fee0a30f000-7fee0a50e000 ---p 00022000 103:02 9183169                   /usr/lib/x86_64-linux-gnu/libdrm_intel.so.1.0.0
7fee0a50e000-7fee0a50f000 r--p 00021000 103:02 9183169                   /usr/lib/x86_64-linux-gnu/libdrm_intel.so.1.0.0
7fee0a50f000-7fee0a510000 rw-p 00022000 103:02 9183169                   /usr/lib/x86_64-linux-gnu/libdrm_intel.so.1.0.0
7fee0a510000-7fee0ad8e000 r-xp 00000000 103:02 9439576                   /usr/lib/x86_64-linux-gnu/dri/i965_dri.so
7fee0ad8e000-7fee0af8d000 ---p 0087e000 103:02 9439576                   /usr/lib/x86_64-linux-gnu/dri/i965_dri.so
7fee0af8d000-7fee0afdd000 r--p 0087d000 103:02 9439576                   /usr/lib/x86_64-linux-gnu/dri/i965_dri.so
7fee0afdd000-7fee0afe8000 rw-p 008cd000 103:02 9439576                   /usr/lib/x86_64-linux-gnu/dri/i965_dri.so
7fee0afe8000-7fee0b08d000 rw-p 00000000 00:00 0 
7fee0b08d000-7fee0b09d000 r-xp 00000000 103:02 9183165                   /usr/lib/x86_64-linux-gnu/libdrm.so.2.4.0
7fee0b09d000-7fee0b29c000 ---p 00010000 103:02 9183165                   /usr/lib/x86_64-linux-gnu/libdrm.so.2.4.0
7fee0b29c000-7fee0b29d000 r--p 0000f000 103:02 9183165                   /usr/lib/x86_64-linux-gnu/libdrm.so.2.4.0
7fee0b29d000-7fee0b29e000 rw-p 00010000 103:02 9183165                   /usr/lib/x86_64-linux-gnu/libdrm.so.2.4.0
7fee0b29e000-7fee0b2a2000 r-xp 00000000 103:02 9184067                   /usr/lib/x86_64-linux-gnu/libxcb-dri2.so.0.0.0
7fee0b2a2000-7fee0b4a1000 ---p 00004000 103:02 9184067                   /usr/lib/x86_64-linux-gnu/libxcb-dri2.so.0.0.0
7fee0b4a1000-7fee0b4a2000 r--p 00003000 103:02 9184067                   /usr/lib/x86_64-linux-gnu/libxcb-dri2.so.0.0.0
7fee0b4a2000-7fee0b4a3000 rw-p 00004000 103:02 9184067                   /usr/lib/x86_64-linux-gnu/libxcb-dri2.so.0.0.0
7fee0b4a3000-7fee0b4bb000 r-xp 00000000 103:02 9184071                   /usr/lib/x86_64-linux-gnu/libxcb-glx.so.0.0.0
7fee0b4bb000-7fee0b6bb000 ---p 00018000 103:02 9184071                   /usr/lib/x86_64-linux-gnu/libxcb-glx.so.0.0.0
7fee0b6bb000-7fee0b6bd000 r--p 00018000 103:02 9184071                   /usr/lib/x86_64-linux-gnu/libxcb-glx.so.0.0.0
7fee0b6bd000-7fee0b6be000 rw-p 0001a000 103:02 9184071                   /usr/lib/x86_64-linux-gnu/libxcb-glx.so.0.0.0
7fee0b6be000-7fee0b6bf000 r-xp 00000000 103:02 9182893                   /usr/lib/x86_64-linux-gnu/libX11-xcb.so.1.0.0
7fee0b6bf000-7fee0b8be000 ---p 00001000 103:02 9182893                   /usr/lib/x86_64-linux-gnu/libX11-xcb.so.1.0.0
7fee0b8be000-7fee0b8bf000 r--p 00000000 103:02 9182893                   /usr/lib/x86_64-linux-gnu/libX11-xcb.so.1.0.0
7fee0b8bf000-7fee0b8c0000 rw-p 00001000 103:02 9182893                   /usr/lib/x86_64-linux-gnu/libX11-xcb.so.1.0.0
7fee0b8c0000-7fee0b8ec000 r-xp 00000000 103:02 9183333                   /usr/lib/x86_64-linux-gnu/libglapi.so.0.0.0
7fee0b8ec000-7fee0baeb000 ---p 0002c000 103:02 9183333                   /usr/lib/x86_64-linux-gnu/libglapi.so.0.0.0
7fee0baeb000-7fee0baef000 r--p 0002b000 103:02 9183333                   /usr/lib/x86_64-linux-gnu/libglapi.so.0.0.0
7fee0baef000-7fee0baf0000 rw-p 0002f000 103:02 9183333                   /usr/lib/x86_64-linux-gnu/libglapi.so.0.0.0
7fee0baf0000-7fee0baf1000 rw-p 00000000 00:00 0 
7fee0baf1000-7fee0baf2000 r-xp 00000000 103:02 9184119                   /usr/lib/x86_64-linux-gnu/libxshmfence.so.1.0.0
7fee0baf2000-7fee0bcf1000 ---p 00001000 103:02 9184119                   /usr/lib/x86_64-linux-gnu/libxshmfence.so.1.0.0
7fee0bcf1000-7fee0bcf2000 r--p 00000000 103:02 9184119                   /usr/lib/x86_64-linux-gnu/libxshmfence.so.1.0.0
7fee0bcf2000-7fee0bcf3000 rw-p 00001000 103:02 9184119                   /usr/lib/x86_64-linux-gnu/libxshmfence.so.1.0.0
7fee0bcf3000-7fee0bcf8000 r-xp 00000000 103:02 9184093                   /usr/lib/x86_64-linux-gnu/libxcb-sync.so.1.0.0
7fee0bcf8000-7fee0bef8000 ---p 00005000 103:02 9184093                   /usr/lib/x86_64-linux-gnu/libxcb-sync.so.1.0.0
7fee0bef8000-7fee0bef9000 r--p 00005000 103:02 9184093                   /usr/lib/x86_64-linux-gnu/libxcb-sync.so.1.0.0
7fee0bef9000-7fee0befa000 rw-p 00006000 103:02 9184093                   /usr/lib/x86_64-linux-gnu/libxcb-sync.so.1.0.0
7fee0befa000-7fee0befc000 r-xp 00000000 103:02 9184079                   /usr/lib/x86_64-linux-gnu/libxcb-present.so.0.0.0
7fee0befc000-7fee0c0fb000 ---p 00002000 103:02 9184079                   /usr/lib/x86_64-linux-gnu/libxcb-present.so.0.0.0
7fee0c0fb000-7fee0c0fc000 r--p 00001000 103:02 9184079                   /usr/lib/x86_64-linux-gnu/libxcb-present.so.0.0.0
7fee0c0fc000-7fee0c0fd000 rw-p 00002000 103:02 9184079                   /usr/lib/x86_64-linux-gnu/libxcb-present.so.0.0.0
7fee0c0fd000-7fee0c100000 r-xp 00000000 103:02 9184069                   /usr/lib/x86_64-linux-gnu/libxcb-dri3.so.0.0.0
7fee0c100000-7fee0c2ff000 ---p 00003000 103:02 9184069                   /usr/lib/x86_64-linux-gnu/libxcb-dri3.so.0.0.0
7fee0c2ff000-7fee0c300000 r--p 00002000 103:02 9184069                   /usr/lib/x86_64-linux-gnu/libxcb-dri3.so.0.0.0
7fee0c300000-7fee0c301000 rw-p 00003000 103:02 9184069                   /usr/lib/x86_64-linux-gnu/libxcb-dri3.so.0.0.0
7fee0c301000-7fee0c371000 r-xp 00000000 103:02 9182859                   /usr/lib/x86_64-linux-gnu/libGLX_mesa.so.0.0.0
7fee0c371000-7fee0c570000 ---p 00070000 103:02 9182859                   /usr/lib/x86_64-linux-gnu/libGLX_mesa.so.0.0.0
7fee0c570000-7fee0c573000 r--p 0006f000 103:02 9182859                   /usr/lib/x86_64-linux-gnu/libGLX_mesa.so.0.0.0
7fee0c573000-7fee0c574000 rw-p 00072000 103:02 9182859                   /usr/lib/x86_64-linux-gnu/libGLX_mesa.so.0.0.0
7fee0c574000-7fee0c575000 rw-p 00000000 00:00 0 
7fee0c575000-7fee0c588000 r-xp 00000000 103:02 266836                    /lib/x86_64-linux-gnu/libbsd.so.0.8.7
7fee0c588000-7fee0c787000 ---p 00013000 103:02 266836                    /lib/x86_64-linux-gnu/libbsd.so.0.8.7
7fee0c787000-7fee0c788000 r--p 00012000 103:02 266836                    /lib/x86_64-linux-gnu/libbsd.so.0.8.7
7fee0c788000-7fee0c789000 rw-p 00013000 103:02 266836                    /lib/x86_64-linux-gnu/libbsd.so.0.8.7
7fee0c789000-7fee0c78a000 rw-p 00000000 00:00 0 
7fee0c78a000-7fee0c790000 r-xp 00000000 103:02 262150                    /lib/x86_64-linux-gnu/libuuid.so.1.3.0
7fee0c790000-7fee0c98f000 ---p 00006000 103:02 262150                    /lib/x86_64-linux-gnu/libuuid.so.1.3.0
7fee0c98f000-7fee0c990000 r--p 00005000 103:02 262150                    /lib/x86_64-linux-gnu/libuuid.so.1.3.0
7fee0c990000-7fee0c991000 rw-p 00006000 103:02 262150                    /lib/x86_64-linux-gnu/libuuid.so.1.3.0
7fee0c991000-7fee0c997000 r-xp 00000000 103:02 9183127                   /usr/lib/x86_64-linux-gnu/libdatrie.so.1.3.3
7fee0c997000-7fee0cb96000 ---p 00006000 103:02 9183127                   /usr/lib/x86_64-linux-gnu/libdatrie.so.1.3.3
7fee0cb96000-7fee0cb97000 r--p 00005000 103:02 9183127                   /usr/lib/x86_64-linux-gnu/libdatrie.so.1.3.3
7fee0cb97000-7fee0cb98000 rw-p 00006000 103:02 9183127                   /usr/lib/x86_64-linux-gnu/libdatrie.so.1.3.3
7fee0cb98000-7fee0cb9d000 r-xp 00000000 103:02 9182910                   /usr/lib/x86_64-linux-gnu/libXdmcp.so.6.0.0
7fee0cb9d000-7fee0cd9c000 ---p 00005000 103:02 9182910                   /usr/lib/x86_64-linux-gnu/libXdmcp.so.6.0.0
7fee0cd9c000-7fee0cd9d000 r--p 00004000 103:02 9182910                   /usr/lib/x86_64-linux-gnu/libXdmcp.so.6.0.0
7fee0cd9d000-7fee0cd9e000 rw-p 00005000 103:02 9182910                   /usr/lib/x86_64-linux-gnu/libXdmcp.so.6.0.0
7fee0cd9e000-7fee0cda0000 r-xp 00000000 103:02 9182899                   /usr/lib/x86_64-linux-gnu/libXau.so.6.0.0
7fee0cda0000-7fee0cfa0000 ---p 00002000 103:02 9182899                   /usr/lib/x86_64-linux-gnu/libXau.so.6.0.0
7fee0cfa0000-7fee0cfa1000 r--p 00002000 103:02 9182899                   /usr/lib/x86_64-linux-gnu/libXau.so.6.0.0
7fee0cfa1000-7fee0cfa2000 rw-p 00003000 103:02 9182899                   /usr/lib/x86_64-linux-gnu/libXau.so.6.0.0
7fee0cfa2000-7fee0cfcd000 r-xp 00000000 103:02 9183384                   /usr/lib/x86_64-linux-gnu/libgraphite2.so.3.0.1
7fee0cfcd000-7fee0d1cc000 ---p 0002b000 103:02 9183384                   /usr/lib/x86_64-linux-gnu/libgraphite2.so.3.0.1
7fee0d1cc000-7fee0d1ce000 r--p 0002a000 103:02 9183384                   /usr/lib/x86_64-linux-gnu/libgraphite2.so.3.0.1
7fee0d1ce000-7fee0d1cf000 rw-p 0002c000 103:02 9183384                   /usr/lib/x86_64-linux-gnu/libgraphite2.so.3.0.1
7fee0d1cf000-7fee0d216000 r-xp 00000000 103:02 262167                    /lib/x86_64-linux-gnu/libblkid.so.1.1.0
7fee0d216000-7fee0d416000 ---p 00047000 103:02 262167                    /lib/x86_64-linux-gnu/libblkid.so.1.1.0
7fee0d416000-7fee0d41a000 r--p 00047000 103:02 262167                    /lib/x86_64-linux-gnu/libblkid.so.1.1.0
7fee0d41a000-7fee0d41b000 rw-p 0004b000 103:02 262167                    /lib/x86_64-linux-gnu/libblkid.so.1.1.0
7fee0d41b000-7fee0d41c000 rw-p 00000000 00:00 0 
7fee0d41c000-7fee0d48a000 r-xp 00000000 103:02 9182861                   /usr/lib/x86_64-linux-gnu/libGLdispatch.so.0.0.0
7fee0d48a000-7fee0d689000 ---p 0006e000 103:02 9182861                   /usr/lib/x86_64-linux-gnu/libGLdispatch.so.0.0.0
7fee0d689000-7fee0d6b1000 r--p 0006d000 103:02 9182861                   /usr/lib/x86_64-linux-gnu/libGLdispatch.so.0.0.0
7fee0d6b1000-7fee0d6b2000 rw-p 00095000 103:02 9182861                   /usr/lib/x86_64-linux-gnu/libGLdispatch.so.0.0.0
7fee0d6b2000-7fee0d6d2000 rw-p 00000000 00:00 0 
7fee0d6d2000-7fee0d6e2000 r-xp 00000000 103:02 9182856                   /usr/lib/x86_64-linux-gnu/libGLX.so.0.0.0
7fee0d6e2000-7fee0d8e1000 ---p 00010000 103:02 9182856                   /usr/lib/x86_64-linux-gnu/libGLX.so.0.0.0
7fee0d8e1000-7fee0d8e2000 r--p 0000f000 103:02 9182856                   /usr/lib/x86_64-linux-gnu/libGLX.so.0.0.0
7fee0d8e2000-7fee0d8e3000 rw-p 00010000 103:02 9182856                   /usr/lib/x86_64-linux-gnu/libGLX.so.0.0.0
7fee0d8e3000-7fee0d903000 rw-p 00000000 00:00 0 
7fee0d903000-7fee0d973000 r-xp 00000000 103:02 266962                    /lib/x86_64-linux-gnu/libpcre.so.3.13.3
7fee0d973000-7fee0db73000 ---p 00070000 103:02 266962                    /lib/x86_64-linux-gnu/libpcre.so.3.13.3
7fee0db73000-7fee0db74000 r--p 00070000 103:02 266962                    /lib/x86_64-linux-gnu/libpcre.so.3.13.3
7fee0db74000-7fee0db75000 rw-p 00071000 103:02 266962                    /lib/x86_64-linux-gnu/libpcre.so.3.13.3
7fee0db75000-7fee0db7c000 r-xp 00000000 103:02 9183241                   /usr/lib/x86_64-linux-gnu/libffi.so.6.0.4
7fee0db7c000-7fee0dd7b000 ---p 00007000 103:02 9183241                   /usr/lib/x86_64-linux-gnu/libffi.so.6.0.4
7fee0dd7b000-7fee0dd7c000 r--p 00006000 103:02 9183241                   /usr/lib/x86_64-linux-gnu/libffi.so.6.0.4
7fee0dd7c000-7fee0dd7d000 rw-p 00007000 103:02 9183241                   /usr/lib/x86_64-linux-gnu/libffi.so.6.0.4
7fee0dd7d000-7fee0ddac000 r-xp 00000000 103:02 266870                    /lib/x86_64-linux-gnu/libexpat.so.1.6.7
7fee0ddac000-7fee0dfac000 ---p 0002f000 103:02 266870                    /lib/x86_64-linux-gnu/libexpat.so.1.6.7
7fee0dfac000-7fee0dfae000 r--p 0002f000 103:02 266870                    /lib/x86_64-linux-gnu/libexpat.so.1.6.7
7fee0dfae000-7fee0dfaf000 rw-p 00031000 103:02 266870                    /lib/x86_64-linux-gnu/libexpat.so.1.6.7
7fee0dfaf000-7fee0dfb7000 r-xp 00000000 103:02 9183941                   /usr/lib/x86_64-linux-gnu/libthai.so.0.3.0
7fee0dfb7000-7fee0e1b6000 ---p 00008000 103:02 9183941                   /usr/lib/x86_64-linux-gnu/libthai.so.0.3.0
7fee0e1b6000-7fee0e1b7000 r--p 00007000 103:02 9183941                   /usr/lib/x86_64-linux-gnu/libthai.so.0.3.0
7fee0e1b7000-7fee0e1b8000 rw-p 00008000 103:02 9183941                   /usr/lib/x86_64-linux-gnu/libthai.so.0.3.0
7fee0e1b8000-7fee0e1c4000 r-xp 00000000 103:02 9184085                   /usr/lib/x86_64-linux-gnu/libxcb-render.so.0.0.0
7fee0e1c4000-7fee0e3c3000 ---p 0000c000 103:02 9184085                   /usr/lib/x86_64-linux-gnu/libxcb-render.so.0.0.0
7fee0e3c3000-7fee0e3c4000 r--p 0000b000 103:02 9184085                   /usr/lib/x86_64-linux-gnu/libxcb-render.so.0.0.0
7fee0e3c4000-7fee0e3c5000 rw-p 0000c000 103:02 9184085                   /usr/lib/x86_64-linux-gnu/libxcb-render.so.0.0.0
7fee0e3c5000-7fee0e3eb000 r-xp 00000000 103:02 9184103                   /usr/lib/x86_64-linux-gnu/libxcb.so.1.1.0
7fee0e3eb000-7fee0e5eb000 ---p 00026000 103:02 9184103                   /usr/lib/x86_64-linux-gnu/libxcb.so.1.1.0
7fee0e5eb000-7fee0e5ec000 r--p 00026000 103:02 9184103                   /usr/lib/x86_64-linux-gnu/libxcb.so.1.1.0
7fee0e5ec000-7fee0e5ed000 rw-p 00027000 103:02 9184103                   /usr/lib/x86_64-linux-gnu/libxcb.so.1.1.0
7fee0e5ed000-7fee0e5ef000 r-xp 00000000 103:02 9184091                   /usr/lib/x86_64-linux-gnu/libxcb-shm.so.0.0.0
7fee0e5ef000-7fee0e7ee000 ---p 00002000 103:02 9184091                   /usr/lib/x86_64-linux-gnu/libxcb-shm.so.0.0.0
7fee0e7ee000-7fee0e7ef000 r--p 00001000 103:02 9184091                   /usr/lib/x86_64-linux-gnu/libxcb-shm.so.0.0.0
7fee0e7ef000-7fee0e7f0000 rw-p 00002000 103:02 9184091                   /usr/lib/x86_64-linux-gnu/libxcb-shm.so.0.0.0
7fee0e7f0000-7fee0e821000 r-xp 00000000 103:02 9175830                   /usr/lib/x86_64-linux-gnu/libpng16.so.16.34.0
7fee0e821000-7fee0ea20000 ---p 00031000 103:02 9175830                   /usr/lib/x86_64-linux-gnu/libpng16.so.16.34.0
7fee0ea20000-7fee0ea21000 r--p 00030000 103:02 9175830                   /usr/lib/x86_64-linux-gnu/libpng16.so.16.34.0
7fee0ea21000-7fee0ea22000 rw-p 00031000 103:02 9175830                   /usr/lib/x86_64-linux-gnu/libpng16.so.16.34.0
7fee0ea22000-7fee0eabf000 r-xp 00000000 103:02 9183757                   /usr/lib/x86_64-linux-gnu/libpixman-1.so.0.34.0
7fee0eabf000-7fee0ecbe000 ---p 0009d000 103:02 9183757                   /usr/lib/x86_64-linux-gnu/libpixman-1.so.0.34.0
7fee0ecbe000-7fee0ecc6000 r--p 0009c000 103:02 9183757                   /usr/lib/x86_64-linux-gnu/libpixman-1.so.0.34.0
7fee0ecc6000-7fee0ecc7000 rw-p 000a4000 103:02 9183757                   /usr/lib/x86_64-linux-gnu/libpixman-1.so.0.34.0
7fee0ecc7000-7fee0ed63000 r-xp 00000000 103:02 9183467                   /usr/lib/x86_64-linux-gnu/libharfbuzz.so.0.10702.0
7fee0ed63000-7fee0ef63000 ---p 0009c000 103:02 9183467                   /usr/lib/x86_64-linux-gnu/libharfbuzz.so.0.10702.0
7fee0ef63000-7fee0ef64000 r--p 0009c000 103:02 9183467                   /usr/lib/x86_64-linux-gnu/libharfbuzz.so.0.10702.0
7fee0ef64000-7fee0ef65000 rw-p 0009d000 103:02 9183467                   /usr/lib/x86_64-linux-gnu/libharfbuzz.so.0.10702.0
7fee0ef65000-7fee0efb6000 r-xp 00000000 103:02 262229                    /lib/x86_64-linux-gnu/libmount.so.1.1.0
7fee0efb6000-7fee0f1b5000 ---p 00051000 103:02 262229                    /lib/x86_64-linux-gnu/libmount.so.1.1.0
7fee0f1b5000-7fee0f1b7000 r--p 00050000 103:02 262229                    /lib/x86_64-linux-gnu/libmount.so.1.1.0
7fee0f1b7000-7fee0f1b8000 rw-p 00052000 103:02 262229                    /lib/x86_64-linux-gnu/libmount.so.1.1.0
7fee0f1b8000-7fee0f1b9000 rw-p 00000000 00:00 0 
7fee0f1b9000-7fee0f1d0000 r-xp 00000000 103:02 266979                    /lib/x86_64-linux-gnu/libresolv-2.27.so
7fee0f1d0000-7fee0f3d0000 ---p 00017000 103:02 266979                    /lib/x86_64-linux-gnu/libresolv-2.27.so
7fee0f3d0000-7fee0f3d1000 r--p 00017000 103:02 266979                    /lib/x86_64-linux-gnu/libresolv-2.27.so
7fee0f3d1000-7fee0f3d2000 rw-p 00018000 103:02 266979                    /lib/x86_64-linux-gnu/libresolv-2.27.so
7fee0f3d2000-7fee0f3d4000 rw-p 00000000 00:00 0 
7fee0f3d4000-7fee0f3f9000 r-xp 00000000 103:02 266985                    /lib/x86_64-linux-gnu/libselinux.so.1
7fee0f3f9000-7fee0f5f8000 ---p 00025000 103:02 266985                    /lib/x86_64-linux-gnu/libselinux.so.1
7fee0f5f8000-7fee0f5f9000 r--p 00024000 103:02 266985                    /lib/x86_64-linux-gnu/libselinux.so.1
7fee0f5f9000-7fee0f5fa000 rw-p 00025000 103:02 266985                    /lib/x86_64-linux-gnu/libselinux.so.1
7fee0f5fa000-7fee0f5fc000 rw-p 00000000 00:00 0 
7fee0f5fc000-7fee0f618000 r-xp 00000000 103:02 267012                    /lib/x86_64-linux-gnu/libz.so.1.2.11
7fee0f618000-7fee0f817000 ---p 0001c000 103:02 267012                    /lib/x86_64-linux-gnu/libz.so.1.2.11
7fee0f817000-7fee0f818000 r--p 0001b000 103:02 267012                    /lib/x86_64-linux-gnu/libz.so.1.2.11
7fee0f818000-7fee0f819000 rw-p 0001c000 103:02 267012                    /lib/x86_64-linux-gnu/libz.so.1.2.11
7fee0f819000-7fee0f82a000 r-xp 00000000 103:02 9182912                   /usr/lib/x86_64-linux-gnu/libXext.so.6.4.0
7fee0f82a000-7fee0fa29000 ---p 00011000 103:02 9182912                   /usr/lib/x86_64-linux-gnu/libXext.so.6.4.0
7fee0fa29000-7fee0fa2a000 r--p 00010000 103:02 9182912                   /usr/lib/x86_64-linux-gnu/libXext.so.6.4.0
7fee0fa2a000-7fee0fa2b000 rw-p 00011000 103:02 9182912                   /usr/lib/x86_64-linux-gnu/libXext.so.6.4.0
7fee0fa2b000-7fee0fa2d000 r-xp 00000000 103:02 9182908                   /usr/lib/x86_64-linux-gnu/libXdamage.so.1.1.0
7fee0fa2d000-7fee0fc2c000 ---p 00002000 103:02 9182908                   /usr/lib/x86_64-linux-gnu/libXdamage.so.1.1.0
7fee0fc2c000-7fee0fc2d000 r--p 00001000 103:02 9182908                   /usr/lib/x86_64-linux-gnu/libXdamage.so.1.1.0
7fee0fc2d000-7fee0fc2e000 rw-p 00002000 103:02 9182908                   /usr/lib/x86_64-linux-gnu/libXdamage.so.1.1.0
7fee0fc2e000-7fee0fc30000 r-xp 00000000 103:02 9182904                   /usr/lib/x86_64-linux-gnu/libXcomposite.so.1.0.0
7fee0fc30000-7fee0fe2f000 ---p 00002000 103:02 9182904                   /usr/lib/x86_64-linux-gnu/libXcomposite.so.1.0.0
7fee0fe2f000-7fee0fe30000 r--p 00001000 103:02 9182904                   /usr/lib/x86_64-linux-gnu/libXcomposite.so.1.0.0
7fee0fe30000-7fee0fe31000 rw-p 00002000 103:02 9182904                   /usr/lib/x86_64-linux-gnu/libXcomposite.so.1.0.0
7fee0fe31000-7fee0fe3a000 r-xp 00000000 103:02 9182906                   /usr/lib/x86_64-linux-gnu/libXcursor.so.1.0.2
7fee0fe3a000-7fee10039000 ---p 00009000 103:02 9182906                   /usr/lib/x86_64-linux-gnu/libXcursor.so.1.0.2
7fee10039000-7fee1003a000 r--p 00008000 103:02 9182906                   /usr/lib/x86_64-linux-gnu/libXcursor.so.1.0.2
7fee1003a000-7fee1003b000 rw-p 00009000 103:02 9182906                   /usr/lib/x86_64-linux-gnu/libXcursor.so.1.0.2
7fee1003b000-7fee10045000 r-xp 00000000 103:02 9182930                   /usr/lib/x86_64-linux-gnu/libXrandr.so.2.2.0
7fee10045000-7fee10244000 ---p 0000a000 103:02 9182930                   /usr/lib/x86_64-linux-gnu/libXrandr.so.2.2.0
7fee10244000-7fee10245000 r--p 00009000 103:02 9182930                   /usr/lib/x86_64-linux-gnu/libXrandr.so.2.2.0
7fee10245000-7fee10246000 rw-p 0000a000 103:02 9182930                   /usr/lib/x86_64-linux-gnu/libXrandr.so.2.2.0
7fee10246000-7fee10255000 r-xp 00000000 103:02 9182920                   /usr/lib/x86_64-linux-gnu/libXi.so.6.1.0
7fee10255000-7fee10454000 ---p 0000f000 103:02 9182920                   /usr/lib/x86_64-linux-gnu/libXi.so.6.1.0
7fee10454000-7fee10455000 r--p 0000e000 103:02 9182920                   /usr/lib/x86_64-linux-gnu/libXi.so.6.1.0
7fee10455000-7fee10456000 rw-p 0000f000 103:02 9182920                   /usr/lib/x86_64-linux-gnu/libXi.so.6.1.0
7fee10456000-7fee10458000 r-xp 00000000 103:02 9182922                   /usr/lib/x86_64-linux-gnu/libXinerama.so.1.0.0
7fee10458000-7fee10657000 ---p 00002000 103:02 9182922                   /usr/lib/x86_64-linux-gnu/libXinerama.so.1.0.0
7fee10657000-7fee10658000 r--p 00001000 103:02 9182922                   /usr/lib/x86_64-linux-gnu/libXinerama.so.1.0.0
7fee10658000-7fee10659000 rw-p 00002000 103:02 9182922                   /usr/lib/x86_64-linux-gnu/libXinerama.so.1.0.0
7fee10659000-7fee10662000 r-xp 00000000 103:02 9182932                   /usr/lib/x86_64-linux-gnu/libXrender.so.1.3.0
7fee10662000-7fee10861000 ---p 00009000 103:02 9182932                   /usr/lib/x86_64-linux-gnu/libXrender.so.1.3.0
7fee10861000-7fee10862000 r--p 00008000 103:02 9182932                   /usr/lib/x86_64-linux-gnu/libXrender.so.1.3.0
7fee10862000-7fee10863000 rw-p 00009000 103:02 9182932                   /usr/lib/x86_64-linux-gnu/libXrender.so.1.3.0
7fee10863000-7fee10868000 r-xp 00000000 103:02 9182914                   /usr/lib/x86_64-linux-gnu/libXfixes.so.3.1.0
7fee10868000-7fee10a67000 ---p 00005000 103:02 9182914                   /usr/lib/x86_64-linux-gnu/libXfixes.so.3.1.0
7fee10a67000-7fee10a68000 r--p 00004000 103:02 9182914                   /usr/lib/x86_64-linux-gnu/libXfixes.so.3.1.0
7fee10a68000-7fee10a69000 rw-p 00005000 103:02 9182914                   /usr/lib/x86_64-linux-gnu/libXfixes.so.3.1.0
7fee10a69000-7fee10a80000 r-xp 00000000 103:02 266877                    /lib/x86_64-linux-gnu/libgcc_s.so.1
7fee10a80000-7fee10c7f000 ---p 00017000 103:02 266877                    /lib/x86_64-linux-gnu/libgcc_s.so.1
7fee10c7f000-7fee10c80000 r--p 00016000 103:02 266877                    /lib/x86_64-linux-gnu/libgcc_s.so.1
7fee10c80000-7fee10c81000 rw-p 00017000 103:02 266877                    /lib/x86_64-linux-gnu/libgcc_s.so.1
7fee10c81000-7fee10dff000 r-xp 00000000 103:02 9183920                   /usr/lib/x86_64-linux-gnu/libstdc++.so.6.0.25
7fee10dff000-7fee10fff000 ---p 0017e000 103:02 9183920                   /usr/lib/x86_64-linux-gnu/libstdc++.so.6.0.25
7fee10fff000-7fee11009000 r--p 0017e000 103:02 9183920                   /usr/lib/x86_64-linux-gnu/libstdc++.so.6.0.25
7fee11009000-7fee1100b000 rw-p 00188000 103:02 9183920                   /usr/lib/x86_64-linux-gnu/libstdc++.so.6.0.25
7fee1100b000-7fee1100f000 rw-p 00000000 00:00 0 
7fee1100f000-7fee11080000 r-xp 00000000 103:02 9182850                   /usr/lib/x86_64-linux-gnu/libGL.so.1.0.0
7fee11080000-7fee1127f000 ---p 00071000 103:02 9182850                   /usr/lib/x86_64-linux-gnu/libGL.so.1.0.0
7fee1127f000-7fee11299000 r--p 00070000 103:02 9182850                   /usr/lib/x86_64-linux-gnu/libGL.so.1.0.0
7fee11299000-7fee1129a000 rw-p 0008a000 103:02 9182850                   /usr/lib/x86_64-linux-gnu/libGL.so.1.0.0
7fee1129a000-7fee1129b000 rw-p 00000000 00:00 0 
7fee1129b000-7fee112a0000 r-xp 00000000 103:02 9182948                   /usr/lib/x86_64-linux-gnu/libXxf86vm.so.1.0.0
7fee112a0000-7fee1149f000 ---p 00005000 103:02 9182948                   /usr/lib/x86_64-linux-gnu/libXxf86vm.so.1.0.0
7fee1149f000-7fee114a0000 r--p 00004000 103:02 9182948                   /usr/lib/x86_64-linux-gnu/libXxf86vm.so.1.0.0
7fee114a0000-7fee114a1000 rw-p 00005000 103:02 9182948                   /usr/lib/x86_64-linux-gnu/libXxf86vm.so.1.0.0
7fee114a1000-7fee115d5000 r-xp 00000000 103:02 9182895                   /usr/lib/x86_64-linux-gnu/libX11.so.6.3.0
7fee115d5000-7fee117d5000 ---p 00134000 103:02 9182895                   /usr/lib/x86_64-linux-gnu/libX11.so.6.3.0
7fee117d5000-7fee117d6000 r--p 00134000 103:02 9182895                   /usr/lib/x86_64-linux-gnu/libX11.so.6.3.0
7fee117d6000-7fee117da000 rw-p 00135000 103:02 9182895                   /usr/lib/x86_64-linux-gnu/libX11.so.6.3.0
7fee117da000-7fee117df000 r-xp 00000000 103:02 9182938                   /usr/lib/x86_64-linux-gnu/libXtst.so.6.1.0
7fee117df000-7fee119de000 ---p 00005000 103:02 9182938                   /usr/lib/x86_64-linux-gnu/libXtst.so.6.1.0
7fee119de000-7fee119df000 r--p 00004000 103:02 9182938                   /usr/lib/x86_64-linux-gnu/libXtst.so.6.1.0
7fee119df000-7fee119e0000 rw-p 00005000 103:02 9182938                   /usr/lib/x86_64-linux-gnu/libXtst.so.6.1.0
7fee119e0000-7fee11af3000 r-xp 00000000 103:02 9183335                   /usr/lib/x86_64-linux-gnu/libglib-2.0.so.0.5600.1
7fee11af3000-7fee11cf3000 ---p 00113000 103:02 9183335                   /usr/lib/x86_64-linux-gnu/libglib-2.0.so.0.5600.1
7fee11cf3000-7fee11cf4000 r--p 00113000 103:02 9183335                   /usr/lib/x86_64-linux-gnu/libglib-2.0.so.0.5600.1
7fee11cf4000-7fee11cf5000 rw-p 00114000 103:02 9183335                   /usr/lib/x86_64-linux-gnu/libglib-2.0.so.0.5600.1
7fee11cf5000-7fee11cf6000 rw-p 00000000 00:00 0 
7fee11cf6000-7fee11cf7000 r-xp 00000000 103:02 9183438                   /usr/lib/x86_64-linux-gnu/libgthread-2.0.so.0.5600.1
7fee11cf7000-7fee11ef6000 ---p 00001000 103:02 9183438                   /usr/lib/x86_64-linux-gnu/libgthread-2.0.so.0.5600.1
7fee11ef6000-7fee11ef7000 r--p 00000000 103:02 9183438                   /usr/lib/x86_64-linux-gnu/libgthread-2.0.so.0.5600.1
7fee11ef7000-7fee11ef8000 rw-p 00001000 103:02 9183438                   /usr/lib/x86_64-linux-gnu/libgthread-2.0.so.0.5600.1
7fee11ef8000-7fee11efb000 r-xp 00000000 103:02 9183339                   /usr/lib/x86_64-linux-gnu/libgmodule-2.0.so.0.5600.1
7fee11efb000-7fee120fa000 ---p 00003000 103:02 9183339                   /usr/lib/x86_64-linux-gnu/libgmodule-2.0.so.0.5600.1
7fee120fa000-7fee120fb000 r--p 00002000 103:02 9183339                   /usr/lib/x86_64-linux-gnu/libgmodule-2.0.so.0.5600.1
7fee120fb000-7fee120fc000 rw-p 00003000 103:02 9183339                   /usr/lib/x86_64-linux-gnu/libgmodule-2.0.so.0.5600.1
7fee120fc000-7fee1214e000 r-xp 00000000 103:02 9183363                   /usr/lib/x86_64-linux-gnu/libgobject-2.0.so.0.5600.1
7fee1214e000-7fee1234e000 ---p 00052000 103:02 9183363                   /usr/lib/x86_64-linux-gnu/libgobject-2.0.so.0.5600.1
7fee1234e000-7fee1234f000 r--p 00052000 103:02 9183363                   /usr/lib/x86_64-linux-gnu/libgobject-2.0.so.0.5600.1
7fee1234f000-7fee12350000 rw-p 00053000 103:02 9183363                   /usr/lib/x86_64-linux-gnu/libgobject-2.0.so.0.5600.1
7fee12350000-7fee1238e000 r-xp 00000000 103:02 9183255                   /usr/lib/x86_64-linux-gnu/libfontconfig.so.1.10.1
7fee1238e000-7fee1258e000 ---p 0003e000 103:02 9183255                   /usr/lib/x86_64-linux-gnu/libfontconfig.so.1.10.1
7fee1258e000-7fee12590000 r--p 0003e000 103:02 9183255                   /usr/lib/x86_64-linux-gnu/libfontconfig.so.1.10.1
7fee12590000-7fee12595000 rw-p 00040000 103:02 9183255                   /usr/lib/x86_64-linux-gnu/libfontconfig.so.1.10.1
7fee12595000-7fee12642000 r-xp 00000000 103:02 9183273                   /usr/lib/x86_64-linux-gnu/libfreetype.so.6.15.0
7fee12642000-7fee12841000 ---p 000ad000 103:02 9183273                   /usr/lib/x86_64-linux-gnu/libfreetype.so.6.15.0
7fee12841000-7fee12848000 r--p 000ac000 103:02 9183273                   /usr/lib/x86_64-linux-gnu/libfreetype.so.6.15.0
7fee12848000-7fee12849000 rw-p 000b3000 103:02 9183273                   /usr/lib/x86_64-linux-gnu/libfreetype.so.6.15.0
7fee12849000-7fee12893000 r-xp 00000000 103:02 9183725                   /usr/lib/x86_64-linux-gnu/libpango-1.0.so.0.4000.14
7fee12893000-7fee12a92000 ---p 0004a000 103:02 9183725                   /usr/lib/x86_64-linux-gnu/libpango-1.0.so.0.4000.14
7fee12a92000-7fee12a95000 r--p 00049000 103:02 9183725                   /usr/lib/x86_64-linux-gnu/libpango-1.0.so.0.4000.14
7fee12a95000-7fee12a96000 rw-p 0004c000 103:02 9183725                   /usr/lib/x86_64-linux-gnu/libpango-1.0.so.0.4000.14
7fee12a96000-7fee12bae000 r-xp 00000000 103:02 9183050                   /usr/lib/x86_64-linux-gnu/libcairo.so.2.11510.0
7fee12bae000-7fee12dad000 ---p 00118000 103:02 9183050                   /usr/lib/x86_64-linux-gnu/libcairo.so.2.11510.0
7fee12dad000-7fee12db0000 r--p 00117000 103:02 9183050                   /usr/lib/x86_64-linux-gnu/libcairo.so.2.11510.0
7fee12db0000-7fee12db2000 rw-p 0011a000 103:02 9183050                   /usr/lib/x86_64-linux-gnu/libcairo.so.2.11510.0
7fee12db2000-7fee12db3000 rw-p 00000000 00:00 0 
7fee12db3000-7fee12dbf000 r-xp 00000000 103:02 9183727                   /usr/lib/x86_64-linux-gnu/libpangocairo-1.0.so.0.4000.14
7fee12dbf000-7fee12fbe000 ---p 0000c000 103:02 9183727                   /usr/lib/x86_64-linux-gnu/libpangocairo-1.0.so.0.4000.14
7fee12fbe000-7fee12fbf000 r--p 0000b000 103:02 9183727                   /usr/lib/x86_64-linux-gnu/libpangocairo-1.0.so.0.4000.14
7fee12fbf000-7fee12fc0000 rw-p 0000c000 103:02 9183727                   /usr/lib/x86_64-linux-gnu/libpangocairo-1.0.so.0.4000.14
7fee12fc0000-7fee12fe2000 r-xp 00000000 103:02 9183311                   /usr/lib/x86_64-linux-gnu/libgdk_pixbuf-2.0.so.0.3611.0
7fee12fe2000-7fee131e2000 ---p 00022000 103:02 9183311                   /usr/lib/x86_64-linux-gnu/libgdk_pixbuf-2.0.so.0.3611.0
7fee131e2000-7fee131e3000 r--p 00022000 103:02 9183311                   /usr/lib/x86_64-linux-gnu/libgdk_pixbuf-2.0.so.0.3611.0
7fee131e3000-7fee131e4000 rw-p 00023000 103:02 9183311                   /usr/lib/x86_64-linux-gnu/libgdk_pixbuf-2.0.so.0.3611.0
7fee131e4000-7fee131f8000 r-xp 00000000 103:02 9183729                   /usr/lib/x86_64-linux-gnu/libpangoft2-1.0.so.0.4000.14
7fee131f8000-7fee133f8000 ---p 00014000 103:02 9183729                   /usr/lib/x86_64-linux-gnu/libpangoft2-1.0.so.0.4000.14
7fee133f8000-7fee133f9000 r--p 00014000 103:02 9183729                   /usr/lib/x86_64-linux-gnu/libpangoft2-1.0.so.0.4000.14
7fee133f9000-7fee133fa000 rw-p 00015000 103:02 9183729                   /usr/lib/x86_64-linux-gnu/libpangoft2-1.0.so.0.4000.14
7fee133fa000-7fee1358e000 r-xp 00000000 103:02 9183329                   /usr/lib/x86_64-linux-gnu/libgio-2.0.so.0.5600.1
7fee1358e000-7fee1378e000 ---p 00194000 103:02 9183329                   /usr/lib/x86_64-linux-gnu/libgio-2.0.so.0.5600.1
7fee1378e000-7fee13795000 r--p 00194000 103:02 9183329                   /usr/lib/x86_64-linux-gnu/libgio-2.0.so.0.5600.1
7fee13795000-7fee13796000 rw-p 0019b000 103:02 9183329                   /usr/lib/x86_64-linux-gnu/libgio-2.0.so.0.5600.1
7fee13796000-7fee13798000 rw-p 00000000 00:00 0 
7fee13798000-7fee137ba000 r-xp 00000000 103:02 9182985                   /usr/lib/x86_64-linux-gnu/libatk-1.0.so.0.22810.1
7fee137ba000-7fee139ba000 ---p 00022000 103:02 9182985                   /usr/lib/x86_64-linux-gnu/libatk-1.0.so.0.22810.1
7fee139ba000-7fee139bd000 r--p 00022000 103:02 9182985                   /usr/lib/x86_64-linux-gnu/libatk-1.0.so.0.22810.1
7fee139bd000-7fee139be000 rw-p 00025000 103:02 9182985                   /usr/lib/x86_64-linux-gnu/libatk-1.0.so.0.22810.1
7fee139be000-7fee13df3000 r-xp 00000000 103:02 9183442                   /usr/lib/x86_64-linux-gnu/libgtk-x11-2.0.so.0.2400.32
7fee13df3000-7fee13ff2000 ---p 00435000 103:02 9183442                   /usr/lib/x86_64-linux-gnu/libgtk-x11-2.0.so.0.2400.32
7fee13ff2000-7fee13ff9000 r--p 00434000 103:02 9183442                   /usr/lib/x86_64-linux-gnu/libgtk-x11-2.0.so.0.2400.32
7fee13ff9000-7fee13ffd000 rw-p 0043b000 103:02 9183442                   /usr/lib/x86_64-linux-gnu/libgtk-x11-2.0.so.0.2400.32
7fee13ffd000-7fee14000000 rw-p 00000000 00:00 0 
7fee14000000-7fee14021000 rw-p 00000000 00:00 0 
7fee14021000-7fee18000000 ---p 00000000 00:00 0 
7fee18000000-7fee19e3d000 rw-p 00000000 00:00 0 
7fee19e3d000-7fee1c000000 ---p 00000000 00:00 0 
7fee1c000000-7fee1c279000 rw-p 00000000 00:00 0 
7fee1c279000-7fee20000000 ---p 00000000 00:00 0 
7fee20000000-7fee20021000 rw-p 00000000 00:00 0 
7fee20021000-7fee24000000 ---p 00000000 00:00 0 
7fee24000000-7fee2433d000 rw-p 00000000 00:00 0 
7fee2433d000-7fee28000000 ---p 00000000 00:00 0 
7fee28000000-7fee28146000 rw-p 00000000 00:00 0 
7fee28146000-7fee2c000000 ---p 00000000 00:00 0 
7fee2c000000-7fee2c021000 rw-p 00000000 00:00 0 
7fee2c021000-7fee30000000 ---p 00000000 00:00 0 
7fee30000000-7fee300f7000 rw-p 00000000 00:00 0 
7fee300f7000-7fee34000000 ---p 00000000 00:00 0 
7fee34000000-7fee34021000 rw-p 00000000 00:00 0 
7fee34021000-7fee38000000 ---p 00000000 00:00 0 
7fee38000000-7fee38021000 rw-p 00000000 00:00 0 
7fee38021000-7fee3c000000 ---p 00000000 00:00 0 
7fee3c000000-7fee3c021000 rw-p 00000000 00:00 0 
7fee3c021000-7fee40000000 ---p 00000000 00:00 0 
7fee40000000-7fee40021000 rw-p 00000000 00:00 0 
7fee40021000-7fee44000000 ---p 00000000 00:00 0 
7fee4400a000-7fee4401d000 r--p 00000000 103:02 9307059                   /usr/lib/jvm/java-8-oracle/jre/lib/fonts/LucidaBrightDemiBold.ttf
7fee4401d000-7fee44030000 r--p 00000000 103:02 9307056                   /usr/lib/jvm/java-8-oracle/jre/lib/fonts/LucidaBrightDemiItalic.ttf
7fee44030000-7fee440db000 r--p 00000000 103:02 9307052                   /usr/lib/jvm/java-8-oracle/jre/lib/fonts/LucidaSansRegular.ttf
7fee440db000-7fee4418b000 r-xp 00000000 103:02 9183309                   /usr/lib/x86_64-linux-gnu/libgdk-x11-2.0.so.0.2400.32
7fee4418b000-7fee4438a000 ---p 000b0000 103:02 9183309                   /usr/lib/x86_64-linux-gnu/libgdk-x11-2.0.so.0.2400.32
7fee4438a000-7fee4438e000 r--p 000af000 103:02 9183309                   /usr/lib/x86_64-linux-gnu/libgdk-x11-2.0.so.0.2400.32
7fee4438e000-7fee44390000 rw-p 000b3000 103:02 9183309                   /usr/lib/x86_64-linux-gnu/libgdk-x11-2.0.so.0.2400.32
7fee44390000-7fee4439c000 r-xp 00000000 103:02 9441136                   /usr/lib/jvm/java-8-oracle/jre/lib/amd64/libprism_es2.so
7fee4439c000-7fee4459b000 ---p 0000c000 103:02 9441136                   /usr/lib/jvm/java-8-oracle/jre/lib/amd64/libprism_es2.so
7fee4459b000-7fee4459c000 rw-p 0000b000 103:02 9441136                   /usr/lib/jvm/java-8-oracle/jre/lib/amd64/libprism_es2.so
7fee4459c000-7fee4459f000 ---p 00000000 00:00 0 
7fee4459f000-7fee4469d000 rw-p 00000000 00:00 0 
7fee4469d000-7fee44732000 r--s 0110b000 103:02 9439507                   /usr/lib/jvm/java-8-oracle/jre/lib/ext/jfxrt.jar
7fee44732000-7fee44733000 ---p 00000000 00:00 0 
7fee44733000-7fee44833000 rw-p 00000000 00:00 0 
7fee44833000-7fee44836000 ---p 00000000 00:00 0 
7fee44836000-7fee44934000 rw-p 00000000 00:00 0 
7fee44934000-7fee44935000 ---p 00000000 00:00 0 
7fee44935000-7fee44938000 ---p 00000000 00:00 0 
7fee44938000-7fee44a35000 rw-p 00000000 00:00 0 
7fee44a35000-7fee44a36000 ---p 00000000 00:00 0 
7fee44a36000-7fee44a39000 ---p 00000000 00:00 0 
7fee44a39000-7fee44b36000 rw-p 00000000 00:00 0 
7fee44b36000-7fee44b37000 ---p 00000000 00:00 0 
7fee44b37000-7fee44b3a000 ---p 00000000 00:00 0 
7fee44b3a000-7fee44c37000 rw-p 00000000 00:00 0 
7fee44c37000-7fee44c38000 ---p 00000000 00:00 0 
7fee44c38000-7fee44c3b000 ---p 00000000 00:00 0 
7fee44c3b000-7fee44d38000 rw-p 00000000 00:00 0 
7fee44d38000-7fee44d3b000 ---p 00000000 00:00 0 
7fee44d3b000-7fee44e39000 rw-p 00000000 00:00 0 
7fee44e39000-7fee45808000 r--p 00000000 103:02 9181819                   /usr/lib/locale/locale-archive
7fee45808000-7fee4580b000 ---p 00000000 00:00 0 
7fee4580b000-7fee45909000 rw-p 00000000 00:00 0 
7fee45909000-7fee4590c000 ---p 00000000 00:00 0 
7fee4590c000-7fee45a0a000 rw-p 00000000 00:00 0 
7fee45a0a000-7fee45a0b000 ---p 00000000 00:00 0 
7fee45a0b000-7fee47626000 rw-p 00000000 00:00 0 
7fee47626000-7fee47800000 r--s 03d68000 103:02 9307075                   /usr/lib/jvm/java-8-oracle/jre/lib/rt.jar
7fee47800000-7fee48000000 rw-p 00000000 00:00 0 
7fee48000000-7fee48021000 rw-p 00000000 00:00 0 
7fee48021000-7fee4c000000 ---p 00000000 00:00 0 
7fee4c000000-7fee4c021000 rw-p 00000000 00:00 0 
7fee4c021000-7fee50000000 ---p 00000000 00:00 0 
7fee50000000-7fee50021000 rw-p 00000000 00:00 0 
7fee50021000-7fee54000000 ---p 00000000 00:00 0 
7fee54000000-7fee54021000 rw-p 00000000 00:00 0 
7fee54021000-7fee58000000 ---p 00000000 00:00 0 
7fee58000000-7fee58021000 rw-p 00000000 00:00 0 
7fee58021000-7fee5c000000 ---p 00000000 00:00 0 
7fee5c000000-7fee5c021000 rw-p 00000000 00:00 0 
7fee5c021000-7fee60000000 ---p 00000000 00:00 0 
7fee60000000-7fee60005000 r--s 0009d000 103:02 9307103                   /usr/lib/jvm/java-8-oracle/jre/lib/jsse.jar
7fee60005000-7fee6000a000 rw-s 00000000 00:19 551                        /i915 (deleted)
7fee6000a000-7fee6001e000 r--p 00000000 103:02 9307051                   /usr/lib/jvm/java-8-oracle/jre/lib/fonts/LucidaBrightItalic.ttf
7fee6001e000-7fee64000000 rw-p 00000000 00:00 0 
7fee64000000-7fee64021000 rw-p 00000000 00:00 0 
7fee64021000-7fee68000000 ---p 00000000 00:00 0 
7fee68000000-7fee68004000 rw-s 00000000 00:19 1916                       /i915 (deleted)
7fee68004000-7fee68009000 rw-s 00000000 00:19 1915                       /i915 (deleted)
7fee68009000-7fee6801b000 r--s 00117000 103:02 13896410                  /home/austin/OneDrive/Documents/Netbeans Projects/TarkovTraderGit/TarkovTraderClient/dist/run1348247587/lib/controlsfx-8.40.14.jar
7fee6801b000-7fee68020000 r--s 00084000 103:02 9307039                   /usr/lib/jvm/java-8-oracle/jre/lib/jfr.jar
7fee68020000-7fee6802b000 r--s 00000000 103:02 15335732                  /var/cache/fontconfig/945677eb7aeaf62f1d50efc3fb3ec7d8-le64.cache-7
7fee6802b000-7fee68030000 r--s 00000000 103:02 15335703                  /var/cache/fontconfig/2300eef321c393bfd76478a5c0e95b23-le64.cache-7
7fee68030000-7fee68031000 r--s 00000000 103:02 15335696                  /var/cache/fontconfig/0d8c3b2ac0904cb8a57a757ad11a4a08-le64.cache-7
7fee68031000-7fee68035000 r--s 00000000 103:02 15341872                  /var/cache/fontconfig/de156ccd2eddbdc19d37a45b8b2aac9c-le64.cache-7
7fee68035000-7fee6804a000 r--s 00000000 103:02 15335692                  /var/cache/fontconfig/04aabc0a78ac019cf9454389977116d2-le64.cache-7
7fee6804a000-7fee6804b000 r--s 00000000 103:02 15335700                  /var/cache/fontconfig/1ac9eb803944fde146138c791f5cc56a-le64.cache-7
7fee6804b000-7fee6804c000 r--s 00000000 103:02 15335751                  /var/cache/fontconfig/dc05db6664285cc2f12bf69c139ae4c3-le64.cache-7
7fee6804c000-7fee6804e000 r--s 00000000 103:02 15335697                  /var/cache/fontconfig/14a5e22175779b556eaa434240950366-le64.cache-7
7fee6804e000-7fee6804f000 r--s 00000000 103:02 15335724                  /var/cache/fontconfig/660208299946a285a940457d1287da33-le64.cache-7
7fee6804f000-7fee68051000 r--s 00000000 103:02 15335715                  /var/cache/fontconfig/4f3e3037c9980c83b53a9351efadef62-le64.cache-7
7fee68051000-7fee68053000 r--s 00000000 103:02 15335729                  /var/cache/fontconfig/767a8244fc0220cfb567a839d0392e0b-le64.cache-7
7fee68053000-7fee68054000 r--s 00000000 103:02 15335710                  /var/cache/fontconfig/4794a0821666d79190d59a36cb4f44b5-le64.cache-7
7fee68054000-7fee68056000 r--s 00000000 103:02 15335694                  /var/cache/fontconfig/0bd3dc0958fa2205aaaa8ebb13e2872b-le64.cache-7
7fee68056000-7fee6805b000 r--s 00000000 103:02 15335752                  /var/cache/fontconfig/def309198bfa603429122923fa2bb2d4-le64.cache-7
7fee6805b000-7fee6805c000 r--s 00000000 103:02 15335740                  /var/cache/fontconfig/b872e6e592da6075ffa4ab0a1fcc0c75-le64.cache-7
7fee6805c000-7fee6805d000 r--s 00000000 103:02 15335757                  /var/cache/fontconfig/f6d4eedfaab2589bde49f7a3ff831d22-le64.cache-7
7fee6805d000-7fee6805e000 r--s 00000000 103:02 15335722                  /var/cache/fontconfig/589f83ef4c36d296ce6e1c846f468f08-le64.cache-7
7fee6805e000-7fee6805f000 r--s 00000000 103:02 15335742                  /var/cache/fontconfig/bab58bb527bb656aaa9f116d68a48d89-le64.cache-7
7fee6805f000-7fee68060000 r--s 00000000 103:02 15335701                  /var/cache/fontconfig/2171a34dccabdb6bcbbc728186263178-le64.cache-7
7fee68060000-7fee68061000 r--s 00000000 103:02 15335743                  /var/cache/fontconfig/c5c45a61289222e0d30b1a26ef4effbe-le64.cache-7
7fee68061000-7fee68062000 r--s 00000000 103:02 15335738                  /var/cache/fontconfig/aec30016f93e1b46d1a973dce0d74068-le64.cache-7
7fee68062000-7fee68063000 r--s 00000000 103:02 15335708                  /var/cache/fontconfig/3f589640d34b7dc9042c8d453f7c8b9c-le64.cache-7
7fee68063000-7fee68064000 r--s 00000000 103:02 15335698                  /var/cache/fontconfig/16c2fda60d1b4b719f4b3d06fd951d25-le64.cache-7
7fee68064000-7fee68069000 r--s 00000000 103:02 15335735                  /var/cache/fontconfig/9d2451b1fd30e5bffe8383fd27c35478-le64.cache-7
7fee68069000-7fee6806f000 r--s 00000000 103:02 15335704                  /var/cache/fontconfig/3047814df9a2f067bd2d96a2b9c36e5a-le64.cache-7
7fee6806f000-7fee68075000 r--s 00000000 103:02 15335739                  /var/cache/fontconfig/b47c4e1ecd0709278f4910c18777a504-le64.cache-7
7fee68075000-7fee68076000 ---p 00000000 00:00 0 
7fee68076000-7fee68176000 rw-p 00000000 00:00 0 
7fee68176000-7fee68177000 ---p 00000000 00:00 0 
7fee68177000-7fee68277000 rw-p 00000000 00:00 0 
7fee68277000-7fee68278000 ---p 00000000 00:00 0 
7fee68278000-7fee68378000 rw-p 00000000 00:00 0 
7fee68378000-7fee68379000 ---p 00000000 00:00 0 
7fee68379000-7fee68479000 rw-p 00000000 00:00 0 
7fee68479000-7fee6847a000 ---p 00000000 00:00 0 
7fee6847a000-7fee6857a000 rw-p 00000000 00:00 0 
7fee6857a000-7fee6857b000 ---p 00000000 00:00 0 
7fee6857b000-7fee6867b000 rw-p 00000000 00:00 0 
7fee6867b000-7fee6867c000 ---p 00000000 00:00 0 
7fee6867c000-7fee6877c000 rw-p 00000000 00:00 0 
7fee6877c000-7fee6877d000 ---p 00000000 00:00 0 
7fee6877d000-7fee688a6000 rw-p 00000000 00:00 0 
7fee688a6000-7fee68afe000 ---p 00000000 00:00 0 
7fee68afe000-7fee68b13000 rw-p 00000000 00:00 0 
7fee68b13000-7fee68c3f000 ---p 00000000 00:00 0 
7fee68c3f000-7fee68c54000 rw-p 00000000 00:00 0 
7fee68c54000-7fee69000000 ---p 00000000 00:00 0 
7fee69000000-7fee694f0000 rwxp 00000000 00:00 0 
7fee694f0000-7fee78000000 ---p 00000000 00:00 0 
7fee78000000-7fee78591000 rw-p 00000000 00:00 0 
7fee78591000-7fee7c000000 ---p 00000000 00:00 0 
7fee7c000000-7fee7c001000 r--s 00000000 103:02 15335737                  /var/cache/fontconfig/a48eab177a16e4f3713381162db2f3e9-le64.cache-7
7fee7c001000-7fee7c002000 r--s 00000000 103:02 15335718                  /var/cache/fontconfig/564b2e68ac9bc4e36a6f7f6d6125ec1c-le64.cache-7
7fee7c002000-7fee7c003000 r--s 00000000 103:02 15335719                  /var/cache/fontconfig/56cf4f4769d0f4abc89a4895d7bd3ae1-le64.cache-7
7fee7c003000-7fee7c004000 r--s 00000000 103:02 15335741                  /var/cache/fontconfig/b9d506c9ac06c20b433354fa67a72993-le64.cache-7
7fee7c004000-7fee7c017000 r--s 00000000 103:02 15335748                  /var/cache/fontconfig/d52a8644073d54c13679302ca1180695-le64.cache-7
7fee7c017000-7fee7c018000 r--s 00000000 103:02 15335706                  /var/cache/fontconfig/370e5b74bf5dafc30834de68e24a87a4-le64.cache-7
7fee7c018000-7fee7c019000 r--s 00000000 103:02 15335717                  /var/cache/fontconfig/6b2c5944714ca7831b25bed9e85cb5c8-le64.cache-7
7fee7c019000-7fee7c01a000 r--s 00000000 103:02 15335747                  /var/cache/fontconfig/d5178ab6d91b49bf20a416737dcea9e8-le64.cache-7
7fee7c01a000-7fee7c01b000 r--s 00000000 103:02 15335756                  /var/cache/fontconfig/551ecf3b0e8b0bca0f25c0944f561853-le64.cache-7
7fee7c01b000-7fee7c01e000 r--s 00000000 103:02 15335725                  /var/cache/fontconfig/f259c2cffa685e28062317905db73c4a-le64.cache-7
7fee7c01e000-7fee7c020000 r--s 00000000 103:02 15337524                  /var/cache/fontconfig/550f3886151c940c12a5ed35f6a00586-le64.cache-7
7fee7c020000-7fee7c023000 r--s 00000000 103:02 15337525                  /var/cache/fontconfig/674d1711f2d1d2a09646eb0bdcadee49-le64.cache-7
7fee7c023000-7fee7c024000 r--s 00000000 103:02 15335709                  /var/cache/fontconfig/3f7329c5293ffd510edef78f73874cfd-le64.cache-7
7fee7c024000-7fee7c030000 r--s 00000000 103:02 15340041                  /var/cache/fontconfig/d589a48862398ed80a3d6066f4f56f4c-le64.cache-7
7fee7c030000-7fee7c031000 r--s 00000000 103:02 15335695                  /var/cache/fontconfig/0c9eb80ebd1c36541ebe2852d3bb0c49-le64.cache-7
7fee7c031000-7fee7c032000 r--s 00000000 103:02 15335702                  /var/cache/fontconfig/22368d551a680bfe5a62c02760edf4ea-le64.cache-7
7fee7c032000-7fee7c033000 r--s 00000000 103:02 15335714                  /var/cache/fontconfig/4d9c95eba1cb85bbcf2878543262124a-le64.cache-7
7fee7c033000-7fee7c034000 r--s 00000000 103:02 15335731                  /var/cache/fontconfig/85e0a52ce643a7ba2ae53e5d6949cead-le64.cache-7
7fee7c034000-7fee7c035000 r--s 00000000 103:02 15335711                  /var/cache/fontconfig/49f0de54bdd920fe4f0dfd4cbac43e6b-le64.cache-7
7fee7c035000-7fee7c036000 r--s 00000000 103:02 15335758                  /var/cache/fontconfig/f6e6e0a5c3d2f6ae0c0c2e0ecd42a997-le64.cache-7
7fee7c036000-7fee7c037000 r--s 00000000 103:02 15335712                  /var/cache/fontconfig/4b2eda6bb976bda485cb2176619421d5-le64.cache-7
7fee7c037000-7fee7c045000 r--s 00000000 103:02 15335734                  /var/cache/fontconfig/9b89f8e3dae116d678bbf48e5f21f69b-le64.cache-7
7fee7c045000-7fee7c053000 r--s 00000000 103:02 15336063                  /var/cache/fontconfig/e13b20fdb08344e0e664864cc2ede53d-le64.cache-7
7fee7c053000-7fee7c058000 rw-s 00000000 00:19 1869                       /i915 (deleted)
7fee7c058000-7fee7c05c000 rw-s 00000000 00:19 1863                       /i915 (deleted)
7fee7c05c000-7fee7c0fb000 rw-p 00000000 00:00 0 
7fee7c0fb000-7fee7c354000 ---p 00000000 00:00 0 
7fee7c354000-7fee7c36f000 r-xp 00000000 103:02 9441128                   /usr/lib/jvm/java-8-oracle/jre/lib/amd64/libzip.so
7fee7c36f000-7fee7c56f000 ---p 0001b000 103:02 9441128                   /usr/lib/jvm/java-8-oracle/jre/lib/amd64/libzip.so
7fee7c56f000-7fee7c570000 rw-p 0001b000 103:02 9441128                   /usr/lib/jvm/java-8-oracle/jre/lib/amd64/libzip.so
7fee7c570000-7fee7c57b000 r-xp 00000000 103:02 266930                    /lib/x86_64-linux-gnu/libnss_files-2.27.so
7fee7c57b000-7fee7c77a000 ---p 0000b000 103:02 266930                    /lib/x86_64-linux-gnu/libnss_files-2.27.so
7fee7c77a000-7fee7c77b000 r--p 0000a000 103:02 266930                    /lib/x86_64-linux-gnu/libnss_files-2.27.so
7fee7c77b000-7fee7c77c000 rw-p 0000b000 103:02 266930                    /lib/x86_64-linux-gnu/libnss_files-2.27.so
7fee7c77c000-7fee7c782000 rw-p 00000000 00:00 0 
7fee7c782000-7fee7c799000 r-xp 00000000 103:02 266924                    /lib/x86_64-linux-gnu/libnsl-2.27.so
7fee7c799000-7fee7c998000 ---p 00017000 103:02 266924                    /lib/x86_64-linux-gnu/libnsl-2.27.so
7fee7c998000-7fee7c999000 r--p 00016000 103:02 266924                    /lib/x86_64-linux-gnu/libnsl-2.27.so
7fee7c999000-7fee7c99a000 rw-p 00017000 103:02 266924                    /lib/x86_64-linux-gnu/libnsl-2.27.so
7fee7c99a000-7fee7c99c000 rw-p 00000000 00:00 0 
7fee7c99c000-7fee7c9a7000 r-xp 00000000 103:02 266941                    /lib/x86_64-linux-gnu/libnss_nis-2.27.so
7fee7c9a7000-7fee7cba6000 ---p 0000b000 103:02 266941                    /lib/x86_64-linux-gnu/libnss_nis-2.27.so
7fee7cba6000-7fee7cba7000 r--p 0000a000 103:02 266941                    /lib/x86_64-linux-gnu/libnss_nis-2.27.so
7fee7cba7000-7fee7cba8000 rw-p 0000b000 103:02 266941                    /lib/x86_64-linux-gnu/libnss_nis-2.27.so
7fee7cba8000-7fee7cbb0000 r-xp 00000000 103:02 266926                    /lib/x86_64-linux-gnu/libnss_compat-2.27.so
7fee7cbb0000-7fee7cdb0000 ---p 00008000 103:02 266926                    /lib/x86_64-linux-gnu/libnss_compat-2.27.so
7fee7cdb0000-7fee7cdb1000 r--p 00008000 103:02 266926                    /lib/x86_64-linux-gnu/libnss_compat-2.27.so
7fee7cdb1000-7fee7cdb2000 rw-p 00009000 103:02 266926                    /lib/x86_64-linux-gnu/libnss_compat-2.27.so
7fee7cdb2000-7fee7cddd000 r-xp 00000000 103:02 9441122                   /usr/lib/jvm/java-8-oracle/jre/lib/amd64/libjava.so
7fee7cddd000-7fee7cfdc000 ---p 0002b000 103:02 9441122                   /usr/lib/jvm/java-8-oracle/jre/lib/amd64/libjava.so
7fee7cfdc000-7fee7cfde000 rw-p 0002a000 103:02 9441122                   /usr/lib/jvm/java-8-oracle/jre/lib/amd64/libjava.so
7fee7cfde000-7fee7cfeb000 r-xp 00000000 103:02 9441127                   /usr/lib/jvm/java-8-oracle/jre/lib/amd64/libverify.so
7fee7cfeb000-7fee7d1eb000 ---p 0000d000 103:02 9441127                   /usr/lib/jvm/java-8-oracle/jre/lib/amd64/libverify.so
7fee7d1eb000-7fee7d1ed000 rw-p 0000d000 103:02 9441127                   /usr/lib/jvm/java-8-oracle/jre/lib/amd64/libverify.so
7fee7d1ed000-7fee7d1f4000 r-xp 00000000 103:02 266981                    /lib/x86_64-linux-gnu/librt-2.27.so
7fee7d1f4000-7fee7d3f3000 ---p 00007000 103:02 266981                    /lib/x86_64-linux-gnu/librt-2.27.so
7fee7d3f3000-7fee7d3f4000 r--p 00006000 103:02 266981                    /lib/x86_64-linux-gnu/librt-2.27.so
7fee7d3f4000-7fee7d3f5000 rw-p 00007000 103:02 266981                    /lib/x86_64-linux-gnu/librt-2.27.so
7fee7d3f5000-7fee7d592000 r-xp 00000000 103:02 266903                    /lib/x86_64-linux-gnu/libm-2.27.so
7fee7d592000-7fee7d791000 ---p 0019d000 103:02 266903                    /lib/x86_64-linux-gnu/libm-2.27.so
7fee7d791000-7fee7d792000 r--p 0019c000 103:02 266903                    /lib/x86_64-linux-gnu/libm-2.27.so
7fee7d792000-7fee7d793000 rw-p 0019d000 103:02 266903                    /lib/x86_64-linux-gnu/libm-2.27.so
7fee7d793000-7fee7e46c000 r-xp 00000000 103:02 9441104                   /usr/lib/jvm/java-8-oracle/jre/lib/amd64/server/libjvm.so
7fee7e46c000-7fee7e66b000 ---p 00cd9000 103:02 9441104                   /usr/lib/jvm/java-8-oracle/jre/lib/amd64/server/libjvm.so
7fee7e66b000-7fee7e745000 rw-p 00cd8000 103:02 9441104                   /usr/lib/jvm/java-8-oracle/jre/lib/amd64/server/libjvm.so
7fee7e745000-7fee7e790000 rw-p 00000000 00:00 0 
7fee7e790000-7fee7e977000 r-xp 00000000 103:02 266840                    /lib/x86_64-linux-gnu/libc-2.27.so
7fee7e977000-7fee7eb77000 ---p 001e7000 103:02 266840                    /lib/x86_64-linux-gnu/libc-2.27.so
7fee7eb77000-7fee7eb7b000 r--p 001e7000 103:02 266840                    /lib/x86_64-linux-gnu/libc-2.27.so
7fee7eb7b000-7fee7eb7d000 rw-p 001eb000 103:02 266840                    /lib/x86_64-linux-gnu/libc-2.27.so
7fee7eb7d000-7fee7eb81000 rw-p 00000000 00:00 0 
7fee7eb81000-7fee7eb84000 r-xp 00000000 103:02 266863                    /lib/x86_64-linux-gnu/libdl-2.27.so
7fee7eb84000-7fee7ed83000 ---p 00003000 103:02 266863                    /lib/x86_64-linux-gnu/libdl-2.27.so
7fee7ed83000-7fee7ed84000 r--p 00002000 103:02 266863                    /lib/x86_64-linux-gnu/libdl-2.27.so
7fee7ed84000-7fee7ed85000 rw-p 00003000 103:02 266863                    /lib/x86_64-linux-gnu/libdl-2.27.so
7fee7ed85000-7fee7ed9b000 r-xp 00000000 103:02 9441099                   /usr/lib/jvm/java-8-oracle/jre/lib/amd64/jli/libjli.so
7fee7ed9b000-7fee7ef9a000 ---p 00016000 103:02 9441099                   /usr/lib/jvm/java-8-oracle/jre/lib/amd64/jli/libjli.so
7fee7ef9a000-7fee7ef9b000 rw-p 00015000 103:02 9441099                   /usr/lib/jvm/java-8-oracle/jre/lib/amd64/jli/libjli.so
7fee7ef9b000-7fee7efb5000 r-xp 00000000 103:02 266973                    /lib/x86_64-linux-gnu/libpthread-2.27.so
7fee7efb5000-7fee7f1b4000 ---p 0001a000 103:02 266973                    /lib/x86_64-linux-gnu/libpthread-2.27.so
7fee7f1b4000-7fee7f1b5000 r--p 00019000 103:02 266973                    /lib/x86_64-linux-gnu/libpthread-2.27.so
7fee7f1b5000-7fee7f1b6000 rw-p 0001a000 103:02 266973                    /lib/x86_64-linux-gnu/libpthread-2.27.so
7fee7f1b6000-7fee7f1ba000 rw-p 00000000 00:00 0 
7fee7f1ba000-7fee7f1e1000 r-xp 00000000 103:02 266812                    /lib/x86_64-linux-gnu/ld-2.27.so
7fee7f1e1000-7fee7f1e3000 r--s 00000000 103:02 15335726                  /var/cache/fontconfig/6afa1bb216ce958c1589e297e8008489-le64.cache-7
7fee7f1e3000-7fee7f1e7000 rw-s 00000000 00:19 1861                       /i915 (deleted)
7fee7f1e7000-7fee7f1ec000 rw-s 00000000 00:19 1860                       /i915 (deleted)
7fee7f1ec000-7fee7f1f1000 rw-s 00000000 00:19 1858                       /i915 (deleted)
7fee7f1f2000-7fee7f1f6000 rw-s 00000000 00:19 1851                       /i915 (deleted)
7fee7f1f6000-7fee7f2c6000 rw-p 00000000 00:00 0 
7fee7f2c6000-7fee7f2c7000 ---p 00000000 00:00 0 
7fee7f2c7000-7fee7f2ca000 ---p 00000000 00:00 0 
7fee7f2ca000-7fee7f3c9000 rw-p 00000000 00:00 0 
7fee7f3c9000-7fee7f3ca000 rwxp 00000000 00:00 0 
7fee7f3ca000-7fee7f3ce000 rw-s 00000000 00:19 1849                       /i915 (deleted)
7fee7f3ce000-7fee7f3d3000 rw-s 00000000 00:19 1848                       /i915 (deleted)
7fee7f3d3000-7fee7f3d5000 r--s 00550000 103:02 13896406                  /home/austin/OneDrive/Documents/Netbeans Projects/TarkovTraderGit/TarkovTraderClient/dist/run1348247587/TarkovTrader.jar
7fee7f3d5000-7fee7f3dd000 rw-s 00000000 103:02 13238365                  /tmp/hsperfdata_austin/5106
7fee7f3dd000-7fee7f3de000 rw-p 00000000 00:00 0 
7fee7f3de000-7fee7f3df000 r--p 00000000 00:00 0 
7fee7f3df000-7fee7f3e1000 rw-p 00000000 00:00 0 
7fee7f3e1000-7fee7f3e2000 r--p 00027000 103:02 266812                    /lib/x86_64-linux-gnu/ld-2.27.so
7fee7f3e2000-7fee7f3e3000 rw-p 00028000 103:02 266812                    /lib/x86_64-linux-gnu/ld-2.27.so
7fee7f3e3000-7fee7f3e4000 rw-p 00000000 00:00 0 
7ffff4fe0000-7ffff5001000 rw-p 00000000 00:00 0                          [stack]
7ffff50d0000-7ffff50d3000 r--p 00000000 00:00 0                          [vvar]
7ffff50d3000-7ffff50d5000 r-xp 00000000 00:00 0                          [vdso]
ffffffffff600000-ffffffffff601000 r-xp 00000000 00:00 0                  [vsyscall]

VM Arguments:
jvm_args: -Dfile.encoding=UTF-8 
java_command: /home/austin/OneDrive/Documents/Netbeans Projects/TarkovTraderGit/TarkovTraderClient/dist/run1348247587/TarkovTrader.jar
java_class_path (initial): /home/austin/OneDrive/Documents/Netbeans Projects/TarkovTraderGit/TarkovTraderClient/dist/run1348247587/TarkovTrader.jar
Launcher Type: SUN_STANDARD

Environment Variables:
JAVA_HOME=/usr/lib/jvm/java-8-oracle
PATH=/usr/local/sbin:/usr/local/bin:/usr/sbin:/usr/bin:/sbin:/bin:/usr/games:/usr/local/games:/snap/bin:/usr/lib/jvm/java-8-oracle/bin:/usr/lib/jvm/java-8-oracle/db/bin:/usr/lib/jvm/java-8-oracle/jre/bin
USERNAME=austin
LD_LIBRARY_PATH=/usr/lib/jvm/java-8-oracle/jre/lib/amd64:/usr/lib/jvm/java-8-oracle/jre/lib/i386:
SHELL=/bin/bash
DISPLAY=:0

Signal Handlers:
SIGSEGV: [libjvm.so+0xad0890], sa_mask[0]=11111111011111111101111111111110, sa_flags=SA_RESTART|SA_SIGINFO
SIGBUS: [libjvm.so+0xad0890], sa_mask[0]=11111111011111111101111111111110, sa_flags=SA_RESTART|SA_SIGINFO
SIGFPE: [libjvm.so+0x928640], sa_mask[0]=11111111011111111101111111111110, sa_flags=SA_RESTART|SA_SIGINFO
SIGPIPE: SIG_IGN, sa_mask[0]=00000000000010000000000000000000, sa_flags=SA_RESTART
SIGXFSZ: [libjvm.so+0x928640], sa_mask[0]=11111111011111111101111111111110, sa_flags=SA_RESTART|SA_SIGINFO
SIGILL: [libjvm.so+0x928640], sa_mask[0]=11111111011111111101111111111110, sa_flags=SA_RESTART|SA_SIGINFO
SIGUSR1: SIG_DFL, sa_mask[0]=00000000000000000000000000000000, sa_flags=none
SIGUSR2: [libjvm.so+0x929ea0], sa_mask[0]=00100000000000000000000000000000, sa_flags=SA_RESTART|SA_SIGINFO
SIGHUP: [libjvm.so+0x92b2a0], sa_mask[0]=11111111011111111101111111111110, sa_flags=SA_RESTART|SA_SIGINFO
SIGINT: SIG_IGN, sa_mask[0]=00000000000000000000000000000000, sa_flags=none
SIGTERM: [libjvm.so+0x92b2a0], sa_mask[0]=11111111011111111101111111111110, sa_flags=SA_RESTART|SA_SIGINFO
SIGQUIT: [libjvm.so+0x92b2a0], sa_mask[0]=11111111011111111101111111111110, sa_flags=SA_RESTART|SA_SIGINFO


---------------  S Y S T E M  ---------------

OS:DISTRIB_ID=Ubuntu
DISTRIB_RELEASE=18.04
DISTRIB_CODENAME=bionic
DISTRIB_DESCRIPTION="Ubuntu 18.04 LTS"

uname:Linux 4.15.0-29-generic #31-Ubuntu SMP Tue Jul 17 15:39:52 UTC 2018 x86_64
libc:glibc 2.27 NPTL 2.27 
rlimit: STACK 8192k, CORE 0k, NPROC 30365, NOFILE 1048576, AS infinity
load average:0.66 0.83 0.70

/proc/meminfo:
MemTotal:        7877392 kB
MemFree:         3070756 kB
MemAvailable:    4448080 kB
Buffers:          117964 kB
Cached:          1728736 kB
SwapCached:            0 kB
Active:          2982436 kB
Inactive:        1509812 kB
Active(anon):    2446560 kB
Inactive(anon):   485524 kB
Active(file):     535876 kB
Inactive(file):  1024288 kB
Unevictable:          48 kB
Mlocked:              48 kB
SwapTotal:       2097148 kB
SwapFree:        2097148 kB
Dirty:              8376 kB
Writeback:             0 kB
AnonPages:       2645556 kB
Mapped:           637144 kB
Shmem:            486648 kB
Slab:             157240 kB
SReclaimable:      91212 kB
SUnreclaim:        66028 kB
KernelStack:       13536 kB
PageTables:        46308 kB
NFS_Unstable:          0 kB
Bounce:                0 kB
WritebackTmp:          0 kB
CommitLimit:     6035844 kB
Committed_AS:    8200444 kB
VmallocTotal:   34359738367 kB
VmallocUsed:           0 kB
VmallocChunk:          0 kB
HardwareCorrupted:     0 kB
AnonHugePages:         0 kB
ShmemHugePages:        0 kB
ShmemPmdMapped:        0 kB
CmaTotal:              0 kB
CmaFree:               0 kB
HugePages_Total:       0
HugePages_Free:        0
HugePages_Rsvd:        0
HugePages_Surp:        0
Hugepagesize:       2048 kB
DirectMap4k:      164720 kB
DirectMap2M:     5834752 kB
DirectMap1G:     2097152 kB


CPU:total 8 (initial active 8) (4 cores per cpu, 2 threads per core) family 6 model 142 stepping 10, cmov, cx8, fxsr, mmx, sse, sse2, sse3, ssse3, sse4.1, sse4.2, popcnt, avx, avx2, aes, clmul, erms, 3dnowpref, lzcnt, ht, tsc, tscinvbit, bmi1, bmi2, adx

/proc/cpuinfo:
processor	: 0
vendor_id	: GenuineIntel
cpu family	: 6
model		: 142
model name	: Intel(R) Core(TM) i7-8550U CPU @ 1.80GHz
stepping	: 10
microcode	: 0x84
cpu MHz		: 2693.614
cache size	: 8192 KB
physical id	: 0
siblings	: 8
core id		: 0
cpu cores	: 4
apicid		: 0
initial apicid	: 0
fpu		: yes
fpu_exception	: yes
cpuid level	: 22
wp		: yes
flags		: fpu vme de pse tsc msr pae mce cx8 apic sep mtrr pge mca cmov pat pse36 clflush dts acpi mmx fxsr sse sse2 ss ht tm pbe syscall nx pdpe1gb rdtscp lm constant_tsc art arch_perfmon pebs bts rep_good nopl xtopology nonstop_tsc cpuid aperfmperf tsc_known_freq pni pclmulqdq dtes64 monitor ds_cpl vmx est tm2 ssse3 sdbg fma cx16 xtpr pdcm pcid sse4_1 sse4_2 x2apic movbe popcnt tsc_deadline_timer aes xsave avx f16c rdrand lahf_lm abm 3dnowprefetch cpuid_fault epb invpcid_single pti ibrs ibpb stibp tpr_shadow vnmi flexpriority ept vpid fsgsbase tsc_adjust bmi1 avx2 smep bmi2 erms invpcid mpx rdseed adx smap clflushopt intel_pt xsaveopt xsavec xgetbv1 xsaves dtherm ida arat pln pts hwp hwp_notify hwp_act_window hwp_epp
bugs		: cpu_meltdown spectre_v1 spectre_v2 spec_store_bypass
bogomips	: 3984.00
clflush size	: 64
cache_alignment	: 64
address sizes	: 39 bits physical, 48 bits virtual
power management:

processor	: 1
vendor_id	: GenuineIntel
cpu family	: 6
model		: 142
model name	: Intel(R) Core(TM) i7-8550U CPU @ 1.80GHz
stepping	: 10
microcode	: 0x84
cpu MHz		: 2413.316
cache size	: 8192 KB
physical id	: 0
siblings	: 8
core id		: 1
cpu cores	: 4
apicid		: 2
initial apicid	: 2
fpu		: yes
fpu_exception	: yes
cpuid level	: 22
wp		: yes
flags		: fpu vme de pse tsc msr pae mce cx8 apic sep mtrr pge mca cmov pat pse36 clflush dts acpi mmx fxsr sse sse2 ss ht tm pbe syscall nx pdpe1gb rdtscp lm constant_tsc art arch_perfmon pebs bts rep_good nopl xtopology nonstop_tsc cpuid aperfmperf tsc_known_freq pni pclmulqdq dtes64 monitor ds_cpl vmx est tm2 ssse3 sdbg fma cx16 xtpr pdcm pcid sse4_1 sse4_2 x2apic movbe popcnt tsc_deadline_timer aes xsave avx f16c rdrand lahf_lm abm 3dnowprefetch cpuid_fault epb invpcid_single pti ibrs ibpb stibp tpr_shadow vnmi flexpriority ept vpid fsgsbase tsc_adjust bmi1 avx2 smep bmi2 erms invpcid mpx rdseed adx smap clflushopt intel_pt xsaveopt xsavec xgetbv1 xsaves dtherm ida arat pln pts hwp hwp_notify hwp_act_window hwp_epp
bugs		: cpu_meltdown spectre_v1 spectre_v2 spec_store_bypass
bogomips	: 3984.00
clflush size	: 64
cache_alignment	: 64
address sizes	: 39 bits physical, 48 bits virtual
power management:

processor	: 2
vendor_id	: GenuineIntel
cpu family	: 6
model		: 142
model name	: Intel(R) Core(TM) i7-8550U CPU @ 1.80GHz
stepping	: 10
microcode	: 0x84
cpu MHz		: 2673.681
cache size	: 8192 KB
physical id	: 0
siblings	: 8
core id		: 2
cpu cores	: 4
apicid		: 4
initial apicid	: 4
fpu		: yes
fpu_exception	: yes
cpuid level	: 22
wp		: yes
flags		: fpu vme de pse tsc msr pae mce cx8 apic sep mtrr pge mca cmov pat pse36 clflush dts acpi mmx fxsr sse sse2 ss ht tm pbe syscall nx pdpe1gb rdtscp lm constant_tsc art arch_perfmon pebs bts rep_good nopl xtopology nonstop_tsc cpuid aperfmperf tsc_known_freq pni pclmulqdq dtes64 monitor ds_cpl vmx est tm2 ssse3 sdbg fma cx16 xtpr pdcm pcid sse4_1 sse4_2 x2apic movbe popcnt tsc_deadline_timer aes xsave avx f16c rdrand lahf_lm abm 3dnowprefetch cpuid_fault epb invpcid_single pti ibrs ibpb stibp tpr_shadow vnmi flexpriority ept vpid fsgsbase tsc_adjust bmi1 avx2 smep bmi2 erms invpcid mpx rdseed adx smap clflushopt intel_pt xsaveopt xsavec xgetbv1 xsaves dtherm ida arat pln pts hwp hwp_notify hwp_act_window hwp_epp
bugs		: cpu_meltdown spectre_v1 spectre_v2 spec_store_bypass
bogomips	: 3984.00
clflush size	: 64
cache_alignment	: 64
address sizes	: 39 bits physical, 48 bits virtual
power management:

processor	: 3
vendor_id	: GenuineIntel
cpu family	: 6
model		: 142
model name	: Intel(R) Core(TM) i7-8550U CPU @ 1.80GHz
stepping	: 10
microcode	: 0x84
cpu MHz		: 2538.942
cache size	: 8192 KB
physical id	: 0
siblings	: 8
core id		: 3
cpu cores	: 4
apicid		: 6
initial apicid	: 6
fpu		: yes
fpu_exception	: yes
cpuid level	: 22
wp		: yes
flags		: fpu vme de pse tsc msr pae mce cx8 apic sep mtrr pge mca cmov pat pse36 clflush dts acpi mmx fxsr sse sse2 ss ht tm pbe syscall nx pdpe1gb rdtscp lm constant_tsc art arch_perfmon pebs bts rep_good nopl xtopology nonstop_tsc cpuid aperfmperf tsc_known_freq pni pclmulqdq dtes64 monitor ds_cpl vmx est tm2 ssse3 sdbg fma cx16 xtpr pdcm pcid sse4_1 sse4_2 x2apic movbe popcnt tsc_deadline_timer aes xsave avx f16c rdrand lahf_lm abm 3dnowprefetch cpuid_fault epb invpcid_single pti ibrs ibpb stibp tpr_shadow vnmi flexpriority ept vpid fsgsbase tsc_adjust bmi1 avx2 smep bmi2 erms invpcid mpx rdseed adx smap clflushopt intel_pt xsaveopt xsavec xgetbv1 xsaves dtherm ida arat pln pts hwp hwp_notify hwp_act_window hwp_epp
bugs		: cpu_meltdown spectre_v1 spectre_v2 spec_store_bypass
bogomips	: 3984.00
clflush size	: 64
cache_alignment	: 64
address sizes	: 39 bits physical, 48 bits virtual
power management:

processor	: 4
vendor_id	: GenuineIntel
cpu family	: 6
model		: 142
model name	: Intel(R) Core(TM) i7-8550U CPU @ 1.80GHz
stepping	: 10
microcode	: 0x84
cpu MHz		: 2293.801
cache size	: 8192 KB
physical id	: 0
siblings	: 8
core id		: 0
cpu cores	: 4
apicid		: 1
initial apicid	: 1
fpu		: yes
fpu_exception	: yes
cpuid level	: 22
wp		: yes
flags		: fpu vme de pse tsc msr pae mce cx8 apic sep mtrr pge mca cmov pat pse36 clflush dts acpi mmx fxsr sse sse2 ss ht tm pbe syscall nx pdpe1gb rdtscp lm constant_tsc art arch_perfmon pebs bts rep_good nopl xtopology nonstop_tsc cpuid aperfmperf tsc_known_freq pni pclmulqdq dtes64 monitor ds_cpl vmx est tm2 ssse3 sdbg fma cx16 xtpr pdcm pcid sse4_1 sse4_2 x2apic movbe popcnt tsc_deadline_timer aes xsave avx f16c rdrand lahf_lm abm 3dnowprefetch cpuid_fault epb invpcid_single pti ibrs ibpb stibp tpr_shadow vnmi flexpriority ept vpid fsgsbase tsc_adjust bmi1 avx2 smep bmi2 erms invpcid mpx rdseed adx smap clflushopt intel_pt xsaveopt xsavec xgetbv1 xsaves dtherm ida arat pln pts hwp hwp_notify hwp_act_window hwp_epp
bugs		: cpu_meltdown spectre_v1 spectre_v2 spec_store_bypass
bogomips	: 3984.00
clflush size	: 64
cache_alignment	: 64
address sizes	: 39 bits physical, 48 bits virtual
power management:

processor	: 5
vendor_id	: GenuineIntel
cpu family	: 6
model		: 142
model name	: Intel(R) Core(TM) i7-8550U CPU @ 1.80GHz
stepping	: 10
microcode	: 0x84
cpu MHz		: 2285.356
cache size	: 8192 KB
physical id	: 0
siblings	: 8
core id		: 1
cpu cores	: 4
apicid		: 3
initial apicid	: 3
fpu		: yes
fpu_exception	: yes
cpuid level	: 22
wp		: yes
flags		: fpu vme de pse tsc msr pae mce cx8 apic sep mtrr pge mca cmov pat pse36 clflush dts acpi mmx fxsr sse sse2 ss ht tm pbe syscall nx pdpe1gb rdtscp lm constant_tsc art arch_perfmon pebs bts rep_good nopl xtopology nonstop_tsc cpuid aperfmperf tsc_known_freq pni pclmulqdq dtes64 monitor ds_cpl vmx est tm2 ssse3 sdbg fma cx16 xtpr pdcm pcid sse4_1 sse4_2 x2apic movbe popcnt tsc_deadline_timer aes xsave avx f16c rdrand lahf_lm abm 3dnowprefetch cpuid_fault epb invpcid_single pti ibrs ibpb stibp tpr_shadow vnmi flexpriority ept vpid fsgsbase tsc_adjust bmi1 avx2 smep bmi2 erms invpcid mpx rdseed adx smap clflushopt intel_pt xsaveopt xsavec xgetbv1 xsaves dtherm ida arat pln pts hwp hwp_notify hwp_act_window hwp_epp
bugs		: cpu_meltdown spectre_v1 spectre_v2 spec_store_bypass
bogomips	: 3984.00
clflush size	: 64
cache_alignment	: 64
address sizes	: 39 bits physical, 48 bits virtual
power management:

processor	: 6
vendor_id	: GenuineIntel
cpu family	: 6
model		: 142
model name	: Intel(R) Core(TM) i7-8550U CPU @ 1.80GHz
stepping	: 10
microcode	: 0x84
cpu MHz		: 2621.816
cache size	: 8192 KB
physical id	: 0
siblings	: 8
core id		: 2
cpu cores	: 4
apicid		: 5
initial apicid	: 5
fpu		: yes
fpu_exception	: yes
cpuid level	: 22
wp		: yes
flags		: fpu vme de pse tsc msr pae mce cx8 apic sep mtrr pge mca cmov pat pse36 clflush dts acpi mmx fxsr sse sse2 ss ht tm pbe syscall nx pdpe1gb rdtscp lm constant_tsc art arch_perfmon pebs bts rep_good nopl xtopology nonstop_tsc cpuid aperfmperf tsc_known_freq pni pclmulqdq dtes64 monitor ds_cpl vmx est tm2 ssse3 sdbg fma cx16 xtpr pdcm pcid sse4_1 sse4_2 x2apic movbe popcnt tsc_deadline_timer aes xsave avx f16c rdrand lahf_lm abm 3dnowprefetch cpuid_fault epb invpcid_single pti ibrs ibpb stibp tpr_shadow vnmi flexpriority ept vpid fsgsbase tsc_adjust bmi1 avx2 smep bmi2 erms invpcid mpx rdseed adx smap clflushopt intel_pt xsaveopt xsavec xgetbv1 xsaves dtherm ida arat pln pts hwp hwp_notify hwp_act_window hwp_epp
bugs		: cpu_meltdown spectre_v1 spectre_v2 spec_store_bypass
bogomips	: 3984.00
clflush size	: 64
cache_alignment	: 64
address sizes	: 39 bits physical, 48 bits virtual
power management:

processor	: 7
vendor_id	: GenuineIntel
cpu family	: 6
model		: 142
model name	: Intel(R) Core(TM) i7-8550U CPU @ 1.80GHz
stepping	: 10
microcode	: 0x84
cpu MHz		: 2644.524
cache size	: 8192 KB
physical id	: 0
siblings	: 8
core id		: 3
cpu cores	: 4
apicid		: 7
initial apicid	: 7
fpu		: yes
fpu_exception	: yes
cpuid level	: 22
wp		: yes
flags		: fpu vme de pse tsc msr pae mce cx8 apic sep mtrr pge mca cmov pat pse36 clflush dts acpi mmx fxsr sse sse2 ss ht tm pbe syscall nx pdpe1gb rdtscp lm constant_tsc art arch_perfmon pebs bts rep_good nopl xtopology nonstop_tsc cpuid aperfmperf tsc_known_freq pni pclmulqdq dtes64 monitor ds_cpl vmx est tm2 ssse3 sdbg fma cx16 xtpr pdcm pcid sse4_1 sse4_2 x2apic movbe popcnt tsc_deadline_timer aes xsave avx f16c rdrand lahf_lm abm 3dnowprefetch cpuid_fault epb invpcid_single pti ibrs ibpb stibp tpr_shadow vnmi flexpriority ept vpid fsgsbase tsc_adjust bmi1 avx2 smep bmi2 erms invpcid mpx rdseed adx smap clflushopt intel_pt xsaveopt xsavec xgetbv1 xsaves dtherm ida arat pln pts hwp hwp_notify hwp_act_window hwp_epp
bugs		: cpu_meltdown spectre_v1 spectre_v2 spec_store_bypass
bogomips	: 3984.00
clflush size	: 64
cache_alignment	: 64
address sizes	: 39 bits physical, 48 bits virtual
power management:



Memory: 4k page, physical 7877392k(3063076k free), swap 2097148k(2097148k free)

vm_info: Java HotSpot(TM) 64-Bit Server VM (25.171-b11) for linux-amd64 JRE (1.8.0_171-b11), built on Mar 28 2018 17:07:08 by "java_re" with gcc 4.3.0 20080428 (Red Hat 4.3.0-8)

time: Sun Jul 22 19:18:54 2018
elapsed time: 4 seconds (0d 0h 0m 4s)

