#
# A fatal error has been detected by the Java Runtime Environment:
#
#  SIGSEGV (0xb) at pc=0x00007fc3a97a61da, pid=7750, tid=0x00007fc32ffff700
#
# JRE version: Java(TM) SE Runtime Environment (8.0_181-b13) (build 1.8.0_181-b13)
# Java VM: Java HotSpot(TM) 64-Bit Server VM (25.181-b13 mixed mode linux-amd64 compressed oops)
# Problematic frame:
# V  [libjvm.so+0x6da1da]  jni_invoke_nonstatic(JNIEnv_*, JavaValue*, _jobject*, JNICallType, _jmethodID*, JNI_ArgumentPusher*, Thread*)+0x93a
#
# Failed to write core dump. Core dumps have been disabled. To enable core dumping, try "ulimit -c unlimited" before starting Java again
#
# If you would like to submit a bug report, please visit:
#   http://bugreport.java.com/bugreport/crash.jsp
#

---------------  T H R E A D  ---------------

Current thread (0x00007fc3a4420800):  JavaThread "JavaFX Application Thread" [_thread_in_vm, id=7775, stack(0x00007fc32feff000,0x00007fc330000000)]

siginfo: si_signo: 11 (SIGSEGV), si_code: 1 (SEGV_MAPERR), si_addr: 0x00000006cec03098

Registers:
RAX=0x0000000000000034, RBX=0x0000000000000005, RCX=0x0000000000000003, RDX=0x00000006cec02d40
RSP=0x00007fc32fffe0c0, RBP=0x00007fc32fffe240, RSI=0x00000001000a48f8, RDI=0x00007fc3a44209f8
R8 =0x0000000000000034, R9 =0x00007fc32fffe270, R10=0x00007fc328000e00, R11=0x00007fc394fb5b60
R12=0x00007fc3400013a0, R13=0x00007fc3a4385f98, R14=0x0000000000000000, R15=0x00007fc3a43c4a28
RIP=0x00007fc3a97a61da, EFLAGS=0x0000000000010202, CSGSFS=0x002b000000000033, ERR=0x0000000000000004
  TRAPNO=0x000000000000000e

Top of Stack: (sp=0x00007fc32fffe0c0)
0x00007fc32fffe0c0:   00007fc32fffe7c0 00007fc32fffe3e0
0x00007fc32fffe0d0:   00007fc32fffe120 00007fc32fffe1a0
0x00007fc32fffe0e0:   00007fc32fffe270 00007fc32fffe2d0
0x00007fc32fffe0f0:   00007fc3a44209f8 00007fc3a97c53e0
0x00007fc32fffe100:   00007fc350011980 00007fc350011990
0x00007fc32fffe110:   00007fc350011d68 00000000000003d8
0x00007fc32fffe120:   0000000000000000 00000000d9d80d20
0x00007fc32fffe130:   00007fc30000006f 00007fc30000000a
0x00007fc32fffe140:   00000000d8127af8 0000000000000000
0x00007fc32fffe150:   0000000000000000 0000000000000000
0x00007fc32fffe160:   00007fc3932f9d78 0000000100000100
0x00007fc32fffe170:   0000000000000000 00007fc32fffe128
0x00007fc32fffe180:   00007fc32fffe169 0000000800000005
0x00007fc32fffe190:   00007fc32fffe100 00007fc3a4420e10
0x00007fc32fffe1a0:   00007fc3aa03b430 00007fc3aab88870
0x00007fc32fffe1b0:   00000000a4420d90 00007fc3a4420800
0x00007fc32fffe1c0:   0000000000000000 00007fc3a97a5cab
0x00007fc32fffe1d0:   00007fc393303fa0 00007fc3a4420800
0x00007fc32fffe1e0:   00007fc393303fa0 00007fc3a4420800
0x00007fc32fffe1f0:   00007fc32fffe380 00007fc393303fa0
0x00007fc32fffe200:   00007fc393303fa0 00007fc393303fa0
0x00007fc32fffe210:   00007fc350011980 00007fc32fffe270
0x00007fc32fffe220:   00007fc3a4420800 00007fc32fffe2b0
0x00007fc32fffe230:   00007fc3a4385f98 00007fc3a44209f8
0x00007fc32fffe240:   00007fc32fffe330 00007fc3a97aa07f
0x00007fc32fffe250:   00007fc3a4420800 00007fc37348f614
0x00007fc32fffe260:   00007fc32fffe348 00007fc3281716a0
0x00007fc32fffe270:   00007fc3aa03c0b0 00007fc3aab88870
0x00007fc32fffe280:   0000000000000000 00007fc300000063
0x00007fc32fffe290:   0000000000000000 0000003000000018
0x00007fc32fffe2a0:   00007fc32fffe420 00007fc32fffe360
0x00007fc32fffe2b0:   00007fc3a4420800 0000000000000000 

Instructions: (pc=0x00007fc3a97a61da)
0x00007fc3a97a61ba:   f8 fe 0f 84 72 f7 ff ff 48 8b 05 2f 9c 8a 00 80
0x00007fc3a97a61ca:   38 00 0f 85 ed 00 00 00 49 8b 54 24 08 49 63 c0
0x00007fc3a97a61da:   4c 8b ac c2 b8 01 00 00 e9 50 f7 ff ff 66 0f 1f
0x00007fc3a97a61ea:   84 00 00 00 00 00 e8 db d7 1d 00 89 c0 48 8d 14 

Register to memory mapping:

RAX=0x0000000000000034 is an unknown value
RBX=0x0000000000000005 is an unknown value
RCX=0x0000000000000003 is an unknown value
RDX=0x00000006cec02d40 is an unknown value
RSP=0x00007fc32fffe0c0 is pointing into the stack for thread: 0x00007fc3a4420800
RBP=0x00007fc32fffe240 is pointing into the stack for thread: 0x00007fc3a4420800
RSI=0x00000001000a48f8 is pointing into metadata
RDI=0x00007fc3a44209f8 is an unknown value
R8 =0x0000000000000034 is an unknown value
R9 =0x00007fc32fffe270 is pointing into the stack for thread: 0x00007fc3a4420800
R10=0x00007fc328000e00 is an unknown value
R11=0x00007fc394fb5b60 is at entry_point+32 in (nmethod*)0x00007fc394fb59d0
R12=0x00007fc3400013a0 is a weak global jni handle
R13=0x00007fc3a4385f98 is an unknown value
R14=0x0000000000000000 is an unknown value
R15=0x00007fc3a43c4a28 is an unknown value


Stack: [0x00007fc32feff000,0x00007fc330000000],  sp=0x00007fc32fffe0c0,  free space=1020k
Native frames: (J=compiled Java code, j=interpreted, Vv=VM code, C=native code)
V  [libjvm.so+0x6da1da]  jni_invoke_nonstatic(JNIEnv_*, JavaValue*, _jobject*, JNICallType, _jmethodID*, JNI_ArgumentPusher*, Thread*)+0x93a
V  [libjvm.so+0x6de07f]  jni_CallVoidMethodV+0x10f
C  [libglass.so+0x18221]  JNIEnv_::CallVoidMethod(_jobject*, _jmethodID*, ...)+0x81
C  [libglass.so+0x1dbcf]  WindowContextBase::process_key(_GdkEventKey*)+0x20f
C  [libglass.so+0x1c0a0]  WindowContextBase::im_filter_keypress(_GdkEventKey*)+0x1c0
C  [libglass.so+0x21d3c]  process_events(_GdkEvent*, void*)+0x22c
C  [libgdk-x11-2.0.so.0+0x5b02c]

Java frames: (J=compiled Java code, j=interpreted, Vv=VM code)
j  com.sun.glass.ui.gtk.GtkApplication._runLoop(Ljava/lang/Runnable;Z)V+0
j  com.sun.glass.ui.gtk.GtkApplication.lambda$null$48(Ljava/lang/Runnable;Z)V+7
j  com.sun.glass.ui.gtk.GtkApplication$$Lambda$41.run()V+12
j  java.lang.Thread.run()V+11
v  ~StubRoutines::call_stub

---------------  P R O C E S S  ---------------

Java Threads: ( => current thread )
  0x00007fc3283a6000 JavaThread "Thread-5" [_thread_blocked, id=7780, stack(0x00007fc31f109000,0x00007fc31f20a000)]
  0x00007fc328286800 JavaThread "Prism Font Disposer" daemon [_thread_blocked, id=7779, stack(0x00007fc31fcfb000,0x00007fc31fdfc000)]
  0x00007fc32400f000 JavaThread "Thread-4" [_thread_in_native, id=7778, stack(0x00007fc32c7e1000,0x00007fc32c8e2000)]
  0x00007fc3280b8000 JavaThread "Thread-3" [_thread_in_native, id=7777, stack(0x00007fc32fcfd000,0x00007fc32fdfe000)]
  0x00007fc3a442a000 JavaThread "JavaFX-Launcher" [_thread_blocked, id=7776, stack(0x00007fc32fdfe000,0x00007fc32feff000)]
=>0x00007fc3a4420800 JavaThread "JavaFX Application Thread" [_thread_in_vm, id=7775, stack(0x00007fc32feff000,0x00007fc330000000)]
  0x00007fc3a441d800 JavaThread "Thread-1" daemon [_thread_blocked, id=7774, stack(0x00007fc334093000,0x00007fc334194000)]
  0x00007fc3a436e800 JavaThread "QuantumRenderer-0" daemon [_thread_blocked, id=7773, stack(0x00007fc373eff000,0x00007fc374000000)]
  0x00007fc3a421b000 JavaThread "Service Thread" daemon [_thread_blocked, id=7771, stack(0x00007fc3881de000,0x00007fc3882df000)]
  0x00007fc3a4210000 JavaThread "C1 CompilerThread3" daemon [_thread_blocked, id=7770, stack(0x00007fc3882e0000,0x00007fc3883e0000)]
  0x00007fc3a420e000 JavaThread "C2 CompilerThread2" daemon [_thread_in_native, id=7769, stack(0x00007fc390039000,0x00007fc390139000)]
  0x00007fc3a420c000 JavaThread "C2 CompilerThread1" daemon [_thread_in_native, id=7768, stack(0x00007fc39013a000,0x00007fc39023a000)]
  0x00007fc3a4209000 JavaThread "C2 CompilerThread0" daemon [_thread_in_native, id=7767, stack(0x00007fc39023b000,0x00007fc39033b000)]
  0x00007fc3a4207800 JavaThread "Signal Dispatcher" daemon [_thread_blocked, id=7766, stack(0x00007fc39033b000,0x00007fc39043c000)]
  0x00007fc3a41d5000 JavaThread "Finalizer" daemon [_thread_blocked, id=7765, stack(0x00007fc390e0b000,0x00007fc390f0c000)]
  0x00007fc3a41d2800 JavaThread "Reference Handler" daemon [_thread_blocked, id=7764, stack(0x00007fc390f0c000,0x00007fc39100d000)]
  0x00007fc3a400b800 JavaThread "main" [_thread_blocked, id=7754, stack(0x00007fc3aac04000,0x00007fc3aad04000)]

Other Threads:
  0x00007fc3a41c8800 VMThread [stack: 0x00007fc39100e000,0x00007fc39110e000] [id=7763]
  0x00007fc3a4220000 WatcherThread [stack: 0x00007fc3880de000,0x00007fc3881de000] [id=7772]

VM state:not at safepoint (normal execution)

VM Mutex/Monitor currently owned by a thread: None

Heap:
 PSYoungGen      total 36352K, used 15234K [0x00000000d7f00000, 0x00000000da780000, 0x0000000100000000)
  eden space 31232K, 32% used [0x00000000d7f00000,0x00000000d8902280,0x00000000d9d80000)
  from space 5120K, 97% used [0x00000000d9d80000,0x00000000da25e680,0x00000000da280000)
  to   space 5120K, 0% used [0x00000000da280000,0x00000000da280000,0x00000000da780000)
 ParOldGen       total 83456K, used 8K [0x0000000087c00000, 0x000000008cd80000, 0x00000000d7f00000)
  object space 83456K, 0% used [0x0000000087c00000,0x0000000087c02000,0x000000008cd80000)
 Metaspace       used 16058K, capacity 16960K, committed 17280K, reserved 1064960K
  class space    used 2364K, capacity 2604K, committed 2688K, reserved 1048576K

Card table byte_map: [0x00007fc39444f000,0x00007fc394812000] byte_map_base: 0x00007fc394011000

Marking Bits: (ParMarkBitMap*) 0x00007fc3aa0a00a0
 Begin Bits: [0x00007fc3883e0000, 0x00007fc38a1f0000)
 End Bits:   [0x00007fc38a1f0000, 0x00007fc38c000000)

Polling page: 0x00007fc3aad1b000

CodeCache: size=245760Kb used=4983Kb max_used=4983Kb free=240776Kb
 bounds [0x00007fc394bd2000, 0x00007fc3950c2000, 0x00007fc3a3bd2000]
 total_blobs=2256 nmethods=1624 adapters=545
 compilation: enabled

Compilation events (10 events):
Event: 3.947 Thread 0x00007fc3a4210000 nmethod 1621 0x00007fc3950ae850 code [0x00007fc3950aea00, 0x00007fc3950aeec8]
Event: 3.947 Thread 0x00007fc3a4210000 1620       3       javafx.scene.Node::invalidateLocalToSceneTransform (15 bytes)
Event: 3.947 Thread 0x00007fc3a4210000 nmethod 1620 0x00007fc3950af0d0 code [0x00007fc3950af260, 0x00007fc3950af788]
Event: 3.947 Thread 0x00007fc3a4210000 1622       3       com.sun.javafx.iio.common.RoughScaler::putSourceScanline (261 bytes)
Event: 3.948 Thread 0x00007fc3a4210000 nmethod 1622 0x00007fc3950af950 code [0x00007fc3950afba0, 0x00007fc3950b05d8]
Event: 3.948 Thread 0x00007fc3a420c000 1623 %     4       com.sun.javafx.iio.common.RoughScaler::putSourceScanline @ 116 (261 bytes)
Event: 3.950 Thread 0x00007fc3a4210000 1624       3       java.util.regex.Pattern::has (15 bytes)
Event: 3.950 Thread 0x00007fc3a4210000 nmethod 1624 0x00007fc3950b0bd0 code [0x00007fc3950b0d40, 0x00007fc3950b0ef0]
Event: 3.951 Thread 0x00007fc3a4210000 1625       3       java.util.ArrayList::toArray (12 bytes)
Event: 3.951 Thread 0x00007fc3a4210000 nmethod 1625 0x00007fc3950b1390 code [0x00007fc3950b1500, 0x00007fc3950b1788]

GC Heap History (2 events):
Event: 0.647 GC heap before
{Heap before GC invocations=1 (full 0):
 PSYoungGen      total 36352K, used 31232K [0x00000000d7f00000, 0x00000000da780000, 0x0000000100000000)
  eden space 31232K, 100% used [0x00000000d7f00000,0x00000000d9d80000,0x00000000d9d80000)
  from space 5120K, 0% used [0x00000000da280000,0x00000000da280000,0x00000000da780000)
  to   space 5120K, 0% used [0x00000000d9d80000,0x00000000d9d80000,0x00000000da280000)
 ParOldGen       total 83456K, used 0K [0x0000000087c00000, 0x000000008cd80000, 0x00000000d7f00000)
  object space 83456K, 0% used [0x0000000087c00000,0x0000000087c00000,0x000000008cd80000)
 Metaspace       used 14692K, capacity 15366K, committed 15488K, reserved 1062912K
  class space    used 2184K, capacity 2357K, committed 2432K, reserved 1048576K
Event: 0.653 GC heap after
Heap after GC invocations=1 (full 0):
 PSYoungGen      total 36352K, used 4985K [0x00000000d7f00000, 0x00000000da780000, 0x0000000100000000)
  eden space 31232K, 0% used [0x00000000d7f00000,0x00000000d7f00000,0x00000000d9d80000)
  from space 5120K, 97% used [0x00000000d9d80000,0x00000000da25e680,0x00000000da280000)
  to   space 5120K, 0% used [0x00000000da280000,0x00000000da280000,0x00000000da780000)
 ParOldGen       total 83456K, used 8K [0x0000000087c00000, 0x000000008cd80000, 0x00000000d7f00000)
  object space 83456K, 0% used [0x0000000087c00000,0x0000000087c02000,0x000000008cd80000)
 Metaspace       used 14692K, capacity 15366K, committed 15488K, reserved 1062912K
  class space    used 2184K, capacity 2357K, committed 2432K, reserved 1048576K
}

Deoptimization events (10 events):
Event: 0.471 Thread 0x00007fc3a4420800 Uncommon trap: reason=class_check action=maybe_recompile pc=0x00007fc394cee520 method=java.lang.String.equals(Ljava/lang/Object;)Z @ 8
Event: 0.471 Thread 0x00007fc3a4420800 Uncommon trap: reason=class_check action=maybe_recompile pc=0x00007fc394cee520 method=java.lang.String.equals(Ljava/lang/Object;)Z @ 8
Event: 0.471 Thread 0x00007fc3a4420800 Uncommon trap: reason=class_check action=maybe_recompile pc=0x00007fc394cee520 method=java.lang.String.equals(Ljava/lang/Object;)Z @ 8
Event: 0.472 Thread 0x00007fc3a4420800 Uncommon trap: reason=class_check action=maybe_recompile pc=0x00007fc394cee520 method=java.lang.String.equals(Ljava/lang/Object;)Z @ 8
Event: 0.549 Thread 0x00007fc3a4420800 Uncommon trap: reason=unstable_if action=reinterpret pc=0x00007fc394e94108 method=sun.net.www.ParseUtil.encodePath(Ljava/lang/String;Z)Ljava/lang/String; @ 109
Event: 0.603 Thread 0x00007fc3a4420800 Uncommon trap: reason=unstable_if action=reinterpret pc=0x00007fc394ebc164 method=jdk.internal.org.objectweb.asm.Type.getArgumentsAndReturnSizes(Ljava/lang/String;)I @ 47
Event: 2.935 Thread 0x00007fc3a4420800 Uncommon trap: reason=unstable_if action=reinterpret pc=0x00007fc394e1fde0 method=java.lang.CharacterData.of(I)Ljava/lang/CharacterData; @ 4
Event: 3.760 Thread 0x00007fc3a4420800 Uncommon trap: reason=unstable_if action=reinterpret pc=0x00007fc394da62cc method=java.lang.String.indexOf([CII[CIII)I @ 3
Event: 3.858 Thread 0x00007fc3a4420800 Uncommon trap: reason=unstable_if action=reinterpret pc=0x00007fc39504d394 method=tarkov.trader.client.LoginPrompt.awaitingAuthentication()Z @ 3
Event: 3.894 Thread 0x00007fc3a4420800 Uncommon trap: reason=unstable_if action=reinterpret pc=0x00007fc394fb8278 method=java.lang.StrictMath.floorOrCeil(DDDD)D @ 38

Classes redefined (0 events):
No events

Internal exceptions (10 events):
Event: 0.100 Thread 0x00007fc3a400b800 Exception <a 'java/security/PrivilegedActionException'> (0x00000000d81c3ae0) thrown at [/HUDSON/workspace/8-2-build-linux-amd64/jdk8u181/11358/hotspot/src/share/vm/prims/jvm.cpp, line 1435]
Event: 0.100 Thread 0x00007fc3a400b800 Exception <a 'java/security/PrivilegedActionException'> (0x00000000d81c5f48) thrown at [/HUDSON/workspace/8-2-build-linux-amd64/jdk8u181/11358/hotspot/src/share/vm/prims/jvm.cpp, line 1435]
Event: 0.100 Thread 0x00007fc3a400b800 Exception <a 'java/security/PrivilegedActionException'> (0x00000000d81c6158) thrown at [/HUDSON/workspace/8-2-build-linux-amd64/jdk8u181/11358/hotspot/src/share/vm/prims/jvm.cpp, line 1435]
Event: 0.100 Thread 0x00007fc3a400b800 Exception <a 'java/lang/NullPointerException'> (0x00000000d81c6730) thrown at [/HUDSON/workspace/8-2-build-linux-amd64/jdk8u181/11358/hotspot/src/share/vm/interpreter/linkResolver.cpp, line 1185]
Event: 0.295 Thread 0x00007fc3a4420800 Exception <a 'java/lang/NullPointerException'> (0x00000000d8cabef8) thrown at [/HUDSON/workspace/8-2-build-linux-amd64/jdk8u181/11358/hotspot/src/share/vm/interpreter/linkResolver.cpp, line 1185]
Event: 0.295 Thread 0x00007fc3a4420800 Exception <a 'java/lang/NullPointerException'> (0x00000000d8cabef8) thrown at [/HUDSON/workspace/8-2-build-linux-amd64/jdk8u181/11358/hotspot/src/share/vm/prims/jvm.cpp, line 1439]
Event: 3.774 Thread 0x00007fc3a4420800 Exception <a 'java/lang/NoSuchMethodError': <clinit>> (0x00000000d8172e80) thrown at [/HUDSON/workspace/8-2-build-linux-amd64/jdk8u181/11358/hotspot/src/share/vm/prims/jni.cpp, line 1613]
Event: 3.777 Thread 0x00007fc3a4420800 Exception <a 'java/lang/NoSuchMethodError': <clinit>> (0x00000000d8179bd0) thrown at [/HUDSON/workspace/8-2-build-linux-amd64/jdk8u181/11358/hotspot/src/share/vm/prims/jni.cpp, line 1613]
Event: 3.857 Thread 0x00007fc3280b8000 Exception <a 'java/lang/NoSuchMethodError': <clinit>> (0x00000000d81b32e8) thrown at [/HUDSON/workspace/8-2-build-linux-amd64/jdk8u181/11358/hotspot/src/share/vm/prims/jni.cpp, line 1613]
Event: 3.926 Thread 0x00007fc3280b8000 Exception <a 'java/lang/NoSuchMethodError': <clinit>> (0x00000000d81c01f8) thrown at [/HUDSON/workspace/8-2-build-linux-amd64/jdk8u181/11358/hotspot/src/share/vm/prims/jni.cpp, line 1613]

Events (10 events):
Event: 3.950 loading class java/util/Formatter$Flags done
Event: 3.951 loading class java/util/Formatter$Conversion
Event: 3.951 loading class java/util/Formatter$Conversion done
Event: 3.951 loading class java/util/Formatter$FixedString
Event: 3.951 loading class java/util/Formatter$FixedString done
Event: 3.951 loading class java/util/Formattable
Event: 3.951 loading class java/util/Formattable done
Event: 3.951 loading class tarkov/trader/client/NotificationManager$timedNotificationHandler
Event: 3.951 loading class tarkov/trader/client/NotificationManager$timedNotificationHandler done
Event: 3.952 Thread 0x00007fc3283a6000 Thread added: 0x00007fc3283a6000


Dynamic libraries:
00400000-00401000 r-xp 00000000 103:02 9312853                           /usr/lib/jvm/java-8-oracle/jre/bin/java
00600000-00601000 rw-p 00000000 103:02 9312853                           /usr/lib/jvm/java-8-oracle/jre/bin/java
01a2c000-01a4d000 rw-p 00000000 00:00 0                                  [heap]
87c00000-8cd80000 rw-p 00000000 00:00 0 
8cd80000-d7f00000 ---p 00000000 00:00 0 
d7f00000-da780000 rw-p 00000000 00:00 0 
da780000-100000000 ---p 00000000 00:00 0 
100000000-1002a0000 rw-p 00000000 00:00 0 
1002a0000-140000000 ---p 00000000 00:00 0 
7fc30c000000-7fc30c021000 rw-p 00000000 00:00 0 
7fc30c021000-7fc310000000 ---p 00000000 00:00 0 
7fc314000000-7fc314021000 rw-p 00000000 00:00 0 
7fc314021000-7fc318000000 ---p 00000000 00:00 0 
7fc318000000-7fc318021000 rw-p 00000000 00:00 0 
7fc318021000-7fc31c000000 ---p 00000000 00:00 0 
7fc31f109000-7fc31f10c000 ---p 00000000 00:00 0 
7fc31f10c000-7fc31f24a000 rw-p 00000000 00:00 0 
7fc31f24a000-7fc31f40a000 ---p 00000000 00:00 0 
7fc31f40a000-7fc31f440000 r-xp 00000000 103:02 9439022                   /usr/lib/jvm/java-8-oracle/jre/lib/amd64/libjavafx_iio.so
7fc31f440000-7fc31f63f000 ---p 00036000 103:02 9439022                   /usr/lib/jvm/java-8-oracle/jre/lib/amd64/libjavafx_iio.so
7fc31f63f000-7fc31f640000 rw-p 00035000 103:02 9439022                   /usr/lib/jvm/java-8-oracle/jre/lib/amd64/libjavafx_iio.so
7fc31f640000-7fc31f652000 r--s 00117000 103:02 15073878                  /home/austin/OneDrive/Documents/Netbeans Projects/TarkovTraderGit/TarkovTraderClient/dist/run1248033422/lib/controlsfx-8.40.14.jar
7fc31f652000-7fc31f662000 rw-s 00000000 00:19 1601                       /i915 (deleted)
7fc31f662000-7fc31f822000 rw-s 105760000 00:06 331                       /dev/dri/card0
7fc31f822000-7fc31f9e2000 rw-s 00000000 00:19 1545                       /i915 (deleted)
7fc31f9e2000-7fc31fa42000 rw-s 00000000 00:05 687669257                  /SYSV00000000 (deleted)
7fc31fa42000-7fc31fc42000 rw-p 00000000 00:00 0 
7fc31fc42000-7fc31fcfb000 r--p 00000000 103:02 10224348                  /usr/share/fonts/truetype/dejavu/DejaVuSans.ttf
7fc31fcfb000-7fc31fcfe000 ---p 00000000 00:00 0 
7fc31fcfe000-7fc31fdfc000 rw-p 00000000 00:00 0 
7fc31fdfc000-7fc31fe00000 r-xp 00000000 103:02 9438975                   /usr/lib/jvm/java-8-oracle/jre/lib/amd64/libjavafx_font_pango.so
7fc31fe00000-7fc31ffff000 ---p 00004000 103:02 9438975                   /usr/lib/jvm/java-8-oracle/jre/lib/amd64/libjavafx_font_pango.so
7fc31ffff000-7fc320000000 rw-p 00003000 103:02 9438975                   /usr/lib/jvm/java-8-oracle/jre/lib/amd64/libjavafx_font_pango.so
7fc320000000-7fc320021000 rw-p 00000000 00:00 0 
7fc320021000-7fc324000000 ---p 00000000 00:00 0 
7fc324000000-7fc324021000 rw-p 00000000 00:00 0 
7fc324021000-7fc328000000 ---p 00000000 00:00 0 
7fc328000000-7fc328660000 rw-p 00000000 00:00 0 
7fc328660000-7fc32c000000 ---p 00000000 00:00 0 
7fc32c00f000-7fc32c01f000 rw-s 00000000 00:19 1566                       /i915 (deleted)
7fc32c01f000-7fc32c02f000 rw-s 00000000 00:19 1543                       /i915 (deleted)
7fc32c02f000-7fc32c0dc000 r--p 00000000 103:02 10224347                  /usr/share/fonts/truetype/dejavu/DejaVuSans-Bold.ttf
7fc32c0dc000-7fc32c131000 r--p 00000000 103:02 9312890                   /usr/lib/jvm/java-8-oracle/jre/lib/fonts/LucidaBrightRegular.ttf
7fc32c131000-7fc32c1dc000 r--p 00000000 103:02 9312889                   /usr/lib/jvm/java-8-oracle/jre/lib/fonts/LucidaSansRegular.ttf
7fc32c1dc000-7fc32c3dc000 rw-p 00000000 00:00 0 
7fc32c3dc000-7fc32c3e1000 r-xp 00000000 103:02 9438978                   /usr/lib/jvm/java-8-oracle/jre/lib/amd64/libjavafx_font_freetype.so
7fc32c3e1000-7fc32c5e0000 ---p 00005000 103:02 9438978                   /usr/lib/jvm/java-8-oracle/jre/lib/amd64/libjavafx_font_freetype.so
7fc32c5e0000-7fc32c5e1000 rw-p 00004000 103:02 9438978                   /usr/lib/jvm/java-8-oracle/jre/lib/amd64/libjavafx_font_freetype.so
7fc32c5e1000-7fc32c7e1000 rw-p 00000000 00:00 0 
7fc32c7e1000-7fc32c7e4000 ---p 00000000 00:00 0 
7fc32c7e4000-7fc32c8e2000 rw-p 00000000 00:00 0 
7fc32c8e2000-7fc32c8e5000 r-xp 00000000 103:02 9439026                   /usr/lib/jvm/java-8-oracle/jre/lib/amd64/libjavafx_font.so
7fc32c8e5000-7fc32cae4000 ---p 00003000 103:02 9439026                   /usr/lib/jvm/java-8-oracle/jre/lib/amd64/libjavafx_font.so
7fc32cae4000-7fc32cae5000 rw-p 00002000 103:02 9439026                   /usr/lib/jvm/java-8-oracle/jre/lib/amd64/libjavafx_font.so
7fc32cae5000-7fc32fae6000 rw-p 00000000 00:00 0 
7fc32fae6000-7fc32fafc000 r-xp 00000000 103:02 9439025                   /usr/lib/jvm/java-8-oracle/jre/lib/amd64/libnet.so
7fc32fafc000-7fc32fcfc000 ---p 00016000 103:02 9439025                   /usr/lib/jvm/java-8-oracle/jre/lib/amd64/libnet.so
7fc32fcfc000-7fc32fcfd000 rw-p 00016000 103:02 9439025                   /usr/lib/jvm/java-8-oracle/jre/lib/amd64/libnet.so
7fc32fcfd000-7fc32fd00000 ---p 00000000 00:00 0 
7fc32fd00000-7fc32fdfe000 rw-p 00000000 00:00 0 
7fc32fdfe000-7fc32fe01000 ---p 00000000 00:00 0 
7fc32fe01000-7fc32feff000 rw-p 00000000 00:00 0 
7fc32feff000-7fc32ff02000 ---p 00000000 00:00 0 
7fc32ff02000-7fc330000000 rw-p 00000000 00:00 0 
7fc330000000-7fc330021000 rw-p 00000000 00:00 0 
7fc330021000-7fc334000000 ---p 00000000 00:00 0 
7fc334002000-7fc334007000 r--s 0009d000 103:02 9312998                   /usr/lib/jvm/java-8-oracle/jre/lib/jsse.jar
7fc334007000-7fc33400c000 rw-s 00000000 00:19 453                        /i915 (deleted)
7fc33400c000-7fc33401f000 r--s 00345000 103:02 9312997                   /usr/lib/jvm/java-8-oracle/jre/lib/resources.jar
7fc33401f000-7fc334032000 r--p 00000000 103:02 9312896                   /usr/lib/jvm/java-8-oracle/jre/lib/fonts/LucidaBrightDemiBold.ttf
7fc334032000-7fc334045000 r--p 00000000 103:02 9312893                   /usr/lib/jvm/java-8-oracle/jre/lib/fonts/LucidaBrightDemiItalic.ttf
7fc334045000-7fc334093000 r--p 00000000 103:02 9312891                   /usr/lib/jvm/java-8-oracle/jre/lib/fonts/LucidaSansDemiBold.ttf
7fc334093000-7fc334096000 ---p 00000000 00:00 0 
7fc334096000-7fc334194000 rw-p 00000000 00:00 0 
7fc334194000-7fc33419b000 r-xp 00000000 103:02 9183700                   /usr/lib/x86_64-linux-gnu/libogg.so.0.8.2
7fc33419b000-7fc33439b000 ---p 00007000 103:02 9183700                   /usr/lib/x86_64-linux-gnu/libogg.so.0.8.2
7fc33439b000-7fc33439c000 r--p 00007000 103:02 9183700                   /usr/lib/x86_64-linux-gnu/libogg.so.0.8.2
7fc33439c000-7fc33439d000 rw-p 00008000 103:02 9183700                   /usr/lib/x86_64-linux-gnu/libogg.so.0.8.2
7fc33439d000-7fc3343c7000 r-xp 00000000 103:02 9184008                   /usr/lib/x86_64-linux-gnu/libvorbis.so.0.4.8
7fc3343c7000-7fc3345c6000 ---p 0002a000 103:02 9184008                   /usr/lib/x86_64-linux-gnu/libvorbis.so.0.4.8
7fc3345c6000-7fc3345c7000 r--p 00029000 103:02 9184008                   /usr/lib/x86_64-linux-gnu/libvorbis.so.0.4.8
7fc3345c7000-7fc3345c8000 rw-p 0002a000 103:02 9184008                   /usr/lib/x86_64-linux-gnu/libvorbis.so.0.4.8
7fc3345c8000-7fc3345d1000 r-xp 00000000 103:02 9183599                   /usr/lib/x86_64-linux-gnu/libltdl.so.7.3.1
7fc3345d1000-7fc3347d0000 ---p 00009000 103:02 9183599                   /usr/lib/x86_64-linux-gnu/libltdl.so.7.3.1
7fc3347d0000-7fc3347d1000 r--p 00008000 103:02 9183599                   /usr/lib/x86_64-linux-gnu/libltdl.so.7.3.1
7fc3347d1000-7fc3347d2000 rw-p 00009000 103:02 9183599                   /usr/lib/x86_64-linux-gnu/libltdl.so.7.3.1
7fc3347d2000-7fc3347e7000 r-xp 00000000 103:02 9183933                   /usr/lib/x86_64-linux-gnu/libtdb.so.1.3.15
7fc3347e7000-7fc3349e6000 ---p 00015000 103:02 9183933                   /usr/lib/x86_64-linux-gnu/libtdb.so.1.3.15
7fc3349e6000-7fc3349e7000 r--p 00014000 103:02 9183933                   /usr/lib/x86_64-linux-gnu/libtdb.so.1.3.15
7fc3349e7000-7fc3349e8000 rw-p 00015000 103:02 9183933                   /usr/lib/x86_64-linux-gnu/libtdb.so.1.3.15
7fc3349e8000-7fc3349ef000 r-xp 00000000 103:02 9184012                   /usr/lib/x86_64-linux-gnu/libvorbisfile.so.3.3.7
7fc3349ef000-7fc334bee000 ---p 00007000 103:02 9184012                   /usr/lib/x86_64-linux-gnu/libvorbisfile.so.3.3.7
7fc334bee000-7fc334bef000 r--p 00006000 103:02 9184012                   /usr/lib/x86_64-linux-gnu/libvorbisfile.so.3.3.7
7fc334bef000-7fc334bf0000 rw-p 00007000 103:02 9184012                   /usr/lib/x86_64-linux-gnu/libvorbisfile.so.3.3.7
7fc334bf0000-7fc334c00000 r-xp 00000000 103:02 9183056                   /usr/lib/x86_64-linux-gnu/libcanberra.so.0.2.5
7fc334c00000-7fc334e00000 ---p 00010000 103:02 9183056                   /usr/lib/x86_64-linux-gnu/libcanberra.so.0.2.5
7fc334e00000-7fc334e01000 r--p 00010000 103:02 9183056                   /usr/lib/x86_64-linux-gnu/libcanberra.so.0.2.5
7fc334e01000-7fc334e02000 rw-p 00011000 103:02 9183056                   /usr/lib/x86_64-linux-gnu/libcanberra.so.0.2.5
7fc334e02000-7fc334e06000 r-xp 00000000 103:02 9186592                   /usr/lib/x86_64-linux-gnu/libcanberra-gtk.so.0.1.9
7fc334e06000-7fc335005000 ---p 00004000 103:02 9186592                   /usr/lib/x86_64-linux-gnu/libcanberra-gtk.so.0.1.9
7fc335005000-7fc335006000 r--p 00003000 103:02 9186592                   /usr/lib/x86_64-linux-gnu/libcanberra-gtk.so.0.1.9
7fc335006000-7fc335007000 rw-p 00004000 103:02 9186592                   /usr/lib/x86_64-linux-gnu/libcanberra-gtk.so.0.1.9
7fc335007000-7fc33500c000 r-xp 00000000 103:02 9441781                   /usr/lib/x86_64-linux-gnu/gtk-2.0/modules/libcanberra-gtk-module.so
7fc33500c000-7fc33520c000 ---p 00005000 103:02 9441781                   /usr/lib/x86_64-linux-gnu/gtk-2.0/modules/libcanberra-gtk-module.so
7fc33520c000-7fc33520d000 r--p 00005000 103:02 9441781                   /usr/lib/x86_64-linux-gnu/gtk-2.0/modules/libcanberra-gtk-module.so
7fc33520d000-7fc33520e000 rw-p 00006000 103:02 9441781                   /usr/lib/x86_64-linux-gnu/gtk-2.0/modules/libcanberra-gtk-module.so
7fc33520e000-7fc335248000 r-xp 00000000 103:02 9440673                   /usr/lib/x86_64-linux-gnu/gtk-2.0/2.10.0/engines/libmurrine.so
7fc335248000-7fc335448000 ---p 0003a000 103:02 9440673                   /usr/lib/x86_64-linux-gnu/gtk-2.0/2.10.0/engines/libmurrine.so
7fc335448000-7fc335449000 r--p 0003a000 103:02 9440673                   /usr/lib/x86_64-linux-gnu/gtk-2.0/2.10.0/engines/libmurrine.so
7fc335449000-7fc33544a000 rw-p 0003b000 103:02 9440673                   /usr/lib/x86_64-linux-gnu/gtk-2.0/2.10.0/engines/libmurrine.so
7fc33544a000-7fc335473000 r-xp 00000000 103:02 9439000                   /usr/lib/jvm/java-8-oracle/jre/lib/amd64/libglass.so
7fc335473000-7fc335672000 ---p 00029000 103:02 9439000                   /usr/lib/jvm/java-8-oracle/jre/lib/amd64/libglass.so
7fc335672000-7fc335675000 rw-p 00028000 103:02 9439000                   /usr/lib/jvm/java-8-oracle/jre/lib/amd64/libglass.so
7fc335675000-7fc33567d000 r-xp 00000000 103:02 9183739                   /usr/lib/x86_64-linux-gnu/libpciaccess.so.0.11.1
7fc33567d000-7fc33587c000 ---p 00008000 103:02 9183739                   /usr/lib/x86_64-linux-gnu/libpciaccess.so.0.11.1
7fc33587c000-7fc33587d000 r--p 00007000 103:02 9183739                   /usr/lib/x86_64-linux-gnu/libpciaccess.so.0.11.1
7fc33587d000-7fc33587e000 rw-p 00008000 103:02 9183739                   /usr/lib/x86_64-linux-gnu/libpciaccess.so.0.11.1
7fc33587e000-7fc335889000 r-xp 00000000 103:02 9183173                   /usr/lib/x86_64-linux-gnu/libdrm_radeon.so.1.0.1
7fc335889000-7fc335a88000 ---p 0000b000 103:02 9183173                   /usr/lib/x86_64-linux-gnu/libdrm_radeon.so.1.0.1
7fc335a88000-7fc335a89000 r--p 0000a000 103:02 9183173                   /usr/lib/x86_64-linux-gnu/libdrm_radeon.so.1.0.1
7fc335a89000-7fc335a8a000 rw-p 0000b000 103:02 9183173                   /usr/lib/x86_64-linux-gnu/libdrm_radeon.so.1.0.1
7fc335a8a000-7fc335a91000 r-xp 00000000 103:02 9183171                   /usr/lib/x86_64-linux-gnu/libdrm_nouveau.so.2.0.0
7fc335a91000-7fc335c90000 ---p 00007000 103:02 9183171                   /usr/lib/x86_64-linux-gnu/libdrm_nouveau.so.2.0.0
7fc335c90000-7fc335c91000 r--p 00006000 103:02 9183171                   /usr/lib/x86_64-linux-gnu/libdrm_nouveau.so.2.0.0
7fc335c91000-7fc335c92000 rw-p 00007000 103:02 9183171                   /usr/lib/x86_64-linux-gnu/libdrm_nouveau.so.2.0.0
7fc335c92000-7fc335cb4000 r-xp 00000000 103:02 9183169                   /usr/lib/x86_64-linux-gnu/libdrm_intel.so.1.0.0
7fc335cb4000-7fc335eb3000 ---p 00022000 103:02 9183169                   /usr/lib/x86_64-linux-gnu/libdrm_intel.so.1.0.0
7fc335eb3000-7fc335eb4000 r--p 00021000 103:02 9183169                   /usr/lib/x86_64-linux-gnu/libdrm_intel.so.1.0.0
7fc335eb4000-7fc335eb5000 rw-p 00022000 103:02 9183169                   /usr/lib/x86_64-linux-gnu/libdrm_intel.so.1.0.0
7fc335eb5000-7fc336734000 r-xp 00000000 103:02 9439433                   /usr/lib/x86_64-linux-gnu/dri/i965_dri.so
7fc336734000-7fc336934000 ---p 0087f000 103:02 9439433                   /usr/lib/x86_64-linux-gnu/dri/i965_dri.so
7fc336934000-7fc336984000 r--p 0087f000 103:02 9439433                   /usr/lib/x86_64-linux-gnu/dri/i965_dri.so
7fc336984000-7fc33698f000 rw-p 008cf000 103:02 9439433                   /usr/lib/x86_64-linux-gnu/dri/i965_dri.so
7fc33698f000-7fc336a34000 rw-p 00000000 00:00 0 
7fc336a34000-7fc336a44000 r-xp 00000000 103:02 9183165                   /usr/lib/x86_64-linux-gnu/libdrm.so.2.4.0
7fc336a44000-7fc336c43000 ---p 00010000 103:02 9183165                   /usr/lib/x86_64-linux-gnu/libdrm.so.2.4.0
7fc336c43000-7fc336c44000 r--p 0000f000 103:02 9183165                   /usr/lib/x86_64-linux-gnu/libdrm.so.2.4.0
7fc336c44000-7fc336c45000 rw-p 00010000 103:02 9183165                   /usr/lib/x86_64-linux-gnu/libdrm.so.2.4.0
7fc336c45000-7fc336c49000 r-xp 00000000 103:02 9184067                   /usr/lib/x86_64-linux-gnu/libxcb-dri2.so.0.0.0
7fc336c49000-7fc336e48000 ---p 00004000 103:02 9184067                   /usr/lib/x86_64-linux-gnu/libxcb-dri2.so.0.0.0
7fc336e48000-7fc336e49000 r--p 00003000 103:02 9184067                   /usr/lib/x86_64-linux-gnu/libxcb-dri2.so.0.0.0
7fc336e49000-7fc336e4a000 rw-p 00004000 103:02 9184067                   /usr/lib/x86_64-linux-gnu/libxcb-dri2.so.0.0.0
7fc336e4a000-7fc336e62000 r-xp 00000000 103:02 9184071                   /usr/lib/x86_64-linux-gnu/libxcb-glx.so.0.0.0
7fc336e62000-7fc337062000 ---p 00018000 103:02 9184071                   /usr/lib/x86_64-linux-gnu/libxcb-glx.so.0.0.0
7fc337062000-7fc337064000 r--p 00018000 103:02 9184071                   /usr/lib/x86_64-linux-gnu/libxcb-glx.so.0.0.0
7fc337064000-7fc337065000 rw-p 0001a000 103:02 9184071                   /usr/lib/x86_64-linux-gnu/libxcb-glx.so.0.0.0
7fc337065000-7fc337066000 r-xp 00000000 103:02 9182893                   /usr/lib/x86_64-linux-gnu/libX11-xcb.so.1.0.0
7fc337066000-7fc337265000 ---p 00001000 103:02 9182893                   /usr/lib/x86_64-linux-gnu/libX11-xcb.so.1.0.0
7fc337265000-7fc337266000 r--p 00000000 103:02 9182893                   /usr/lib/x86_64-linux-gnu/libX11-xcb.so.1.0.0
7fc337266000-7fc337267000 rw-p 00001000 103:02 9182893                   /usr/lib/x86_64-linux-gnu/libX11-xcb.so.1.0.0
7fc337267000-7fc337293000 r-xp 00000000 103:02 9182857                   /usr/lib/x86_64-linux-gnu/libglapi.so.0.0.0
7fc337293000-7fc337492000 ---p 0002c000 103:02 9182857                   /usr/lib/x86_64-linux-gnu/libglapi.so.0.0.0
7fc337492000-7fc337496000 r--p 0002b000 103:02 9182857                   /usr/lib/x86_64-linux-gnu/libglapi.so.0.0.0
7fc337496000-7fc337497000 rw-p 0002f000 103:02 9182857                   /usr/lib/x86_64-linux-gnu/libglapi.so.0.0.0
7fc337497000-7fc337498000 rw-p 00000000 00:00 0 
7fc337498000-7fc337499000 r-xp 00000000 103:02 9184119                   /usr/lib/x86_64-linux-gnu/libxshmfence.so.1.0.0
7fc337499000-7fc337698000 ---p 00001000 103:02 9184119                   /usr/lib/x86_64-linux-gnu/libxshmfence.so.1.0.0
7fc337698000-7fc337699000 r--p 00000000 103:02 9184119                   /usr/lib/x86_64-linux-gnu/libxshmfence.so.1.0.0
7fc337699000-7fc33769a000 rw-p 00001000 103:02 9184119                   /usr/lib/x86_64-linux-gnu/libxshmfence.so.1.0.0
7fc33769a000-7fc33769f000 r-xp 00000000 103:02 9184093                   /usr/lib/x86_64-linux-gnu/libxcb-sync.so.1.0.0
7fc33769f000-7fc33789f000 ---p 00005000 103:02 9184093                   /usr/lib/x86_64-linux-gnu/libxcb-sync.so.1.0.0
7fc33789f000-7fc3378a0000 r--p 00005000 103:02 9184093                   /usr/lib/x86_64-linux-gnu/libxcb-sync.so.1.0.0
7fc3378a0000-7fc3378a1000 rw-p 00006000 103:02 9184093                   /usr/lib/x86_64-linux-gnu/libxcb-sync.so.1.0.0
7fc3378a1000-7fc3378a3000 r-xp 00000000 103:02 9184079                   /usr/lib/x86_64-linux-gnu/libxcb-present.so.0.0.0
7fc3378a3000-7fc337aa2000 ---p 00002000 103:02 9184079                   /usr/lib/x86_64-linux-gnu/libxcb-present.so.0.0.0
7fc337aa2000-7fc337aa3000 r--p 00001000 103:02 9184079                   /usr/lib/x86_64-linux-gnu/libxcb-present.so.0.0.0
7fc337aa3000-7fc337aa4000 rw-p 00002000 103:02 9184079                   /usr/lib/x86_64-linux-gnu/libxcb-present.so.0.0.0
7fc337aa4000-7fc337aa7000 r-xp 00000000 103:02 9184069                   /usr/lib/x86_64-linux-gnu/libxcb-dri3.so.0.0.0
7fc337aa7000-7fc337ca6000 ---p 00003000 103:02 9184069                   /usr/lib/x86_64-linux-gnu/libxcb-dri3.so.0.0.0
7fc337ca6000-7fc337ca7000 r--p 00002000 103:02 9184069                   /usr/lib/x86_64-linux-gnu/libxcb-dri3.so.0.0.0
7fc337ca7000-7fc337ca8000 rw-p 00003000 103:02 9184069                   /usr/lib/x86_64-linux-gnu/libxcb-dri3.so.0.0.0
7fc337ca8000-7fc337d18000 r-xp 00000000 103:02 9182849                   /usr/lib/x86_64-linux-gnu/libGLX_mesa.so.0.0.0
7fc337d18000-7fc337f17000 ---p 00070000 103:02 9182849                   /usr/lib/x86_64-linux-gnu/libGLX_mesa.so.0.0.0
7fc337f17000-7fc337f1a000 r--p 0006f000 103:02 9182849                   /usr/lib/x86_64-linux-gnu/libGLX_mesa.so.0.0.0
7fc337f1a000-7fc337f1b000 rw-p 00072000 103:02 9182849                   /usr/lib/x86_64-linux-gnu/libGLX_mesa.so.0.0.0
7fc337f1b000-7fc337f1c000 rw-p 00000000 00:00 0 
7fc337f1c000-7fc337f2f000 r-xp 00000000 103:02 266836                    /lib/x86_64-linux-gnu/libbsd.so.0.8.7
7fc337f2f000-7fc33812e000 ---p 00013000 103:02 266836                    /lib/x86_64-linux-gnu/libbsd.so.0.8.7
7fc33812e000-7fc33812f000 r--p 00012000 103:02 266836                    /lib/x86_64-linux-gnu/libbsd.so.0.8.7
7fc33812f000-7fc338130000 rw-p 00013000 103:02 266836                    /lib/x86_64-linux-gnu/libbsd.so.0.8.7
7fc338130000-7fc338131000 rw-p 00000000 00:00 0 
7fc338131000-7fc338137000 r-xp 00000000 103:02 262150                    /lib/x86_64-linux-gnu/libuuid.so.1.3.0
7fc338137000-7fc338336000 ---p 00006000 103:02 262150                    /lib/x86_64-linux-gnu/libuuid.so.1.3.0
7fc338336000-7fc338337000 r--p 00005000 103:02 262150                    /lib/x86_64-linux-gnu/libuuid.so.1.3.0
7fc338337000-7fc338338000 rw-p 00006000 103:02 262150                    /lib/x86_64-linux-gnu/libuuid.so.1.3.0
7fc338338000-7fc33833e000 r-xp 00000000 103:02 9183127                   /usr/lib/x86_64-linux-gnu/libdatrie.so.1.3.3
7fc33833e000-7fc33853d000 ---p 00006000 103:02 9183127                   /usr/lib/x86_64-linux-gnu/libdatrie.so.1.3.3
7fc33853d000-7fc33853e000 r--p 00005000 103:02 9183127                   /usr/lib/x86_64-linux-gnu/libdatrie.so.1.3.3
7fc33853e000-7fc33853f000 rw-p 00006000 103:02 9183127                   /usr/lib/x86_64-linux-gnu/libdatrie.so.1.3.3
7fc33853f000-7fc338544000 r-xp 00000000 103:02 9182910                   /usr/lib/x86_64-linux-gnu/libXdmcp.so.6.0.0
7fc338544000-7fc338743000 ---p 00005000 103:02 9182910                   /usr/lib/x86_64-linux-gnu/libXdmcp.so.6.0.0
7fc338743000-7fc338744000 r--p 00004000 103:02 9182910                   /usr/lib/x86_64-linux-gnu/libXdmcp.so.6.0.0
7fc338744000-7fc338745000 rw-p 00005000 103:02 9182910                   /usr/lib/x86_64-linux-gnu/libXdmcp.so.6.0.0
7fc338745000-7fc338747000 r-xp 00000000 103:02 9182899                   /usr/lib/x86_64-linux-gnu/libXau.so.6.0.0
7fc338747000-7fc338947000 ---p 00002000 103:02 9182899                   /usr/lib/x86_64-linux-gnu/libXau.so.6.0.0
7fc338947000-7fc338948000 r--p 00002000 103:02 9182899                   /usr/lib/x86_64-linux-gnu/libXau.so.6.0.0
7fc338948000-7fc338949000 rw-p 00003000 103:02 9182899                   /usr/lib/x86_64-linux-gnu/libXau.so.6.0.0
7fc338949000-7fc338974000 r-xp 00000000 103:02 9183384                   /usr/lib/x86_64-linux-gnu/libgraphite2.so.3.0.1
7fc338974000-7fc338b73000 ---p 0002b000 103:02 9183384                   /usr/lib/x86_64-linux-gnu/libgraphite2.so.3.0.1
7fc338b73000-7fc338b75000 r--p 0002a000 103:02 9183384                   /usr/lib/x86_64-linux-gnu/libgraphite2.so.3.0.1
7fc338b75000-7fc338b76000 rw-p 0002c000 103:02 9183384                   /usr/lib/x86_64-linux-gnu/libgraphite2.so.3.0.1
7fc338b76000-7fc338bbd000 r-xp 00000000 103:02 262167                    /lib/x86_64-linux-gnu/libblkid.so.1.1.0
7fc338bbd000-7fc338dbd000 ---p 00047000 103:02 262167                    /lib/x86_64-linux-gnu/libblkid.so.1.1.0
7fc338dbd000-7fc338dc1000 r--p 00047000 103:02 262167                    /lib/x86_64-linux-gnu/libblkid.so.1.1.0
7fc338dc1000-7fc338dc2000 rw-p 0004b000 103:02 262167                    /lib/x86_64-linux-gnu/libblkid.so.1.1.0
7fc338dc2000-7fc338dc3000 rw-p 00000000 00:00 0 
7fc338dc3000-7fc338e31000 r-xp 00000000 103:02 9182851                   /usr/lib/x86_64-linux-gnu/libGLdispatch.so.0.0.0
7fc338e31000-7fc339030000 ---p 0006e000 103:02 9182851                   /usr/lib/x86_64-linux-gnu/libGLdispatch.so.0.0.0
7fc339030000-7fc339058000 r--p 0006d000 103:02 9182851                   /usr/lib/x86_64-linux-gnu/libGLdispatch.so.0.0.0
7fc339058000-7fc339059000 rw-p 00095000 103:02 9182851                   /usr/lib/x86_64-linux-gnu/libGLdispatch.so.0.0.0
7fc339059000-7fc339079000 rw-p 00000000 00:00 0 
7fc339079000-7fc339089000 r-xp 00000000 103:02 9182843                   /usr/lib/x86_64-linux-gnu/libGLX.so.0.0.0
7fc339089000-7fc339288000 ---p 00010000 103:02 9182843                   /usr/lib/x86_64-linux-gnu/libGLX.so.0.0.0
7fc339288000-7fc339289000 r--p 0000f000 103:02 9182843                   /usr/lib/x86_64-linux-gnu/libGLX.so.0.0.0
7fc339289000-7fc33928a000 rw-p 00010000 103:02 9182843                   /usr/lib/x86_64-linux-gnu/libGLX.so.0.0.0
7fc33928a000-7fc3392aa000 rw-p 00000000 00:00 0 
7fc3392aa000-7fc33931a000 r-xp 00000000 103:02 266962                    /lib/x86_64-linux-gnu/libpcre.so.3.13.3
7fc33931a000-7fc33951a000 ---p 00070000 103:02 266962                    /lib/x86_64-linux-gnu/libpcre.so.3.13.3
7fc33951a000-7fc33951b000 r--p 00070000 103:02 266962                    /lib/x86_64-linux-gnu/libpcre.so.3.13.3
7fc33951b000-7fc33951c000 rw-p 00071000 103:02 266962                    /lib/x86_64-linux-gnu/libpcre.so.3.13.3
7fc33951c000-7fc339523000 r-xp 00000000 103:02 9183241                   /usr/lib/x86_64-linux-gnu/libffi.so.6.0.4
7fc339523000-7fc339722000 ---p 00007000 103:02 9183241                   /usr/lib/x86_64-linux-gnu/libffi.so.6.0.4
7fc339722000-7fc339723000 r--p 00006000 103:02 9183241                   /usr/lib/x86_64-linux-gnu/libffi.so.6.0.4
7fc339723000-7fc339724000 rw-p 00007000 103:02 9183241                   /usr/lib/x86_64-linux-gnu/libffi.so.6.0.4
7fc339724000-7fc339753000 r-xp 00000000 103:02 266870                    /lib/x86_64-linux-gnu/libexpat.so.1.6.7
7fc339753000-7fc339953000 ---p 0002f000 103:02 266870                    /lib/x86_64-linux-gnu/libexpat.so.1.6.7
7fc339953000-7fc339955000 r--p 0002f000 103:02 266870                    /lib/x86_64-linux-gnu/libexpat.so.1.6.7
7fc339955000-7fc339956000 rw-p 00031000 103:02 266870                    /lib/x86_64-linux-gnu/libexpat.so.1.6.7
7fc339956000-7fc33995e000 r-xp 00000000 103:02 9183941                   /usr/lib/x86_64-linux-gnu/libthai.so.0.3.0
7fc33995e000-7fc339b5d000 ---p 00008000 103:02 9183941                   /usr/lib/x86_64-linux-gnu/libthai.so.0.3.0
7fc339b5d000-7fc339b5e000 r--p 00007000 103:02 9183941                   /usr/lib/x86_64-linux-gnu/libthai.so.0.3.0
7fc339b5e000-7fc339b5f000 rw-p 00008000 103:02 9183941                   /usr/lib/x86_64-linux-gnu/libthai.so.0.3.0
7fc339b5f000-7fc339b6b000 r-xp 00000000 103:02 9184085                   /usr/lib/x86_64-linux-gnu/libxcb-render.so.0.0.0
7fc339b6b000-7fc339d6a000 ---p 0000c000 103:02 9184085                   /usr/lib/x86_64-linux-gnu/libxcb-render.so.0.0.0
7fc339d6a000-7fc339d6b000 r--p 0000b000 103:02 9184085                   /usr/lib/x86_64-linux-gnu/libxcb-render.so.0.0.0
7fc339d6b000-7fc339d6c000 rw-p 0000c000 103:02 9184085                   /usr/lib/x86_64-linux-gnu/libxcb-render.so.0.0.0
7fc339d6c000-7fc339d92000 r-xp 00000000 103:02 9184103                   /usr/lib/x86_64-linux-gnu/libxcb.so.1.1.0
7fc339d92000-7fc339f92000 ---p 00026000 103:02 9184103                   /usr/lib/x86_64-linux-gnu/libxcb.so.1.1.0
7fc339f92000-7fc339f93000 r--p 00026000 103:02 9184103                   /usr/lib/x86_64-linux-gnu/libxcb.so.1.1.0
7fc339f93000-7fc339f94000 rw-p 00027000 103:02 9184103                   /usr/lib/x86_64-linux-gnu/libxcb.so.1.1.0
7fc339f94000-7fc339f96000 r-xp 00000000 103:02 9184091                   /usr/lib/x86_64-linux-gnu/libxcb-shm.so.0.0.0
7fc339f96000-7fc33a195000 ---p 00002000 103:02 9184091                   /usr/lib/x86_64-linux-gnu/libxcb-shm.so.0.0.0
7fc33a195000-7fc33a196000 r--p 00001000 103:02 9184091                   /usr/lib/x86_64-linux-gnu/libxcb-shm.so.0.0.0
7fc33a196000-7fc33a197000 rw-p 00002000 103:02 9184091                   /usr/lib/x86_64-linux-gnu/libxcb-shm.so.0.0.0
7fc33a197000-7fc33a1c8000 r-xp 00000000 103:02 9175830                   /usr/lib/x86_64-linux-gnu/libpng16.so.16.34.0
7fc33a1c8000-7fc33a3c7000 ---p 00031000 103:02 9175830                   /usr/lib/x86_64-linux-gnu/libpng16.so.16.34.0
7fc33a3c7000-7fc33a3c8000 r--p 00030000 103:02 9175830                   /usr/lib/x86_64-linux-gnu/libpng16.so.16.34.0
7fc33a3c8000-7fc33a3c9000 rw-p 00031000 103:02 9175830                   /usr/lib/x86_64-linux-gnu/libpng16.so.16.34.0
7fc33a3c9000-7fc33a466000 r-xp 00000000 103:02 9183757                   /usr/lib/x86_64-linux-gnu/libpixman-1.so.0.34.0
7fc33a466000-7fc33a665000 ---p 0009d000 103:02 9183757                   /usr/lib/x86_64-linux-gnu/libpixman-1.so.0.34.0
7fc33a665000-7fc33a66d000 r--p 0009c000 103:02 9183757                   /usr/lib/x86_64-linux-gnu/libpixman-1.so.0.34.0
7fc33a66d000-7fc33a66e000 rw-p 000a4000 103:02 9183757                   /usr/lib/x86_64-linux-gnu/libpixman-1.so.0.34.0
7fc33a66e000-7fc33a70a000 r-xp 00000000 103:02 9183467                   /usr/lib/x86_64-linux-gnu/libharfbuzz.so.0.10702.0
7fc33a70a000-7fc33a90a000 ---p 0009c000 103:02 9183467                   /usr/lib/x86_64-linux-gnu/libharfbuzz.so.0.10702.0
7fc33a90a000-7fc33a90b000 r--p 0009c000 103:02 9183467                   /usr/lib/x86_64-linux-gnu/libharfbuzz.so.0.10702.0
7fc33a90b000-7fc33a90c000 rw-p 0009d000 103:02 9183467                   /usr/lib/x86_64-linux-gnu/libharfbuzz.so.0.10702.0
7fc33a90c000-7fc33a95d000 r-xp 00000000 103:02 262229                    /lib/x86_64-linux-gnu/libmount.so.1.1.0
7fc33a95d000-7fc33ab5c000 ---p 00051000 103:02 262229                    /lib/x86_64-linux-gnu/libmount.so.1.1.0
7fc33ab5c000-7fc33ab5e000 r--p 00050000 103:02 262229                    /lib/x86_64-linux-gnu/libmount.so.1.1.0
7fc33ab5e000-7fc33ab5f000 rw-p 00052000 103:02 262229                    /lib/x86_64-linux-gnu/libmount.so.1.1.0
7fc33ab5f000-7fc33ab60000 rw-p 00000000 00:00 0 
7fc33ab60000-7fc33ab77000 r-xp 00000000 103:02 266979                    /lib/x86_64-linux-gnu/libresolv-2.27.so
7fc33ab77000-7fc33ad77000 ---p 00017000 103:02 266979                    /lib/x86_64-linux-gnu/libresolv-2.27.so
7fc33ad77000-7fc33ad78000 r--p 00017000 103:02 266979                    /lib/x86_64-linux-gnu/libresolv-2.27.so
7fc33ad78000-7fc33ad79000 rw-p 00018000 103:02 266979                    /lib/x86_64-linux-gnu/libresolv-2.27.so
7fc33ad79000-7fc33ad7b000 rw-p 00000000 00:00 0 
7fc33ad7b000-7fc33ada0000 r-xp 00000000 103:02 266985                    /lib/x86_64-linux-gnu/libselinux.so.1
7fc33ada0000-7fc33af9f000 ---p 00025000 103:02 266985                    /lib/x86_64-linux-gnu/libselinux.so.1
7fc33af9f000-7fc33afa0000 r--p 00024000 103:02 266985                    /lib/x86_64-linux-gnu/libselinux.so.1
7fc33afa0000-7fc33afa1000 rw-p 00025000 103:02 266985                    /lib/x86_64-linux-gnu/libselinux.so.1
7fc33afa1000-7fc33afa3000 rw-p 00000000 00:00 0 
7fc33afa3000-7fc33afbf000 r-xp 00000000 103:02 267012                    /lib/x86_64-linux-gnu/libz.so.1.2.11
7fc33afbf000-7fc33b1be000 ---p 0001c000 103:02 267012                    /lib/x86_64-linux-gnu/libz.so.1.2.11
7fc33b1be000-7fc33b1bf000 r--p 0001b000 103:02 267012                    /lib/x86_64-linux-gnu/libz.so.1.2.11
7fc33b1bf000-7fc33b1c0000 rw-p 0001c000 103:02 267012                    /lib/x86_64-linux-gnu/libz.so.1.2.11
7fc33b1c0000-7fc33b1d1000 r-xp 00000000 103:02 9182912                   /usr/lib/x86_64-linux-gnu/libXext.so.6.4.0
7fc33b1d1000-7fc33b3d0000 ---p 00011000 103:02 9182912                   /usr/lib/x86_64-linux-gnu/libXext.so.6.4.0
7fc33b3d0000-7fc33b3d1000 r--p 00010000 103:02 9182912                   /usr/lib/x86_64-linux-gnu/libXext.so.6.4.0
7fc33b3d1000-7fc33b3d2000 rw-p 00011000 103:02 9182912                   /usr/lib/x86_64-linux-gnu/libXext.so.6.4.0
7fc33b3d2000-7fc33b3d4000 r-xp 00000000 103:02 9182908                   /usr/lib/x86_64-linux-gnu/libXdamage.so.1.1.0
7fc33b3d4000-7fc33b5d3000 ---p 00002000 103:02 9182908                   /usr/lib/x86_64-linux-gnu/libXdamage.so.1.1.0
7fc33b5d3000-7fc33b5d4000 r--p 00001000 103:02 9182908                   /usr/lib/x86_64-linux-gnu/libXdamage.so.1.1.0
7fc33b5d4000-7fc33b5d5000 rw-p 00002000 103:02 9182908                   /usr/lib/x86_64-linux-gnu/libXdamage.so.1.1.0
7fc33b5d5000-7fc33b5d7000 r-xp 00000000 103:02 9182904                   /usr/lib/x86_64-linux-gnu/libXcomposite.so.1.0.0
7fc33b5d7000-7fc33b7d6000 ---p 00002000 103:02 9182904                   /usr/lib/x86_64-linux-gnu/libXcomposite.so.1.0.0
7fc33b7d6000-7fc33b7d7000 r--p 00001000 103:02 9182904                   /usr/lib/x86_64-linux-gnu/libXcomposite.so.1.0.0
7fc33b7d7000-7fc33b7d8000 rw-p 00002000 103:02 9182904                   /usr/lib/x86_64-linux-gnu/libXcomposite.so.1.0.0
7fc33b7d8000-7fc33b7e1000 r-xp 00000000 103:02 9182906                   /usr/lib/x86_64-linux-gnu/libXcursor.so.1.0.2
7fc33b7e1000-7fc33b9e0000 ---p 00009000 103:02 9182906                   /usr/lib/x86_64-linux-gnu/libXcursor.so.1.0.2
7fc33b9e0000-7fc33b9e1000 r--p 00008000 103:02 9182906                   /usr/lib/x86_64-linux-gnu/libXcursor.so.1.0.2
7fc33b9e1000-7fc33b9e2000 rw-p 00009000 103:02 9182906                   /usr/lib/x86_64-linux-gnu/libXcursor.so.1.0.2
7fc33b9e2000-7fc33b9ec000 r-xp 00000000 103:02 9182930                   /usr/lib/x86_64-linux-gnu/libXrandr.so.2.2.0
7fc33b9ec000-7fc33bbeb000 ---p 0000a000 103:02 9182930                   /usr/lib/x86_64-linux-gnu/libXrandr.so.2.2.0
7fc33bbeb000-7fc33bbec000 r--p 00009000 103:02 9182930                   /usr/lib/x86_64-linux-gnu/libXrandr.so.2.2.0
7fc33bbec000-7fc33bbed000 rw-p 0000a000 103:02 9182930                   /usr/lib/x86_64-linux-gnu/libXrandr.so.2.2.0
7fc33bbed000-7fc33bbfc000 r-xp 00000000 103:02 9182920                   /usr/lib/x86_64-linux-gnu/libXi.so.6.1.0
7fc33bbfc000-7fc33bdfb000 ---p 0000f000 103:02 9182920                   /usr/lib/x86_64-linux-gnu/libXi.so.6.1.0
7fc33bdfb000-7fc33bdfc000 r--p 0000e000 103:02 9182920                   /usr/lib/x86_64-linux-gnu/libXi.so.6.1.0
7fc33bdfc000-7fc33bdfd000 rw-p 0000f000 103:02 9182920                   /usr/lib/x86_64-linux-gnu/libXi.so.6.1.0
7fc33bdfd000-7fc33bdff000 r-xp 00000000 103:02 9182922                   /usr/lib/x86_64-linux-gnu/libXinerama.so.1.0.0
7fc33bdff000-7fc33bffe000 ---p 00002000 103:02 9182922                   /usr/lib/x86_64-linux-gnu/libXinerama.so.1.0.0
7fc33bffe000-7fc33bfff000 r--p 00001000 103:02 9182922                   /usr/lib/x86_64-linux-gnu/libXinerama.so.1.0.0
7fc33bfff000-7fc33c000000 rw-p 00002000 103:02 9182922                   /usr/lib/x86_64-linux-gnu/libXinerama.so.1.0.0
7fc33c000000-7fc33c021000 rw-p 00000000 00:00 0 
7fc33c021000-7fc340000000 ---p 00000000 00:00 0 
7fc340000000-7fc341e3f000 rw-p 00000000 00:00 0 
7fc341e3f000-7fc344000000 ---p 00000000 00:00 0 
7fc344000000-7fc344307000 rw-p 00000000 00:00 0 
7fc344307000-7fc348000000 ---p 00000000 00:00 0 
7fc348000000-7fc348021000 rw-p 00000000 00:00 0 
7fc348021000-7fc34c000000 ---p 00000000 00:00 0 
7fc34c000000-7fc34c0d0000 rw-p 00000000 00:00 0 
7fc34c0d0000-7fc350000000 ---p 00000000 00:00 0 
7fc350000000-7fc3503c9000 rw-p 00000000 00:00 0 
7fc3503c9000-7fc354000000 ---p 00000000 00:00 0 
7fc354000000-7fc354021000 rw-p 00000000 00:00 0 
7fc354021000-7fc358000000 ---p 00000000 00:00 0 
7fc358000000-7fc3581a8000 rw-p 00000000 00:00 0 
7fc3581a8000-7fc35c000000 ---p 00000000 00:00 0 
7fc35c000000-7fc35c021000 rw-p 00000000 00:00 0 
7fc35c021000-7fc360000000 ---p 00000000 00:00 0 
7fc360000000-7fc360021000 rw-p 00000000 00:00 0 
7fc360021000-7fc364000000 ---p 00000000 00:00 0 
7fc364000000-7fc364021000 rw-p 00000000 00:00 0 
7fc364021000-7fc368000000 ---p 00000000 00:00 0 
7fc368000000-7fc368021000 rw-p 00000000 00:00 0 
7fc368021000-7fc36c000000 ---p 00000000 00:00 0 
7fc36c000000-7fc36c021000 rw-p 00000000 00:00 0 
7fc36c021000-7fc370000000 ---p 00000000 00:00 0 
7fc370004000-7fc370008000 rw-s 00000000 00:19 1554                       /i915 (deleted)
7fc370008000-7fc37000d000 rw-s 00000000 00:19 1553                       /i915 (deleted)
7fc37000d000-7fc370047000 r--p 00000000 103:02 9312895                   /usr/lib/jvm/java-8-oracle/jre/lib/fonts/LucidaTypewriterBold.ttf
7fc370047000-7fc370083000 r--p 00000000 103:02 9312894                   /usr/lib/jvm/java-8-oracle/jre/lib/fonts/LucidaTypewriterRegular.ttf
7fc370083000-7fc370097000 r--p 00000000 103:02 9312888                   /usr/lib/jvm/java-8-oracle/jre/lib/fonts/LucidaBrightItalic.ttf
7fc370097000-7fc3700a0000 r-xp 00000000 103:02 9182932                   /usr/lib/x86_64-linux-gnu/libXrender.so.1.3.0
7fc3700a0000-7fc37029f000 ---p 00009000 103:02 9182932                   /usr/lib/x86_64-linux-gnu/libXrender.so.1.3.0
7fc37029f000-7fc3702a0000 r--p 00008000 103:02 9182932                   /usr/lib/x86_64-linux-gnu/libXrender.so.1.3.0
7fc3702a0000-7fc3702a1000 rw-p 00009000 103:02 9182932                   /usr/lib/x86_64-linux-gnu/libXrender.so.1.3.0
7fc3702a1000-7fc3702a6000 r-xp 00000000 103:02 9182914                   /usr/lib/x86_64-linux-gnu/libXfixes.so.3.1.0
7fc3702a6000-7fc3704a5000 ---p 00005000 103:02 9182914                   /usr/lib/x86_64-linux-gnu/libXfixes.so.3.1.0
7fc3704a5000-7fc3704a6000 r--p 00004000 103:02 9182914                   /usr/lib/x86_64-linux-gnu/libXfixes.so.3.1.0
7fc3704a6000-7fc3704a7000 rw-p 00005000 103:02 9182914                   /usr/lib/x86_64-linux-gnu/libXfixes.so.3.1.0
7fc3704a7000-7fc3704be000 r-xp 00000000 103:02 266877                    /lib/x86_64-linux-gnu/libgcc_s.so.1
7fc3704be000-7fc3706bd000 ---p 00017000 103:02 266877                    /lib/x86_64-linux-gnu/libgcc_s.so.1
7fc3706bd000-7fc3706be000 r--p 00016000 103:02 266877                    /lib/x86_64-linux-gnu/libgcc_s.so.1
7fc3706be000-7fc3706bf000 rw-p 00017000 103:02 266877                    /lib/x86_64-linux-gnu/libgcc_s.so.1
7fc3706bf000-7fc37083d000 r-xp 00000000 103:02 9183920                   /usr/lib/x86_64-linux-gnu/libstdc++.so.6.0.25
7fc37083d000-7fc370a3d000 ---p 0017e000 103:02 9183920                   /usr/lib/x86_64-linux-gnu/libstdc++.so.6.0.25
7fc370a3d000-7fc370a47000 r--p 0017e000 103:02 9183920                   /usr/lib/x86_64-linux-gnu/libstdc++.so.6.0.25
7fc370a47000-7fc370a49000 rw-p 00188000 103:02 9183920                   /usr/lib/x86_64-linux-gnu/libstdc++.so.6.0.25
7fc370a49000-7fc370a4d000 rw-p 00000000 00:00 0 
7fc370a4d000-7fc370abe000 r-xp 00000000 103:02 9182855                   /usr/lib/x86_64-linux-gnu/libGL.so.1.0.0
7fc370abe000-7fc370cbd000 ---p 00071000 103:02 9182855                   /usr/lib/x86_64-linux-gnu/libGL.so.1.0.0
7fc370cbd000-7fc370cd7000 r--p 00070000 103:02 9182855                   /usr/lib/x86_64-linux-gnu/libGL.so.1.0.0
7fc370cd7000-7fc370cd8000 rw-p 0008a000 103:02 9182855                   /usr/lib/x86_64-linux-gnu/libGL.so.1.0.0
7fc370cd8000-7fc370cd9000 rw-p 00000000 00:00 0 
7fc370cd9000-7fc370cde000 r-xp 00000000 103:02 9182948                   /usr/lib/x86_64-linux-gnu/libXxf86vm.so.1.0.0
7fc370cde000-7fc370edd000 ---p 00005000 103:02 9182948                   /usr/lib/x86_64-linux-gnu/libXxf86vm.so.1.0.0
7fc370edd000-7fc370ede000 r--p 00004000 103:02 9182948                   /usr/lib/x86_64-linux-gnu/libXxf86vm.so.1.0.0
7fc370ede000-7fc370edf000 rw-p 00005000 103:02 9182948                   /usr/lib/x86_64-linux-gnu/libXxf86vm.so.1.0.0
7fc370edf000-7fc371013000 r-xp 00000000 103:02 9182895                   /usr/lib/x86_64-linux-gnu/libX11.so.6.3.0
7fc371013000-7fc371213000 ---p 00134000 103:02 9182895                   /usr/lib/x86_64-linux-gnu/libX11.so.6.3.0
7fc371213000-7fc371214000 r--p 00134000 103:02 9182895                   /usr/lib/x86_64-linux-gnu/libX11.so.6.3.0
7fc371214000-7fc371218000 rw-p 00135000 103:02 9182895                   /usr/lib/x86_64-linux-gnu/libX11.so.6.3.0
7fc371218000-7fc37121d000 r-xp 00000000 103:02 9182938                   /usr/lib/x86_64-linux-gnu/libXtst.so.6.1.0
7fc37121d000-7fc37141c000 ---p 00005000 103:02 9182938                   /usr/lib/x86_64-linux-gnu/libXtst.so.6.1.0
7fc37141c000-7fc37141d000 r--p 00004000 103:02 9182938                   /usr/lib/x86_64-linux-gnu/libXtst.so.6.1.0
7fc37141d000-7fc37141e000 rw-p 00005000 103:02 9182938                   /usr/lib/x86_64-linux-gnu/libXtst.so.6.1.0
7fc37141e000-7fc371531000 r-xp 00000000 103:02 9183335                   /usr/lib/x86_64-linux-gnu/libglib-2.0.so.0.5600.1
7fc371531000-7fc371731000 ---p 00113000 103:02 9183335                   /usr/lib/x86_64-linux-gnu/libglib-2.0.so.0.5600.1
7fc371731000-7fc371732000 r--p 00113000 103:02 9183335                   /usr/lib/x86_64-linux-gnu/libglib-2.0.so.0.5600.1
7fc371732000-7fc371733000 rw-p 00114000 103:02 9183335                   /usr/lib/x86_64-linux-gnu/libglib-2.0.so.0.5600.1
7fc371733000-7fc371734000 rw-p 00000000 00:00 0 
7fc371734000-7fc371735000 r-xp 00000000 103:02 9183438                   /usr/lib/x86_64-linux-gnu/libgthread-2.0.so.0.5600.1
7fc371735000-7fc371934000 ---p 00001000 103:02 9183438                   /usr/lib/x86_64-linux-gnu/libgthread-2.0.so.0.5600.1
7fc371934000-7fc371935000 r--p 00000000 103:02 9183438                   /usr/lib/x86_64-linux-gnu/libgthread-2.0.so.0.5600.1
7fc371935000-7fc371936000 rw-p 00001000 103:02 9183438                   /usr/lib/x86_64-linux-gnu/libgthread-2.0.so.0.5600.1
7fc371936000-7fc371939000 r-xp 00000000 103:02 9183339                   /usr/lib/x86_64-linux-gnu/libgmodule-2.0.so.0.5600.1
7fc371939000-7fc371b38000 ---p 00003000 103:02 9183339                   /usr/lib/x86_64-linux-gnu/libgmodule-2.0.so.0.5600.1
7fc371b38000-7fc371b39000 r--p 00002000 103:02 9183339                   /usr/lib/x86_64-linux-gnu/libgmodule-2.0.so.0.5600.1
7fc371b39000-7fc371b3a000 rw-p 00003000 103:02 9183339                   /usr/lib/x86_64-linux-gnu/libgmodule-2.0.so.0.5600.1
7fc371b3a000-7fc371b8c000 r-xp 00000000 103:02 9183363                   /usr/lib/x86_64-linux-gnu/libgobject-2.0.so.0.5600.1
7fc371b8c000-7fc371d8c000 ---p 00052000 103:02 9183363                   /usr/lib/x86_64-linux-gnu/libgobject-2.0.so.0.5600.1
7fc371d8c000-7fc371d8d000 r--p 00052000 103:02 9183363                   /usr/lib/x86_64-linux-gnu/libgobject-2.0.so.0.5600.1
7fc371d8d000-7fc371d8e000 rw-p 00053000 103:02 9183363                   /usr/lib/x86_64-linux-gnu/libgobject-2.0.so.0.5600.1
7fc371d8e000-7fc371dcc000 r-xp 00000000 103:02 9183255                   /usr/lib/x86_64-linux-gnu/libfontconfig.so.1.10.1
7fc371dcc000-7fc371fcc000 ---p 0003e000 103:02 9183255                   /usr/lib/x86_64-linux-gnu/libfontconfig.so.1.10.1
7fc371fcc000-7fc371fce000 r--p 0003e000 103:02 9183255                   /usr/lib/x86_64-linux-gnu/libfontconfig.so.1.10.1
7fc371fce000-7fc371fd3000 rw-p 00040000 103:02 9183255                   /usr/lib/x86_64-linux-gnu/libfontconfig.so.1.10.1
7fc371fd3000-7fc372080000 r-xp 00000000 103:02 9183273                   /usr/lib/x86_64-linux-gnu/libfreetype.so.6.15.0
7fc372080000-7fc37227f000 ---p 000ad000 103:02 9183273                   /usr/lib/x86_64-linux-gnu/libfreetype.so.6.15.0
7fc37227f000-7fc372286000 r--p 000ac000 103:02 9183273                   /usr/lib/x86_64-linux-gnu/libfreetype.so.6.15.0
7fc372286000-7fc372287000 rw-p 000b3000 103:02 9183273                   /usr/lib/x86_64-linux-gnu/libfreetype.so.6.15.0
7fc372287000-7fc3722d1000 r-xp 00000000 103:02 9183725                   /usr/lib/x86_64-linux-gnu/libpango-1.0.so.0.4000.14
7fc3722d1000-7fc3724d0000 ---p 0004a000 103:02 9183725                   /usr/lib/x86_64-linux-gnu/libpango-1.0.so.0.4000.14
7fc3724d0000-7fc3724d3000 r--p 00049000 103:02 9183725                   /usr/lib/x86_64-linux-gnu/libpango-1.0.so.0.4000.14
7fc3724d3000-7fc3724d4000 rw-p 0004c000 103:02 9183725                   /usr/lib/x86_64-linux-gnu/libpango-1.0.so.0.4000.14
7fc3724d4000-7fc3725ec000 r-xp 00000000 103:02 9183050                   /usr/lib/x86_64-linux-gnu/libcairo.so.2.11510.0
7fc3725ec000-7fc3727eb000 ---p 00118000 103:02 9183050                   /usr/lib/x86_64-linux-gnu/libcairo.so.2.11510.0
7fc3727eb000-7fc3727ee000 r--p 00117000 103:02 9183050                   /usr/lib/x86_64-linux-gnu/libcairo.so.2.11510.0
7fc3727ee000-7fc3727f0000 rw-p 0011a000 103:02 9183050                   /usr/lib/x86_64-linux-gnu/libcairo.so.2.11510.0
7fc3727f0000-7fc3727f1000 rw-p 00000000 00:00 0 
7fc3727f1000-7fc3727fd000 r-xp 00000000 103:02 9183727                   /usr/lib/x86_64-linux-gnu/libpangocairo-1.0.so.0.4000.14
7fc3727fd000-7fc3729fc000 ---p 0000c000 103:02 9183727                   /usr/lib/x86_64-linux-gnu/libpangocairo-1.0.so.0.4000.14
7fc3729fc000-7fc3729fd000 r--p 0000b000 103:02 9183727                   /usr/lib/x86_64-linux-gnu/libpangocairo-1.0.so.0.4000.14
7fc3729fd000-7fc3729fe000 rw-p 0000c000 103:02 9183727                   /usr/lib/x86_64-linux-gnu/libpangocairo-1.0.so.0.4000.14
7fc3729fe000-7fc372a20000 r-xp 00000000 103:02 9183311                   /usr/lib/x86_64-linux-gnu/libgdk_pixbuf-2.0.so.0.3611.0
7fc372a20000-7fc372c20000 ---p 00022000 103:02 9183311                   /usr/lib/x86_64-linux-gnu/libgdk_pixbuf-2.0.so.0.3611.0
7fc372c20000-7fc372c21000 r--p 00022000 103:02 9183311                   /usr/lib/x86_64-linux-gnu/libgdk_pixbuf-2.0.so.0.3611.0
7fc372c21000-7fc372c22000 rw-p 00023000 103:02 9183311                   /usr/lib/x86_64-linux-gnu/libgdk_pixbuf-2.0.so.0.3611.0
7fc372c22000-7fc372c36000 r-xp 00000000 103:02 9183729                   /usr/lib/x86_64-linux-gnu/libpangoft2-1.0.so.0.4000.14
7fc372c36000-7fc372e36000 ---p 00014000 103:02 9183729                   /usr/lib/x86_64-linux-gnu/libpangoft2-1.0.so.0.4000.14
7fc372e36000-7fc372e37000 r--p 00014000 103:02 9183729                   /usr/lib/x86_64-linux-gnu/libpangoft2-1.0.so.0.4000.14
7fc372e37000-7fc372e38000 rw-p 00015000 103:02 9183729                   /usr/lib/x86_64-linux-gnu/libpangoft2-1.0.so.0.4000.14
7fc372e38000-7fc372fcc000 r-xp 00000000 103:02 9183329                   /usr/lib/x86_64-linux-gnu/libgio-2.0.so.0.5600.1
7fc372fcc000-7fc3731cc000 ---p 00194000 103:02 9183329                   /usr/lib/x86_64-linux-gnu/libgio-2.0.so.0.5600.1
7fc3731cc000-7fc3731d3000 r--p 00194000 103:02 9183329                   /usr/lib/x86_64-linux-gnu/libgio-2.0.so.0.5600.1
7fc3731d3000-7fc3731d4000 rw-p 0019b000 103:02 9183329                   /usr/lib/x86_64-linux-gnu/libgio-2.0.so.0.5600.1
7fc3731d4000-7fc3731d6000 rw-p 00000000 00:00 0 
7fc3731d6000-7fc3731f8000 r-xp 00000000 103:02 9182985                   /usr/lib/x86_64-linux-gnu/libatk-1.0.so.0.22810.1
7fc3731f8000-7fc3733f8000 ---p 00022000 103:02 9182985                   /usr/lib/x86_64-linux-gnu/libatk-1.0.so.0.22810.1
7fc3733f8000-7fc3733fb000 r--p 00022000 103:02 9182985                   /usr/lib/x86_64-linux-gnu/libatk-1.0.so.0.22810.1
7fc3733fb000-7fc3733fc000 rw-p 00025000 103:02 9182985                   /usr/lib/x86_64-linux-gnu/libatk-1.0.so.0.22810.1
7fc3733fc000-7fc3734ac000 r-xp 00000000 103:02 9183309                   /usr/lib/x86_64-linux-gnu/libgdk-x11-2.0.so.0.2400.32
7fc3734ac000-7fc3736ab000 ---p 000b0000 103:02 9183309                   /usr/lib/x86_64-linux-gnu/libgdk-x11-2.0.so.0.2400.32
7fc3736ab000-7fc3736af000 r--p 000af000 103:02 9183309                   /usr/lib/x86_64-linux-gnu/libgdk-x11-2.0.so.0.2400.32
7fc3736af000-7fc3736b1000 rw-p 000b3000 103:02 9183309                   /usr/lib/x86_64-linux-gnu/libgdk-x11-2.0.so.0.2400.32
7fc3736b1000-7fc373ae6000 r-xp 00000000 103:02 9183442                   /usr/lib/x86_64-linux-gnu/libgtk-x11-2.0.so.0.2400.32
7fc373ae6000-7fc373ce5000 ---p 00435000 103:02 9183442                   /usr/lib/x86_64-linux-gnu/libgtk-x11-2.0.so.0.2400.32
7fc373ce5000-7fc373cec000 r--p 00434000 103:02 9183442                   /usr/lib/x86_64-linux-gnu/libgtk-x11-2.0.so.0.2400.32
7fc373cec000-7fc373cf0000 rw-p 0043b000 103:02 9183442                   /usr/lib/x86_64-linux-gnu/libgtk-x11-2.0.so.0.2400.32
7fc373cf0000-7fc373cf3000 rw-p 00000000 00:00 0 
7fc373cf3000-7fc373cff000 r-xp 00000000 103:02 9439029                   /usr/lib/jvm/java-8-oracle/jre/lib/amd64/libprism_es2.so
7fc373cff000-7fc373efe000 ---p 0000c000 103:02 9439029                   /usr/lib/jvm/java-8-oracle/jre/lib/amd64/libprism_es2.so
7fc373efe000-7fc373eff000 rw-p 0000b000 103:02 9439029                   /usr/lib/jvm/java-8-oracle/jre/lib/amd64/libprism_es2.so
7fc373eff000-7fc373f02000 ---p 00000000 00:00 0 
7fc373f02000-7fc374000000 rw-p 00000000 00:00 0 
7fc374000000-7fc374021000 rw-p 00000000 00:00 0 
7fc374021000-7fc378000000 ---p 00000000 00:00 0 
7fc378000000-7fc378021000 rw-p 00000000 00:00 0 
7fc378021000-7fc37c000000 ---p 00000000 00:00 0 
7fc37c000000-7fc37c021000 rw-p 00000000 00:00 0 
7fc37c021000-7fc380000000 ---p 00000000 00:00 0 
7fc380000000-7fc380021000 rw-p 00000000 00:00 0 
7fc380021000-7fc384000000 ---p 00000000 00:00 0 
7fc384000000-7fc384021000 rw-p 00000000 00:00 0 
7fc384021000-7fc388000000 ---p 00000000 00:00 0 
7fc388002000-7fc38800e000 rw-s 00000000 00:19 1496                       /i915 (deleted)
7fc38800e000-7fc388013000 r--s 00084000 103:02 9312876                   /usr/lib/jvm/java-8-oracle/jre/lib/jfr.jar
7fc388013000-7fc38801e000 r--s 00000000 103:02 15335732                  /var/cache/fontconfig/945677eb7aeaf62f1d50efc3fb3ec7d8-le64.cache-7
7fc38801e000-7fc388023000 r--s 00000000 103:02 15335703                  /var/cache/fontconfig/2300eef321c393bfd76478a5c0e95b23-le64.cache-7
7fc388023000-7fc388024000 r--s 00000000 103:02 15335696                  /var/cache/fontconfig/0d8c3b2ac0904cb8a57a757ad11a4a08-le64.cache-7
7fc388024000-7fc388028000 r--s 00000000 103:02 15341872                  /var/cache/fontconfig/de156ccd2eddbdc19d37a45b8b2aac9c-le64.cache-7
7fc388028000-7fc38803d000 r--s 00000000 103:02 15335692                  /var/cache/fontconfig/04aabc0a78ac019cf9454389977116d2-le64.cache-7
7fc38803d000-7fc38803e000 r--s 00000000 103:02 15335700                  /var/cache/fontconfig/1ac9eb803944fde146138c791f5cc56a-le64.cache-7
7fc38803e000-7fc38803f000 r--s 00000000 103:02 15335751                  /var/cache/fontconfig/dc05db6664285cc2f12bf69c139ae4c3-le64.cache-7
7fc38803f000-7fc388041000 r--s 00000000 103:02 15335697                  /var/cache/fontconfig/14a5e22175779b556eaa434240950366-le64.cache-7
7fc388041000-7fc388042000 r--s 00000000 103:02 15335724                  /var/cache/fontconfig/660208299946a285a940457d1287da33-le64.cache-7
7fc388042000-7fc388044000 r--s 00000000 103:02 15335715                  /var/cache/fontconfig/4f3e3037c9980c83b53a9351efadef62-le64.cache-7
7fc388044000-7fc388046000 r--s 00000000 103:02 15335729                  /var/cache/fontconfig/767a8244fc0220cfb567a839d0392e0b-le64.cache-7
7fc388046000-7fc388048000 r--s 00000000 103:02 15335694                  /var/cache/fontconfig/0bd3dc0958fa2205aaaa8ebb13e2872b-le64.cache-7
7fc388048000-7fc3880dd000 r--s 0110e000 103:02 9438870                   /usr/lib/jvm/java-8-oracle/jre/lib/ext/jfxrt.jar
7fc3880dd000-7fc3880de000 ---p 00000000 00:00 0 
7fc3880de000-7fc3881de000 rw-p 00000000 00:00 0 
7fc3881de000-7fc3881e1000 ---p 00000000 00:00 0 
7fc3881e1000-7fc3882df000 rw-p 00000000 00:00 0 
7fc3882df000-7fc3882e0000 ---p 00000000 00:00 0 
7fc3882e0000-7fc3882e3000 ---p 00000000 00:00 0 
7fc3882e3000-7fc38c000000 rw-p 00000000 00:00 0 
7fc38c000000-7fc38c021000 rw-p 00000000 00:00 0 
7fc38c021000-7fc390000000 ---p 00000000 00:00 0 
7fc390000000-7fc390001000 r--s 00000000 103:02 15335710                  /var/cache/fontconfig/4794a0821666d79190d59a36cb4f44b5-le64.cache-7
7fc390001000-7fc390006000 r--s 00000000 103:02 15335752                  /var/cache/fontconfig/def309198bfa603429122923fa2bb2d4-le64.cache-7
7fc390006000-7fc390007000 r--s 00000000 103:02 15335740                  /var/cache/fontconfig/b872e6e592da6075ffa4ab0a1fcc0c75-le64.cache-7
7fc390007000-7fc390008000 r--s 00000000 103:02 15335757                  /var/cache/fontconfig/f6d4eedfaab2589bde49f7a3ff831d22-le64.cache-7
7fc390008000-7fc390009000 r--s 00000000 103:02 15335722                  /var/cache/fontconfig/589f83ef4c36d296ce6e1c846f468f08-le64.cache-7
7fc390009000-7fc39000a000 r--s 00000000 103:02 15335742                  /var/cache/fontconfig/bab58bb527bb656aaa9f116d68a48d89-le64.cache-7
7fc39000a000-7fc39000b000 r--s 00000000 103:02 15335701                  /var/cache/fontconfig/2171a34dccabdb6bcbbc728186263178-le64.cache-7
7fc39000b000-7fc39000c000 r--s 00000000 103:02 15335743                  /var/cache/fontconfig/c5c45a61289222e0d30b1a26ef4effbe-le64.cache-7
7fc39000c000-7fc39000d000 r--s 00000000 103:02 15335738                  /var/cache/fontconfig/aec30016f93e1b46d1a973dce0d74068-le64.cache-7
7fc39000d000-7fc39000e000 r--s 00000000 103:02 15335708                  /var/cache/fontconfig/3f589640d34b7dc9042c8d453f7c8b9c-le64.cache-7
7fc39000e000-7fc39000f000 r--s 00000000 103:02 15335698                  /var/cache/fontconfig/16c2fda60d1b4b719f4b3d06fd951d25-le64.cache-7
7fc39000f000-7fc390010000 r--s 00000000 103:02 15335737                  /var/cache/fontconfig/a48eab177a16e4f3713381162db2f3e9-le64.cache-7
7fc390010000-7fc390011000 r--s 00000000 103:02 15335718                  /var/cache/fontconfig/564b2e68ac9bc4e36a6f7f6d6125ec1c-le64.cache-7
7fc390011000-7fc390016000 r--s 00000000 103:02 15335735                  /var/cache/fontconfig/9d2451b1fd30e5bffe8383fd27c35478-le64.cache-7
7fc390016000-7fc39001c000 r--s 00000000 103:02 15335704                  /var/cache/fontconfig/3047814df9a2f067bd2d96a2b9c36e5a-le64.cache-7
7fc39001c000-7fc39001d000 r--s 00000000 103:02 15335719                  /var/cache/fontconfig/56cf4f4769d0f4abc89a4895d7bd3ae1-le64.cache-7
7fc39001d000-7fc39001e000 r--s 00000000 103:02 15335741                  /var/cache/fontconfig/b9d506c9ac06c20b433354fa67a72993-le64.cache-7
7fc39001e000-7fc390024000 r--s 00000000 103:02 15335739                  /var/cache/fontconfig/b47c4e1ecd0709278f4910c18777a504-le64.cache-7
7fc390024000-7fc390037000 r--s 00000000 103:02 15335748                  /var/cache/fontconfig/d52a8644073d54c13679302ca1180695-le64.cache-7
7fc390037000-7fc390038000 r--s 00000000 103:02 15335706                  /var/cache/fontconfig/370e5b74bf5dafc30834de68e24a87a4-le64.cache-7
7fc390038000-7fc390039000 ---p 00000000 00:00 0 
7fc390039000-7fc39003c000 ---p 00000000 00:00 0 
7fc39003c000-7fc390139000 rw-p 00000000 00:00 0 
7fc390139000-7fc39013a000 ---p 00000000 00:00 0 
7fc39013a000-7fc39013d000 ---p 00000000 00:00 0 
7fc39013d000-7fc39023a000 rw-p 00000000 00:00 0 
7fc39023a000-7fc39023b000 ---p 00000000 00:00 0 
7fc39023b000-7fc39023e000 ---p 00000000 00:00 0 
7fc39023e000-7fc39033b000 rw-p 00000000 00:00 0 
7fc39033b000-7fc39033e000 ---p 00000000 00:00 0 
7fc39033e000-7fc39043c000 rw-p 00000000 00:00 0 
7fc39043c000-7fc390e0b000 r--p 00000000 103:02 9181819                   /usr/lib/locale/locale-archive
7fc390e0b000-7fc390e0e000 ---p 00000000 00:00 0 
7fc390e0e000-7fc390f0c000 rw-p 00000000 00:00 0 
7fc390f0c000-7fc390f0f000 ---p 00000000 00:00 0 
7fc390f0f000-7fc39100d000 rw-p 00000000 00:00 0 
7fc39100d000-7fc39100e000 ---p 00000000 00:00 0 
7fc39100e000-7fc392c29000 rw-p 00000000 00:00 0 
7fc392c29000-7fc392e03000 r--s 03d6b000 103:02 9312959                   /usr/lib/jvm/java-8-oracle/jre/lib/rt.jar
7fc392e03000-7fc3939c5000 rw-p 00000000 00:00 0 
7fc3939c5000-7fc3939c6000 ---p 00000000 00:00 0 
7fc3939c6000-7fc393ac6000 rw-p 00000000 00:00 0 
7fc393ac6000-7fc393ac7000 ---p 00000000 00:00 0 
7fc393ac7000-7fc393bc7000 rw-p 00000000 00:00 0 
7fc393bc7000-7fc393bc8000 ---p 00000000 00:00 0 
7fc393bc8000-7fc393cc8000 rw-p 00000000 00:00 0 
7fc393cc8000-7fc393cc9000 ---p 00000000 00:00 0 
7fc393cc9000-7fc393dc9000 rw-p 00000000 00:00 0 
7fc393dc9000-7fc393dca000 ---p 00000000 00:00 0 
7fc393dca000-7fc393eca000 rw-p 00000000 00:00 0 
7fc393eca000-7fc393ecb000 ---p 00000000 00:00 0 
7fc393ecb000-7fc393fcb000 rw-p 00000000 00:00 0 
7fc393fcb000-7fc393fcc000 ---p 00000000 00:00 0 
7fc393fcc000-7fc3940cc000 rw-p 00000000 00:00 0 
7fc3940cc000-7fc3940cd000 ---p 00000000 00:00 0 
7fc3940cd000-7fc3941f6000 rw-p 00000000 00:00 0 
7fc3941f6000-7fc39444f000 ---p 00000000 00:00 0 
7fc39444f000-7fc394478000 rw-p 00000000 00:00 0 
7fc394478000-7fc3946d0000 ---p 00000000 00:00 0 
7fc3946d0000-7fc3946e5000 rw-p 00000000 00:00 0 
7fc3946e5000-7fc394811000 ---p 00000000 00:00 0 
7fc394811000-7fc394826000 rw-p 00000000 00:00 0 
7fc394826000-7fc394bd2000 ---p 00000000 00:00 0 
7fc394bd2000-7fc3950c2000 rwxp 00000000 00:00 0 
7fc3950c2000-7fc3a3bd2000 ---p 00000000 00:00 0 
7fc3a3bd2000-7fc3a3bed000 r-xp 00000000 103:02 9439021                   /usr/lib/jvm/java-8-oracle/jre/lib/amd64/libzip.so
7fc3a3bed000-7fc3a3ded000 ---p 0001b000 103:02 9439021                   /usr/lib/jvm/java-8-oracle/jre/lib/amd64/libzip.so
7fc3a3ded000-7fc3a3dee000 rw-p 0001b000 103:02 9439021                   /usr/lib/jvm/java-8-oracle/jre/lib/amd64/libzip.so
7fc3a3dee000-7fc3a3df9000 r-xp 00000000 103:02 266930                    /lib/x86_64-linux-gnu/libnss_files-2.27.so
7fc3a3df9000-7fc3a3ff8000 ---p 0000b000 103:02 266930                    /lib/x86_64-linux-gnu/libnss_files-2.27.so
7fc3a3ff8000-7fc3a3ff9000 r--p 0000a000 103:02 266930                    /lib/x86_64-linux-gnu/libnss_files-2.27.so
7fc3a3ff9000-7fc3a3ffa000 rw-p 0000b000 103:02 266930                    /lib/x86_64-linux-gnu/libnss_files-2.27.so
7fc3a3ffa000-7fc3a4000000 rw-p 00000000 00:00 0 
7fc3a4000000-7fc3a45dc000 rw-p 00000000 00:00 0 
7fc3a45dc000-7fc3a8000000 ---p 00000000 00:00 0 
7fc3a8000000-7fc3a8001000 r--s 00000000 103:02 15335717                  /var/cache/fontconfig/6b2c5944714ca7831b25bed9e85cb5c8-le64.cache-7
7fc3a8001000-7fc3a8002000 r--s 00000000 103:02 15335747                  /var/cache/fontconfig/d5178ab6d91b49bf20a416737dcea9e8-le64.cache-7
7fc3a8002000-7fc3a8003000 r--s 00000000 103:02 15335756                  /var/cache/fontconfig/551ecf3b0e8b0bca0f25c0944f561853-le64.cache-7
7fc3a8003000-7fc3a8006000 r--s 00000000 103:02 15335725                  /var/cache/fontconfig/f259c2cffa685e28062317905db73c4a-le64.cache-7
7fc3a8006000-7fc3a8008000 r--s 00000000 103:02 15337524                  /var/cache/fontconfig/550f3886151c940c12a5ed35f6a00586-le64.cache-7
7fc3a8008000-7fc3a800b000 r--s 00000000 103:02 15337525                  /var/cache/fontconfig/674d1711f2d1d2a09646eb0bdcadee49-le64.cache-7
7fc3a800b000-7fc3a800c000 r--s 00000000 103:02 15335709                  /var/cache/fontconfig/3f7329c5293ffd510edef78f73874cfd-le64.cache-7
7fc3a800c000-7fc3a8018000 r--s 00000000 103:02 15340041                  /var/cache/fontconfig/d589a48862398ed80a3d6066f4f56f4c-le64.cache-7
7fc3a8018000-7fc3a8019000 r--s 00000000 103:02 15335695                  /var/cache/fontconfig/0c9eb80ebd1c36541ebe2852d3bb0c49-le64.cache-7
7fc3a8019000-7fc3a801a000 r--s 00000000 103:02 15335702                  /var/cache/fontconfig/22368d551a680bfe5a62c02760edf4ea-le64.cache-7
7fc3a801a000-7fc3a801b000 r--s 00000000 103:02 15335714                  /var/cache/fontconfig/4d9c95eba1cb85bbcf2878543262124a-le64.cache-7
7fc3a801b000-7fc3a801c000 r--s 00000000 103:02 15335731                  /var/cache/fontconfig/85e0a52ce643a7ba2ae53e5d6949cead-le64.cache-7
7fc3a801c000-7fc3a801d000 r--s 00000000 103:02 15335711                  /var/cache/fontconfig/49f0de54bdd920fe4f0dfd4cbac43e6b-le64.cache-7
7fc3a801d000-7fc3a801e000 r--s 00000000 103:02 15335758                  /var/cache/fontconfig/f6e6e0a5c3d2f6ae0c0c2e0ecd42a997-le64.cache-7
7fc3a801e000-7fc3a802c000 r--s 00000000 103:02 15335734                  /var/cache/fontconfig/9b89f8e3dae116d678bbf48e5f21f69b-le64.cache-7
7fc3a802c000-7fc3a802e000 r--s 00000000 103:02 15335726                  /var/cache/fontconfig/6afa1bb216ce958c1589e297e8008489-le64.cache-7
7fc3a802e000-7fc3a803c000 r--s 00000000 103:02 15336063                  /var/cache/fontconfig/e13b20fdb08344e0e664864cc2ede53d-le64.cache-7
7fc3a803c000-7fc3a8041000 rw-s 00000000 00:19 1495                       /i915 (deleted)
7fc3a8041000-7fc3a8045000 rw-s 00000000 00:19 1488                       /i915 (deleted)
7fc3a8045000-7fc3a80bb000 rw-p 00000000 00:00 0 
7fc3a80bb000-7fc3a80d2000 r-xp 00000000 103:02 266924                    /lib/x86_64-linux-gnu/libnsl-2.27.so
7fc3a80d2000-7fc3a82d1000 ---p 00017000 103:02 266924                    /lib/x86_64-linux-gnu/libnsl-2.27.so
7fc3a82d1000-7fc3a82d2000 r--p 00016000 103:02 266924                    /lib/x86_64-linux-gnu/libnsl-2.27.so
7fc3a82d2000-7fc3a82d3000 rw-p 00017000 103:02 266924                    /lib/x86_64-linux-gnu/libnsl-2.27.so
7fc3a82d3000-7fc3a82d5000 rw-p 00000000 00:00 0 
7fc3a82d5000-7fc3a82e0000 r-xp 00000000 103:02 266941                    /lib/x86_64-linux-gnu/libnss_nis-2.27.so
7fc3a82e0000-7fc3a84df000 ---p 0000b000 103:02 266941                    /lib/x86_64-linux-gnu/libnss_nis-2.27.so
7fc3a84df000-7fc3a84e0000 r--p 0000a000 103:02 266941                    /lib/x86_64-linux-gnu/libnss_nis-2.27.so
7fc3a84e0000-7fc3a84e1000 rw-p 0000b000 103:02 266941                    /lib/x86_64-linux-gnu/libnss_nis-2.27.so
7fc3a84e1000-7fc3a84e9000 r-xp 00000000 103:02 266926                    /lib/x86_64-linux-gnu/libnss_compat-2.27.so
7fc3a84e9000-7fc3a86e9000 ---p 00008000 103:02 266926                    /lib/x86_64-linux-gnu/libnss_compat-2.27.so
7fc3a86e9000-7fc3a86ea000 r--p 00008000 103:02 266926                    /lib/x86_64-linux-gnu/libnss_compat-2.27.so
7fc3a86ea000-7fc3a86eb000 rw-p 00009000 103:02 266926                    /lib/x86_64-linux-gnu/libnss_compat-2.27.so
7fc3a86eb000-7fc3a8716000 r-xp 00000000 103:02 9439015                   /usr/lib/jvm/java-8-oracle/jre/lib/amd64/libjava.so
7fc3a8716000-7fc3a8915000 ---p 0002b000 103:02 9439015                   /usr/lib/jvm/java-8-oracle/jre/lib/amd64/libjava.so
7fc3a8915000-7fc3a8917000 rw-p 0002a000 103:02 9439015                   /usr/lib/jvm/java-8-oracle/jre/lib/amd64/libjava.so
7fc3a8917000-7fc3a8924000 r-xp 00000000 103:02 9439020                   /usr/lib/jvm/java-8-oracle/jre/lib/amd64/libverify.so
7fc3a8924000-7fc3a8b24000 ---p 0000d000 103:02 9439020                   /usr/lib/jvm/java-8-oracle/jre/lib/amd64/libverify.so
7fc3a8b24000-7fc3a8b26000 rw-p 0000d000 103:02 9439020                   /usr/lib/jvm/java-8-oracle/jre/lib/amd64/libverify.so
7fc3a8b26000-7fc3a8b2d000 r-xp 00000000 103:02 266981                    /lib/x86_64-linux-gnu/librt-2.27.so
7fc3a8b2d000-7fc3a8d2c000 ---p 00007000 103:02 266981                    /lib/x86_64-linux-gnu/librt-2.27.so
7fc3a8d2c000-7fc3a8d2d000 r--p 00006000 103:02 266981                    /lib/x86_64-linux-gnu/librt-2.27.so
7fc3a8d2d000-7fc3a8d2e000 rw-p 00007000 103:02 266981                    /lib/x86_64-linux-gnu/librt-2.27.so
7fc3a8d2e000-7fc3a8ecb000 r-xp 00000000 103:02 266903                    /lib/x86_64-linux-gnu/libm-2.27.so
7fc3a8ecb000-7fc3a90ca000 ---p 0019d000 103:02 266903                    /lib/x86_64-linux-gnu/libm-2.27.so
7fc3a90ca000-7fc3a90cb000 r--p 0019c000 103:02 266903                    /lib/x86_64-linux-gnu/libm-2.27.so
7fc3a90cb000-7fc3a90cc000 rw-p 0019d000 103:02 266903                    /lib/x86_64-linux-gnu/libm-2.27.so
7fc3a90cc000-7fc3a9da8000 r-xp 00000000 103:02 9438997                   /usr/lib/jvm/java-8-oracle/jre/lib/amd64/server/libjvm.so
7fc3a9da8000-7fc3a9fa8000 ---p 00cdc000 103:02 9438997                   /usr/lib/jvm/java-8-oracle/jre/lib/amd64/server/libjvm.so
7fc3a9fa8000-7fc3aa082000 rw-p 00cdc000 103:02 9438997                   /usr/lib/jvm/java-8-oracle/jre/lib/amd64/server/libjvm.so
7fc3aa082000-7fc3aa0cd000 rw-p 00000000 00:00 0 
7fc3aa0cd000-7fc3aa2b4000 r-xp 00000000 103:02 266840                    /lib/x86_64-linux-gnu/libc-2.27.so
7fc3aa2b4000-7fc3aa4b4000 ---p 001e7000 103:02 266840                    /lib/x86_64-linux-gnu/libc-2.27.so
7fc3aa4b4000-7fc3aa4b8000 r--p 001e7000 103:02 266840                    /lib/x86_64-linux-gnu/libc-2.27.so
7fc3aa4b8000-7fc3aa4ba000 rw-p 001eb000 103:02 266840                    /lib/x86_64-linux-gnu/libc-2.27.so
7fc3aa4ba000-7fc3aa4be000 rw-p 00000000 00:00 0 
7fc3aa4be000-7fc3aa4c1000 r-xp 00000000 103:02 266863                    /lib/x86_64-linux-gnu/libdl-2.27.so
7fc3aa4c1000-7fc3aa6c0000 ---p 00003000 103:02 266863                    /lib/x86_64-linux-gnu/libdl-2.27.so
7fc3aa6c0000-7fc3aa6c1000 r--p 00002000 103:02 266863                    /lib/x86_64-linux-gnu/libdl-2.27.so
7fc3aa6c1000-7fc3aa6c2000 rw-p 00003000 103:02 266863                    /lib/x86_64-linux-gnu/libdl-2.27.so
7fc3aa6c2000-7fc3aa6d8000 r-xp 00000000 103:02 9438992                   /usr/lib/jvm/java-8-oracle/jre/lib/amd64/jli/libjli.so
7fc3aa6d8000-7fc3aa8d7000 ---p 00016000 103:02 9438992                   /usr/lib/jvm/java-8-oracle/jre/lib/amd64/jli/libjli.so
7fc3aa8d7000-7fc3aa8d8000 rw-p 00015000 103:02 9438992                   /usr/lib/jvm/java-8-oracle/jre/lib/amd64/jli/libjli.so
7fc3aa8d8000-7fc3aa8f2000 r-xp 00000000 103:02 266973                    /lib/x86_64-linux-gnu/libpthread-2.27.so
7fc3aa8f2000-7fc3aaaf1000 ---p 0001a000 103:02 266973                    /lib/x86_64-linux-gnu/libpthread-2.27.so
7fc3aaaf1000-7fc3aaaf2000 r--p 00019000 103:02 266973                    /lib/x86_64-linux-gnu/libpthread-2.27.so
7fc3aaaf2000-7fc3aaaf3000 rw-p 0001a000 103:02 266973                    /lib/x86_64-linux-gnu/libpthread-2.27.so
7fc3aaaf3000-7fc3aaaf7000 rw-p 00000000 00:00 0 
7fc3aaaf7000-7fc3aab1e000 r-xp 00000000 103:02 266812                    /lib/x86_64-linux-gnu/ld-2.27.so
7fc3aab1e000-7fc3aab1f000 r--s 00000000 103:02 15335712                  /var/cache/fontconfig/4b2eda6bb976bda485cb2176619421d5-le64.cache-7
7fc3aab1f000-7fc3aab23000 rw-s 00000000 00:19 1485                       /i915 (deleted)
7fc3aab23000-7fc3aab28000 rw-s 00000000 00:19 1483                       /i915 (deleted)
7fc3aab28000-7fc3aab2d000 rw-s 00000000 00:19 1479                       /i915 (deleted)
7fc3aab2e000-7fc3aab2f000 rwxp 00000000 00:00 0 
7fc3aab2f000-7fc3aab33000 rw-s 00000000 00:19 1465                       /i915 (deleted)
7fc3aab33000-7fc3aac03000 rw-p 00000000 00:00 0 
7fc3aac03000-7fc3aac04000 ---p 00000000 00:00 0 
7fc3aac04000-7fc3aac07000 ---p 00000000 00:00 0 
7fc3aac07000-7fc3aad06000 rw-p 00000000 00:00 0 
7fc3aad06000-7fc3aad0a000 rw-s 00000000 00:19 1463                       /i915 (deleted)
7fc3aad0a000-7fc3aad0f000 rw-s 00000000 00:19 1462                       /i915 (deleted)
7fc3aad0f000-7fc3aad12000 r--s 00554000 103:02 15073780                  /home/austin/OneDrive/Documents/Netbeans Projects/TarkovTraderGit/TarkovTraderClient/dist/run1248033422/TarkovTrader.jar
7fc3aad12000-7fc3aad1a000 rw-s 00000000 103:02 13370989                  /tmp/hsperfdata_austin/7750
7fc3aad1a000-7fc3aad1b000 rw-p 00000000 00:00 0 
7fc3aad1b000-7fc3aad1c000 r--p 00000000 00:00 0 
7fc3aad1c000-7fc3aad1e000 rw-p 00000000 00:00 0 
7fc3aad1e000-7fc3aad1f000 r--p 00027000 103:02 266812                    /lib/x86_64-linux-gnu/ld-2.27.so
7fc3aad1f000-7fc3aad20000 rw-p 00028000 103:02 266812                    /lib/x86_64-linux-gnu/ld-2.27.so
7fc3aad20000-7fc3aad21000 rw-p 00000000 00:00 0 
7ffca3f9c000-7ffca3fbd000 rw-p 00000000 00:00 0                          [stack]
7ffca3ff8000-7ffca3ffb000 r--p 00000000 00:00 0                          [vvar]
7ffca3ffb000-7ffca3ffd000 r-xp 00000000 00:00 0                          [vdso]
ffffffffff600000-ffffffffff601000 r-xp 00000000 00:00 0                  [vsyscall]

VM Arguments:
jvm_args: -Dfile.encoding=UTF-8 
java_command: /home/austin/OneDrive/Documents/Netbeans Projects/TarkovTraderGit/TarkovTraderClient/dist/run1248033422/TarkovTrader.jar
java_class_path (initial): /home/austin/OneDrive/Documents/Netbeans Projects/TarkovTraderGit/TarkovTraderClient/dist/run1248033422/TarkovTrader.jar
Launcher Type: SUN_STANDARD

Environment Variables:
JAVA_HOME=/usr/lib/jvm/java-8-oracle
PATH=/usr/local/sbin:/usr/local/bin:/usr/sbin:/usr/bin:/sbin:/bin:/usr/games:/usr/local/games:/snap/bin:/usr/lib/jvm/java-8-oracle/bin:/usr/lib/jvm/java-8-oracle/db/bin:/usr/lib/jvm/java-8-oracle/jre/bin
USERNAME=austin
LD_LIBRARY_PATH=/usr/lib/jvm/java-8-oracle/jre/lib/amd64:/usr/lib/jvm/java-8-oracle/jre/lib/i386:
SHELL=/bin/bash
DISPLAY=:0

Signal Handlers:
SIGSEGV: [libjvm.so+0xad2a40], sa_mask[0]=11111111011111111101111111111110, sa_flags=SA_RESTART|SA_SIGINFO
SIGBUS: [libjvm.so+0xad2a40], sa_mask[0]=11111111011111111101111111111110, sa_flags=SA_RESTART|SA_SIGINFO
SIGFPE: [libjvm.so+0x92a610], sa_mask[0]=11111111011111111101111111111110, sa_flags=SA_RESTART|SA_SIGINFO
SIGPIPE: SIG_IGN, sa_mask[0]=00000000000010000000000000000000, sa_flags=SA_RESTART
SIGXFSZ: [libjvm.so+0x92a610], sa_mask[0]=11111111011111111101111111111110, sa_flags=SA_RESTART|SA_SIGINFO
SIGILL: [libjvm.so+0x92a610], sa_mask[0]=11111111011111111101111111111110, sa_flags=SA_RESTART|SA_SIGINFO
SIGUSR1: SIG_DFL, sa_mask[0]=00000000000000000000000000000000, sa_flags=none
SIGUSR2: [libjvm.so+0x92be70], sa_mask[0]=00100000000000000000000000000000, sa_flags=SA_RESTART|SA_SIGINFO
SIGHUP: [libjvm.so+0x92d270], sa_mask[0]=11111111011111111101111111111110, sa_flags=SA_RESTART|SA_SIGINFO
SIGINT: SIG_IGN, sa_mask[0]=00000000000000000000000000000000, sa_flags=none
SIGTERM: [libjvm.so+0x92d270], sa_mask[0]=11111111011111111101111111111110, sa_flags=SA_RESTART|SA_SIGINFO
SIGQUIT: [libjvm.so+0x92d270], sa_mask[0]=11111111011111111101111111111110, sa_flags=SA_RESTART|SA_SIGINFO


---------------  S Y S T E M  ---------------

OS:DISTRIB_ID=Ubuntu
DISTRIB_RELEASE=18.04
DISTRIB_CODENAME=bionic
DISTRIB_DESCRIPTION="Ubuntu 18.04.1 LTS"

uname:Linux 4.15.0-29-generic #31-Ubuntu SMP Tue Jul 17 15:39:52 UTC 2018 x86_64
libc:glibc 2.27 NPTL 2.27 
rlimit: STACK 8192k, CORE 0k, NPROC 30365, NOFILE 1048576, AS infinity
load average:1.30 1.19 0.99

/proc/meminfo:
MemTotal:        7877392 kB
MemFree:         2732468 kB
MemAvailable:    4273300 kB
Buffers:          111572 kB
Cached:          1691804 kB
SwapCached:            0 kB
Active:          3385396 kB
Inactive:        1446788 kB
Active(anon):    2724816 kB
Inactive(anon):   389644 kB
Active(file):     660580 kB
Inactive(file):  1057144 kB
Unevictable:          48 kB
Mlocked:              48 kB
SwapTotal:       2097148 kB
SwapFree:        2097148 kB
Dirty:             13916 kB
Writeback:             0 kB
AnonPages:       3029236 kB
Mapped:           529884 kB
Shmem:            390748 kB
Slab:             165532 kB
SReclaimable:     103108 kB
SUnreclaim:        62424 kB
KernelStack:       12416 kB
PageTables:        40792 kB
NFS_Unstable:          0 kB
Bounce:                0 kB
WritebackTmp:          0 kB
CommitLimit:     6035844 kB
Committed_AS:    7702644 kB
VmallocTotal:   34359738367 kB
VmallocUsed:           0 kB
VmallocChunk:          0 kB
HardwareCorrupted:     0 kB
AnonHugePages:         0 kB
ShmemHugePages:        0 kB
ShmemPmdMapped:        0 kB
CmaTotal:              0 kB
CmaFree:               0 kB
HugePages_Total:       0
HugePages_Free:        0
HugePages_Rsvd:        0
HugePages_Surp:        0
Hugepagesize:       2048 kB
DirectMap4k:      152432 kB
DirectMap2M:     4798464 kB
DirectMap1G:     3145728 kB


CPU:total 8 (initial active 8) (4 cores per cpu, 2 threads per core) family 6 model 142 stepping 10, cmov, cx8, fxsr, mmx, sse, sse2, sse3, ssse3, sse4.1, sse4.2, popcnt, avx, avx2, aes, clmul, erms, 3dnowpref, lzcnt, ht, tsc, tscinvbit, bmi1, bmi2, adx

/proc/cpuinfo:
processor	: 0
vendor_id	: GenuineIntel
cpu family	: 6
model		: 142
model name	: Intel(R) Core(TM) i7-8550U CPU @ 1.80GHz
stepping	: 10
microcode	: 0x84
cpu MHz		: 2836.056
cache size	: 8192 KB
physical id	: 0
siblings	: 8
core id		: 0
cpu cores	: 4
apicid		: 0
initial apicid	: 0
fpu		: yes
fpu_exception	: yes
cpuid level	: 22
wp		: yes
flags		: fpu vme de pse tsc msr pae mce cx8 apic sep mtrr pge mca cmov pat pse36 clflush dts acpi mmx fxsr sse sse2 ss ht tm pbe syscall nx pdpe1gb rdtscp lm constant_tsc art arch_perfmon pebs bts rep_good nopl xtopology nonstop_tsc cpuid aperfmperf tsc_known_freq pni pclmulqdq dtes64 monitor ds_cpl vmx est tm2 ssse3 sdbg fma cx16 xtpr pdcm pcid sse4_1 sse4_2 x2apic movbe popcnt tsc_deadline_timer aes xsave avx f16c rdrand lahf_lm abm 3dnowprefetch cpuid_fault epb invpcid_single pti ibrs ibpb stibp tpr_shadow vnmi flexpriority ept vpid fsgsbase tsc_adjust bmi1 avx2 smep bmi2 erms invpcid mpx rdseed adx smap clflushopt intel_pt xsaveopt xsavec xgetbv1 xsaves dtherm ida arat pln pts hwp hwp_notify hwp_act_window hwp_epp
bugs		: cpu_meltdown spectre_v1 spectre_v2 spec_store_bypass
bogomips	: 3984.00
clflush size	: 64
cache_alignment	: 64
address sizes	: 39 bits physical, 48 bits virtual
power management:

processor	: 1
vendor_id	: GenuineIntel
cpu family	: 6
model		: 142
model name	: Intel(R) Core(TM) i7-8550U CPU @ 1.80GHz
stepping	: 10
microcode	: 0x84
cpu MHz		: 2851.166
cache size	: 8192 KB
physical id	: 0
siblings	: 8
core id		: 1
cpu cores	: 4
apicid		: 2
initial apicid	: 2
fpu		: yes
fpu_exception	: yes
cpuid level	: 22
wp		: yes
flags		: fpu vme de pse tsc msr pae mce cx8 apic sep mtrr pge mca cmov pat pse36 clflush dts acpi mmx fxsr sse sse2 ss ht tm pbe syscall nx pdpe1gb rdtscp lm constant_tsc art arch_perfmon pebs bts rep_good nopl xtopology nonstop_tsc cpuid aperfmperf tsc_known_freq pni pclmulqdq dtes64 monitor ds_cpl vmx est tm2 ssse3 sdbg fma cx16 xtpr pdcm pcid sse4_1 sse4_2 x2apic movbe popcnt tsc_deadline_timer aes xsave avx f16c rdrand lahf_lm abm 3dnowprefetch cpuid_fault epb invpcid_single pti ibrs ibpb stibp tpr_shadow vnmi flexpriority ept vpid fsgsbase tsc_adjust bmi1 avx2 smep bmi2 erms invpcid mpx rdseed adx smap clflushopt intel_pt xsaveopt xsavec xgetbv1 xsaves dtherm ida arat pln pts hwp hwp_notify hwp_act_window hwp_epp
bugs		: cpu_meltdown spectre_v1 spectre_v2 spec_store_bypass
bogomips	: 3984.00
clflush size	: 64
cache_alignment	: 64
address sizes	: 39 bits physical, 48 bits virtual
power management:

processor	: 2
vendor_id	: GenuineIntel
cpu family	: 6
model		: 142
model name	: Intel(R) Core(TM) i7-8550U CPU @ 1.80GHz
stepping	: 10
microcode	: 0x84
cpu MHz		: 2848.770
cache size	: 8192 KB
physical id	: 0
siblings	: 8
core id		: 2
cpu cores	: 4
apicid		: 4
initial apicid	: 4
fpu		: yes
fpu_exception	: yes
cpuid level	: 22
wp		: yes
flags		: fpu vme de pse tsc msr pae mce cx8 apic sep mtrr pge mca cmov pat pse36 clflush dts acpi mmx fxsr sse sse2 ss ht tm pbe syscall nx pdpe1gb rdtscp lm constant_tsc art arch_perfmon pebs bts rep_good nopl xtopology nonstop_tsc cpuid aperfmperf tsc_known_freq pni pclmulqdq dtes64 monitor ds_cpl vmx est tm2 ssse3 sdbg fma cx16 xtpr pdcm pcid sse4_1 sse4_2 x2apic movbe popcnt tsc_deadline_timer aes xsave avx f16c rdrand lahf_lm abm 3dnowprefetch cpuid_fault epb invpcid_single pti ibrs ibpb stibp tpr_shadow vnmi flexpriority ept vpid fsgsbase tsc_adjust bmi1 avx2 smep bmi2 erms invpcid mpx rdseed adx smap clflushopt intel_pt xsaveopt xsavec xgetbv1 xsaves dtherm ida arat pln pts hwp hwp_notify hwp_act_window hwp_epp
bugs		: cpu_meltdown spectre_v1 spectre_v2 spec_store_bypass
bogomips	: 3984.00
clflush size	: 64
cache_alignment	: 64
address sizes	: 39 bits physical, 48 bits virtual
power management:

processor	: 3
vendor_id	: GenuineIntel
cpu family	: 6
model		: 142
model name	: Intel(R) Core(TM) i7-8550U CPU @ 1.80GHz
stepping	: 10
microcode	: 0x84
cpu MHz		: 2832.970
cache size	: 8192 KB
physical id	: 0
siblings	: 8
core id		: 3
cpu cores	: 4
apicid		: 6
initial apicid	: 6
fpu		: yes
fpu_exception	: yes
cpuid level	: 22
wp		: yes
flags		: fpu vme de pse tsc msr pae mce cx8 apic sep mtrr pge mca cmov pat pse36 clflush dts acpi mmx fxsr sse sse2 ss ht tm pbe syscall nx pdpe1gb rdtscp lm constant_tsc art arch_perfmon pebs bts rep_good nopl xtopology nonstop_tsc cpuid aperfmperf tsc_known_freq pni pclmulqdq dtes64 monitor ds_cpl vmx est tm2 ssse3 sdbg fma cx16 xtpr pdcm pcid sse4_1 sse4_2 x2apic movbe popcnt tsc_deadline_timer aes xsave avx f16c rdrand lahf_lm abm 3dnowprefetch cpuid_fault epb invpcid_single pti ibrs ibpb stibp tpr_shadow vnmi flexpriority ept vpid fsgsbase tsc_adjust bmi1 avx2 smep bmi2 erms invpcid mpx rdseed adx smap clflushopt intel_pt xsaveopt xsavec xgetbv1 xsaves dtherm ida arat pln pts hwp hwp_notify hwp_act_window hwp_epp
bugs		: cpu_meltdown spectre_v1 spectre_v2 spec_store_bypass
bogomips	: 3984.00
clflush size	: 64
cache_alignment	: 64
address sizes	: 39 bits physical, 48 bits virtual
power management:

processor	: 4
vendor_id	: GenuineIntel
cpu family	: 6
model		: 142
model name	: Intel(R) Core(TM) i7-8550U CPU @ 1.80GHz
stepping	: 10
microcode	: 0x84
cpu MHz		: 2845.725
cache size	: 8192 KB
physical id	: 0
siblings	: 8
core id		: 0
cpu cores	: 4
apicid		: 1
initial apicid	: 1
fpu		: yes
fpu_exception	: yes
cpuid level	: 22
wp		: yes
flags		: fpu vme de pse tsc msr pae mce cx8 apic sep mtrr pge mca cmov pat pse36 clflush dts acpi mmx fxsr sse sse2 ss ht tm pbe syscall nx pdpe1gb rdtscp lm constant_tsc art arch_perfmon pebs bts rep_good nopl xtopology nonstop_tsc cpuid aperfmperf tsc_known_freq pni pclmulqdq dtes64 monitor ds_cpl vmx est tm2 ssse3 sdbg fma cx16 xtpr pdcm pcid sse4_1 sse4_2 x2apic movbe popcnt tsc_deadline_timer aes xsave avx f16c rdrand lahf_lm abm 3dnowprefetch cpuid_fault epb invpcid_single pti ibrs ibpb stibp tpr_shadow vnmi flexpriority ept vpid fsgsbase tsc_adjust bmi1 avx2 smep bmi2 erms invpcid mpx rdseed adx smap clflushopt intel_pt xsaveopt xsavec xgetbv1 xsaves dtherm ida arat pln pts hwp hwp_notify hwp_act_window hwp_epp
bugs		: cpu_meltdown spectre_v1 spectre_v2 spec_store_bypass
bogomips	: 3984.00
clflush size	: 64
cache_alignment	: 64
address sizes	: 39 bits physical, 48 bits virtual
power management:

processor	: 5
vendor_id	: GenuineIntel
cpu family	: 6
model		: 142
model name	: Intel(R) Core(TM) i7-8550U CPU @ 1.80GHz
stepping	: 10
microcode	: 0x84
cpu MHz		: 2836.936
cache size	: 8192 KB
physical id	: 0
siblings	: 8
core id		: 1
cpu cores	: 4
apicid		: 3
initial apicid	: 3
fpu		: yes
fpu_exception	: yes
cpuid level	: 22
wp		: yes
flags		: fpu vme de pse tsc msr pae mce cx8 apic sep mtrr pge mca cmov pat pse36 clflush dts acpi mmx fxsr sse sse2 ss ht tm pbe syscall nx pdpe1gb rdtscp lm constant_tsc art arch_perfmon pebs bts rep_good nopl xtopology nonstop_tsc cpuid aperfmperf tsc_known_freq pni pclmulqdq dtes64 monitor ds_cpl vmx est tm2 ssse3 sdbg fma cx16 xtpr pdcm pcid sse4_1 sse4_2 x2apic movbe popcnt tsc_deadline_timer aes xsave avx f16c rdrand lahf_lm abm 3dnowprefetch cpuid_fault epb invpcid_single pti ibrs ibpb stibp tpr_shadow vnmi flexpriority ept vpid fsgsbase tsc_adjust bmi1 avx2 smep bmi2 erms invpcid mpx rdseed adx smap clflushopt intel_pt xsaveopt xsavec xgetbv1 xsaves dtherm ida arat pln pts hwp hwp_notify hwp_act_window hwp_epp
bugs		: cpu_meltdown spectre_v1 spectre_v2 spec_store_bypass
bogomips	: 3984.00
clflush size	: 64
cache_alignment	: 64
address sizes	: 39 bits physical, 48 bits virtual
power management:

processor	: 6
vendor_id	: GenuineIntel
cpu family	: 6
model		: 142
model name	: Intel(R) Core(TM) i7-8550U CPU @ 1.80GHz
stepping	: 10
microcode	: 0x84
cpu MHz		: 2844.798
cache size	: 8192 KB
physical id	: 0
siblings	: 8
core id		: 2
cpu cores	: 4
apicid		: 5
initial apicid	: 5
fpu		: yes
fpu_exception	: yes
cpuid level	: 22
wp		: yes
flags		: fpu vme de pse tsc msr pae mce cx8 apic sep mtrr pge mca cmov pat pse36 clflush dts acpi mmx fxsr sse sse2 ss ht tm pbe syscall nx pdpe1gb rdtscp lm constant_tsc art arch_perfmon pebs bts rep_good nopl xtopology nonstop_tsc cpuid aperfmperf tsc_known_freq pni pclmulqdq dtes64 monitor ds_cpl vmx est tm2 ssse3 sdbg fma cx16 xtpr pdcm pcid sse4_1 sse4_2 x2apic movbe popcnt tsc_deadline_timer aes xsave avx f16c rdrand lahf_lm abm 3dnowprefetch cpuid_fault epb invpcid_single pti ibrs ibpb stibp tpr_shadow vnmi flexpriority ept vpid fsgsbase tsc_adjust bmi1 avx2 smep bmi2 erms invpcid mpx rdseed adx smap clflushopt intel_pt xsaveopt xsavec xgetbv1 xsaves dtherm ida arat pln pts hwp hwp_notify hwp_act_window hwp_epp
bugs		: cpu_meltdown spectre_v1 spectre_v2 spec_store_bypass
bogomips	: 3984.00
clflush size	: 64
cache_alignment	: 64
address sizes	: 39 bits physical, 48 bits virtual
power management:

processor	: 7
vendor_id	: GenuineIntel
cpu family	: 6
model		: 142
model name	: Intel(R) Core(TM) i7-8550U CPU @ 1.80GHz
stepping	: 10
microcode	: 0x84
cpu MHz		: 2837.012
cache size	: 8192 KB
physical id	: 0
siblings	: 8
core id		: 3
cpu cores	: 4
apicid		: 7
initial apicid	: 7
fpu		: yes
fpu_exception	: yes
cpuid level	: 22
wp		: yes
flags		: fpu vme de pse tsc msr pae mce cx8 apic sep mtrr pge mca cmov pat pse36 clflush dts acpi mmx fxsr sse sse2 ss ht tm pbe syscall nx pdpe1gb rdtscp lm constant_tsc art arch_perfmon pebs bts rep_good nopl xtopology nonstop_tsc cpuid aperfmperf tsc_known_freq pni pclmulqdq dtes64 monitor ds_cpl vmx est tm2 ssse3 sdbg fma cx16 xtpr pdcm pcid sse4_1 sse4_2 x2apic movbe popcnt tsc_deadline_timer aes xsave avx f16c rdrand lahf_lm abm 3dnowprefetch cpuid_fault epb invpcid_single pti ibrs ibpb stibp tpr_shadow vnmi flexpriority ept vpid fsgsbase tsc_adjust bmi1 avx2 smep bmi2 erms invpcid mpx rdseed adx smap clflushopt intel_pt xsaveopt xsavec xgetbv1 xsaves dtherm ida arat pln pts hwp hwp_notify hwp_act_window hwp_epp
bugs		: cpu_meltdown spectre_v1 spectre_v2 spec_store_bypass
bogomips	: 3984.00
clflush size	: 64
cache_alignment	: 64
address sizes	: 39 bits physical, 48 bits virtual
power management:



Memory: 4k page, physical 7877392k(2725880k free), swap 2097148k(2097148k free)

vm_info: Java HotSpot(TM) 64-Bit Server VM (25.181-b13) for linux-amd64 JRE (1.8.0_181-b13), built on Jul  7 2018 00:56:38 by "java_re" with gcc 4.3.0 20080428 (Red Hat 4.3.0-8)

time: Sun Jul 29 15:50:45 2018
elapsed time: 3 seconds (0d 0h 0m 3s)

