#
# A fatal error has been detected by the Java Runtime Environment:
#
#  SIGSEGV (0xb) at pc=0x00007f22b35079a8, pid=6904, tid=0x00007f223db8c700
#
# JRE version: Java(TM) SE Runtime Environment (8.0_171-b11) (build 1.8.0_171-b11)
# Java VM: Java HotSpot(TM) 64-Bit Server VM (25.171-b11 mixed mode linux-amd64 compressed oops)
# Problematic frame:
# V  [libjvm.so+0x6d79a8]  jni_invoke_nonstatic(JNIEnv_*, JavaValue*, _jobject*, JNICallType, _jmethodID*, JNI_ArgumentPusher*, Thread*)+0x38
#
# Failed to write core dump. Core dumps have been disabled. To enable core dumping, try "ulimit -c unlimited" before starting Java again
#
# If you would like to submit a bug report, please visit:
#   http://bugreport.java.com/bugreport/crash.jsp
#

---------------  T H R E A D  ---------------

Current thread (0x00007f22ac428000):  JavaThread "JavaFX Application Thread" [_thread_in_vm, id=6931, stack(0x00007f223da8c000,0x00007f223db8d000)]

siginfo: si_signo: 11 (SIGSEGV), si_code: 1 (SEGV_MAPERR), si_addr: 0x00007f2200000000

Registers:
RAX=0x00007f223db8b260, RBX=0x00007f223db8b170, RCX=0x0000000000000001, RDX=0x00007f2200000000
RSP=0x00007f223db8afc0, RBP=0x00007f223db8b140, RSI=0x00007f223db8b1d0, RDI=0x00007f22ac4281f8
R8 =0x00007f22ac397c58, R9 =0x00007f223db8b170, R10=0x00007f2230000e20, R11=0x0000000000000000
R12=0x00007f22ac428000, R13=0x00007f22ac397c58, R14=0x0000000000000001, R15=0x00007f22ac4281f8
RIP=0x00007f22b35079a8, EFLAGS=0x0000000000010206, CSGSFS=0x002b000000000033, ERR=0x0000000000000004
  TRAPNO=0x000000000000000e

Top of Stack: (sp=0x00007f223db8afc0)
0x00007f223db8afc0:   00007f223db8b6c0 00007f223db8b2e0
0x00007f223db8afd0:   00007f223db8b020 00007f223db8b0a0
0x00007f223db8afe0:   00007f223db8b170 00007f223db8b1d0
0x00007f223db8aff0:   00007f22ac4281f8 00007f22b35274b0
0x00007f223db8b000:   00007f22580010c0 00007f22580010d0
0x00007f223db8b010:   00007f22580014a8 00000000000003d8
0x00007f223db8b020:   0000000000000000 00000000d9d88760
0x00007f223db8b030:   00007f220000006f 00007f220000000a
0x00007f223db8b040:   00000000d813a1e0 0000000000000000
0x00007f223db8b050:   0000000000000000 0000000000000000
0x00007f223db8b060:   00007f229cce9c30 0000000100000100
0x00007f223db8b070:   0000000000000000 00007f223db8b028
0x00007f223db8b080:   00007f223db8b069 0000000800000005
0x00007f223db8b090:   00007f223db8b000 00007f22ac428aa0
0x00007f223db8b0a0:   00007f22b3d9b7b0 00007f22b48e77a0
0x00007f223db8b0b0:   00000000ac428a20 00007f22ac428000
0x00007f223db8b0c0:   0000000000000000 00007f22b3507d7b
0x00007f223db8b0d0:   00007f229ccf3d78 00007f22ac428000
0x00007f223db8b0e0:   00007f229ccf3d78 00007f22ac428000
0x00007f223db8b0f0:   00007f223db8b280 00007f229ccf3d78
0x00007f223db8b100:   00007f229ccf3d78 00007f229ccf3d78
0x00007f223db8b110:   00007f22580010c0 00007f223db8b170
0x00007f223db8b120:   00007f22ac428000 00007f223db8b1b0
0x00007f223db8b130:   00007f22ac397c58 00007f22ac4281f8
0x00007f223db8b140:   00007f223db8b230 00007f22b350c14f
0x00007f223db8b150:   00007f22ac428000 00007f22850a6614
0x00007f223db8b160:   00007f223db8b248 00007f2200000000
0x00007f223db8b170:   00007f22b3d9c430 00007f22b48e77a0
0x00007f223db8b180:   0000000000000000 00007f2200000063
0x00007f223db8b190:   0000000000000000 0000003000000018
0x00007f223db8b1a0:   00007f223db8b320 00007f223db8b260
0x00007f223db8b1b0:   00007f22ac428000 0000000000000000 

Instructions: (pc=0x00007f22b35079a8)
0x00007f22b3507988:   00 00 48 85 d2 48 89 bd b0 fe ff ff 48 89 b5 a8
0x00007f22b3507998:   fe ff ff 4c 89 8d a0 fe ff ff 0f 84 78 09 00 00
0x00007f22b35079a8:   4c 8b 22 4d 85 e4 0f 84 6c 09 00 00 48 8b 45 10
0x00007f22b35079b8:   48 8b 98 38 01 00 00 48 83 7b 18 f7 0f 87 16 07 

Register to memory mapping:

RAX=0x00007f223db8b260 is pointing into the stack for thread: 0x00007f22ac428000
RBX=0x00007f223db8b170 is pointing into the stack for thread: 0x00007f22ac428000
RCX=0x0000000000000001 is an unknown value
RDX=0x00007f2200000000 is an unknown value
RSP=0x00007f223db8afc0 is pointing into the stack for thread: 0x00007f22ac428000
RBP=0x00007f223db8b140 is pointing into the stack for thread: 0x00007f22ac428000
RSI=0x00007f223db8b1d0 is pointing into the stack for thread: 0x00007f22ac428000
RDI=0x00007f22ac4281f8 is an unknown value
R8 =0x00007f22ac397c58 is an unknown value
R9 =0x00007f223db8b170 is pointing into the stack for thread: 0x00007f22ac428000
R10=0x00007f2230000e20 is an unknown value
R11=0x0000000000000000 is an unknown value
R12=0x00007f22ac428000 is a thread
R13=0x00007f22ac397c58 is an unknown value
R14=0x0000000000000001 is an unknown value
R15=0x00007f22ac4281f8 is an unknown value


Stack: [0x00007f223da8c000,0x00007f223db8d000],  sp=0x00007f223db8afc0,  free space=1019k
Native frames: (J=compiled Java code, j=interpreted, Vv=VM code, C=native code)
V  [libjvm.so+0x6d79a8]  jni_invoke_nonstatic(JNIEnv_*, JavaValue*, _jobject*, JNICallType, _jmethodID*, JNI_ArgumentPusher*, Thread*)+0x38
V  [libjvm.so+0x6dc14f]  jni_CallVoidMethodV+0x10f
C  [libglass.so+0x18641]  JNIEnv_::CallVoidMethod(_jobject*, _jmethodID*, ...)+0x81
C  [libglass.so+0x14f0f]  WindowContextBase::process_key(_GdkEventKey*)+0x20f
C  [libglass.so+0x19f60]  WindowContextBase::im_filter_keypress(_GdkEventKey*)+0x1c0
C  [libglass.so+0x1a91c]  process_events(_GdkEvent*, void*)+0x22c
C  [libgdk-x11-2.0.so.0+0x5b02c]

Java frames: (J=compiled Java code, j=interpreted, Vv=VM code)
j  com.sun.glass.ui.gtk.GtkApplication._runLoop(Ljava/lang/Runnable;Z)V+0
j  com.sun.glass.ui.gtk.GtkApplication.lambda$null$48(Ljava/lang/Runnable;Z)V+7
j  com.sun.glass.ui.gtk.GtkApplication$$Lambda$41.run()V+12
j  java.lang.Thread.run()V+11
v  ~StubRoutines::call_stub

---------------  P R O C E S S  ---------------

Java Threads: ( => current thread )
  0x00007f22302b5800 JavaThread "Prism Font Disposer" daemon [_thread_blocked, id=6936, stack(0x00007f223c9ac000,0x00007f223caad000)]
  0x00007f222800d000 JavaThread "Thread-4" [_thread_in_native, id=6935, stack(0x00007f223d16f000,0x00007f223d270000)]
  0x00007f22300ef000 JavaThread "Thread-3" [_thread_in_native, id=6933, stack(0x00007f223d88a000,0x00007f223d98b000)]
  0x00007f22ac42e800 JavaThread "JavaFX-Launcher" [_thread_blocked, id=6932, stack(0x00007f223d98b000,0x00007f223da8c000)]
=>0x00007f22ac428000 JavaThread "JavaFX Application Thread" [_thread_in_vm, id=6931, stack(0x00007f223da8c000,0x00007f223db8d000)]
  0x00007f22ac425000 JavaThread "Thread-1" daemon [_thread_blocked, id=6930, stack(0x00007f224409d000,0x00007f224419e000)]
  0x00007f22ac375800 JavaThread "QuantumRenderer-0" daemon [_thread_blocked, id=6929, stack(0x00007f2285b16000,0x00007f2285c17000)]
  0x00007f22ac21b000 JavaThread "Service Thread" daemon [_thread_blocked, id=6926, stack(0x00007f2285d18000,0x00007f2285e19000)]
  0x00007f22ac210000 JavaThread "C1 CompilerThread3" daemon [_thread_blocked, id=6925, stack(0x00007f2285e1a000,0x00007f2285f1a000)]
  0x00007f22ac20d800 JavaThread "C2 CompilerThread2" daemon [_thread_blocked, id=6924, stack(0x00007f2285f1b000,0x00007f228601b000)]
  0x00007f22ac20c000 JavaThread "C2 CompilerThread1" daemon [_thread_blocked, id=6923, stack(0x00007f228601c000,0x00007f228611c000)]
  0x00007f22ac209000 JavaThread "C2 CompilerThread0" daemon [_thread_blocked, id=6922, stack(0x00007f228611d000,0x00007f228621d000)]
  0x00007f22ac207800 JavaThread "Signal Dispatcher" daemon [_thread_blocked, id=6921, stack(0x00007f228621d000,0x00007f228631e000)]
  0x00007f22ac1d4800 JavaThread "Finalizer" daemon [_thread_blocked, id=6920, stack(0x00007f2286ced000,0x00007f2286dee000)]
  0x00007f22ac1d0000 JavaThread "Reference Handler" daemon [_thread_blocked, id=6919, stack(0x00007f2286dee000,0x00007f2286eef000)]
  0x00007f22ac00b000 JavaThread "main" [_thread_blocked, id=6907, stack(0x00007f22b4963000,0x00007f22b4a63000)]

Other Threads:
  0x00007f22ac1c8800 VMThread [stack: 0x00007f2286ef0000,0x00007f2286ff0000] [id=6918]
  0x00007f22ac220000 WatcherThread [stack: 0x00007f2285c18000,0x00007f2285d18000] [id=6927]

VM state:not at safepoint (normal execution)

VM Mutex/Monitor currently owned by a thread: None

Heap:
 PSYoungGen      total 36352K, used 11114K [0x00000000d7f00000, 0x00000000da780000, 0x0000000100000000)
  eden space 31232K, 19% used [0x00000000d7f00000,0x00000000d8515908,0x00000000d9d80000)
  from space 5120K, 95% used [0x00000000d9d80000,0x00000000da245178,0x00000000da280000)
  to   space 5120K, 0% used [0x00000000da280000,0x00000000da280000,0x00000000da780000)
 ParOldGen       total 83456K, used 16K [0x0000000087c00000, 0x000000008cd80000, 0x00000000d7f00000)
  object space 83456K, 0% used [0x0000000087c00000,0x0000000087c04000,0x000000008cd80000)
 Metaspace       used 15834K, capacity 16650K, committed 17024K, reserved 1062912K
  class space    used 2342K, capacity 2564K, committed 2688K, reserved 1048576K

Card table byte_map: [0x00007f22b126e000,0x00007f22b1631000] byte_map_base: 0x00007f22b0e30000

Marking Bits: (ParMarkBitMap*) 0x00007f22b3e00280
 Begin Bits: [0x00007f228c3e0000, 0x00007f228e1f0000)
 End Bits:   [0x00007f228e1f0000, 0x00007f2290000000)

Polling page: 0x00007f22b4a7b000

CodeCache: size=245760Kb used=4982Kb max_used=4982Kb free=240777Kb
 bounds [0x00007f229d000000, 0x00007f229d4f0000, 0x00007f22ac000000]
 total_blobs=2286 nmethods=1660 adapters=539
 compilation: enabled

Compilation events (10 events):
Event: 5.115 Thread 0x00007f22ac210000 1657       1       javafx.scene.layout.Region::impl_notifyLayoutBoundsChanged (1 bytes)
Event: 5.115 Thread 0x00007f22ac210000 nmethod 1657 0x00007f229d4d9a90 code [0x00007f229d4d9be0, 0x00007f229d4d9cf0]
Event: 5.115 Thread 0x00007f22ac210000 1659       3       com.sun.javafx.iio.common.RoughScaler::putSourceScanline (261 bytes)
Event: 5.116 Thread 0x00007f22ac210000 nmethod 1659 0x00007f229d4dab90 code [0x00007f229d4dade0, 0x00007f229d4db818]
Event: 5.116 Thread 0x00007f22ac210000 1655       3       javafx.scene.control.SkinBase::snapSize (19 bytes)
Event: 5.117 Thread 0x00007f22ac210000 nmethod 1655 0x00007f229d4da550 code [0x00007f229d4da700, 0x00007f229d4daa48]
Event: 5.117 Thread 0x00007f22ac210000 1656       3       javafx.scene.control.Labeled::getLabelPadding (24 bytes)
Event: 5.117 Thread 0x00007f22ac210000 nmethod 1656 0x00007f229d4d94d0 code [0x00007f229d4d9660, 0x00007f229d4d99c8]
Event: 5.117 Thread 0x00007f22ac210000 1660       3       javafx.beans.binding.StringExpression::getValue (5 bytes)
Event: 5.118 Thread 0x00007f22ac210000 nmethod 1660 0x00007f229d4d8e90 code [0x00007f229d4d9020, 0x00007f229d4d93e8]

GC Heap History (2 events):
Event: 0.835 GC heap before
{Heap before GC invocations=1 (full 0):
 PSYoungGen      total 36352K, used 31232K [0x00000000d7f00000, 0x00000000da780000, 0x0000000100000000)
  eden space 31232K, 100% used [0x00000000d7f00000,0x00000000d9d80000,0x00000000d9d80000)
  from space 5120K, 0% used [0x00000000da280000,0x00000000da280000,0x00000000da780000)
  to   space 5120K, 0% used [0x00000000d9d80000,0x00000000d9d80000,0x00000000da280000)
 ParOldGen       total 83456K, used 0K [0x0000000087c00000, 0x000000008cd80000, 0x00000000d7f00000)
  object space 83456K, 0% used [0x0000000087c00000,0x0000000087c00000,0x000000008cd80000)
 Metaspace       used 14608K, capacity 15246K, committed 15488K, reserved 1062912K
  class space    used 2182K, capacity 2354K, committed 2432K, reserved 1048576K
Event: 0.841 GC heap after
Heap after GC invocations=1 (full 0):
 PSYoungGen      total 36352K, used 4884K [0x00000000d7f00000, 0x00000000da780000, 0x0000000100000000)
  eden space 31232K, 0% used [0x00000000d7f00000,0x00000000d7f00000,0x00000000d9d80000)
  from space 5120K, 95% used [0x00000000d9d80000,0x00000000da245178,0x00000000da280000)
  to   space 5120K, 0% used [0x00000000da280000,0x00000000da280000,0x00000000da780000)
 ParOldGen       total 83456K, used 16K [0x0000000087c00000, 0x000000008cd80000, 0x00000000d7f00000)
  object space 83456K, 0% used [0x0000000087c00000,0x0000000087c04000,0x000000008cd80000)
 Metaspace       used 14608K, capacity 15246K, committed 15488K, reserved 1062912K
  class space    used 2182K, capacity 2354K, committed 2432K, reserved 1048576K
}

Deoptimization events (10 events):
Event: 0.586 Thread 0x00007f22ac428000 Uncommon trap: reason=class_check action=maybe_recompile pc=0x00007f229d11b860 method=java.lang.String.equals(Ljava/lang/Object;)Z @ 8
Event: 0.586 Thread 0x00007f22ac428000 Uncommon trap: reason=class_check action=maybe_recompile pc=0x00007f229d11b860 method=java.lang.String.equals(Ljava/lang/Object;)Z @ 8
Event: 0.586 Thread 0x00007f22ac428000 Uncommon trap: reason=class_check action=maybe_recompile pc=0x00007f229d11b860 method=java.lang.String.equals(Ljava/lang/Object;)Z @ 8
Event: 0.588 Thread 0x00007f22ac428000 Uncommon trap: reason=class_check action=maybe_recompile pc=0x00007f229d11b860 method=java.lang.String.equals(Ljava/lang/Object;)Z @ 8
Event: 0.717 Thread 0x00007f22ac428000 Uncommon trap: reason=unstable_if action=reinterpret pc=0x00007f229d2b0008 method=sun.net.www.ParseUtil.encodePath(Ljava/lang/String;Z)Ljava/lang/String; @ 109
Event: 0.776 Thread 0x00007f22ac428000 Uncommon trap: reason=unstable_if action=reinterpret pc=0x00007f229d2d3da4 method=jdk.internal.org.objectweb.asm.Type.getArgumentsAndReturnSizes(Ljava/lang/String;)I @ 47
Event: 4.022 Thread 0x00007f22ac428000 Uncommon trap: reason=unstable_if action=reinterpret pc=0x00007f229d2464a0 method=java.lang.CharacterData.of(I)Ljava/lang/CharacterData; @ 4
Event: 4.916 Thread 0x00007f22ac428000 Uncommon trap: reason=unstable_if action=reinterpret pc=0x00007f229d1d2050 method=java.lang.String.indexOf([CII[CIII)I @ 3
Event: 5.046 Thread 0x00007f22ac428000 Uncommon trap: reason=unstable_if action=reinterpret pc=0x00007f229d4833d4 method=tarkov.trader.client.LoginPrompt.awaitingAuthentication()Z @ 3
Event: 5.060 Thread 0x00007f22ac428000 Uncommon trap: reason=unstable_if action=reinterpret pc=0x00007f229d3dbfb8 method=java.lang.StrictMath.floorOrCeil(DDDD)D @ 38

Classes redefined (0 events):
No events

Internal exceptions (10 events):
Event: 0.140 Thread 0x00007f22ac00b000 Exception <a 'java/lang/NoSuchFieldError': method resolution failed> (0x00000000d8137b90) thrown at [/HUDSON/workspace/8-2-build-linux-amd64/jdk8u171/10807/hotspot/src/share/vm/prims/methodHandles.cpp, line 1167]
Event: 0.154 Thread 0x00007f22ac00b000 Exception <a 'java/security/PrivilegedActionException'> (0x00000000d81c1228) thrown at [/HUDSON/workspace/8-2-build-linux-amd64/jdk8u171/10807/hotspot/src/share/vm/prims/jvm.cpp, line 1435]
Event: 0.154 Thread 0x00007f22ac00b000 Exception <a 'java/security/PrivilegedActionException'> (0x00000000d81c1438) thrown at [/HUDSON/workspace/8-2-build-linux-amd64/jdk8u171/10807/hotspot/src/share/vm/prims/jvm.cpp, line 1435]
Event: 0.154 Thread 0x00007f22ac00b000 Exception <a 'java/security/PrivilegedActionException'> (0x00000000d81c38a0) thrown at [/HUDSON/workspace/8-2-build-linux-amd64/jdk8u171/10807/hotspot/src/share/vm/prims/jvm.cpp, line 1435]
Event: 0.154 Thread 0x00007f22ac00b000 Exception <a 'java/security/PrivilegedActionException'> (0x00000000d81c3ab0) thrown at [/HUDSON/workspace/8-2-build-linux-amd64/jdk8u171/10807/hotspot/src/share/vm/prims/jvm.cpp, line 1435]
Event: 0.154 Thread 0x00007f22ac00b000 Exception <a 'java/lang/NullPointerException'> (0x00000000d81c4088) thrown at [/HUDSON/workspace/8-2-build-linux-amd64/jdk8u171/10807/hotspot/src/share/vm/interpreter/linkResolver.cpp, line 1185]
Event: 0.387 Thread 0x00007f22ac428000 Exception <a 'java/lang/NullPointerException'> (0x00000000d8cdcbc0) thrown at [/HUDSON/workspace/8-2-build-linux-amd64/jdk8u171/10807/hotspot/src/share/vm/interpreter/linkResolver.cpp, line 1185]
Event: 0.387 Thread 0x00007f22ac428000 Exception <a 'java/lang/NullPointerException'> (0x00000000d8cdcbc0) thrown at [/HUDSON/workspace/8-2-build-linux-amd64/jdk8u171/10807/hotspot/src/share/vm/prims/jvm.cpp, line 1439]
Event: 4.906 Thread 0x00007f22ac428000 Exception <a 'java/lang/NoSuchMethodError': <clinit>> (0x00000000d814b888) thrown at [/HUDSON/workspace/8-2-build-linux-amd64/jdk8u171/10807/hotspot/src/share/vm/prims/jni.cpp, line 1613]
Event: 4.929 Thread 0x00007f22ac428000 Exception <a 'java/lang/NoSuchMethodError': <clinit>> (0x00000000d817a7a0) thrown at [/HUDSON/workspace/8-2-build-linux-amd64/jdk8u171/10807/hotspot/src/share/vm/prims/jni.cpp, line 1613]

Events (10 events):
Event: 5.094 loading class javafx/scene/control/MenuButton
Event: 5.094 loading class javafx/scene/control/MenuButton done
Event: 5.097 loading class javafx/collections/FXCollections$UnmodifiableObservableSet$1
Event: 5.097 loading class javafx/collections/FXCollections$UnmodifiableObservableSet$1 done
Event: 5.101 loading class javafx/scene/layout/BorderStrokeStyle
Event: 5.101 loading class javafx/scene/layout/BorderStrokeStyle done
Event: 5.101 loading class com/sun/javafx/scene/layout/region/Margins
Event: 5.101 loading class com/sun/javafx/scene/layout/region/Margins done
Event: 5.101 loading class javafx/scene/layout/BorderStroke
Event: 5.101 loading class javafx/scene/layout/BorderStroke done


Dynamic libraries:
00400000-00401000 r-xp 00000000 103:02 9307016                           /usr/lib/jvm/java-8-oracle/jre/bin/java
00600000-00601000 rw-p 00000000 103:02 9307016                           /usr/lib/jvm/java-8-oracle/jre/bin/java
01e41000-01e62000 rw-p 00000000 00:00 0                                  [heap]
87c00000-8cd80000 rw-p 00000000 00:00 0 
8cd80000-d7f00000 ---p 00000000 00:00 0 
d7f00000-da780000 rw-p 00000000 00:00 0 
da780000-100000000 ---p 00000000 00:00 0 
100000000-1002a0000 rw-p 00000000 00:00 0 
1002a0000-140000000 ---p 00000000 00:00 0 
7f221c000000-7f221c021000 rw-p 00000000 00:00 0 
7f221c021000-7f2220000000 ---p 00000000 00:00 0 
7f2224000000-7f2224021000 rw-p 00000000 00:00 0 
7f2224021000-7f2228000000 ---p 00000000 00:00 0 
7f2228000000-7f2228021000 rw-p 00000000 00:00 0 
7f2228021000-7f222c000000 ---p 00000000 00:00 0 
7f222cfff000-7f2230000000 rw-p 00000000 00:00 0 
7f2230000000-7f2230601000 rw-p 00000000 00:00 0 
7f2230601000-7f2234000000 ---p 00000000 00:00 0 
7f2234000000-7f2234021000 rw-p 00000000 00:00 0 
7f2234021000-7f2238000000 ---p 00000000 00:00 0 
7f2238000000-7f2238021000 rw-p 00000000 00:00 0 
7f2238021000-7f223c000000 ---p 00000000 00:00 0 
7f223c37f000-7f223c53f000 rw-s 105038000 00:06 331                       /dev/dri/card0
7f223c53f000-7f223c6ff000 rw-s 00000000 00:19 1640                       /i915 (deleted)
7f223c6ff000-7f223c8ff000 rw-p 00000000 00:00 0 
7f223c8ff000-7f223c9ac000 r--p 00000000 103:02 10224347                  /usr/share/fonts/truetype/dejavu/DejaVuSans-Bold.ttf
7f223c9ac000-7f223c9af000 ---p 00000000 00:00 0 
7f223c9af000-7f223caad000 rw-p 00000000 00:00 0 
7f223caad000-7f223cb66000 r--p 00000000 103:02 10224348                  /usr/share/fonts/truetype/dejavu/DejaVuSans.ttf
7f223cb66000-7f223cb6a000 r-xp 00000000 103:02 9441082                   /usr/lib/jvm/java-8-oracle/jre/lib/amd64/libjavafx_font_pango.so
7f223cb6a000-7f223cd69000 ---p 00004000 103:02 9441082                   /usr/lib/jvm/java-8-oracle/jre/lib/amd64/libjavafx_font_pango.so
7f223cd69000-7f223cd6a000 rw-p 00003000 103:02 9441082                   /usr/lib/jvm/java-8-oracle/jre/lib/amd64/libjavafx_font_pango.so
7f223cd6a000-7f223cf6a000 rw-p 00000000 00:00 0 
7f223cf6a000-7f223cf6f000 r-xp 00000000 103:02 9441085                   /usr/lib/jvm/java-8-oracle/jre/lib/amd64/libjavafx_font_freetype.so
7f223cf6f000-7f223d16e000 ---p 00005000 103:02 9441085                   /usr/lib/jvm/java-8-oracle/jre/lib/amd64/libjavafx_font_freetype.so
7f223d16e000-7f223d16f000 rw-p 00004000 103:02 9441085                   /usr/lib/jvm/java-8-oracle/jre/lib/amd64/libjavafx_font_freetype.so
7f223d16f000-7f223d172000 ---p 00000000 00:00 0 
7f223d172000-7f223d470000 rw-p 00000000 00:00 0 
7f223d470000-7f223d473000 r-xp 00000000 103:02 9441133                   /usr/lib/jvm/java-8-oracle/jre/lib/amd64/libjavafx_font.so
7f223d473000-7f223d672000 ---p 00003000 103:02 9441133                   /usr/lib/jvm/java-8-oracle/jre/lib/amd64/libjavafx_font.so
7f223d672000-7f223d673000 rw-p 00002000 103:02 9441133                   /usr/lib/jvm/java-8-oracle/jre/lib/amd64/libjavafx_font.so
7f223d673000-7f223d689000 r-xp 00000000 103:02 9441132                   /usr/lib/jvm/java-8-oracle/jre/lib/amd64/libnet.so
7f223d689000-7f223d889000 ---p 00016000 103:02 9441132                   /usr/lib/jvm/java-8-oracle/jre/lib/amd64/libnet.so
7f223d889000-7f223d88a000 rw-p 00016000 103:02 9441132                   /usr/lib/jvm/java-8-oracle/jre/lib/amd64/libnet.so
7f223d88a000-7f223d88d000 ---p 00000000 00:00 0 
7f223d88d000-7f223d98b000 rw-p 00000000 00:00 0 
7f223d98b000-7f223d98e000 ---p 00000000 00:00 0 
7f223d98e000-7f223da8c000 rw-p 00000000 00:00 0 
7f223da8c000-7f223da8f000 ---p 00000000 00:00 0 
7f223da8f000-7f223db8d000 rw-p 00000000 00:00 0 
7f223db8d000-7f223db94000 r-xp 00000000 103:02 9183700                   /usr/lib/x86_64-linux-gnu/libogg.so.0.8.2
7f223db94000-7f223dd94000 ---p 00007000 103:02 9183700                   /usr/lib/x86_64-linux-gnu/libogg.so.0.8.2
7f223dd94000-7f223dd95000 r--p 00007000 103:02 9183700                   /usr/lib/x86_64-linux-gnu/libogg.so.0.8.2
7f223dd95000-7f223dd96000 rw-p 00008000 103:02 9183700                   /usr/lib/x86_64-linux-gnu/libogg.so.0.8.2
7f223dd96000-7f223ddc0000 r-xp 00000000 103:02 9184008                   /usr/lib/x86_64-linux-gnu/libvorbis.so.0.4.8
7f223ddc0000-7f223dfbf000 ---p 0002a000 103:02 9184008                   /usr/lib/x86_64-linux-gnu/libvorbis.so.0.4.8
7f223dfbf000-7f223dfc0000 r--p 00029000 103:02 9184008                   /usr/lib/x86_64-linux-gnu/libvorbis.so.0.4.8
7f223dfc0000-7f223dfc1000 rw-p 0002a000 103:02 9184008                   /usr/lib/x86_64-linux-gnu/libvorbis.so.0.4.8
7f223dfc1000-7f223dfca000 r-xp 00000000 103:02 9183599                   /usr/lib/x86_64-linux-gnu/libltdl.so.7.3.1
7f223dfca000-7f223e1c9000 ---p 00009000 103:02 9183599                   /usr/lib/x86_64-linux-gnu/libltdl.so.7.3.1
7f223e1c9000-7f223e1ca000 r--p 00008000 103:02 9183599                   /usr/lib/x86_64-linux-gnu/libltdl.so.7.3.1
7f223e1ca000-7f223e1cb000 rw-p 00009000 103:02 9183599                   /usr/lib/x86_64-linux-gnu/libltdl.so.7.3.1
7f223e1cb000-7f223e1e0000 r-xp 00000000 103:02 9183933                   /usr/lib/x86_64-linux-gnu/libtdb.so.1.3.15
7f223e1e0000-7f223e3df000 ---p 00015000 103:02 9183933                   /usr/lib/x86_64-linux-gnu/libtdb.so.1.3.15
7f223e3df000-7f223e3e0000 r--p 00014000 103:02 9183933                   /usr/lib/x86_64-linux-gnu/libtdb.so.1.3.15
7f223e3e0000-7f223e3e1000 rw-p 00015000 103:02 9183933                   /usr/lib/x86_64-linux-gnu/libtdb.so.1.3.15
7f223e3e1000-7f223e3e8000 r-xp 00000000 103:02 9184012                   /usr/lib/x86_64-linux-gnu/libvorbisfile.so.3.3.7
7f223e3e8000-7f223e5e7000 ---p 00007000 103:02 9184012                   /usr/lib/x86_64-linux-gnu/libvorbisfile.so.3.3.7
7f223e5e7000-7f223e5e8000 r--p 00006000 103:02 9184012                   /usr/lib/x86_64-linux-gnu/libvorbisfile.so.3.3.7
7f223e5e8000-7f223e5e9000 rw-p 00007000 103:02 9184012                   /usr/lib/x86_64-linux-gnu/libvorbisfile.so.3.3.7
7f223e5e9000-7f223e5f9000 r-xp 00000000 103:02 9183056                   /usr/lib/x86_64-linux-gnu/libcanberra.so.0.2.5
7f223e5f9000-7f223e7f9000 ---p 00010000 103:02 9183056                   /usr/lib/x86_64-linux-gnu/libcanberra.so.0.2.5
7f223e7f9000-7f223e7fa000 r--p 00010000 103:02 9183056                   /usr/lib/x86_64-linux-gnu/libcanberra.so.0.2.5
7f223e7fa000-7f223e7fb000 rw-p 00011000 103:02 9183056                   /usr/lib/x86_64-linux-gnu/libcanberra.so.0.2.5
7f223e7fb000-7f223e7ff000 r-xp 00000000 103:02 9186592                   /usr/lib/x86_64-linux-gnu/libcanberra-gtk.so.0.1.9
7f223e7ff000-7f223e9fe000 ---p 00004000 103:02 9186592                   /usr/lib/x86_64-linux-gnu/libcanberra-gtk.so.0.1.9
7f223e9fe000-7f223e9ff000 r--p 00003000 103:02 9186592                   /usr/lib/x86_64-linux-gnu/libcanberra-gtk.so.0.1.9
7f223e9ff000-7f223ea00000 rw-p 00004000 103:02 9186592                   /usr/lib/x86_64-linux-gnu/libcanberra-gtk.so.0.1.9
7f223ea00000-7f223ea05000 r-xp 00000000 103:02 9441781                   /usr/lib/x86_64-linux-gnu/gtk-2.0/modules/libcanberra-gtk-module.so
7f223ea05000-7f223ec05000 ---p 00005000 103:02 9441781                   /usr/lib/x86_64-linux-gnu/gtk-2.0/modules/libcanberra-gtk-module.so
7f223ec05000-7f223ec06000 r--p 00005000 103:02 9441781                   /usr/lib/x86_64-linux-gnu/gtk-2.0/modules/libcanberra-gtk-module.so
7f223ec06000-7f223ec07000 rw-p 00006000 103:02 9441781                   /usr/lib/x86_64-linux-gnu/gtk-2.0/modules/libcanberra-gtk-module.so
7f223ec07000-7f223ec41000 r-xp 00000000 103:02 9440673                   /usr/lib/x86_64-linux-gnu/gtk-2.0/2.10.0/engines/libmurrine.so
7f223ec41000-7f223ee41000 ---p 0003a000 103:02 9440673                   /usr/lib/x86_64-linux-gnu/gtk-2.0/2.10.0/engines/libmurrine.so
7f223ee41000-7f223ee42000 r--p 0003a000 103:02 9440673                   /usr/lib/x86_64-linux-gnu/gtk-2.0/2.10.0/engines/libmurrine.so
7f223ee42000-7f223ee43000 rw-p 0003b000 103:02 9440673                   /usr/lib/x86_64-linux-gnu/gtk-2.0/2.10.0/engines/libmurrine.so
7f223ee43000-7f223ee6c000 r-xp 00000000 103:02 9441107                   /usr/lib/jvm/java-8-oracle/jre/lib/amd64/libglass.so
7f223ee6c000-7f223f06b000 ---p 00029000 103:02 9441107                   /usr/lib/jvm/java-8-oracle/jre/lib/amd64/libglass.so
7f223f06b000-7f223f06e000 rw-p 00028000 103:02 9441107                   /usr/lib/jvm/java-8-oracle/jre/lib/amd64/libglass.so
7f223f06e000-7f223f076000 r-xp 00000000 103:02 9183739                   /usr/lib/x86_64-linux-gnu/libpciaccess.so.0.11.1
7f223f076000-7f223f275000 ---p 00008000 103:02 9183739                   /usr/lib/x86_64-linux-gnu/libpciaccess.so.0.11.1
7f223f275000-7f223f276000 r--p 00007000 103:02 9183739                   /usr/lib/x86_64-linux-gnu/libpciaccess.so.0.11.1
7f223f276000-7f223f277000 rw-p 00008000 103:02 9183739                   /usr/lib/x86_64-linux-gnu/libpciaccess.so.0.11.1
7f223f277000-7f223f282000 r-xp 00000000 103:02 9183173                   /usr/lib/x86_64-linux-gnu/libdrm_radeon.so.1.0.1
7f223f282000-7f223f481000 ---p 0000b000 103:02 9183173                   /usr/lib/x86_64-linux-gnu/libdrm_radeon.so.1.0.1
7f223f481000-7f223f482000 r--p 0000a000 103:02 9183173                   /usr/lib/x86_64-linux-gnu/libdrm_radeon.so.1.0.1
7f223f482000-7f223f483000 rw-p 0000b000 103:02 9183173                   /usr/lib/x86_64-linux-gnu/libdrm_radeon.so.1.0.1
7f223f483000-7f223fd01000 r-xp 00000000 103:02 9439576                   /usr/lib/x86_64-linux-gnu/dri/i965_dri.so
7f223fd01000-7f223ff00000 ---p 0087e000 103:02 9439576                   /usr/lib/x86_64-linux-gnu/dri/i965_dri.so
7f223ff00000-7f223ff50000 r--p 0087d000 103:02 9439576                   /usr/lib/x86_64-linux-gnu/dri/i965_dri.so
7f223ff50000-7f223ff5b000 rw-p 008cd000 103:02 9439576                   /usr/lib/x86_64-linux-gnu/dri/i965_dri.so
7f223ff5b000-7f2240000000 rw-p 00000000 00:00 0 
7f2240000000-7f2241e3c000 rw-p 00000000 00:00 0 
7f2241e3c000-7f2244000000 ---p 00000000 00:00 0 
7f224403d000-7f224409d000 rw-s 00000000 00:05 428081163                  /SYSV00000000 (deleted)
7f224409d000-7f22440a0000 ---p 00000000 00:00 0 
7f22440a0000-7f224419e000 rw-p 00000000 00:00 0 
7f224419e000-7f22441a5000 r-xp 00000000 103:02 9183171                   /usr/lib/x86_64-linux-gnu/libdrm_nouveau.so.2.0.0
7f22441a5000-7f22443a4000 ---p 00007000 103:02 9183171                   /usr/lib/x86_64-linux-gnu/libdrm_nouveau.so.2.0.0
7f22443a4000-7f22443a5000 r--p 00006000 103:02 9183171                   /usr/lib/x86_64-linux-gnu/libdrm_nouveau.so.2.0.0
7f22443a5000-7f22443a6000 rw-p 00007000 103:02 9183171                   /usr/lib/x86_64-linux-gnu/libdrm_nouveau.so.2.0.0
7f22443a6000-7f22443c8000 r-xp 00000000 103:02 9183169                   /usr/lib/x86_64-linux-gnu/libdrm_intel.so.1.0.0
7f22443c8000-7f22445c7000 ---p 00022000 103:02 9183169                   /usr/lib/x86_64-linux-gnu/libdrm_intel.so.1.0.0
7f22445c7000-7f22445c8000 r--p 00021000 103:02 9183169                   /usr/lib/x86_64-linux-gnu/libdrm_intel.so.1.0.0
7f22445c8000-7f22445c9000 rw-p 00022000 103:02 9183169                   /usr/lib/x86_64-linux-gnu/libdrm_intel.so.1.0.0
7f22445c9000-7f22445d9000 r-xp 00000000 103:02 9183165                   /usr/lib/x86_64-linux-gnu/libdrm.so.2.4.0
7f22445d9000-7f22447d8000 ---p 00010000 103:02 9183165                   /usr/lib/x86_64-linux-gnu/libdrm.so.2.4.0
7f22447d8000-7f22447d9000 r--p 0000f000 103:02 9183165                   /usr/lib/x86_64-linux-gnu/libdrm.so.2.4.0
7f22447d9000-7f22447da000 rw-p 00010000 103:02 9183165                   /usr/lib/x86_64-linux-gnu/libdrm.so.2.4.0
7f22447da000-7f22447de000 r-xp 00000000 103:02 9184067                   /usr/lib/x86_64-linux-gnu/libxcb-dri2.so.0.0.0
7f22447de000-7f22449dd000 ---p 00004000 103:02 9184067                   /usr/lib/x86_64-linux-gnu/libxcb-dri2.so.0.0.0
7f22449dd000-7f22449de000 r--p 00003000 103:02 9184067                   /usr/lib/x86_64-linux-gnu/libxcb-dri2.so.0.0.0
7f22449de000-7f22449df000 rw-p 00004000 103:02 9184067                   /usr/lib/x86_64-linux-gnu/libxcb-dri2.so.0.0.0
7f22449df000-7f22449f7000 r-xp 00000000 103:02 9184071                   /usr/lib/x86_64-linux-gnu/libxcb-glx.so.0.0.0
7f22449f7000-7f2244bf7000 ---p 00018000 103:02 9184071                   /usr/lib/x86_64-linux-gnu/libxcb-glx.so.0.0.0
7f2244bf7000-7f2244bf9000 r--p 00018000 103:02 9184071                   /usr/lib/x86_64-linux-gnu/libxcb-glx.so.0.0.0
7f2244bf9000-7f2244bfa000 rw-p 0001a000 103:02 9184071                   /usr/lib/x86_64-linux-gnu/libxcb-glx.so.0.0.0
7f2244bfa000-7f2244bfb000 r-xp 00000000 103:02 9182893                   /usr/lib/x86_64-linux-gnu/libX11-xcb.so.1.0.0
7f2244bfb000-7f2244dfa000 ---p 00001000 103:02 9182893                   /usr/lib/x86_64-linux-gnu/libX11-xcb.so.1.0.0
7f2244dfa000-7f2244dfb000 r--p 00000000 103:02 9182893                   /usr/lib/x86_64-linux-gnu/libX11-xcb.so.1.0.0
7f2244dfb000-7f2244dfc000 rw-p 00001000 103:02 9182893                   /usr/lib/x86_64-linux-gnu/libX11-xcb.so.1.0.0
7f2244dfc000-7f2244e28000 r-xp 00000000 103:02 9183333                   /usr/lib/x86_64-linux-gnu/libglapi.so.0.0.0
7f2244e28000-7f2245027000 ---p 0002c000 103:02 9183333                   /usr/lib/x86_64-linux-gnu/libglapi.so.0.0.0
7f2245027000-7f224502b000 r--p 0002b000 103:02 9183333                   /usr/lib/x86_64-linux-gnu/libglapi.so.0.0.0
7f224502b000-7f224502c000 rw-p 0002f000 103:02 9183333                   /usr/lib/x86_64-linux-gnu/libglapi.so.0.0.0
7f224502c000-7f224502d000 rw-p 00000000 00:00 0 
7f224502d000-7f224502e000 r-xp 00000000 103:02 9184119                   /usr/lib/x86_64-linux-gnu/libxshmfence.so.1.0.0
7f224502e000-7f224522d000 ---p 00001000 103:02 9184119                   /usr/lib/x86_64-linux-gnu/libxshmfence.so.1.0.0
7f224522d000-7f224522e000 r--p 00000000 103:02 9184119                   /usr/lib/x86_64-linux-gnu/libxshmfence.so.1.0.0
7f224522e000-7f224522f000 rw-p 00001000 103:02 9184119                   /usr/lib/x86_64-linux-gnu/libxshmfence.so.1.0.0
7f224522f000-7f2245234000 r-xp 00000000 103:02 9184093                   /usr/lib/x86_64-linux-gnu/libxcb-sync.so.1.0.0
7f2245234000-7f2245434000 ---p 00005000 103:02 9184093                   /usr/lib/x86_64-linux-gnu/libxcb-sync.so.1.0.0
7f2245434000-7f2245435000 r--p 00005000 103:02 9184093                   /usr/lib/x86_64-linux-gnu/libxcb-sync.so.1.0.0
7f2245435000-7f2245436000 rw-p 00006000 103:02 9184093                   /usr/lib/x86_64-linux-gnu/libxcb-sync.so.1.0.0
7f2245436000-7f2245438000 r-xp 00000000 103:02 9184079                   /usr/lib/x86_64-linux-gnu/libxcb-present.so.0.0.0
7f2245438000-7f2245637000 ---p 00002000 103:02 9184079                   /usr/lib/x86_64-linux-gnu/libxcb-present.so.0.0.0
7f2245637000-7f2245638000 r--p 00001000 103:02 9184079                   /usr/lib/x86_64-linux-gnu/libxcb-present.so.0.0.0
7f2245638000-7f2245639000 rw-p 00002000 103:02 9184079                   /usr/lib/x86_64-linux-gnu/libxcb-present.so.0.0.0
7f2245639000-7f224563c000 r-xp 00000000 103:02 9184069                   /usr/lib/x86_64-linux-gnu/libxcb-dri3.so.0.0.0
7f224563c000-7f224583b000 ---p 00003000 103:02 9184069                   /usr/lib/x86_64-linux-gnu/libxcb-dri3.so.0.0.0
7f224583b000-7f224583c000 r--p 00002000 103:02 9184069                   /usr/lib/x86_64-linux-gnu/libxcb-dri3.so.0.0.0
7f224583c000-7f224583d000 rw-p 00003000 103:02 9184069                   /usr/lib/x86_64-linux-gnu/libxcb-dri3.so.0.0.0
7f224583d000-7f22458ad000 r-xp 00000000 103:02 9182859                   /usr/lib/x86_64-linux-gnu/libGLX_mesa.so.0.0.0
7f22458ad000-7f2245aac000 ---p 00070000 103:02 9182859                   /usr/lib/x86_64-linux-gnu/libGLX_mesa.so.0.0.0
7f2245aac000-7f2245aaf000 r--p 0006f000 103:02 9182859                   /usr/lib/x86_64-linux-gnu/libGLX_mesa.so.0.0.0
7f2245aaf000-7f2245ab0000 rw-p 00072000 103:02 9182859                   /usr/lib/x86_64-linux-gnu/libGLX_mesa.so.0.0.0
7f2245ab0000-7f2245ab1000 rw-p 00000000 00:00 0 
7f2245ab1000-7f2245ac4000 r-xp 00000000 103:02 266836                    /lib/x86_64-linux-gnu/libbsd.so.0.8.7
7f2245ac4000-7f2245cc3000 ---p 00013000 103:02 266836                    /lib/x86_64-linux-gnu/libbsd.so.0.8.7
7f2245cc3000-7f2245cc4000 r--p 00012000 103:02 266836                    /lib/x86_64-linux-gnu/libbsd.so.0.8.7
7f2245cc4000-7f2245cc5000 rw-p 00013000 103:02 266836                    /lib/x86_64-linux-gnu/libbsd.so.0.8.7
7f2245cc5000-7f2245cc6000 rw-p 00000000 00:00 0 
7f2245cc6000-7f2245ccc000 r-xp 00000000 103:02 262150                    /lib/x86_64-linux-gnu/libuuid.so.1.3.0
7f2245ccc000-7f2245ecb000 ---p 00006000 103:02 262150                    /lib/x86_64-linux-gnu/libuuid.so.1.3.0
7f2245ecb000-7f2245ecc000 r--p 00005000 103:02 262150                    /lib/x86_64-linux-gnu/libuuid.so.1.3.0
7f2245ecc000-7f2245ecd000 rw-p 00006000 103:02 262150                    /lib/x86_64-linux-gnu/libuuid.so.1.3.0
7f2245ecd000-7f2245ed3000 r-xp 00000000 103:02 9183127                   /usr/lib/x86_64-linux-gnu/libdatrie.so.1.3.3
7f2245ed3000-7f22460d2000 ---p 00006000 103:02 9183127                   /usr/lib/x86_64-linux-gnu/libdatrie.so.1.3.3
7f22460d2000-7f22460d3000 r--p 00005000 103:02 9183127                   /usr/lib/x86_64-linux-gnu/libdatrie.so.1.3.3
7f22460d3000-7f22460d4000 rw-p 00006000 103:02 9183127                   /usr/lib/x86_64-linux-gnu/libdatrie.so.1.3.3
7f22460d4000-7f22460d9000 r-xp 00000000 103:02 9182910                   /usr/lib/x86_64-linux-gnu/libXdmcp.so.6.0.0
7f22460d9000-7f22462d8000 ---p 00005000 103:02 9182910                   /usr/lib/x86_64-linux-gnu/libXdmcp.so.6.0.0
7f22462d8000-7f22462d9000 r--p 00004000 103:02 9182910                   /usr/lib/x86_64-linux-gnu/libXdmcp.so.6.0.0
7f22462d9000-7f22462da000 rw-p 00005000 103:02 9182910                   /usr/lib/x86_64-linux-gnu/libXdmcp.so.6.0.0
7f22462da000-7f22462dc000 r-xp 00000000 103:02 9182899                   /usr/lib/x86_64-linux-gnu/libXau.so.6.0.0
7f22462dc000-7f22464dc000 ---p 00002000 103:02 9182899                   /usr/lib/x86_64-linux-gnu/libXau.so.6.0.0
7f22464dc000-7f22464dd000 r--p 00002000 103:02 9182899                   /usr/lib/x86_64-linux-gnu/libXau.so.6.0.0
7f22464dd000-7f22464de000 rw-p 00003000 103:02 9182899                   /usr/lib/x86_64-linux-gnu/libXau.so.6.0.0
7f22464de000-7f2246509000 r-xp 00000000 103:02 9183384                   /usr/lib/x86_64-linux-gnu/libgraphite2.so.3.0.1
7f2246509000-7f2246708000 ---p 0002b000 103:02 9183384                   /usr/lib/x86_64-linux-gnu/libgraphite2.so.3.0.1
7f2246708000-7f224670a000 r--p 0002a000 103:02 9183384                   /usr/lib/x86_64-linux-gnu/libgraphite2.so.3.0.1
7f224670a000-7f224670b000 rw-p 0002c000 103:02 9183384                   /usr/lib/x86_64-linux-gnu/libgraphite2.so.3.0.1
7f224670b000-7f2246752000 r-xp 00000000 103:02 262167                    /lib/x86_64-linux-gnu/libblkid.so.1.1.0
7f2246752000-7f2246952000 ---p 00047000 103:02 262167                    /lib/x86_64-linux-gnu/libblkid.so.1.1.0
7f2246952000-7f2246956000 r--p 00047000 103:02 262167                    /lib/x86_64-linux-gnu/libblkid.so.1.1.0
7f2246956000-7f2246957000 rw-p 0004b000 103:02 262167                    /lib/x86_64-linux-gnu/libblkid.so.1.1.0
7f2246957000-7f2246958000 rw-p 00000000 00:00 0 
7f2246958000-7f22469c6000 r-xp 00000000 103:02 9182861                   /usr/lib/x86_64-linux-gnu/libGLdispatch.so.0.0.0
7f22469c6000-7f2246bc5000 ---p 0006e000 103:02 9182861                   /usr/lib/x86_64-linux-gnu/libGLdispatch.so.0.0.0
7f2246bc5000-7f2246bed000 r--p 0006d000 103:02 9182861                   /usr/lib/x86_64-linux-gnu/libGLdispatch.so.0.0.0
7f2246bed000-7f2246bee000 rw-p 00095000 103:02 9182861                   /usr/lib/x86_64-linux-gnu/libGLdispatch.so.0.0.0
7f2246bee000-7f2246c0e000 rw-p 00000000 00:00 0 
7f2246c0e000-7f2246c1e000 r-xp 00000000 103:02 9182856                   /usr/lib/x86_64-linux-gnu/libGLX.so.0.0.0
7f2246c1e000-7f2246e1d000 ---p 00010000 103:02 9182856                   /usr/lib/x86_64-linux-gnu/libGLX.so.0.0.0
7f2246e1d000-7f2246e1e000 r--p 0000f000 103:02 9182856                   /usr/lib/x86_64-linux-gnu/libGLX.so.0.0.0
7f2246e1e000-7f2246e1f000 rw-p 00010000 103:02 9182856                   /usr/lib/x86_64-linux-gnu/libGLX.so.0.0.0
7f2246e1f000-7f2246e3f000 rw-p 00000000 00:00 0 
7f2246e3f000-7f2246eaf000 r-xp 00000000 103:02 266962                    /lib/x86_64-linux-gnu/libpcre.so.3.13.3
7f2246eaf000-7f22470af000 ---p 00070000 103:02 266962                    /lib/x86_64-linux-gnu/libpcre.so.3.13.3
7f22470af000-7f22470b0000 r--p 00070000 103:02 266962                    /lib/x86_64-linux-gnu/libpcre.so.3.13.3
7f22470b0000-7f22470b1000 rw-p 00071000 103:02 266962                    /lib/x86_64-linux-gnu/libpcre.so.3.13.3
7f22470b1000-7f22470b8000 r-xp 00000000 103:02 9183241                   /usr/lib/x86_64-linux-gnu/libffi.so.6.0.4
7f22470b8000-7f22472b7000 ---p 00007000 103:02 9183241                   /usr/lib/x86_64-linux-gnu/libffi.so.6.0.4
7f22472b7000-7f22472b8000 r--p 00006000 103:02 9183241                   /usr/lib/x86_64-linux-gnu/libffi.so.6.0.4
7f22472b8000-7f22472b9000 rw-p 00007000 103:02 9183241                   /usr/lib/x86_64-linux-gnu/libffi.so.6.0.4
7f22472b9000-7f22472e8000 r-xp 00000000 103:02 266870                    /lib/x86_64-linux-gnu/libexpat.so.1.6.7
7f22472e8000-7f22474e8000 ---p 0002f000 103:02 266870                    /lib/x86_64-linux-gnu/libexpat.so.1.6.7
7f22474e8000-7f22474ea000 r--p 0002f000 103:02 266870                    /lib/x86_64-linux-gnu/libexpat.so.1.6.7
7f22474ea000-7f22474eb000 rw-p 00031000 103:02 266870                    /lib/x86_64-linux-gnu/libexpat.so.1.6.7
7f22474eb000-7f22474f3000 r-xp 00000000 103:02 9183941                   /usr/lib/x86_64-linux-gnu/libthai.so.0.3.0
7f22474f3000-7f22476f2000 ---p 00008000 103:02 9183941                   /usr/lib/x86_64-linux-gnu/libthai.so.0.3.0
7f22476f2000-7f22476f3000 r--p 00007000 103:02 9183941                   /usr/lib/x86_64-linux-gnu/libthai.so.0.3.0
7f22476f3000-7f22476f4000 rw-p 00008000 103:02 9183941                   /usr/lib/x86_64-linux-gnu/libthai.so.0.3.0
7f22476f4000-7f2247700000 r-xp 00000000 103:02 9184085                   /usr/lib/x86_64-linux-gnu/libxcb-render.so.0.0.0
7f2247700000-7f22478ff000 ---p 0000c000 103:02 9184085                   /usr/lib/x86_64-linux-gnu/libxcb-render.so.0.0.0
7f22478ff000-7f2247900000 r--p 0000b000 103:02 9184085                   /usr/lib/x86_64-linux-gnu/libxcb-render.so.0.0.0
7f2247900000-7f2247901000 rw-p 0000c000 103:02 9184085                   /usr/lib/x86_64-linux-gnu/libxcb-render.so.0.0.0
7f2247901000-7f2247927000 r-xp 00000000 103:02 9184103                   /usr/lib/x86_64-linux-gnu/libxcb.so.1.1.0
7f2247927000-7f2247b27000 ---p 00026000 103:02 9184103                   /usr/lib/x86_64-linux-gnu/libxcb.so.1.1.0
7f2247b27000-7f2247b28000 r--p 00026000 103:02 9184103                   /usr/lib/x86_64-linux-gnu/libxcb.so.1.1.0
7f2247b28000-7f2247b29000 rw-p 00027000 103:02 9184103                   /usr/lib/x86_64-linux-gnu/libxcb.so.1.1.0
7f2247b29000-7f2247b5a000 r-xp 00000000 103:02 9183763                   /usr/lib/x86_64-linux-gnu/libpng16.so.16.34.0
7f2247b5a000-7f2247d59000 ---p 00031000 103:02 9183763                   /usr/lib/x86_64-linux-gnu/libpng16.so.16.34.0
7f2247d59000-7f2247d5a000 r--p 00030000 103:02 9183763                   /usr/lib/x86_64-linux-gnu/libpng16.so.16.34.0
7f2247d5a000-7f2247d5b000 rw-p 00031000 103:02 9183763                   /usr/lib/x86_64-linux-gnu/libpng16.so.16.34.0
7f2247d5b000-7f2247df8000 r-xp 00000000 103:02 9183757                   /usr/lib/x86_64-linux-gnu/libpixman-1.so.0.34.0
7f2247df8000-7f2247ff7000 ---p 0009d000 103:02 9183757                   /usr/lib/x86_64-linux-gnu/libpixman-1.so.0.34.0
7f2247ff7000-7f2247fff000 r--p 0009c000 103:02 9183757                   /usr/lib/x86_64-linux-gnu/libpixman-1.so.0.34.0
7f2247fff000-7f2248000000 rw-p 000a4000 103:02 9183757                   /usr/lib/x86_64-linux-gnu/libpixman-1.so.0.34.0
7f2248000000-7f2248021000 rw-p 00000000 00:00 0 
7f2248021000-7f224c000000 ---p 00000000 00:00 0 
7f224c000000-7f224c021000 rw-p 00000000 00:00 0 
7f224c021000-7f2250000000 ---p 00000000 00:00 0 
7f2250000000-7f22500a3000 rw-p 00000000 00:00 0 
7f22500a3000-7f2254000000 ---p 00000000 00:00 0 
7f2254000000-7f2254204000 rw-p 00000000 00:00 0 
7f2254204000-7f2258000000 ---p 00000000 00:00 0 
7f2258000000-7f2258163000 rw-p 00000000 00:00 0 
7f2258163000-7f225c000000 ---p 00000000 00:00 0 
7f225c000000-7f225c127000 rw-p 00000000 00:00 0 
7f225c127000-7f2260000000 ---p 00000000 00:00 0 
7f2260000000-7f2260021000 rw-p 00000000 00:00 0 
7f2260021000-7f2264000000 ---p 00000000 00:00 0 
7f2264000000-7f2264021000 rw-p 00000000 00:00 0 
7f2264021000-7f2268000000 ---p 00000000 00:00 0 
7f2268000000-7f2268021000 rw-p 00000000 00:00 0 
7f2268021000-7f226c000000 ---p 00000000 00:00 0 
7f226c000000-7f226c021000 rw-p 00000000 00:00 0 
7f226c021000-7f2270000000 ---p 00000000 00:00 0 
7f2270000000-7f2270021000 rw-p 00000000 00:00 0 
7f2270021000-7f2274000000 ---p 00000000 00:00 0 
7f2274000000-7f2274021000 rw-p 00000000 00:00 0 
7f2274021000-7f2278000000 ---p 00000000 00:00 0 
7f2278000000-7f2278021000 rw-p 00000000 00:00 0 
7f2278021000-7f227c000000 ---p 00000000 00:00 0 
7f227c00e000-7f227c01e000 rw-s 00000000 00:19 1678                       /i915 (deleted)
7f227c01e000-7f227c02e000 rw-s 00000000 00:19 1646                       /i915 (deleted)
7f227c02e000-7f227c030000 r-xp 00000000 103:02 9184091                   /usr/lib/x86_64-linux-gnu/libxcb-shm.so.0.0.0
7f227c030000-7f227c22f000 ---p 00002000 103:02 9184091                   /usr/lib/x86_64-linux-gnu/libxcb-shm.so.0.0.0
7f227c22f000-7f227c230000 r--p 00001000 103:02 9184091                   /usr/lib/x86_64-linux-gnu/libxcb-shm.so.0.0.0
7f227c230000-7f227c231000 rw-p 00002000 103:02 9184091                   /usr/lib/x86_64-linux-gnu/libxcb-shm.so.0.0.0
7f227c231000-7f227c2cd000 r-xp 00000000 103:02 9183467                   /usr/lib/x86_64-linux-gnu/libharfbuzz.so.0.10702.0
7f227c2cd000-7f227c4cd000 ---p 0009c000 103:02 9183467                   /usr/lib/x86_64-linux-gnu/libharfbuzz.so.0.10702.0
7f227c4cd000-7f227c4ce000 r--p 0009c000 103:02 9183467                   /usr/lib/x86_64-linux-gnu/libharfbuzz.so.0.10702.0
7f227c4ce000-7f227c4cf000 rw-p 0009d000 103:02 9183467                   /usr/lib/x86_64-linux-gnu/libharfbuzz.so.0.10702.0
7f227c4cf000-7f227c520000 r-xp 00000000 103:02 262229                    /lib/x86_64-linux-gnu/libmount.so.1.1.0
7f227c520000-7f227c71f000 ---p 00051000 103:02 262229                    /lib/x86_64-linux-gnu/libmount.so.1.1.0
7f227c71f000-7f227c721000 r--p 00050000 103:02 262229                    /lib/x86_64-linux-gnu/libmount.so.1.1.0
7f227c721000-7f227c722000 rw-p 00052000 103:02 262229                    /lib/x86_64-linux-gnu/libmount.so.1.1.0
7f227c722000-7f227c723000 rw-p 00000000 00:00 0 
7f227c723000-7f227c73a000 r-xp 00000000 103:02 266979                    /lib/x86_64-linux-gnu/libresolv-2.27.so
7f227c73a000-7f227c93a000 ---p 00017000 103:02 266979                    /lib/x86_64-linux-gnu/libresolv-2.27.so
7f227c93a000-7f227c93b000 r--p 00017000 103:02 266979                    /lib/x86_64-linux-gnu/libresolv-2.27.so
7f227c93b000-7f227c93c000 rw-p 00018000 103:02 266979                    /lib/x86_64-linux-gnu/libresolv-2.27.so
7f227c93c000-7f227c93e000 rw-p 00000000 00:00 0 
7f227c93e000-7f227c963000 r-xp 00000000 103:02 266985                    /lib/x86_64-linux-gnu/libselinux.so.1
7f227c963000-7f227cb62000 ---p 00025000 103:02 266985                    /lib/x86_64-linux-gnu/libselinux.so.1
7f227cb62000-7f227cb63000 r--p 00024000 103:02 266985                    /lib/x86_64-linux-gnu/libselinux.so.1
7f227cb63000-7f227cb64000 rw-p 00025000 103:02 266985                    /lib/x86_64-linux-gnu/libselinux.so.1
7f227cb64000-7f227cb66000 rw-p 00000000 00:00 0 
7f227cb66000-7f227cb82000 r-xp 00000000 103:02 267012                    /lib/x86_64-linux-gnu/libz.so.1.2.11
7f227cb82000-7f227cd81000 ---p 0001c000 103:02 267012                    /lib/x86_64-linux-gnu/libz.so.1.2.11
7f227cd81000-7f227cd82000 r--p 0001b000 103:02 267012                    /lib/x86_64-linux-gnu/libz.so.1.2.11
7f227cd82000-7f227cd83000 rw-p 0001c000 103:02 267012                    /lib/x86_64-linux-gnu/libz.so.1.2.11
7f227cd83000-7f227cd94000 r-xp 00000000 103:02 9182912                   /usr/lib/x86_64-linux-gnu/libXext.so.6.4.0
7f227cd94000-7f227cf93000 ---p 00011000 103:02 9182912                   /usr/lib/x86_64-linux-gnu/libXext.so.6.4.0
7f227cf93000-7f227cf94000 r--p 00010000 103:02 9182912                   /usr/lib/x86_64-linux-gnu/libXext.so.6.4.0
7f227cf94000-7f227cf95000 rw-p 00011000 103:02 9182912                   /usr/lib/x86_64-linux-gnu/libXext.so.6.4.0
7f227cf95000-7f227cf97000 r-xp 00000000 103:02 9182908                   /usr/lib/x86_64-linux-gnu/libXdamage.so.1.1.0
7f227cf97000-7f227d196000 ---p 00002000 103:02 9182908                   /usr/lib/x86_64-linux-gnu/libXdamage.so.1.1.0
7f227d196000-7f227d197000 r--p 00001000 103:02 9182908                   /usr/lib/x86_64-linux-gnu/libXdamage.so.1.1.0
7f227d197000-7f227d198000 rw-p 00002000 103:02 9182908                   /usr/lib/x86_64-linux-gnu/libXdamage.so.1.1.0
7f227d198000-7f227d19a000 r-xp 00000000 103:02 9182904                   /usr/lib/x86_64-linux-gnu/libXcomposite.so.1.0.0
7f227d19a000-7f227d399000 ---p 00002000 103:02 9182904                   /usr/lib/x86_64-linux-gnu/libXcomposite.so.1.0.0
7f227d399000-7f227d39a000 r--p 00001000 103:02 9182904                   /usr/lib/x86_64-linux-gnu/libXcomposite.so.1.0.0
7f227d39a000-7f227d39b000 rw-p 00002000 103:02 9182904                   /usr/lib/x86_64-linux-gnu/libXcomposite.so.1.0.0
7f227d39b000-7f227d3a4000 r-xp 00000000 103:02 9182906                   /usr/lib/x86_64-linux-gnu/libXcursor.so.1.0.2
7f227d3a4000-7f227d5a3000 ---p 00009000 103:02 9182906                   /usr/lib/x86_64-linux-gnu/libXcursor.so.1.0.2
7f227d5a3000-7f227d5a4000 r--p 00008000 103:02 9182906                   /usr/lib/x86_64-linux-gnu/libXcursor.so.1.0.2
7f227d5a4000-7f227d5a5000 rw-p 00009000 103:02 9182906                   /usr/lib/x86_64-linux-gnu/libXcursor.so.1.0.2
7f227d5a5000-7f227d5af000 r-xp 00000000 103:02 9182930                   /usr/lib/x86_64-linux-gnu/libXrandr.so.2.2.0
7f227d5af000-7f227d7ae000 ---p 0000a000 103:02 9182930                   /usr/lib/x86_64-linux-gnu/libXrandr.so.2.2.0
7f227d7ae000-7f227d7af000 r--p 00009000 103:02 9182930                   /usr/lib/x86_64-linux-gnu/libXrandr.so.2.2.0
7f227d7af000-7f227d7b0000 rw-p 0000a000 103:02 9182930                   /usr/lib/x86_64-linux-gnu/libXrandr.so.2.2.0
7f227d7b0000-7f227d7bf000 r-xp 00000000 103:02 9182920                   /usr/lib/x86_64-linux-gnu/libXi.so.6.1.0
7f227d7bf000-7f227d9be000 ---p 0000f000 103:02 9182920                   /usr/lib/x86_64-linux-gnu/libXi.so.6.1.0
7f227d9be000-7f227d9bf000 r--p 0000e000 103:02 9182920                   /usr/lib/x86_64-linux-gnu/libXi.so.6.1.0
7f227d9bf000-7f227d9c0000 rw-p 0000f000 103:02 9182920                   /usr/lib/x86_64-linux-gnu/libXi.so.6.1.0
7f227d9c0000-7f227d9c2000 r-xp 00000000 103:02 9182922                   /usr/lib/x86_64-linux-gnu/libXinerama.so.1.0.0
7f227d9c2000-7f227dbc1000 ---p 00002000 103:02 9182922                   /usr/lib/x86_64-linux-gnu/libXinerama.so.1.0.0
7f227dbc1000-7f227dbc2000 r--p 00001000 103:02 9182922                   /usr/lib/x86_64-linux-gnu/libXinerama.so.1.0.0
7f227dbc2000-7f227dbc3000 rw-p 00002000 103:02 9182922                   /usr/lib/x86_64-linux-gnu/libXinerama.so.1.0.0
7f227dbc3000-7f227dbcc000 r-xp 00000000 103:02 9182932                   /usr/lib/x86_64-linux-gnu/libXrender.so.1.3.0
7f227dbcc000-7f227ddcb000 ---p 00009000 103:02 9182932                   /usr/lib/x86_64-linux-gnu/libXrender.so.1.3.0
7f227ddcb000-7f227ddcc000 r--p 00008000 103:02 9182932                   /usr/lib/x86_64-linux-gnu/libXrender.so.1.3.0
7f227ddcc000-7f227ddcd000 rw-p 00009000 103:02 9182932                   /usr/lib/x86_64-linux-gnu/libXrender.so.1.3.0
7f227ddcd000-7f227ddd2000 r-xp 00000000 103:02 9182914                   /usr/lib/x86_64-linux-gnu/libXfixes.so.3.1.0
7f227ddd2000-7f227dfd1000 ---p 00005000 103:02 9182914                   /usr/lib/x86_64-linux-gnu/libXfixes.so.3.1.0
7f227dfd1000-7f227dfd2000 r--p 00004000 103:02 9182914                   /usr/lib/x86_64-linux-gnu/libXfixes.so.3.1.0
7f227dfd2000-7f227dfd3000 rw-p 00005000 103:02 9182914                   /usr/lib/x86_64-linux-gnu/libXfixes.so.3.1.0
7f227dfd3000-7f227dfea000 r-xp 00000000 103:02 266877                    /lib/x86_64-linux-gnu/libgcc_s.so.1
7f227dfea000-7f227e1e9000 ---p 00017000 103:02 266877                    /lib/x86_64-linux-gnu/libgcc_s.so.1
7f227e1e9000-7f227e1ea000 r--p 00016000 103:02 266877                    /lib/x86_64-linux-gnu/libgcc_s.so.1
7f227e1ea000-7f227e1eb000 rw-p 00017000 103:02 266877                    /lib/x86_64-linux-gnu/libgcc_s.so.1
7f227e1eb000-7f227e369000 r-xp 00000000 103:02 9183920                   /usr/lib/x86_64-linux-gnu/libstdc++.so.6.0.25
7f227e369000-7f227e569000 ---p 0017e000 103:02 9183920                   /usr/lib/x86_64-linux-gnu/libstdc++.so.6.0.25
7f227e569000-7f227e573000 r--p 0017e000 103:02 9183920                   /usr/lib/x86_64-linux-gnu/libstdc++.so.6.0.25
7f227e573000-7f227e575000 rw-p 00188000 103:02 9183920                   /usr/lib/x86_64-linux-gnu/libstdc++.so.6.0.25
7f227e575000-7f227e579000 rw-p 00000000 00:00 0 
7f227e579000-7f227e5ea000 r-xp 00000000 103:02 9182850                   /usr/lib/x86_64-linux-gnu/libGL.so.1.0.0
7f227e5ea000-7f227e7e9000 ---p 00071000 103:02 9182850                   /usr/lib/x86_64-linux-gnu/libGL.so.1.0.0
7f227e7e9000-7f227e803000 r--p 00070000 103:02 9182850                   /usr/lib/x86_64-linux-gnu/libGL.so.1.0.0
7f227e803000-7f227e804000 rw-p 0008a000 103:02 9182850                   /usr/lib/x86_64-linux-gnu/libGL.so.1.0.0
7f227e804000-7f227e805000 rw-p 00000000 00:00 0 
7f227e805000-7f227e80a000 r-xp 00000000 103:02 9182948                   /usr/lib/x86_64-linux-gnu/libXxf86vm.so.1.0.0
7f227e80a000-7f227ea09000 ---p 00005000 103:02 9182948                   /usr/lib/x86_64-linux-gnu/libXxf86vm.so.1.0.0
7f227ea09000-7f227ea0a000 r--p 00004000 103:02 9182948                   /usr/lib/x86_64-linux-gnu/libXxf86vm.so.1.0.0
7f227ea0a000-7f227ea0b000 rw-p 00005000 103:02 9182948                   /usr/lib/x86_64-linux-gnu/libXxf86vm.so.1.0.0
7f227ea0b000-7f227eb3f000 r-xp 00000000 103:02 9182895                   /usr/lib/x86_64-linux-gnu/libX11.so.6.3.0
7f227eb3f000-7f227ed3f000 ---p 00134000 103:02 9182895                   /usr/lib/x86_64-linux-gnu/libX11.so.6.3.0
7f227ed3f000-7f227ed40000 r--p 00134000 103:02 9182895                   /usr/lib/x86_64-linux-gnu/libX11.so.6.3.0
7f227ed40000-7f227ed44000 rw-p 00135000 103:02 9182895                   /usr/lib/x86_64-linux-gnu/libX11.so.6.3.0
7f227ed44000-7f227ed49000 r-xp 00000000 103:02 9182938                   /usr/lib/x86_64-linux-gnu/libXtst.so.6.1.0
7f227ed49000-7f227ef48000 ---p 00005000 103:02 9182938                   /usr/lib/x86_64-linux-gnu/libXtst.so.6.1.0
7f227ef48000-7f227ef49000 r--p 00004000 103:02 9182938                   /usr/lib/x86_64-linux-gnu/libXtst.so.6.1.0
7f227ef49000-7f227ef4a000 rw-p 00005000 103:02 9182938                   /usr/lib/x86_64-linux-gnu/libXtst.so.6.1.0
7f227ef4a000-7f227f05d000 r-xp 00000000 103:02 9183335                   /usr/lib/x86_64-linux-gnu/libglib-2.0.so.0.5600.1
7f227f05d000-7f227f25d000 ---p 00113000 103:02 9183335                   /usr/lib/x86_64-linux-gnu/libglib-2.0.so.0.5600.1
7f227f25d000-7f227f25e000 r--p 00113000 103:02 9183335                   /usr/lib/x86_64-linux-gnu/libglib-2.0.so.0.5600.1
7f227f25e000-7f227f25f000 rw-p 00114000 103:02 9183335                   /usr/lib/x86_64-linux-gnu/libglib-2.0.so.0.5600.1
7f227f25f000-7f227f260000 rw-p 00000000 00:00 0 
7f227f260000-7f227f261000 r-xp 00000000 103:02 9183438                   /usr/lib/x86_64-linux-gnu/libgthread-2.0.so.0.5600.1
7f227f261000-7f227f460000 ---p 00001000 103:02 9183438                   /usr/lib/x86_64-linux-gnu/libgthread-2.0.so.0.5600.1
7f227f460000-7f227f461000 r--p 00000000 103:02 9183438                   /usr/lib/x86_64-linux-gnu/libgthread-2.0.so.0.5600.1
7f227f461000-7f227f462000 rw-p 00001000 103:02 9183438                   /usr/lib/x86_64-linux-gnu/libgthread-2.0.so.0.5600.1
7f227f462000-7f227f465000 r-xp 00000000 103:02 9183339                   /usr/lib/x86_64-linux-gnu/libgmodule-2.0.so.0.5600.1
7f227f465000-7f227f664000 ---p 00003000 103:02 9183339                   /usr/lib/x86_64-linux-gnu/libgmodule-2.0.so.0.5600.1
7f227f664000-7f227f665000 r--p 00002000 103:02 9183339                   /usr/lib/x86_64-linux-gnu/libgmodule-2.0.so.0.5600.1
7f227f665000-7f227f666000 rw-p 00003000 103:02 9183339                   /usr/lib/x86_64-linux-gnu/libgmodule-2.0.so.0.5600.1
7f227f666000-7f227f6b8000 r-xp 00000000 103:02 9183363                   /usr/lib/x86_64-linux-gnu/libgobject-2.0.so.0.5600.1
7f227f6b8000-7f227f8b8000 ---p 00052000 103:02 9183363                   /usr/lib/x86_64-linux-gnu/libgobject-2.0.so.0.5600.1
7f227f8b8000-7f227f8b9000 r--p 00052000 103:02 9183363                   /usr/lib/x86_64-linux-gnu/libgobject-2.0.so.0.5600.1
7f227f8b9000-7f227f8ba000 rw-p 00053000 103:02 9183363                   /usr/lib/x86_64-linux-gnu/libgobject-2.0.so.0.5600.1
7f227f8ba000-7f227f8f8000 r-xp 00000000 103:02 9183255                   /usr/lib/x86_64-linux-gnu/libfontconfig.so.1.10.1
7f227f8f8000-7f227faf8000 ---p 0003e000 103:02 9183255                   /usr/lib/x86_64-linux-gnu/libfontconfig.so.1.10.1
7f227faf8000-7f227fafa000 r--p 0003e000 103:02 9183255                   /usr/lib/x86_64-linux-gnu/libfontconfig.so.1.10.1
7f227fafa000-7f227faff000 rw-p 00040000 103:02 9183255                   /usr/lib/x86_64-linux-gnu/libfontconfig.so.1.10.1
7f227faff000-7f227fbac000 r-xp 00000000 103:02 9183273                   /usr/lib/x86_64-linux-gnu/libfreetype.so.6.15.0
7f227fbac000-7f227fdab000 ---p 000ad000 103:02 9183273                   /usr/lib/x86_64-linux-gnu/libfreetype.so.6.15.0
7f227fdab000-7f227fdb2000 r--p 000ac000 103:02 9183273                   /usr/lib/x86_64-linux-gnu/libfreetype.so.6.15.0
7f227fdb2000-7f227fdb3000 rw-p 000b3000 103:02 9183273                   /usr/lib/x86_64-linux-gnu/libfreetype.so.6.15.0
7f227fdb3000-7f227fdfd000 r-xp 00000000 103:02 9183725                   /usr/lib/x86_64-linux-gnu/libpango-1.0.so.0.4000.14
7f227fdfd000-7f227fffc000 ---p 0004a000 103:02 9183725                   /usr/lib/x86_64-linux-gnu/libpango-1.0.so.0.4000.14
7f227fffc000-7f227ffff000 r--p 00049000 103:02 9183725                   /usr/lib/x86_64-linux-gnu/libpango-1.0.so.0.4000.14
7f227ffff000-7f2280000000 rw-p 0004c000 103:02 9183725                   /usr/lib/x86_64-linux-gnu/libpango-1.0.so.0.4000.14
7f2280000000-7f2280021000 rw-p 00000000 00:00 0 
7f2280021000-7f2284000000 ---p 00000000 00:00 0 
7f2284004000-7f2284009000 r--s 0009d000 103:02 9307103                   /usr/lib/jvm/java-8-oracle/jre/lib/jsse.jar
7f2284009000-7f228400e000 rw-s 00000000 00:19 245                        /i915 (deleted)
7f228400e000-7f2284063000 r--p 00000000 103:02 9307053                   /usr/lib/jvm/java-8-oracle/jre/lib/fonts/LucidaBrightRegular.ttf
7f2284063000-7f22840b1000 r--p 00000000 103:02 9307054                   /usr/lib/jvm/java-8-oracle/jre/lib/fonts/LucidaSansDemiBold.ttf
7f22840b1000-7f22840eb000 r--p 00000000 103:02 9307058                   /usr/lib/jvm/java-8-oracle/jre/lib/fonts/LucidaTypewriterBold.ttf
7f22840eb000-7f2284203000 r-xp 00000000 103:02 9183050                   /usr/lib/x86_64-linux-gnu/libcairo.so.2.11510.0
7f2284203000-7f2284402000 ---p 00118000 103:02 9183050                   /usr/lib/x86_64-linux-gnu/libcairo.so.2.11510.0
7f2284402000-7f2284405000 r--p 00117000 103:02 9183050                   /usr/lib/x86_64-linux-gnu/libcairo.so.2.11510.0
7f2284405000-7f2284407000 rw-p 0011a000 103:02 9183050                   /usr/lib/x86_64-linux-gnu/libcairo.so.2.11510.0
7f2284407000-7f2284408000 rw-p 00000000 00:00 0 
7f2284408000-7f2284414000 r-xp 00000000 103:02 9183727                   /usr/lib/x86_64-linux-gnu/libpangocairo-1.0.so.0.4000.14
7f2284414000-7f2284613000 ---p 0000c000 103:02 9183727                   /usr/lib/x86_64-linux-gnu/libpangocairo-1.0.so.0.4000.14
7f2284613000-7f2284614000 r--p 0000b000 103:02 9183727                   /usr/lib/x86_64-linux-gnu/libpangocairo-1.0.so.0.4000.14
7f2284614000-7f2284615000 rw-p 0000c000 103:02 9183727                   /usr/lib/x86_64-linux-gnu/libpangocairo-1.0.so.0.4000.14
7f2284615000-7f2284637000 r-xp 00000000 103:02 9183311                   /usr/lib/x86_64-linux-gnu/libgdk_pixbuf-2.0.so.0.3611.0
7f2284637000-7f2284837000 ---p 00022000 103:02 9183311                   /usr/lib/x86_64-linux-gnu/libgdk_pixbuf-2.0.so.0.3611.0
7f2284837000-7f2284838000 r--p 00022000 103:02 9183311                   /usr/lib/x86_64-linux-gnu/libgdk_pixbuf-2.0.so.0.3611.0
7f2284838000-7f2284839000 rw-p 00023000 103:02 9183311                   /usr/lib/x86_64-linux-gnu/libgdk_pixbuf-2.0.so.0.3611.0
7f2284839000-7f228484d000 r-xp 00000000 103:02 9183729                   /usr/lib/x86_64-linux-gnu/libpangoft2-1.0.so.0.4000.14
7f228484d000-7f2284a4d000 ---p 00014000 103:02 9183729                   /usr/lib/x86_64-linux-gnu/libpangoft2-1.0.so.0.4000.14
7f2284a4d000-7f2284a4e000 r--p 00014000 103:02 9183729                   /usr/lib/x86_64-linux-gnu/libpangoft2-1.0.so.0.4000.14
7f2284a4e000-7f2284a4f000 rw-p 00015000 103:02 9183729                   /usr/lib/x86_64-linux-gnu/libpangoft2-1.0.so.0.4000.14
7f2284a4f000-7f2284be3000 r-xp 00000000 103:02 9183329                   /usr/lib/x86_64-linux-gnu/libgio-2.0.so.0.5600.1
7f2284be3000-7f2284de3000 ---p 00194000 103:02 9183329                   /usr/lib/x86_64-linux-gnu/libgio-2.0.so.0.5600.1
7f2284de3000-7f2284dea000 r--p 00194000 103:02 9183329                   /usr/lib/x86_64-linux-gnu/libgio-2.0.so.0.5600.1
7f2284dea000-7f2284deb000 rw-p 0019b000 103:02 9183329                   /usr/lib/x86_64-linux-gnu/libgio-2.0.so.0.5600.1
7f2284deb000-7f2284ded000 rw-p 00000000 00:00 0 
7f2284ded000-7f2284e0f000 r-xp 00000000 103:02 9182985                   /usr/lib/x86_64-linux-gnu/libatk-1.0.so.0.22810.1
7f2284e0f000-7f228500f000 ---p 00022000 103:02 9182985                   /usr/lib/x86_64-linux-gnu/libatk-1.0.so.0.22810.1
7f228500f000-7f2285012000 r--p 00022000 103:02 9182985                   /usr/lib/x86_64-linux-gnu/libatk-1.0.so.0.22810.1
7f2285012000-7f2285013000 rw-p 00025000 103:02 9182985                   /usr/lib/x86_64-linux-gnu/libatk-1.0.so.0.22810.1
7f2285013000-7f22850c3000 r-xp 00000000 103:02 9183309                   /usr/lib/x86_64-linux-gnu/libgdk-x11-2.0.so.0.2400.32
7f22850c3000-7f22852c2000 ---p 000b0000 103:02 9183309                   /usr/lib/x86_64-linux-gnu/libgdk-x11-2.0.so.0.2400.32
7f22852c2000-7f22852c6000 r--p 000af000 103:02 9183309                   /usr/lib/x86_64-linux-gnu/libgdk-x11-2.0.so.0.2400.32
7f22852c6000-7f22852c8000 rw-p 000b3000 103:02 9183309                   /usr/lib/x86_64-linux-gnu/libgdk-x11-2.0.so.0.2400.32
7f22852c8000-7f22856fd000 r-xp 00000000 103:02 9183442                   /usr/lib/x86_64-linux-gnu/libgtk-x11-2.0.so.0.2400.32
7f22856fd000-7f22858fc000 ---p 00435000 103:02 9183442                   /usr/lib/x86_64-linux-gnu/libgtk-x11-2.0.so.0.2400.32
7f22858fc000-7f2285903000 r--p 00434000 103:02 9183442                   /usr/lib/x86_64-linux-gnu/libgtk-x11-2.0.so.0.2400.32
7f2285903000-7f2285907000 rw-p 0043b000 103:02 9183442                   /usr/lib/x86_64-linux-gnu/libgtk-x11-2.0.so.0.2400.32
7f2285907000-7f228590a000 rw-p 00000000 00:00 0 
7f228590a000-7f2285916000 r-xp 00000000 103:02 9441136                   /usr/lib/jvm/java-8-oracle/jre/lib/amd64/libprism_es2.so
7f2285916000-7f2285b15000 ---p 0000c000 103:02 9441136                   /usr/lib/jvm/java-8-oracle/jre/lib/amd64/libprism_es2.so
7f2285b15000-7f2285b16000 rw-p 0000b000 103:02 9441136                   /usr/lib/jvm/java-8-oracle/jre/lib/amd64/libprism_es2.so
7f2285b16000-7f2285b19000 ---p 00000000 00:00 0 
7f2285b19000-7f2285c17000 rw-p 00000000 00:00 0 
7f2285c17000-7f2285c18000 ---p 00000000 00:00 0 
7f2285c18000-7f2285d18000 rw-p 00000000 00:00 0 
7f2285d18000-7f2285d1b000 ---p 00000000 00:00 0 
7f2285d1b000-7f2285e19000 rw-p 00000000 00:00 0 
7f2285e19000-7f2285e1a000 ---p 00000000 00:00 0 
7f2285e1a000-7f2285e1d000 ---p 00000000 00:00 0 
7f2285e1d000-7f2285f1a000 rw-p 00000000 00:00 0 
7f2285f1a000-7f2285f1b000 ---p 00000000 00:00 0 
7f2285f1b000-7f2285f1e000 ---p 00000000 00:00 0 
7f2285f1e000-7f228601b000 rw-p 00000000 00:00 0 
7f228601b000-7f228601c000 ---p 00000000 00:00 0 
7f228601c000-7f228601f000 ---p 00000000 00:00 0 
7f228601f000-7f228611c000 rw-p 00000000 00:00 0 
7f228611c000-7f228611d000 ---p 00000000 00:00 0 
7f228611d000-7f2286120000 ---p 00000000 00:00 0 
7f2286120000-7f228621d000 rw-p 00000000 00:00 0 
7f228621d000-7f2286220000 ---p 00000000 00:00 0 
7f2286220000-7f228631e000 rw-p 00000000 00:00 0 
7f228631e000-7f2286ced000 r--p 00000000 103:02 9181819                   /usr/lib/locale/locale-archive
7f2286ced000-7f2286cf0000 ---p 00000000 00:00 0 
7f2286cf0000-7f2286dee000 rw-p 00000000 00:00 0 
7f2286dee000-7f2286df1000 ---p 00000000 00:00 0 
7f2286df1000-7f2286eef000 rw-p 00000000 00:00 0 
7f2286eef000-7f2286ef0000 ---p 00000000 00:00 0 
7f2286ef0000-7f2288000000 rw-p 00000000 00:00 0 
7f2288000000-7f2288021000 rw-p 00000000 00:00 0 
7f2288021000-7f228c000000 ---p 00000000 00:00 0 
7f228c003000-7f228c013000 rw-s 00000000 00:19 1639                       /i915 (deleted)
7f228c013000-7f228c01f000 rw-s 00000000 00:19 1592                       /i915 (deleted)
7f228c01f000-7f228c032000 r--s 00345000 103:02 9307102                   /usr/lib/jvm/java-8-oracle/jre/lib/resources.jar
7f228c032000-7f228c0dd000 r--p 00000000 103:02 9307052                   /usr/lib/jvm/java-8-oracle/jre/lib/fonts/LucidaSansRegular.ttf
7f228c0dd000-7f2290000000 rw-p 00000000 00:00 0 
7f2290000000-7f2290021000 rw-p 00000000 00:00 0 
7f2290021000-7f2294000000 ---p 00000000 00:00 0 
7f2294000000-7f2294021000 rw-p 00000000 00:00 0 
7f2294021000-7f2298000000 ---p 00000000 00:00 0 
7f2298000000-7f2298021000 rw-p 00000000 00:00 0 
7f2298021000-7f229c000000 ---p 00000000 00:00 0 
7f229c000000-7f229c004000 rw-s 00000000 00:19 1645                       /i915 (deleted)
7f229c004000-7f229c009000 rw-s 00000000 00:19 1644                       /i915 (deleted)
7f229c009000-7f229c01c000 r--p 00000000 103:02 9307059                   /usr/lib/jvm/java-8-oracle/jre/lib/fonts/LucidaBrightDemiBold.ttf
7f229c01c000-7f229c02f000 r--p 00000000 103:02 9307056                   /usr/lib/jvm/java-8-oracle/jre/lib/fonts/LucidaBrightDemiItalic.ttf
7f229c02f000-7f229c06b000 r--p 00000000 103:02 9307057                   /usr/lib/jvm/java-8-oracle/jre/lib/fonts/LucidaTypewriterRegular.ttf
7f229c06b000-7f229c07f000 r--p 00000000 103:02 9307051                   /usr/lib/jvm/java-8-oracle/jre/lib/fonts/LucidaBrightItalic.ttf
7f229c07f000-7f229c084000 r--s 00084000 103:02 9307039                   /usr/lib/jvm/java-8-oracle/jre/lib/jfr.jar
7f229c084000-7f229c08f000 r--s 00000000 103:02 15335732                  /var/cache/fontconfig/945677eb7aeaf62f1d50efc3fb3ec7d8-le64.cache-7
7f229c08f000-7f229c094000 r--s 00000000 103:02 15335703                  /var/cache/fontconfig/2300eef321c393bfd76478a5c0e95b23-le64.cache-7
7f229c094000-7f229c095000 r--s 00000000 103:02 15335696                  /var/cache/fontconfig/0d8c3b2ac0904cb8a57a757ad11a4a08-le64.cache-7
7f229c095000-7f229c099000 r--s 00000000 103:02 15341872                  /var/cache/fontconfig/de156ccd2eddbdc19d37a45b8b2aac9c-le64.cache-7
7f229c099000-7f229c0ae000 r--s 00000000 103:02 15335692                  /var/cache/fontconfig/04aabc0a78ac019cf9454389977116d2-le64.cache-7
7f229c0ae000-7f229c0af000 r--s 00000000 103:02 15335700                  /var/cache/fontconfig/1ac9eb803944fde146138c791f5cc56a-le64.cache-7
7f229c0af000-7f229c0b0000 r--s 00000000 103:02 15335751                  /var/cache/fontconfig/dc05db6664285cc2f12bf69c139ae4c3-le64.cache-7
7f229c0b0000-7f229c0b2000 r--s 00000000 103:02 15335697                  /var/cache/fontconfig/14a5e22175779b556eaa434240950366-le64.cache-7
7f229c0b2000-7f229c0b3000 r--s 00000000 103:02 15335724                  /var/cache/fontconfig/660208299946a285a940457d1287da33-le64.cache-7
7f229c0b3000-7f229c0b5000 r--s 00000000 103:02 15335715                  /var/cache/fontconfig/4f3e3037c9980c83b53a9351efadef62-le64.cache-7
7f229c0b5000-7f229c0b7000 r--s 00000000 103:02 15335729                  /var/cache/fontconfig/767a8244fc0220cfb567a839d0392e0b-le64.cache-7
7f229c0b7000-7f229c0b8000 r--s 00000000 103:02 15335710                  /var/cache/fontconfig/4794a0821666d79190d59a36cb4f44b5-le64.cache-7
7f229c0b8000-7f229c0ba000 r--s 00000000 103:02 15335694                  /var/cache/fontconfig/0bd3dc0958fa2205aaaa8ebb13e2872b-le64.cache-7
7f229c0ba000-7f229c0bf000 r--s 00000000 103:02 15335752                  /var/cache/fontconfig/def309198bfa603429122923fa2bb2d4-le64.cache-7
7f229c0bf000-7f229c0c0000 r--s 00000000 103:02 15335740                  /var/cache/fontconfig/b872e6e592da6075ffa4ab0a1fcc0c75-le64.cache-7
7f229c0c0000-7f229c0c1000 r--s 00000000 103:02 15335757                  /var/cache/fontconfig/f6d4eedfaab2589bde49f7a3ff831d22-le64.cache-7
7f229c0c1000-7f229c0c2000 r--s 00000000 103:02 15335722                  /var/cache/fontconfig/589f83ef4c36d296ce6e1c846f468f08-le64.cache-7
7f229c0c2000-7f229c0c3000 r--s 00000000 103:02 15335742                  /var/cache/fontconfig/bab58bb527bb656aaa9f116d68a48d89-le64.cache-7
7f229c0c3000-7f229c0c4000 r--s 00000000 103:02 15335701                  /var/cache/fontconfig/2171a34dccabdb6bcbbc728186263178-le64.cache-7
7f229c0c4000-7f229c0c5000 r--s 00000000 103:02 15335743                  /var/cache/fontconfig/c5c45a61289222e0d30b1a26ef4effbe-le64.cache-7
7f229c0c5000-7f229c0c6000 r--s 00000000 103:02 15335738                  /var/cache/fontconfig/aec30016f93e1b46d1a973dce0d74068-le64.cache-7
7f229c0c6000-7f229c0c7000 r--s 00000000 103:02 15335708                  /var/cache/fontconfig/3f589640d34b7dc9042c8d453f7c8b9c-le64.cache-7
7f229c0c7000-7f229c0c8000 r--s 00000000 103:02 15335698                  /var/cache/fontconfig/16c2fda60d1b4b719f4b3d06fd951d25-le64.cache-7
7f229c0c8000-7f229c0c9000 r--s 00000000 103:02 15335737                  /var/cache/fontconfig/a48eab177a16e4f3713381162db2f3e9-le64.cache-7
7f229c0c9000-7f229c0ca000 r--s 00000000 103:02 15335718                  /var/cache/fontconfig/564b2e68ac9bc4e36a6f7f6d6125ec1c-le64.cache-7
7f229c0ca000-7f229c0cf000 r--s 00000000 103:02 15335735                  /var/cache/fontconfig/9d2451b1fd30e5bffe8383fd27c35478-le64.cache-7
7f229c0cf000-7f229c0d5000 r--s 00000000 103:02 15335704                  /var/cache/fontconfig/3047814df9a2f067bd2d96a2b9c36e5a-le64.cache-7
7f229c0d5000-7f229c0d6000 r--s 00000000 103:02 15335719                  /var/cache/fontconfig/56cf4f4769d0f4abc89a4895d7bd3ae1-le64.cache-7
7f229c0d6000-7f229c0d7000 r--s 00000000 103:02 15335741                  /var/cache/fontconfig/b9d506c9ac06c20b433354fa67a72993-le64.cache-7
7f229c0d7000-7f229c0dd000 r--s 00000000 103:02 15335739                  /var/cache/fontconfig/b47c4e1ecd0709278f4910c18777a504-le64.cache-7
7f229c0dd000-7f229c0f0000 r--s 00000000 103:02 15335748                  /var/cache/fontconfig/d52a8644073d54c13679302ca1180695-le64.cache-7
7f229c0f0000-7f229c0f1000 r--s 00000000 103:02 15335706                  /var/cache/fontconfig/370e5b74bf5dafc30834de68e24a87a4-le64.cache-7
7f229c0f1000-7f229c0f2000 r--s 00000000 103:02 15335717                  /var/cache/fontconfig/6b2c5944714ca7831b25bed9e85cb5c8-le64.cache-7
7f229c0f2000-7f229c0f3000 r--s 00000000 103:02 15335747                  /var/cache/fontconfig/d5178ab6d91b49bf20a416737dcea9e8-le64.cache-7
7f229c0f3000-7f229c0f4000 r--s 00000000 103:02 15335756                  /var/cache/fontconfig/551ecf3b0e8b0bca0f25c0944f561853-le64.cache-7
7f229c0f4000-7f229c0f7000 r--s 00000000 103:02 15335725                  /var/cache/fontconfig/f259c2cffa685e28062317905db73c4a-le64.cache-7
7f229c0f7000-7f229c0f9000 r--s 00000000 103:02 15337524                  /var/cache/fontconfig/550f3886151c940c12a5ed35f6a00586-le64.cache-7
7f229c0f9000-7f229d000000 rw-p 00000000 00:00 0 
7f229d000000-7f229d4f0000 rwxp 00000000 00:00 0 
7f229d4f0000-7f22ac000000 ---p 00000000 00:00 0 
7f22ac000000-7f22ac5e2000 rw-p 00000000 00:00 0 
7f22ac5e2000-7f22b0000000 ---p 00000000 00:00 0 
7f22b0000000-7f22b0003000 r--s 00000000 103:02 15337525                  /var/cache/fontconfig/674d1711f2d1d2a09646eb0bdcadee49-le64.cache-7
7f22b0003000-7f22b0004000 r--s 00000000 103:02 15335709                  /var/cache/fontconfig/3f7329c5293ffd510edef78f73874cfd-le64.cache-7
7f22b0004000-7f22b0010000 r--s 00000000 103:02 15340041                  /var/cache/fontconfig/d589a48862398ed80a3d6066f4f56f4c-le64.cache-7
7f22b0010000-7f22b0011000 r--s 00000000 103:02 15335695                  /var/cache/fontconfig/0c9eb80ebd1c36541ebe2852d3bb0c49-le64.cache-7
7f22b0011000-7f22b0012000 r--s 00000000 103:02 15335702                  /var/cache/fontconfig/22368d551a680bfe5a62c02760edf4ea-le64.cache-7
7f22b0012000-7f22b0013000 r--s 00000000 103:02 15335714                  /var/cache/fontconfig/4d9c95eba1cb85bbcf2878543262124a-le64.cache-7
7f22b0013000-7f22b0014000 r--s 00000000 103:02 15335731                  /var/cache/fontconfig/85e0a52ce643a7ba2ae53e5d6949cead-le64.cache-7
7f22b0014000-7f22b0015000 r--s 00000000 103:02 15335711                  /var/cache/fontconfig/49f0de54bdd920fe4f0dfd4cbac43e6b-le64.cache-7
7f22b0015000-7f22b0016000 r--s 00000000 103:02 15335758                  /var/cache/fontconfig/f6e6e0a5c3d2f6ae0c0c2e0ecd42a997-le64.cache-7
7f22b0016000-7f22b0017000 r--s 00000000 103:02 15335712                  /var/cache/fontconfig/4b2eda6bb976bda485cb2176619421d5-le64.cache-7
7f22b0017000-7f22b0025000 r--s 00000000 103:02 15335734                  /var/cache/fontconfig/9b89f8e3dae116d678bbf48e5f21f69b-le64.cache-7
7f22b0025000-7f22b0033000 r--s 00000000 103:02 15336063                  /var/cache/fontconfig/e13b20fdb08344e0e664864cc2ede53d-le64.cache-7
7f22b0033000-7f22b0038000 rw-s 00000000 00:19 1589                       /i915 (deleted)
7f22b0038000-7f22b003c000 rw-s 00000000 00:19 1578                       /i915 (deleted)
7f22b003c000-7f22b00d1000 r--s 0110b000 103:02 9439507                   /usr/lib/jvm/java-8-oracle/jre/lib/ext/jfxrt.jar
7f22b00d1000-7f22b01d2000 rw-p 00000000 00:00 0 
7f22b01d2000-7f22b03ac000 r--s 03d68000 103:02 9307075                   /usr/lib/jvm/java-8-oracle/jre/lib/rt.jar
7f22b03ac000-7f22b07e4000 rw-p 00000000 00:00 0 
7f22b07e4000-7f22b07e5000 ---p 00000000 00:00 0 
7f22b07e5000-7f22b08e5000 rw-p 00000000 00:00 0 
7f22b08e5000-7f22b08e6000 ---p 00000000 00:00 0 
7f22b08e6000-7f22b09e6000 rw-p 00000000 00:00 0 
7f22b09e6000-7f22b09e7000 ---p 00000000 00:00 0 
7f22b09e7000-7f22b0ae7000 rw-p 00000000 00:00 0 
7f22b0ae7000-7f22b0ae8000 ---p 00000000 00:00 0 
7f22b0ae8000-7f22b0be8000 rw-p 00000000 00:00 0 
7f22b0be8000-7f22b0be9000 ---p 00000000 00:00 0 
7f22b0be9000-7f22b0ce9000 rw-p 00000000 00:00 0 
7f22b0ce9000-7f22b0cea000 ---p 00000000 00:00 0 
7f22b0cea000-7f22b0dea000 rw-p 00000000 00:00 0 
7f22b0dea000-7f22b0deb000 ---p 00000000 00:00 0 
7f22b0deb000-7f22b0eeb000 rw-p 00000000 00:00 0 
7f22b0eeb000-7f22b0eec000 ---p 00000000 00:00 0 
7f22b0eec000-7f22b1015000 rw-p 00000000 00:00 0 
7f22b1015000-7f22b126e000 ---p 00000000 00:00 0 
7f22b126e000-7f22b1297000 rw-p 00000000 00:00 0 
7f22b1297000-7f22b14ef000 ---p 00000000 00:00 0 
7f22b14ef000-7f22b1504000 rw-p 00000000 00:00 0 
7f22b1504000-7f22b1630000 ---p 00000000 00:00 0 
7f22b1630000-7f22b1645000 rw-p 00000000 00:00 0 
7f22b1645000-7f22b19f1000 ---p 00000000 00:00 0 
7f22b19f1000-7f22b1a0c000 r-xp 00000000 103:02 9441128                   /usr/lib/jvm/java-8-oracle/jre/lib/amd64/libzip.so
7f22b1a0c000-7f22b1c0c000 ---p 0001b000 103:02 9441128                   /usr/lib/jvm/java-8-oracle/jre/lib/amd64/libzip.so
7f22b1c0c000-7f22b1c0d000 rw-p 0001b000 103:02 9441128                   /usr/lib/jvm/java-8-oracle/jre/lib/amd64/libzip.so
7f22b1c0d000-7f22b1c18000 r-xp 00000000 103:02 266930                    /lib/x86_64-linux-gnu/libnss_files-2.27.so
7f22b1c18000-7f22b1e17000 ---p 0000b000 103:02 266930                    /lib/x86_64-linux-gnu/libnss_files-2.27.so
7f22b1e17000-7f22b1e18000 r--p 0000a000 103:02 266930                    /lib/x86_64-linux-gnu/libnss_files-2.27.so
7f22b1e18000-7f22b1e19000 rw-p 0000b000 103:02 266930                    /lib/x86_64-linux-gnu/libnss_files-2.27.so
7f22b1e19000-7f22b1e1f000 rw-p 00000000 00:00 0 
7f22b1e1f000-7f22b1e36000 r-xp 00000000 103:02 266924                    /lib/x86_64-linux-gnu/libnsl-2.27.so
7f22b1e36000-7f22b2035000 ---p 00017000 103:02 266924                    /lib/x86_64-linux-gnu/libnsl-2.27.so
7f22b2035000-7f22b2036000 r--p 00016000 103:02 266924                    /lib/x86_64-linux-gnu/libnsl-2.27.so
7f22b2036000-7f22b2037000 rw-p 00017000 103:02 266924                    /lib/x86_64-linux-gnu/libnsl-2.27.so
7f22b2037000-7f22b2039000 rw-p 00000000 00:00 0 
7f22b2039000-7f22b2044000 r-xp 00000000 103:02 266941                    /lib/x86_64-linux-gnu/libnss_nis-2.27.so
7f22b2044000-7f22b2243000 ---p 0000b000 103:02 266941                    /lib/x86_64-linux-gnu/libnss_nis-2.27.so
7f22b2243000-7f22b2244000 r--p 0000a000 103:02 266941                    /lib/x86_64-linux-gnu/libnss_nis-2.27.so
7f22b2244000-7f22b2245000 rw-p 0000b000 103:02 266941                    /lib/x86_64-linux-gnu/libnss_nis-2.27.so
7f22b2245000-7f22b224d000 r-xp 00000000 103:02 266926                    /lib/x86_64-linux-gnu/libnss_compat-2.27.so
7f22b224d000-7f22b244d000 ---p 00008000 103:02 266926                    /lib/x86_64-linux-gnu/libnss_compat-2.27.so
7f22b244d000-7f22b244e000 r--p 00008000 103:02 266926                    /lib/x86_64-linux-gnu/libnss_compat-2.27.so
7f22b244e000-7f22b244f000 rw-p 00009000 103:02 266926                    /lib/x86_64-linux-gnu/libnss_compat-2.27.so
7f22b244f000-7f22b247a000 r-xp 00000000 103:02 9441122                   /usr/lib/jvm/java-8-oracle/jre/lib/amd64/libjava.so
7f22b247a000-7f22b2679000 ---p 0002b000 103:02 9441122                   /usr/lib/jvm/java-8-oracle/jre/lib/amd64/libjava.so
7f22b2679000-7f22b267b000 rw-p 0002a000 103:02 9441122                   /usr/lib/jvm/java-8-oracle/jre/lib/amd64/libjava.so
7f22b267b000-7f22b2688000 r-xp 00000000 103:02 9441127                   /usr/lib/jvm/java-8-oracle/jre/lib/amd64/libverify.so
7f22b2688000-7f22b2888000 ---p 0000d000 103:02 9441127                   /usr/lib/jvm/java-8-oracle/jre/lib/amd64/libverify.so
7f22b2888000-7f22b288a000 rw-p 0000d000 103:02 9441127                   /usr/lib/jvm/java-8-oracle/jre/lib/amd64/libverify.so
7f22b288a000-7f22b2891000 r-xp 00000000 103:02 266981                    /lib/x86_64-linux-gnu/librt-2.27.so
7f22b2891000-7f22b2a90000 ---p 00007000 103:02 266981                    /lib/x86_64-linux-gnu/librt-2.27.so
7f22b2a90000-7f22b2a91000 r--p 00006000 103:02 266981                    /lib/x86_64-linux-gnu/librt-2.27.so
7f22b2a91000-7f22b2a92000 rw-p 00007000 103:02 266981                    /lib/x86_64-linux-gnu/librt-2.27.so
7f22b2a92000-7f22b2c2f000 r-xp 00000000 103:02 266903                    /lib/x86_64-linux-gnu/libm-2.27.so
7f22b2c2f000-7f22b2e2e000 ---p 0019d000 103:02 266903                    /lib/x86_64-linux-gnu/libm-2.27.so
7f22b2e2e000-7f22b2e2f000 r--p 0019c000 103:02 266903                    /lib/x86_64-linux-gnu/libm-2.27.so
7f22b2e2f000-7f22b2e30000 rw-p 0019d000 103:02 266903                    /lib/x86_64-linux-gnu/libm-2.27.so
7f22b2e30000-7f22b3b09000 r-xp 00000000 103:02 9441104                   /usr/lib/jvm/java-8-oracle/jre/lib/amd64/server/libjvm.so
7f22b3b09000-7f22b3d08000 ---p 00cd9000 103:02 9441104                   /usr/lib/jvm/java-8-oracle/jre/lib/amd64/server/libjvm.so
7f22b3d08000-7f22b3de2000 rw-p 00cd8000 103:02 9441104                   /usr/lib/jvm/java-8-oracle/jre/lib/amd64/server/libjvm.so
7f22b3de2000-7f22b3e2d000 rw-p 00000000 00:00 0 
7f22b3e2d000-7f22b4014000 r-xp 00000000 103:02 266840                    /lib/x86_64-linux-gnu/libc-2.27.so
7f22b4014000-7f22b4214000 ---p 001e7000 103:02 266840                    /lib/x86_64-linux-gnu/libc-2.27.so
7f22b4214000-7f22b4218000 r--p 001e7000 103:02 266840                    /lib/x86_64-linux-gnu/libc-2.27.so
7f22b4218000-7f22b421a000 rw-p 001eb000 103:02 266840                    /lib/x86_64-linux-gnu/libc-2.27.so
7f22b421a000-7f22b421e000 rw-p 00000000 00:00 0 
7f22b421e000-7f22b4221000 r-xp 00000000 103:02 266863                    /lib/x86_64-linux-gnu/libdl-2.27.so
7f22b4221000-7f22b4420000 ---p 00003000 103:02 266863                    /lib/x86_64-linux-gnu/libdl-2.27.so
7f22b4420000-7f22b4421000 r--p 00002000 103:02 266863                    /lib/x86_64-linux-gnu/libdl-2.27.so
7f22b4421000-7f22b4422000 rw-p 00003000 103:02 266863                    /lib/x86_64-linux-gnu/libdl-2.27.so
7f22b4422000-7f22b4438000 r-xp 00000000 103:02 9441099                   /usr/lib/jvm/java-8-oracle/jre/lib/amd64/jli/libjli.so
7f22b4438000-7f22b4637000 ---p 00016000 103:02 9441099                   /usr/lib/jvm/java-8-oracle/jre/lib/amd64/jli/libjli.so
7f22b4637000-7f22b4638000 rw-p 00015000 103:02 9441099                   /usr/lib/jvm/java-8-oracle/jre/lib/amd64/jli/libjli.so
7f22b4638000-7f22b4652000 r-xp 00000000 103:02 266973                    /lib/x86_64-linux-gnu/libpthread-2.27.so
7f22b4652000-7f22b4851000 ---p 0001a000 103:02 266973                    /lib/x86_64-linux-gnu/libpthread-2.27.so
7f22b4851000-7f22b4852000 r--p 00019000 103:02 266973                    /lib/x86_64-linux-gnu/libpthread-2.27.so
7f22b4852000-7f22b4853000 rw-p 0001a000 103:02 266973                    /lib/x86_64-linux-gnu/libpthread-2.27.so
7f22b4853000-7f22b4857000 rw-p 00000000 00:00 0 
7f22b4857000-7f22b487e000 r-xp 00000000 103:02 266812                    /lib/x86_64-linux-gnu/ld-2.27.so
7f22b487e000-7f22b4880000 r--s 00000000 103:02 15335726                  /var/cache/fontconfig/6afa1bb216ce958c1589e297e8008489-le64.cache-7
7f22b4880000-7f22b4884000 rw-s 00000000 00:19 1576                       /i915 (deleted)
7f22b4884000-7f22b4889000 rw-s 00000000 00:19 1575                       /i915 (deleted)
7f22b4889000-7f22b488e000 rw-s 00000000 00:19 1573                       /i915 (deleted)
7f22b488e000-7f22b4892000 rw-s 00000000 00:19 1564                       /i915 (deleted)
7f22b4892000-7f22b4962000 rw-p 00000000 00:00 0 
7f22b4962000-7f22b4963000 ---p 00000000 00:00 0 
7f22b4963000-7f22b4966000 ---p 00000000 00:00 0 
7f22b4966000-7f22b4a65000 rw-p 00000000 00:00 0 
7f22b4a66000-7f22b4a67000 rwxp 00000000 00:00 0 
7f22b4a67000-7f22b4a6b000 rw-s 00000000 00:19 1561                       /i915 (deleted)
7f22b4a6b000-7f22b4a70000 rw-s 00000000 00:19 1560                       /i915 (deleted)
7f22b4a70000-7f22b4a72000 r--s 00015000 103:02 14027553                  /home/austin/OneDrive/Documents/Netbeans Projects/TarkovTraderGit/TarkovTraderClient/dist/run1954484179/TarkovTrader.jar
7f22b4a72000-7f22b4a7a000 rw-s 00000000 103:02 13238331                  /tmp/hsperfdata_austin/6904
7f22b4a7a000-7f22b4a7b000 rw-p 00000000 00:00 0 
7f22b4a7b000-7f22b4a7c000 r--p 00000000 00:00 0 
7f22b4a7c000-7f22b4a7e000 rw-p 00000000 00:00 0 
7f22b4a7e000-7f22b4a7f000 r--p 00027000 103:02 266812                    /lib/x86_64-linux-gnu/ld-2.27.so
7f22b4a7f000-7f22b4a80000 rw-p 00028000 103:02 266812                    /lib/x86_64-linux-gnu/ld-2.27.so
7f22b4a80000-7f22b4a81000 rw-p 00000000 00:00 0 
7ffdee77b000-7ffdee79c000 rw-p 00000000 00:00 0                          [stack]
7ffdee7b3000-7ffdee7b6000 r--p 00000000 00:00 0                          [vvar]
7ffdee7b6000-7ffdee7b8000 r-xp 00000000 00:00 0                          [vdso]
ffffffffff600000-ffffffffff601000 r-xp 00000000 00:00 0                  [vsyscall]

VM Arguments:
jvm_args: -Dfile.encoding=UTF-8 
java_command: /home/austin/OneDrive/Documents/Netbeans Projects/TarkovTraderGit/TarkovTraderClient/dist/run1954484179/TarkovTrader.jar
java_class_path (initial): /home/austin/OneDrive/Documents/Netbeans Projects/TarkovTraderGit/TarkovTraderClient/dist/run1954484179/TarkovTrader.jar
Launcher Type: SUN_STANDARD

Environment Variables:
JAVA_HOME=/usr/lib/jvm/java-8-oracle
PATH=/usr/local/sbin:/usr/local/bin:/usr/sbin:/usr/bin:/sbin:/bin:/usr/games:/usr/local/games:/snap/bin:/usr/lib/jvm/java-8-oracle/bin:/usr/lib/jvm/java-8-oracle/db/bin:/usr/lib/jvm/java-8-oracle/jre/bin
USERNAME=austin
LD_LIBRARY_PATH=/usr/lib/jvm/java-8-oracle/jre/lib/amd64:/usr/lib/jvm/java-8-oracle/jre/lib/i386:
SHELL=/bin/bash
DISPLAY=:0

Signal Handlers:
SIGSEGV: [libjvm.so+0xad0890], sa_mask[0]=11111111011111111101111111111110, sa_flags=SA_RESTART|SA_SIGINFO
SIGBUS: [libjvm.so+0xad0890], sa_mask[0]=11111111011111111101111111111110, sa_flags=SA_RESTART|SA_SIGINFO
SIGFPE: [libjvm.so+0x928640], sa_mask[0]=11111111011111111101111111111110, sa_flags=SA_RESTART|SA_SIGINFO
SIGPIPE: SIG_IGN, sa_mask[0]=00000000000010000000000000000000, sa_flags=SA_RESTART
SIGXFSZ: [libjvm.so+0x928640], sa_mask[0]=11111111011111111101111111111110, sa_flags=SA_RESTART|SA_SIGINFO
SIGILL: [libjvm.so+0x928640], sa_mask[0]=11111111011111111101111111111110, sa_flags=SA_RESTART|SA_SIGINFO
SIGUSR1: SIG_DFL, sa_mask[0]=00000000000000000000000000000000, sa_flags=none
SIGUSR2: [libjvm.so+0x929ea0], sa_mask[0]=00100000000000000000000000000000, sa_flags=SA_RESTART|SA_SIGINFO
SIGHUP: [libjvm.so+0x92b2a0], sa_mask[0]=11111111011111111101111111111110, sa_flags=SA_RESTART|SA_SIGINFO
SIGINT: SIG_IGN, sa_mask[0]=00000000000000000000000000000000, sa_flags=none
SIGTERM: [libjvm.so+0x92b2a0], sa_mask[0]=11111111011111111101111111111110, sa_flags=SA_RESTART|SA_SIGINFO
SIGQUIT: [libjvm.so+0x92b2a0], sa_mask[0]=11111111011111111101111111111110, sa_flags=SA_RESTART|SA_SIGINFO


---------------  S Y S T E M  ---------------

OS:DISTRIB_ID=Ubuntu
DISTRIB_RELEASE=18.04
DISTRIB_CODENAME=bionic
DISTRIB_DESCRIPTION="Ubuntu 18.04 LTS"

uname:Linux 4.15.0-23-generic #25-Ubuntu SMP Wed May 23 18:02:16 UTC 2018 x86_64
libc:glibc 2.27 NPTL 2.27 
rlimit: STACK 8192k, CORE 0k, NPROC 30365, NOFILE 1048576, AS infinity
load average:1.33 1.56 1.61

/proc/meminfo:
MemTotal:        7877392 kB
MemFree:         1903216 kB
MemAvailable:    4353348 kB
Buffers:          103004 kB
Cached:          1891960 kB
SwapCached:            0 kB
Active:          3316008 kB
Inactive:        2337172 kB
Active(anon):    2629752 kB
Inactive(anon):   397108 kB
Active(file):     686256 kB
Inactive(file):  1940064 kB
Unevictable:          48 kB
Mlocked:              48 kB
SwapTotal:       2097148 kB
SwapFree:        2097148 kB
Dirty:               776 kB
Writeback:             0 kB
AnonPages:       3658408 kB
Mapped:           544916 kB
Shmem:            398244 kB
Slab:             170196 kB
SReclaimable:     104516 kB
SUnreclaim:        65680 kB
KernelStack:       14544 kB
PageTables:        47532 kB
NFS_Unstable:          0 kB
Bounce:                0 kB
WritebackTmp:          0 kB
CommitLimit:     6035844 kB
Committed_AS:    9633036 kB
VmallocTotal:   34359738367 kB
VmallocUsed:           0 kB
VmallocChunk:          0 kB
HardwareCorrupted:     0 kB
AnonHugePages:         0 kB
ShmemHugePages:        0 kB
ShmemPmdMapped:        0 kB
CmaTotal:              0 kB
CmaFree:               0 kB
HugePages_Total:       0
HugePages_Free:        0
HugePages_Rsvd:        0
HugePages_Surp:        0
Hugepagesize:       2048 kB
DirectMap4k:      177008 kB
DirectMap2M:     6871040 kB
DirectMap1G:     1048576 kB


CPU:total 8 (initial active 8) (4 cores per cpu, 2 threads per core) family 6 model 142 stepping 10, cmov, cx8, fxsr, mmx, sse, sse2, sse3, ssse3, sse4.1, sse4.2, popcnt, avx, avx2, aes, clmul, erms, 3dnowpref, lzcnt, ht, tsc, tscinvbit, bmi1, bmi2, adx

/proc/cpuinfo:
processor	: 0
vendor_id	: GenuineIntel
cpu family	: 6
model		: 142
model name	: Intel(R) Core(TM) i7-8550U CPU @ 1.80GHz
stepping	: 10
microcode	: 0x84
cpu MHz		: 2824.049
cache size	: 8192 KB
physical id	: 0
siblings	: 8
core id		: 0
cpu cores	: 4
apicid		: 0
initial apicid	: 0
fpu		: yes
fpu_exception	: yes
cpuid level	: 22
wp		: yes
flags		: fpu vme de pse tsc msr pae mce cx8 apic sep mtrr pge mca cmov pat pse36 clflush dts acpi mmx fxsr sse sse2 ss ht tm pbe syscall nx pdpe1gb rdtscp lm constant_tsc art arch_perfmon pebs bts rep_good nopl xtopology nonstop_tsc cpuid aperfmperf tsc_known_freq pni pclmulqdq dtes64 monitor ds_cpl vmx est tm2 ssse3 sdbg fma cx16 xtpr pdcm pcid sse4_1 sse4_2 x2apic movbe popcnt tsc_deadline_timer aes xsave avx f16c rdrand lahf_lm abm 3dnowprefetch cpuid_fault epb invpcid_single pti ibrs ibpb stibp tpr_shadow vnmi flexpriority ept vpid fsgsbase tsc_adjust bmi1 avx2 smep bmi2 erms invpcid mpx rdseed adx smap clflushopt intel_pt xsaveopt xsavec xgetbv1 xsaves dtherm ida arat pln pts hwp hwp_notify hwp_act_window hwp_epp
bugs		: cpu_meltdown spectre_v1 spectre_v2 spec_store_bypass
bogomips	: 3984.00
clflush size	: 64
cache_alignment	: 64
address sizes	: 39 bits physical, 48 bits virtual
power management:

processor	: 1
vendor_id	: GenuineIntel
cpu family	: 6
model		: 142
model name	: Intel(R) Core(TM) i7-8550U CPU @ 1.80GHz
stepping	: 10
microcode	: 0x84
cpu MHz		: 2354.445
cache size	: 8192 KB
physical id	: 0
siblings	: 8
core id		: 1
cpu cores	: 4
apicid		: 2
initial apicid	: 2
fpu		: yes
fpu_exception	: yes
cpuid level	: 22
wp		: yes
flags		: fpu vme de pse tsc msr pae mce cx8 apic sep mtrr pge mca cmov pat pse36 clflush dts acpi mmx fxsr sse sse2 ss ht tm pbe syscall nx pdpe1gb rdtscp lm constant_tsc art arch_perfmon pebs bts rep_good nopl xtopology nonstop_tsc cpuid aperfmperf tsc_known_freq pni pclmulqdq dtes64 monitor ds_cpl vmx est tm2 ssse3 sdbg fma cx16 xtpr pdcm pcid sse4_1 sse4_2 x2apic movbe popcnt tsc_deadline_timer aes xsave avx f16c rdrand lahf_lm abm 3dnowprefetch cpuid_fault epb invpcid_single pti ibrs ibpb stibp tpr_shadow vnmi flexpriority ept vpid fsgsbase tsc_adjust bmi1 avx2 smep bmi2 erms invpcid mpx rdseed adx smap clflushopt intel_pt xsaveopt xsavec xgetbv1 xsaves dtherm ida arat pln pts hwp hwp_notify hwp_act_window hwp_epp
bugs		: cpu_meltdown spectre_v1 spectre_v2 spec_store_bypass
bogomips	: 3984.00
clflush size	: 64
cache_alignment	: 64
address sizes	: 39 bits physical, 48 bits virtual
power management:

processor	: 2
vendor_id	: GenuineIntel
cpu family	: 6
model		: 142
model name	: Intel(R) Core(TM) i7-8550U CPU @ 1.80GHz
stepping	: 10
microcode	: 0x84
cpu MHz		: 2770.114
cache size	: 8192 KB
physical id	: 0
siblings	: 8
core id		: 2
cpu cores	: 4
apicid		: 4
initial apicid	: 4
fpu		: yes
fpu_exception	: yes
cpuid level	: 22
wp		: yes
flags		: fpu vme de pse tsc msr pae mce cx8 apic sep mtrr pge mca cmov pat pse36 clflush dts acpi mmx fxsr sse sse2 ss ht tm pbe syscall nx pdpe1gb rdtscp lm constant_tsc art arch_perfmon pebs bts rep_good nopl xtopology nonstop_tsc cpuid aperfmperf tsc_known_freq pni pclmulqdq dtes64 monitor ds_cpl vmx est tm2 ssse3 sdbg fma cx16 xtpr pdcm pcid sse4_1 sse4_2 x2apic movbe popcnt tsc_deadline_timer aes xsave avx f16c rdrand lahf_lm abm 3dnowprefetch cpuid_fault epb invpcid_single pti ibrs ibpb stibp tpr_shadow vnmi flexpriority ept vpid fsgsbase tsc_adjust bmi1 avx2 smep bmi2 erms invpcid mpx rdseed adx smap clflushopt intel_pt xsaveopt xsavec xgetbv1 xsaves dtherm ida arat pln pts hwp hwp_notify hwp_act_window hwp_epp
bugs		: cpu_meltdown spectre_v1 spectre_v2 spec_store_bypass
bogomips	: 3984.00
clflush size	: 64
cache_alignment	: 64
address sizes	: 39 bits physical, 48 bits virtual
power management:

processor	: 3
vendor_id	: GenuineIntel
cpu family	: 6
model		: 142
model name	: Intel(R) Core(TM) i7-8550U CPU @ 1.80GHz
stepping	: 10
microcode	: 0x84
cpu MHz		: 2740.496
cache size	: 8192 KB
physical id	: 0
siblings	: 8
core id		: 3
cpu cores	: 4
apicid		: 6
initial apicid	: 6
fpu		: yes
fpu_exception	: yes
cpuid level	: 22
wp		: yes
flags		: fpu vme de pse tsc msr pae mce cx8 apic sep mtrr pge mca cmov pat pse36 clflush dts acpi mmx fxsr sse sse2 ss ht tm pbe syscall nx pdpe1gb rdtscp lm constant_tsc art arch_perfmon pebs bts rep_good nopl xtopology nonstop_tsc cpuid aperfmperf tsc_known_freq pni pclmulqdq dtes64 monitor ds_cpl vmx est tm2 ssse3 sdbg fma cx16 xtpr pdcm pcid sse4_1 sse4_2 x2apic movbe popcnt tsc_deadline_timer aes xsave avx f16c rdrand lahf_lm abm 3dnowprefetch cpuid_fault epb invpcid_single pti ibrs ibpb stibp tpr_shadow vnmi flexpriority ept vpid fsgsbase tsc_adjust bmi1 avx2 smep bmi2 erms invpcid mpx rdseed adx smap clflushopt intel_pt xsaveopt xsavec xgetbv1 xsaves dtherm ida arat pln pts hwp hwp_notify hwp_act_window hwp_epp
bugs		: cpu_meltdown spectre_v1 spectre_v2 spec_store_bypass
bogomips	: 3984.00
clflush size	: 64
cache_alignment	: 64
address sizes	: 39 bits physical, 48 bits virtual
power management:

processor	: 4
vendor_id	: GenuineIntel
cpu family	: 6
model		: 142
model name	: Intel(R) Core(TM) i7-8550U CPU @ 1.80GHz
stepping	: 10
microcode	: 0x84
cpu MHz		: 2650.866
cache size	: 8192 KB
physical id	: 0
siblings	: 8
core id		: 0
cpu cores	: 4
apicid		: 1
initial apicid	: 1
fpu		: yes
fpu_exception	: yes
cpuid level	: 22
wp		: yes
flags		: fpu vme de pse tsc msr pae mce cx8 apic sep mtrr pge mca cmov pat pse36 clflush dts acpi mmx fxsr sse sse2 ss ht tm pbe syscall nx pdpe1gb rdtscp lm constant_tsc art arch_perfmon pebs bts rep_good nopl xtopology nonstop_tsc cpuid aperfmperf tsc_known_freq pni pclmulqdq dtes64 monitor ds_cpl vmx est tm2 ssse3 sdbg fma cx16 xtpr pdcm pcid sse4_1 sse4_2 x2apic movbe popcnt tsc_deadline_timer aes xsave avx f16c rdrand lahf_lm abm 3dnowprefetch cpuid_fault epb invpcid_single pti ibrs ibpb stibp tpr_shadow vnmi flexpriority ept vpid fsgsbase tsc_adjust bmi1 avx2 smep bmi2 erms invpcid mpx rdseed adx smap clflushopt intel_pt xsaveopt xsavec xgetbv1 xsaves dtherm ida arat pln pts hwp hwp_notify hwp_act_window hwp_epp
bugs		: cpu_meltdown spectre_v1 spectre_v2 spec_store_bypass
bogomips	: 3984.00
clflush size	: 64
cache_alignment	: 64
address sizes	: 39 bits physical, 48 bits virtual
power management:

processor	: 5
vendor_id	: GenuineIntel
cpu family	: 6
model		: 142
model name	: Intel(R) Core(TM) i7-8550U CPU @ 1.80GHz
stepping	: 10
microcode	: 0x84
cpu MHz		: 2724.448
cache size	: 8192 KB
physical id	: 0
siblings	: 8
core id		: 1
cpu cores	: 4
apicid		: 3
initial apicid	: 3
fpu		: yes
fpu_exception	: yes
cpuid level	: 22
wp		: yes
flags		: fpu vme de pse tsc msr pae mce cx8 apic sep mtrr pge mca cmov pat pse36 clflush dts acpi mmx fxsr sse sse2 ss ht tm pbe syscall nx pdpe1gb rdtscp lm constant_tsc art arch_perfmon pebs bts rep_good nopl xtopology nonstop_tsc cpuid aperfmperf tsc_known_freq pni pclmulqdq dtes64 monitor ds_cpl vmx est tm2 ssse3 sdbg fma cx16 xtpr pdcm pcid sse4_1 sse4_2 x2apic movbe popcnt tsc_deadline_timer aes xsave avx f16c rdrand lahf_lm abm 3dnowprefetch cpuid_fault epb invpcid_single pti ibrs ibpb stibp tpr_shadow vnmi flexpriority ept vpid fsgsbase tsc_adjust bmi1 avx2 smep bmi2 erms invpcid mpx rdseed adx smap clflushopt intel_pt xsaveopt xsavec xgetbv1 xsaves dtherm ida arat pln pts hwp hwp_notify hwp_act_window hwp_epp
bugs		: cpu_meltdown spectre_v1 spectre_v2 spec_store_bypass
bogomips	: 3984.00
clflush size	: 64
cache_alignment	: 64
address sizes	: 39 bits physical, 48 bits virtual
power management:

processor	: 6
vendor_id	: GenuineIntel
cpu family	: 6
model		: 142
model name	: Intel(R) Core(TM) i7-8550U CPU @ 1.80GHz
stepping	: 10
microcode	: 0x84
cpu MHz		: 2315.805
cache size	: 8192 KB
physical id	: 0
siblings	: 8
core id		: 2
cpu cores	: 4
apicid		: 5
initial apicid	: 5
fpu		: yes
fpu_exception	: yes
cpuid level	: 22
wp		: yes
flags		: fpu vme de pse tsc msr pae mce cx8 apic sep mtrr pge mca cmov pat pse36 clflush dts acpi mmx fxsr sse sse2 ss ht tm pbe syscall nx pdpe1gb rdtscp lm constant_tsc art arch_perfmon pebs bts rep_good nopl xtopology nonstop_tsc cpuid aperfmperf tsc_known_freq pni pclmulqdq dtes64 monitor ds_cpl vmx est tm2 ssse3 sdbg fma cx16 xtpr pdcm pcid sse4_1 sse4_2 x2apic movbe popcnt tsc_deadline_timer aes xsave avx f16c rdrand lahf_lm abm 3dnowprefetch cpuid_fault epb invpcid_single pti ibrs ibpb stibp tpr_shadow vnmi flexpriority ept vpid fsgsbase tsc_adjust bmi1 avx2 smep bmi2 erms invpcid mpx rdseed adx smap clflushopt intel_pt xsaveopt xsavec xgetbv1 xsaves dtherm ida arat pln pts hwp hwp_notify hwp_act_window hwp_epp
bugs		: cpu_meltdown spectre_v1 spectre_v2 spec_store_bypass
bogomips	: 3984.00
clflush size	: 64
cache_alignment	: 64
address sizes	: 39 bits physical, 48 bits virtual
power management:

processor	: 7
vendor_id	: GenuineIntel
cpu family	: 6
model		: 142
model name	: Intel(R) Core(TM) i7-8550U CPU @ 1.80GHz
stepping	: 10
microcode	: 0x84
cpu MHz		: 2414.421
cache size	: 8192 KB
physical id	: 0
siblings	: 8
core id		: 3
cpu cores	: 4
apicid		: 7
initial apicid	: 7
fpu		: yes
fpu_exception	: yes
cpuid level	: 22
wp		: yes
flags		: fpu vme de pse tsc msr pae mce cx8 apic sep mtrr pge mca cmov pat pse36 clflush dts acpi mmx fxsr sse sse2 ss ht tm pbe syscall nx pdpe1gb rdtscp lm constant_tsc art arch_perfmon pebs bts rep_good nopl xtopology nonstop_tsc cpuid aperfmperf tsc_known_freq pni pclmulqdq dtes64 monitor ds_cpl vmx est tm2 ssse3 sdbg fma cx16 xtpr pdcm pcid sse4_1 sse4_2 x2apic movbe popcnt tsc_deadline_timer aes xsave avx f16c rdrand lahf_lm abm 3dnowprefetch cpuid_fault epb invpcid_single pti ibrs ibpb stibp tpr_shadow vnmi flexpriority ept vpid fsgsbase tsc_adjust bmi1 avx2 smep bmi2 erms invpcid mpx rdseed adx smap clflushopt intel_pt xsaveopt xsavec xgetbv1 xsaves dtherm ida arat pln pts hwp hwp_notify hwp_act_window hwp_epp
bugs		: cpu_meltdown spectre_v1 spectre_v2 spec_store_bypass
bogomips	: 3984.00
clflush size	: 64
cache_alignment	: 64
address sizes	: 39 bits physical, 48 bits virtual
power management:



Memory: 4k page, physical 7877392k(1899588k free), swap 2097148k(2097148k free)

vm_info: Java HotSpot(TM) 64-Bit Server VM (25.171-b11) for linux-amd64 JRE (1.8.0_171-b11), built on Mar 28 2018 17:07:08 by "java_re" with gcc 4.3.0 20080428 (Red Hat 4.3.0-8)

time: Sun Jul 15 14:17:54 2018
elapsed time: 5 seconds (0d 0h 0m 5s)

